2023-07-03 16:49:01,473: [11] m.main:INFO: Registered plugins: IntrospectionAPIPlugin, <class 'manticore.ethereum.plugins.SkipRevertBasicBlocks'>, <class 'manticore.ethereum.plugins.FilterFunctions'>
2023-07-03 16:49:01,474: [11] m.main:INFO: Beginning analysis
2023-07-03 16:49:01,476: [11] m.e.manticore:INFO: Starting symbolic create contract
2023-07-03 16:49:02,316: [11] m.e.manticore:INFO: Starting symbolic transaction: 0
2023-07-03 16:49:02,424: [11] m.e.manticore:INFO: 0 alive states, 2 terminated states
2023-07-03 16:49:02,567: [11] m.c.manticore:INFO: Results in /mcore_7u7vi2df
2023-07-03 16:49:02,567: [11] m.c.manticore:INFO: Total time: 0.24486422538757324
2023-07-03 16:49:03,289: [76] m.main:INFO: Registered plugins: IntrospectionAPIPlugin, <class 'manticore.ethereum.plugins.SkipRevertBasicBlocks'>, <class 'manticore.ethereum.plugins.FilterFunctions'>
2023-07-03 16:49:03,289: [76] m.main:INFO: Beginning analysis
2023-07-03 16:49:03,292: [76] m.e.manticore:INFO: Starting symbolic create contract
2023-07-03 16:49:04,187: [76] m.e.manticore:INFO: Starting symbolic transaction: 0
2023-07-03 16:49:04,272: [76] m.e.manticore:INFO: 0 alive states, 2 terminated states
2023-07-03 16:49:04,425: [76] m.c.manticore:INFO: Results in /mcore_2oqwnrb5
2023-07-03 16:49:04,425: [76] m.c.manticore:INFO: Total time: 0.23138117790222168
2023-07-03 16:49:05,048: [138] m.main:INFO: Registered plugins: IntrospectionAPIPlugin, <class 'manticore.ethereum.plugins.SkipRevertBasicBlocks'>, <class 'manticore.ethereum.plugins.FilterFunctions'>
2023-07-03 16:49:05,049: [138] m.main:INFO: Beginning analysis
2023-07-03 16:49:05,051: [138] m.e.manticore:INFO: Starting symbolic create contract
2023-07-03 16:49:05,956: [138] m.e.manticore:INFO: Starting symbolic transaction: 0
2023-07-03 16:49:06,080: [138] m.e.manticore:INFO: 0 alive states, 2 terminated states
2023-07-03 16:49:06,224: [138] m.c.manticore:INFO: Results in /mcore_ru10hig6
2023-07-03 16:49:06,225: [138] m.c.manticore:INFO: Total time: 0.2608778476715088
2023-07-03 16:49:06,907: [203] m.main:INFO: Registered plugins: IntrospectionAPIPlugin, <class 'manticore.ethereum.plugins.SkipRevertBasicBlocks'>, <class 'manticore.ethereum.plugins.FilterFunctions'>
2023-07-03 16:49:06,907: [203] m.main:INFO: Beginning analysis
2023-07-03 16:49:06,909: [203] m.e.manticore:INFO: Starting symbolic create contract
2023-07-03 16:49:07,802: [203] m.e.manticore:INFO: Starting symbolic transaction: 0
2023-07-03 16:49:07,935: [203] m.e.manticore:INFO: 0 alive states, 2 terminated states
2023-07-03 16:49:08,109: [203] m.c.manticore:INFO: Results in /mcore_zl8khl7_
2023-07-03 16:49:08,109: [203] m.c.manticore:INFO: Total time: 0.29971814155578613
2023-07-03 16:49:08,799: [268] m.main:INFO: Registered plugins: IntrospectionAPIPlugin, <class 'manticore.ethereum.plugins.SkipRevertBasicBlocks'>, <class 'manticore.ethereum.plugins.FilterFunctions'>
2023-07-03 16:49:08,799: [268] m.main:INFO: Beginning analysis
2023-07-03 16:49:08,802: [268] m.e.manticore:INFO: Starting symbolic create contract
2023-07-03 16:49:09,808: [268] m.e.manticore:INFO: Starting symbolic transaction: 0
2023-07-03 16:49:10,532: [268] m.c.worker:ERROR: Exception in state 0: ManticoreError('Forking on unfeasible constraint set')
Traceback (most recent call last):
  File "/usr/local/lib/python3.7/dist-packages/manticore/core/worker.py", line 137, in run
    current_state.execute()
  File "/usr/local/lib/python3.7/dist-packages/manticore/ethereum/state.py", line 8, in execute
    return self._platform.execute()
  File "/usr/local/lib/python3.7/dist-packages/manticore/platforms/evm.py", line 3106, in execute
    self.current_vm.execute()
  File "/usr/local/lib/python3.7/dist-packages/manticore/platforms/evm.py", line 1322, in execute
    raise Concretize("Symbolic PC", expression=expression, setstate=setstate, policy="ALL")
manticore.core.state.Concretize

During handling of the above exception, another exception occurred:

Traceback (most recent call last):
  File "/usr/local/lib/python3.7/dist-packages/manticore/core/worker.py", line 158, in run
    m._fork(current_state, exc.expression, exc.policy, exc.setstate, exc.values)
  File "/usr/local/lib/python3.7/dist-packages/manticore/core/manticore.py", line 518, in _fork
    raise ManticoreError("Forking on unfeasible constraint set")
manticore.exceptions.ManticoreError: Forking on unfeasible constraint set
 
2023-07-03 16:49:10,540: [268] m.e.manticore:INFO: 0 alive states, 1 terminated states
2023-07-03 16:49:10,663: [268] m.c.manticore:INFO: Results in /mcore_86d3nawi
2023-07-03 16:49:10,664: [268] m.c.manticore:INFO: Total time: 0.8484728336334229
2023-07-03 16:49:11,419: [330] m.main:INFO: Registered plugins: IntrospectionAPIPlugin, <class 'manticore.ethereum.plugins.SkipRevertBasicBlocks'>, <class 'manticore.ethereum.plugins.FilterFunctions'>
2023-07-03 16:49:11,420: [330] m.main:INFO: Beginning analysis
2023-07-03 16:49:11,423: [330] m.e.manticore:INFO: Starting symbolic create contract
