2023-07-03 16:42:03,616: [11] m.main:INFO: Registered plugins: IntrospectionAPIPlugin, <class 'manticore.ethereum.plugins.SkipRevertBasicBlocks'>, <class 'manticore.ethereum.plugins.FilterFunctions'>
2023-07-03 16:42:03,617: [11] m.main:INFO: Beginning analysis
2023-07-03 16:42:03,619: [11] m.e.manticore:INFO: Starting symbolic create contract
2023-07-03 16:42:03,654: [11] m.e.manticore:INFO: Failed to build contract /sb/UniswapV3Pool_8.sol:558:1: Errors : Invalid solc compilation sb/UniswapV3Pool_8.sol:558:1: Error: Expected pragma, import directive or contract/interface/library definition.
abstract contract NoDelegateCall {
^------^

. Solidity failed to generate bytecode for your contract. Check if all the abstract functions are implemented. 
Process Process-1:
Traceback (most recent call last):
  File "/usr/lib/python3.7/multiprocessing/process.py", line 297, in _bootstrap
    self.run()
  File "/usr/lib/python3.7/multiprocessing/process.py", line 99, in run
    self._target(*self._args, **self._kwargs)
  File "/usr/local/lib/python3.7/dist-packages/manticore/ethereum/manticore.py", line 1766, in worker_finalize
    finalizer(q.get_nowait())
  File "/usr/local/lib/python3.7/dist-packages/manticore/ethereum/manticore.py", line 1757, in finalizer
    if only_alive_states and last_tx.result in {"REVERT", "THROW", "TXERROR"}:
AttributeError: 'NoneType' object has no attribute 'result'
2023-07-03 16:42:03,732: [11] m.c.manticore:INFO: Results in /mcore_8_wb2mxy
2023-07-03 16:42:03,732: [11] m.c.manticore:WARNING: Manticore failed to run
2023-07-03 16:42:04,615: [36] m.main:INFO: Registered plugins: IntrospectionAPIPlugin, <class 'manticore.ethereum.plugins.SkipRevertBasicBlocks'>, <class 'manticore.ethereum.plugins.FilterFunctions'>
2023-07-03 16:42:04,616: [36] m.main:INFO: Beginning analysis
2023-07-03 16:42:04,618: [36] m.e.manticore:INFO: Starting symbolic create contract
2023-07-03 16:42:04,662: [36] m.e.manticore:INFO: Failed to build contract ParserError: Errors : Invalid solc compilation sb/UniswapV3Pool_8.sol:558:1: Error: Expected pragma, import directive or contract/interface/library definition.
abstract contract NoDelegateCall {
^------^

. Solidity failed to generate bytecode for your contract. Check if all the abstract functions are implemented. 
Process Process-1:
Traceback (most recent call last):
  File "/usr/lib/python3.7/multiprocessing/process.py", line 297, in _bootstrap
    self.run()
  File "/usr/lib/python3.7/multiprocessing/process.py", line 99, in run
    self._target(*self._args, **self._kwargs)
  File "/usr/local/lib/python3.7/dist-packages/manticore/ethereum/manticore.py", line 1766, in worker_finalize
    finalizer(q.get_nowait())
  File "/usr/local/lib/python3.7/dist-packages/manticore/ethereum/manticore.py", line 1757, in finalizer
    if only_alive_states and last_tx.result in {"REVERT", "THROW", "TXERROR"}:
AttributeError: 'NoneType' object has no attribute 'result'
2023-07-03 16:42:04,741: [36] m.c.manticore:INFO: Results in /mcore_j_y2uh4j
2023-07-03 16:42:04,741: [36] m.c.manticore:WARNING: Manticore failed to run
2023-07-03 16:42:05,595: [61] m.main:INFO: Registered plugins: IntrospectionAPIPlugin, <class 'manticore.ethereum.plugins.SkipRevertBasicBlocks'>, <class 'manticore.ethereum.plugins.FilterFunctions'>
2023-07-03 16:42:05,595: [61] m.main:INFO: Beginning analysis
2023-07-03 16:42:05,597: [61] m.e.manticore:INFO: Starting symbolic create contract
2023-07-03 16:42:05,629: [61] m.e.manticore:INFO: Failed to build contract Expected Errors : Invalid solc compilation sb/UniswapV3Pool_8.sol:558:1: Error: Expected pragma, import directive or contract/interface/library definition.
abstract contract NoDelegateCall {
^------^

. Solidity failed to generate bytecode for your contract. Check if all the abstract functions are implemented. 
Process Process-1:
Traceback (most recent call last):
  File "/usr/lib/python3.7/multiprocessing/process.py", line 297, in _bootstrap
    self.run()
  File "/usr/lib/python3.7/multiprocessing/process.py", line 99, in run
    self._target(*self._args, **self._kwargs)
  File "/usr/local/lib/python3.7/dist-packages/manticore/ethereum/manticore.py", line 1766, in worker_finalize
    finalizer(q.get_nowait())
  File "/usr/local/lib/python3.7/dist-packages/manticore/ethereum/manticore.py", line 1757, in finalizer
    if only_alive_states and last_tx.result in {"REVERT", "THROW", "TXERROR"}:
AttributeError: 'NoneType' object has no attribute 'result'
2023-07-03 16:42:05,698: [61] m.c.manticore:INFO: Results in /mcore_kdsv9dm4
2023-07-03 16:42:05,698: [61] m.c.manticore:WARNING: Manticore failed to run
2023-07-03 16:42:06,430: [86] m.main:INFO: Registered plugins: IntrospectionAPIPlugin, <class 'manticore.ethereum.plugins.SkipRevertBasicBlocks'>, <class 'manticore.ethereum.plugins.FilterFunctions'>
2023-07-03 16:42:06,430: [86] m.main:INFO: Beginning analysis
2023-07-03 16:42:06,433: [86] m.e.manticore:INFO: Starting symbolic create contract
2023-07-03 16:42:06,470: [86] m.e.manticore:INFO: Failed to build contract pragma, Errors : Invalid solc compilation sb/UniswapV3Pool_8.sol:558:1: Error: Expected pragma, import directive or contract/interface/library definition.
abstract contract NoDelegateCall {
^------^

. Solidity failed to generate bytecode for your contract. Check if all the abstract functions are implemented. 
Process Process-1:
Traceback (most recent call last):
  File "/usr/lib/python3.7/multiprocessing/process.py", line 297, in _bootstrap
    self.run()
  File "/usr/lib/python3.7/multiprocessing/process.py", line 99, in run
    self._target(*self._args, **self._kwargs)
  File "/usr/local/lib/python3.7/dist-packages/manticore/ethereum/manticore.py", line 1766, in worker_finalize
    finalizer(q.get_nowait())
  File "/usr/local/lib/python3.7/dist-packages/manticore/ethereum/manticore.py", line 1757, in finalizer
    if only_alive_states and last_tx.result in {"REVERT", "THROW", "TXERROR"}:
AttributeError: 'NoneType' object has no attribute 'result'
2023-07-03 16:42:06,554: [86] m.c.manticore:INFO: Results in /mcore_ykcjgsi7
2023-07-03 16:42:06,554: [86] m.c.manticore:WARNING: Manticore failed to run
2023-07-03 16:42:07,331: [111] m.main:INFO: Registered plugins: IntrospectionAPIPlugin, <class 'manticore.ethereum.plugins.SkipRevertBasicBlocks'>, <class 'manticore.ethereum.plugins.FilterFunctions'>
2023-07-03 16:42:07,331: [111] m.main:INFO: Beginning analysis
2023-07-03 16:42:07,335: [111] m.e.manticore:INFO: Starting symbolic create contract
2023-07-03 16:42:07,379: [111] m.e.manticore:INFO: Failed to build contract import Errors : Invalid solc compilation sb/UniswapV3Pool_8.sol:558:1: Error: Expected pragma, import directive or contract/interface/library definition.
abstract contract NoDelegateCall {
^------^

. Solidity failed to generate bytecode for your contract. Check if all the abstract functions are implemented. 
Process Process-1:
Traceback (most recent call last):
  File "/usr/lib/python3.7/multiprocessing/process.py", line 297, in _bootstrap
    self.run()
  File "/usr/lib/python3.7/multiprocessing/process.py", line 99, in run
    self._target(*self._args, **self._kwargs)
  File "/usr/local/lib/python3.7/dist-packages/manticore/ethereum/manticore.py", line 1766, in worker_finalize
    finalizer(q.get_nowait())
  File "/usr/local/lib/python3.7/dist-packages/manticore/ethereum/manticore.py", line 1757, in finalizer
    if only_alive_states and last_tx.result in {"REVERT", "THROW", "TXERROR"}:
AttributeError: 'NoneType' object has no attribute 'result'
2023-07-03 16:42:07,453: [111] m.c.manticore:INFO: Results in /mcore_ja4nocof
2023-07-03 16:42:07,453: [111] m.c.manticore:WARNING: Manticore failed to run
2023-07-03 16:42:08,053: [136] m.main:INFO: Registered plugins: IntrospectionAPIPlugin, <class 'manticore.ethereum.plugins.SkipRevertBasicBlocks'>, <class 'manticore.ethereum.plugins.FilterFunctions'>
2023-07-03 16:42:08,053: [136] m.main:INFO: Beginning analysis
2023-07-03 16:42:08,055: [136] m.e.manticore:INFO: Starting symbolic create contract
2023-07-03 16:42:08,093: [136] m.e.manticore:INFO: Failed to build contract directive Errors : Invalid solc compilation sb/UniswapV3Pool_8.sol:558:1: Error: Expected pragma, import directive or contract/interface/library definition.
abstract contract NoDelegateCall {
^------^

. Solidity failed to generate bytecode for your contract. Check if all the abstract functions are implemented. 
Process Process-1:
Traceback (most recent call last):
  File "/usr/lib/python3.7/multiprocessing/process.py", line 297, in _bootstrap
    self.run()
  File "/usr/lib/python3.7/multiprocessing/process.py", line 99, in run
    self._target(*self._args, **self._kwargs)
  File "/usr/local/lib/python3.7/dist-packages/manticore/ethereum/manticore.py", line 1766, in worker_finalize
    finalizer(q.get_nowait())
  File "/usr/local/lib/python3.7/dist-packages/manticore/ethereum/manticore.py", line 1757, in finalizer
    if only_alive_states and last_tx.result in {"REVERT", "THROW", "TXERROR"}:
AttributeError: 'NoneType' object has no attribute 'result'
2023-07-03 16:42:08,164: [136] m.c.manticore:INFO: Results in /mcore_jeghdhi0
2023-07-03 16:42:08,164: [136] m.c.manticore:WARNING: Manticore failed to run
2023-07-03 16:42:08,860: [161] m.main:INFO: Registered plugins: IntrospectionAPIPlugin, <class 'manticore.ethereum.plugins.SkipRevertBasicBlocks'>, <class 'manticore.ethereum.plugins.FilterFunctions'>
2023-07-03 16:42:08,861: [161] m.main:INFO: Beginning analysis
2023-07-03 16:42:08,863: [161] m.e.manticore:INFO: Starting symbolic create contract
2023-07-03 16:42:08,904: [161] m.e.manticore:INFO: Failed to build contract or Errors : Invalid solc compilation sb/UniswapV3Pool_8.sol:558:1: Error: Expected pragma, import directive or contract/interface/library definition.
abstract contract NoDelegateCall {
^------^

. Solidity failed to generate bytecode for your contract. Check if all the abstract functions are implemented. 
Process Process-1:
Traceback (most recent call last):
  File "/usr/lib/python3.7/multiprocessing/process.py", line 297, in _bootstrap
    self.run()
  File "/usr/lib/python3.7/multiprocessing/process.py", line 99, in run
    self._target(*self._args, **self._kwargs)
  File "/usr/local/lib/python3.7/dist-packages/manticore/ethereum/manticore.py", line 1766, in worker_finalize
    finalizer(q.get_nowait())
  File "/usr/local/lib/python3.7/dist-packages/manticore/ethereum/manticore.py", line 1757, in finalizer
    if only_alive_states and last_tx.result in {"REVERT", "THROW", "TXERROR"}:
AttributeError: 'NoneType' object has no attribute 'result'
2023-07-03 16:42:08,988: [161] m.c.manticore:INFO: Results in /mcore_3tony6qw
2023-07-03 16:42:08,988: [161] m.c.manticore:WARNING: Manticore failed to run
2023-07-03 16:42:09,745: [186] m.main:INFO: Registered plugins: IntrospectionAPIPlugin, <class 'manticore.ethereum.plugins.SkipRevertBasicBlocks'>, <class 'manticore.ethereum.plugins.FilterFunctions'>
2023-07-03 16:42:09,746: [186] m.main:INFO: Beginning analysis
2023-07-03 16:42:09,749: [186] m.e.manticore:INFO: Starting symbolic create contract
2023-07-03 16:42:09,784: [186] m.e.manticore:INFO: Failed to build contract contract/interface/library Errors : Invalid solc compilation sb/UniswapV3Pool_8.sol:558:1: Error: Expected pragma, import directive or contract/interface/library definition.
abstract contract NoDelegateCall {
^------^

. Solidity failed to generate bytecode for your contract. Check if all the abstract functions are implemented. 
Process Process-1:
Traceback (most recent call last):
  File "/usr/lib/python3.7/multiprocessing/process.py", line 297, in _bootstrap
    self.run()
  File "/usr/lib/python3.7/multiprocessing/process.py", line 99, in run
    self._target(*self._args, **self._kwargs)
  File "/usr/local/lib/python3.7/dist-packages/manticore/ethereum/manticore.py", line 1766, in worker_finalize
    finalizer(q.get_nowait())
  File "/usr/local/lib/python3.7/dist-packages/manticore/ethereum/manticore.py", line 1757, in finalizer
    if only_alive_states and last_tx.result in {"REVERT", "THROW", "TXERROR"}:
AttributeError: 'NoneType' object has no attribute 'result'
2023-07-03 16:42:09,870: [186] m.c.manticore:INFO: Results in /mcore_9t7tj485
2023-07-03 16:42:09,870: [186] m.c.manticore:WARNING: Manticore failed to run
2023-07-03 16:42:10,504: [211] m.main:INFO: Registered plugins: IntrospectionAPIPlugin, <class 'manticore.ethereum.plugins.SkipRevertBasicBlocks'>, <class 'manticore.ethereum.plugins.FilterFunctions'>
2023-07-03 16:42:10,504: [211] m.main:INFO: Beginning analysis
2023-07-03 16:42:10,507: [211] m.e.manticore:INFO: Starting symbolic create contract
2023-07-03 16:42:10,542: [211] m.e.manticore:INFO: Failed to build contract definition. Errors : Invalid solc compilation sb/UniswapV3Pool_8.sol:558:1: Error: Expected pragma, import directive or contract/interface/library definition.
abstract contract NoDelegateCall {
^------^

. Solidity failed to generate bytecode for your contract. Check if all the abstract functions are implemented. 
Process Process-1:
Traceback (most recent call last):
  File "/usr/lib/python3.7/multiprocessing/process.py", line 297, in _bootstrap
    self.run()
  File "/usr/lib/python3.7/multiprocessing/process.py", line 99, in run
    self._target(*self._args, **self._kwargs)
  File "/usr/local/lib/python3.7/dist-packages/manticore/ethereum/manticore.py", line 1766, in worker_finalize
    finalizer(q.get_nowait())
  File "/usr/local/lib/python3.7/dist-packages/manticore/ethereum/manticore.py", line 1757, in finalizer
    if only_alive_states and last_tx.result in {"REVERT", "THROW", "TXERROR"}:
AttributeError: 'NoneType' object has no attribute 'result'
2023-07-03 16:42:10,630: [211] m.c.manticore:INFO: Results in /mcore_38m5fhos
2023-07-03 16:42:10,630: [211] m.c.manticore:WARNING: Manticore failed to run
2023-07-03 16:42:11,252: [236] m.main:INFO: Registered plugins: IntrospectionAPIPlugin, <class 'manticore.ethereum.plugins.SkipRevertBasicBlocks'>, <class 'manticore.ethereum.plugins.FilterFunctions'>
2023-07-03 16:42:11,252: [236] m.main:INFO: Beginning analysis
2023-07-03 16:42:11,255: [236] m.e.manticore:INFO: Starting symbolic create contract
2023-07-03 16:42:11,293: [236] m.e.manticore:INFO: Failed to build contract abstract Errors : Invalid solc compilation sb/UniswapV3Pool_8.sol:558:1: Error: Expected pragma, import directive or contract/interface/library definition.
abstract contract NoDelegateCall {
^------^

. Solidity failed to generate bytecode for your contract. Check if all the abstract functions are implemented. 
Process Process-1:
Traceback (most recent call last):
  File "/usr/lib/python3.7/multiprocessing/process.py", line 297, in _bootstrap
    self.run()
  File "/usr/lib/python3.7/multiprocessing/process.py", line 99, in run
    self._target(*self._args, **self._kwargs)
  File "/usr/local/lib/python3.7/dist-packages/manticore/ethereum/manticore.py", line 1766, in worker_finalize
    finalizer(q.get_nowait())
  File "/usr/local/lib/python3.7/dist-packages/manticore/ethereum/manticore.py", line 1757, in finalizer
    if only_alive_states and last_tx.result in {"REVERT", "THROW", "TXERROR"}:
AttributeError: 'NoneType' object has no attribute 'result'
2023-07-03 16:42:11,386: [236] m.c.manticore:INFO: Results in /mcore_r9pje99i
2023-07-03 16:42:11,387: [236] m.c.manticore:WARNING: Manticore failed to run
2023-07-03 16:42:12,063: [261] m.main:INFO: Registered plugins: IntrospectionAPIPlugin, <class 'manticore.ethereum.plugins.SkipRevertBasicBlocks'>, <class 'manticore.ethereum.plugins.FilterFunctions'>
2023-07-03 16:42:12,063: [261] m.main:INFO: Beginning analysis
2023-07-03 16:42:12,065: [261] m.e.manticore:INFO: Starting symbolic create contract
2023-07-03 16:42:12,107: [261] m.e.manticore:INFO: Failed to build contract contract Errors : Invalid solc compilation sb/UniswapV3Pool_8.sol:558:1: Error: Expected pragma, import directive or contract/interface/library definition.
abstract contract NoDelegateCall {
^------^

. Solidity failed to generate bytecode for your contract. Check if all the abstract functions are implemented. 
Process Process-1:
Traceback (most recent call last):
  File "/usr/lib/python3.7/multiprocessing/process.py", line 297, in _bootstrap
    self.run()
  File "/usr/lib/python3.7/multiprocessing/process.py", line 99, in run
    self._target(*self._args, **self._kwargs)
  File "/usr/local/lib/python3.7/dist-packages/manticore/ethereum/manticore.py", line 1766, in worker_finalize
    finalizer(q.get_nowait())
  File "/usr/local/lib/python3.7/dist-packages/manticore/ethereum/manticore.py", line 1757, in finalizer
    if only_alive_states and last_tx.result in {"REVERT", "THROW", "TXERROR"}:
AttributeError: 'NoneType' object has no attribute 'result'
2023-07-03 16:42:12,193: [261] m.c.manticore:INFO: Results in /mcore_e6fagte6
2023-07-03 16:42:12,193: [261] m.c.manticore:WARNING: Manticore failed to run
2023-07-03 16:42:13,081: [286] m.main:INFO: Registered plugins: IntrospectionAPIPlugin, <class 'manticore.ethereum.plugins.SkipRevertBasicBlocks'>, <class 'manticore.ethereum.plugins.FilterFunctions'>
2023-07-03 16:42:13,082: [286] m.main:INFO: Beginning analysis
2023-07-03 16:42:13,084: [286] m.e.manticore:INFO: Starting symbolic create contract
2023-07-03 16:42:13,128: [286] m.e.manticore:INFO: Failed to build contract NoDelegateCall Errors : Invalid solc compilation sb/UniswapV3Pool_8.sol:558:1: Error: Expected pragma, import directive or contract/interface/library definition.
abstract contract NoDelegateCall {
^------^

. Solidity failed to generate bytecode for your contract. Check if all the abstract functions are implemented. 
Process Process-1:
Traceback (most recent call last):
  File "/usr/lib/python3.7/multiprocessing/process.py", line 297, in _bootstrap
    self.run()
  File "/usr/lib/python3.7/multiprocessing/process.py", line 99, in run
    self._target(*self._args, **self._kwargs)
  File "/usr/local/lib/python3.7/dist-packages/manticore/ethereum/manticore.py", line 1766, in worker_finalize
    finalizer(q.get_nowait())
  File "/usr/local/lib/python3.7/dist-packages/manticore/ethereum/manticore.py", line 1757, in finalizer
    if only_alive_states and last_tx.result in {"REVERT", "THROW", "TXERROR"}:
AttributeError: 'NoneType' object has no attribute 'result'
2023-07-03 16:42:13,212: [286] m.c.manticore:INFO: Results in /mcore_a5936ya7
2023-07-03 16:42:13,212: [286] m.c.manticore:WARNING: Manticore failed to run
2023-07-03 16:42:13,947: [311] m.main:INFO: Registered plugins: IntrospectionAPIPlugin, <class 'manticore.ethereum.plugins.SkipRevertBasicBlocks'>, <class 'manticore.ethereum.plugins.FilterFunctions'>
2023-07-03 16:42:13,947: [311] m.main:INFO: Beginning analysis
2023-07-03 16:42:13,951: [311] m.e.manticore:INFO: Starting symbolic create contract
2023-07-03 16:42:13,974: [311] m.e.manticore:INFO: Failed to build contract { Errors : Invalid solc compilation sb/UniswapV3Pool_8.sol:558:1: Error: Expected pragma, import directive or contract/interface/library definition.
abstract contract NoDelegateCall {
^------^

. Solidity failed to generate bytecode for your contract. Check if all the abstract functions are implemented. 
Process Process-1:
Traceback (most recent call last):
  File "/usr/lib/python3.7/multiprocessing/process.py", line 297, in _bootstrap
    self.run()
  File "/usr/lib/python3.7/multiprocessing/process.py", line 99, in run
    self._target(*self._args, **self._kwargs)
  File "/usr/local/lib/python3.7/dist-packages/manticore/ethereum/manticore.py", line 1766, in worker_finalize
    finalizer(q.get_nowait())
  File "/usr/local/lib/python3.7/dist-packages/manticore/ethereum/manticore.py", line 1757, in finalizer
    if only_alive_states and last_tx.result in {"REVERT", "THROW", "TXERROR"}:
AttributeError: 'NoneType' object has no attribute 'result'
2023-07-03 16:42:14,046: [311] m.c.manticore:INFO: Results in /mcore_52latasf
2023-07-03 16:42:14,047: [311] m.c.manticore:WARNING: Manticore failed to run
2023-07-03 16:42:14,857: [336] m.main:INFO: Registered plugins: IntrospectionAPIPlugin, <class 'manticore.ethereum.plugins.SkipRevertBasicBlocks'>, <class 'manticore.ethereum.plugins.FilterFunctions'>
2023-07-03 16:42:14,858: [336] m.main:INFO: Beginning analysis
2023-07-03 16:42:14,860: [336] m.e.manticore:INFO: Starting symbolic create contract
2023-07-03 16:42:14,883: [336] m.e.manticore:INFO: Failed to build contract ^------^ Errors : Invalid solc compilation sb/UniswapV3Pool_8.sol:558:1: Error: Expected pragma, import directive or contract/interface/library definition.
abstract contract NoDelegateCall {
^------^

. Solidity failed to generate bytecode for your contract. Check if all the abstract functions are implemented. 
Process Process-1:
Traceback (most recent call last):
  File "/usr/lib/python3.7/multiprocessing/process.py", line 297, in _bootstrap
    self.run()
  File "/usr/lib/python3.7/multiprocessing/process.py", line 99, in run
    self._target(*self._args, **self._kwargs)
  File "/usr/local/lib/python3.7/dist-packages/manticore/ethereum/manticore.py", line 1766, in worker_finalize
    finalizer(q.get_nowait())
  File "/usr/local/lib/python3.7/dist-packages/manticore/ethereum/manticore.py", line 1757, in finalizer
    if only_alive_states and last_tx.result in {"REVERT", "THROW", "TXERROR"}:
AttributeError: 'NoneType' object has no attribute 'result'
2023-07-03 16:42:14,966: [336] m.c.manticore:INFO: Results in /mcore_ib4fynvh
2023-07-03 16:42:14,967: [336] m.c.manticore:WARNING: Manticore failed to run
