2023-07-03 16:31:47,475: [11] m.main:INFO: Registered plugins: IntrospectionAPIPlugin, <class 'manticore.ethereum.plugins.SkipRevertBasicBlocks'>, <class 'manticore.ethereum.plugins.FilterFunctions'>
2023-07-03 16:31:47,475: [11] m.main:INFO: Beginning analysis
2023-07-03 16:31:47,477: [11] m.e.manticore:INFO: Starting symbolic create contract
2023-07-03 16:31:48,821: [11] m.e.manticore:INFO: Starting symbolic transaction: 0
2023-07-03 16:31:48,963: [11] m.e.manticore:INFO: 0 alive states, 1 terminated states
2023-07-03 16:31:49,027: [11] m.e.manticore:INFO: Starting symbolic transaction: 1
2023-07-03 16:31:49,277: [11] m.c.manticore:INFO: Results in /mcore_y0rkmo5u
2023-07-03 16:31:49,278: [11] m.c.manticore:INFO: Total time: 0.45407557487487793
2023-07-03 16:31:49,961: [70] m.main:INFO: Registered plugins: IntrospectionAPIPlugin, <class 'manticore.ethereum.plugins.SkipRevertBasicBlocks'>, <class 'manticore.ethereum.plugins.FilterFunctions'>
2023-07-03 16:31:49,961: [70] m.main:INFO: Beginning analysis
2023-07-03 16:31:49,963: [70] m.e.manticore:INFO: Starting symbolic create contract
2023-07-03 16:31:51,309: [70] m.e.manticore:INFO: Starting symbolic transaction: 0
2023-07-03 16:31:51,458: [70] m.e.manticore:INFO: 0 alive states, 1 terminated states
2023-07-03 16:31:51,519: [70] m.e.manticore:INFO: Starting symbolic transaction: 1
2023-07-03 16:31:51,774: [70] m.c.manticore:INFO: Results in /mcore_65ywek43
2023-07-03 16:31:51,775: [70] m.c.manticore:INFO: Total time: 0.45883822441101074
2023-07-03 16:31:52,515: [129] m.main:INFO: Registered plugins: IntrospectionAPIPlugin, <class 'manticore.ethereum.plugins.SkipRevertBasicBlocks'>, <class 'manticore.ethereum.plugins.FilterFunctions'>
2023-07-03 16:31:52,515: [129] m.main:INFO: Beginning analysis
2023-07-03 16:31:52,517: [129] m.e.manticore:INFO: Starting symbolic create contract
2023-07-03 16:31:54,737: [129] m.e.manticore:INFO: Starting symbolic transaction: 0
2023-07-03 16:32:00,173: [129] m.e.manticore:INFO: 0 alive states, 3 terminated states
2023-07-03 16:32:00,479: [129] m.c.manticore:INFO: Results in /mcore_9idawiz5
2023-07-03 16:32:00,480: [129] m.c.manticore:INFO: Total time: 5.7230141162872314
2023-07-03 16:32:01,148: [200] m.main:INFO: Registered plugins: IntrospectionAPIPlugin, <class 'manticore.ethereum.plugins.SkipRevertBasicBlocks'>, <class 'manticore.ethereum.plugins.FilterFunctions'>
2023-07-03 16:32:01,148: [200] m.main:INFO: Beginning analysis
2023-07-03 16:32:01,150: [200] m.e.manticore:INFO: Starting symbolic create contract
