[INFO] | 2023-07-06 05:52:54 AM | analyzer.ChainlinkAdapter_2 | Analysis started at: 2023-07-06 05:52:54 AM
[INFO] | 2023-07-06 05:52:55 AM | analyzer.ChainlinkAdapter_2 | Version constraints: ['^0.5.2']
[INFO] | 2023-07-06 05:52:55 AM | analyzer.ChainlinkAdapter_2 | solc version: v0.5.2
[INFO] | 2023-07-06 05:52:56 AM | analyzer.ChainlinkAdapter_2 | Callgraph generation started!
[INFO] | 2023-07-06 05:52:56 AM | analyzer.ChainlinkAdapter_2 | Callgraph generation finished!
[INFO] | 2023-07-06 05:52:56 AM | analyzer.ChainlinkAdapter_2 | Interprocedural CFG generation started!
[INFO] | 2023-07-06 05:52:56 AM | analyzer.ChainlinkAdapter_2 | Interprocedural CFG generation finished!
[INFO] | 2023-07-06 05:52:56 AM | analyzer.ChainlinkAdapter_2 | Storage dependency graph generation started!
[INFO] | 2023-07-06 05:52:56 AM | analyzer.ChainlinkAdapter_2 | Storage dependency graph generation finished!
[INFO] | 2023-07-06 05:52:56 AM | analyzer.ChainlinkAdapter_2 | Value Range Analysis started
[INFO] | 2023-07-06 05:52:56 AM | analyzer.ChainlinkAdapter_2 | Generating return summary for slitherConstructorConstantVariables
[INFO] | 2023-07-06 05:52:56 AM | analyzer.ChainlinkAdapter_2 | Return summary generated for slitherConstructorConstantVariables
[INFO] | 2023-07-06 05:52:56 AM | analyzer.ChainlinkAdapter_2 | Range graph generated
[INFO] | 2023-07-06 05:52:56 AM | analyzer.ChainlinkAdapter_2 | Processed function slitherConstructorConstantVariables
[INFO] | 2023-07-06 05:52:56 AM | analyzer.ChainlinkAdapter_2 | Generating return summary for slitherConstructorConstantVariables
[INFO] | 2023-07-06 05:52:56 AM | analyzer.ChainlinkAdapter_2 | Return summary generated for slitherConstructorConstantVariables
[INFO] | 2023-07-06 05:52:56 AM | analyzer.ChainlinkAdapter_2 | Range graph generated
[INFO] | 2023-07-06 05:52:56 AM | analyzer.ChainlinkAdapter_2 | Processed function slitherConstructorConstantVariables
[INFO] | 2023-07-06 05:52:56 AM | analyzer.ChainlinkAdapter_2 | Generating return summary for slitherConstructorConstantVariables
[INFO] | 2023-07-06 05:52:56 AM | analyzer.ChainlinkAdapter_2 | Return summary generated for slitherConstructorConstantVariables
[INFO] | 2023-07-06 05:52:56 AM | analyzer.ChainlinkAdapter_2 | Range graph generated
[INFO] | 2023-07-06 05:52:56 AM | analyzer.ChainlinkAdapter_2 | Processed function slitherConstructorConstantVariables
[INFO] | 2023-07-06 05:52:56 AM | analyzer.ChainlinkAdapter_2 | Generating return summary for WAD
[INFO] | 2023-07-06 05:52:56 AM | analyzer.ChainlinkAdapter_2 | Return summary generated for WAD
[INFO] | 2023-07-06 05:52:56 AM | analyzer.ChainlinkAdapter_2 | State variable assignement do not exist
[INFO] | 2023-07-06 05:52:56 AM | analyzer.ChainlinkAdapter_2 | Processed function WAD
[INFO] | 2023-07-06 05:52:56 AM | analyzer.ChainlinkAdapter_2 | Generating return summary for mul
[INFO] | 2023-07-06 05:52:56 AM | analyzer.ChainlinkAdapter_2 | Return summary generated for mul
[INFO] | 2023-07-06 05:52:56 AM | analyzer.ChainlinkAdapter_2 | State variable assignement do not exist
[INFO] | 2023-07-06 05:52:56 AM | analyzer.ChainlinkAdapter_2 | Processed function mul
[INFO] | 2023-07-06 05:52:56 AM | analyzer.ChainlinkAdapter_2 | Generating return summary for div
[INFO] | 2023-07-06 05:52:56 AM | analyzer.ChainlinkAdapter_2 | Return summary generated for div
[INFO] | 2023-07-06 05:52:56 AM | analyzer.ChainlinkAdapter_2 | State variable assignement do not exist
[INFO] | 2023-07-06 05:52:56 AM | analyzer.ChainlinkAdapter_2 | Processed function div
[INFO] | 2023-07-06 05:52:56 AM | analyzer.ChainlinkAdapter_2 | Generating return summary for sub
[INFO] | 2023-07-06 05:52:56 AM | analyzer.ChainlinkAdapter_2 | Return summary generated for sub
[INFO] | 2023-07-06 05:52:56 AM | analyzer.ChainlinkAdapter_2 | State variable assignement do not exist
[INFO] | 2023-07-06 05:52:56 AM | analyzer.ChainlinkAdapter_2 | Processed function sub
[INFO] | 2023-07-06 05:52:56 AM | analyzer.ChainlinkAdapter_2 | Generating return summary for add
[INFO] | 2023-07-06 05:52:56 AM | analyzer.ChainlinkAdapter_2 | Return summary generated for add
[INFO] | 2023-07-06 05:52:56 AM | analyzer.ChainlinkAdapter_2 | State variable assignement do not exist
[INFO] | 2023-07-06 05:52:56 AM | analyzer.ChainlinkAdapter_2 | Processed function add
[INFO] | 2023-07-06 05:52:56 AM | analyzer.ChainlinkAdapter_2 | Generating return summary for min
[INFO] | 2023-07-06 05:52:56 AM | analyzer.ChainlinkAdapter_2 | Return summary generated for min
[INFO] | 2023-07-06 05:52:56 AM | analyzer.ChainlinkAdapter_2 | State variable assignement do not exist
[INFO] | 2023-07-06 05:52:56 AM | analyzer.ChainlinkAdapter_2 | Processed function min
[INFO] | 2023-07-06 05:52:56 AM | analyzer.ChainlinkAdapter_2 | Generating return summary for max
[INFO] | 2023-07-06 05:52:56 AM | analyzer.ChainlinkAdapter_2 | Return summary generated for max
[INFO] | 2023-07-06 05:52:56 AM | analyzer.ChainlinkAdapter_2 | State variable assignement do not exist
[INFO] | 2023-07-06 05:52:56 AM | analyzer.ChainlinkAdapter_2 | Processed function max
[INFO] | 2023-07-06 05:52:56 AM | analyzer.ChainlinkAdapter_2 | Generating return summary for toUint256
[INFO] | 2023-07-06 05:52:56 AM | analyzer.ChainlinkAdapter_2 | Return summary generated for toUint256
[INFO] | 2023-07-06 05:52:56 AM | analyzer.ChainlinkAdapter_2 | State variable assignement do not exist
[INFO] | 2023-07-06 05:52:56 AM | analyzer.ChainlinkAdapter_2 | Processed function toUint256
[INFO] | 2023-07-06 05:52:56 AM | analyzer.ChainlinkAdapter_2 | Generating return summary for WAD
[INFO] | 2023-07-06 05:52:56 AM | analyzer.ChainlinkAdapter_2 | Return summary generated for WAD
[INFO] | 2023-07-06 05:52:56 AM | analyzer.ChainlinkAdapter_2 | State variable assignement do not exist
[INFO] | 2023-07-06 05:52:56 AM | analyzer.ChainlinkAdapter_2 | Processed function WAD
[INFO] | 2023-07-06 05:52:56 AM | analyzer.ChainlinkAdapter_2 | Generating return summary for add
[INFO] | 2023-07-06 05:52:56 AM | analyzer.ChainlinkAdapter_2 | Return summary generated for add
[INFO] | 2023-07-06 05:52:56 AM | analyzer.ChainlinkAdapter_2 | State variable assignement do not exist
[INFO] | 2023-07-06 05:52:56 AM | analyzer.ChainlinkAdapter_2 | Processed function add
[INFO] | 2023-07-06 05:52:56 AM | analyzer.ChainlinkAdapter_2 | Generating return summary for sub
[INFO] | 2023-07-06 05:52:56 AM | analyzer.ChainlinkAdapter_2 | Return summary generated for sub
[INFO] | 2023-07-06 05:52:56 AM | analyzer.ChainlinkAdapter_2 | State variable assignement do not exist
[INFO] | 2023-07-06 05:52:56 AM | analyzer.ChainlinkAdapter_2 | Processed function sub
[INFO] | 2023-07-06 05:52:56 AM | analyzer.ChainlinkAdapter_2 | Generating return summary for mul
[INFO] | 2023-07-06 05:52:56 AM | analyzer.ChainlinkAdapter_2 | Return summary generated for mul
[INFO] | 2023-07-06 05:52:56 AM | analyzer.ChainlinkAdapter_2 | State variable assignement do not exist
[INFO] | 2023-07-06 05:52:56 AM | analyzer.ChainlinkAdapter_2 | Processed function mul
[INFO] | 2023-07-06 05:52:56 AM | analyzer.ChainlinkAdapter_2 | Generating return summary for div
[INFO] | 2023-07-06 05:52:56 AM | analyzer.ChainlinkAdapter_2 | Return summary generated for div
[INFO] | 2023-07-06 05:52:56 AM | analyzer.ChainlinkAdapter_2 | State variable assignement do not exist
[INFO] | 2023-07-06 05:52:56 AM | analyzer.ChainlinkAdapter_2 | Processed function div
[INFO] | 2023-07-06 05:52:56 AM | analyzer.ChainlinkAdapter_2 | Generating return summary for min
[INFO] | 2023-07-06 05:52:56 AM | analyzer.ChainlinkAdapter_2 | Return summary generated for min
[INFO] | 2023-07-06 05:52:56 AM | analyzer.ChainlinkAdapter_2 | State variable assignement do not exist
[INFO] | 2023-07-06 05:52:56 AM | analyzer.ChainlinkAdapter_2 | Processed function min
[INFO] | 2023-07-06 05:52:56 AM | analyzer.ChainlinkAdapter_2 | Generating return summary for max
[INFO] | 2023-07-06 05:52:56 AM | analyzer.ChainlinkAdapter_2 | Return summary generated for max
[INFO] | 2023-07-06 05:52:56 AM | analyzer.ChainlinkAdapter_2 | State variable assignement do not exist
[INFO] | 2023-07-06 05:52:56 AM | analyzer.ChainlinkAdapter_2 | Processed function max
[INFO] | 2023-07-06 05:52:56 AM | analyzer.ChainlinkAdapter_2 | Generating return summary for toInt256
[INFO] | 2023-07-06 05:52:56 AM | analyzer.ChainlinkAdapter_2 | Return summary generated for toInt256
[INFO] | 2023-07-06 05:52:56 AM | analyzer.ChainlinkAdapter_2 | State variable assignement do not exist
[INFO] | 2023-07-06 05:52:56 AM | analyzer.ChainlinkAdapter_2 | Processed function toInt256
[INFO] | 2023-07-06 05:52:56 AM | analyzer.ChainlinkAdapter_2 | Generating return summary for mod
[INFO] | 2023-07-06 05:52:56 AM | analyzer.ChainlinkAdapter_2 | Return summary generated for mod
[INFO] | 2023-07-06 05:52:56 AM | analyzer.ChainlinkAdapter_2 | State variable assignement do not exist
[INFO] | 2023-07-06 05:52:56 AM | analyzer.ChainlinkAdapter_2 | Processed function mod
[INFO] | 2023-07-06 05:52:56 AM | analyzer.ChainlinkAdapter_2 | Generating return summary for latestAnswer
[INFO] | 2023-07-06 05:52:56 AM | analyzer.ChainlinkAdapter_2 | Return summary generated for latestAnswer
[INFO] | 2023-07-06 05:52:56 AM | analyzer.ChainlinkAdapter_2 | State variable assignement do not exist
[INFO] | 2023-07-06 05:52:56 AM | analyzer.ChainlinkAdapter_2 | Processed function latestAnswer
[INFO] | 2023-07-06 05:52:56 AM | analyzer.ChainlinkAdapter_2 | Generating return summary for latestTimestamp
[INFO] | 2023-07-06 05:52:56 AM | analyzer.ChainlinkAdapter_2 | Return summary generated for latestTimestamp
[INFO] | 2023-07-06 05:52:56 AM | analyzer.ChainlinkAdapter_2 | State variable assignement do not exist
[INFO] | 2023-07-06 05:52:56 AM | analyzer.ChainlinkAdapter_2 | Processed function latestTimestamp
[INFO] | 2023-07-06 05:52:56 AM | analyzer.ChainlinkAdapter_2 | Generating return summary for constructor
[INFO] | 2023-07-06 05:52:56 AM | analyzer.ChainlinkAdapter_2 | Return summary generated for constructor
[INFO] | 2023-07-06 05:52:56 AM | analyzer.ChainlinkAdapter_2 | Range graph generated
[INFO] | 2023-07-06 05:52:56 AM | analyzer.ChainlinkAdapter_2 | Processed function constructor
[INFO] | 2023-07-06 05:52:56 AM | analyzer.ChainlinkAdapter_2 | Generating return summary for neg
[INFO] | 2023-07-06 05:52:56 AM | analyzer.ChainlinkAdapter_2 | Return summary generated for neg
[INFO] | 2023-07-06 05:52:56 AM | analyzer.ChainlinkAdapter_2 | State variable assignement do not exist
[INFO] | 2023-07-06 05:52:56 AM | analyzer.ChainlinkAdapter_2 | Processed function neg
[INFO] | 2023-07-06 05:52:56 AM | analyzer.ChainlinkAdapter_2 | Generating return summary for roundHalfUp
[INFO] | 2023-07-06 05:52:56 AM | analyzer.ChainlinkAdapter_2 | Return summary generated for roundHalfUp
[INFO] | 2023-07-06 05:52:56 AM | analyzer.ChainlinkAdapter_2 | State variable assignement do not exist
[INFO] | 2023-07-06 05:52:56 AM | analyzer.ChainlinkAdapter_2 | Processed function roundHalfUp
[INFO] | 2023-07-06 05:52:56 AM | analyzer.ChainlinkAdapter_2 | Generating return summary for ceil
[INFO] | 2023-07-06 05:52:56 AM | analyzer.ChainlinkAdapter_2 | Return summary generated for ceil
[INFO] | 2023-07-06 05:52:56 AM | analyzer.ChainlinkAdapter_2 | State variable assignement do not exist
[INFO] | 2023-07-06 05:52:56 AM | analyzer.ChainlinkAdapter_2 | Processed function ceil
[INFO] | 2023-07-06 05:52:56 AM | analyzer.ChainlinkAdapter_2 | Generating return summary for price
[WARNING] | 2023-07-06 05:52:56 AM | analyzer.ChainlinkAdapter_2 | No lvalue eligible assignment, is this some bug!
[INFO] | 2023-07-06 05:52:56 AM | analyzer.ChainlinkAdapter_2 | Return summary generated for price
[INFO] | 2023-07-06 05:52:56 AM | analyzer.ChainlinkAdapter_2 | State variable assignement do not exist
[INFO] | 2023-07-06 05:52:56 AM | analyzer.ChainlinkAdapter_2 | Processed function price
[INFO] | 2023-07-06 05:52:56 AM | analyzer.ChainlinkAdapter_2 | Generating return summary for wmul
[WARNING] | 2023-07-06 05:52:56 AM | analyzer.ChainlinkAdapter_2 | No lvalue eligible assignment, is this some bug!
[INFO] | 2023-07-06 05:52:56 AM | analyzer.ChainlinkAdapter_2 | Return summary generated for wmul
[INFO] | 2023-07-06 05:52:56 AM | analyzer.ChainlinkAdapter_2 | State variable assignement do not exist
[INFO] | 2023-07-06 05:52:56 AM | analyzer.ChainlinkAdapter_2 | Processed function wmul
[INFO] | 2023-07-06 05:52:56 AM | analyzer.ChainlinkAdapter_2 | Generating return summary for wdiv
[WARNING] | 2023-07-06 05:52:56 AM | analyzer.ChainlinkAdapter_2 | No lvalue eligible assignment, is this some bug!
[INFO] | 2023-07-06 05:52:56 AM | analyzer.ChainlinkAdapter_2 | Return summary generated for wdiv
[INFO] | 2023-07-06 05:52:56 AM | analyzer.ChainlinkAdapter_2 | State variable assignement do not exist
[INFO] | 2023-07-06 05:52:56 AM | analyzer.ChainlinkAdapter_2 | Processed function wdiv
[INFO] | 2023-07-06 05:52:56 AM | analyzer.ChainlinkAdapter_2 | Generating return summary for ceil
[INFO] | 2023-07-06 05:52:56 AM | analyzer.ChainlinkAdapter_2 | Return summary generated for ceil
[INFO] | 2023-07-06 05:52:56 AM | analyzer.ChainlinkAdapter_2 | State variable assignement do not exist
[INFO] | 2023-07-06 05:52:56 AM | analyzer.ChainlinkAdapter_2 | Processed function ceil
[INFO] | 2023-07-06 05:52:56 AM | analyzer.ChainlinkAdapter_2 | Generating return summary for wfrac
[WARNING] | 2023-07-06 05:52:56 AM | analyzer.ChainlinkAdapter_2 | No lvalue eligible assignment, is this some bug!
[INFO] | 2023-07-06 05:52:56 AM | analyzer.ChainlinkAdapter_2 | Return summary generated for wfrac
[INFO] | 2023-07-06 05:52:56 AM | analyzer.ChainlinkAdapter_2 | State variable assignement do not exist
[INFO] | 2023-07-06 05:52:56 AM | analyzer.ChainlinkAdapter_2 | Processed function wfrac
[INFO] | 2023-07-06 05:52:56 AM | analyzer.ChainlinkAdapter_2 | Generating return summary for wmul
[WARNING] | 2023-07-06 05:52:56 AM | analyzer.ChainlinkAdapter_2 | No lvalue eligible assignment, is this some bug!
[INFO] | 2023-07-06 05:52:56 AM | analyzer.ChainlinkAdapter_2 | Return summary generated for wmul
[INFO] | 2023-07-06 05:52:56 AM | analyzer.ChainlinkAdapter_2 | State variable assignement do not exist
[INFO] | 2023-07-06 05:52:56 AM | analyzer.ChainlinkAdapter_2 | Processed function wmul
[INFO] | 2023-07-06 05:52:56 AM | analyzer.ChainlinkAdapter_2 | Generating return summary for wdiv
[WARNING] | 2023-07-06 05:52:56 AM | analyzer.ChainlinkAdapter_2 | No lvalue eligible assignment, is this some bug!
[INFO] | 2023-07-06 05:52:56 AM | analyzer.ChainlinkAdapter_2 | Return summary generated for wdiv
[INFO] | 2023-07-06 05:52:56 AM | analyzer.ChainlinkAdapter_2 | State variable assignement do not exist
[INFO] | 2023-07-06 05:52:56 AM | analyzer.ChainlinkAdapter_2 | Processed function wdiv
[INFO] | 2023-07-06 05:52:56 AM | analyzer.ChainlinkAdapter_2 | Generating return summary for wfrac
[WARNING] | 2023-07-06 05:52:56 AM | analyzer.ChainlinkAdapter_2 | No lvalue eligible assignment, is this some bug!
[INFO] | 2023-07-06 05:52:56 AM | analyzer.ChainlinkAdapter_2 | Return summary generated for wfrac
[INFO] | 2023-07-06 05:52:56 AM | analyzer.ChainlinkAdapter_2 | State variable assignement do not exist
[INFO] | 2023-07-06 05:52:56 AM | analyzer.ChainlinkAdapter_2 | Processed function wfrac
[INFO] | 2023-07-06 05:52:56 AM | analyzer.ChainlinkAdapter_2 | Generating return summary for wpowi
[INFO] | 2023-07-06 05:52:56 AM | analyzer.ChainlinkAdapter_2 | Return summary generated for wpowi
[INFO] | 2023-07-06 05:52:56 AM | analyzer.ChainlinkAdapter_2 | State variable assignement do not exist
[INFO] | 2023-07-06 05:52:56 AM | analyzer.ChainlinkAdapter_2 | Processed function wpowi
[INFO] | 2023-07-06 05:52:56 AM | analyzer.ChainlinkAdapter_2 | Generating return summary for wln
[INFO] | 2023-07-06 05:52:56 AM | analyzer.ChainlinkAdapter_2 | Return summary generated for wln
[INFO] | 2023-07-06 05:52:56 AM | analyzer.ChainlinkAdapter_2 | State variable assignement do not exist
[INFO] | 2023-07-06 05:52:56 AM | analyzer.ChainlinkAdapter_2 | Processed function wln
[INFO] | 2023-07-06 05:52:56 AM | analyzer.ChainlinkAdapter_2 | Generating return summary for logBase
[INFO] | 2023-07-06 05:52:56 AM | analyzer.ChainlinkAdapter_2 | Return summary generated for logBase
[INFO] | 2023-07-06 05:52:56 AM | analyzer.ChainlinkAdapter_2 | State variable assignement do not exist
[INFO] | 2023-07-06 05:52:56 AM | analyzer.ChainlinkAdapter_2 | Processed function logBase
[INFO] | 2023-07-06 05:52:56 AM | analyzer.ChainlinkAdapter_2 | Value Range Analysis took 0.010861 seconds
[INFO] | 2023-07-06 05:52:56 AM | analyzer.ChainlinkAdapter_2 | Value Range Analysis finished
[INFO] | 2023-07-06 05:52:56 AM | analyzer.ChainlinkAdapter_2 | Storage dependency graph compostion started!
[INFO] | 2023-07-06 05:52:56 AM | analyzer.ChainlinkAdapter_2 | Storage dependency graph compostion finished!
[INFO] | 2023-07-06 05:52:56 AM | analyzer.ChainlinkAdapter_2 | Dependency detection started!
[INFO] | 2023-07-06 05:52:56 AM | analyzer.ChainlinkAdapter_2 | Dependency detection finished!
[INFO] | 2023-07-06 05:52:56 AM | analyzer.ChainlinkAdapter_2 | Static Analysis took 1.588904 seconds
[INFO] | 2023-07-06 05:52:56 AM | analyzer.ChainlinkAdapter_2 | Dependency does not exist
[INFO] | 2023-07-06 05:52:56 AM | analyzer.ChainlinkAdapter_2 | Symbolic execution is not needed!
[INFO] | 2023-07-06 05:52:56 AM | analyzer.ChainlinkAdapter_2 | Analysis finished!
[INFO] | 2023-07-06 05:52:56 AM | analyzer.ChainlinkAdapter_2 | Analysis took 1.589059 seconds
[INFO] | 2023-07-06 05:52:56 AM | analyzer.ChainlinkAdapter_2 | Analysis finished at: 2023-07-06 05:52:56 AM
