2023-07-03 16:42:57,545: [11] m.main:INFO: Registered plugins: IntrospectionAPIPlugin, <class 'manticore.ethereum.plugins.SkipRevertBasicBlocks'>, <class 'manticore.ethereum.plugins.FilterFunctions'>
2023-07-03 16:42:57,545: [11] m.main:INFO: Beginning analysis
2023-07-03 16:42:57,548: [11] m.e.manticore:INFO: Starting symbolic create contract
2023-07-03 16:42:58,547: [11] m.e.manticore:INFO: Starting symbolic transaction: 0
2023-07-03 16:42:58,667: [11] m.e.manticore:INFO: 0 alive states, 2 terminated states
2023-07-03 16:42:58,828: [11] m.c.manticore:INFO: Results in /mcore_qen31im1
2023-07-03 16:42:58,829: [11] m.c.manticore:INFO: Total time: 0.273470401763916
2023-07-03 16:42:59,560: [76] m.main:INFO: Registered plugins: IntrospectionAPIPlugin, <class 'manticore.ethereum.plugins.SkipRevertBasicBlocks'>, <class 'manticore.ethereum.plugins.FilterFunctions'>
2023-07-03 16:42:59,560: [76] m.main:INFO: Beginning analysis
2023-07-03 16:42:59,562: [76] m.e.manticore:INFO: Starting symbolic create contract
2023-07-03 16:43:00,448: [76] m.e.manticore:INFO: Starting symbolic transaction: 0
2023-07-03 16:43:00,569: [76] m.e.manticore:INFO: 0 alive states, 2 terminated states
2023-07-03 16:43:00,729: [76] m.c.manticore:INFO: Results in /mcore_4m5yertw
2023-07-03 16:43:00,730: [76] m.c.manticore:INFO: Total time: 0.2737553119659424
2023-07-03 16:43:01,432: [141] m.main:INFO: Registered plugins: IntrospectionAPIPlugin, <class 'manticore.ethereum.plugins.SkipRevertBasicBlocks'>, <class 'manticore.ethereum.plugins.FilterFunctions'>
2023-07-03 16:43:01,432: [141] m.main:INFO: Beginning analysis
2023-07-03 16:43:01,435: [141] m.e.manticore:INFO: Starting symbolic create contract
2023-07-03 16:43:02,267: [141] m.e.manticore:INFO: Starting symbolic transaction: 0
2023-07-03 16:43:02,373: [141] m.e.manticore:INFO: 0 alive states, 2 terminated states
2023-07-03 16:43:02,526: [141] m.c.manticore:INFO: Results in /mcore_2po29elu
2023-07-03 16:43:02,527: [141] m.c.manticore:INFO: Total time: 0.255720853805542
2023-07-03 16:43:03,279: [206] m.main:INFO: Registered plugins: IntrospectionAPIPlugin, <class 'manticore.ethereum.plugins.SkipRevertBasicBlocks'>, <class 'manticore.ethereum.plugins.FilterFunctions'>
2023-07-03 16:43:03,280: [206] m.main:INFO: Beginning analysis
2023-07-03 16:43:03,282: [206] m.e.manticore:INFO: Starting symbolic create contract
2023-07-03 16:43:04,164: [206] m.e.manticore:INFO: Starting symbolic transaction: 0
2023-07-03 16:43:04,326: [206] m.e.manticore:INFO: 0 alive states, 2 terminated states
2023-07-03 16:43:04,466: [206] m.c.manticore:INFO: Results in /mcore_fdvpw65z
2023-07-03 16:43:04,466: [206] m.c.manticore:INFO: Total time: 0.2945291996002197
2023-07-03 16:43:05,209: [271] m.main:INFO: Registered plugins: IntrospectionAPIPlugin, <class 'manticore.ethereum.plugins.SkipRevertBasicBlocks'>, <class 'manticore.ethereum.plugins.FilterFunctions'>
2023-07-03 16:43:05,209: [271] m.main:INFO: Beginning analysis
2023-07-03 16:43:05,212: [271] m.e.manticore:INFO: Starting symbolic create contract
2023-07-03 16:43:06,180: [271] m.e.manticore:INFO: Starting symbolic transaction: 0
2023-07-03 16:43:06,757: [271] m.c.worker:ERROR: Exception in state 0: ManticoreError('Forking on unfeasible constraint set')
Traceback (most recent call last):
  File "/usr/local/lib/python3.7/dist-packages/manticore/core/worker.py", line 137, in run
    current_state.execute()
  File "/usr/local/lib/python3.7/dist-packages/manticore/ethereum/state.py", line 8, in execute
    return self._platform.execute()
  File "/usr/local/lib/python3.7/dist-packages/manticore/platforms/evm.py", line 3106, in execute
    self.current_vm.execute()
  File "/usr/local/lib/python3.7/dist-packages/manticore/platforms/evm.py", line 1322, in execute
    raise Concretize("Symbolic PC", expression=expression, setstate=setstate, policy="ALL")
manticore.core.state.Concretize

During handling of the above exception, another exception occurred:

Traceback (most recent call last):
  File "/usr/local/lib/python3.7/dist-packages/manticore/core/worker.py", line 158, in run
    m._fork(current_state, exc.expression, exc.policy, exc.setstate, exc.values)
  File "/usr/local/lib/python3.7/dist-packages/manticore/core/manticore.py", line 518, in _fork
    raise ManticoreError("Forking on unfeasible constraint set")
manticore.exceptions.ManticoreError: Forking on unfeasible constraint set
 
2023-07-03 16:43:06,764: [271] m.e.manticore:INFO: 0 alive states, 1 terminated states
2023-07-03 16:43:06,895: [271] m.c.manticore:INFO: Results in /mcore_h7xzp_1e
2023-07-03 16:43:06,895: [271] m.c.manticore:INFO: Total time: 0.7053227424621582
2023-07-03 16:43:07,595: [333] m.main:INFO: Registered plugins: IntrospectionAPIPlugin, <class 'manticore.ethereum.plugins.SkipRevertBasicBlocks'>, <class 'manticore.ethereum.plugins.FilterFunctions'>
2023-07-03 16:43:07,596: [333] m.main:INFO: Beginning analysis
2023-07-03 16:43:07,598: [333] m.e.manticore:INFO: Starting symbolic create contract
