2023-07-03 16:26:47,024: [12] m.main:INFO: Registered plugins: IntrospectionAPIPlugin, <class 'manticore.ethereum.plugins.SkipRevertBasicBlocks'>, <class 'manticore.ethereum.plugins.FilterFunctions'>
2023-07-03 16:26:47,025: [12] m.main:INFO: Beginning analysis
2023-07-03 16:26:47,027: [12] m.e.manticore:INFO: Starting symbolic create contract
2023-07-03 16:26:47,896: [12] m.e.manticore:INFO: Starting symbolic transaction: 0
2023-07-03 16:26:48,030: [12] m.e.manticore:INFO: 0 alive states, 2 terminated states
2023-07-03 16:26:48,185: [12] m.c.manticore:INFO: Results in /mcore_oy8bnljk
2023-07-03 16:26:48,186: [12] m.c.manticore:INFO: Total time: 0.28562283515930176
2023-07-03 16:26:48,946: [77] m.main:INFO: Registered plugins: IntrospectionAPIPlugin, <class 'manticore.ethereum.plugins.SkipRevertBasicBlocks'>, <class 'manticore.ethereum.plugins.FilterFunctions'>
2023-07-03 16:26:48,947: [77] m.main:INFO: Beginning analysis
2023-07-03 16:26:48,951: [77] m.e.manticore:INFO: Starting symbolic create contract
2023-07-03 16:26:49,761: [77] m.e.manticore:INFO: Starting symbolic transaction: 0
2023-07-03 16:26:49,875: [77] m.e.manticore:INFO: 0 alive states, 2 terminated states
2023-07-03 16:26:50,015: [77] m.c.manticore:INFO: Results in /mcore_glpdzu7_
2023-07-03 16:26:50,015: [77] m.c.manticore:INFO: Total time: 0.25026965141296387
2023-07-03 16:26:50,756: [142] m.main:INFO: Registered plugins: IntrospectionAPIPlugin, <class 'manticore.ethereum.plugins.SkipRevertBasicBlocks'>, <class 'manticore.ethereum.plugins.FilterFunctions'>
2023-07-03 16:26:50,756: [142] m.main:INFO: Beginning analysis
2023-07-03 16:26:50,759: [142] m.e.manticore:INFO: Starting symbolic create contract
2023-07-03 16:26:51,578: [142] m.e.manticore:INFO: Starting symbolic transaction: 0
2023-07-03 16:26:51,690: [142] m.e.manticore:INFO: 0 alive states, 2 terminated states
2023-07-03 16:26:51,848: [142] m.c.manticore:INFO: Results in /mcore_px57u6vg
2023-07-03 16:26:51,849: [142] m.c.manticore:INFO: Total time: 0.26669907569885254
2023-07-03 16:26:52,625: [207] m.main:INFO: Registered plugins: IntrospectionAPIPlugin, <class 'manticore.ethereum.plugins.SkipRevertBasicBlocks'>, <class 'manticore.ethereum.plugins.FilterFunctions'>
2023-07-03 16:26:52,625: [207] m.main:INFO: Beginning analysis
2023-07-03 16:26:52,630: [207] m.e.manticore:INFO: Starting symbolic create contract
2023-07-03 16:26:53,415: [207] m.e.manticore:INFO: Starting symbolic transaction: 0
2023-07-03 16:26:53,548: [207] m.e.manticore:INFO: 0 alive states, 2 terminated states
2023-07-03 16:26:53,749: [207] m.c.manticore:INFO: Results in /mcore_nib4iubu
2023-07-03 16:26:53,749: [207] m.c.manticore:INFO: Total time: 0.3310716152191162
2023-07-03 16:26:54,528: [272] m.main:INFO: Registered plugins: IntrospectionAPIPlugin, <class 'manticore.ethereum.plugins.SkipRevertBasicBlocks'>, <class 'manticore.ethereum.plugins.FilterFunctions'>
2023-07-03 16:26:54,528: [272] m.main:INFO: Beginning analysis
2023-07-03 16:26:54,531: [272] m.e.manticore:INFO: Starting symbolic create contract
2023-07-03 16:26:55,318: [272] m.e.manticore:INFO: Starting symbolic transaction: 0
2023-07-03 16:26:55,451: [272] m.e.manticore:INFO: 0 alive states, 2 terminated states
2023-07-03 16:26:55,601: [272] m.c.manticore:INFO: Results in /mcore_le7tfwoe
2023-07-03 16:26:55,601: [272] m.c.manticore:INFO: Total time: 0.2790055274963379
2023-07-03 16:26:56,334: [337] m.main:INFO: Registered plugins: IntrospectionAPIPlugin, <class 'manticore.ethereum.plugins.SkipRevertBasicBlocks'>, <class 'manticore.ethereum.plugins.FilterFunctions'>
2023-07-03 16:26:56,335: [337] m.main:INFO: Beginning analysis
2023-07-03 16:26:56,339: [337] m.e.manticore:INFO: Starting symbolic create contract
2023-07-03 16:26:57,230: [337] m.e.manticore:INFO: Starting symbolic transaction: 0
2023-07-03 16:26:57,345: [337] m.e.manticore:INFO: 0 alive states, 2 terminated states
2023-07-03 16:26:57,497: [337] m.c.manticore:INFO: Results in /mcore_ipjiw8mp
2023-07-03 16:26:57,497: [337] m.c.manticore:INFO: Total time: 0.26331448554992676
2023-07-03 16:26:58,243: [402] m.main:INFO: Registered plugins: IntrospectionAPIPlugin, <class 'manticore.ethereum.plugins.SkipRevertBasicBlocks'>, <class 'manticore.ethereum.plugins.FilterFunctions'>
2023-07-03 16:26:58,243: [402] m.main:INFO: Beginning analysis
2023-07-03 16:26:58,246: [402] m.e.manticore:INFO: Starting symbolic create contract
2023-07-03 16:26:59,318: [402] m.e.manticore:INFO: Starting symbolic transaction: 0
2023-07-03 16:26:59,791: [402] m.c.worker:ERROR: Exception in state 0: ManticoreError('Forking on unfeasible constraint set')
Traceback (most recent call last):
  File "/usr/local/lib/python3.7/dist-packages/manticore/core/worker.py", line 137, in run
    current_state.execute()
  File "/usr/local/lib/python3.7/dist-packages/manticore/ethereum/state.py", line 8, in execute
    return self._platform.execute()
  File "/usr/local/lib/python3.7/dist-packages/manticore/platforms/evm.py", line 3106, in execute
    self.current_vm.execute()
  File "/usr/local/lib/python3.7/dist-packages/manticore/platforms/evm.py", line 1322, in execute
    raise Concretize("Symbolic PC", expression=expression, setstate=setstate, policy="ALL")
manticore.core.state.Concretize

During handling of the above exception, another exception occurred:

Traceback (most recent call last):
  File "/usr/local/lib/python3.7/dist-packages/manticore/core/worker.py", line 158, in run
    m._fork(current_state, exc.expression, exc.policy, exc.setstate, exc.values)
  File "/usr/local/lib/python3.7/dist-packages/manticore/core/manticore.py", line 518, in _fork
    raise ManticoreError("Forking on unfeasible constraint set")
manticore.exceptions.ManticoreError: Forking on unfeasible constraint set
 
2023-07-03 16:26:59,797: [402] m.e.manticore:INFO: 0 alive states, 1 terminated states
2023-07-03 16:26:59,919: [402] m.c.manticore:INFO: Results in /mcore_viu3l80w
2023-07-03 16:26:59,920: [402] m.c.manticore:INFO: Total time: 0.595963716506958
2023-07-03 16:27:00,671: [461] m.main:INFO: Registered plugins: IntrospectionAPIPlugin, <class 'manticore.ethereum.plugins.SkipRevertBasicBlocks'>, <class 'manticore.ethereum.plugins.FilterFunctions'>
2023-07-03 16:27:00,672: [461] m.main:INFO: Beginning analysis
2023-07-03 16:27:00,676: [461] m.e.manticore:INFO: Starting symbolic create contract
2023-07-03 16:27:01,793: [461] m.e.manticore:INFO: Starting symbolic transaction: 0
2023-07-03 16:27:02,378: [461] m.c.worker:ERROR: Exception in state 0: ManticoreError('Forking on unfeasible constraint set')
Traceback (most recent call last):
  File "/usr/local/lib/python3.7/dist-packages/manticore/core/worker.py", line 137, in run
    current_state.execute()
  File "/usr/local/lib/python3.7/dist-packages/manticore/ethereum/state.py", line 8, in execute
    return self._platform.execute()
  File "/usr/local/lib/python3.7/dist-packages/manticore/platforms/evm.py", line 3106, in execute
    self.current_vm.execute()
  File "/usr/local/lib/python3.7/dist-packages/manticore/platforms/evm.py", line 1322, in execute
    raise Concretize("Symbolic PC", expression=expression, setstate=setstate, policy="ALL")
manticore.core.state.Concretize

During handling of the above exception, another exception occurred:

Traceback (most recent call last):
  File "/usr/local/lib/python3.7/dist-packages/manticore/core/worker.py", line 158, in run
    m._fork(current_state, exc.expression, exc.policy, exc.setstate, exc.values)
  File "/usr/local/lib/python3.7/dist-packages/manticore/core/manticore.py", line 518, in _fork
    raise ManticoreError("Forking on unfeasible constraint set")
manticore.exceptions.ManticoreError: Forking on unfeasible constraint set
 
2023-07-03 16:27:02,386: [461] m.e.manticore:INFO: 0 alive states, 1 terminated states
2023-07-03 16:27:02,525: [461] m.c.manticore:INFO: Results in /mcore_6ia92w3i
2023-07-03 16:27:02,526: [461] m.c.manticore:INFO: Total time: 0.7263972759246826
2023-07-03 16:27:03,351: [523] m.main:INFO: Registered plugins: IntrospectionAPIPlugin, <class 'manticore.ethereum.plugins.SkipRevertBasicBlocks'>, <class 'manticore.ethereum.plugins.FilterFunctions'>
2023-07-03 16:27:03,351: [523] m.main:INFO: Beginning analysis
2023-07-03 16:27:03,354: [523] m.e.manticore:INFO: Starting symbolic create contract
2023-07-03 16:27:05,489: [523] m.e.manticore:INFO: Starting symbolic transaction: 0
2023-07-03 16:27:30,156: [523] m.c.worker:ERROR: Exception in state 7: ManticoreError('Forking on unfeasible constraint set')
Traceback (most recent call last):
  File "/usr/local/lib/python3.7/dist-packages/manticore/core/worker.py", line 137, in run
    current_state.execute()
  File "/usr/local/lib/python3.7/dist-packages/manticore/ethereum/state.py", line 8, in execute
    return self._platform.execute()
  File "/usr/local/lib/python3.7/dist-packages/manticore/platforms/evm.py", line 3106, in execute
    self.current_vm.execute()
  File "/usr/local/lib/python3.7/dist-packages/manticore/platforms/evm.py", line 1322, in execute
    raise Concretize("Symbolic PC", expression=expression, setstate=setstate, policy="ALL")
manticore.core.state.Concretize

During handling of the above exception, another exception occurred:

Traceback (most recent call last):
  File "/usr/local/lib/python3.7/dist-packages/manticore/core/worker.py", line 158, in run
    m._fork(current_state, exc.expression, exc.policy, exc.setstate, exc.values)
  File "/usr/local/lib/python3.7/dist-packages/manticore/core/manticore.py", line 518, in _fork
    raise ManticoreError("Forking on unfeasible constraint set")
manticore.exceptions.ManticoreError: Forking on unfeasible constraint set
 
2023-07-03 16:27:30,192: [523] m.e.manticore:INFO: 0 alive states, 3 terminated states
2023-07-03 16:27:30,782: [523] m.c.manticore:INFO: Results in /mcore_1r440yx2
2023-07-03 16:27:30,782: [523] m.c.manticore:INFO: Total time: 25.26412081718445
