2023-07-03 16:04:45,584: [11] m.main:INFO: Registered plugins: IntrospectionAPIPlugin, <class 'manticore.ethereum.plugins.SkipRevertBasicBlocks'>, <class 'manticore.ethereum.plugins.FilterFunctions'>
2023-07-03 16:04:45,585: [11] m.main:INFO: Beginning analysis
2023-07-03 16:04:45,587: [11] m.e.manticore:INFO: Starting symbolic create contract
2023-07-03 16:04:45,600: [11] m.e.manticore:INFO: Failed to build contract /sb/InitializableGovernable_1.sol:7:1: Errors : Invalid solc compilation sb/InitializableGovernable_1.sol:7:1: Error: Source "@openzeppelin/upgrades/contracts/Initializable.sol" not found: File not found.
import {
^ (Relevant source part starts here and spans across multiple lines).
sb/InitializableGovernable_1.sol:11:1: Error: Source "sb/Governable.sol" not found: File not found.
import { Governable } from "./Governable.sol";
^--------------------------------------------^

. Solidity failed to generate bytecode for your contract. Check if all the abstract functions are implemented. 
Process Process-1:
Traceback (most recent call last):
  File "/usr/lib/python3.7/multiprocessing/process.py", line 297, in _bootstrap
    self.run()
  File "/usr/lib/python3.7/multiprocessing/process.py", line 99, in run
    self._target(*self._args, **self._kwargs)
  File "/usr/local/lib/python3.7/dist-packages/manticore/ethereum/manticore.py", line 1766, in worker_finalize
    finalizer(q.get_nowait())
  File "/usr/local/lib/python3.7/dist-packages/manticore/ethereum/manticore.py", line 1757, in finalizer
    if only_alive_states and last_tx.result in {"REVERT", "THROW", "TXERROR"}:
AttributeError: 'NoneType' object has no attribute 'result'
2023-07-03 16:04:45,678: [11] m.c.manticore:INFO: Results in /mcore_rurjs126
2023-07-03 16:04:45,678: [11] m.c.manticore:WARNING: Manticore failed to run
2023-07-03 16:04:46,313: [36] m.main:INFO: Registered plugins: IntrospectionAPIPlugin, <class 'manticore.ethereum.plugins.SkipRevertBasicBlocks'>, <class 'manticore.ethereum.plugins.FilterFunctions'>
2023-07-03 16:04:46,313: [36] m.main:INFO: Beginning analysis
2023-07-03 16:04:46,315: [36] m.e.manticore:INFO: Starting symbolic create contract
2023-07-03 16:04:46,336: [36] m.e.manticore:INFO: Failed to build contract ParserError: Errors : Invalid solc compilation sb/InitializableGovernable_1.sol:7:1: Error: Source "@openzeppelin/upgrades/contracts/Initializable.sol" not found: File not found.
import {
^ (Relevant source part starts here and spans across multiple lines).
sb/InitializableGovernable_1.sol:11:1: Error: Source "sb/Governable.sol" not found: File not found.
import { Governable } from "./Governable.sol";
^--------------------------------------------^

. Solidity failed to generate bytecode for your contract. Check if all the abstract functions are implemented. 
Process Process-1:
Traceback (most recent call last):
  File "/usr/lib/python3.7/multiprocessing/process.py", line 297, in _bootstrap
    self.run()
  File "/usr/lib/python3.7/multiprocessing/process.py", line 99, in run
    self._target(*self._args, **self._kwargs)
  File "/usr/local/lib/python3.7/dist-packages/manticore/ethereum/manticore.py", line 1766, in worker_finalize
    finalizer(q.get_nowait())
  File "/usr/local/lib/python3.7/dist-packages/manticore/ethereum/manticore.py", line 1757, in finalizer
    if only_alive_states and last_tx.result in {"REVERT", "THROW", "TXERROR"}:
AttributeError: 'NoneType' object has no attribute 'result'
2023-07-03 16:04:46,408: [36] m.c.manticore:INFO: Results in /mcore_cof7ma07
2023-07-03 16:04:46,409: [36] m.c.manticore:WARNING: Manticore failed to run
2023-07-03 16:04:46,983: [61] m.main:INFO: Registered plugins: IntrospectionAPIPlugin, <class 'manticore.ethereum.plugins.SkipRevertBasicBlocks'>, <class 'manticore.ethereum.plugins.FilterFunctions'>
2023-07-03 16:04:46,983: [61] m.main:INFO: Beginning analysis
2023-07-03 16:04:46,987: [61] m.e.manticore:INFO: Starting symbolic create contract
2023-07-03 16:04:47,000: [61] m.e.manticore:INFO: Failed to build contract Source Errors : Invalid solc compilation sb/InitializableGovernable_1.sol:7:1: Error: Source "@openzeppelin/upgrades/contracts/Initializable.sol" not found: File not found.
import {
^ (Relevant source part starts here and spans across multiple lines).
sb/InitializableGovernable_1.sol:11:1: Error: Source "sb/Governable.sol" not found: File not found.
import { Governable } from "./Governable.sol";
^--------------------------------------------^

. Solidity failed to generate bytecode for your contract. Check if all the abstract functions are implemented. 
Process Process-1:
Traceback (most recent call last):
  File "/usr/lib/python3.7/multiprocessing/process.py", line 297, in _bootstrap
    self.run()
  File "/usr/lib/python3.7/multiprocessing/process.py", line 99, in run
    self._target(*self._args, **self._kwargs)
  File "/usr/local/lib/python3.7/dist-packages/manticore/ethereum/manticore.py", line 1766, in worker_finalize
    finalizer(q.get_nowait())
  File "/usr/local/lib/python3.7/dist-packages/manticore/ethereum/manticore.py", line 1757, in finalizer
    if only_alive_states and last_tx.result in {"REVERT", "THROW", "TXERROR"}:
AttributeError: 'NoneType' object has no attribute 'result'
2023-07-03 16:04:47,139: [61] m.c.manticore:INFO: Results in /mcore_rn0rz3u0
2023-07-03 16:04:47,140: [61] m.c.manticore:WARNING: Manticore failed to run
2023-07-03 16:04:47,801: [86] m.main:INFO: Registered plugins: IntrospectionAPIPlugin, <class 'manticore.ethereum.plugins.SkipRevertBasicBlocks'>, <class 'manticore.ethereum.plugins.FilterFunctions'>
2023-07-03 16:04:47,802: [86] m.main:INFO: Beginning analysis
2023-07-03 16:04:47,804: [86] m.e.manticore:INFO: Starting symbolic create contract
2023-07-03 16:04:47,824: [86] m.e.manticore:INFO: Failed to build contract "@openzeppelin/upgrades/contracts/Initializable.sol" Errors : Invalid solc compilation sb/InitializableGovernable_1.sol:7:1: Error: Source "@openzeppelin/upgrades/contracts/Initializable.sol" not found: File not found.
import {
^ (Relevant source part starts here and spans across multiple lines).
sb/InitializableGovernable_1.sol:11:1: Error: Source "sb/Governable.sol" not found: File not found.
import { Governable } from "./Governable.sol";
^--------------------------------------------^

. Solidity failed to generate bytecode for your contract. Check if all the abstract functions are implemented. 
Process Process-1:
Traceback (most recent call last):
  File "/usr/lib/python3.7/multiprocessing/process.py", line 297, in _bootstrap
    self.run()
  File "/usr/lib/python3.7/multiprocessing/process.py", line 99, in run
    self._target(*self._args, **self._kwargs)
  File "/usr/local/lib/python3.7/dist-packages/manticore/ethereum/manticore.py", line 1766, in worker_finalize
    finalizer(q.get_nowait())
  File "/usr/local/lib/python3.7/dist-packages/manticore/ethereum/manticore.py", line 1757, in finalizer
    if only_alive_states and last_tx.result in {"REVERT", "THROW", "TXERROR"}:
AttributeError: 'NoneType' object has no attribute 'result'
2023-07-03 16:04:47,912: [86] m.c.manticore:INFO: Results in /mcore_evqxyoox
2023-07-03 16:04:47,913: [86] m.c.manticore:WARNING: Manticore failed to run
2023-07-03 16:04:48,578: [111] m.main:INFO: Registered plugins: IntrospectionAPIPlugin, <class 'manticore.ethereum.plugins.SkipRevertBasicBlocks'>, <class 'manticore.ethereum.plugins.FilterFunctions'>
2023-07-03 16:04:48,579: [111] m.main:INFO: Beginning analysis
2023-07-03 16:04:48,581: [111] m.e.manticore:INFO: Starting symbolic create contract
2023-07-03 16:04:48,600: [111] m.e.manticore:INFO: Failed to build contract not Errors : Invalid solc compilation sb/InitializableGovernable_1.sol:7:1: Error: Source "@openzeppelin/upgrades/contracts/Initializable.sol" not found: File not found.
import {
^ (Relevant source part starts here and spans across multiple lines).
sb/InitializableGovernable_1.sol:11:1: Error: Source "sb/Governable.sol" not found: File not found.
import { Governable } from "./Governable.sol";
^--------------------------------------------^

. Solidity failed to generate bytecode for your contract. Check if all the abstract functions are implemented. 
Process Process-1:
Traceback (most recent call last):
  File "/usr/lib/python3.7/multiprocessing/process.py", line 297, in _bootstrap
    self.run()
  File "/usr/lib/python3.7/multiprocessing/process.py", line 99, in run
    self._target(*self._args, **self._kwargs)
  File "/usr/local/lib/python3.7/dist-packages/manticore/ethereum/manticore.py", line 1766, in worker_finalize
    finalizer(q.get_nowait())
  File "/usr/local/lib/python3.7/dist-packages/manticore/ethereum/manticore.py", line 1757, in finalizer
    if only_alive_states and last_tx.result in {"REVERT", "THROW", "TXERROR"}:
AttributeError: 'NoneType' object has no attribute 'result'
2023-07-03 16:04:48,691: [111] m.c.manticore:INFO: Results in /mcore_qq5gr1d7
2023-07-03 16:04:48,691: [111] m.c.manticore:WARNING: Manticore failed to run
2023-07-03 16:04:49,403: [136] m.main:INFO: Registered plugins: IntrospectionAPIPlugin, <class 'manticore.ethereum.plugins.SkipRevertBasicBlocks'>, <class 'manticore.ethereum.plugins.FilterFunctions'>
2023-07-03 16:04:49,403: [136] m.main:INFO: Beginning analysis
2023-07-03 16:04:49,406: [136] m.e.manticore:INFO: Starting symbolic create contract
2023-07-03 16:04:49,427: [136] m.e.manticore:INFO: Failed to build contract found: Errors : Invalid solc compilation sb/InitializableGovernable_1.sol:7:1: Error: Source "@openzeppelin/upgrades/contracts/Initializable.sol" not found: File not found.
import {
^ (Relevant source part starts here and spans across multiple lines).
sb/InitializableGovernable_1.sol:11:1: Error: Source "sb/Governable.sol" not found: File not found.
import { Governable } from "./Governable.sol";
^--------------------------------------------^

. Solidity failed to generate bytecode for your contract. Check if all the abstract functions are implemented. 
Process Process-1:
Traceback (most recent call last):
  File "/usr/lib/python3.7/multiprocessing/process.py", line 297, in _bootstrap
    self.run()
  File "/usr/lib/python3.7/multiprocessing/process.py", line 99, in run
    self._target(*self._args, **self._kwargs)
  File "/usr/local/lib/python3.7/dist-packages/manticore/ethereum/manticore.py", line 1766, in worker_finalize
    finalizer(q.get_nowait())
  File "/usr/local/lib/python3.7/dist-packages/manticore/ethereum/manticore.py", line 1757, in finalizer
    if only_alive_states and last_tx.result in {"REVERT", "THROW", "TXERROR"}:
AttributeError: 'NoneType' object has no attribute 'result'
2023-07-03 16:04:49,504: [136] m.c.manticore:INFO: Results in /mcore_ieotyla6
2023-07-03 16:04:49,505: [136] m.c.manticore:WARNING: Manticore failed to run
2023-07-03 16:04:50,152: [161] m.main:INFO: Registered plugins: IntrospectionAPIPlugin, <class 'manticore.ethereum.plugins.SkipRevertBasicBlocks'>, <class 'manticore.ethereum.plugins.FilterFunctions'>
2023-07-03 16:04:50,152: [161] m.main:INFO: Beginning analysis
2023-07-03 16:04:50,154: [161] m.e.manticore:INFO: Starting symbolic create contract
2023-07-03 16:04:50,170: [161] m.e.manticore:INFO: Failed to build contract File Errors : Invalid solc compilation sb/InitializableGovernable_1.sol:7:1: Error: Source "@openzeppelin/upgrades/contracts/Initializable.sol" not found: File not found.
import {
^ (Relevant source part starts here and spans across multiple lines).
sb/InitializableGovernable_1.sol:11:1: Error: Source "sb/Governable.sol" not found: File not found.
import { Governable } from "./Governable.sol";
^--------------------------------------------^

. Solidity failed to generate bytecode for your contract. Check if all the abstract functions are implemented. 
Process Process-1:
Traceback (most recent call last):
  File "/usr/lib/python3.7/multiprocessing/process.py", line 297, in _bootstrap
    self.run()
  File "/usr/lib/python3.7/multiprocessing/process.py", line 99, in run
    self._target(*self._args, **self._kwargs)
  File "/usr/local/lib/python3.7/dist-packages/manticore/ethereum/manticore.py", line 1766, in worker_finalize
    finalizer(q.get_nowait())
  File "/usr/local/lib/python3.7/dist-packages/manticore/ethereum/manticore.py", line 1757, in finalizer
    if only_alive_states and last_tx.result in {"REVERT", "THROW", "TXERROR"}:
AttributeError: 'NoneType' object has no attribute 'result'
2023-07-03 16:04:50,247: [161] m.c.manticore:INFO: Results in /mcore_z12wvuou
2023-07-03 16:04:50,247: [161] m.c.manticore:WARNING: Manticore failed to run
2023-07-03 16:04:50,808: [186] m.main:INFO: Registered plugins: IntrospectionAPIPlugin, <class 'manticore.ethereum.plugins.SkipRevertBasicBlocks'>, <class 'manticore.ethereum.plugins.FilterFunctions'>
2023-07-03 16:04:50,809: [186] m.main:INFO: Beginning analysis
2023-07-03 16:04:50,811: [186] m.e.manticore:INFO: Starting symbolic create contract
2023-07-03 16:04:50,829: [186] m.e.manticore:INFO: Failed to build contract not Errors : Invalid solc compilation sb/InitializableGovernable_1.sol:7:1: Error: Source "@openzeppelin/upgrades/contracts/Initializable.sol" not found: File not found.
import {
^ (Relevant source part starts here and spans across multiple lines).
sb/InitializableGovernable_1.sol:11:1: Error: Source "sb/Governable.sol" not found: File not found.
import { Governable } from "./Governable.sol";
^--------------------------------------------^

. Solidity failed to generate bytecode for your contract. Check if all the abstract functions are implemented. 
Process Process-1:
Traceback (most recent call last):
  File "/usr/lib/python3.7/multiprocessing/process.py", line 297, in _bootstrap
    self.run()
  File "/usr/lib/python3.7/multiprocessing/process.py", line 99, in run
    self._target(*self._args, **self._kwargs)
  File "/usr/local/lib/python3.7/dist-packages/manticore/ethereum/manticore.py", line 1766, in worker_finalize
    finalizer(q.get_nowait())
  File "/usr/local/lib/python3.7/dist-packages/manticore/ethereum/manticore.py", line 1757, in finalizer
    if only_alive_states and last_tx.result in {"REVERT", "THROW", "TXERROR"}:
AttributeError: 'NoneType' object has no attribute 'result'
2023-07-03 16:04:50,916: [186] m.c.manticore:INFO: Results in /mcore_jba78434
2023-07-03 16:04:50,916: [186] m.c.manticore:WARNING: Manticore failed to run
2023-07-03 16:04:51,539: [211] m.main:INFO: Registered plugins: IntrospectionAPIPlugin, <class 'manticore.ethereum.plugins.SkipRevertBasicBlocks'>, <class 'manticore.ethereum.plugins.FilterFunctions'>
2023-07-03 16:04:51,539: [211] m.main:INFO: Beginning analysis
2023-07-03 16:04:51,541: [211] m.e.manticore:INFO: Starting symbolic create contract
2023-07-03 16:04:51,561: [211] m.e.manticore:INFO: Failed to build contract found. Errors : Invalid solc compilation sb/InitializableGovernable_1.sol:7:1: Error: Source "@openzeppelin/upgrades/contracts/Initializable.sol" not found: File not found.
import {
^ (Relevant source part starts here and spans across multiple lines).
sb/InitializableGovernable_1.sol:11:1: Error: Source "sb/Governable.sol" not found: File not found.
import { Governable } from "./Governable.sol";
^--------------------------------------------^

. Solidity failed to generate bytecode for your contract. Check if all the abstract functions are implemented. 
Process Process-1:
Traceback (most recent call last):
  File "/usr/lib/python3.7/multiprocessing/process.py", line 297, in _bootstrap
    self.run()
  File "/usr/lib/python3.7/multiprocessing/process.py", line 99, in run
    self._target(*self._args, **self._kwargs)
  File "/usr/local/lib/python3.7/dist-packages/manticore/ethereum/manticore.py", line 1766, in worker_finalize
    finalizer(q.get_nowait())
  File "/usr/local/lib/python3.7/dist-packages/manticore/ethereum/manticore.py", line 1757, in finalizer
    if only_alive_states and last_tx.result in {"REVERT", "THROW", "TXERROR"}:
AttributeError: 'NoneType' object has no attribute 'result'
2023-07-03 16:04:51,633: [211] m.c.manticore:INFO: Results in /mcore_zr7yuv0z
2023-07-03 16:04:51,634: [211] m.c.manticore:WARNING: Manticore failed to run
2023-07-03 16:04:52,240: [236] m.main:INFO: Registered plugins: IntrospectionAPIPlugin, <class 'manticore.ethereum.plugins.SkipRevertBasicBlocks'>, <class 'manticore.ethereum.plugins.FilterFunctions'>
2023-07-03 16:04:52,240: [236] m.main:INFO: Beginning analysis
2023-07-03 16:04:52,243: [236] m.e.manticore:INFO: Starting symbolic create contract
2023-07-03 16:04:52,258: [236] m.e.manticore:INFO: Failed to build contract import Errors : Invalid solc compilation sb/InitializableGovernable_1.sol:7:1: Error: Source "@openzeppelin/upgrades/contracts/Initializable.sol" not found: File not found.
import {
^ (Relevant source part starts here and spans across multiple lines).
sb/InitializableGovernable_1.sol:11:1: Error: Source "sb/Governable.sol" not found: File not found.
import { Governable } from "./Governable.sol";
^--------------------------------------------^

. Solidity failed to generate bytecode for your contract. Check if all the abstract functions are implemented. 
Process Process-1:
Traceback (most recent call last):
  File "/usr/lib/python3.7/multiprocessing/process.py", line 297, in _bootstrap
    self.run()
  File "/usr/lib/python3.7/multiprocessing/process.py", line 99, in run
    self._target(*self._args, **self._kwargs)
  File "/usr/local/lib/python3.7/dist-packages/manticore/ethereum/manticore.py", line 1766, in worker_finalize
    finalizer(q.get_nowait())
  File "/usr/local/lib/python3.7/dist-packages/manticore/ethereum/manticore.py", line 1757, in finalizer
    if only_alive_states and last_tx.result in {"REVERT", "THROW", "TXERROR"}:
AttributeError: 'NoneType' object has no attribute 'result'
2023-07-03 16:04:52,332: [236] m.c.manticore:INFO: Results in /mcore___xp03x6
2023-07-03 16:04:52,333: [236] m.c.manticore:WARNING: Manticore failed to run
2023-07-03 16:04:52,964: [261] m.main:INFO: Registered plugins: IntrospectionAPIPlugin, <class 'manticore.ethereum.plugins.SkipRevertBasicBlocks'>, <class 'manticore.ethereum.plugins.FilterFunctions'>
2023-07-03 16:04:52,965: [261] m.main:INFO: Beginning analysis
2023-07-03 16:04:52,967: [261] m.e.manticore:INFO: Starting symbolic create contract
2023-07-03 16:04:52,985: [261] m.e.manticore:INFO: Failed to build contract { Errors : Invalid solc compilation sb/InitializableGovernable_1.sol:7:1: Error: Source "@openzeppelin/upgrades/contracts/Initializable.sol" not found: File not found.
import {
^ (Relevant source part starts here and spans across multiple lines).
sb/InitializableGovernable_1.sol:11:1: Error: Source "sb/Governable.sol" not found: File not found.
import { Governable } from "./Governable.sol";
^--------------------------------------------^

. Solidity failed to generate bytecode for your contract. Check if all the abstract functions are implemented. 
Process Process-1:
Traceback (most recent call last):
  File "/usr/lib/python3.7/multiprocessing/process.py", line 297, in _bootstrap
    self.run()
  File "/usr/lib/python3.7/multiprocessing/process.py", line 99, in run
    self._target(*self._args, **self._kwargs)
  File "/usr/local/lib/python3.7/dist-packages/manticore/ethereum/manticore.py", line 1766, in worker_finalize
    finalizer(q.get_nowait())
  File "/usr/local/lib/python3.7/dist-packages/manticore/ethereum/manticore.py", line 1757, in finalizer
    if only_alive_states and last_tx.result in {"REVERT", "THROW", "TXERROR"}:
AttributeError: 'NoneType' object has no attribute 'result'
2023-07-03 16:04:53,065: [261] m.c.manticore:INFO: Results in /mcore_apdtn8iv
2023-07-03 16:04:53,066: [261] m.c.manticore:WARNING: Manticore failed to run
2023-07-03 16:04:53,649: [286] m.main:INFO: Registered plugins: IntrospectionAPIPlugin, <class 'manticore.ethereum.plugins.SkipRevertBasicBlocks'>, <class 'manticore.ethereum.plugins.FilterFunctions'>
2023-07-03 16:04:53,649: [286] m.main:INFO: Beginning analysis
2023-07-03 16:04:53,653: [286] m.e.manticore:INFO: Starting symbolic create contract
2023-07-03 16:04:53,671: [286] m.e.manticore:INFO: Failed to build contract ^ Errors : Invalid solc compilation sb/InitializableGovernable_1.sol:7:1: Error: Source "@openzeppelin/upgrades/contracts/Initializable.sol" not found: File not found.
import {
^ (Relevant source part starts here and spans across multiple lines).
sb/InitializableGovernable_1.sol:11:1: Error: Source "sb/Governable.sol" not found: File not found.
import { Governable } from "./Governable.sol";
^--------------------------------------------^

. Solidity failed to generate bytecode for your contract. Check if all the abstract functions are implemented. 
Process Process-1:
Traceback (most recent call last):
  File "/usr/lib/python3.7/multiprocessing/process.py", line 297, in _bootstrap
    self.run()
  File "/usr/lib/python3.7/multiprocessing/process.py", line 99, in run
    self._target(*self._args, **self._kwargs)
  File "/usr/local/lib/python3.7/dist-packages/manticore/ethereum/manticore.py", line 1766, in worker_finalize
    finalizer(q.get_nowait())
  File "/usr/local/lib/python3.7/dist-packages/manticore/ethereum/manticore.py", line 1757, in finalizer
    if only_alive_states and last_tx.result in {"REVERT", "THROW", "TXERROR"}:
AttributeError: 'NoneType' object has no attribute 'result'
2023-07-03 16:04:53,749: [286] m.c.manticore:INFO: Results in /mcore_v73sy7xg
2023-07-03 16:04:53,750: [286] m.c.manticore:WARNING: Manticore failed to run
2023-07-03 16:04:54,363: [311] m.main:INFO: Registered plugins: IntrospectionAPIPlugin, <class 'manticore.ethereum.plugins.SkipRevertBasicBlocks'>, <class 'manticore.ethereum.plugins.FilterFunctions'>
2023-07-03 16:04:54,364: [311] m.main:INFO: Beginning analysis
2023-07-03 16:04:54,366: [311] m.e.manticore:INFO: Starting symbolic create contract
2023-07-03 16:04:54,386: [311] m.e.manticore:INFO: Failed to build contract (Relevant Errors : Invalid solc compilation sb/InitializableGovernable_1.sol:7:1: Error: Source "@openzeppelin/upgrades/contracts/Initializable.sol" not found: File not found.
import {
^ (Relevant source part starts here and spans across multiple lines).
sb/InitializableGovernable_1.sol:11:1: Error: Source "sb/Governable.sol" not found: File not found.
import { Governable } from "./Governable.sol";
^--------------------------------------------^

. Solidity failed to generate bytecode for your contract. Check if all the abstract functions are implemented. 
Process Process-1:
Traceback (most recent call last):
  File "/usr/lib/python3.7/multiprocessing/process.py", line 297, in _bootstrap
    self.run()
  File "/usr/lib/python3.7/multiprocessing/process.py", line 99, in run
    self._target(*self._args, **self._kwargs)
  File "/usr/local/lib/python3.7/dist-packages/manticore/ethereum/manticore.py", line 1766, in worker_finalize
    finalizer(q.get_nowait())
  File "/usr/local/lib/python3.7/dist-packages/manticore/ethereum/manticore.py", line 1757, in finalizer
    if only_alive_states and last_tx.result in {"REVERT", "THROW", "TXERROR"}:
AttributeError: 'NoneType' object has no attribute 'result'
2023-07-03 16:04:54,469: [311] m.c.manticore:INFO: Results in /mcore_tm10fjj5
2023-07-03 16:04:54,469: [311] m.c.manticore:WARNING: Manticore failed to run
2023-07-03 16:04:55,084: [336] m.main:INFO: Registered plugins: IntrospectionAPIPlugin, <class 'manticore.ethereum.plugins.SkipRevertBasicBlocks'>, <class 'manticore.ethereum.plugins.FilterFunctions'>
2023-07-03 16:04:55,085: [336] m.main:INFO: Beginning analysis
2023-07-03 16:04:55,087: [336] m.e.manticore:INFO: Starting symbolic create contract
2023-07-03 16:04:55,106: [336] m.e.manticore:INFO: Failed to build contract source Errors : Invalid solc compilation sb/InitializableGovernable_1.sol:7:1: Error: Source "@openzeppelin/upgrades/contracts/Initializable.sol" not found: File not found.
import {
^ (Relevant source part starts here and spans across multiple lines).
sb/InitializableGovernable_1.sol:11:1: Error: Source "sb/Governable.sol" not found: File not found.
import { Governable } from "./Governable.sol";
^--------------------------------------------^

. Solidity failed to generate bytecode for your contract. Check if all the abstract functions are implemented. 
Process Process-1:
Traceback (most recent call last):
  File "/usr/lib/python3.7/multiprocessing/process.py", line 297, in _bootstrap
    self.run()
  File "/usr/lib/python3.7/multiprocessing/process.py", line 99, in run
    self._target(*self._args, **self._kwargs)
  File "/usr/local/lib/python3.7/dist-packages/manticore/ethereum/manticore.py", line 1766, in worker_finalize
    finalizer(q.get_nowait())
  File "/usr/local/lib/python3.7/dist-packages/manticore/ethereum/manticore.py", line 1757, in finalizer
    if only_alive_states and last_tx.result in {"REVERT", "THROW", "TXERROR"}:
AttributeError: 'NoneType' object has no attribute 'result'
2023-07-03 16:04:55,190: [336] m.c.manticore:INFO: Results in /mcore_ipdbmdo4
2023-07-03 16:04:55,191: [336] m.c.manticore:WARNING: Manticore failed to run
2023-07-03 16:04:55,843: [361] m.main:INFO: Registered plugins: IntrospectionAPIPlugin, <class 'manticore.ethereum.plugins.SkipRevertBasicBlocks'>, <class 'manticore.ethereum.plugins.FilterFunctions'>
2023-07-03 16:04:55,843: [361] m.main:INFO: Beginning analysis
2023-07-03 16:04:55,845: [361] m.e.manticore:INFO: Starting symbolic create contract
2023-07-03 16:04:55,858: [361] m.e.manticore:INFO: Failed to build contract part Errors : Invalid solc compilation sb/InitializableGovernable_1.sol:7:1: Error: Source "@openzeppelin/upgrades/contracts/Initializable.sol" not found: File not found.
import {
^ (Relevant source part starts here and spans across multiple lines).
sb/InitializableGovernable_1.sol:11:1: Error: Source "sb/Governable.sol" not found: File not found.
import { Governable } from "./Governable.sol";
^--------------------------------------------^

. Solidity failed to generate bytecode for your contract. Check if all the abstract functions are implemented. 
Process Process-2:
Traceback (most recent call last):
  File "/usr/lib/python3.7/multiprocessing/process.py", line 297, in _bootstrap
    self.run()
  File "/usr/lib/python3.7/multiprocessing/process.py", line 99, in run
    self._target(*self._args, **self._kwargs)
  File "/usr/local/lib/python3.7/dist-packages/manticore/ethereum/manticore.py", line 1766, in worker_finalize
    finalizer(q.get_nowait())
  File "/usr/local/lib/python3.7/dist-packages/manticore/ethereum/manticore.py", line 1757, in finalizer
    if only_alive_states and last_tx.result in {"REVERT", "THROW", "TXERROR"}:
AttributeError: 'NoneType' object has no attribute 'result'
2023-07-03 16:04:55,922: [361] m.c.manticore:INFO: Results in /mcore_fgczev60
2023-07-03 16:04:55,923: [361] m.c.manticore:WARNING: Manticore failed to run
2023-07-03 16:04:56,620: [386] m.main:INFO: Registered plugins: IntrospectionAPIPlugin, <class 'manticore.ethereum.plugins.SkipRevertBasicBlocks'>, <class 'manticore.ethereum.plugins.FilterFunctions'>
2023-07-03 16:04:56,620: [386] m.main:INFO: Beginning analysis
2023-07-03 16:04:56,622: [386] m.e.manticore:INFO: Starting symbolic create contract
2023-07-03 16:04:56,640: [386] m.e.manticore:INFO: Failed to build contract starts Errors : Invalid solc compilation sb/InitializableGovernable_1.sol:7:1: Error: Source "@openzeppelin/upgrades/contracts/Initializable.sol" not found: File not found.
import {
^ (Relevant source part starts here and spans across multiple lines).
sb/InitializableGovernable_1.sol:11:1: Error: Source "sb/Governable.sol" not found: File not found.
import { Governable } from "./Governable.sol";
^--------------------------------------------^

. Solidity failed to generate bytecode for your contract. Check if all the abstract functions are implemented. 
Process Process-1:
Traceback (most recent call last):
  File "/usr/lib/python3.7/multiprocessing/process.py", line 297, in _bootstrap
    self.run()
  File "/usr/lib/python3.7/multiprocessing/process.py", line 99, in run
    self._target(*self._args, **self._kwargs)
  File "/usr/local/lib/python3.7/dist-packages/manticore/ethereum/manticore.py", line 1766, in worker_finalize
    finalizer(q.get_nowait())
  File "/usr/local/lib/python3.7/dist-packages/manticore/ethereum/manticore.py", line 1757, in finalizer
    if only_alive_states and last_tx.result in {"REVERT", "THROW", "TXERROR"}:
AttributeError: 'NoneType' object has no attribute 'result'
2023-07-03 16:04:56,732: [386] m.c.manticore:INFO: Results in /mcore_q2f48wjb
2023-07-03 16:04:56,733: [386] m.c.manticore:WARNING: Manticore failed to run
2023-07-03 16:04:57,358: [411] m.main:INFO: Registered plugins: IntrospectionAPIPlugin, <class 'manticore.ethereum.plugins.SkipRevertBasicBlocks'>, <class 'manticore.ethereum.plugins.FilterFunctions'>
2023-07-03 16:04:57,358: [411] m.main:INFO: Beginning analysis
2023-07-03 16:04:57,360: [411] m.e.manticore:INFO: Starting symbolic create contract
2023-07-03 16:04:57,377: [411] m.e.manticore:INFO: Failed to build contract here Errors : Invalid solc compilation sb/InitializableGovernable_1.sol:7:1: Error: Source "@openzeppelin/upgrades/contracts/Initializable.sol" not found: File not found.
import {
^ (Relevant source part starts here and spans across multiple lines).
sb/InitializableGovernable_1.sol:11:1: Error: Source "sb/Governable.sol" not found: File not found.
import { Governable } from "./Governable.sol";
^--------------------------------------------^

. Solidity failed to generate bytecode for your contract. Check if all the abstract functions are implemented. 
Process Process-1:
Traceback (most recent call last):
  File "/usr/lib/python3.7/multiprocessing/process.py", line 297, in _bootstrap
    self.run()
  File "/usr/lib/python3.7/multiprocessing/process.py", line 99, in run
    self._target(*self._args, **self._kwargs)
  File "/usr/local/lib/python3.7/dist-packages/manticore/ethereum/manticore.py", line 1766, in worker_finalize
    finalizer(q.get_nowait())
  File "/usr/local/lib/python3.7/dist-packages/manticore/ethereum/manticore.py", line 1757, in finalizer
    if only_alive_states and last_tx.result in {"REVERT", "THROW", "TXERROR"}:
AttributeError: 'NoneType' object has no attribute 'result'
2023-07-03 16:04:57,464: [411] m.c.manticore:INFO: Results in /mcore_2tnzbz8b
2023-07-03 16:04:57,464: [411] m.c.manticore:WARNING: Manticore failed to run
2023-07-03 16:04:58,119: [436] m.main:INFO: Registered plugins: IntrospectionAPIPlugin, <class 'manticore.ethereum.plugins.SkipRevertBasicBlocks'>, <class 'manticore.ethereum.plugins.FilterFunctions'>
2023-07-03 16:04:58,120: [436] m.main:INFO: Beginning analysis
2023-07-03 16:04:58,122: [436] m.e.manticore:INFO: Starting symbolic create contract
2023-07-03 16:04:58,139: [436] m.e.manticore:INFO: Failed to build contract and Errors : Invalid solc compilation sb/InitializableGovernable_1.sol:7:1: Error: Source "@openzeppelin/upgrades/contracts/Initializable.sol" not found: File not found.
import {
^ (Relevant source part starts here and spans across multiple lines).
sb/InitializableGovernable_1.sol:11:1: Error: Source "sb/Governable.sol" not found: File not found.
import { Governable } from "./Governable.sol";
^--------------------------------------------^

. Solidity failed to generate bytecode for your contract. Check if all the abstract functions are implemented. 
Process Process-1:
Traceback (most recent call last):
  File "/usr/lib/python3.7/multiprocessing/process.py", line 297, in _bootstrap
    self.run()
  File "/usr/lib/python3.7/multiprocessing/process.py", line 99, in run
    self._target(*self._args, **self._kwargs)
  File "/usr/local/lib/python3.7/dist-packages/manticore/ethereum/manticore.py", line 1766, in worker_finalize
    finalizer(q.get_nowait())
  File "/usr/local/lib/python3.7/dist-packages/manticore/ethereum/manticore.py", line 1757, in finalizer
    if only_alive_states and last_tx.result in {"REVERT", "THROW", "TXERROR"}:
AttributeError: 'NoneType' object has no attribute 'result'
2023-07-03 16:04:58,219: [436] m.c.manticore:INFO: Results in /mcore_kfl9d75i
2023-07-03 16:04:58,219: [436] m.c.manticore:WARNING: Manticore failed to run
2023-07-03 16:04:58,836: [461] m.main:INFO: Registered plugins: IntrospectionAPIPlugin, <class 'manticore.ethereum.plugins.SkipRevertBasicBlocks'>, <class 'manticore.ethereum.plugins.FilterFunctions'>
2023-07-03 16:04:58,836: [461] m.main:INFO: Beginning analysis
2023-07-03 16:04:58,838: [461] m.e.manticore:INFO: Starting symbolic create contract
2023-07-03 16:04:58,858: [461] m.e.manticore:INFO: Failed to build contract spans Errors : Invalid solc compilation sb/InitializableGovernable_1.sol:7:1: Error: Source "@openzeppelin/upgrades/contracts/Initializable.sol" not found: File not found.
import {
^ (Relevant source part starts here and spans across multiple lines).
sb/InitializableGovernable_1.sol:11:1: Error: Source "sb/Governable.sol" not found: File not found.
import { Governable } from "./Governable.sol";
^--------------------------------------------^

. Solidity failed to generate bytecode for your contract. Check if all the abstract functions are implemented. 
Process Process-1:
Traceback (most recent call last):
  File "/usr/lib/python3.7/multiprocessing/process.py", line 297, in _bootstrap
    self.run()
  File "/usr/lib/python3.7/multiprocessing/process.py", line 99, in run
    self._target(*self._args, **self._kwargs)
  File "/usr/local/lib/python3.7/dist-packages/manticore/ethereum/manticore.py", line 1766, in worker_finalize
    finalizer(q.get_nowait())
  File "/usr/local/lib/python3.7/dist-packages/manticore/ethereum/manticore.py", line 1757, in finalizer
    if only_alive_states and last_tx.result in {"REVERT", "THROW", "TXERROR"}:
AttributeError: 'NoneType' object has no attribute 'result'
2023-07-03 16:04:58,944: [461] m.c.manticore:INFO: Results in /mcore_rhlqqv6r
2023-07-03 16:04:58,944: [461] m.c.manticore:WARNING: Manticore failed to run
2023-07-03 16:04:59,648: [486] m.main:INFO: Registered plugins: IntrospectionAPIPlugin, <class 'manticore.ethereum.plugins.SkipRevertBasicBlocks'>, <class 'manticore.ethereum.plugins.FilterFunctions'>
2023-07-03 16:04:59,648: [486] m.main:INFO: Beginning analysis
2023-07-03 16:04:59,650: [486] m.e.manticore:INFO: Starting symbolic create contract
2023-07-03 16:04:59,672: [486] m.e.manticore:INFO: Failed to build contract across Errors : Invalid solc compilation sb/InitializableGovernable_1.sol:7:1: Error: Source "@openzeppelin/upgrades/contracts/Initializable.sol" not found: File not found.
import {
^ (Relevant source part starts here and spans across multiple lines).
sb/InitializableGovernable_1.sol:11:1: Error: Source "sb/Governable.sol" not found: File not found.
import { Governable } from "./Governable.sol";
^--------------------------------------------^

. Solidity failed to generate bytecode for your contract. Check if all the abstract functions are implemented. 
Process Process-1:
Traceback (most recent call last):
  File "/usr/lib/python3.7/multiprocessing/process.py", line 297, in _bootstrap
    self.run()
  File "/usr/lib/python3.7/multiprocessing/process.py", line 99, in run
    self._target(*self._args, **self._kwargs)
  File "/usr/local/lib/python3.7/dist-packages/manticore/ethereum/manticore.py", line 1766, in worker_finalize
    finalizer(q.get_nowait())
  File "/usr/local/lib/python3.7/dist-packages/manticore/ethereum/manticore.py", line 1757, in finalizer
    if only_alive_states and last_tx.result in {"REVERT", "THROW", "TXERROR"}:
AttributeError: 'NoneType' object has no attribute 'result'
2023-07-03 16:04:59,754: [486] m.c.manticore:INFO: Results in /mcore_mwi_vbvp
2023-07-03 16:04:59,755: [486] m.c.manticore:WARNING: Manticore failed to run
2023-07-03 16:05:00,452: [511] m.main:INFO: Registered plugins: IntrospectionAPIPlugin, <class 'manticore.ethereum.plugins.SkipRevertBasicBlocks'>, <class 'manticore.ethereum.plugins.FilterFunctions'>
2023-07-03 16:05:00,453: [511] m.main:INFO: Beginning analysis
2023-07-03 16:05:00,455: [511] m.e.manticore:INFO: Starting symbolic create contract
2023-07-03 16:05:00,474: [511] m.e.manticore:INFO: Failed to build contract multiple Errors : Invalid solc compilation sb/InitializableGovernable_1.sol:7:1: Error: Source "@openzeppelin/upgrades/contracts/Initializable.sol" not found: File not found.
import {
^ (Relevant source part starts here and spans across multiple lines).
sb/InitializableGovernable_1.sol:11:1: Error: Source "sb/Governable.sol" not found: File not found.
import { Governable } from "./Governable.sol";
^--------------------------------------------^

. Solidity failed to generate bytecode for your contract. Check if all the abstract functions are implemented. 
Process Process-1:
Traceback (most recent call last):
  File "/usr/lib/python3.7/multiprocessing/process.py", line 297, in _bootstrap
    self.run()
  File "/usr/lib/python3.7/multiprocessing/process.py", line 99, in run
    self._target(*self._args, **self._kwargs)
  File "/usr/local/lib/python3.7/dist-packages/manticore/ethereum/manticore.py", line 1766, in worker_finalize
    finalizer(q.get_nowait())
  File "/usr/local/lib/python3.7/dist-packages/manticore/ethereum/manticore.py", line 1757, in finalizer
    if only_alive_states and last_tx.result in {"REVERT", "THROW", "TXERROR"}:
AttributeError: 'NoneType' object has no attribute 'result'
2023-07-03 16:05:00,554: [511] m.c.manticore:INFO: Results in /mcore__9lf9q35
2023-07-03 16:05:00,555: [511] m.c.manticore:WARNING: Manticore failed to run
2023-07-03 16:05:01,225: [536] m.main:INFO: Registered plugins: IntrospectionAPIPlugin, <class 'manticore.ethereum.plugins.SkipRevertBasicBlocks'>, <class 'manticore.ethereum.plugins.FilterFunctions'>
2023-07-03 16:05:01,225: [536] m.main:INFO: Beginning analysis
2023-07-03 16:05:01,227: [536] m.e.manticore:INFO: Starting symbolic create contract
2023-07-03 16:05:01,249: [536] m.e.manticore:INFO: Failed to build contract lines). Errors : Invalid solc compilation sb/InitializableGovernable_1.sol:7:1: Error: Source "@openzeppelin/upgrades/contracts/Initializable.sol" not found: File not found.
import {
^ (Relevant source part starts here and spans across multiple lines).
sb/InitializableGovernable_1.sol:11:1: Error: Source "sb/Governable.sol" not found: File not found.
import { Governable } from "./Governable.sol";
^--------------------------------------------^

. Solidity failed to generate bytecode for your contract. Check if all the abstract functions are implemented. 
Process Process-1:
Traceback (most recent call last):
  File "/usr/lib/python3.7/multiprocessing/process.py", line 297, in _bootstrap
    self.run()
  File "/usr/lib/python3.7/multiprocessing/process.py", line 99, in run
    self._target(*self._args, **self._kwargs)
  File "/usr/local/lib/python3.7/dist-packages/manticore/ethereum/manticore.py", line 1766, in worker_finalize
    finalizer(q.get_nowait())
  File "/usr/local/lib/python3.7/dist-packages/manticore/ethereum/manticore.py", line 1757, in finalizer
    if only_alive_states and last_tx.result in {"REVERT", "THROW", "TXERROR"}:
AttributeError: 'NoneType' object has no attribute 'result'
2023-07-03 16:05:01,331: [536] m.c.manticore:INFO: Results in /mcore_uigclobw
2023-07-03 16:05:01,331: [536] m.c.manticore:WARNING: Manticore failed to run
