2023-07-03 16:48:13,957: [11] m.main:INFO: Registered plugins: IntrospectionAPIPlugin, <class 'manticore.ethereum.plugins.SkipRevertBasicBlocks'>, <class 'manticore.ethereum.plugins.FilterFunctions'>
2023-07-03 16:48:13,957: [11] m.main:INFO: Beginning analysis
2023-07-03 16:48:13,960: [11] m.e.manticore:INFO: Starting symbolic create contract
2023-07-03 16:48:14,714: [11] m.e.manticore:INFO: Starting symbolic transaction: 0
2023-07-03 16:48:15,401: [11] m.c.worker:ERROR: Exception in state 0: ManticoreError('Forking on unfeasible constraint set')
Traceback (most recent call last):
  File "/usr/local/lib/python3.7/dist-packages/manticore/core/worker.py", line 137, in run
    current_state.execute()
  File "/usr/local/lib/python3.7/dist-packages/manticore/ethereum/state.py", line 8, in execute
    return self._platform.execute()
  File "/usr/local/lib/python3.7/dist-packages/manticore/platforms/evm.py", line 3106, in execute
    self.current_vm.execute()
  File "/usr/local/lib/python3.7/dist-packages/manticore/platforms/evm.py", line 1322, in execute
    raise Concretize("Symbolic PC", expression=expression, setstate=setstate, policy="ALL")
manticore.core.state.Concretize

During handling of the above exception, another exception occurred:

Traceback (most recent call last):
  File "/usr/local/lib/python3.7/dist-packages/manticore/core/worker.py", line 158, in run
    m._fork(current_state, exc.expression, exc.policy, exc.setstate, exc.values)
  File "/usr/local/lib/python3.7/dist-packages/manticore/core/manticore.py", line 518, in _fork
    raise ManticoreError("Forking on unfeasible constraint set")
manticore.exceptions.ManticoreError: Forking on unfeasible constraint set
 
2023-07-03 16:48:15,408: [11] m.e.manticore:INFO: 0 alive states, 1 terminated states
2023-07-03 16:48:15,546: [11] m.c.manticore:INFO: Results in /mcore_ojr3q9i_
2023-07-03 16:48:15,547: [11] m.c.manticore:INFO: Total time: 0.8281550407409668
2023-07-03 16:48:16,398: [73] m.main:INFO: Registered plugins: IntrospectionAPIPlugin, <class 'manticore.ethereum.plugins.SkipRevertBasicBlocks'>, <class 'manticore.ethereum.plugins.FilterFunctions'>
2023-07-03 16:48:16,399: [73] m.main:INFO: Beginning analysis
2023-07-03 16:48:16,401: [73] m.e.manticore:INFO: Starting symbolic create contract
2023-07-03 16:48:18,068: [73] m.e.manticore:INFO: Starting symbolic transaction: 0
2023-07-03 16:48:38,464: [73] m.c.worker:ERROR: Exception in state 6: ManticoreError('Forking on unfeasible constraint set')
Traceback (most recent call last):
  File "/usr/local/lib/python3.7/dist-packages/manticore/core/worker.py", line 137, in run
    current_state.execute()
  File "/usr/local/lib/python3.7/dist-packages/manticore/ethereum/state.py", line 8, in execute
    return self._platform.execute()
  File "/usr/local/lib/python3.7/dist-packages/manticore/platforms/evm.py", line 3106, in execute
    self.current_vm.execute()
  File "/usr/local/lib/python3.7/dist-packages/manticore/platforms/evm.py", line 1322, in execute
    raise Concretize("Symbolic PC", expression=expression, setstate=setstate, policy="ALL")
manticore.core.state.Concretize

During handling of the above exception, another exception occurred:

Traceback (most recent call last):
  File "/usr/local/lib/python3.7/dist-packages/manticore/core/worker.py", line 158, in run
    m._fork(current_state, exc.expression, exc.policy, exc.setstate, exc.values)
  File "/usr/local/lib/python3.7/dist-packages/manticore/core/manticore.py", line 518, in _fork
    raise ManticoreError("Forking on unfeasible constraint set")
manticore.exceptions.ManticoreError: Forking on unfeasible constraint set
 
2023-07-03 16:48:42,104: [73] m.e.manticore:INFO: 0 alive states, 4 terminated states
2023-07-03 16:48:42,619: [73] m.c.manticore:INFO: Results in /mcore_h6dtlog0
2023-07-03 16:48:42,620: [73] m.c.manticore:INFO: Total time: 24.523696899414062
2023-07-03 16:48:43,452: [156] m.main:INFO: Registered plugins: IntrospectionAPIPlugin, <class 'manticore.ethereum.plugins.SkipRevertBasicBlocks'>, <class 'manticore.ethereum.plugins.FilterFunctions'>
2023-07-03 16:48:43,452: [156] m.main:INFO: Beginning analysis
2023-07-03 16:48:43,455: [156] m.e.manticore:INFO: Starting symbolic create contract
2023-07-03 16:48:48,666: [156] m.e.manticore:INFO: Starting symbolic transaction: 0
2023-07-03 16:51:36,777: [156] m.c.worker:ERROR: Exception in state 2: ManticoreError('Forking on unfeasible constraint set')
Traceback (most recent call last):
  File "/usr/local/lib/python3.7/dist-packages/manticore/core/worker.py", line 137, in run
    current_state.execute()
  File "/usr/local/lib/python3.7/dist-packages/manticore/ethereum/state.py", line 8, in execute
    return self._platform.execute()
  File "/usr/local/lib/python3.7/dist-packages/manticore/platforms/evm.py", line 3106, in execute
    self.current_vm.execute()
  File "/usr/local/lib/python3.7/dist-packages/manticore/platforms/evm.py", line 1322, in execute
    raise Concretize("Symbolic PC", expression=expression, setstate=setstate, policy="ALL")
manticore.core.state.Concretize

During handling of the above exception, another exception occurred:

Traceback (most recent call last):
  File "/usr/local/lib/python3.7/dist-packages/manticore/core/worker.py", line 158, in run
    m._fork(current_state, exc.expression, exc.policy, exc.setstate, exc.values)
  File "/usr/local/lib/python3.7/dist-packages/manticore/core/manticore.py", line 518, in _fork
    raise ManticoreError("Forking on unfeasible constraint set")
manticore.exceptions.ManticoreError: Forking on unfeasible constraint set
 
2023-07-03 16:51:41,192: [156] m.e.manticore:INFO: 0 alive states, 4 terminated states
2023-07-03 16:51:42,891: [156] m.c.manticore:INFO: Results in /mcore_1fvmlovn
2023-07-03 16:51:42,891: [156] m.c.manticore:INFO: Total time: 174.08768582344055
2023-07-03 16:51:43,603: [245] m.main:INFO: Registered plugins: IntrospectionAPIPlugin, <class 'manticore.ethereum.plugins.SkipRevertBasicBlocks'>, <class 'manticore.ethereum.plugins.FilterFunctions'>
2023-07-03 16:51:43,604: [245] m.main:INFO: Beginning analysis
2023-07-03 16:51:43,606: [245] m.e.manticore:INFO: Starting symbolic create contract
2023-07-03 16:51:45,237: [245] m.e.manticore:INFO: Starting symbolic transaction: 0
2023-07-03 16:52:05,788: [245] m.c.worker:ERROR: Exception in state 10: ManticoreError('Forking on unfeasible constraint set')
Traceback (most recent call last):
  File "/usr/local/lib/python3.7/dist-packages/manticore/core/worker.py", line 137, in run
    current_state.execute()
  File "/usr/local/lib/python3.7/dist-packages/manticore/ethereum/state.py", line 8, in execute
    return self._platform.execute()
  File "/usr/local/lib/python3.7/dist-packages/manticore/platforms/evm.py", line 3106, in execute
    self.current_vm.execute()
  File "/usr/local/lib/python3.7/dist-packages/manticore/platforms/evm.py", line 1322, in execute
    raise Concretize("Symbolic PC", expression=expression, setstate=setstate, policy="ALL")
manticore.core.state.Concretize

During handling of the above exception, another exception occurred:

Traceback (most recent call last):
  File "/usr/local/lib/python3.7/dist-packages/manticore/core/worker.py", line 158, in run
    m._fork(current_state, exc.expression, exc.policy, exc.setstate, exc.values)
  File "/usr/local/lib/python3.7/dist-packages/manticore/core/manticore.py", line 518, in _fork
    raise ManticoreError("Forking on unfeasible constraint set")
manticore.exceptions.ManticoreError: Forking on unfeasible constraint set
 
2023-07-03 16:52:08,901: [245] m.e.manticore:INFO: 0 alive states, 4 terminated states
2023-07-03 16:52:09,378: [245] m.c.manticore:INFO: Results in /mcore_q5r_t4dy
2023-07-03 16:52:09,378: [245] m.c.manticore:INFO: Total time: 24.110888242721558
2023-07-03 16:52:10,069: [328] m.main:INFO: Registered plugins: IntrospectionAPIPlugin, <class 'manticore.ethereum.plugins.SkipRevertBasicBlocks'>, <class 'manticore.ethereum.plugins.FilterFunctions'>
2023-07-03 16:52:10,069: [328] m.main:INFO: Beginning analysis
2023-07-03 16:52:10,072: [328] m.e.manticore:INFO: Starting symbolic create contract
2023-07-03 16:52:23,767: [328] m.e.manticore:INFO: Found a concrete globalsha3 b'\x00\x00\x00\x00\x00\x00\x00\x00\x00\x00\x00\x00\x00\x00\x00\x00\x00\x00\x00\x00\x00\x00\x00\x00\x00\x00\x00\x00\x00\x00\x00\x03' -> 87903029871075914254377627908054574944891091886930582284385770809450030037083
2023-07-03 16:52:27,217: [328] m.e.manticore:INFO: Found a concrete globalsha3 b'\x00\x00\x00\x00\x00\x00\x00\x00\x00\x00\x00\x00\x00\x00\x00\x00\x00\x00\x00\x00\x00\x00\x00\x00\x00\x00\x00\x00\x00\x00\x00\x04' -> 62514009886607029107290561805838585334079798074568712924583230797734656856475
2023-07-03 16:52:49,796: [328] m.e.manticore:INFO: Starting symbolic transaction: 0
