[INFO] | 2023-07-06 05:52:39 AM | analyzer.Brokerage_1 | Analysis started at: 2023-07-06 05:52:39 AM
[INFO] | 2023-07-06 05:52:41 AM | analyzer.Brokerage_1 | Version constraints: ['^0.5.2']
[INFO] | 2023-07-06 05:52:41 AM | analyzer.Brokerage_1 | solc version: v0.5.2
[INFO] | 2023-07-06 05:52:41 AM | analyzer.Brokerage_1 | Callgraph generation started!
[INFO] | 2023-07-06 05:52:41 AM | analyzer.Brokerage_1 | Callgraph generation finished!
[INFO] | 2023-07-06 05:52:41 AM | analyzer.Brokerage_1 | Interprocedural CFG generation started!
[INFO] | 2023-07-06 05:52:41 AM | analyzer.Brokerage_1 | Interprocedural CFG generation finished!
[INFO] | 2023-07-06 05:52:41 AM | analyzer.Brokerage_1 | Storage dependency graph generation started!
[INFO] | 2023-07-06 05:52:41 AM | analyzer.Brokerage_1 | Storage dependency graph generation finished!
[INFO] | 2023-07-06 05:52:41 AM | analyzer.Brokerage_1 | Value Range Analysis started
[INFO] | 2023-07-06 05:52:41 AM | analyzer.Brokerage_1 | Generating return summary for slitherConstructorConstantVariables
[INFO] | 2023-07-06 05:52:41 AM | analyzer.Brokerage_1 | Return summary generated for slitherConstructorConstantVariables
[INFO] | 2023-07-06 05:52:41 AM | analyzer.Brokerage_1 | Range graph generated
[INFO] | 2023-07-06 05:52:41 AM | analyzer.Brokerage_1 | Processed function slitherConstructorConstantVariables
[INFO] | 2023-07-06 05:52:41 AM | analyzer.Brokerage_1 | Generating return summary for slitherConstructorConstantVariables
[INFO] | 2023-07-06 05:52:41 AM | analyzer.Brokerage_1 | Return summary generated for slitherConstructorConstantVariables
[INFO] | 2023-07-06 05:52:41 AM | analyzer.Brokerage_1 | Range graph generated
[INFO] | 2023-07-06 05:52:41 AM | analyzer.Brokerage_1 | Processed function slitherConstructorConstantVariables
[INFO] | 2023-07-06 05:52:41 AM | analyzer.Brokerage_1 | Generating return summary for slitherConstructorConstantVariables
[INFO] | 2023-07-06 05:52:41 AM | analyzer.Brokerage_1 | Return summary generated for slitherConstructorConstantVariables
[INFO] | 2023-07-06 05:52:41 AM | analyzer.Brokerage_1 | Range graph generated
[INFO] | 2023-07-06 05:52:41 AM | analyzer.Brokerage_1 | Processed function slitherConstructorConstantVariables
[INFO] | 2023-07-06 05:52:41 AM | analyzer.Brokerage_1 | Generating return summary for slitherConstructorConstantVariables
[INFO] | 2023-07-06 05:52:41 AM | analyzer.Brokerage_1 | Return summary generated for slitherConstructorConstantVariables
[INFO] | 2023-07-06 05:52:41 AM | analyzer.Brokerage_1 | Range graph generated
[INFO] | 2023-07-06 05:52:41 AM | analyzer.Brokerage_1 | Processed function slitherConstructorConstantVariables
[INFO] | 2023-07-06 05:52:41 AM | analyzer.Brokerage_1 | Generating return summary for WAD
[INFO] | 2023-07-06 05:52:41 AM | analyzer.Brokerage_1 | Return summary generated for WAD
[INFO] | 2023-07-06 05:52:41 AM | analyzer.Brokerage_1 | State variable assignement do not exist
[INFO] | 2023-07-06 05:52:41 AM | analyzer.Brokerage_1 | Processed function WAD
[INFO] | 2023-07-06 05:52:41 AM | analyzer.Brokerage_1 | Generating return summary for mul
[INFO] | 2023-07-06 05:52:41 AM | analyzer.Brokerage_1 | Return summary generated for mul
[INFO] | 2023-07-06 05:52:41 AM | analyzer.Brokerage_1 | State variable assignement do not exist
[INFO] | 2023-07-06 05:52:41 AM | analyzer.Brokerage_1 | Processed function mul
[INFO] | 2023-07-06 05:52:41 AM | analyzer.Brokerage_1 | Generating return summary for div
[INFO] | 2023-07-06 05:52:41 AM | analyzer.Brokerage_1 | Return summary generated for div
[INFO] | 2023-07-06 05:52:41 AM | analyzer.Brokerage_1 | State variable assignement do not exist
[INFO] | 2023-07-06 05:52:41 AM | analyzer.Brokerage_1 | Processed function div
[INFO] | 2023-07-06 05:52:41 AM | analyzer.Brokerage_1 | Generating return summary for sub
[INFO] | 2023-07-06 05:52:41 AM | analyzer.Brokerage_1 | Return summary generated for sub
[INFO] | 2023-07-06 05:52:41 AM | analyzer.Brokerage_1 | State variable assignement do not exist
[INFO] | 2023-07-06 05:52:41 AM | analyzer.Brokerage_1 | Processed function sub
[INFO] | 2023-07-06 05:52:41 AM | analyzer.Brokerage_1 | Generating return summary for add
[INFO] | 2023-07-06 05:52:41 AM | analyzer.Brokerage_1 | Return summary generated for add
[INFO] | 2023-07-06 05:52:41 AM | analyzer.Brokerage_1 | State variable assignement do not exist
[INFO] | 2023-07-06 05:52:41 AM | analyzer.Brokerage_1 | Processed function add
[INFO] | 2023-07-06 05:52:41 AM | analyzer.Brokerage_1 | Generating return summary for min
[INFO] | 2023-07-06 05:52:41 AM | analyzer.Brokerage_1 | Return summary generated for min
[INFO] | 2023-07-06 05:52:41 AM | analyzer.Brokerage_1 | State variable assignement do not exist
[INFO] | 2023-07-06 05:52:41 AM | analyzer.Brokerage_1 | Processed function min
[INFO] | 2023-07-06 05:52:41 AM | analyzer.Brokerage_1 | Generating return summary for max
[INFO] | 2023-07-06 05:52:41 AM | analyzer.Brokerage_1 | Return summary generated for max
[INFO] | 2023-07-06 05:52:41 AM | analyzer.Brokerage_1 | State variable assignement do not exist
[INFO] | 2023-07-06 05:52:41 AM | analyzer.Brokerage_1 | Processed function max
[INFO] | 2023-07-06 05:52:41 AM | analyzer.Brokerage_1 | Generating return summary for toUint256
[INFO] | 2023-07-06 05:52:41 AM | analyzer.Brokerage_1 | Return summary generated for toUint256
[INFO] | 2023-07-06 05:52:41 AM | analyzer.Brokerage_1 | State variable assignement do not exist
[INFO] | 2023-07-06 05:52:41 AM | analyzer.Brokerage_1 | Processed function toUint256
[INFO] | 2023-07-06 05:52:41 AM | analyzer.Brokerage_1 | Generating return summary for WAD
[INFO] | 2023-07-06 05:52:41 AM | analyzer.Brokerage_1 | Return summary generated for WAD
[INFO] | 2023-07-06 05:52:41 AM | analyzer.Brokerage_1 | State variable assignement do not exist
[INFO] | 2023-07-06 05:52:41 AM | analyzer.Brokerage_1 | Processed function WAD
[INFO] | 2023-07-06 05:52:41 AM | analyzer.Brokerage_1 | Generating return summary for add
[INFO] | 2023-07-06 05:52:41 AM | analyzer.Brokerage_1 | Return summary generated for add
[INFO] | 2023-07-06 05:52:41 AM | analyzer.Brokerage_1 | State variable assignement do not exist
[INFO] | 2023-07-06 05:52:41 AM | analyzer.Brokerage_1 | Processed function add
[INFO] | 2023-07-06 05:52:41 AM | analyzer.Brokerage_1 | Generating return summary for sub
[INFO] | 2023-07-06 05:52:41 AM | analyzer.Brokerage_1 | Return summary generated for sub
[INFO] | 2023-07-06 05:52:41 AM | analyzer.Brokerage_1 | State variable assignement do not exist
[INFO] | 2023-07-06 05:52:41 AM | analyzer.Brokerage_1 | Processed function sub
[INFO] | 2023-07-06 05:52:41 AM | analyzer.Brokerage_1 | Generating return summary for mul
[INFO] | 2023-07-06 05:52:41 AM | analyzer.Brokerage_1 | Return summary generated for mul
[INFO] | 2023-07-06 05:52:41 AM | analyzer.Brokerage_1 | State variable assignement do not exist
[INFO] | 2023-07-06 05:52:41 AM | analyzer.Brokerage_1 | Processed function mul
[INFO] | 2023-07-06 05:52:41 AM | analyzer.Brokerage_1 | Generating return summary for div
[INFO] | 2023-07-06 05:52:41 AM | analyzer.Brokerage_1 | Return summary generated for div
[INFO] | 2023-07-06 05:52:41 AM | analyzer.Brokerage_1 | State variable assignement do not exist
[INFO] | 2023-07-06 05:52:41 AM | analyzer.Brokerage_1 | Processed function div
[INFO] | 2023-07-06 05:52:41 AM | analyzer.Brokerage_1 | Generating return summary for min
[INFO] | 2023-07-06 05:52:41 AM | analyzer.Brokerage_1 | Return summary generated for min
[INFO] | 2023-07-06 05:52:41 AM | analyzer.Brokerage_1 | State variable assignement do not exist
[INFO] | 2023-07-06 05:52:41 AM | analyzer.Brokerage_1 | Processed function min
[INFO] | 2023-07-06 05:52:41 AM | analyzer.Brokerage_1 | Generating return summary for max
[INFO] | 2023-07-06 05:52:41 AM | analyzer.Brokerage_1 | Return summary generated for max
[INFO] | 2023-07-06 05:52:41 AM | analyzer.Brokerage_1 | State variable assignement do not exist
[INFO] | 2023-07-06 05:52:41 AM | analyzer.Brokerage_1 | Processed function max
[INFO] | 2023-07-06 05:52:41 AM | analyzer.Brokerage_1 | Generating return summary for toInt256
[INFO] | 2023-07-06 05:52:41 AM | analyzer.Brokerage_1 | Return summary generated for toInt256
[INFO] | 2023-07-06 05:52:41 AM | analyzer.Brokerage_1 | State variable assignement do not exist
[INFO] | 2023-07-06 05:52:41 AM | analyzer.Brokerage_1 | Processed function toInt256
[INFO] | 2023-07-06 05:52:41 AM | analyzer.Brokerage_1 | Generating return summary for mod
[INFO] | 2023-07-06 05:52:41 AM | analyzer.Brokerage_1 | Return summary generated for mod
[INFO] | 2023-07-06 05:52:41 AM | analyzer.Brokerage_1 | State variable assignement do not exist
[INFO] | 2023-07-06 05:52:41 AM | analyzer.Brokerage_1 | Processed function mod
[INFO] | 2023-07-06 05:52:41 AM | analyzer.Brokerage_1 | Generating return summary for hashEIP712Message
[INFO] | 2023-07-06 05:52:41 AM | analyzer.Brokerage_1 | Return summary generated for hashEIP712Message
[INFO] | 2023-07-06 05:52:41 AM | analyzer.Brokerage_1 | State variable assignement do not exist
[INFO] | 2023-07-06 05:52:41 AM | analyzer.Brokerage_1 | Processed function hashEIP712Message
[INFO] | 2023-07-06 05:52:41 AM | analyzer.Brokerage_1 | Generating return summary for isValidSignature
[INFO] | 2023-07-06 05:52:41 AM | analyzer.Brokerage_1 | Return summary generated for isValidSignature
[INFO] | 2023-07-06 05:52:41 AM | analyzer.Brokerage_1 | State variable assignement do not exist
[INFO] | 2023-07-06 05:52:41 AM | analyzer.Brokerage_1 | Processed function isValidSignature
[INFO] | 2023-07-06 05:52:41 AM | analyzer.Brokerage_1 | Generating return summary for getOrder
[INFO] | 2023-07-06 05:52:41 AM | analyzer.Brokerage_1 | Return summary generated for getOrder
[INFO] | 2023-07-06 05:52:41 AM | analyzer.Brokerage_1 | State variable assignement do not exist
[INFO] | 2023-07-06 05:52:41 AM | analyzer.Brokerage_1 | Processed function getOrder
[INFO] | 2023-07-06 05:52:41 AM | analyzer.Brokerage_1 | Generating return summary for hashOrder
[INFO] | 2023-07-06 05:52:41 AM | analyzer.Brokerage_1 | We should not consider this kind of return values!
[INFO] | 2023-07-06 05:52:41 AM | analyzer.Brokerage_1 | Return summary generated for hashOrder
[INFO] | 2023-07-06 05:52:41 AM | analyzer.Brokerage_1 | State variable assignement do not exist
[INFO] | 2023-07-06 05:52:41 AM | analyzer.Brokerage_1 | Processed function hashOrder
[INFO] | 2023-07-06 05:52:41 AM | analyzer.Brokerage_1 | Generating return summary for getOrderVersion
[INFO] | 2023-07-06 05:52:41 AM | analyzer.Brokerage_1 | Return summary generated for getOrderVersion
[INFO] | 2023-07-06 05:52:41 AM | analyzer.Brokerage_1 | State variable assignement do not exist
[INFO] | 2023-07-06 05:52:41 AM | analyzer.Brokerage_1 | Processed function getOrderVersion
[INFO] | 2023-07-06 05:52:41 AM | analyzer.Brokerage_1 | Generating return summary for getExpiredAt
[INFO] | 2023-07-06 05:52:41 AM | analyzer.Brokerage_1 | Return summary generated for getExpiredAt
[INFO] | 2023-07-06 05:52:41 AM | analyzer.Brokerage_1 | State variable assignement do not exist
[INFO] | 2023-07-06 05:52:41 AM | analyzer.Brokerage_1 | Processed function getExpiredAt
[INFO] | 2023-07-06 05:52:41 AM | analyzer.Brokerage_1 | Generating return summary for isMarketOrder
[INFO] | 2023-07-06 05:52:41 AM | analyzer.Brokerage_1 | Return summary generated for isMarketOrder
[INFO] | 2023-07-06 05:52:41 AM | analyzer.Brokerage_1 | State variable assignement do not exist
[INFO] | 2023-07-06 05:52:41 AM | analyzer.Brokerage_1 | Processed function isMarketOrder
[INFO] | 2023-07-06 05:52:41 AM | analyzer.Brokerage_1 | Generating return summary for isMakerOnly
[INFO] | 2023-07-06 05:52:41 AM | analyzer.Brokerage_1 | Return summary generated for isMakerOnly
[INFO] | 2023-07-06 05:52:41 AM | analyzer.Brokerage_1 | State variable assignement do not exist
[INFO] | 2023-07-06 05:52:41 AM | analyzer.Brokerage_1 | Processed function isMakerOnly
[INFO] | 2023-07-06 05:52:41 AM | analyzer.Brokerage_1 | Generating return summary for isInversed
[INFO] | 2023-07-06 05:52:41 AM | analyzer.Brokerage_1 | Return summary generated for isInversed
[INFO] | 2023-07-06 05:52:41 AM | analyzer.Brokerage_1 | State variable assignement do not exist
[INFO] | 2023-07-06 05:52:41 AM | analyzer.Brokerage_1 | Processed function isInversed
[INFO] | 2023-07-06 05:52:41 AM | analyzer.Brokerage_1 | Generating return summary for counterSide
[INFO] | 2023-07-06 05:52:41 AM | analyzer.Brokerage_1 | Return summary generated for counterSide
[INFO] | 2023-07-06 05:52:41 AM | analyzer.Brokerage_1 | State variable assignement do not exist
[INFO] | 2023-07-06 05:52:41 AM | analyzer.Brokerage_1 | Processed function counterSide
[INFO] | 2023-07-06 05:52:41 AM | analyzer.Brokerage_1 | Generating return summary for currentBroker
[INFO] | 2023-07-06 05:52:41 AM | analyzer.Brokerage_1 | Return summary generated for currentBroker
[INFO] | 2023-07-06 05:52:41 AM | analyzer.Brokerage_1 | State variable assignement do not exist
[INFO] | 2023-07-06 05:52:41 AM | analyzer.Brokerage_1 | Processed function currentBroker
[INFO] | 2023-07-06 05:52:41 AM | analyzer.Brokerage_1 | Generating return summary for getBroker
[INFO] | 2023-07-06 05:52:41 AM | analyzer.Brokerage_1 | Return summary generated for getBroker
[INFO] | 2023-07-06 05:52:42 AM | analyzer.Brokerage_1 | State variable assignement do not exist
[INFO] | 2023-07-06 05:52:42 AM | analyzer.Brokerage_1 | Processed function getBroker
[INFO] | 2023-07-06 05:52:42 AM | analyzer.Brokerage_1 | Generating return summary for makerFeeRate
[INFO] | 2023-07-06 05:52:42 AM | analyzer.Brokerage_1 | Return summary generated for makerFeeRate
[INFO] | 2023-07-06 05:52:42 AM | analyzer.Brokerage_1 | State variable assignement do not exist
[INFO] | 2023-07-06 05:52:42 AM | analyzer.Brokerage_1 | Processed function makerFeeRate
[INFO] | 2023-07-06 05:52:42 AM | analyzer.Brokerage_1 | Generating return summary for takerFeeRate
[INFO] | 2023-07-06 05:52:42 AM | analyzer.Brokerage_1 | Return summary generated for takerFeeRate
[INFO] | 2023-07-06 05:52:42 AM | analyzer.Brokerage_1 | State variable assignement do not exist
[INFO] | 2023-07-06 05:52:42 AM | analyzer.Brokerage_1 | Processed function takerFeeRate
[INFO] | 2023-07-06 05:52:42 AM | analyzer.Brokerage_1 | Generating return summary for neg
[INFO] | 2023-07-06 05:52:42 AM | analyzer.Brokerage_1 | Return summary generated for neg
[INFO] | 2023-07-06 05:52:42 AM | analyzer.Brokerage_1 | State variable assignement do not exist
[INFO] | 2023-07-06 05:52:42 AM | analyzer.Brokerage_1 | Processed function neg
[INFO] | 2023-07-06 05:52:42 AM | analyzer.Brokerage_1 | Generating return summary for roundHalfUp
[INFO] | 2023-07-06 05:52:42 AM | analyzer.Brokerage_1 | Return summary generated for roundHalfUp
[INFO] | 2023-07-06 05:52:42 AM | analyzer.Brokerage_1 | State variable assignement do not exist
[INFO] | 2023-07-06 05:52:42 AM | analyzer.Brokerage_1 | Processed function roundHalfUp
[INFO] | 2023-07-06 05:52:42 AM | analyzer.Brokerage_1 | Generating return summary for ceil
[INFO] | 2023-07-06 05:52:42 AM | analyzer.Brokerage_1 | Return summary generated for ceil
[INFO] | 2023-07-06 05:52:42 AM | analyzer.Brokerage_1 | State variable assignement do not exist
[INFO] | 2023-07-06 05:52:42 AM | analyzer.Brokerage_1 | Processed function ceil
[INFO] | 2023-07-06 05:52:42 AM | analyzer.Brokerage_1 | Generating return summary for wmul
[WARNING] | 2023-07-06 05:52:42 AM | analyzer.Brokerage_1 | No lvalue eligible assignment, is this some bug!
[INFO] | 2023-07-06 05:52:42 AM | analyzer.Brokerage_1 | Return summary generated for wmul
[INFO] | 2023-07-06 05:52:42 AM | analyzer.Brokerage_1 | State variable assignement do not exist
[INFO] | 2023-07-06 05:52:42 AM | analyzer.Brokerage_1 | Processed function wmul
[INFO] | 2023-07-06 05:52:42 AM | analyzer.Brokerage_1 | Generating return summary for wdiv
[WARNING] | 2023-07-06 05:52:42 AM | analyzer.Brokerage_1 | No lvalue eligible assignment, is this some bug!
[INFO] | 2023-07-06 05:52:42 AM | analyzer.Brokerage_1 | Return summary generated for wdiv
[INFO] | 2023-07-06 05:52:42 AM | analyzer.Brokerage_1 | State variable assignement do not exist
[INFO] | 2023-07-06 05:52:42 AM | analyzer.Brokerage_1 | Processed function wdiv
[INFO] | 2023-07-06 05:52:42 AM | analyzer.Brokerage_1 | Generating return summary for ceil
[INFO] | 2023-07-06 05:52:42 AM | analyzer.Brokerage_1 | Return summary generated for ceil
[INFO] | 2023-07-06 05:52:42 AM | analyzer.Brokerage_1 | State variable assignement do not exist
[INFO] | 2023-07-06 05:52:42 AM | analyzer.Brokerage_1 | Processed function ceil
[INFO] | 2023-07-06 05:52:42 AM | analyzer.Brokerage_1 | Generating return summary for setBroker
[INFO] | 2023-07-06 05:52:42 AM | analyzer.Brokerage_1 | Return summary generated for setBroker
[INFO] | 2023-07-06 05:52:42 AM | analyzer.Brokerage_1 | Range graph generated
[INFO] | 2023-07-06 05:52:42 AM | analyzer.Brokerage_1 | Processed function setBroker
[INFO] | 2023-07-06 05:52:42 AM | analyzer.Brokerage_1 | Generating return summary for wfrac
[WARNING] | 2023-07-06 05:52:42 AM | analyzer.Brokerage_1 | No lvalue eligible assignment, is this some bug!
[INFO] | 2023-07-06 05:52:42 AM | analyzer.Brokerage_1 | Return summary generated for wfrac
[INFO] | 2023-07-06 05:52:42 AM | analyzer.Brokerage_1 | State variable assignement do not exist
[INFO] | 2023-07-06 05:52:42 AM | analyzer.Brokerage_1 | Processed function wfrac
[INFO] | 2023-07-06 05:52:42 AM | analyzer.Brokerage_1 | Generating return summary for getOrderHash
[INFO] | 2023-07-06 05:52:42 AM | analyzer.Brokerage_1 | Return summary generated for getOrderHash
[INFO] | 2023-07-06 05:52:42 AM | analyzer.Brokerage_1 | State variable assignement do not exist
[INFO] | 2023-07-06 05:52:42 AM | analyzer.Brokerage_1 | Processed function getOrderHash
[INFO] | 2023-07-06 05:52:42 AM | analyzer.Brokerage_1 | Generating return summary for getOrderHash
[INFO] | 2023-07-06 05:52:42 AM | analyzer.Brokerage_1 | Return summary generated for getOrderHash
[INFO] | 2023-07-06 05:52:42 AM | analyzer.Brokerage_1 | State variable assignement do not exist
[INFO] | 2023-07-06 05:52:42 AM | analyzer.Brokerage_1 | Processed function getOrderHash
[INFO] | 2023-07-06 05:52:42 AM | analyzer.Brokerage_1 | Generating return summary for isSell
[INFO] | 2023-07-06 05:52:42 AM | analyzer.Brokerage_1 | Return summary generated for isSell
[INFO] | 2023-07-06 05:52:42 AM | analyzer.Brokerage_1 | State variable assignement do not exist
[INFO] | 2023-07-06 05:52:42 AM | analyzer.Brokerage_1 | Processed function isSell
[INFO] | 2023-07-06 05:52:42 AM | analyzer.Brokerage_1 | Generating return summary for wmul
[WARNING] | 2023-07-06 05:52:42 AM | analyzer.Brokerage_1 | No lvalue eligible assignment, is this some bug!
[INFO] | 2023-07-06 05:52:42 AM | analyzer.Brokerage_1 | Return summary generated for wmul
[INFO] | 2023-07-06 05:52:42 AM | analyzer.Brokerage_1 | State variable assignement do not exist
[INFO] | 2023-07-06 05:52:42 AM | analyzer.Brokerage_1 | Processed function wmul
[INFO] | 2023-07-06 05:52:42 AM | analyzer.Brokerage_1 | Generating return summary for wdiv
[WARNING] | 2023-07-06 05:52:42 AM | analyzer.Brokerage_1 | No lvalue eligible assignment, is this some bug!
[INFO] | 2023-07-06 05:52:42 AM | analyzer.Brokerage_1 | Return summary generated for wdiv
[INFO] | 2023-07-06 05:52:42 AM | analyzer.Brokerage_1 | State variable assignement do not exist
[INFO] | 2023-07-06 05:52:42 AM | analyzer.Brokerage_1 | Processed function wdiv
[INFO] | 2023-07-06 05:52:42 AM | analyzer.Brokerage_1 | Generating return summary for wfrac
[WARNING] | 2023-07-06 05:52:42 AM | analyzer.Brokerage_1 | No lvalue eligible assignment, is this some bug!
[INFO] | 2023-07-06 05:52:42 AM | analyzer.Brokerage_1 | Return summary generated for wfrac
[INFO] | 2023-07-06 05:52:42 AM | analyzer.Brokerage_1 | State variable assignement do not exist
[INFO] | 2023-07-06 05:52:42 AM | analyzer.Brokerage_1 | Processed function wfrac
[INFO] | 2023-07-06 05:52:42 AM | analyzer.Brokerage_1 | Generating return summary for getPrice
[INFO] | 2023-07-06 05:52:42 AM | analyzer.Brokerage_1 | Return summary generated for getPrice
[INFO] | 2023-07-06 05:52:42 AM | analyzer.Brokerage_1 | State variable assignement do not exist
[INFO] | 2023-07-06 05:52:42 AM | analyzer.Brokerage_1 | Processed function getPrice
[INFO] | 2023-07-06 05:52:42 AM | analyzer.Brokerage_1 | Generating return summary for isMarketBuy
[INFO] | 2023-07-06 05:52:42 AM | analyzer.Brokerage_1 | Return summary generated for isMarketBuy
[INFO] | 2023-07-06 05:52:42 AM | analyzer.Brokerage_1 | State variable assignement do not exist
[INFO] | 2023-07-06 05:52:42 AM | analyzer.Brokerage_1 | Processed function isMarketBuy
[INFO] | 2023-07-06 05:52:42 AM | analyzer.Brokerage_1 | Generating return summary for side
[INFO] | 2023-07-06 05:52:42 AM | analyzer.Brokerage_1 | Return summary generated for side
[INFO] | 2023-07-06 05:52:42 AM | analyzer.Brokerage_1 | State variable assignement do not exist
[INFO] | 2023-07-06 05:52:42 AM | analyzer.Brokerage_1 | Processed function side
[INFO] | 2023-07-06 05:52:42 AM | analyzer.Brokerage_1 | Generating return summary for wpowi
[INFO] | 2023-07-06 05:52:42 AM | analyzer.Brokerage_1 | Return summary generated for wpowi
[INFO] | 2023-07-06 05:52:42 AM | analyzer.Brokerage_1 | State variable assignement do not exist
[INFO] | 2023-07-06 05:52:42 AM | analyzer.Brokerage_1 | Processed function wpowi
[INFO] | 2023-07-06 05:52:42 AM | analyzer.Brokerage_1 | Generating return summary for wln
[INFO] | 2023-07-06 05:52:42 AM | analyzer.Brokerage_1 | Return summary generated for wln
[INFO] | 2023-07-06 05:52:42 AM | analyzer.Brokerage_1 | State variable assignement do not exist
[INFO] | 2023-07-06 05:52:42 AM | analyzer.Brokerage_1 | Processed function wln
[INFO] | 2023-07-06 05:52:42 AM | analyzer.Brokerage_1 | Generating return summary for logBase
[INFO] | 2023-07-06 05:52:42 AM | analyzer.Brokerage_1 | Return summary generated for logBase
[INFO] | 2023-07-06 05:52:42 AM | analyzer.Brokerage_1 | State variable assignement do not exist
[INFO] | 2023-07-06 05:52:42 AM | analyzer.Brokerage_1 | Processed function logBase
[INFO] | 2023-07-06 05:52:42 AM | analyzer.Brokerage_1 | Value Range Analysis took 0.015089 seconds
[INFO] | 2023-07-06 05:52:42 AM | analyzer.Brokerage_1 | Value Range Analysis finished
[INFO] | 2023-07-06 05:52:42 AM | analyzer.Brokerage_1 | Storage dependency graph compostion started!
[INFO] | 2023-07-06 05:52:42 AM | analyzer.Brokerage_1 | Storage dependency graph compostion finished!
[INFO] | 2023-07-06 05:52:42 AM | analyzer.Brokerage_1 | Dependency detection started!
[INFO] | 2023-07-06 05:52:42 AM | analyzer.Brokerage_1 | Dependency detection finished!
[INFO] | 2023-07-06 05:52:42 AM | analyzer.Brokerage_1 | Static Analysis took 2.592693 seconds
[INFO] | 2023-07-06 05:52:42 AM | analyzer.Brokerage_1 | Dependency does not exist
[INFO] | 2023-07-06 05:52:42 AM | analyzer.Brokerage_1 | Symbolic execution is not needed!
[INFO] | 2023-07-06 05:52:42 AM | analyzer.Brokerage_1 | Analysis finished!
[INFO] | 2023-07-06 05:52:42 AM | analyzer.Brokerage_1 | Analysis took 2.592840 seconds
[INFO] | 2023-07-06 05:52:42 AM | analyzer.Brokerage_1 | Analysis finished at: 2023-07-06 05:52:42 AM
