2023-07-03 16:36:46,343: [11] m.main:INFO: Registered plugins: IntrospectionAPIPlugin, <class 'manticore.ethereum.plugins.SkipRevertBasicBlocks'>, <class 'manticore.ethereum.plugins.FilterFunctions'>
2023-07-03 16:36:46,343: [11] m.main:INFO: Beginning analysis
2023-07-03 16:36:46,346: [11] m.e.manticore:INFO: Starting symbolic create contract
2023-07-03 16:36:46,420: [11] m.e.manticore:INFO: Failed to build contract /sb/LPool_1.sol:677:5: Errors : Invalid solc compilation Error: No visibility specified. Did you intend to add "public"?
   --> sb/LPool_1.sol:677:5:
    |
677 |     constructor () {
    |     ^ (Relevant source part starts here and spans across multiple lines).

Error: No visibility specified. Did you intend to add "public"?
    --> sb/LPool_1.sol:1447:5:
     |
1447 |     constructor() {
     |     ^ (Relevant source part starts here and spans across multiple lines).


. Solidity failed to generate bytecode for your contract. Check if all the abstract functions are implemented. 
Process Process-1:
Traceback (most recent call last):
  File "/usr/lib/python3.7/multiprocessing/process.py", line 297, in _bootstrap
    self.run()
  File "/usr/lib/python3.7/multiprocessing/process.py", line 99, in run
    self._target(*self._args, **self._kwargs)
  File "/usr/local/lib/python3.7/dist-packages/manticore/ethereum/manticore.py", line 1766, in worker_finalize
    finalizer(q.get_nowait())
  File "/usr/local/lib/python3.7/dist-packages/manticore/ethereum/manticore.py", line 1757, in finalizer
    if only_alive_states and last_tx.result in {"REVERT", "THROW", "TXERROR"}:
AttributeError: 'NoneType' object has no attribute 'result'
2023-07-03 16:36:46,511: [11] m.c.manticore:INFO: Results in /mcore_m4jp0ll4
2023-07-03 16:36:46,511: [11] m.c.manticore:WARNING: Manticore failed to run
2023-07-03 16:36:47,212: [36] m.main:INFO: Registered plugins: IntrospectionAPIPlugin, <class 'manticore.ethereum.plugins.SkipRevertBasicBlocks'>, <class 'manticore.ethereum.plugins.FilterFunctions'>
2023-07-03 16:36:47,212: [36] m.main:INFO: Beginning analysis
2023-07-03 16:36:47,214: [36] m.e.manticore:INFO: Starting symbolic create contract
2023-07-03 16:36:47,280: [36] m.e.manticore:INFO: Failed to build contract SyntaxError: Errors : Invalid solc compilation Error: No visibility specified. Did you intend to add "public"?
   --> sb/LPool_1.sol:677:5:
    |
677 |     constructor () {
    |     ^ (Relevant source part starts here and spans across multiple lines).

Error: No visibility specified. Did you intend to add "public"?
    --> sb/LPool_1.sol:1447:5:
     |
1447 |     constructor() {
     |     ^ (Relevant source part starts here and spans across multiple lines).


. Solidity failed to generate bytecode for your contract. Check if all the abstract functions are implemented. 
Process Process-1:
Traceback (most recent call last):
  File "/usr/lib/python3.7/multiprocessing/process.py", line 297, in _bootstrap
    self.run()
  File "/usr/lib/python3.7/multiprocessing/process.py", line 99, in run
    self._target(*self._args, **self._kwargs)
  File "/usr/local/lib/python3.7/dist-packages/manticore/ethereum/manticore.py", line 1766, in worker_finalize
    finalizer(q.get_nowait())
  File "/usr/local/lib/python3.7/dist-packages/manticore/ethereum/manticore.py", line 1757, in finalizer
    if only_alive_states and last_tx.result in {"REVERT", "THROW", "TXERROR"}:
AttributeError: 'NoneType' object has no attribute 'result'
2023-07-03 16:36:47,357: [36] m.c.manticore:INFO: Results in /mcore_xvn98r3r
2023-07-03 16:36:47,357: [36] m.c.manticore:WARNING: Manticore failed to run
2023-07-03 16:36:48,038: [61] m.main:INFO: Registered plugins: IntrospectionAPIPlugin, <class 'manticore.ethereum.plugins.SkipRevertBasicBlocks'>, <class 'manticore.ethereum.plugins.FilterFunctions'>
2023-07-03 16:36:48,039: [61] m.main:INFO: Beginning analysis
2023-07-03 16:36:48,041: [61] m.e.manticore:INFO: Starting symbolic create contract
2023-07-03 16:36:48,100: [61] m.e.manticore:INFO: Failed to build contract No Errors : Invalid solc compilation Error: No visibility specified. Did you intend to add "public"?
   --> sb/LPool_1.sol:677:5:
    |
677 |     constructor () {
    |     ^ (Relevant source part starts here and spans across multiple lines).

Error: No visibility specified. Did you intend to add "public"?
    --> sb/LPool_1.sol:1447:5:
     |
1447 |     constructor() {
     |     ^ (Relevant source part starts here and spans across multiple lines).


. Solidity failed to generate bytecode for your contract. Check if all the abstract functions are implemented. 
Process Process-1:
Traceback (most recent call last):
  File "/usr/lib/python3.7/multiprocessing/process.py", line 297, in _bootstrap
    self.run()
  File "/usr/lib/python3.7/multiprocessing/process.py", line 99, in run
    self._target(*self._args, **self._kwargs)
  File "/usr/local/lib/python3.7/dist-packages/manticore/ethereum/manticore.py", line 1766, in worker_finalize
    finalizer(q.get_nowait())
  File "/usr/local/lib/python3.7/dist-packages/manticore/ethereum/manticore.py", line 1757, in finalizer
    if only_alive_states and last_tx.result in {"REVERT", "THROW", "TXERROR"}:
AttributeError: 'NoneType' object has no attribute 'result'
2023-07-03 16:36:48,187: [61] m.c.manticore:INFO: Results in /mcore_91ispxu8
2023-07-03 16:36:48,187: [61] m.c.manticore:WARNING: Manticore failed to run
2023-07-03 16:36:48,847: [86] m.main:INFO: Registered plugins: IntrospectionAPIPlugin, <class 'manticore.ethereum.plugins.SkipRevertBasicBlocks'>, <class 'manticore.ethereum.plugins.FilterFunctions'>
2023-07-03 16:36:48,847: [86] m.main:INFO: Beginning analysis
2023-07-03 16:36:48,849: [86] m.e.manticore:INFO: Starting symbolic create contract
2023-07-03 16:36:48,913: [86] m.e.manticore:INFO: Failed to build contract visibility Errors : Invalid solc compilation Error: No visibility specified. Did you intend to add "public"?
   --> sb/LPool_1.sol:677:5:
    |
677 |     constructor () {
    |     ^ (Relevant source part starts here and spans across multiple lines).

Error: No visibility specified. Did you intend to add "public"?
    --> sb/LPool_1.sol:1447:5:
     |
1447 |     constructor() {
     |     ^ (Relevant source part starts here and spans across multiple lines).


. Solidity failed to generate bytecode for your contract. Check if all the abstract functions are implemented. 
Process Process-1:
Traceback (most recent call last):
  File "/usr/lib/python3.7/multiprocessing/process.py", line 297, in _bootstrap
    self.run()
  File "/usr/lib/python3.7/multiprocessing/process.py", line 99, in run
    self._target(*self._args, **self._kwargs)
  File "/usr/local/lib/python3.7/dist-packages/manticore/ethereum/manticore.py", line 1766, in worker_finalize
    finalizer(q.get_nowait())
  File "/usr/local/lib/python3.7/dist-packages/manticore/ethereum/manticore.py", line 1757, in finalizer
    if only_alive_states and last_tx.result in {"REVERT", "THROW", "TXERROR"}:
AttributeError: 'NoneType' object has no attribute 'result'
2023-07-03 16:36:48,976: [86] m.c.manticore:INFO: Results in /mcore_wjd8qwq2
2023-07-03 16:36:48,976: [86] m.c.manticore:WARNING: Manticore failed to run
2023-07-03 16:36:49,660: [111] m.main:INFO: Registered plugins: IntrospectionAPIPlugin, <class 'manticore.ethereum.plugins.SkipRevertBasicBlocks'>, <class 'manticore.ethereum.plugins.FilterFunctions'>
2023-07-03 16:36:49,660: [111] m.main:INFO: Beginning analysis
2023-07-03 16:36:49,663: [111] m.e.manticore:INFO: Starting symbolic create contract
2023-07-03 16:36:49,740: [111] m.e.manticore:INFO: Failed to build contract specified. Errors : Invalid solc compilation Error: No visibility specified. Did you intend to add "public"?
   --> sb/LPool_1.sol:677:5:
    |
677 |     constructor () {
    |     ^ (Relevant source part starts here and spans across multiple lines).

Error: No visibility specified. Did you intend to add "public"?
    --> sb/LPool_1.sol:1447:5:
     |
1447 |     constructor() {
     |     ^ (Relevant source part starts here and spans across multiple lines).


. Solidity failed to generate bytecode for your contract. Check if all the abstract functions are implemented. 
Process Process-1:
Traceback (most recent call last):
  File "/usr/lib/python3.7/multiprocessing/process.py", line 297, in _bootstrap
    self.run()
  File "/usr/lib/python3.7/multiprocessing/process.py", line 99, in run
    self._target(*self._args, **self._kwargs)
  File "/usr/local/lib/python3.7/dist-packages/manticore/ethereum/manticore.py", line 1766, in worker_finalize
    finalizer(q.get_nowait())
  File "/usr/local/lib/python3.7/dist-packages/manticore/ethereum/manticore.py", line 1757, in finalizer
    if only_alive_states and last_tx.result in {"REVERT", "THROW", "TXERROR"}:
AttributeError: 'NoneType' object has no attribute 'result'
2023-07-03 16:36:49,832: [111] m.c.manticore:INFO: Results in /mcore_1sv924qs
2023-07-03 16:36:49,833: [111] m.c.manticore:WARNING: Manticore failed to run
2023-07-03 16:36:50,656: [136] m.main:INFO: Registered plugins: IntrospectionAPIPlugin, <class 'manticore.ethereum.plugins.SkipRevertBasicBlocks'>, <class 'manticore.ethereum.plugins.FilterFunctions'>
2023-07-03 16:36:50,656: [136] m.main:INFO: Beginning analysis
2023-07-03 16:36:50,659: [136] m.e.manticore:INFO: Starting symbolic create contract
2023-07-03 16:36:50,724: [136] m.e.manticore:INFO: Failed to build contract Did Errors : Invalid solc compilation Error: No visibility specified. Did you intend to add "public"?
   --> sb/LPool_1.sol:677:5:
    |
677 |     constructor () {
    |     ^ (Relevant source part starts here and spans across multiple lines).

Error: No visibility specified. Did you intend to add "public"?
    --> sb/LPool_1.sol:1447:5:
     |
1447 |     constructor() {
     |     ^ (Relevant source part starts here and spans across multiple lines).


. Solidity failed to generate bytecode for your contract. Check if all the abstract functions are implemented. 
Process Process-1:
Traceback (most recent call last):
  File "/usr/lib/python3.7/multiprocessing/process.py", line 297, in _bootstrap
    self.run()
  File "/usr/lib/python3.7/multiprocessing/process.py", line 99, in run
    self._target(*self._args, **self._kwargs)
  File "/usr/local/lib/python3.7/dist-packages/manticore/ethereum/manticore.py", line 1766, in worker_finalize
    finalizer(q.get_nowait())
  File "/usr/local/lib/python3.7/dist-packages/manticore/ethereum/manticore.py", line 1757, in finalizer
    if only_alive_states and last_tx.result in {"REVERT", "THROW", "TXERROR"}:
AttributeError: 'NoneType' object has no attribute 'result'
2023-07-03 16:36:50,802: [136] m.c.manticore:INFO: Results in /mcore__7kqh_5p
2023-07-03 16:36:50,803: [136] m.c.manticore:WARNING: Manticore failed to run
2023-07-03 16:36:51,522: [161] m.main:INFO: Registered plugins: IntrospectionAPIPlugin, <class 'manticore.ethereum.plugins.SkipRevertBasicBlocks'>, <class 'manticore.ethereum.plugins.FilterFunctions'>
2023-07-03 16:36:51,522: [161] m.main:INFO: Beginning analysis
2023-07-03 16:36:51,524: [161] m.e.manticore:INFO: Starting symbolic create contract
2023-07-03 16:36:51,577: [161] m.e.manticore:INFO: Failed to build contract you Errors : Invalid solc compilation Error: No visibility specified. Did you intend to add "public"?
   --> sb/LPool_1.sol:677:5:
    |
677 |     constructor () {
    |     ^ (Relevant source part starts here and spans across multiple lines).

Error: No visibility specified. Did you intend to add "public"?
    --> sb/LPool_1.sol:1447:5:
     |
1447 |     constructor() {
     |     ^ (Relevant source part starts here and spans across multiple lines).


. Solidity failed to generate bytecode for your contract. Check if all the abstract functions are implemented. 
Process Process-1:
Traceback (most recent call last):
  File "/usr/lib/python3.7/multiprocessing/process.py", line 297, in _bootstrap
    self.run()
  File "/usr/lib/python3.7/multiprocessing/process.py", line 99, in run
    self._target(*self._args, **self._kwargs)
  File "/usr/local/lib/python3.7/dist-packages/manticore/ethereum/manticore.py", line 1766, in worker_finalize
    finalizer(q.get_nowait())
  File "/usr/local/lib/python3.7/dist-packages/manticore/ethereum/manticore.py", line 1757, in finalizer
    if only_alive_states and last_tx.result in {"REVERT", "THROW", "TXERROR"}:
AttributeError: 'NoneType' object has no attribute 'result'
2023-07-03 16:36:51,651: [161] m.c.manticore:INFO: Results in /mcore_3nf98s4z
2023-07-03 16:36:51,651: [161] m.c.manticore:WARNING: Manticore failed to run
2023-07-03 16:36:52,354: [186] m.main:INFO: Registered plugins: IntrospectionAPIPlugin, <class 'manticore.ethereum.plugins.SkipRevertBasicBlocks'>, <class 'manticore.ethereum.plugins.FilterFunctions'>
2023-07-03 16:36:52,355: [186] m.main:INFO: Beginning analysis
2023-07-03 16:36:52,358: [186] m.e.manticore:INFO: Starting symbolic create contract
2023-07-03 16:36:52,431: [186] m.e.manticore:INFO: Failed to build contract intend Errors : Invalid solc compilation Error: No visibility specified. Did you intend to add "public"?
   --> sb/LPool_1.sol:677:5:
    |
677 |     constructor () {
    |     ^ (Relevant source part starts here and spans across multiple lines).

Error: No visibility specified. Did you intend to add "public"?
    --> sb/LPool_1.sol:1447:5:
     |
1447 |     constructor() {
     |     ^ (Relevant source part starts here and spans across multiple lines).


. Solidity failed to generate bytecode for your contract. Check if all the abstract functions are implemented. 
Process Process-1:
Traceback (most recent call last):
  File "/usr/lib/python3.7/multiprocessing/process.py", line 297, in _bootstrap
    self.run()
  File "/usr/lib/python3.7/multiprocessing/process.py", line 99, in run
    self._target(*self._args, **self._kwargs)
  File "/usr/local/lib/python3.7/dist-packages/manticore/ethereum/manticore.py", line 1766, in worker_finalize
    finalizer(q.get_nowait())
  File "/usr/local/lib/python3.7/dist-packages/manticore/ethereum/manticore.py", line 1757, in finalizer
    if only_alive_states and last_tx.result in {"REVERT", "THROW", "TXERROR"}:
AttributeError: 'NoneType' object has no attribute 'result'
2023-07-03 16:36:52,526: [186] m.c.manticore:INFO: Results in /mcore_vo3bd1o7
2023-07-03 16:36:52,526: [186] m.c.manticore:WARNING: Manticore failed to run
2023-07-03 16:36:53,215: [211] m.main:INFO: Registered plugins: IntrospectionAPIPlugin, <class 'manticore.ethereum.plugins.SkipRevertBasicBlocks'>, <class 'manticore.ethereum.plugins.FilterFunctions'>
2023-07-03 16:36:53,215: [211] m.main:INFO: Beginning analysis
2023-07-03 16:36:53,217: [211] m.e.manticore:INFO: Starting symbolic create contract
2023-07-03 16:36:53,277: [211] m.e.manticore:INFO: Failed to build contract to Errors : Invalid solc compilation Error: No visibility specified. Did you intend to add "public"?
   --> sb/LPool_1.sol:677:5:
    |
677 |     constructor () {
    |     ^ (Relevant source part starts here and spans across multiple lines).

Error: No visibility specified. Did you intend to add "public"?
    --> sb/LPool_1.sol:1447:5:
     |
1447 |     constructor() {
     |     ^ (Relevant source part starts here and spans across multiple lines).


. Solidity failed to generate bytecode for your contract. Check if all the abstract functions are implemented. 
Process Process-1:
Traceback (most recent call last):
  File "/usr/lib/python3.7/multiprocessing/process.py", line 297, in _bootstrap
    self.run()
  File "/usr/lib/python3.7/multiprocessing/process.py", line 99, in run
    self._target(*self._args, **self._kwargs)
  File "/usr/local/lib/python3.7/dist-packages/manticore/ethereum/manticore.py", line 1766, in worker_finalize
    finalizer(q.get_nowait())
  File "/usr/local/lib/python3.7/dist-packages/manticore/ethereum/manticore.py", line 1757, in finalizer
    if only_alive_states and last_tx.result in {"REVERT", "THROW", "TXERROR"}:
AttributeError: 'NoneType' object has no attribute 'result'
2023-07-03 16:36:53,360: [211] m.c.manticore:INFO: Results in /mcore_k6b0xi6o
2023-07-03 16:36:53,361: [211] m.c.manticore:WARNING: Manticore failed to run
2023-07-03 16:36:53,985: [236] m.main:INFO: Registered plugins: IntrospectionAPIPlugin, <class 'manticore.ethereum.plugins.SkipRevertBasicBlocks'>, <class 'manticore.ethereum.plugins.FilterFunctions'>
2023-07-03 16:36:53,986: [236] m.main:INFO: Beginning analysis
2023-07-03 16:36:53,988: [236] m.e.manticore:INFO: Starting symbolic create contract
2023-07-03 16:36:54,065: [236] m.e.manticore:INFO: Failed to build contract add Errors : Invalid solc compilation Error: No visibility specified. Did you intend to add "public"?
   --> sb/LPool_1.sol:677:5:
    |
677 |     constructor () {
    |     ^ (Relevant source part starts here and spans across multiple lines).

Error: No visibility specified. Did you intend to add "public"?
    --> sb/LPool_1.sol:1447:5:
     |
1447 |     constructor() {
     |     ^ (Relevant source part starts here and spans across multiple lines).


. Solidity failed to generate bytecode for your contract. Check if all the abstract functions are implemented. 
Process Process-1:
Traceback (most recent call last):
  File "/usr/lib/python3.7/multiprocessing/process.py", line 297, in _bootstrap
    self.run()
  File "/usr/lib/python3.7/multiprocessing/process.py", line 99, in run
    self._target(*self._args, **self._kwargs)
  File "/usr/local/lib/python3.7/dist-packages/manticore/ethereum/manticore.py", line 1766, in worker_finalize
    finalizer(q.get_nowait())
  File "/usr/local/lib/python3.7/dist-packages/manticore/ethereum/manticore.py", line 1757, in finalizer
    if only_alive_states and last_tx.result in {"REVERT", "THROW", "TXERROR"}:
AttributeError: 'NoneType' object has no attribute 'result'
2023-07-03 16:36:54,155: [236] m.c.manticore:INFO: Results in /mcore_l3x1vav8
2023-07-03 16:36:54,155: [236] m.c.manticore:WARNING: Manticore failed to run
2023-07-03 16:36:54,827: [261] m.main:INFO: Registered plugins: IntrospectionAPIPlugin, <class 'manticore.ethereum.plugins.SkipRevertBasicBlocks'>, <class 'manticore.ethereum.plugins.FilterFunctions'>
2023-07-03 16:36:54,827: [261] m.main:INFO: Beginning analysis
2023-07-03 16:36:54,829: [261] m.e.manticore:INFO: Starting symbolic create contract
2023-07-03 16:36:54,881: [261] m.e.manticore:INFO: Failed to build contract "public"? Errors : Invalid solc compilation Error: No visibility specified. Did you intend to add "public"?
   --> sb/LPool_1.sol:677:5:
    |
677 |     constructor () {
    |     ^ (Relevant source part starts here and spans across multiple lines).

Error: No visibility specified. Did you intend to add "public"?
    --> sb/LPool_1.sol:1447:5:
     |
1447 |     constructor() {
     |     ^ (Relevant source part starts here and spans across multiple lines).


. Solidity failed to generate bytecode for your contract. Check if all the abstract functions are implemented. 
Process Process-1:
Traceback (most recent call last):
  File "/usr/lib/python3.7/multiprocessing/process.py", line 297, in _bootstrap
    self.run()
  File "/usr/lib/python3.7/multiprocessing/process.py", line 99, in run
    self._target(*self._args, **self._kwargs)
  File "/usr/local/lib/python3.7/dist-packages/manticore/ethereum/manticore.py", line 1766, in worker_finalize
    finalizer(q.get_nowait())
  File "/usr/local/lib/python3.7/dist-packages/manticore/ethereum/manticore.py", line 1757, in finalizer
    if only_alive_states and last_tx.result in {"REVERT", "THROW", "TXERROR"}:
AttributeError: 'NoneType' object has no attribute 'result'
2023-07-03 16:36:54,978: [261] m.c.manticore:INFO: Results in /mcore_sf0mpztl
2023-07-03 16:36:54,978: [261] m.c.manticore:WARNING: Manticore failed to run
2023-07-03 16:36:55,654: [286] m.main:INFO: Registered plugins: IntrospectionAPIPlugin, <class 'manticore.ethereum.plugins.SkipRevertBasicBlocks'>, <class 'manticore.ethereum.plugins.FilterFunctions'>
2023-07-03 16:36:55,655: [286] m.main:INFO: Beginning analysis
2023-07-03 16:36:55,657: [286] m.e.manticore:INFO: Starting symbolic create contract
2023-07-03 16:36:55,733: [286] m.e.manticore:INFO: Failed to build contract constructor Errors : Invalid solc compilation Error: No visibility specified. Did you intend to add "public"?
   --> sb/LPool_1.sol:677:5:
    |
677 |     constructor () {
    |     ^ (Relevant source part starts here and spans across multiple lines).

Error: No visibility specified. Did you intend to add "public"?
    --> sb/LPool_1.sol:1447:5:
     |
1447 |     constructor() {
     |     ^ (Relevant source part starts here and spans across multiple lines).


. Solidity failed to generate bytecode for your contract. Check if all the abstract functions are implemented. 
Process Process-1:
Traceback (most recent call last):
  File "/usr/lib/python3.7/multiprocessing/process.py", line 297, in _bootstrap
    self.run()
  File "/usr/lib/python3.7/multiprocessing/process.py", line 99, in run
    self._target(*self._args, **self._kwargs)
  File "/usr/local/lib/python3.7/dist-packages/manticore/ethereum/manticore.py", line 1766, in worker_finalize
    finalizer(q.get_nowait())
  File "/usr/local/lib/python3.7/dist-packages/manticore/ethereum/manticore.py", line 1757, in finalizer
    if only_alive_states and last_tx.result in {"REVERT", "THROW", "TXERROR"}:
AttributeError: 'NoneType' object has no attribute 'result'
2023-07-03 16:36:55,863: [286] m.c.manticore:INFO: Results in /mcore_q38x_w56
2023-07-03 16:36:55,863: [286] m.c.manticore:WARNING: Manticore failed to run
2023-07-03 16:36:56,581: [311] m.main:INFO: Registered plugins: IntrospectionAPIPlugin, <class 'manticore.ethereum.plugins.SkipRevertBasicBlocks'>, <class 'manticore.ethereum.plugins.FilterFunctions'>
2023-07-03 16:36:56,581: [311] m.main:INFO: Beginning analysis
2023-07-03 16:36:56,585: [311] m.e.manticore:INFO: Starting symbolic create contract
2023-07-03 16:36:56,664: [311] m.e.manticore:INFO: Failed to build contract () Errors : Invalid solc compilation Error: No visibility specified. Did you intend to add "public"?
   --> sb/LPool_1.sol:677:5:
    |
677 |     constructor () {
    |     ^ (Relevant source part starts here and spans across multiple lines).

Error: No visibility specified. Did you intend to add "public"?
    --> sb/LPool_1.sol:1447:5:
     |
1447 |     constructor() {
     |     ^ (Relevant source part starts here and spans across multiple lines).


. Solidity failed to generate bytecode for your contract. Check if all the abstract functions are implemented. 
Process Process-1:
Traceback (most recent call last):
  File "/usr/lib/python3.7/multiprocessing/process.py", line 297, in _bootstrap
    self.run()
  File "/usr/lib/python3.7/multiprocessing/process.py", line 99, in run
    self._target(*self._args, **self._kwargs)
  File "/usr/local/lib/python3.7/dist-packages/manticore/ethereum/manticore.py", line 1766, in worker_finalize
    finalizer(q.get_nowait())
  File "/usr/local/lib/python3.7/dist-packages/manticore/ethereum/manticore.py", line 1757, in finalizer
    if only_alive_states and last_tx.result in {"REVERT", "THROW", "TXERROR"}:
AttributeError: 'NoneType' object has no attribute 'result'
2023-07-03 16:36:56,730: [311] m.c.manticore:INFO: Results in /mcore_uzga0z0d
2023-07-03 16:36:56,730: [311] m.c.manticore:WARNING: Manticore failed to run
2023-07-03 16:36:57,356: [336] m.main:INFO: Registered plugins: IntrospectionAPIPlugin, <class 'manticore.ethereum.plugins.SkipRevertBasicBlocks'>, <class 'manticore.ethereum.plugins.FilterFunctions'>
2023-07-03 16:36:57,356: [336] m.main:INFO: Beginning analysis
2023-07-03 16:36:57,358: [336] m.e.manticore:INFO: Starting symbolic create contract
2023-07-03 16:36:57,418: [336] m.e.manticore:INFO: Failed to build contract { Errors : Invalid solc compilation Error: No visibility specified. Did you intend to add "public"?
   --> sb/LPool_1.sol:677:5:
    |
677 |     constructor () {
    |     ^ (Relevant source part starts here and spans across multiple lines).

Error: No visibility specified. Did you intend to add "public"?
    --> sb/LPool_1.sol:1447:5:
     |
1447 |     constructor() {
     |     ^ (Relevant source part starts here and spans across multiple lines).


. Solidity failed to generate bytecode for your contract. Check if all the abstract functions are implemented. 
Process Process-1:
Traceback (most recent call last):
  File "/usr/lib/python3.7/multiprocessing/process.py", line 297, in _bootstrap
    self.run()
  File "/usr/lib/python3.7/multiprocessing/process.py", line 99, in run
    self._target(*self._args, **self._kwargs)
  File "/usr/local/lib/python3.7/dist-packages/manticore/ethereum/manticore.py", line 1766, in worker_finalize
    finalizer(q.get_nowait())
  File "/usr/local/lib/python3.7/dist-packages/manticore/ethereum/manticore.py", line 1757, in finalizer
    if only_alive_states and last_tx.result in {"REVERT", "THROW", "TXERROR"}:
AttributeError: 'NoneType' object has no attribute 'result'
2023-07-03 16:36:57,481: [336] m.c.manticore:INFO: Results in /mcore_mzmk6hmz
2023-07-03 16:36:57,482: [336] m.c.manticore:WARNING: Manticore failed to run
2023-07-03 16:36:58,179: [361] m.main:INFO: Registered plugins: IntrospectionAPIPlugin, <class 'manticore.ethereum.plugins.SkipRevertBasicBlocks'>, <class 'manticore.ethereum.plugins.FilterFunctions'>
2023-07-03 16:36:58,179: [361] m.main:INFO: Beginning analysis
2023-07-03 16:36:58,181: [361] m.e.manticore:INFO: Starting symbolic create contract
2023-07-03 16:36:58,261: [361] m.e.manticore:INFO: Failed to build contract ^ Errors : Invalid solc compilation Error: No visibility specified. Did you intend to add "public"?
   --> sb/LPool_1.sol:677:5:
    |
677 |     constructor () {
    |     ^ (Relevant source part starts here and spans across multiple lines).

Error: No visibility specified. Did you intend to add "public"?
    --> sb/LPool_1.sol:1447:5:
     |
1447 |     constructor() {
     |     ^ (Relevant source part starts here and spans across multiple lines).


. Solidity failed to generate bytecode for your contract. Check if all the abstract functions are implemented. 
Process Process-1:
Traceback (most recent call last):
  File "/usr/lib/python3.7/multiprocessing/process.py", line 297, in _bootstrap
    self.run()
  File "/usr/lib/python3.7/multiprocessing/process.py", line 99, in run
    self._target(*self._args, **self._kwargs)
  File "/usr/local/lib/python3.7/dist-packages/manticore/ethereum/manticore.py", line 1766, in worker_finalize
    finalizer(q.get_nowait())
  File "/usr/local/lib/python3.7/dist-packages/manticore/ethereum/manticore.py", line 1757, in finalizer
    if only_alive_states and last_tx.result in {"REVERT", "THROW", "TXERROR"}:
AttributeError: 'NoneType' object has no attribute 'result'
2023-07-03 16:36:58,336: [361] m.c.manticore:INFO: Results in /mcore_ubvtpy4z
2023-07-03 16:36:58,336: [361] m.c.manticore:WARNING: Manticore failed to run
2023-07-03 16:36:59,011: [386] m.main:INFO: Registered plugins: IntrospectionAPIPlugin, <class 'manticore.ethereum.plugins.SkipRevertBasicBlocks'>, <class 'manticore.ethereum.plugins.FilterFunctions'>
2023-07-03 16:36:59,011: [386] m.main:INFO: Beginning analysis
2023-07-03 16:36:59,013: [386] m.e.manticore:INFO: Starting symbolic create contract
2023-07-03 16:36:59,079: [386] m.e.manticore:INFO: Failed to build contract (Relevant Errors : Invalid solc compilation Error: No visibility specified. Did you intend to add "public"?
   --> sb/LPool_1.sol:677:5:
    |
677 |     constructor () {
    |     ^ (Relevant source part starts here and spans across multiple lines).

Error: No visibility specified. Did you intend to add "public"?
    --> sb/LPool_1.sol:1447:5:
     |
1447 |     constructor() {
     |     ^ (Relevant source part starts here and spans across multiple lines).


. Solidity failed to generate bytecode for your contract. Check if all the abstract functions are implemented. 
Process Process-1:
Traceback (most recent call last):
  File "/usr/lib/python3.7/multiprocessing/process.py", line 297, in _bootstrap
    self.run()
  File "/usr/lib/python3.7/multiprocessing/process.py", line 99, in run
    self._target(*self._args, **self._kwargs)
  File "/usr/local/lib/python3.7/dist-packages/manticore/ethereum/manticore.py", line 1766, in worker_finalize
    finalizer(q.get_nowait())
  File "/usr/local/lib/python3.7/dist-packages/manticore/ethereum/manticore.py", line 1757, in finalizer
    if only_alive_states and last_tx.result in {"REVERT", "THROW", "TXERROR"}:
AttributeError: 'NoneType' object has no attribute 'result'
2023-07-03 16:36:59,169: [386] m.c.manticore:INFO: Results in /mcore_4paihdy7
2023-07-03 16:36:59,169: [386] m.c.manticore:WARNING: Manticore failed to run
2023-07-03 16:36:59,792: [411] m.main:INFO: Registered plugins: IntrospectionAPIPlugin, <class 'manticore.ethereum.plugins.SkipRevertBasicBlocks'>, <class 'manticore.ethereum.plugins.FilterFunctions'>
2023-07-03 16:36:59,792: [411] m.main:INFO: Beginning analysis
2023-07-03 16:36:59,795: [411] m.e.manticore:INFO: Starting symbolic create contract
2023-07-03 16:36:59,859: [411] m.e.manticore:INFO: Failed to build contract source Errors : Invalid solc compilation Error: No visibility specified. Did you intend to add "public"?
   --> sb/LPool_1.sol:677:5:
    |
677 |     constructor () {
    |     ^ (Relevant source part starts here and spans across multiple lines).

Error: No visibility specified. Did you intend to add "public"?
    --> sb/LPool_1.sol:1447:5:
     |
1447 |     constructor() {
     |     ^ (Relevant source part starts here and spans across multiple lines).


. Solidity failed to generate bytecode for your contract. Check if all the abstract functions are implemented. 
Process Process-1:
Traceback (most recent call last):
  File "/usr/lib/python3.7/multiprocessing/process.py", line 297, in _bootstrap
    self.run()
  File "/usr/lib/python3.7/multiprocessing/process.py", line 99, in run
    self._target(*self._args, **self._kwargs)
  File "/usr/local/lib/python3.7/dist-packages/manticore/ethereum/manticore.py", line 1766, in worker_finalize
    finalizer(q.get_nowait())
  File "/usr/local/lib/python3.7/dist-packages/manticore/ethereum/manticore.py", line 1757, in finalizer
    if only_alive_states and last_tx.result in {"REVERT", "THROW", "TXERROR"}:
AttributeError: 'NoneType' object has no attribute 'result'
2023-07-03 16:36:59,945: [411] m.c.manticore:INFO: Results in /mcore_8lk03hmg
2023-07-03 16:36:59,946: [411] m.c.manticore:WARNING: Manticore failed to run
2023-07-03 16:37:00,700: [436] m.main:INFO: Registered plugins: IntrospectionAPIPlugin, <class 'manticore.ethereum.plugins.SkipRevertBasicBlocks'>, <class 'manticore.ethereum.plugins.FilterFunctions'>
2023-07-03 16:37:00,701: [436] m.main:INFO: Beginning analysis
2023-07-03 16:37:00,704: [436] m.e.manticore:INFO: Starting symbolic create contract
2023-07-03 16:37:00,765: [436] m.e.manticore:INFO: Failed to build contract part Errors : Invalid solc compilation Error: No visibility specified. Did you intend to add "public"?
   --> sb/LPool_1.sol:677:5:
    |
677 |     constructor () {
    |     ^ (Relevant source part starts here and spans across multiple lines).

Error: No visibility specified. Did you intend to add "public"?
    --> sb/LPool_1.sol:1447:5:
     |
1447 |     constructor() {
     |     ^ (Relevant source part starts here and spans across multiple lines).


. Solidity failed to generate bytecode for your contract. Check if all the abstract functions are implemented. 
Process Process-1:
Traceback (most recent call last):
  File "/usr/lib/python3.7/multiprocessing/process.py", line 297, in _bootstrap
    self.run()
  File "/usr/lib/python3.7/multiprocessing/process.py", line 99, in run
    self._target(*self._args, **self._kwargs)
  File "/usr/local/lib/python3.7/dist-packages/manticore/ethereum/manticore.py", line 1766, in worker_finalize
    finalizer(q.get_nowait())
  File "/usr/local/lib/python3.7/dist-packages/manticore/ethereum/manticore.py", line 1757, in finalizer
    if only_alive_states and last_tx.result in {"REVERT", "THROW", "TXERROR"}:
AttributeError: 'NoneType' object has no attribute 'result'
2023-07-03 16:37:00,854: [436] m.c.manticore:INFO: Results in /mcore_1sj2_g72
2023-07-03 16:37:00,854: [436] m.c.manticore:WARNING: Manticore failed to run
2023-07-03 16:37:01,517: [461] m.main:INFO: Registered plugins: IntrospectionAPIPlugin, <class 'manticore.ethereum.plugins.SkipRevertBasicBlocks'>, <class 'manticore.ethereum.plugins.FilterFunctions'>
2023-07-03 16:37:01,517: [461] m.main:INFO: Beginning analysis
2023-07-03 16:37:01,521: [461] m.e.manticore:INFO: Starting symbolic create contract
2023-07-03 16:37:01,608: [461] m.e.manticore:INFO: Failed to build contract starts Errors : Invalid solc compilation Error: No visibility specified. Did you intend to add "public"?
   --> sb/LPool_1.sol:677:5:
    |
677 |     constructor () {
    |     ^ (Relevant source part starts here and spans across multiple lines).

Error: No visibility specified. Did you intend to add "public"?
    --> sb/LPool_1.sol:1447:5:
     |
1447 |     constructor() {
     |     ^ (Relevant source part starts here and spans across multiple lines).


. Solidity failed to generate bytecode for your contract. Check if all the abstract functions are implemented. 
Process Process-1:
Traceback (most recent call last):
  File "/usr/lib/python3.7/multiprocessing/process.py", line 297, in _bootstrap
    self.run()
  File "/usr/lib/python3.7/multiprocessing/process.py", line 99, in run
    self._target(*self._args, **self._kwargs)
  File "/usr/local/lib/python3.7/dist-packages/manticore/ethereum/manticore.py", line 1766, in worker_finalize
    finalizer(q.get_nowait())
  File "/usr/local/lib/python3.7/dist-packages/manticore/ethereum/manticore.py", line 1757, in finalizer
    if only_alive_states and last_tx.result in {"REVERT", "THROW", "TXERROR"}:
AttributeError: 'NoneType' object has no attribute 'result'
2023-07-03 16:37:01,707: [461] m.c.manticore:INFO: Results in /mcore_bfzsqty9
2023-07-03 16:37:01,707: [461] m.c.manticore:WARNING: Manticore failed to run
2023-07-03 16:37:02,355: [486] m.main:INFO: Registered plugins: IntrospectionAPIPlugin, <class 'manticore.ethereum.plugins.SkipRevertBasicBlocks'>, <class 'manticore.ethereum.plugins.FilterFunctions'>
2023-07-03 16:37:02,355: [486] m.main:INFO: Beginning analysis
2023-07-03 16:37:02,358: [486] m.e.manticore:INFO: Starting symbolic create contract
2023-07-03 16:37:02,432: [486] m.e.manticore:INFO: Failed to build contract here Errors : Invalid solc compilation Error: No visibility specified. Did you intend to add "public"?
   --> sb/LPool_1.sol:677:5:
    |
677 |     constructor () {
    |     ^ (Relevant source part starts here and spans across multiple lines).

Error: No visibility specified. Did you intend to add "public"?
    --> sb/LPool_1.sol:1447:5:
     |
1447 |     constructor() {
     |     ^ (Relevant source part starts here and spans across multiple lines).


. Solidity failed to generate bytecode for your contract. Check if all the abstract functions are implemented. 
Process Process-1:
Traceback (most recent call last):
  File "/usr/lib/python3.7/multiprocessing/process.py", line 297, in _bootstrap
    self.run()
  File "/usr/lib/python3.7/multiprocessing/process.py", line 99, in run
    self._target(*self._args, **self._kwargs)
  File "/usr/local/lib/python3.7/dist-packages/manticore/ethereum/manticore.py", line 1766, in worker_finalize
    finalizer(q.get_nowait())
  File "/usr/local/lib/python3.7/dist-packages/manticore/ethereum/manticore.py", line 1757, in finalizer
    if only_alive_states and last_tx.result in {"REVERT", "THROW", "TXERROR"}:
AttributeError: 'NoneType' object has no attribute 'result'
2023-07-03 16:37:02,526: [486] m.c.manticore:INFO: Results in /mcore_xypfpy0_
2023-07-03 16:37:02,527: [486] m.c.manticore:WARNING: Manticore failed to run
2023-07-03 16:37:03,288: [511] m.main:INFO: Registered plugins: IntrospectionAPIPlugin, <class 'manticore.ethereum.plugins.SkipRevertBasicBlocks'>, <class 'manticore.ethereum.plugins.FilterFunctions'>
2023-07-03 16:37:03,289: [511] m.main:INFO: Beginning analysis
2023-07-03 16:37:03,291: [511] m.e.manticore:INFO: Starting symbolic create contract
2023-07-03 16:37:03,374: [511] m.e.manticore:INFO: Failed to build contract and Errors : Invalid solc compilation Error: No visibility specified. Did you intend to add "public"?
   --> sb/LPool_1.sol:677:5:
    |
677 |     constructor () {
    |     ^ (Relevant source part starts here and spans across multiple lines).

Error: No visibility specified. Did you intend to add "public"?
    --> sb/LPool_1.sol:1447:5:
     |
1447 |     constructor() {
     |     ^ (Relevant source part starts here and spans across multiple lines).


. Solidity failed to generate bytecode for your contract. Check if all the abstract functions are implemented. 
Process Process-1:
Traceback (most recent call last):
  File "/usr/lib/python3.7/multiprocessing/process.py", line 297, in _bootstrap
    self.run()
  File "/usr/lib/python3.7/multiprocessing/process.py", line 99, in run
    self._target(*self._args, **self._kwargs)
  File "/usr/local/lib/python3.7/dist-packages/manticore/ethereum/manticore.py", line 1766, in worker_finalize
    finalizer(q.get_nowait())
  File "/usr/local/lib/python3.7/dist-packages/manticore/ethereum/manticore.py", line 1757, in finalizer
    if only_alive_states and last_tx.result in {"REVERT", "THROW", "TXERROR"}:
AttributeError: 'NoneType' object has no attribute 'result'
2023-07-03 16:37:03,463: [511] m.c.manticore:INFO: Results in /mcore_g1bdswo8
2023-07-03 16:37:03,463: [511] m.c.manticore:WARNING: Manticore failed to run
2023-07-03 16:37:04,187: [536] m.main:INFO: Registered plugins: IntrospectionAPIPlugin, <class 'manticore.ethereum.plugins.SkipRevertBasicBlocks'>, <class 'manticore.ethereum.plugins.FilterFunctions'>
2023-07-03 16:37:04,187: [536] m.main:INFO: Beginning analysis
2023-07-03 16:37:04,190: [536] m.e.manticore:INFO: Starting symbolic create contract
2023-07-03 16:37:04,256: [536] m.e.manticore:INFO: Failed to build contract spans Errors : Invalid solc compilation Error: No visibility specified. Did you intend to add "public"?
   --> sb/LPool_1.sol:677:5:
    |
677 |     constructor () {
    |     ^ (Relevant source part starts here and spans across multiple lines).

Error: No visibility specified. Did you intend to add "public"?
    --> sb/LPool_1.sol:1447:5:
     |
1447 |     constructor() {
     |     ^ (Relevant source part starts here and spans across multiple lines).


. Solidity failed to generate bytecode for your contract. Check if all the abstract functions are implemented. 
Process Process-1:
Traceback (most recent call last):
  File "/usr/lib/python3.7/multiprocessing/process.py", line 297, in _bootstrap
    self.run()
  File "/usr/lib/python3.7/multiprocessing/process.py", line 99, in run
    self._target(*self._args, **self._kwargs)
  File "/usr/local/lib/python3.7/dist-packages/manticore/ethereum/manticore.py", line 1766, in worker_finalize
    finalizer(q.get_nowait())
  File "/usr/local/lib/python3.7/dist-packages/manticore/ethereum/manticore.py", line 1757, in finalizer
    if only_alive_states and last_tx.result in {"REVERT", "THROW", "TXERROR"}:
AttributeError: 'NoneType' object has no attribute 'result'
2023-07-03 16:37:04,326: [536] m.c.manticore:INFO: Results in /mcore_5z031iex
2023-07-03 16:37:04,327: [536] m.c.manticore:WARNING: Manticore failed to run
2023-07-03 16:37:05,013: [561] m.main:INFO: Registered plugins: IntrospectionAPIPlugin, <class 'manticore.ethereum.plugins.SkipRevertBasicBlocks'>, <class 'manticore.ethereum.plugins.FilterFunctions'>
2023-07-03 16:37:05,013: [561] m.main:INFO: Beginning analysis
2023-07-03 16:37:05,016: [561] m.e.manticore:INFO: Starting symbolic create contract
2023-07-03 16:37:05,101: [561] m.e.manticore:INFO: Failed to build contract across Errors : Invalid solc compilation Error: No visibility specified. Did you intend to add "public"?
   --> sb/LPool_1.sol:677:5:
    |
677 |     constructor () {
    |     ^ (Relevant source part starts here and spans across multiple lines).

Error: No visibility specified. Did you intend to add "public"?
    --> sb/LPool_1.sol:1447:5:
     |
1447 |     constructor() {
     |     ^ (Relevant source part starts here and spans across multiple lines).


. Solidity failed to generate bytecode for your contract. Check if all the abstract functions are implemented. 
Process Process-1:
Traceback (most recent call last):
  File "/usr/lib/python3.7/multiprocessing/process.py", line 297, in _bootstrap
    self.run()
  File "/usr/lib/python3.7/multiprocessing/process.py", line 99, in run
    self._target(*self._args, **self._kwargs)
  File "/usr/local/lib/python3.7/dist-packages/manticore/ethereum/manticore.py", line 1766, in worker_finalize
    finalizer(q.get_nowait())
  File "/usr/local/lib/python3.7/dist-packages/manticore/ethereum/manticore.py", line 1757, in finalizer
    if only_alive_states and last_tx.result in {"REVERT", "THROW", "TXERROR"}:
AttributeError: 'NoneType' object has no attribute 'result'
2023-07-03 16:37:05,181: [561] m.c.manticore:INFO: Results in /mcore_d7eg2a3x
2023-07-03 16:37:05,182: [561] m.c.manticore:WARNING: Manticore failed to run
2023-07-03 16:37:05,906: [586] m.main:INFO: Registered plugins: IntrospectionAPIPlugin, <class 'manticore.ethereum.plugins.SkipRevertBasicBlocks'>, <class 'manticore.ethereum.plugins.FilterFunctions'>
2023-07-03 16:37:05,907: [586] m.main:INFO: Beginning analysis
2023-07-03 16:37:05,910: [586] m.e.manticore:INFO: Starting symbolic create contract
2023-07-03 16:37:05,971: [586] m.e.manticore:INFO: Failed to build contract multiple Errors : Invalid solc compilation Error: No visibility specified. Did you intend to add "public"?
   --> sb/LPool_1.sol:677:5:
    |
677 |     constructor () {
    |     ^ (Relevant source part starts here and spans across multiple lines).

Error: No visibility specified. Did you intend to add "public"?
    --> sb/LPool_1.sol:1447:5:
     |
1447 |     constructor() {
     |     ^ (Relevant source part starts here and spans across multiple lines).


. Solidity failed to generate bytecode for your contract. Check if all the abstract functions are implemented. 
Process Process-1:
Traceback (most recent call last):
  File "/usr/lib/python3.7/multiprocessing/process.py", line 297, in _bootstrap
    self.run()
  File "/usr/lib/python3.7/multiprocessing/process.py", line 99, in run
    self._target(*self._args, **self._kwargs)
  File "/usr/local/lib/python3.7/dist-packages/manticore/ethereum/manticore.py", line 1766, in worker_finalize
    finalizer(q.get_nowait())
  File "/usr/local/lib/python3.7/dist-packages/manticore/ethereum/manticore.py", line 1757, in finalizer
    if only_alive_states and last_tx.result in {"REVERT", "THROW", "TXERROR"}:
AttributeError: 'NoneType' object has no attribute 'result'
2023-07-03 16:37:06,049: [586] m.c.manticore:INFO: Results in /mcore_g4umryno
2023-07-03 16:37:06,049: [586] m.c.manticore:WARNING: Manticore failed to run
2023-07-03 16:37:06,725: [611] m.main:INFO: Registered plugins: IntrospectionAPIPlugin, <class 'manticore.ethereum.plugins.SkipRevertBasicBlocks'>, <class 'manticore.ethereum.plugins.FilterFunctions'>
2023-07-03 16:37:06,726: [611] m.main:INFO: Beginning analysis
2023-07-03 16:37:06,728: [611] m.e.manticore:INFO: Starting symbolic create contract
2023-07-03 16:37:06,797: [611] m.e.manticore:INFO: Failed to build contract lines). Errors : Invalid solc compilation Error: No visibility specified. Did you intend to add "public"?
   --> sb/LPool_1.sol:677:5:
    |
677 |     constructor () {
    |     ^ (Relevant source part starts here and spans across multiple lines).

Error: No visibility specified. Did you intend to add "public"?
    --> sb/LPool_1.sol:1447:5:
     |
1447 |     constructor() {
     |     ^ (Relevant source part starts here and spans across multiple lines).


. Solidity failed to generate bytecode for your contract. Check if all the abstract functions are implemented. 
Process Process-1:
Traceback (most recent call last):
  File "/usr/lib/python3.7/multiprocessing/process.py", line 297, in _bootstrap
    self.run()
  File "/usr/lib/python3.7/multiprocessing/process.py", line 99, in run
    self._target(*self._args, **self._kwargs)
  File "/usr/local/lib/python3.7/dist-packages/manticore/ethereum/manticore.py", line 1766, in worker_finalize
    finalizer(q.get_nowait())
  File "/usr/local/lib/python3.7/dist-packages/manticore/ethereum/manticore.py", line 1757, in finalizer
    if only_alive_states and last_tx.result in {"REVERT", "THROW", "TXERROR"}:
AttributeError: 'NoneType' object has no attribute 'result'
2023-07-03 16:37:06,874: [611] m.c.manticore:INFO: Results in /mcore__y8n2z6j
2023-07-03 16:37:06,875: [611] m.c.manticore:WARNING: Manticore failed to run
