2023-07-03 15:49:16,799: [11] m.main:INFO: Registered plugins: IntrospectionAPIPlugin, <class 'manticore.ethereum.plugins.SkipRevertBasicBlocks'>, <class 'manticore.ethereum.plugins.FilterFunctions'>
2023-07-03 15:49:16,799: [11] m.main:INFO: Beginning analysis
2023-07-03 15:49:16,801: [11] m.e.manticore:INFO: Starting symbolic create contract
2023-07-03 15:49:18,125: [11] m.e.manticore:INFO: Starting symbolic transaction: 0
2023-07-03 15:49:18,244: [11] m.e.manticore:INFO: 0 alive states, 1 terminated states
2023-07-03 15:49:18,308: [11] m.e.manticore:INFO: Starting symbolic transaction: 1
2023-07-03 15:49:18,584: [11] m.c.manticore:INFO: Results in /mcore_c0gzv56q
2023-07-03 15:49:18,585: [11] m.c.manticore:INFO: Total time: 0.45649170875549316
2023-07-03 15:49:19,287: [70] m.main:INFO: Registered plugins: IntrospectionAPIPlugin, <class 'manticore.ethereum.plugins.SkipRevertBasicBlocks'>, <class 'manticore.ethereum.plugins.FilterFunctions'>
2023-07-03 15:49:19,287: [70] m.main:INFO: Beginning analysis
2023-07-03 15:49:19,289: [70] m.e.manticore:INFO: Starting symbolic create contract
2023-07-03 15:49:21,017: [70] m.e.manticore:INFO: Starting symbolic transaction: 0
2023-07-03 15:49:21,162: [70] m.e.manticore:INFO: 0 alive states, 1 terminated states
2023-07-03 15:49:21,218: [70] m.e.manticore:INFO: Starting symbolic transaction: 1
2023-07-03 15:49:21,479: [70] m.c.manticore:INFO: Results in /mcore_xzngonrj
2023-07-03 15:49:21,479: [70] m.c.manticore:INFO: Total time: 0.4583101272583008
2023-07-03 15:49:22,187: [129] m.main:INFO: Registered plugins: IntrospectionAPIPlugin, <class 'manticore.ethereum.plugins.SkipRevertBasicBlocks'>, <class 'manticore.ethereum.plugins.FilterFunctions'>
2023-07-03 15:49:22,188: [129] m.main:INFO: Beginning analysis
2023-07-03 15:49:22,190: [129] m.e.manticore:INFO: Starting symbolic create contract
2023-07-03 15:49:24,440: [129] m.e.manticore:INFO: Starting symbolic transaction: 0
2023-07-03 15:49:30,102: [129] m.e.manticore:INFO: 0 alive states, 3 terminated states
2023-07-03 15:49:30,380: [129] m.c.manticore:INFO: Results in /mcore_s8uw1eb0
2023-07-03 15:49:30,380: [129] m.c.manticore:INFO: Total time: 5.923830032348633
2023-07-03 15:49:31,073: [197] m.main:INFO: Registered plugins: IntrospectionAPIPlugin, <class 'manticore.ethereum.plugins.SkipRevertBasicBlocks'>, <class 'manticore.ethereum.plugins.FilterFunctions'>
2023-07-03 15:49:31,073: [197] m.main:INFO: Beginning analysis
2023-07-03 15:49:31,076: [197] m.e.manticore:INFO: Starting symbolic create contract
