2023-07-03 16:32:44,784: [11] m.main:INFO: Registered plugins: IntrospectionAPIPlugin, <class 'manticore.ethereum.plugins.SkipRevertBasicBlocks'>, <class 'manticore.ethereum.plugins.FilterFunctions'>
2023-07-03 16:32:44,784: [11] m.main:INFO: Beginning analysis
2023-07-03 16:32:44,787: [11] m.e.manticore:INFO: Starting symbolic create contract
2023-07-03 16:32:44,813: [11] m.e.manticore:INFO: Failed to build contract ParserError: Errors : Invalid solc compilation Error: Source "dependencies/openzeppelin/contracts/IERC20.sol" not found: File not found.
 --> sb/ReserveLogic_11.sol:4:1:
  |
4 | import {IERC20} from '../../../dependencies/openzeppelin/contracts/IERC20.sol';
  | ^^^^^^^^^^^^^^^^^^^^^^^^^^^^^^^^^^^^^^^^^^^^^^^^^^^^^^^^^^^^^^^^^^^^^^^^^^^^^^^

Error: Source "dependencies/openzeppelin/contracts/SafeERC20.sol" not found: File not found.
 --> sb/ReserveLogic_11.sol:5:1:
  |
5 | import {SafeERC20} from '../../../dependencies/openzeppelin/contracts/SafeERC20.sol';
  | ^^^^^^^^^^^^^^^^^^^^^^^^^^^^^^^^^^^^^^^^^^^^^^^^^^^^^^^^^^^^^^^^^^^^^^^^^^^^^^^^^^^^^

Error: Source "interfaces/IAToken.sol" not found: File not found.
 --> sb/ReserveLogic_11.sol:6:1:
  |
6 | import {IAToken} from '../../../interfaces/IAToken.sol';
  | ^^^^^^^^^^^^^^^^^^^^^^^^^^^^^^^^^^^^^^^^^^^^^^^^^^^^^^^^

Error: Source "interfaces/IStableDebtToken.sol" not found: File not found.
 --> sb/ReserveLogic_11.sol:7:1:
  |
7 | import {IStableDebtToken} from '../../../interfaces/IStableDebtToken.sol';
  | ^^^^^^^^^^^^^^^^^^^^^^^^^^^^^^^^^^^^^^^^^^^^^^^^^^^^^^^^^^^^^^^^^^^^^^^^^^

Error: Source "interfaces/IVariableDebtToken.sol" not found: File not found.
 --> sb/ReserveLogic_11.sol:8:1:
  |
8 | import {IVariableDebtToken} from '../../../interfaces/IVariableDebtToken.sol';
  | ^^^^^^^^^^^^^^^^^^^^^^^^^^^^^^^^^^^^^^^^^^^^^^^^^^^^^^^^^^^^^^^^^^^^^^^^^^^^^^

Error: Source "interfaces/IReserveInterestRateStrategy.sol" not found: File not found.
 --> sb/ReserveLogic_11.sol:9:1:
  |
9 | import {IReserveInterestRateStrategy} from '../../../interfaces/IReserveInterestRateStrategy.sol';
  | ^^^^^^^^^^^^^^^^^^^^^^^^^^^^^^^^^^^^^^^^^^^^^^^^^^^^^^^^^^^^^^^^^^^^^^^^^^^^^^^^^^^^^^^^^^^^^^^^^^

Error: Source "configuration/ReserveConfiguration.sol" not found: File not found.
  --> sb/ReserveLogic_11.sol:10:1:
   |
10 | import {ReserveConfiguration} from '../configuration/ReserveConfiguration.sol';
   | ^^^^^^^^^^^^^^^^^^^^^^^^^^^^^^^^^^^^^^^^^^^^^^^^^^^^^^^^^^^^^^^^^^^^^^^^^^^^^^^

Error: Source "math/MathUtils.sol" not found: File not found.
  --> sb/ReserveLogic_11.sol:11:1:
   |
11 | import {MathUtils} from '../math/MathUtils.sol';
   | ^^^^^^^^^^^^^^^^^^^^^^^^^^^^^^^^^^^^^^^^^^^^^^^^

Error: Source "math/WadRayMath.sol" not found: File not found.
  --> sb/ReserveLogic_11.sol:12:1:
   |
12 | import {WadRayMath} from '../math/WadRayMath.sol';
   | ^^^^^^^^^^^^^^^^^^^^^^^^^^^^^^^^^^^^^^^^^^^^^^^^^^

Error: Source "math/PercentageMath.sol" not found: File not found.
  --> sb/ReserveLogic_11.sol:13:1:
   |
13 | import {PercentageMath} from '../math/PercentageMath.sol';
   | ^^^^^^^^^^^^^^^^^^^^^^^^^^^^^^^^^^^^^^^^^^^^^^^^^^^^^^^^^^

Error: Source "helpers/Errors.sol" not found: File not found.
  --> sb/ReserveLogic_11.sol:14:1:
   |
14 | import {Errors} from '../helpers/Errors.sol';
   | ^^^^^^^^^^^^^^^^^^^^^^^^^^^^^^^^^^^^^^^^^^^^^

Error: Source "helpers/Helpers.sol" not found: File not found.
  --> sb/ReserveLogic_11.sol:15:1:
   |
15 | import {Helpers} from '../helpers/Helpers.sol';
   | ^^^^^^^^^^^^^^^^^^^^^^^^^^^^^^^^^^^^^^^^^^^^^^^

Error: Source "types/DataTypes.sol" not found: File not found.
  --> sb/ReserveLogic_11.sol:16:1:
   |
16 | import {DataTypes} from '../types/DataTypes.sol';
   | ^^^^^^^^^^^^^^^^^^^^^^^^^^^^^^^^^^^^^^^^^^^^^^^^^


. Solidity failed to generate bytecode for your contract. Check if all the abstract functions are implemented. 
Process Process-1:
Traceback (most recent call last):
  File "/usr/lib/python3.7/multiprocessing/process.py", line 297, in _bootstrap
    self.run()
  File "/usr/lib/python3.7/multiprocessing/process.py", line 99, in run
    self._target(*self._args, **self._kwargs)
  File "/usr/local/lib/python3.7/dist-packages/manticore/ethereum/manticore.py", line 1766, in worker_finalize
    finalizer(q.get_nowait())
  File "/usr/local/lib/python3.7/dist-packages/manticore/ethereum/manticore.py", line 1757, in finalizer
    if only_alive_states and last_tx.result in {"REVERT", "THROW", "TXERROR"}:
AttributeError: 'NoneType' object has no attribute 'result'
2023-07-03 16:32:44,905: [11] m.c.manticore:INFO: Results in /mcore_bebmtv7v
2023-07-03 16:32:44,905: [11] m.c.manticore:WARNING: Manticore failed to run
2023-07-03 16:32:45,520: [36] m.main:INFO: Registered plugins: IntrospectionAPIPlugin, <class 'manticore.ethereum.plugins.SkipRevertBasicBlocks'>, <class 'manticore.ethereum.plugins.FilterFunctions'>
2023-07-03 16:32:45,520: [36] m.main:INFO: Beginning analysis
2023-07-03 16:32:45,522: [36] m.e.manticore:INFO: Starting symbolic create contract
2023-07-03 16:32:45,537: [36] m.e.manticore:INFO: Failed to build contract Source Errors : Invalid solc compilation Error: Source "dependencies/openzeppelin/contracts/IERC20.sol" not found: File not found.
 --> sb/ReserveLogic_11.sol:4:1:
  |
4 | import {IERC20} from '../../../dependencies/openzeppelin/contracts/IERC20.sol';
  | ^^^^^^^^^^^^^^^^^^^^^^^^^^^^^^^^^^^^^^^^^^^^^^^^^^^^^^^^^^^^^^^^^^^^^^^^^^^^^^^

Error: Source "dependencies/openzeppelin/contracts/SafeERC20.sol" not found: File not found.
 --> sb/ReserveLogic_11.sol:5:1:
  |
5 | import {SafeERC20} from '../../../dependencies/openzeppelin/contracts/SafeERC20.sol';
  | ^^^^^^^^^^^^^^^^^^^^^^^^^^^^^^^^^^^^^^^^^^^^^^^^^^^^^^^^^^^^^^^^^^^^^^^^^^^^^^^^^^^^^

Error: Source "interfaces/IAToken.sol" not found: File not found.
 --> sb/ReserveLogic_11.sol:6:1:
  |
6 | import {IAToken} from '../../../interfaces/IAToken.sol';
  | ^^^^^^^^^^^^^^^^^^^^^^^^^^^^^^^^^^^^^^^^^^^^^^^^^^^^^^^^

Error: Source "interfaces/IStableDebtToken.sol" not found: File not found.
 --> sb/ReserveLogic_11.sol:7:1:
  |
7 | import {IStableDebtToken} from '../../../interfaces/IStableDebtToken.sol';
  | ^^^^^^^^^^^^^^^^^^^^^^^^^^^^^^^^^^^^^^^^^^^^^^^^^^^^^^^^^^^^^^^^^^^^^^^^^^

Error: Source "interfaces/IVariableDebtToken.sol" not found: File not found.
 --> sb/ReserveLogic_11.sol:8:1:
  |
8 | import {IVariableDebtToken} from '../../../interfaces/IVariableDebtToken.sol';
  | ^^^^^^^^^^^^^^^^^^^^^^^^^^^^^^^^^^^^^^^^^^^^^^^^^^^^^^^^^^^^^^^^^^^^^^^^^^^^^^

Error: Source "interfaces/IReserveInterestRateStrategy.sol" not found: File not found.
 --> sb/ReserveLogic_11.sol:9:1:
  |
9 | import {IReserveInterestRateStrategy} from '../../../interfaces/IReserveInterestRateStrategy.sol';
  | ^^^^^^^^^^^^^^^^^^^^^^^^^^^^^^^^^^^^^^^^^^^^^^^^^^^^^^^^^^^^^^^^^^^^^^^^^^^^^^^^^^^^^^^^^^^^^^^^^^

Error: Source "configuration/ReserveConfiguration.sol" not found: File not found.
  --> sb/ReserveLogic_11.sol:10:1:
   |
10 | import {ReserveConfiguration} from '../configuration/ReserveConfiguration.sol';
   | ^^^^^^^^^^^^^^^^^^^^^^^^^^^^^^^^^^^^^^^^^^^^^^^^^^^^^^^^^^^^^^^^^^^^^^^^^^^^^^^

Error: Source "math/MathUtils.sol" not found: File not found.
  --> sb/ReserveLogic_11.sol:11:1:
   |
11 | import {MathUtils} from '../math/MathUtils.sol';
   | ^^^^^^^^^^^^^^^^^^^^^^^^^^^^^^^^^^^^^^^^^^^^^^^^

Error: Source "math/WadRayMath.sol" not found: File not found.
  --> sb/ReserveLogic_11.sol:12:1:
   |
12 | import {WadRayMath} from '../math/WadRayMath.sol';
   | ^^^^^^^^^^^^^^^^^^^^^^^^^^^^^^^^^^^^^^^^^^^^^^^^^^

Error: Source "math/PercentageMath.sol" not found: File not found.
  --> sb/ReserveLogic_11.sol:13:1:
   |
13 | import {PercentageMath} from '../math/PercentageMath.sol';
   | ^^^^^^^^^^^^^^^^^^^^^^^^^^^^^^^^^^^^^^^^^^^^^^^^^^^^^^^^^^

Error: Source "helpers/Errors.sol" not found: File not found.
  --> sb/ReserveLogic_11.sol:14:1:
   |
14 | import {Errors} from '../helpers/Errors.sol';
   | ^^^^^^^^^^^^^^^^^^^^^^^^^^^^^^^^^^^^^^^^^^^^^

Error: Source "helpers/Helpers.sol" not found: File not found.
  --> sb/ReserveLogic_11.sol:15:1:
   |
15 | import {Helpers} from '../helpers/Helpers.sol';
   | ^^^^^^^^^^^^^^^^^^^^^^^^^^^^^^^^^^^^^^^^^^^^^^^

Error: Source "types/DataTypes.sol" not found: File not found.
  --> sb/ReserveLogic_11.sol:16:1:
   |
16 | import {DataTypes} from '../types/DataTypes.sol';
   | ^^^^^^^^^^^^^^^^^^^^^^^^^^^^^^^^^^^^^^^^^^^^^^^^^


. Solidity failed to generate bytecode for your contract. Check if all the abstract functions are implemented. 
Process Process-1:
Traceback (most recent call last):
  File "/usr/lib/python3.7/multiprocessing/process.py", line 297, in _bootstrap
    self.run()
  File "/usr/lib/python3.7/multiprocessing/process.py", line 99, in run
    self._target(*self._args, **self._kwargs)
  File "/usr/local/lib/python3.7/dist-packages/manticore/ethereum/manticore.py", line 1766, in worker_finalize
    finalizer(q.get_nowait())
  File "/usr/local/lib/python3.7/dist-packages/manticore/ethereum/manticore.py", line 1757, in finalizer
    if only_alive_states and last_tx.result in {"REVERT", "THROW", "TXERROR"}:
AttributeError: 'NoneType' object has no attribute 'result'
2023-07-03 16:32:45,607: [36] m.c.manticore:INFO: Results in /mcore_jmldvjk7
2023-07-03 16:32:45,608: [36] m.c.manticore:WARNING: Manticore failed to run
2023-07-03 16:32:46,279: [61] m.main:INFO: Registered plugins: IntrospectionAPIPlugin, <class 'manticore.ethereum.plugins.SkipRevertBasicBlocks'>, <class 'manticore.ethereum.plugins.FilterFunctions'>
2023-07-03 16:32:46,280: [61] m.main:INFO: Beginning analysis
2023-07-03 16:32:46,283: [61] m.e.manticore:INFO: Starting symbolic create contract
2023-07-03 16:32:46,304: [61] m.e.manticore:INFO: Failed to build contract "dependencies/openzeppelin/contracts/IERC20.sol" Errors : Invalid solc compilation Error: Source "dependencies/openzeppelin/contracts/IERC20.sol" not found: File not found.
 --> sb/ReserveLogic_11.sol:4:1:
  |
4 | import {IERC20} from '../../../dependencies/openzeppelin/contracts/IERC20.sol';
  | ^^^^^^^^^^^^^^^^^^^^^^^^^^^^^^^^^^^^^^^^^^^^^^^^^^^^^^^^^^^^^^^^^^^^^^^^^^^^^^^

Error: Source "dependencies/openzeppelin/contracts/SafeERC20.sol" not found: File not found.
 --> sb/ReserveLogic_11.sol:5:1:
  |
5 | import {SafeERC20} from '../../../dependencies/openzeppelin/contracts/SafeERC20.sol';
  | ^^^^^^^^^^^^^^^^^^^^^^^^^^^^^^^^^^^^^^^^^^^^^^^^^^^^^^^^^^^^^^^^^^^^^^^^^^^^^^^^^^^^^

Error: Source "interfaces/IAToken.sol" not found: File not found.
 --> sb/ReserveLogic_11.sol:6:1:
  |
6 | import {IAToken} from '../../../interfaces/IAToken.sol';
  | ^^^^^^^^^^^^^^^^^^^^^^^^^^^^^^^^^^^^^^^^^^^^^^^^^^^^^^^^

Error: Source "interfaces/IStableDebtToken.sol" not found: File not found.
 --> sb/ReserveLogic_11.sol:7:1:
  |
7 | import {IStableDebtToken} from '../../../interfaces/IStableDebtToken.sol';
  | ^^^^^^^^^^^^^^^^^^^^^^^^^^^^^^^^^^^^^^^^^^^^^^^^^^^^^^^^^^^^^^^^^^^^^^^^^^

Error: Source "interfaces/IVariableDebtToken.sol" not found: File not found.
 --> sb/ReserveLogic_11.sol:8:1:
  |
8 | import {IVariableDebtToken} from '../../../interfaces/IVariableDebtToken.sol';
  | ^^^^^^^^^^^^^^^^^^^^^^^^^^^^^^^^^^^^^^^^^^^^^^^^^^^^^^^^^^^^^^^^^^^^^^^^^^^^^^

Error: Source "interfaces/IReserveInterestRateStrategy.sol" not found: File not found.
 --> sb/ReserveLogic_11.sol:9:1:
  |
9 | import {IReserveInterestRateStrategy} from '../../../interfaces/IReserveInterestRateStrategy.sol';
  | ^^^^^^^^^^^^^^^^^^^^^^^^^^^^^^^^^^^^^^^^^^^^^^^^^^^^^^^^^^^^^^^^^^^^^^^^^^^^^^^^^^^^^^^^^^^^^^^^^^

Error: Source "configuration/ReserveConfiguration.sol" not found: File not found.
  --> sb/ReserveLogic_11.sol:10:1:
   |
10 | import {ReserveConfiguration} from '../configuration/ReserveConfiguration.sol';
   | ^^^^^^^^^^^^^^^^^^^^^^^^^^^^^^^^^^^^^^^^^^^^^^^^^^^^^^^^^^^^^^^^^^^^^^^^^^^^^^^

Error: Source "math/MathUtils.sol" not found: File not found.
  --> sb/ReserveLogic_11.sol:11:1:
   |
11 | import {MathUtils} from '../math/MathUtils.sol';
   | ^^^^^^^^^^^^^^^^^^^^^^^^^^^^^^^^^^^^^^^^^^^^^^^^

Error: Source "math/WadRayMath.sol" not found: File not found.
  --> sb/ReserveLogic_11.sol:12:1:
   |
12 | import {WadRayMath} from '../math/WadRayMath.sol';
   | ^^^^^^^^^^^^^^^^^^^^^^^^^^^^^^^^^^^^^^^^^^^^^^^^^^

Error: Source "math/PercentageMath.sol" not found: File not found.
  --> sb/ReserveLogic_11.sol:13:1:
   |
13 | import {PercentageMath} from '../math/PercentageMath.sol';
   | ^^^^^^^^^^^^^^^^^^^^^^^^^^^^^^^^^^^^^^^^^^^^^^^^^^^^^^^^^^

Error: Source "helpers/Errors.sol" not found: File not found.
  --> sb/ReserveLogic_11.sol:14:1:
   |
14 | import {Errors} from '../helpers/Errors.sol';
   | ^^^^^^^^^^^^^^^^^^^^^^^^^^^^^^^^^^^^^^^^^^^^^

Error: Source "helpers/Helpers.sol" not found: File not found.
  --> sb/ReserveLogic_11.sol:15:1:
   |
15 | import {Helpers} from '../helpers/Helpers.sol';
   | ^^^^^^^^^^^^^^^^^^^^^^^^^^^^^^^^^^^^^^^^^^^^^^^

Error: Source "types/DataTypes.sol" not found: File not found.
  --> sb/ReserveLogic_11.sol:16:1:
   |
16 | import {DataTypes} from '../types/DataTypes.sol';
   | ^^^^^^^^^^^^^^^^^^^^^^^^^^^^^^^^^^^^^^^^^^^^^^^^^


. Solidity failed to generate bytecode for your contract. Check if all the abstract functions are implemented. 
Process Process-1:
Traceback (most recent call last):
  File "/usr/lib/python3.7/multiprocessing/process.py", line 297, in _bootstrap
    self.run()
  File "/usr/lib/python3.7/multiprocessing/process.py", line 99, in run
    self._target(*self._args, **self._kwargs)
  File "/usr/local/lib/python3.7/dist-packages/manticore/ethereum/manticore.py", line 1766, in worker_finalize
    finalizer(q.get_nowait())
  File "/usr/local/lib/python3.7/dist-packages/manticore/ethereum/manticore.py", line 1757, in finalizer
    if only_alive_states and last_tx.result in {"REVERT", "THROW", "TXERROR"}:
AttributeError: 'NoneType' object has no attribute 'result'
2023-07-03 16:32:46,385: [61] m.c.manticore:INFO: Results in /mcore_v24dkx6l
2023-07-03 16:32:46,386: [61] m.c.manticore:WARNING: Manticore failed to run
2023-07-03 16:32:47,074: [86] m.main:INFO: Registered plugins: IntrospectionAPIPlugin, <class 'manticore.ethereum.plugins.SkipRevertBasicBlocks'>, <class 'manticore.ethereum.plugins.FilterFunctions'>
2023-07-03 16:32:47,075: [86] m.main:INFO: Beginning analysis
2023-07-03 16:32:47,077: [86] m.e.manticore:INFO: Starting symbolic create contract
2023-07-03 16:32:47,102: [86] m.e.manticore:INFO: Failed to build contract not Errors : Invalid solc compilation Error: Source "dependencies/openzeppelin/contracts/IERC20.sol" not found: File not found.
 --> sb/ReserveLogic_11.sol:4:1:
  |
4 | import {IERC20} from '../../../dependencies/openzeppelin/contracts/IERC20.sol';
  | ^^^^^^^^^^^^^^^^^^^^^^^^^^^^^^^^^^^^^^^^^^^^^^^^^^^^^^^^^^^^^^^^^^^^^^^^^^^^^^^

Error: Source "dependencies/openzeppelin/contracts/SafeERC20.sol" not found: File not found.
 --> sb/ReserveLogic_11.sol:5:1:
  |
5 | import {SafeERC20} from '../../../dependencies/openzeppelin/contracts/SafeERC20.sol';
  | ^^^^^^^^^^^^^^^^^^^^^^^^^^^^^^^^^^^^^^^^^^^^^^^^^^^^^^^^^^^^^^^^^^^^^^^^^^^^^^^^^^^^^

Error: Source "interfaces/IAToken.sol" not found: File not found.
 --> sb/ReserveLogic_11.sol:6:1:
  |
6 | import {IAToken} from '../../../interfaces/IAToken.sol';
  | ^^^^^^^^^^^^^^^^^^^^^^^^^^^^^^^^^^^^^^^^^^^^^^^^^^^^^^^^

Error: Source "interfaces/IStableDebtToken.sol" not found: File not found.
 --> sb/ReserveLogic_11.sol:7:1:
  |
7 | import {IStableDebtToken} from '../../../interfaces/IStableDebtToken.sol';
  | ^^^^^^^^^^^^^^^^^^^^^^^^^^^^^^^^^^^^^^^^^^^^^^^^^^^^^^^^^^^^^^^^^^^^^^^^^^

Error: Source "interfaces/IVariableDebtToken.sol" not found: File not found.
 --> sb/ReserveLogic_11.sol:8:1:
  |
8 | import {IVariableDebtToken} from '../../../interfaces/IVariableDebtToken.sol';
  | ^^^^^^^^^^^^^^^^^^^^^^^^^^^^^^^^^^^^^^^^^^^^^^^^^^^^^^^^^^^^^^^^^^^^^^^^^^^^^^

Error: Source "interfaces/IReserveInterestRateStrategy.sol" not found: File not found.
 --> sb/ReserveLogic_11.sol:9:1:
  |
9 | import {IReserveInterestRateStrategy} from '../../../interfaces/IReserveInterestRateStrategy.sol';
  | ^^^^^^^^^^^^^^^^^^^^^^^^^^^^^^^^^^^^^^^^^^^^^^^^^^^^^^^^^^^^^^^^^^^^^^^^^^^^^^^^^^^^^^^^^^^^^^^^^^

Error: Source "configuration/ReserveConfiguration.sol" not found: File not found.
  --> sb/ReserveLogic_11.sol:10:1:
   |
10 | import {ReserveConfiguration} from '../configuration/ReserveConfiguration.sol';
   | ^^^^^^^^^^^^^^^^^^^^^^^^^^^^^^^^^^^^^^^^^^^^^^^^^^^^^^^^^^^^^^^^^^^^^^^^^^^^^^^

Error: Source "math/MathUtils.sol" not found: File not found.
  --> sb/ReserveLogic_11.sol:11:1:
   |
11 | import {MathUtils} from '../math/MathUtils.sol';
   | ^^^^^^^^^^^^^^^^^^^^^^^^^^^^^^^^^^^^^^^^^^^^^^^^

Error: Source "math/WadRayMath.sol" not found: File not found.
  --> sb/ReserveLogic_11.sol:12:1:
   |
12 | import {WadRayMath} from '../math/WadRayMath.sol';
   | ^^^^^^^^^^^^^^^^^^^^^^^^^^^^^^^^^^^^^^^^^^^^^^^^^^

Error: Source "math/PercentageMath.sol" not found: File not found.
  --> sb/ReserveLogic_11.sol:13:1:
   |
13 | import {PercentageMath} from '../math/PercentageMath.sol';
   | ^^^^^^^^^^^^^^^^^^^^^^^^^^^^^^^^^^^^^^^^^^^^^^^^^^^^^^^^^^

Error: Source "helpers/Errors.sol" not found: File not found.
  --> sb/ReserveLogic_11.sol:14:1:
   |
14 | import {Errors} from '../helpers/Errors.sol';
   | ^^^^^^^^^^^^^^^^^^^^^^^^^^^^^^^^^^^^^^^^^^^^^

Error: Source "helpers/Helpers.sol" not found: File not found.
  --> sb/ReserveLogic_11.sol:15:1:
   |
15 | import {Helpers} from '../helpers/Helpers.sol';
   | ^^^^^^^^^^^^^^^^^^^^^^^^^^^^^^^^^^^^^^^^^^^^^^^

Error: Source "types/DataTypes.sol" not found: File not found.
  --> sb/ReserveLogic_11.sol:16:1:
   |
16 | import {DataTypes} from '../types/DataTypes.sol';
   | ^^^^^^^^^^^^^^^^^^^^^^^^^^^^^^^^^^^^^^^^^^^^^^^^^


. Solidity failed to generate bytecode for your contract. Check if all the abstract functions are implemented. 
Process Process-1:
Traceback (most recent call last):
  File "/usr/lib/python3.7/multiprocessing/process.py", line 297, in _bootstrap
    self.run()
  File "/usr/lib/python3.7/multiprocessing/process.py", line 99, in run
    self._target(*self._args, **self._kwargs)
  File "/usr/local/lib/python3.7/dist-packages/manticore/ethereum/manticore.py", line 1766, in worker_finalize
    finalizer(q.get_nowait())
  File "/usr/local/lib/python3.7/dist-packages/manticore/ethereum/manticore.py", line 1757, in finalizer
    if only_alive_states and last_tx.result in {"REVERT", "THROW", "TXERROR"}:
AttributeError: 'NoneType' object has no attribute 'result'
2023-07-03 16:32:47,179: [86] m.c.manticore:INFO: Results in /mcore_gh6jrwii
2023-07-03 16:32:47,179: [86] m.c.manticore:WARNING: Manticore failed to run
2023-07-03 16:32:47,890: [111] m.main:INFO: Registered plugins: IntrospectionAPIPlugin, <class 'manticore.ethereum.plugins.SkipRevertBasicBlocks'>, <class 'manticore.ethereum.plugins.FilterFunctions'>
2023-07-03 16:32:47,890: [111] m.main:INFO: Beginning analysis
2023-07-03 16:32:47,892: [111] m.e.manticore:INFO: Starting symbolic create contract
2023-07-03 16:32:47,924: [111] m.e.manticore:INFO: Failed to build contract found: Errors : Invalid solc compilation Error: Source "dependencies/openzeppelin/contracts/IERC20.sol" not found: File not found.
 --> sb/ReserveLogic_11.sol:4:1:
  |
4 | import {IERC20} from '../../../dependencies/openzeppelin/contracts/IERC20.sol';
  | ^^^^^^^^^^^^^^^^^^^^^^^^^^^^^^^^^^^^^^^^^^^^^^^^^^^^^^^^^^^^^^^^^^^^^^^^^^^^^^^

Error: Source "dependencies/openzeppelin/contracts/SafeERC20.sol" not found: File not found.
 --> sb/ReserveLogic_11.sol:5:1:
  |
5 | import {SafeERC20} from '../../../dependencies/openzeppelin/contracts/SafeERC20.sol';
  | ^^^^^^^^^^^^^^^^^^^^^^^^^^^^^^^^^^^^^^^^^^^^^^^^^^^^^^^^^^^^^^^^^^^^^^^^^^^^^^^^^^^^^

Error: Source "interfaces/IAToken.sol" not found: File not found.
 --> sb/ReserveLogic_11.sol:6:1:
  |
6 | import {IAToken} from '../../../interfaces/IAToken.sol';
  | ^^^^^^^^^^^^^^^^^^^^^^^^^^^^^^^^^^^^^^^^^^^^^^^^^^^^^^^^

Error: Source "interfaces/IStableDebtToken.sol" not found: File not found.
 --> sb/ReserveLogic_11.sol:7:1:
  |
7 | import {IStableDebtToken} from '../../../interfaces/IStableDebtToken.sol';
  | ^^^^^^^^^^^^^^^^^^^^^^^^^^^^^^^^^^^^^^^^^^^^^^^^^^^^^^^^^^^^^^^^^^^^^^^^^^

Error: Source "interfaces/IVariableDebtToken.sol" not found: File not found.
 --> sb/ReserveLogic_11.sol:8:1:
  |
8 | import {IVariableDebtToken} from '../../../interfaces/IVariableDebtToken.sol';
  | ^^^^^^^^^^^^^^^^^^^^^^^^^^^^^^^^^^^^^^^^^^^^^^^^^^^^^^^^^^^^^^^^^^^^^^^^^^^^^^

Error: Source "interfaces/IReserveInterestRateStrategy.sol" not found: File not found.
 --> sb/ReserveLogic_11.sol:9:1:
  |
9 | import {IReserveInterestRateStrategy} from '../../../interfaces/IReserveInterestRateStrategy.sol';
  | ^^^^^^^^^^^^^^^^^^^^^^^^^^^^^^^^^^^^^^^^^^^^^^^^^^^^^^^^^^^^^^^^^^^^^^^^^^^^^^^^^^^^^^^^^^^^^^^^^^

Error: Source "configuration/ReserveConfiguration.sol" not found: File not found.
  --> sb/ReserveLogic_11.sol:10:1:
   |
10 | import {ReserveConfiguration} from '../configuration/ReserveConfiguration.sol';
   | ^^^^^^^^^^^^^^^^^^^^^^^^^^^^^^^^^^^^^^^^^^^^^^^^^^^^^^^^^^^^^^^^^^^^^^^^^^^^^^^

Error: Source "math/MathUtils.sol" not found: File not found.
  --> sb/ReserveLogic_11.sol:11:1:
   |
11 | import {MathUtils} from '../math/MathUtils.sol';
   | ^^^^^^^^^^^^^^^^^^^^^^^^^^^^^^^^^^^^^^^^^^^^^^^^

Error: Source "math/WadRayMath.sol" not found: File not found.
  --> sb/ReserveLogic_11.sol:12:1:
   |
12 | import {WadRayMath} from '../math/WadRayMath.sol';
   | ^^^^^^^^^^^^^^^^^^^^^^^^^^^^^^^^^^^^^^^^^^^^^^^^^^

Error: Source "math/PercentageMath.sol" not found: File not found.
  --> sb/ReserveLogic_11.sol:13:1:
   |
13 | import {PercentageMath} from '../math/PercentageMath.sol';
   | ^^^^^^^^^^^^^^^^^^^^^^^^^^^^^^^^^^^^^^^^^^^^^^^^^^^^^^^^^^

Error: Source "helpers/Errors.sol" not found: File not found.
  --> sb/ReserveLogic_11.sol:14:1:
   |
14 | import {Errors} from '../helpers/Errors.sol';
   | ^^^^^^^^^^^^^^^^^^^^^^^^^^^^^^^^^^^^^^^^^^^^^

Error: Source "helpers/Helpers.sol" not found: File not found.
  --> sb/ReserveLogic_11.sol:15:1:
   |
15 | import {Helpers} from '../helpers/Helpers.sol';
   | ^^^^^^^^^^^^^^^^^^^^^^^^^^^^^^^^^^^^^^^^^^^^^^^

Error: Source "types/DataTypes.sol" not found: File not found.
  --> sb/ReserveLogic_11.sol:16:1:
   |
16 | import {DataTypes} from '../types/DataTypes.sol';
   | ^^^^^^^^^^^^^^^^^^^^^^^^^^^^^^^^^^^^^^^^^^^^^^^^^


. Solidity failed to generate bytecode for your contract. Check if all the abstract functions are implemented. 
Process Process-1:
Traceback (most recent call last):
  File "/usr/lib/python3.7/multiprocessing/process.py", line 297, in _bootstrap
    self.run()
  File "/usr/lib/python3.7/multiprocessing/process.py", line 99, in run
    self._target(*self._args, **self._kwargs)
  File "/usr/local/lib/python3.7/dist-packages/manticore/ethereum/manticore.py", line 1766, in worker_finalize
    finalizer(q.get_nowait())
  File "/usr/local/lib/python3.7/dist-packages/manticore/ethereum/manticore.py", line 1757, in finalizer
    if only_alive_states and last_tx.result in {"REVERT", "THROW", "TXERROR"}:
AttributeError: 'NoneType' object has no attribute 'result'
2023-07-03 16:32:48,018: [111] m.c.manticore:INFO: Results in /mcore_mdzh84ts
2023-07-03 16:32:48,019: [111] m.c.manticore:WARNING: Manticore failed to run
2023-07-03 16:32:48,727: [136] m.main:INFO: Registered plugins: IntrospectionAPIPlugin, <class 'manticore.ethereum.plugins.SkipRevertBasicBlocks'>, <class 'manticore.ethereum.plugins.FilterFunctions'>
2023-07-03 16:32:48,727: [136] m.main:INFO: Beginning analysis
2023-07-03 16:32:48,731: [136] m.e.manticore:INFO: Starting symbolic create contract
2023-07-03 16:32:48,764: [136] m.e.manticore:INFO: Failed to build contract File Errors : Invalid solc compilation Error: Source "dependencies/openzeppelin/contracts/IERC20.sol" not found: File not found.
 --> sb/ReserveLogic_11.sol:4:1:
  |
4 | import {IERC20} from '../../../dependencies/openzeppelin/contracts/IERC20.sol';
  | ^^^^^^^^^^^^^^^^^^^^^^^^^^^^^^^^^^^^^^^^^^^^^^^^^^^^^^^^^^^^^^^^^^^^^^^^^^^^^^^

Error: Source "dependencies/openzeppelin/contracts/SafeERC20.sol" not found: File not found.
 --> sb/ReserveLogic_11.sol:5:1:
  |
5 | import {SafeERC20} from '../../../dependencies/openzeppelin/contracts/SafeERC20.sol';
  | ^^^^^^^^^^^^^^^^^^^^^^^^^^^^^^^^^^^^^^^^^^^^^^^^^^^^^^^^^^^^^^^^^^^^^^^^^^^^^^^^^^^^^

Error: Source "interfaces/IAToken.sol" not found: File not found.
 --> sb/ReserveLogic_11.sol:6:1:
  |
6 | import {IAToken} from '../../../interfaces/IAToken.sol';
  | ^^^^^^^^^^^^^^^^^^^^^^^^^^^^^^^^^^^^^^^^^^^^^^^^^^^^^^^^

Error: Source "interfaces/IStableDebtToken.sol" not found: File not found.
 --> sb/ReserveLogic_11.sol:7:1:
  |
7 | import {IStableDebtToken} from '../../../interfaces/IStableDebtToken.sol';
  | ^^^^^^^^^^^^^^^^^^^^^^^^^^^^^^^^^^^^^^^^^^^^^^^^^^^^^^^^^^^^^^^^^^^^^^^^^^

Error: Source "interfaces/IVariableDebtToken.sol" not found: File not found.
 --> sb/ReserveLogic_11.sol:8:1:
  |
8 | import {IVariableDebtToken} from '../../../interfaces/IVariableDebtToken.sol';
  | ^^^^^^^^^^^^^^^^^^^^^^^^^^^^^^^^^^^^^^^^^^^^^^^^^^^^^^^^^^^^^^^^^^^^^^^^^^^^^^

Error: Source "interfaces/IReserveInterestRateStrategy.sol" not found: File not found.
 --> sb/ReserveLogic_11.sol:9:1:
  |
9 | import {IReserveInterestRateStrategy} from '../../../interfaces/IReserveInterestRateStrategy.sol';
  | ^^^^^^^^^^^^^^^^^^^^^^^^^^^^^^^^^^^^^^^^^^^^^^^^^^^^^^^^^^^^^^^^^^^^^^^^^^^^^^^^^^^^^^^^^^^^^^^^^^

Error: Source "configuration/ReserveConfiguration.sol" not found: File not found.
  --> sb/ReserveLogic_11.sol:10:1:
   |
10 | import {ReserveConfiguration} from '../configuration/ReserveConfiguration.sol';
   | ^^^^^^^^^^^^^^^^^^^^^^^^^^^^^^^^^^^^^^^^^^^^^^^^^^^^^^^^^^^^^^^^^^^^^^^^^^^^^^^

Error: Source "math/MathUtils.sol" not found: File not found.
  --> sb/ReserveLogic_11.sol:11:1:
   |
11 | import {MathUtils} from '../math/MathUtils.sol';
   | ^^^^^^^^^^^^^^^^^^^^^^^^^^^^^^^^^^^^^^^^^^^^^^^^

Error: Source "math/WadRayMath.sol" not found: File not found.
  --> sb/ReserveLogic_11.sol:12:1:
   |
12 | import {WadRayMath} from '../math/WadRayMath.sol';
   | ^^^^^^^^^^^^^^^^^^^^^^^^^^^^^^^^^^^^^^^^^^^^^^^^^^

Error: Source "math/PercentageMath.sol" not found: File not found.
  --> sb/ReserveLogic_11.sol:13:1:
   |
13 | import {PercentageMath} from '../math/PercentageMath.sol';
   | ^^^^^^^^^^^^^^^^^^^^^^^^^^^^^^^^^^^^^^^^^^^^^^^^^^^^^^^^^^

Error: Source "helpers/Errors.sol" not found: File not found.
  --> sb/ReserveLogic_11.sol:14:1:
   |
14 | import {Errors} from '../helpers/Errors.sol';
   | ^^^^^^^^^^^^^^^^^^^^^^^^^^^^^^^^^^^^^^^^^^^^^

Error: Source "helpers/Helpers.sol" not found: File not found.
  --> sb/ReserveLogic_11.sol:15:1:
   |
15 | import {Helpers} from '../helpers/Helpers.sol';
   | ^^^^^^^^^^^^^^^^^^^^^^^^^^^^^^^^^^^^^^^^^^^^^^^

Error: Source "types/DataTypes.sol" not found: File not found.
  --> sb/ReserveLogic_11.sol:16:1:
   |
16 | import {DataTypes} from '../types/DataTypes.sol';
   | ^^^^^^^^^^^^^^^^^^^^^^^^^^^^^^^^^^^^^^^^^^^^^^^^^


. Solidity failed to generate bytecode for your contract. Check if all the abstract functions are implemented. 
Process Process-1:
Traceback (most recent call last):
  File "/usr/lib/python3.7/multiprocessing/process.py", line 297, in _bootstrap
    self.run()
  File "/usr/lib/python3.7/multiprocessing/process.py", line 99, in run
    self._target(*self._args, **self._kwargs)
  File "/usr/local/lib/python3.7/dist-packages/manticore/ethereum/manticore.py", line 1766, in worker_finalize
    finalizer(q.get_nowait())
  File "/usr/local/lib/python3.7/dist-packages/manticore/ethereum/manticore.py", line 1757, in finalizer
    if only_alive_states and last_tx.result in {"REVERT", "THROW", "TXERROR"}:
AttributeError: 'NoneType' object has no attribute 'result'
2023-07-03 16:32:48,864: [136] m.c.manticore:INFO: Results in /mcore_ui58rp0z
2023-07-03 16:32:48,864: [136] m.c.manticore:WARNING: Manticore failed to run
2023-07-03 16:32:49,542: [161] m.main:INFO: Registered plugins: IntrospectionAPIPlugin, <class 'manticore.ethereum.plugins.SkipRevertBasicBlocks'>, <class 'manticore.ethereum.plugins.FilterFunctions'>
2023-07-03 16:32:49,542: [161] m.main:INFO: Beginning analysis
2023-07-03 16:32:49,545: [161] m.e.manticore:INFO: Starting symbolic create contract
2023-07-03 16:32:49,563: [161] m.e.manticore:INFO: Failed to build contract not Errors : Invalid solc compilation Error: Source "dependencies/openzeppelin/contracts/IERC20.sol" not found: File not found.
 --> sb/ReserveLogic_11.sol:4:1:
  |
4 | import {IERC20} from '../../../dependencies/openzeppelin/contracts/IERC20.sol';
  | ^^^^^^^^^^^^^^^^^^^^^^^^^^^^^^^^^^^^^^^^^^^^^^^^^^^^^^^^^^^^^^^^^^^^^^^^^^^^^^^

Error: Source "dependencies/openzeppelin/contracts/SafeERC20.sol" not found: File not found.
 --> sb/ReserveLogic_11.sol:5:1:
  |
5 | import {SafeERC20} from '../../../dependencies/openzeppelin/contracts/SafeERC20.sol';
  | ^^^^^^^^^^^^^^^^^^^^^^^^^^^^^^^^^^^^^^^^^^^^^^^^^^^^^^^^^^^^^^^^^^^^^^^^^^^^^^^^^^^^^

Error: Source "interfaces/IAToken.sol" not found: File not found.
 --> sb/ReserveLogic_11.sol:6:1:
  |
6 | import {IAToken} from '../../../interfaces/IAToken.sol';
  | ^^^^^^^^^^^^^^^^^^^^^^^^^^^^^^^^^^^^^^^^^^^^^^^^^^^^^^^^

Error: Source "interfaces/IStableDebtToken.sol" not found: File not found.
 --> sb/ReserveLogic_11.sol:7:1:
  |
7 | import {IStableDebtToken} from '../../../interfaces/IStableDebtToken.sol';
  | ^^^^^^^^^^^^^^^^^^^^^^^^^^^^^^^^^^^^^^^^^^^^^^^^^^^^^^^^^^^^^^^^^^^^^^^^^^

Error: Source "interfaces/IVariableDebtToken.sol" not found: File not found.
 --> sb/ReserveLogic_11.sol:8:1:
  |
8 | import {IVariableDebtToken} from '../../../interfaces/IVariableDebtToken.sol';
  | ^^^^^^^^^^^^^^^^^^^^^^^^^^^^^^^^^^^^^^^^^^^^^^^^^^^^^^^^^^^^^^^^^^^^^^^^^^^^^^

Error: Source "interfaces/IReserveInterestRateStrategy.sol" not found: File not found.
 --> sb/ReserveLogic_11.sol:9:1:
  |
9 | import {IReserveInterestRateStrategy} from '../../../interfaces/IReserveInterestRateStrategy.sol';
  | ^^^^^^^^^^^^^^^^^^^^^^^^^^^^^^^^^^^^^^^^^^^^^^^^^^^^^^^^^^^^^^^^^^^^^^^^^^^^^^^^^^^^^^^^^^^^^^^^^^

Error: Source "configuration/ReserveConfiguration.sol" not found: File not found.
  --> sb/ReserveLogic_11.sol:10:1:
   |
10 | import {ReserveConfiguration} from '../configuration/ReserveConfiguration.sol';
   | ^^^^^^^^^^^^^^^^^^^^^^^^^^^^^^^^^^^^^^^^^^^^^^^^^^^^^^^^^^^^^^^^^^^^^^^^^^^^^^^

Error: Source "math/MathUtils.sol" not found: File not found.
  --> sb/ReserveLogic_11.sol:11:1:
   |
11 | import {MathUtils} from '../math/MathUtils.sol';
   | ^^^^^^^^^^^^^^^^^^^^^^^^^^^^^^^^^^^^^^^^^^^^^^^^

Error: Source "math/WadRayMath.sol" not found: File not found.
  --> sb/ReserveLogic_11.sol:12:1:
   |
12 | import {WadRayMath} from '../math/WadRayMath.sol';
   | ^^^^^^^^^^^^^^^^^^^^^^^^^^^^^^^^^^^^^^^^^^^^^^^^^^

Error: Source "math/PercentageMath.sol" not found: File not found.
  --> sb/ReserveLogic_11.sol:13:1:
   |
13 | import {PercentageMath} from '../math/PercentageMath.sol';
   | ^^^^^^^^^^^^^^^^^^^^^^^^^^^^^^^^^^^^^^^^^^^^^^^^^^^^^^^^^^

Error: Source "helpers/Errors.sol" not found: File not found.
  --> sb/ReserveLogic_11.sol:14:1:
   |
14 | import {Errors} from '../helpers/Errors.sol';
   | ^^^^^^^^^^^^^^^^^^^^^^^^^^^^^^^^^^^^^^^^^^^^^

Error: Source "helpers/Helpers.sol" not found: File not found.
  --> sb/ReserveLogic_11.sol:15:1:
   |
15 | import {Helpers} from '../helpers/Helpers.sol';
   | ^^^^^^^^^^^^^^^^^^^^^^^^^^^^^^^^^^^^^^^^^^^^^^^

Error: Source "types/DataTypes.sol" not found: File not found.
  --> sb/ReserveLogic_11.sol:16:1:
   |
16 | import {DataTypes} from '../types/DataTypes.sol';
   | ^^^^^^^^^^^^^^^^^^^^^^^^^^^^^^^^^^^^^^^^^^^^^^^^^


. Solidity failed to generate bytecode for your contract. Check if all the abstract functions are implemented. 
Process Process-1:
Traceback (most recent call last):
  File "/usr/lib/python3.7/multiprocessing/process.py", line 297, in _bootstrap
    self.run()
  File "/usr/lib/python3.7/multiprocessing/process.py", line 99, in run
    self._target(*self._args, **self._kwargs)
  File "/usr/local/lib/python3.7/dist-packages/manticore/ethereum/manticore.py", line 1766, in worker_finalize
    finalizer(q.get_nowait())
  File "/usr/local/lib/python3.7/dist-packages/manticore/ethereum/manticore.py", line 1757, in finalizer
    if only_alive_states and last_tx.result in {"REVERT", "THROW", "TXERROR"}:
AttributeError: 'NoneType' object has no attribute 'result'
2023-07-03 16:32:49,642: [161] m.c.manticore:INFO: Results in /mcore_07ykknpk
2023-07-03 16:32:49,643: [161] m.c.manticore:WARNING: Manticore failed to run
2023-07-03 16:32:50,396: [186] m.main:INFO: Registered plugins: IntrospectionAPIPlugin, <class 'manticore.ethereum.plugins.SkipRevertBasicBlocks'>, <class 'manticore.ethereum.plugins.FilterFunctions'>
2023-07-03 16:32:50,396: [186] m.main:INFO: Beginning analysis
2023-07-03 16:32:50,399: [186] m.e.manticore:INFO: Starting symbolic create contract
2023-07-03 16:32:50,422: [186] m.e.manticore:INFO: Failed to build contract found. Errors : Invalid solc compilation Error: Source "dependencies/openzeppelin/contracts/IERC20.sol" not found: File not found.
 --> sb/ReserveLogic_11.sol:4:1:
  |
4 | import {IERC20} from '../../../dependencies/openzeppelin/contracts/IERC20.sol';
  | ^^^^^^^^^^^^^^^^^^^^^^^^^^^^^^^^^^^^^^^^^^^^^^^^^^^^^^^^^^^^^^^^^^^^^^^^^^^^^^^

Error: Source "dependencies/openzeppelin/contracts/SafeERC20.sol" not found: File not found.
 --> sb/ReserveLogic_11.sol:5:1:
  |
5 | import {SafeERC20} from '../../../dependencies/openzeppelin/contracts/SafeERC20.sol';
  | ^^^^^^^^^^^^^^^^^^^^^^^^^^^^^^^^^^^^^^^^^^^^^^^^^^^^^^^^^^^^^^^^^^^^^^^^^^^^^^^^^^^^^

Error: Source "interfaces/IAToken.sol" not found: File not found.
 --> sb/ReserveLogic_11.sol:6:1:
  |
6 | import {IAToken} from '../../../interfaces/IAToken.sol';
  | ^^^^^^^^^^^^^^^^^^^^^^^^^^^^^^^^^^^^^^^^^^^^^^^^^^^^^^^^

Error: Source "interfaces/IStableDebtToken.sol" not found: File not found.
 --> sb/ReserveLogic_11.sol:7:1:
  |
7 | import {IStableDebtToken} from '../../../interfaces/IStableDebtToken.sol';
  | ^^^^^^^^^^^^^^^^^^^^^^^^^^^^^^^^^^^^^^^^^^^^^^^^^^^^^^^^^^^^^^^^^^^^^^^^^^

Error: Source "interfaces/IVariableDebtToken.sol" not found: File not found.
 --> sb/ReserveLogic_11.sol:8:1:
  |
8 | import {IVariableDebtToken} from '../../../interfaces/IVariableDebtToken.sol';
  | ^^^^^^^^^^^^^^^^^^^^^^^^^^^^^^^^^^^^^^^^^^^^^^^^^^^^^^^^^^^^^^^^^^^^^^^^^^^^^^

Error: Source "interfaces/IReserveInterestRateStrategy.sol" not found: File not found.
 --> sb/ReserveLogic_11.sol:9:1:
  |
9 | import {IReserveInterestRateStrategy} from '../../../interfaces/IReserveInterestRateStrategy.sol';
  | ^^^^^^^^^^^^^^^^^^^^^^^^^^^^^^^^^^^^^^^^^^^^^^^^^^^^^^^^^^^^^^^^^^^^^^^^^^^^^^^^^^^^^^^^^^^^^^^^^^

Error: Source "configuration/ReserveConfiguration.sol" not found: File not found.
  --> sb/ReserveLogic_11.sol:10:1:
   |
10 | import {ReserveConfiguration} from '../configuration/ReserveConfiguration.sol';
   | ^^^^^^^^^^^^^^^^^^^^^^^^^^^^^^^^^^^^^^^^^^^^^^^^^^^^^^^^^^^^^^^^^^^^^^^^^^^^^^^

Error: Source "math/MathUtils.sol" not found: File not found.
  --> sb/ReserveLogic_11.sol:11:1:
   |
11 | import {MathUtils} from '../math/MathUtils.sol';
   | ^^^^^^^^^^^^^^^^^^^^^^^^^^^^^^^^^^^^^^^^^^^^^^^^

Error: Source "math/WadRayMath.sol" not found: File not found.
  --> sb/ReserveLogic_11.sol:12:1:
   |
12 | import {WadRayMath} from '../math/WadRayMath.sol';
   | ^^^^^^^^^^^^^^^^^^^^^^^^^^^^^^^^^^^^^^^^^^^^^^^^^^

Error: Source "math/PercentageMath.sol" not found: File not found.
  --> sb/ReserveLogic_11.sol:13:1:
   |
13 | import {PercentageMath} from '../math/PercentageMath.sol';
   | ^^^^^^^^^^^^^^^^^^^^^^^^^^^^^^^^^^^^^^^^^^^^^^^^^^^^^^^^^^

Error: Source "helpers/Errors.sol" not found: File not found.
  --> sb/ReserveLogic_11.sol:14:1:
   |
14 | import {Errors} from '../helpers/Errors.sol';
   | ^^^^^^^^^^^^^^^^^^^^^^^^^^^^^^^^^^^^^^^^^^^^^

Error: Source "helpers/Helpers.sol" not found: File not found.
  --> sb/ReserveLogic_11.sol:15:1:
   |
15 | import {Helpers} from '../helpers/Helpers.sol';
   | ^^^^^^^^^^^^^^^^^^^^^^^^^^^^^^^^^^^^^^^^^^^^^^^

Error: Source "types/DataTypes.sol" not found: File not found.
  --> sb/ReserveLogic_11.sol:16:1:
   |
16 | import {DataTypes} from '../types/DataTypes.sol';
   | ^^^^^^^^^^^^^^^^^^^^^^^^^^^^^^^^^^^^^^^^^^^^^^^^^


. Solidity failed to generate bytecode for your contract. Check if all the abstract functions are implemented. 
Process Process-1:
Traceback (most recent call last):
  File "/usr/lib/python3.7/multiprocessing/process.py", line 297, in _bootstrap
    self.run()
  File "/usr/lib/python3.7/multiprocessing/process.py", line 99, in run
    self._target(*self._args, **self._kwargs)
  File "/usr/local/lib/python3.7/dist-packages/manticore/ethereum/manticore.py", line 1766, in worker_finalize
    finalizer(q.get_nowait())
  File "/usr/local/lib/python3.7/dist-packages/manticore/ethereum/manticore.py", line 1757, in finalizer
    if only_alive_states and last_tx.result in {"REVERT", "THROW", "TXERROR"}:
AttributeError: 'NoneType' object has no attribute 'result'
2023-07-03 16:32:50,499: [186] m.c.manticore:INFO: Results in /mcore_cb09fmhi
2023-07-03 16:32:50,499: [186] m.c.manticore:WARNING: Manticore failed to run
usage: manticore [-h] [--compile-force-framework COMPILE_FORCE_FRAMEWORK]
                 [--compile-remove-metadata]
                 [--compile-custom-build COMPILE_CUSTOM_BUILD]
                 [--ignore-compile] [--solc SOLC] [--solc-remaps SOLC_REMAPS]
                 [--solc-args SOLC_ARGS] [--solc-disable-warnings]
                 [--solc-working-dir SOLC_WORKING_DIR]
                 [--solc-solcs-select SOLC_SOLCS_SELECT]
                 [--solc-solcs-bin SOLC_SOLCS_BIN] [--solc-standard-json]
                 [--solc-force-legacy-json] [--truffle-ignore-compile]
                 [--truffle-build-directory TRUFFLE_BUILD_DIRECTORY]
                 [--truffle-version TRUFFLE_VERSION]
                 [--truffle-overwrite-config]
                 [--truffle-overwrite-version TRUFFLE_OVERWRITE_VERSION]
                 [--embark-ignore-compile] [--embark-overwrite-config]
                 [--dapp-ignore-compile] [--etherlime-ignore-compile]
                 [--etherlime-compile-arguments]
                 [--etherscan-only-source-code] [--etherscan-only-bytecode]
                 [--etherscan-apikey ETHERSCAN_API_KEY]
                 [--arbiscan-apikey ARBISCAN_API_KEY]
                 [--polygonscan-apikey POLYGONSCAN_API_KEY]
                 [--avax-apikey AVAX_API_KEY]
                 [--ftmscan-apikey FTMSCAN_API_KEY]
                 [--bscan-apikey BSCAN_API_KEY]
                 [--etherscan-export-directory ETHERSCAN_EXPORT_DIR]
                 [--waffle-ignore-compile]
                 [--waffle-config-file WAFFLE_CONFIG_FILE] [--npx-disable]
                 [--buidler-ignore-compile]
                 [--buidler-cache-directory BUIDLER_CACHE_DIRECTORY]
                 [--buidler-skip-directory-name-fix]
                 [--hardhat-ignore-compile]
                 [--hardhat-cache-directory HARDHAT_CACHE_DIRECTORY]
                 [--hardhat-artifacts-directory HARDHAT_ARTIFACTS_DIRECTORY]
                 [--coverage COVERAGE] [--no-colors] [--policy POLICY] [-v]
                 [--workspace WORKSPACE] [--version] [--config CONFIG]
                 [--entrysymbol ENTRYSYMBOL] [--data DATA] [--file FILES]
                 [--env ENV] [--pure-symbolic] [--verbose-trace]
                 [--txlimit TXLIMIT] [--txnocoverage] [--txnoether]
                 [--txaccount TXACCOUNT] [--txpreconstrain]
                 [--contract CONTRACT] [--list-detectors]
                 [--exclude DETECTORS_TO_EXCLUDE] [--exclude-all]
                 [--avoid-constant] [--limit-loops] [--no-testcases]
                 [--only-alive-testcases] [--thorough-mode]
                 [--core.compress_states CORE.COMPRESS_STATES]
                 [--core.execs_per_intermittent_cb CORE.EXECS_PER_INTERMITTENT_CB]
                 [--core.HOST CORE.HOST] [--core.PORT CORE.PORT]
                 [--core.fast_fail CORE.FAST_FAIL]
                 [--core.timeout CORE.TIMEOUT] [--core.cluster CORE.CLUSTER]
                 [--core.procs CORE.PROCS]
                 [--core.mprocessing CORE.MPROCESSING] [--core.seed CORE.SEED]
                 [--smt.timeout SMT.TIMEOUT] [--smt.memory SMT.MEMORY]
                 [--smt.maxsolutions SMT.MAXSOLUTIONS]
                 [--smt.z3_bin SMT.Z3_BIN] [--smt.cvc4_bin SMT.CVC4_BIN]
                 [--smt.yices_bin SMT.YICES_BIN]
                 [--smt.boolector_bin SMT.BOOLECTOR_BIN]
                 [--smt.defaultunsat SMT.DEFAULTUNSAT]
                 [--smt.optimize SMT.OPTIMIZE] [--smt.solver SMT.SOLVER]
                 [--workspace.prefix WORKSPACE.PREFIX]
                 [--workspace.dir WORKSPACE.DIR] [--evm.oog EVM.OOG]
                 [--evm.txfail EVM.TXFAIL]
                 [--evm.calldata_max_offset EVM.CALLDATA_MAX_OFFSET]
                 [--evm.calldata_max_size EVM.CALLDATA_MAX_SIZE]
                 [--evm.ignore_balance EVM.IGNORE_BALANCE]
                 [--evm.defaultgas EVM.DEFAULTGAS] [--evm.sha3 EVM.SHA3]
                 [--evm.sha3timeout EVM.SHA3TIMEOUT] [--evm.events EVM.EVENTS]
                 [--cli.profile CLI.PROFILE]
                 [--cli.explore_balance CLI.EXPLORE_BALANCE]
                 [--cli.skip_reverts CLI.SKIP_REVERTS]
                 [--cli.target_func CLI.TARGET_FUNC]
                 [--wasm.decode_names WASM.DECODE_NAMES]
                 [--main.recursionlimit MAIN.RECURSIONLIMIT]
                 [--native.fast_crash NATIVE.FAST_CRASH]
                 [--native.stdin_size NATIVE.STDIN_SIZE]
                 [argv [argv ...]]
manticore: error: argument --contract: expected one argument
mv: cannot stat '/mcore_*': No such file or directory
2023-07-03 16:32:51,791: [215] m.main:INFO: Registered plugins: IntrospectionAPIPlugin, <class 'manticore.ethereum.plugins.SkipRevertBasicBlocks'>, <class 'manticore.ethereum.plugins.FilterFunctions'>
2023-07-03 16:32:51,792: [215] m.main:INFO: Beginning analysis
2023-07-03 16:32:51,795: [215] m.e.manticore:INFO: Starting symbolic create contract
2023-07-03 16:32:51,829: [215] m.e.manticore:INFO: Failed to build contract /sb/ReserveLogic_11.sol:4:1: Errors : Invalid solc compilation Error: Source "dependencies/openzeppelin/contracts/IERC20.sol" not found: File not found.
 --> sb/ReserveLogic_11.sol:4:1:
  |
4 | import {IERC20} from '../../../dependencies/openzeppelin/contracts/IERC20.sol';
  | ^^^^^^^^^^^^^^^^^^^^^^^^^^^^^^^^^^^^^^^^^^^^^^^^^^^^^^^^^^^^^^^^^^^^^^^^^^^^^^^

Error: Source "dependencies/openzeppelin/contracts/SafeERC20.sol" not found: File not found.
 --> sb/ReserveLogic_11.sol:5:1:
  |
5 | import {SafeERC20} from '../../../dependencies/openzeppelin/contracts/SafeERC20.sol';
  | ^^^^^^^^^^^^^^^^^^^^^^^^^^^^^^^^^^^^^^^^^^^^^^^^^^^^^^^^^^^^^^^^^^^^^^^^^^^^^^^^^^^^^

Error: Source "interfaces/IAToken.sol" not found: File not found.
 --> sb/ReserveLogic_11.sol:6:1:
  |
6 | import {IAToken} from '../../../interfaces/IAToken.sol';
  | ^^^^^^^^^^^^^^^^^^^^^^^^^^^^^^^^^^^^^^^^^^^^^^^^^^^^^^^^

Error: Source "interfaces/IStableDebtToken.sol" not found: File not found.
 --> sb/ReserveLogic_11.sol:7:1:
  |
7 | import {IStableDebtToken} from '../../../interfaces/IStableDebtToken.sol';
  | ^^^^^^^^^^^^^^^^^^^^^^^^^^^^^^^^^^^^^^^^^^^^^^^^^^^^^^^^^^^^^^^^^^^^^^^^^^

Error: Source "interfaces/IVariableDebtToken.sol" not found: File not found.
 --> sb/ReserveLogic_11.sol:8:1:
  |
8 | import {IVariableDebtToken} from '../../../interfaces/IVariableDebtToken.sol';
  | ^^^^^^^^^^^^^^^^^^^^^^^^^^^^^^^^^^^^^^^^^^^^^^^^^^^^^^^^^^^^^^^^^^^^^^^^^^^^^^

Error: Source "interfaces/IReserveInterestRateStrategy.sol" not found: File not found.
 --> sb/ReserveLogic_11.sol:9:1:
  |
9 | import {IReserveInterestRateStrategy} from '../../../interfaces/IReserveInterestRateStrategy.sol';
  | ^^^^^^^^^^^^^^^^^^^^^^^^^^^^^^^^^^^^^^^^^^^^^^^^^^^^^^^^^^^^^^^^^^^^^^^^^^^^^^^^^^^^^^^^^^^^^^^^^^

Error: Source "configuration/ReserveConfiguration.sol" not found: File not found.
  --> sb/ReserveLogic_11.sol:10:1:
   |
10 | import {ReserveConfiguration} from '../configuration/ReserveConfiguration.sol';
   | ^^^^^^^^^^^^^^^^^^^^^^^^^^^^^^^^^^^^^^^^^^^^^^^^^^^^^^^^^^^^^^^^^^^^^^^^^^^^^^^

Error: Source "math/MathUtils.sol" not found: File not found.
  --> sb/ReserveLogic_11.sol:11:1:
   |
11 | import {MathUtils} from '../math/MathUtils.sol';
   | ^^^^^^^^^^^^^^^^^^^^^^^^^^^^^^^^^^^^^^^^^^^^^^^^

Error: Source "math/WadRayMath.sol" not found: File not found.
  --> sb/ReserveLogic_11.sol:12:1:
   |
12 | import {WadRayMath} from '../math/WadRayMath.sol';
   | ^^^^^^^^^^^^^^^^^^^^^^^^^^^^^^^^^^^^^^^^^^^^^^^^^^

Error: Source "math/PercentageMath.sol" not found: File not found.
  --> sb/ReserveLogic_11.sol:13:1:
   |
13 | import {PercentageMath} from '../math/PercentageMath.sol';
   | ^^^^^^^^^^^^^^^^^^^^^^^^^^^^^^^^^^^^^^^^^^^^^^^^^^^^^^^^^^

Error: Source "helpers/Errors.sol" not found: File not found.
  --> sb/ReserveLogic_11.sol:14:1:
   |
14 | import {Errors} from '../helpers/Errors.sol';
   | ^^^^^^^^^^^^^^^^^^^^^^^^^^^^^^^^^^^^^^^^^^^^^

Error: Source "helpers/Helpers.sol" not found: File not found.
  --> sb/ReserveLogic_11.sol:15:1:
   |
15 | import {Helpers} from '../helpers/Helpers.sol';
   | ^^^^^^^^^^^^^^^^^^^^^^^^^^^^^^^^^^^^^^^^^^^^^^^

Error: Source "types/DataTypes.sol" not found: File not found.
  --> sb/ReserveLogic_11.sol:16:1:
   |
16 | import {DataTypes} from '../types/DataTypes.sol';
   | ^^^^^^^^^^^^^^^^^^^^^^^^^^^^^^^^^^^^^^^^^^^^^^^^^


. Solidity failed to generate bytecode for your contract. Check if all the abstract functions are implemented. 
Process Process-1:
Traceback (most recent call last):
  File "/usr/lib/python3.7/multiprocessing/process.py", line 297, in _bootstrap
    self.run()
  File "/usr/lib/python3.7/multiprocessing/process.py", line 99, in run
    self._target(*self._args, **self._kwargs)
  File "/usr/local/lib/python3.7/dist-packages/manticore/ethereum/manticore.py", line 1766, in worker_finalize
    finalizer(q.get_nowait())
  File "/usr/local/lib/python3.7/dist-packages/manticore/ethereum/manticore.py", line 1757, in finalizer
    if only_alive_states and last_tx.result in {"REVERT", "THROW", "TXERROR"}:
AttributeError: 'NoneType' object has no attribute 'result'
2023-07-03 16:32:51,938: [215] m.c.manticore:INFO: Results in /mcore_xn_ts5ck
2023-07-03 16:32:51,938: [215] m.c.manticore:WARNING: Manticore failed to run
2023-07-03 16:32:52,633: [240] m.main:INFO: Registered plugins: IntrospectionAPIPlugin, <class 'manticore.ethereum.plugins.SkipRevertBasicBlocks'>, <class 'manticore.ethereum.plugins.FilterFunctions'>
2023-07-03 16:32:52,633: [240] m.main:INFO: Beginning analysis
2023-07-03 16:32:52,637: [240] m.e.manticore:INFO: Starting symbolic create contract
2023-07-03 16:32:52,669: [240] m.e.manticore:INFO: Failed to build contract | Errors : Invalid solc compilation Error: Source "dependencies/openzeppelin/contracts/IERC20.sol" not found: File not found.
 --> sb/ReserveLogic_11.sol:4:1:
  |
4 | import {IERC20} from '../../../dependencies/openzeppelin/contracts/IERC20.sol';
  | ^^^^^^^^^^^^^^^^^^^^^^^^^^^^^^^^^^^^^^^^^^^^^^^^^^^^^^^^^^^^^^^^^^^^^^^^^^^^^^^

Error: Source "dependencies/openzeppelin/contracts/SafeERC20.sol" not found: File not found.
 --> sb/ReserveLogic_11.sol:5:1:
  |
5 | import {SafeERC20} from '../../../dependencies/openzeppelin/contracts/SafeERC20.sol';
  | ^^^^^^^^^^^^^^^^^^^^^^^^^^^^^^^^^^^^^^^^^^^^^^^^^^^^^^^^^^^^^^^^^^^^^^^^^^^^^^^^^^^^^

Error: Source "interfaces/IAToken.sol" not found: File not found.
 --> sb/ReserveLogic_11.sol:6:1:
  |
6 | import {IAToken} from '../../../interfaces/IAToken.sol';
  | ^^^^^^^^^^^^^^^^^^^^^^^^^^^^^^^^^^^^^^^^^^^^^^^^^^^^^^^^

Error: Source "interfaces/IStableDebtToken.sol" not found: File not found.
 --> sb/ReserveLogic_11.sol:7:1:
  |
7 | import {IStableDebtToken} from '../../../interfaces/IStableDebtToken.sol';
  | ^^^^^^^^^^^^^^^^^^^^^^^^^^^^^^^^^^^^^^^^^^^^^^^^^^^^^^^^^^^^^^^^^^^^^^^^^^

Error: Source "interfaces/IVariableDebtToken.sol" not found: File not found.
 --> sb/ReserveLogic_11.sol:8:1:
  |
8 | import {IVariableDebtToken} from '../../../interfaces/IVariableDebtToken.sol';
  | ^^^^^^^^^^^^^^^^^^^^^^^^^^^^^^^^^^^^^^^^^^^^^^^^^^^^^^^^^^^^^^^^^^^^^^^^^^^^^^

Error: Source "interfaces/IReserveInterestRateStrategy.sol" not found: File not found.
 --> sb/ReserveLogic_11.sol:9:1:
  |
9 | import {IReserveInterestRateStrategy} from '../../../interfaces/IReserveInterestRateStrategy.sol';
  | ^^^^^^^^^^^^^^^^^^^^^^^^^^^^^^^^^^^^^^^^^^^^^^^^^^^^^^^^^^^^^^^^^^^^^^^^^^^^^^^^^^^^^^^^^^^^^^^^^^

Error: Source "configuration/ReserveConfiguration.sol" not found: File not found.
  --> sb/ReserveLogic_11.sol:10:1:
   |
10 | import {ReserveConfiguration} from '../configuration/ReserveConfiguration.sol';
   | ^^^^^^^^^^^^^^^^^^^^^^^^^^^^^^^^^^^^^^^^^^^^^^^^^^^^^^^^^^^^^^^^^^^^^^^^^^^^^^^

Error: Source "math/MathUtils.sol" not found: File not found.
  --> sb/ReserveLogic_11.sol:11:1:
   |
11 | import {MathUtils} from '../math/MathUtils.sol';
   | ^^^^^^^^^^^^^^^^^^^^^^^^^^^^^^^^^^^^^^^^^^^^^^^^

Error: Source "math/WadRayMath.sol" not found: File not found.
  --> sb/ReserveLogic_11.sol:12:1:
   |
12 | import {WadRayMath} from '../math/WadRayMath.sol';
   | ^^^^^^^^^^^^^^^^^^^^^^^^^^^^^^^^^^^^^^^^^^^^^^^^^^

Error: Source "math/PercentageMath.sol" not found: File not found.
  --> sb/ReserveLogic_11.sol:13:1:
   |
13 | import {PercentageMath} from '../math/PercentageMath.sol';
   | ^^^^^^^^^^^^^^^^^^^^^^^^^^^^^^^^^^^^^^^^^^^^^^^^^^^^^^^^^^

Error: Source "helpers/Errors.sol" not found: File not found.
  --> sb/ReserveLogic_11.sol:14:1:
   |
14 | import {Errors} from '../helpers/Errors.sol';
   | ^^^^^^^^^^^^^^^^^^^^^^^^^^^^^^^^^^^^^^^^^^^^^

Error: Source "helpers/Helpers.sol" not found: File not found.
  --> sb/ReserveLogic_11.sol:15:1:
   |
15 | import {Helpers} from '../helpers/Helpers.sol';
   | ^^^^^^^^^^^^^^^^^^^^^^^^^^^^^^^^^^^^^^^^^^^^^^^

Error: Source "types/DataTypes.sol" not found: File not found.
  --> sb/ReserveLogic_11.sol:16:1:
   |
16 | import {DataTypes} from '../types/DataTypes.sol';
   | ^^^^^^^^^^^^^^^^^^^^^^^^^^^^^^^^^^^^^^^^^^^^^^^^^


. Solidity failed to generate bytecode for your contract. Check if all the abstract functions are implemented. 
Process Process-1:
Traceback (most recent call last):
  File "/usr/lib/python3.7/multiprocessing/process.py", line 297, in _bootstrap
    self.run()
  File "/usr/lib/python3.7/multiprocessing/process.py", line 99, in run
    self._target(*self._args, **self._kwargs)
  File "/usr/local/lib/python3.7/dist-packages/manticore/ethereum/manticore.py", line 1766, in worker_finalize
    finalizer(q.get_nowait())
  File "/usr/local/lib/python3.7/dist-packages/manticore/ethereum/manticore.py", line 1757, in finalizer
    if only_alive_states and last_tx.result in {"REVERT", "THROW", "TXERROR"}:
AttributeError: 'NoneType' object has no attribute 'result'
2023-07-03 16:32:52,757: [240] m.c.manticore:INFO: Results in /mcore_c8acv_0e
2023-07-03 16:32:52,758: [240] m.c.manticore:WARNING: Manticore failed to run
2023-07-03 16:32:53,563: [265] m.main:INFO: Registered plugins: IntrospectionAPIPlugin, <class 'manticore.ethereum.plugins.SkipRevertBasicBlocks'>, <class 'manticore.ethereum.plugins.FilterFunctions'>
2023-07-03 16:32:53,563: [265] m.main:INFO: Beginning analysis
2023-07-03 16:32:53,566: [265] m.e.manticore:INFO: Starting symbolic create contract
2023-07-03 16:32:53,591: [265] m.e.manticore:INFO: Failed to build contract 4 Errors : Invalid solc compilation Error: Source "dependencies/openzeppelin/contracts/IERC20.sol" not found: File not found.
 --> sb/ReserveLogic_11.sol:4:1:
  |
4 | import {IERC20} from '../../../dependencies/openzeppelin/contracts/IERC20.sol';
  | ^^^^^^^^^^^^^^^^^^^^^^^^^^^^^^^^^^^^^^^^^^^^^^^^^^^^^^^^^^^^^^^^^^^^^^^^^^^^^^^

Error: Source "dependencies/openzeppelin/contracts/SafeERC20.sol" not found: File not found.
 --> sb/ReserveLogic_11.sol:5:1:
  |
5 | import {SafeERC20} from '../../../dependencies/openzeppelin/contracts/SafeERC20.sol';
  | ^^^^^^^^^^^^^^^^^^^^^^^^^^^^^^^^^^^^^^^^^^^^^^^^^^^^^^^^^^^^^^^^^^^^^^^^^^^^^^^^^^^^^

Error: Source "interfaces/IAToken.sol" not found: File not found.
 --> sb/ReserveLogic_11.sol:6:1:
  |
6 | import {IAToken} from '../../../interfaces/IAToken.sol';
  | ^^^^^^^^^^^^^^^^^^^^^^^^^^^^^^^^^^^^^^^^^^^^^^^^^^^^^^^^

Error: Source "interfaces/IStableDebtToken.sol" not found: File not found.
 --> sb/ReserveLogic_11.sol:7:1:
  |
7 | import {IStableDebtToken} from '../../../interfaces/IStableDebtToken.sol';
  | ^^^^^^^^^^^^^^^^^^^^^^^^^^^^^^^^^^^^^^^^^^^^^^^^^^^^^^^^^^^^^^^^^^^^^^^^^^

Error: Source "interfaces/IVariableDebtToken.sol" not found: File not found.
 --> sb/ReserveLogic_11.sol:8:1:
  |
8 | import {IVariableDebtToken} from '../../../interfaces/IVariableDebtToken.sol';
  | ^^^^^^^^^^^^^^^^^^^^^^^^^^^^^^^^^^^^^^^^^^^^^^^^^^^^^^^^^^^^^^^^^^^^^^^^^^^^^^

Error: Source "interfaces/IReserveInterestRateStrategy.sol" not found: File not found.
 --> sb/ReserveLogic_11.sol:9:1:
  |
9 | import {IReserveInterestRateStrategy} from '../../../interfaces/IReserveInterestRateStrategy.sol';
  | ^^^^^^^^^^^^^^^^^^^^^^^^^^^^^^^^^^^^^^^^^^^^^^^^^^^^^^^^^^^^^^^^^^^^^^^^^^^^^^^^^^^^^^^^^^^^^^^^^^

Error: Source "configuration/ReserveConfiguration.sol" not found: File not found.
  --> sb/ReserveLogic_11.sol:10:1:
   |
10 | import {ReserveConfiguration} from '../configuration/ReserveConfiguration.sol';
   | ^^^^^^^^^^^^^^^^^^^^^^^^^^^^^^^^^^^^^^^^^^^^^^^^^^^^^^^^^^^^^^^^^^^^^^^^^^^^^^^

Error: Source "math/MathUtils.sol" not found: File not found.
  --> sb/ReserveLogic_11.sol:11:1:
   |
11 | import {MathUtils} from '../math/MathUtils.sol';
   | ^^^^^^^^^^^^^^^^^^^^^^^^^^^^^^^^^^^^^^^^^^^^^^^^

Error: Source "math/WadRayMath.sol" not found: File not found.
  --> sb/ReserveLogic_11.sol:12:1:
   |
12 | import {WadRayMath} from '../math/WadRayMath.sol';
   | ^^^^^^^^^^^^^^^^^^^^^^^^^^^^^^^^^^^^^^^^^^^^^^^^^^

Error: Source "math/PercentageMath.sol" not found: File not found.
  --> sb/ReserveLogic_11.sol:13:1:
   |
13 | import {PercentageMath} from '../math/PercentageMath.sol';
   | ^^^^^^^^^^^^^^^^^^^^^^^^^^^^^^^^^^^^^^^^^^^^^^^^^^^^^^^^^^

Error: Source "helpers/Errors.sol" not found: File not found.
  --> sb/ReserveLogic_11.sol:14:1:
   |
14 | import {Errors} from '../helpers/Errors.sol';
   | ^^^^^^^^^^^^^^^^^^^^^^^^^^^^^^^^^^^^^^^^^^^^^

Error: Source "helpers/Helpers.sol" not found: File not found.
  --> sb/ReserveLogic_11.sol:15:1:
   |
15 | import {Helpers} from '../helpers/Helpers.sol';
   | ^^^^^^^^^^^^^^^^^^^^^^^^^^^^^^^^^^^^^^^^^^^^^^^

Error: Source "types/DataTypes.sol" not found: File not found.
  --> sb/ReserveLogic_11.sol:16:1:
   |
16 | import {DataTypes} from '../types/DataTypes.sol';
   | ^^^^^^^^^^^^^^^^^^^^^^^^^^^^^^^^^^^^^^^^^^^^^^^^^


. Solidity failed to generate bytecode for your contract. Check if all the abstract functions are implemented. 
Process Process-1:
Traceback (most recent call last):
  File "/usr/lib/python3.7/multiprocessing/process.py", line 297, in _bootstrap
    self.run()
  File "/usr/lib/python3.7/multiprocessing/process.py", line 99, in run
    self._target(*self._args, **self._kwargs)
  File "/usr/local/lib/python3.7/dist-packages/manticore/ethereum/manticore.py", line 1766, in worker_finalize
    finalizer(q.get_nowait())
  File "/usr/local/lib/python3.7/dist-packages/manticore/ethereum/manticore.py", line 1757, in finalizer
    if only_alive_states and last_tx.result in {"REVERT", "THROW", "TXERROR"}:
AttributeError: 'NoneType' object has no attribute 'result'
2023-07-03 16:32:53,672: [265] m.c.manticore:INFO: Results in /mcore_awxo0hhn
2023-07-03 16:32:53,672: [265] m.c.manticore:WARNING: Manticore failed to run
2023-07-03 16:32:54,377: [290] m.main:INFO: Registered plugins: IntrospectionAPIPlugin, <class 'manticore.ethereum.plugins.SkipRevertBasicBlocks'>, <class 'manticore.ethereum.plugins.FilterFunctions'>
2023-07-03 16:32:54,378: [290] m.main:INFO: Beginning analysis
2023-07-03 16:32:54,381: [290] m.e.manticore:INFO: Starting symbolic create contract
2023-07-03 16:32:54,411: [290] m.e.manticore:INFO: Failed to build contract | Errors : Invalid solc compilation Error: Source "dependencies/openzeppelin/contracts/IERC20.sol" not found: File not found.
 --> sb/ReserveLogic_11.sol:4:1:
  |
4 | import {IERC20} from '../../../dependencies/openzeppelin/contracts/IERC20.sol';
  | ^^^^^^^^^^^^^^^^^^^^^^^^^^^^^^^^^^^^^^^^^^^^^^^^^^^^^^^^^^^^^^^^^^^^^^^^^^^^^^^

Error: Source "dependencies/openzeppelin/contracts/SafeERC20.sol" not found: File not found.
 --> sb/ReserveLogic_11.sol:5:1:
  |
5 | import {SafeERC20} from '../../../dependencies/openzeppelin/contracts/SafeERC20.sol';
  | ^^^^^^^^^^^^^^^^^^^^^^^^^^^^^^^^^^^^^^^^^^^^^^^^^^^^^^^^^^^^^^^^^^^^^^^^^^^^^^^^^^^^^

Error: Source "interfaces/IAToken.sol" not found: File not found.
 --> sb/ReserveLogic_11.sol:6:1:
  |
6 | import {IAToken} from '../../../interfaces/IAToken.sol';
  | ^^^^^^^^^^^^^^^^^^^^^^^^^^^^^^^^^^^^^^^^^^^^^^^^^^^^^^^^

Error: Source "interfaces/IStableDebtToken.sol" not found: File not found.
 --> sb/ReserveLogic_11.sol:7:1:
  |
7 | import {IStableDebtToken} from '../../../interfaces/IStableDebtToken.sol';
  | ^^^^^^^^^^^^^^^^^^^^^^^^^^^^^^^^^^^^^^^^^^^^^^^^^^^^^^^^^^^^^^^^^^^^^^^^^^

Error: Source "interfaces/IVariableDebtToken.sol" not found: File not found.
 --> sb/ReserveLogic_11.sol:8:1:
  |
8 | import {IVariableDebtToken} from '../../../interfaces/IVariableDebtToken.sol';
  | ^^^^^^^^^^^^^^^^^^^^^^^^^^^^^^^^^^^^^^^^^^^^^^^^^^^^^^^^^^^^^^^^^^^^^^^^^^^^^^

Error: Source "interfaces/IReserveInterestRateStrategy.sol" not found: File not found.
 --> sb/ReserveLogic_11.sol:9:1:
  |
9 | import {IReserveInterestRateStrategy} from '../../../interfaces/IReserveInterestRateStrategy.sol';
  | ^^^^^^^^^^^^^^^^^^^^^^^^^^^^^^^^^^^^^^^^^^^^^^^^^^^^^^^^^^^^^^^^^^^^^^^^^^^^^^^^^^^^^^^^^^^^^^^^^^

Error: Source "configuration/ReserveConfiguration.sol" not found: File not found.
  --> sb/ReserveLogic_11.sol:10:1:
   |
10 | import {ReserveConfiguration} from '../configuration/ReserveConfiguration.sol';
   | ^^^^^^^^^^^^^^^^^^^^^^^^^^^^^^^^^^^^^^^^^^^^^^^^^^^^^^^^^^^^^^^^^^^^^^^^^^^^^^^

Error: Source "math/MathUtils.sol" not found: File not found.
  --> sb/ReserveLogic_11.sol:11:1:
   |
11 | import {MathUtils} from '../math/MathUtils.sol';
   | ^^^^^^^^^^^^^^^^^^^^^^^^^^^^^^^^^^^^^^^^^^^^^^^^

Error: Source "math/WadRayMath.sol" not found: File not found.
  --> sb/ReserveLogic_11.sol:12:1:
   |
12 | import {WadRayMath} from '../math/WadRayMath.sol';
   | ^^^^^^^^^^^^^^^^^^^^^^^^^^^^^^^^^^^^^^^^^^^^^^^^^^

Error: Source "math/PercentageMath.sol" not found: File not found.
  --> sb/ReserveLogic_11.sol:13:1:
   |
13 | import {PercentageMath} from '../math/PercentageMath.sol';
   | ^^^^^^^^^^^^^^^^^^^^^^^^^^^^^^^^^^^^^^^^^^^^^^^^^^^^^^^^^^

Error: Source "helpers/Errors.sol" not found: File not found.
  --> sb/ReserveLogic_11.sol:14:1:
   |
14 | import {Errors} from '../helpers/Errors.sol';
   | ^^^^^^^^^^^^^^^^^^^^^^^^^^^^^^^^^^^^^^^^^^^^^

Error: Source "helpers/Helpers.sol" not found: File not found.
  --> sb/ReserveLogic_11.sol:15:1:
   |
15 | import {Helpers} from '../helpers/Helpers.sol';
   | ^^^^^^^^^^^^^^^^^^^^^^^^^^^^^^^^^^^^^^^^^^^^^^^

Error: Source "types/DataTypes.sol" not found: File not found.
  --> sb/ReserveLogic_11.sol:16:1:
   |
16 | import {DataTypes} from '../types/DataTypes.sol';
   | ^^^^^^^^^^^^^^^^^^^^^^^^^^^^^^^^^^^^^^^^^^^^^^^^^


. Solidity failed to generate bytecode for your contract. Check if all the abstract functions are implemented. 
Process Process-1:
Traceback (most recent call last):
  File "/usr/lib/python3.7/multiprocessing/process.py", line 297, in _bootstrap
    self.run()
  File "/usr/lib/python3.7/multiprocessing/process.py", line 99, in run
    self._target(*self._args, **self._kwargs)
  File "/usr/local/lib/python3.7/dist-packages/manticore/ethereum/manticore.py", line 1766, in worker_finalize
    finalizer(q.get_nowait())
  File "/usr/local/lib/python3.7/dist-packages/manticore/ethereum/manticore.py", line 1757, in finalizer
    if only_alive_states and last_tx.result in {"REVERT", "THROW", "TXERROR"}:
AttributeError: 'NoneType' object has no attribute 'result'
2023-07-03 16:32:54,492: [290] m.c.manticore:INFO: Results in /mcore_hl_bdswf
2023-07-03 16:32:54,493: [290] m.c.manticore:WARNING: Manticore failed to run
2023-07-03 16:32:55,239: [315] m.main:INFO: Registered plugins: IntrospectionAPIPlugin, <class 'manticore.ethereum.plugins.SkipRevertBasicBlocks'>, <class 'manticore.ethereum.plugins.FilterFunctions'>
2023-07-03 16:32:55,240: [315] m.main:INFO: Beginning analysis
2023-07-03 16:32:55,242: [315] m.e.manticore:INFO: Starting symbolic create contract
2023-07-03 16:32:55,270: [315] m.e.manticore:INFO: Failed to build contract import Errors : Invalid solc compilation Error: Source "dependencies/openzeppelin/contracts/IERC20.sol" not found: File not found.
 --> sb/ReserveLogic_11.sol:4:1:
  |
4 | import {IERC20} from '../../../dependencies/openzeppelin/contracts/IERC20.sol';
  | ^^^^^^^^^^^^^^^^^^^^^^^^^^^^^^^^^^^^^^^^^^^^^^^^^^^^^^^^^^^^^^^^^^^^^^^^^^^^^^^

Error: Source "dependencies/openzeppelin/contracts/SafeERC20.sol" not found: File not found.
 --> sb/ReserveLogic_11.sol:5:1:
  |
5 | import {SafeERC20} from '../../../dependencies/openzeppelin/contracts/SafeERC20.sol';
  | ^^^^^^^^^^^^^^^^^^^^^^^^^^^^^^^^^^^^^^^^^^^^^^^^^^^^^^^^^^^^^^^^^^^^^^^^^^^^^^^^^^^^^

Error: Source "interfaces/IAToken.sol" not found: File not found.
 --> sb/ReserveLogic_11.sol:6:1:
  |
6 | import {IAToken} from '../../../interfaces/IAToken.sol';
  | ^^^^^^^^^^^^^^^^^^^^^^^^^^^^^^^^^^^^^^^^^^^^^^^^^^^^^^^^

Error: Source "interfaces/IStableDebtToken.sol" not found: File not found.
 --> sb/ReserveLogic_11.sol:7:1:
  |
7 | import {IStableDebtToken} from '../../../interfaces/IStableDebtToken.sol';
  | ^^^^^^^^^^^^^^^^^^^^^^^^^^^^^^^^^^^^^^^^^^^^^^^^^^^^^^^^^^^^^^^^^^^^^^^^^^

Error: Source "interfaces/IVariableDebtToken.sol" not found: File not found.
 --> sb/ReserveLogic_11.sol:8:1:
  |
8 | import {IVariableDebtToken} from '../../../interfaces/IVariableDebtToken.sol';
  | ^^^^^^^^^^^^^^^^^^^^^^^^^^^^^^^^^^^^^^^^^^^^^^^^^^^^^^^^^^^^^^^^^^^^^^^^^^^^^^

Error: Source "interfaces/IReserveInterestRateStrategy.sol" not found: File not found.
 --> sb/ReserveLogic_11.sol:9:1:
  |
9 | import {IReserveInterestRateStrategy} from '../../../interfaces/IReserveInterestRateStrategy.sol';
  | ^^^^^^^^^^^^^^^^^^^^^^^^^^^^^^^^^^^^^^^^^^^^^^^^^^^^^^^^^^^^^^^^^^^^^^^^^^^^^^^^^^^^^^^^^^^^^^^^^^

Error: Source "configuration/ReserveConfiguration.sol" not found: File not found.
  --> sb/ReserveLogic_11.sol:10:1:
   |
10 | import {ReserveConfiguration} from '../configuration/ReserveConfiguration.sol';
   | ^^^^^^^^^^^^^^^^^^^^^^^^^^^^^^^^^^^^^^^^^^^^^^^^^^^^^^^^^^^^^^^^^^^^^^^^^^^^^^^

Error: Source "math/MathUtils.sol" not found: File not found.
  --> sb/ReserveLogic_11.sol:11:1:
   |
11 | import {MathUtils} from '../math/MathUtils.sol';
   | ^^^^^^^^^^^^^^^^^^^^^^^^^^^^^^^^^^^^^^^^^^^^^^^^

Error: Source "math/WadRayMath.sol" not found: File not found.
  --> sb/ReserveLogic_11.sol:12:1:
   |
12 | import {WadRayMath} from '../math/WadRayMath.sol';
   | ^^^^^^^^^^^^^^^^^^^^^^^^^^^^^^^^^^^^^^^^^^^^^^^^^^

Error: Source "math/PercentageMath.sol" not found: File not found.
  --> sb/ReserveLogic_11.sol:13:1:
   |
13 | import {PercentageMath} from '../math/PercentageMath.sol';
   | ^^^^^^^^^^^^^^^^^^^^^^^^^^^^^^^^^^^^^^^^^^^^^^^^^^^^^^^^^^

Error: Source "helpers/Errors.sol" not found: File not found.
  --> sb/ReserveLogic_11.sol:14:1:
   |
14 | import {Errors} from '../helpers/Errors.sol';
   | ^^^^^^^^^^^^^^^^^^^^^^^^^^^^^^^^^^^^^^^^^^^^^

Error: Source "helpers/Helpers.sol" not found: File not found.
  --> sb/ReserveLogic_11.sol:15:1:
   |
15 | import {Helpers} from '../helpers/Helpers.sol';
   | ^^^^^^^^^^^^^^^^^^^^^^^^^^^^^^^^^^^^^^^^^^^^^^^

Error: Source "types/DataTypes.sol" not found: File not found.
  --> sb/ReserveLogic_11.sol:16:1:
   |
16 | import {DataTypes} from '../types/DataTypes.sol';
   | ^^^^^^^^^^^^^^^^^^^^^^^^^^^^^^^^^^^^^^^^^^^^^^^^^


. Solidity failed to generate bytecode for your contract. Check if all the abstract functions are implemented. 
Process Process-1:
Traceback (most recent call last):
  File "/usr/lib/python3.7/multiprocessing/process.py", line 297, in _bootstrap
    self.run()
  File "/usr/lib/python3.7/multiprocessing/process.py", line 99, in run
    self._target(*self._args, **self._kwargs)
  File "/usr/local/lib/python3.7/dist-packages/manticore/ethereum/manticore.py", line 1766, in worker_finalize
    finalizer(q.get_nowait())
  File "/usr/local/lib/python3.7/dist-packages/manticore/ethereum/manticore.py", line 1757, in finalizer
    if only_alive_states and last_tx.result in {"REVERT", "THROW", "TXERROR"}:
AttributeError: 'NoneType' object has no attribute 'result'
2023-07-03 16:32:55,356: [315] m.c.manticore:INFO: Results in /mcore_xavtqu3t
2023-07-03 16:32:55,357: [315] m.c.manticore:WARNING: Manticore failed to run
2023-07-03 16:32:56,129: [340] m.main:INFO: Registered plugins: IntrospectionAPIPlugin, <class 'manticore.ethereum.plugins.SkipRevertBasicBlocks'>, <class 'manticore.ethereum.plugins.FilterFunctions'>
2023-07-03 16:32:56,130: [340] m.main:INFO: Beginning analysis
2023-07-03 16:32:56,134: [340] m.e.manticore:INFO: Starting symbolic create contract
2023-07-03 16:32:56,160: [340] m.e.manticore:INFO: Failed to build contract {IERC20} Errors : Invalid solc compilation Error: Source "dependencies/openzeppelin/contracts/IERC20.sol" not found: File not found.
 --> sb/ReserveLogic_11.sol:4:1:
  |
4 | import {IERC20} from '../../../dependencies/openzeppelin/contracts/IERC20.sol';
  | ^^^^^^^^^^^^^^^^^^^^^^^^^^^^^^^^^^^^^^^^^^^^^^^^^^^^^^^^^^^^^^^^^^^^^^^^^^^^^^^

Error: Source "dependencies/openzeppelin/contracts/SafeERC20.sol" not found: File not found.
 --> sb/ReserveLogic_11.sol:5:1:
  |
5 | import {SafeERC20} from '../../../dependencies/openzeppelin/contracts/SafeERC20.sol';
  | ^^^^^^^^^^^^^^^^^^^^^^^^^^^^^^^^^^^^^^^^^^^^^^^^^^^^^^^^^^^^^^^^^^^^^^^^^^^^^^^^^^^^^

Error: Source "interfaces/IAToken.sol" not found: File not found.
 --> sb/ReserveLogic_11.sol:6:1:
  |
6 | import {IAToken} from '../../../interfaces/IAToken.sol';
  | ^^^^^^^^^^^^^^^^^^^^^^^^^^^^^^^^^^^^^^^^^^^^^^^^^^^^^^^^

Error: Source "interfaces/IStableDebtToken.sol" not found: File not found.
 --> sb/ReserveLogic_11.sol:7:1:
  |
7 | import {IStableDebtToken} from '../../../interfaces/IStableDebtToken.sol';
  | ^^^^^^^^^^^^^^^^^^^^^^^^^^^^^^^^^^^^^^^^^^^^^^^^^^^^^^^^^^^^^^^^^^^^^^^^^^

Error: Source "interfaces/IVariableDebtToken.sol" not found: File not found.
 --> sb/ReserveLogic_11.sol:8:1:
  |
8 | import {IVariableDebtToken} from '../../../interfaces/IVariableDebtToken.sol';
  | ^^^^^^^^^^^^^^^^^^^^^^^^^^^^^^^^^^^^^^^^^^^^^^^^^^^^^^^^^^^^^^^^^^^^^^^^^^^^^^

Error: Source "interfaces/IReserveInterestRateStrategy.sol" not found: File not found.
 --> sb/ReserveLogic_11.sol:9:1:
  |
9 | import {IReserveInterestRateStrategy} from '../../../interfaces/IReserveInterestRateStrategy.sol';
  | ^^^^^^^^^^^^^^^^^^^^^^^^^^^^^^^^^^^^^^^^^^^^^^^^^^^^^^^^^^^^^^^^^^^^^^^^^^^^^^^^^^^^^^^^^^^^^^^^^^

Error: Source "configuration/ReserveConfiguration.sol" not found: File not found.
  --> sb/ReserveLogic_11.sol:10:1:
   |
10 | import {ReserveConfiguration} from '../configuration/ReserveConfiguration.sol';
   | ^^^^^^^^^^^^^^^^^^^^^^^^^^^^^^^^^^^^^^^^^^^^^^^^^^^^^^^^^^^^^^^^^^^^^^^^^^^^^^^

Error: Source "math/MathUtils.sol" not found: File not found.
  --> sb/ReserveLogic_11.sol:11:1:
   |
11 | import {MathUtils} from '../math/MathUtils.sol';
   | ^^^^^^^^^^^^^^^^^^^^^^^^^^^^^^^^^^^^^^^^^^^^^^^^

Error: Source "math/WadRayMath.sol" not found: File not found.
  --> sb/ReserveLogic_11.sol:12:1:
   |
12 | import {WadRayMath} from '../math/WadRayMath.sol';
   | ^^^^^^^^^^^^^^^^^^^^^^^^^^^^^^^^^^^^^^^^^^^^^^^^^^

Error: Source "math/PercentageMath.sol" not found: File not found.
  --> sb/ReserveLogic_11.sol:13:1:
   |
13 | import {PercentageMath} from '../math/PercentageMath.sol';
   | ^^^^^^^^^^^^^^^^^^^^^^^^^^^^^^^^^^^^^^^^^^^^^^^^^^^^^^^^^^

Error: Source "helpers/Errors.sol" not found: File not found.
  --> sb/ReserveLogic_11.sol:14:1:
   |
14 | import {Errors} from '../helpers/Errors.sol';
   | ^^^^^^^^^^^^^^^^^^^^^^^^^^^^^^^^^^^^^^^^^^^^^

Error: Source "helpers/Helpers.sol" not found: File not found.
  --> sb/ReserveLogic_11.sol:15:1:
   |
15 | import {Helpers} from '../helpers/Helpers.sol';
   | ^^^^^^^^^^^^^^^^^^^^^^^^^^^^^^^^^^^^^^^^^^^^^^^

Error: Source "types/DataTypes.sol" not found: File not found.
  --> sb/ReserveLogic_11.sol:16:1:
   |
16 | import {DataTypes} from '../types/DataTypes.sol';
   | ^^^^^^^^^^^^^^^^^^^^^^^^^^^^^^^^^^^^^^^^^^^^^^^^^


. Solidity failed to generate bytecode for your contract. Check if all the abstract functions are implemented. 
Process Process-1:
Traceback (most recent call last):
  File "/usr/lib/python3.7/multiprocessing/process.py", line 297, in _bootstrap
    self.run()
  File "/usr/lib/python3.7/multiprocessing/process.py", line 99, in run
    self._target(*self._args, **self._kwargs)
  File "/usr/local/lib/python3.7/dist-packages/manticore/ethereum/manticore.py", line 1766, in worker_finalize
    finalizer(q.get_nowait())
  File "/usr/local/lib/python3.7/dist-packages/manticore/ethereum/manticore.py", line 1757, in finalizer
    if only_alive_states and last_tx.result in {"REVERT", "THROW", "TXERROR"}:
AttributeError: 'NoneType' object has no attribute 'result'
2023-07-03 16:32:56,261: [340] m.c.manticore:INFO: Results in /mcore_1c75wno3
2023-07-03 16:32:56,262: [340] m.c.manticore:WARNING: Manticore failed to run
2023-07-03 16:32:56,923: [365] m.main:INFO: Registered plugins: IntrospectionAPIPlugin, <class 'manticore.ethereum.plugins.SkipRevertBasicBlocks'>, <class 'manticore.ethereum.plugins.FilterFunctions'>
2023-07-03 16:32:56,924: [365] m.main:INFO: Beginning analysis
2023-07-03 16:32:56,927: [365] m.e.manticore:INFO: Starting symbolic create contract
2023-07-03 16:32:56,953: [365] m.e.manticore:INFO: Failed to build contract from Errors : Invalid solc compilation Error: Source "dependencies/openzeppelin/contracts/IERC20.sol" not found: File not found.
 --> sb/ReserveLogic_11.sol:4:1:
  |
4 | import {IERC20} from '../../../dependencies/openzeppelin/contracts/IERC20.sol';
  | ^^^^^^^^^^^^^^^^^^^^^^^^^^^^^^^^^^^^^^^^^^^^^^^^^^^^^^^^^^^^^^^^^^^^^^^^^^^^^^^

Error: Source "dependencies/openzeppelin/contracts/SafeERC20.sol" not found: File not found.
 --> sb/ReserveLogic_11.sol:5:1:
  |
5 | import {SafeERC20} from '../../../dependencies/openzeppelin/contracts/SafeERC20.sol';
  | ^^^^^^^^^^^^^^^^^^^^^^^^^^^^^^^^^^^^^^^^^^^^^^^^^^^^^^^^^^^^^^^^^^^^^^^^^^^^^^^^^^^^^

Error: Source "interfaces/IAToken.sol" not found: File not found.
 --> sb/ReserveLogic_11.sol:6:1:
  |
6 | import {IAToken} from '../../../interfaces/IAToken.sol';
  | ^^^^^^^^^^^^^^^^^^^^^^^^^^^^^^^^^^^^^^^^^^^^^^^^^^^^^^^^

Error: Source "interfaces/IStableDebtToken.sol" not found: File not found.
 --> sb/ReserveLogic_11.sol:7:1:
  |
7 | import {IStableDebtToken} from '../../../interfaces/IStableDebtToken.sol';
  | ^^^^^^^^^^^^^^^^^^^^^^^^^^^^^^^^^^^^^^^^^^^^^^^^^^^^^^^^^^^^^^^^^^^^^^^^^^

Error: Source "interfaces/IVariableDebtToken.sol" not found: File not found.
 --> sb/ReserveLogic_11.sol:8:1:
  |
8 | import {IVariableDebtToken} from '../../../interfaces/IVariableDebtToken.sol';
  | ^^^^^^^^^^^^^^^^^^^^^^^^^^^^^^^^^^^^^^^^^^^^^^^^^^^^^^^^^^^^^^^^^^^^^^^^^^^^^^

Error: Source "interfaces/IReserveInterestRateStrategy.sol" not found: File not found.
 --> sb/ReserveLogic_11.sol:9:1:
  |
9 | import {IReserveInterestRateStrategy} from '../../../interfaces/IReserveInterestRateStrategy.sol';
  | ^^^^^^^^^^^^^^^^^^^^^^^^^^^^^^^^^^^^^^^^^^^^^^^^^^^^^^^^^^^^^^^^^^^^^^^^^^^^^^^^^^^^^^^^^^^^^^^^^^

Error: Source "configuration/ReserveConfiguration.sol" not found: File not found.
  --> sb/ReserveLogic_11.sol:10:1:
   |
10 | import {ReserveConfiguration} from '../configuration/ReserveConfiguration.sol';
   | ^^^^^^^^^^^^^^^^^^^^^^^^^^^^^^^^^^^^^^^^^^^^^^^^^^^^^^^^^^^^^^^^^^^^^^^^^^^^^^^

Error: Source "math/MathUtils.sol" not found: File not found.
  --> sb/ReserveLogic_11.sol:11:1:
   |
11 | import {MathUtils} from '../math/MathUtils.sol';
   | ^^^^^^^^^^^^^^^^^^^^^^^^^^^^^^^^^^^^^^^^^^^^^^^^

Error: Source "math/WadRayMath.sol" not found: File not found.
  --> sb/ReserveLogic_11.sol:12:1:
   |
12 | import {WadRayMath} from '../math/WadRayMath.sol';
   | ^^^^^^^^^^^^^^^^^^^^^^^^^^^^^^^^^^^^^^^^^^^^^^^^^^

Error: Source "math/PercentageMath.sol" not found: File not found.
  --> sb/ReserveLogic_11.sol:13:1:
   |
13 | import {PercentageMath} from '../math/PercentageMath.sol';
   | ^^^^^^^^^^^^^^^^^^^^^^^^^^^^^^^^^^^^^^^^^^^^^^^^^^^^^^^^^^

Error: Source "helpers/Errors.sol" not found: File not found.
  --> sb/ReserveLogic_11.sol:14:1:
   |
14 | import {Errors} from '../helpers/Errors.sol';
   | ^^^^^^^^^^^^^^^^^^^^^^^^^^^^^^^^^^^^^^^^^^^^^

Error: Source "helpers/Helpers.sol" not found: File not found.
  --> sb/ReserveLogic_11.sol:15:1:
   |
15 | import {Helpers} from '../helpers/Helpers.sol';
   | ^^^^^^^^^^^^^^^^^^^^^^^^^^^^^^^^^^^^^^^^^^^^^^^

Error: Source "types/DataTypes.sol" not found: File not found.
  --> sb/ReserveLogic_11.sol:16:1:
   |
16 | import {DataTypes} from '../types/DataTypes.sol';
   | ^^^^^^^^^^^^^^^^^^^^^^^^^^^^^^^^^^^^^^^^^^^^^^^^^


. Solidity failed to generate bytecode for your contract. Check if all the abstract functions are implemented. 
Process Process-1:
Traceback (most recent call last):
  File "/usr/lib/python3.7/multiprocessing/process.py", line 297, in _bootstrap
    self.run()
  File "/usr/lib/python3.7/multiprocessing/process.py", line 99, in run
    self._target(*self._args, **self._kwargs)
  File "/usr/local/lib/python3.7/dist-packages/manticore/ethereum/manticore.py", line 1766, in worker_finalize
    finalizer(q.get_nowait())
  File "/usr/local/lib/python3.7/dist-packages/manticore/ethereum/manticore.py", line 1757, in finalizer
    if only_alive_states and last_tx.result in {"REVERT", "THROW", "TXERROR"}:
AttributeError: 'NoneType' object has no attribute 'result'
2023-07-03 16:32:57,091: [365] m.c.manticore:INFO: Results in /mcore_v35hwhqs
2023-07-03 16:32:57,091: [365] m.c.manticore:WARNING: Manticore failed to run
2023-07-03 16:32:57,816: [390] m.main:INFO: Registered plugins: IntrospectionAPIPlugin, <class 'manticore.ethereum.plugins.SkipRevertBasicBlocks'>, <class 'manticore.ethereum.plugins.FilterFunctions'>
2023-07-03 16:32:57,816: [390] m.main:INFO: Beginning analysis
2023-07-03 16:32:57,819: [390] m.e.manticore:INFO: Starting symbolic create contract
2023-07-03 16:32:57,843: [390] m.e.manticore:INFO: Failed to build contract '../../../dependencies/openzeppelin/contracts/IERC20.sol'; Errors : Invalid solc compilation Error: Source "dependencies/openzeppelin/contracts/IERC20.sol" not found: File not found.
 --> sb/ReserveLogic_11.sol:4:1:
  |
4 | import {IERC20} from '../../../dependencies/openzeppelin/contracts/IERC20.sol';
  | ^^^^^^^^^^^^^^^^^^^^^^^^^^^^^^^^^^^^^^^^^^^^^^^^^^^^^^^^^^^^^^^^^^^^^^^^^^^^^^^

Error: Source "dependencies/openzeppelin/contracts/SafeERC20.sol" not found: File not found.
 --> sb/ReserveLogic_11.sol:5:1:
  |
5 | import {SafeERC20} from '../../../dependencies/openzeppelin/contracts/SafeERC20.sol';
  | ^^^^^^^^^^^^^^^^^^^^^^^^^^^^^^^^^^^^^^^^^^^^^^^^^^^^^^^^^^^^^^^^^^^^^^^^^^^^^^^^^^^^^

Error: Source "interfaces/IAToken.sol" not found: File not found.
 --> sb/ReserveLogic_11.sol:6:1:
  |
6 | import {IAToken} from '../../../interfaces/IAToken.sol';
  | ^^^^^^^^^^^^^^^^^^^^^^^^^^^^^^^^^^^^^^^^^^^^^^^^^^^^^^^^

Error: Source "interfaces/IStableDebtToken.sol" not found: File not found.
 --> sb/ReserveLogic_11.sol:7:1:
  |
7 | import {IStableDebtToken} from '../../../interfaces/IStableDebtToken.sol';
  | ^^^^^^^^^^^^^^^^^^^^^^^^^^^^^^^^^^^^^^^^^^^^^^^^^^^^^^^^^^^^^^^^^^^^^^^^^^

Error: Source "interfaces/IVariableDebtToken.sol" not found: File not found.
 --> sb/ReserveLogic_11.sol:8:1:
  |
8 | import {IVariableDebtToken} from '../../../interfaces/IVariableDebtToken.sol';
  | ^^^^^^^^^^^^^^^^^^^^^^^^^^^^^^^^^^^^^^^^^^^^^^^^^^^^^^^^^^^^^^^^^^^^^^^^^^^^^^

Error: Source "interfaces/IReserveInterestRateStrategy.sol" not found: File not found.
 --> sb/ReserveLogic_11.sol:9:1:
  |
9 | import {IReserveInterestRateStrategy} from '../../../interfaces/IReserveInterestRateStrategy.sol';
  | ^^^^^^^^^^^^^^^^^^^^^^^^^^^^^^^^^^^^^^^^^^^^^^^^^^^^^^^^^^^^^^^^^^^^^^^^^^^^^^^^^^^^^^^^^^^^^^^^^^

Error: Source "configuration/ReserveConfiguration.sol" not found: File not found.
  --> sb/ReserveLogic_11.sol:10:1:
   |
10 | import {ReserveConfiguration} from '../configuration/ReserveConfiguration.sol';
   | ^^^^^^^^^^^^^^^^^^^^^^^^^^^^^^^^^^^^^^^^^^^^^^^^^^^^^^^^^^^^^^^^^^^^^^^^^^^^^^^

Error: Source "math/MathUtils.sol" not found: File not found.
  --> sb/ReserveLogic_11.sol:11:1:
   |
11 | import {MathUtils} from '../math/MathUtils.sol';
   | ^^^^^^^^^^^^^^^^^^^^^^^^^^^^^^^^^^^^^^^^^^^^^^^^

Error: Source "math/WadRayMath.sol" not found: File not found.
  --> sb/ReserveLogic_11.sol:12:1:
   |
12 | import {WadRayMath} from '../math/WadRayMath.sol';
   | ^^^^^^^^^^^^^^^^^^^^^^^^^^^^^^^^^^^^^^^^^^^^^^^^^^

Error: Source "math/PercentageMath.sol" not found: File not found.
  --> sb/ReserveLogic_11.sol:13:1:
   |
13 | import {PercentageMath} from '../math/PercentageMath.sol';
   | ^^^^^^^^^^^^^^^^^^^^^^^^^^^^^^^^^^^^^^^^^^^^^^^^^^^^^^^^^^

Error: Source "helpers/Errors.sol" not found: File not found.
  --> sb/ReserveLogic_11.sol:14:1:
   |
14 | import {Errors} from '../helpers/Errors.sol';
   | ^^^^^^^^^^^^^^^^^^^^^^^^^^^^^^^^^^^^^^^^^^^^^

Error: Source "helpers/Helpers.sol" not found: File not found.
  --> sb/ReserveLogic_11.sol:15:1:
   |
15 | import {Helpers} from '../helpers/Helpers.sol';
   | ^^^^^^^^^^^^^^^^^^^^^^^^^^^^^^^^^^^^^^^^^^^^^^^

Error: Source "types/DataTypes.sol" not found: File not found.
  --> sb/ReserveLogic_11.sol:16:1:
   |
16 | import {DataTypes} from '../types/DataTypes.sol';
   | ^^^^^^^^^^^^^^^^^^^^^^^^^^^^^^^^^^^^^^^^^^^^^^^^^


. Solidity failed to generate bytecode for your contract. Check if all the abstract functions are implemented. 
Process Process-1:
Traceback (most recent call last):
  File "/usr/lib/python3.7/multiprocessing/process.py", line 297, in _bootstrap
    self.run()
  File "/usr/lib/python3.7/multiprocessing/process.py", line 99, in run
    self._target(*self._args, **self._kwargs)
  File "/usr/local/lib/python3.7/dist-packages/manticore/ethereum/manticore.py", line 1766, in worker_finalize
    finalizer(q.get_nowait())
  File "/usr/local/lib/python3.7/dist-packages/manticore/ethereum/manticore.py", line 1757, in finalizer
    if only_alive_states and last_tx.result in {"REVERT", "THROW", "TXERROR"}:
AttributeError: 'NoneType' object has no attribute 'result'
2023-07-03 16:32:57,930: [390] m.c.manticore:INFO: Results in /mcore_vj46yg5q
2023-07-03 16:32:57,930: [390] m.c.manticore:WARNING: Manticore failed to run
2023-07-03 16:32:58,704: [415] m.main:INFO: Registered plugins: IntrospectionAPIPlugin, <class 'manticore.ethereum.plugins.SkipRevertBasicBlocks'>, <class 'manticore.ethereum.plugins.FilterFunctions'>
2023-07-03 16:32:58,704: [415] m.main:INFO: Beginning analysis
2023-07-03 16:32:58,707: [415] m.e.manticore:INFO: Starting symbolic create contract
2023-07-03 16:32:58,737: [415] m.e.manticore:INFO: Failed to build contract | Errors : Invalid solc compilation Error: Source "dependencies/openzeppelin/contracts/IERC20.sol" not found: File not found.
 --> sb/ReserveLogic_11.sol:4:1:
  |
4 | import {IERC20} from '../../../dependencies/openzeppelin/contracts/IERC20.sol';
  | ^^^^^^^^^^^^^^^^^^^^^^^^^^^^^^^^^^^^^^^^^^^^^^^^^^^^^^^^^^^^^^^^^^^^^^^^^^^^^^^

Error: Source "dependencies/openzeppelin/contracts/SafeERC20.sol" not found: File not found.
 --> sb/ReserveLogic_11.sol:5:1:
  |
5 | import {SafeERC20} from '../../../dependencies/openzeppelin/contracts/SafeERC20.sol';
  | ^^^^^^^^^^^^^^^^^^^^^^^^^^^^^^^^^^^^^^^^^^^^^^^^^^^^^^^^^^^^^^^^^^^^^^^^^^^^^^^^^^^^^

Error: Source "interfaces/IAToken.sol" not found: File not found.
 --> sb/ReserveLogic_11.sol:6:1:
  |
6 | import {IAToken} from '../../../interfaces/IAToken.sol';
  | ^^^^^^^^^^^^^^^^^^^^^^^^^^^^^^^^^^^^^^^^^^^^^^^^^^^^^^^^

Error: Source "interfaces/IStableDebtToken.sol" not found: File not found.
 --> sb/ReserveLogic_11.sol:7:1:
  |
7 | import {IStableDebtToken} from '../../../interfaces/IStableDebtToken.sol';
  | ^^^^^^^^^^^^^^^^^^^^^^^^^^^^^^^^^^^^^^^^^^^^^^^^^^^^^^^^^^^^^^^^^^^^^^^^^^

Error: Source "interfaces/IVariableDebtToken.sol" not found: File not found.
 --> sb/ReserveLogic_11.sol:8:1:
  |
8 | import {IVariableDebtToken} from '../../../interfaces/IVariableDebtToken.sol';
  | ^^^^^^^^^^^^^^^^^^^^^^^^^^^^^^^^^^^^^^^^^^^^^^^^^^^^^^^^^^^^^^^^^^^^^^^^^^^^^^

Error: Source "interfaces/IReserveInterestRateStrategy.sol" not found: File not found.
 --> sb/ReserveLogic_11.sol:9:1:
  |
9 | import {IReserveInterestRateStrategy} from '../../../interfaces/IReserveInterestRateStrategy.sol';
  | ^^^^^^^^^^^^^^^^^^^^^^^^^^^^^^^^^^^^^^^^^^^^^^^^^^^^^^^^^^^^^^^^^^^^^^^^^^^^^^^^^^^^^^^^^^^^^^^^^^

Error: Source "configuration/ReserveConfiguration.sol" not found: File not found.
  --> sb/ReserveLogic_11.sol:10:1:
   |
10 | import {ReserveConfiguration} from '../configuration/ReserveConfiguration.sol';
   | ^^^^^^^^^^^^^^^^^^^^^^^^^^^^^^^^^^^^^^^^^^^^^^^^^^^^^^^^^^^^^^^^^^^^^^^^^^^^^^^

Error: Source "math/MathUtils.sol" not found: File not found.
  --> sb/ReserveLogic_11.sol:11:1:
   |
11 | import {MathUtils} from '../math/MathUtils.sol';
   | ^^^^^^^^^^^^^^^^^^^^^^^^^^^^^^^^^^^^^^^^^^^^^^^^

Error: Source "math/WadRayMath.sol" not found: File not found.
  --> sb/ReserveLogic_11.sol:12:1:
   |
12 | import {WadRayMath} from '../math/WadRayMath.sol';
   | ^^^^^^^^^^^^^^^^^^^^^^^^^^^^^^^^^^^^^^^^^^^^^^^^^^

Error: Source "math/PercentageMath.sol" not found: File not found.
  --> sb/ReserveLogic_11.sol:13:1:
   |
13 | import {PercentageMath} from '../math/PercentageMath.sol';
   | ^^^^^^^^^^^^^^^^^^^^^^^^^^^^^^^^^^^^^^^^^^^^^^^^^^^^^^^^^^

Error: Source "helpers/Errors.sol" not found: File not found.
  --> sb/ReserveLogic_11.sol:14:1:
   |
14 | import {Errors} from '../helpers/Errors.sol';
   | ^^^^^^^^^^^^^^^^^^^^^^^^^^^^^^^^^^^^^^^^^^^^^

Error: Source "helpers/Helpers.sol" not found: File not found.
  --> sb/ReserveLogic_11.sol:15:1:
   |
15 | import {Helpers} from '../helpers/Helpers.sol';
   | ^^^^^^^^^^^^^^^^^^^^^^^^^^^^^^^^^^^^^^^^^^^^^^^

Error: Source "types/DataTypes.sol" not found: File not found.
  --> sb/ReserveLogic_11.sol:16:1:
   |
16 | import {DataTypes} from '../types/DataTypes.sol';
   | ^^^^^^^^^^^^^^^^^^^^^^^^^^^^^^^^^^^^^^^^^^^^^^^^^


. Solidity failed to generate bytecode for your contract. Check if all the abstract functions are implemented. 
Process Process-1:
Traceback (most recent call last):
  File "/usr/lib/python3.7/multiprocessing/process.py", line 297, in _bootstrap
    self.run()
  File "/usr/lib/python3.7/multiprocessing/process.py", line 99, in run
    self._target(*self._args, **self._kwargs)
  File "/usr/local/lib/python3.7/dist-packages/manticore/ethereum/manticore.py", line 1766, in worker_finalize
    finalizer(q.get_nowait())
  File "/usr/local/lib/python3.7/dist-packages/manticore/ethereum/manticore.py", line 1757, in finalizer
    if only_alive_states and last_tx.result in {"REVERT", "THROW", "TXERROR"}:
AttributeError: 'NoneType' object has no attribute 'result'
2023-07-03 16:32:58,810: [415] m.c.manticore:INFO: Results in /mcore_20zkemnz
2023-07-03 16:32:58,811: [415] m.c.manticore:WARNING: Manticore failed to run
2023-07-03 16:32:59,524: [440] m.main:INFO: Registered plugins: IntrospectionAPIPlugin, <class 'manticore.ethereum.plugins.SkipRevertBasicBlocks'>, <class 'manticore.ethereum.plugins.FilterFunctions'>
2023-07-03 16:32:59,524: [440] m.main:INFO: Beginning analysis
2023-07-03 16:32:59,527: [440] m.e.manticore:INFO: Starting symbolic create contract
2023-07-03 16:32:59,551: [440] m.e.manticore:INFO: Failed to build contract ^^^^^^^^^^^^^^^^^^^^^^^^^^^^^^^^^^^^^^^^^^^^^^^^^^^^^^^^^^^^^^^^^^^^^^^^^^^^^^^ Errors : Invalid solc compilation Error: Source "dependencies/openzeppelin/contracts/IERC20.sol" not found: File not found.
 --> sb/ReserveLogic_11.sol:4:1:
  |
4 | import {IERC20} from '../../../dependencies/openzeppelin/contracts/IERC20.sol';
  | ^^^^^^^^^^^^^^^^^^^^^^^^^^^^^^^^^^^^^^^^^^^^^^^^^^^^^^^^^^^^^^^^^^^^^^^^^^^^^^^

Error: Source "dependencies/openzeppelin/contracts/SafeERC20.sol" not found: File not found.
 --> sb/ReserveLogic_11.sol:5:1:
  |
5 | import {SafeERC20} from '../../../dependencies/openzeppelin/contracts/SafeERC20.sol';
  | ^^^^^^^^^^^^^^^^^^^^^^^^^^^^^^^^^^^^^^^^^^^^^^^^^^^^^^^^^^^^^^^^^^^^^^^^^^^^^^^^^^^^^

Error: Source "interfaces/IAToken.sol" not found: File not found.
 --> sb/ReserveLogic_11.sol:6:1:
  |
6 | import {IAToken} from '../../../interfaces/IAToken.sol';
  | ^^^^^^^^^^^^^^^^^^^^^^^^^^^^^^^^^^^^^^^^^^^^^^^^^^^^^^^^

Error: Source "interfaces/IStableDebtToken.sol" not found: File not found.
 --> sb/ReserveLogic_11.sol:7:1:
  |
7 | import {IStableDebtToken} from '../../../interfaces/IStableDebtToken.sol';
  | ^^^^^^^^^^^^^^^^^^^^^^^^^^^^^^^^^^^^^^^^^^^^^^^^^^^^^^^^^^^^^^^^^^^^^^^^^^

Error: Source "interfaces/IVariableDebtToken.sol" not found: File not found.
 --> sb/ReserveLogic_11.sol:8:1:
  |
8 | import {IVariableDebtToken} from '../../../interfaces/IVariableDebtToken.sol';
  | ^^^^^^^^^^^^^^^^^^^^^^^^^^^^^^^^^^^^^^^^^^^^^^^^^^^^^^^^^^^^^^^^^^^^^^^^^^^^^^

Error: Source "interfaces/IReserveInterestRateStrategy.sol" not found: File not found.
 --> sb/ReserveLogic_11.sol:9:1:
  |
9 | import {IReserveInterestRateStrategy} from '../../../interfaces/IReserveInterestRateStrategy.sol';
  | ^^^^^^^^^^^^^^^^^^^^^^^^^^^^^^^^^^^^^^^^^^^^^^^^^^^^^^^^^^^^^^^^^^^^^^^^^^^^^^^^^^^^^^^^^^^^^^^^^^

Error: Source "configuration/ReserveConfiguration.sol" not found: File not found.
  --> sb/ReserveLogic_11.sol:10:1:
   |
10 | import {ReserveConfiguration} from '../configuration/ReserveConfiguration.sol';
   | ^^^^^^^^^^^^^^^^^^^^^^^^^^^^^^^^^^^^^^^^^^^^^^^^^^^^^^^^^^^^^^^^^^^^^^^^^^^^^^^

Error: Source "math/MathUtils.sol" not found: File not found.
  --> sb/ReserveLogic_11.sol:11:1:
   |
11 | import {MathUtils} from '../math/MathUtils.sol';
   | ^^^^^^^^^^^^^^^^^^^^^^^^^^^^^^^^^^^^^^^^^^^^^^^^

Error: Source "math/WadRayMath.sol" not found: File not found.
  --> sb/ReserveLogic_11.sol:12:1:
   |
12 | import {WadRayMath} from '../math/WadRayMath.sol';
   | ^^^^^^^^^^^^^^^^^^^^^^^^^^^^^^^^^^^^^^^^^^^^^^^^^^

Error: Source "math/PercentageMath.sol" not found: File not found.
  --> sb/ReserveLogic_11.sol:13:1:
   |
13 | import {PercentageMath} from '../math/PercentageMath.sol';
   | ^^^^^^^^^^^^^^^^^^^^^^^^^^^^^^^^^^^^^^^^^^^^^^^^^^^^^^^^^^

Error: Source "helpers/Errors.sol" not found: File not found.
  --> sb/ReserveLogic_11.sol:14:1:
   |
14 | import {Errors} from '../helpers/Errors.sol';
   | ^^^^^^^^^^^^^^^^^^^^^^^^^^^^^^^^^^^^^^^^^^^^^

Error: Source "helpers/Helpers.sol" not found: File not found.
  --> sb/ReserveLogic_11.sol:15:1:
   |
15 | import {Helpers} from '../helpers/Helpers.sol';
   | ^^^^^^^^^^^^^^^^^^^^^^^^^^^^^^^^^^^^^^^^^^^^^^^

Error: Source "types/DataTypes.sol" not found: File not found.
  --> sb/ReserveLogic_11.sol:16:1:
   |
16 | import {DataTypes} from '../types/DataTypes.sol';
   | ^^^^^^^^^^^^^^^^^^^^^^^^^^^^^^^^^^^^^^^^^^^^^^^^^


. Solidity failed to generate bytecode for your contract. Check if all the abstract functions are implemented. 
Process Process-1:
Traceback (most recent call last):
  File "/usr/lib/python3.7/multiprocessing/process.py", line 297, in _bootstrap
    self.run()
  File "/usr/lib/python3.7/multiprocessing/process.py", line 99, in run
    self._target(*self._args, **self._kwargs)
  File "/usr/local/lib/python3.7/dist-packages/manticore/ethereum/manticore.py", line 1766, in worker_finalize
    finalizer(q.get_nowait())
  File "/usr/local/lib/python3.7/dist-packages/manticore/ethereum/manticore.py", line 1757, in finalizer
    if only_alive_states and last_tx.result in {"REVERT", "THROW", "TXERROR"}:
AttributeError: 'NoneType' object has no attribute 'result'
2023-07-03 16:32:59,612: [440] m.c.manticore:INFO: Results in /mcore_0ldgly7m
2023-07-03 16:32:59,613: [440] m.c.manticore:WARNING: Manticore failed to run
