2023-07-03 15:54:44,332: [12] m.main:INFO: Registered plugins: IntrospectionAPIPlugin, <class 'manticore.ethereum.plugins.SkipRevertBasicBlocks'>, <class 'manticore.ethereum.plugins.FilterFunctions'>
2023-07-03 15:54:44,332: [12] m.main:INFO: Beginning analysis
2023-07-03 15:54:44,335: [12] m.e.manticore:INFO: Starting symbolic create contract
2023-07-03 15:54:45,222: [12] m.e.manticore:INFO: Starting symbolic transaction: 0
2023-07-03 15:54:45,391: [12] m.e.manticore:INFO: 0 alive states, 1 terminated states
2023-07-03 15:54:45,457: [12] m.e.manticore:INFO: Starting symbolic transaction: 1
2023-07-03 15:54:45,627: [12] m.c.manticore:INFO: Results in /mcore_r1vxsbwf
2023-07-03 15:54:45,627: [12] m.c.manticore:INFO: Total time: 0.3988606929779053
2023-07-03 15:54:46,459: [71] m.main:INFO: Registered plugins: IntrospectionAPIPlugin, <class 'manticore.ethereum.plugins.SkipRevertBasicBlocks'>, <class 'manticore.ethereum.plugins.FilterFunctions'>
2023-07-03 15:54:46,459: [71] m.main:INFO: Beginning analysis
2023-07-03 15:54:46,463: [71] m.e.manticore:INFO: Starting symbolic create contract
2023-07-03 15:54:47,297: [71] m.e.manticore:INFO: Starting symbolic transaction: 0
2023-07-03 15:54:47,426: [71] m.e.manticore:INFO: 0 alive states, 1 terminated states
2023-07-03 15:54:47,491: [71] m.e.manticore:INFO: Starting symbolic transaction: 1
2023-07-03 15:54:47,650: [71] m.c.manticore:INFO: Results in /mcore_p9xkj2p3
2023-07-03 15:54:47,651: [71] m.c.manticore:INFO: Total time: 0.35071730613708496
2023-07-03 15:54:48,289: [130] m.main:INFO: Registered plugins: IntrospectionAPIPlugin, <class 'manticore.ethereum.plugins.SkipRevertBasicBlocks'>, <class 'manticore.ethereum.plugins.FilterFunctions'>
2023-07-03 15:54:48,290: [130] m.main:INFO: Beginning analysis
2023-07-03 15:54:48,292: [130] m.e.manticore:INFO: Starting symbolic create contract
2023-07-03 15:54:48,794: [130] m.e.manticore:INFO: Starting symbolic transaction: 0
2023-07-03 15:54:48,903: [130] m.e.manticore:INFO: 0 alive states, 2 terminated states
2023-07-03 15:54:49,046: [130] m.c.manticore:INFO: Results in /mcore_wj_1pmqd
2023-07-03 15:54:49,046: [130] m.c.manticore:INFO: Total time: 0.24895954132080078
2023-07-03 15:54:49,784: [195] m.main:INFO: Registered plugins: IntrospectionAPIPlugin, <class 'manticore.ethereum.plugins.SkipRevertBasicBlocks'>, <class 'manticore.ethereum.plugins.FilterFunctions'>
2023-07-03 15:54:49,785: [195] m.main:INFO: Beginning analysis
2023-07-03 15:54:49,788: [195] m.e.manticore:INFO: Starting symbolic create contract
