2023-07-03 15:43:53,812: [11] m.main:INFO: Registered plugins: IntrospectionAPIPlugin, <class 'manticore.ethereum.plugins.SkipRevertBasicBlocks'>, <class 'manticore.ethereum.plugins.FilterFunctions'>
2023-07-03 15:43:53,812: [11] m.main:INFO: Beginning analysis
2023-07-03 15:43:53,814: [11] m.e.manticore:INFO: Starting symbolic create contract
2023-07-03 15:43:53,834: [11] m.e.manticore:INFO: Failed to build contract /sb/UniswapV3Pool_15.sol:558:1: Errors : Invalid solc compilation sb/UniswapV3Pool_15.sol:558:1: Error: Expected pragma, import directive or contract/interface/library definition.
abstract contract NoDelegateCall {
^------^

. Solidity failed to generate bytecode for your contract. Check if all the abstract functions are implemented. 
Process Process-1:
Traceback (most recent call last):
  File "/usr/lib/python3.7/multiprocessing/process.py", line 297, in _bootstrap
    self.run()
  File "/usr/lib/python3.7/multiprocessing/process.py", line 99, in run
    self._target(*self._args, **self._kwargs)
  File "/usr/local/lib/python3.7/dist-packages/manticore/ethereum/manticore.py", line 1766, in worker_finalize
    finalizer(q.get_nowait())
  File "/usr/local/lib/python3.7/dist-packages/manticore/ethereum/manticore.py", line 1757, in finalizer
    if only_alive_states and last_tx.result in {"REVERT", "THROW", "TXERROR"}:
AttributeError: 'NoneType' object has no attribute 'result'
2023-07-03 15:43:53,894: [11] m.c.manticore:INFO: Results in /mcore_njytka3x
2023-07-03 15:43:53,895: [11] m.c.manticore:WARNING: Manticore failed to run
2023-07-03 15:43:54,506: [36] m.main:INFO: Registered plugins: IntrospectionAPIPlugin, <class 'manticore.ethereum.plugins.SkipRevertBasicBlocks'>, <class 'manticore.ethereum.plugins.FilterFunctions'>
2023-07-03 15:43:54,506: [36] m.main:INFO: Beginning analysis
2023-07-03 15:43:54,508: [36] m.e.manticore:INFO: Starting symbolic create contract
2023-07-03 15:43:54,534: [36] m.e.manticore:INFO: Failed to build contract ParserError: Errors : Invalid solc compilation sb/UniswapV3Pool_15.sol:558:1: Error: Expected pragma, import directive or contract/interface/library definition.
abstract contract NoDelegateCall {
^------^

. Solidity failed to generate bytecode for your contract. Check if all the abstract functions are implemented. 
Process Process-1:
Traceback (most recent call last):
  File "/usr/lib/python3.7/multiprocessing/process.py", line 297, in _bootstrap
    self.run()
  File "/usr/lib/python3.7/multiprocessing/process.py", line 99, in run
    self._target(*self._args, **self._kwargs)
  File "/usr/local/lib/python3.7/dist-packages/manticore/ethereum/manticore.py", line 1766, in worker_finalize
    finalizer(q.get_nowait())
  File "/usr/local/lib/python3.7/dist-packages/manticore/ethereum/manticore.py", line 1757, in finalizer
    if only_alive_states and last_tx.result in {"REVERT", "THROW", "TXERROR"}:
AttributeError: 'NoneType' object has no attribute 'result'
2023-07-03 15:43:54,597: [36] m.c.manticore:INFO: Results in /mcore_14t9ip5n
2023-07-03 15:43:54,597: [36] m.c.manticore:WARNING: Manticore failed to run
2023-07-03 15:43:55,385: [61] m.main:INFO: Registered plugins: IntrospectionAPIPlugin, <class 'manticore.ethereum.plugins.SkipRevertBasicBlocks'>, <class 'manticore.ethereum.plugins.FilterFunctions'>
2023-07-03 15:43:55,385: [61] m.main:INFO: Beginning analysis
2023-07-03 15:43:55,388: [61] m.e.manticore:INFO: Starting symbolic create contract
2023-07-03 15:43:55,415: [61] m.e.manticore:INFO: Failed to build contract Expected Errors : Invalid solc compilation sb/UniswapV3Pool_15.sol:558:1: Error: Expected pragma, import directive or contract/interface/library definition.
abstract contract NoDelegateCall {
^------^

. Solidity failed to generate bytecode for your contract. Check if all the abstract functions are implemented. 
Process Process-1:
Traceback (most recent call last):
  File "/usr/lib/python3.7/multiprocessing/process.py", line 297, in _bootstrap
    self.run()
  File "/usr/lib/python3.7/multiprocessing/process.py", line 99, in run
    self._target(*self._args, **self._kwargs)
  File "/usr/local/lib/python3.7/dist-packages/manticore/ethereum/manticore.py", line 1766, in worker_finalize
    finalizer(q.get_nowait())
  File "/usr/local/lib/python3.7/dist-packages/manticore/ethereum/manticore.py", line 1757, in finalizer
    if only_alive_states and last_tx.result in {"REVERT", "THROW", "TXERROR"}:
AttributeError: 'NoneType' object has no attribute 'result'
2023-07-03 15:43:55,478: [61] m.c.manticore:INFO: Results in /mcore_eyzqaxka
2023-07-03 15:43:55,479: [61] m.c.manticore:WARNING: Manticore failed to run
2023-07-03 15:43:56,222: [86] m.main:INFO: Registered plugins: IntrospectionAPIPlugin, <class 'manticore.ethereum.plugins.SkipRevertBasicBlocks'>, <class 'manticore.ethereum.plugins.FilterFunctions'>
2023-07-03 15:43:56,223: [86] m.main:INFO: Beginning analysis
2023-07-03 15:43:56,226: [86] m.e.manticore:INFO: Starting symbolic create contract
2023-07-03 15:43:56,255: [86] m.e.manticore:INFO: Failed to build contract pragma, Errors : Invalid solc compilation sb/UniswapV3Pool_15.sol:558:1: Error: Expected pragma, import directive or contract/interface/library definition.
abstract contract NoDelegateCall {
^------^

. Solidity failed to generate bytecode for your contract. Check if all the abstract functions are implemented. 
Process Process-1:
Traceback (most recent call last):
  File "/usr/lib/python3.7/multiprocessing/process.py", line 297, in _bootstrap
    self.run()
  File "/usr/lib/python3.7/multiprocessing/process.py", line 99, in run
    self._target(*self._args, **self._kwargs)
  File "/usr/local/lib/python3.7/dist-packages/manticore/ethereum/manticore.py", line 1766, in worker_finalize
    finalizer(q.get_nowait())
  File "/usr/local/lib/python3.7/dist-packages/manticore/ethereum/manticore.py", line 1757, in finalizer
    if only_alive_states and last_tx.result in {"REVERT", "THROW", "TXERROR"}:
AttributeError: 'NoneType' object has no attribute 'result'
2023-07-03 15:43:56,374: [86] m.c.manticore:INFO: Results in /mcore_z6xz6ouc
2023-07-03 15:43:56,374: [86] m.c.manticore:WARNING: Manticore failed to run
2023-07-03 15:43:57,078: [111] m.main:INFO: Registered plugins: IntrospectionAPIPlugin, <class 'manticore.ethereum.plugins.SkipRevertBasicBlocks'>, <class 'manticore.ethereum.plugins.FilterFunctions'>
2023-07-03 15:43:57,078: [111] m.main:INFO: Beginning analysis
2023-07-03 15:43:57,080: [111] m.e.manticore:INFO: Starting symbolic create contract
2023-07-03 15:43:57,130: [111] m.e.manticore:INFO: Failed to build contract import Errors : Invalid solc compilation sb/UniswapV3Pool_15.sol:558:1: Error: Expected pragma, import directive or contract/interface/library definition.
abstract contract NoDelegateCall {
^------^

. Solidity failed to generate bytecode for your contract. Check if all the abstract functions are implemented. 
Process Process-1:
Traceback (most recent call last):
  File "/usr/lib/python3.7/multiprocessing/process.py", line 297, in _bootstrap
    self.run()
  File "/usr/lib/python3.7/multiprocessing/process.py", line 99, in run
    self._target(*self._args, **self._kwargs)
  File "/usr/local/lib/python3.7/dist-packages/manticore/ethereum/manticore.py", line 1766, in worker_finalize
    finalizer(q.get_nowait())
  File "/usr/local/lib/python3.7/dist-packages/manticore/ethereum/manticore.py", line 1757, in finalizer
    if only_alive_states and last_tx.result in {"REVERT", "THROW", "TXERROR"}:
AttributeError: 'NoneType' object has no attribute 'result'
2023-07-03 15:43:57,194: [111] m.c.manticore:INFO: Results in /mcore_6m7zlodf
2023-07-03 15:43:57,195: [111] m.c.manticore:WARNING: Manticore failed to run
2023-07-03 15:43:57,857: [136] m.main:INFO: Registered plugins: IntrospectionAPIPlugin, <class 'manticore.ethereum.plugins.SkipRevertBasicBlocks'>, <class 'manticore.ethereum.plugins.FilterFunctions'>
2023-07-03 15:43:57,857: [136] m.main:INFO: Beginning analysis
2023-07-03 15:43:57,860: [136] m.e.manticore:INFO: Starting symbolic create contract
2023-07-03 15:43:57,884: [136] m.e.manticore:INFO: Failed to build contract directive Errors : Invalid solc compilation sb/UniswapV3Pool_15.sol:558:1: Error: Expected pragma, import directive or contract/interface/library definition.
abstract contract NoDelegateCall {
^------^

. Solidity failed to generate bytecode for your contract. Check if all the abstract functions are implemented. 
Process Process-1:
Traceback (most recent call last):
  File "/usr/lib/python3.7/multiprocessing/process.py", line 297, in _bootstrap
    self.run()
  File "/usr/lib/python3.7/multiprocessing/process.py", line 99, in run
    self._target(*self._args, **self._kwargs)
  File "/usr/local/lib/python3.7/dist-packages/manticore/ethereum/manticore.py", line 1766, in worker_finalize
    finalizer(q.get_nowait())
  File "/usr/local/lib/python3.7/dist-packages/manticore/ethereum/manticore.py", line 1757, in finalizer
    if only_alive_states and last_tx.result in {"REVERT", "THROW", "TXERROR"}:
AttributeError: 'NoneType' object has no attribute 'result'
2023-07-03 15:43:57,955: [136] m.c.manticore:INFO: Results in /mcore_vvuslcld
2023-07-03 15:43:57,956: [136] m.c.manticore:WARNING: Manticore failed to run
2023-07-03 15:43:58,679: [161] m.main:INFO: Registered plugins: IntrospectionAPIPlugin, <class 'manticore.ethereum.plugins.SkipRevertBasicBlocks'>, <class 'manticore.ethereum.plugins.FilterFunctions'>
2023-07-03 15:43:58,679: [161] m.main:INFO: Beginning analysis
2023-07-03 15:43:58,682: [161] m.e.manticore:INFO: Starting symbolic create contract
2023-07-03 15:43:58,705: [161] m.e.manticore:INFO: Failed to build contract or Errors : Invalid solc compilation sb/UniswapV3Pool_15.sol:558:1: Error: Expected pragma, import directive or contract/interface/library definition.
abstract contract NoDelegateCall {
^------^

. Solidity failed to generate bytecode for your contract. Check if all the abstract functions are implemented. 
Process Process-1:
Traceback (most recent call last):
  File "/usr/lib/python3.7/multiprocessing/process.py", line 297, in _bootstrap
    self.run()
  File "/usr/lib/python3.7/multiprocessing/process.py", line 99, in run
    self._target(*self._args, **self._kwargs)
  File "/usr/local/lib/python3.7/dist-packages/manticore/ethereum/manticore.py", line 1766, in worker_finalize
    finalizer(q.get_nowait())
  File "/usr/local/lib/python3.7/dist-packages/manticore/ethereum/manticore.py", line 1757, in finalizer
    if only_alive_states and last_tx.result in {"REVERT", "THROW", "TXERROR"}:
AttributeError: 'NoneType' object has no attribute 'result'
2023-07-03 15:43:58,780: [161] m.c.manticore:INFO: Results in /mcore_zvea3qtx
2023-07-03 15:43:58,781: [161] m.c.manticore:WARNING: Manticore failed to run
2023-07-03 15:43:59,412: [186] m.main:INFO: Registered plugins: IntrospectionAPIPlugin, <class 'manticore.ethereum.plugins.SkipRevertBasicBlocks'>, <class 'manticore.ethereum.plugins.FilterFunctions'>
2023-07-03 15:43:59,412: [186] m.main:INFO: Beginning analysis
2023-07-03 15:43:59,415: [186] m.e.manticore:INFO: Starting symbolic create contract
2023-07-03 15:43:59,448: [186] m.e.manticore:INFO: Failed to build contract contract/interface/library Errors : Invalid solc compilation sb/UniswapV3Pool_15.sol:558:1: Error: Expected pragma, import directive or contract/interface/library definition.
abstract contract NoDelegateCall {
^------^

. Solidity failed to generate bytecode for your contract. Check if all the abstract functions are implemented. 
Process Process-1:
Traceback (most recent call last):
  File "/usr/lib/python3.7/multiprocessing/process.py", line 297, in _bootstrap
    self.run()
  File "/usr/lib/python3.7/multiprocessing/process.py", line 99, in run
    self._target(*self._args, **self._kwargs)
  File "/usr/local/lib/python3.7/dist-packages/manticore/ethereum/manticore.py", line 1766, in worker_finalize
    finalizer(q.get_nowait())
  File "/usr/local/lib/python3.7/dist-packages/manticore/ethereum/manticore.py", line 1757, in finalizer
    if only_alive_states and last_tx.result in {"REVERT", "THROW", "TXERROR"}:
AttributeError: 'NoneType' object has no attribute 'result'
2023-07-03 15:43:59,505: [186] m.c.manticore:INFO: Results in /mcore_4qbr2ed4
2023-07-03 15:43:59,505: [186] m.c.manticore:WARNING: Manticore failed to run
2023-07-03 15:44:00,121: [211] m.main:INFO: Registered plugins: IntrospectionAPIPlugin, <class 'manticore.ethereum.plugins.SkipRevertBasicBlocks'>, <class 'manticore.ethereum.plugins.FilterFunctions'>
2023-07-03 15:44:00,122: [211] m.main:INFO: Beginning analysis
2023-07-03 15:44:00,124: [211] m.e.manticore:INFO: Starting symbolic create contract
2023-07-03 15:44:00,148: [211] m.e.manticore:INFO: Failed to build contract definition. Errors : Invalid solc compilation sb/UniswapV3Pool_15.sol:558:1: Error: Expected pragma, import directive or contract/interface/library definition.
abstract contract NoDelegateCall {
^------^

. Solidity failed to generate bytecode for your contract. Check if all the abstract functions are implemented. 
Process Process-1:
Traceback (most recent call last):
  File "/usr/lib/python3.7/multiprocessing/process.py", line 297, in _bootstrap
    self.run()
  File "/usr/lib/python3.7/multiprocessing/process.py", line 99, in run
    self._target(*self._args, **self._kwargs)
  File "/usr/local/lib/python3.7/dist-packages/manticore/ethereum/manticore.py", line 1766, in worker_finalize
    finalizer(q.get_nowait())
  File "/usr/local/lib/python3.7/dist-packages/manticore/ethereum/manticore.py", line 1757, in finalizer
    if only_alive_states and last_tx.result in {"REVERT", "THROW", "TXERROR"}:
AttributeError: 'NoneType' object has no attribute 'result'
2023-07-03 15:44:00,228: [211] m.c.manticore:INFO: Results in /mcore_31cn6moo
2023-07-03 15:44:00,228: [211] m.c.manticore:WARNING: Manticore failed to run
2023-07-03 15:44:00,984: [236] m.main:INFO: Registered plugins: IntrospectionAPIPlugin, <class 'manticore.ethereum.plugins.SkipRevertBasicBlocks'>, <class 'manticore.ethereum.plugins.FilterFunctions'>
2023-07-03 15:44:00,985: [236] m.main:INFO: Beginning analysis
2023-07-03 15:44:00,987: [236] m.e.manticore:INFO: Starting symbolic create contract
2023-07-03 15:44:01,013: [236] m.e.manticore:INFO: Failed to build contract abstract Errors : Invalid solc compilation sb/UniswapV3Pool_15.sol:558:1: Error: Expected pragma, import directive or contract/interface/library definition.
abstract contract NoDelegateCall {
^------^

. Solidity failed to generate bytecode for your contract. Check if all the abstract functions are implemented. 
Process Process-1:
Traceback (most recent call last):
  File "/usr/lib/python3.7/multiprocessing/process.py", line 297, in _bootstrap
    self.run()
  File "/usr/lib/python3.7/multiprocessing/process.py", line 99, in run
    self._target(*self._args, **self._kwargs)
  File "/usr/local/lib/python3.7/dist-packages/manticore/ethereum/manticore.py", line 1766, in worker_finalize
    finalizer(q.get_nowait())
  File "/usr/local/lib/python3.7/dist-packages/manticore/ethereum/manticore.py", line 1757, in finalizer
    if only_alive_states and last_tx.result in {"REVERT", "THROW", "TXERROR"}:
AttributeError: 'NoneType' object has no attribute 'result'
2023-07-03 15:44:01,074: [236] m.c.manticore:INFO: Results in /mcore_ka1amgmi
2023-07-03 15:44:01,075: [236] m.c.manticore:WARNING: Manticore failed to run
2023-07-03 15:44:01,755: [261] m.main:INFO: Registered plugins: IntrospectionAPIPlugin, <class 'manticore.ethereum.plugins.SkipRevertBasicBlocks'>, <class 'manticore.ethereum.plugins.FilterFunctions'>
2023-07-03 15:44:01,756: [261] m.main:INFO: Beginning analysis
2023-07-03 15:44:01,761: [261] m.e.manticore:INFO: Starting symbolic create contract
2023-07-03 15:44:01,784: [261] m.e.manticore:INFO: Failed to build contract contract Errors : Invalid solc compilation sb/UniswapV3Pool_15.sol:558:1: Error: Expected pragma, import directive or contract/interface/library definition.
abstract contract NoDelegateCall {
^------^

. Solidity failed to generate bytecode for your contract. Check if all the abstract functions are implemented. 
Process Process-1:
Traceback (most recent call last):
  File "/usr/lib/python3.7/multiprocessing/process.py", line 297, in _bootstrap
    self.run()
  File "/usr/lib/python3.7/multiprocessing/process.py", line 99, in run
    self._target(*self._args, **self._kwargs)
  File "/usr/local/lib/python3.7/dist-packages/manticore/ethereum/manticore.py", line 1766, in worker_finalize
    finalizer(q.get_nowait())
  File "/usr/local/lib/python3.7/dist-packages/manticore/ethereum/manticore.py", line 1757, in finalizer
    if only_alive_states and last_tx.result in {"REVERT", "THROW", "TXERROR"}:
AttributeError: 'NoneType' object has no attribute 'result'
2023-07-03 15:44:01,851: [261] m.c.manticore:INFO: Results in /mcore_kl_sbqkd
2023-07-03 15:44:01,852: [261] m.c.manticore:WARNING: Manticore failed to run
2023-07-03 15:44:02,531: [286] m.main:INFO: Registered plugins: IntrospectionAPIPlugin, <class 'manticore.ethereum.plugins.SkipRevertBasicBlocks'>, <class 'manticore.ethereum.plugins.FilterFunctions'>
2023-07-03 15:44:02,531: [286] m.main:INFO: Beginning analysis
2023-07-03 15:44:02,534: [286] m.e.manticore:INFO: Starting symbolic create contract
2023-07-03 15:44:02,565: [286] m.e.manticore:INFO: Failed to build contract NoDelegateCall Errors : Invalid solc compilation sb/UniswapV3Pool_15.sol:558:1: Error: Expected pragma, import directive or contract/interface/library definition.
abstract contract NoDelegateCall {
^------^

. Solidity failed to generate bytecode for your contract. Check if all the abstract functions are implemented. 
Process Process-1:
Traceback (most recent call last):
  File "/usr/lib/python3.7/multiprocessing/process.py", line 297, in _bootstrap
    self.run()
  File "/usr/lib/python3.7/multiprocessing/process.py", line 99, in run
    self._target(*self._args, **self._kwargs)
  File "/usr/local/lib/python3.7/dist-packages/manticore/ethereum/manticore.py", line 1766, in worker_finalize
    finalizer(q.get_nowait())
  File "/usr/local/lib/python3.7/dist-packages/manticore/ethereum/manticore.py", line 1757, in finalizer
    if only_alive_states and last_tx.result in {"REVERT", "THROW", "TXERROR"}:
AttributeError: 'NoneType' object has no attribute 'result'
2023-07-03 15:44:02,649: [286] m.c.manticore:INFO: Results in /mcore_sb6kdtj5
2023-07-03 15:44:02,650: [286] m.c.manticore:WARNING: Manticore failed to run
2023-07-03 15:44:03,423: [311] m.main:INFO: Registered plugins: IntrospectionAPIPlugin, <class 'manticore.ethereum.plugins.SkipRevertBasicBlocks'>, <class 'manticore.ethereum.plugins.FilterFunctions'>
2023-07-03 15:44:03,424: [311] m.main:INFO: Beginning analysis
2023-07-03 15:44:03,426: [311] m.e.manticore:INFO: Starting symbolic create contract
2023-07-03 15:44:03,453: [311] m.e.manticore:INFO: Failed to build contract { Errors : Invalid solc compilation sb/UniswapV3Pool_15.sol:558:1: Error: Expected pragma, import directive or contract/interface/library definition.
abstract contract NoDelegateCall {
^------^

. Solidity failed to generate bytecode for your contract. Check if all the abstract functions are implemented. 
Process Process-1:
Traceback (most recent call last):
  File "/usr/lib/python3.7/multiprocessing/process.py", line 297, in _bootstrap
    self.run()
  File "/usr/lib/python3.7/multiprocessing/process.py", line 99, in run
    self._target(*self._args, **self._kwargs)
  File "/usr/local/lib/python3.7/dist-packages/manticore/ethereum/manticore.py", line 1766, in worker_finalize
    finalizer(q.get_nowait())
  File "/usr/local/lib/python3.7/dist-packages/manticore/ethereum/manticore.py", line 1757, in finalizer
    if only_alive_states and last_tx.result in {"REVERT", "THROW", "TXERROR"}:
AttributeError: 'NoneType' object has no attribute 'result'
2023-07-03 15:44:03,526: [311] m.c.manticore:INFO: Results in /mcore_bpsz1fo5
2023-07-03 15:44:03,526: [311] m.c.manticore:WARNING: Manticore failed to run
2023-07-03 15:44:04,312: [336] m.main:INFO: Registered plugins: IntrospectionAPIPlugin, <class 'manticore.ethereum.plugins.SkipRevertBasicBlocks'>, <class 'manticore.ethereum.plugins.FilterFunctions'>
2023-07-03 15:44:04,312: [336] m.main:INFO: Beginning analysis
2023-07-03 15:44:04,315: [336] m.e.manticore:INFO: Starting symbolic create contract
2023-07-03 15:44:04,352: [336] m.e.manticore:INFO: Failed to build contract ^------^ Errors : Invalid solc compilation sb/UniswapV3Pool_15.sol:558:1: Error: Expected pragma, import directive or contract/interface/library definition.
abstract contract NoDelegateCall {
^------^

. Solidity failed to generate bytecode for your contract. Check if all the abstract functions are implemented. 
Process Process-1:
Traceback (most recent call last):
  File "/usr/lib/python3.7/multiprocessing/process.py", line 297, in _bootstrap
    self.run()
  File "/usr/lib/python3.7/multiprocessing/process.py", line 99, in run
    self._target(*self._args, **self._kwargs)
  File "/usr/local/lib/python3.7/dist-packages/manticore/ethereum/manticore.py", line 1766, in worker_finalize
    finalizer(q.get_nowait())
  File "/usr/local/lib/python3.7/dist-packages/manticore/ethereum/manticore.py", line 1757, in finalizer
    if only_alive_states and last_tx.result in {"REVERT", "THROW", "TXERROR"}:
AttributeError: 'NoneType' object has no attribute 'result'
2023-07-03 15:44:04,438: [336] m.c.manticore:INFO: Results in /mcore_x07sjz0a
2023-07-03 15:44:04,438: [336] m.c.manticore:WARNING: Manticore failed to run
