2023-07-03 16:21:12,216: [11] m.main:INFO: Registered plugins: IntrospectionAPIPlugin, <class 'manticore.ethereum.plugins.SkipRevertBasicBlocks'>, <class 'manticore.ethereum.plugins.FilterFunctions'>
2023-07-03 16:21:12,216: [11] m.main:INFO: Beginning analysis
2023-07-03 16:21:12,218: [11] m.e.manticore:INFO: Starting symbolic create contract
2023-07-03 16:21:13,071: [11] m.e.manticore:INFO: Starting symbolic transaction: 0
2023-07-03 16:21:13,206: [11] m.e.manticore:INFO: 0 alive states, 1 terminated states
2023-07-03 16:21:13,247: [11] m.e.manticore:INFO: Starting symbolic transaction: 1
2023-07-03 16:21:13,407: [11] m.c.manticore:INFO: Results in /mcore_lqf5vcps
2023-07-03 16:21:13,408: [11] m.c.manticore:INFO: Total time: 0.3333883285522461
2023-07-03 16:21:14,111: [70] m.main:INFO: Registered plugins: IntrospectionAPIPlugin, <class 'manticore.ethereum.plugins.SkipRevertBasicBlocks'>, <class 'manticore.ethereum.plugins.FilterFunctions'>
2023-07-03 16:21:14,111: [70] m.main:INFO: Beginning analysis
2023-07-03 16:21:14,114: [70] m.e.manticore:INFO: Starting symbolic create contract
2023-07-03 16:21:15,232: [70] m.e.manticore:INFO: Starting symbolic transaction: 0
2023-07-03 16:21:15,372: [70] m.e.manticore:INFO: 0 alive states, 1 terminated states
2023-07-03 16:21:15,417: [70] m.e.manticore:INFO: Starting symbolic transaction: 1
2023-07-03 16:21:15,619: [70] m.c.manticore:INFO: Results in /mcore_zyh8onwr
2023-07-03 16:21:15,619: [70] m.c.manticore:INFO: Total time: 0.3837435245513916
2023-07-03 16:21:16,405: [129] m.main:INFO: Registered plugins: IntrospectionAPIPlugin, <class 'manticore.ethereum.plugins.SkipRevertBasicBlocks'>, <class 'manticore.ethereum.plugins.FilterFunctions'>
2023-07-03 16:21:16,408: [129] m.main:INFO: Beginning analysis
2023-07-03 16:21:16,412: [129] m.e.manticore:INFO: Starting symbolic create contract
2023-07-03 16:21:17,344: [129] m.e.manticore:INFO: Starting symbolic transaction: 0
2023-07-03 16:21:17,472: [129] m.e.manticore:INFO: 0 alive states, 1 terminated states
2023-07-03 16:21:17,524: [129] m.e.manticore:INFO: Starting symbolic transaction: 1
2023-07-03 16:21:17,704: [129] m.c.manticore:INFO: Results in /mcore_tktaq8p7
2023-07-03 16:21:17,704: [129] m.c.manticore:INFO: Total time: 0.35718607902526855
2023-07-03 16:21:18,398: [188] m.main:INFO: Registered plugins: IntrospectionAPIPlugin, <class 'manticore.ethereum.plugins.SkipRevertBasicBlocks'>, <class 'manticore.ethereum.plugins.FilterFunctions'>
2023-07-03 16:21:18,399: [188] m.main:INFO: Beginning analysis
2023-07-03 16:21:18,403: [188] m.e.manticore:INFO: Starting symbolic create contract
2023-07-03 16:21:36,416: [188] m.e.manticore:INFO: Starting symbolic transaction: 0
