[INFO] | 2023-07-06 06:23:56 AM | analyzer.LibMath_8 | Analysis started at: 2023-07-06 06:23:56 AM
[INFO] | 2023-07-06 06:23:57 AM | analyzer.LibMath_8 | Version constraints: ['^0.5.2']
[INFO] | 2023-07-06 06:23:57 AM | analyzer.LibMath_8 | solc version: v0.5.2
[INFO] | 2023-07-06 06:23:58 AM | analyzer.LibMath_8 | Callgraph generation started!
[INFO] | 2023-07-06 06:23:58 AM | analyzer.LibMath_8 | Callgraph generation finished!
[INFO] | 2023-07-06 06:23:58 AM | analyzer.LibMath_8 | Interprocedural CFG generation started!
[INFO] | 2023-07-06 06:23:58 AM | analyzer.LibMath_8 | Interprocedural CFG generation finished!
[INFO] | 2023-07-06 06:23:58 AM | analyzer.LibMath_8 | Storage dependency graph generation started!
[INFO] | 2023-07-06 06:23:58 AM | analyzer.LibMath_8 | Storage dependency graph generation finished!
[INFO] | 2023-07-06 06:23:58 AM | analyzer.LibMath_8 | Value Range Analysis started
[INFO] | 2023-07-06 06:23:58 AM | analyzer.LibMath_8 | Generating return summary for slitherConstructorConstantVariables
[INFO] | 2023-07-06 06:23:58 AM | analyzer.LibMath_8 | Return summary generated for slitherConstructorConstantVariables
[INFO] | 2023-07-06 06:23:58 AM | analyzer.LibMath_8 | Range graph generated
[INFO] | 2023-07-06 06:23:58 AM | analyzer.LibMath_8 | Processed function slitherConstructorConstantVariables
[INFO] | 2023-07-06 06:23:58 AM | analyzer.LibMath_8 | Generating return summary for slitherConstructorConstantVariables
[INFO] | 2023-07-06 06:23:58 AM | analyzer.LibMath_8 | Return summary generated for slitherConstructorConstantVariables
[INFO] | 2023-07-06 06:23:58 AM | analyzer.LibMath_8 | Range graph generated
[INFO] | 2023-07-06 06:23:58 AM | analyzer.LibMath_8 | Processed function slitherConstructorConstantVariables
[INFO] | 2023-07-06 06:23:58 AM | analyzer.LibMath_8 | Generating return summary for WAD
[INFO] | 2023-07-06 06:23:58 AM | analyzer.LibMath_8 | Return summary generated for WAD
[INFO] | 2023-07-06 06:23:58 AM | analyzer.LibMath_8 | State variable assignement do not exist
[INFO] | 2023-07-06 06:23:58 AM | analyzer.LibMath_8 | Processed function WAD
[INFO] | 2023-07-06 06:23:58 AM | analyzer.LibMath_8 | Generating return summary for mul
[INFO] | 2023-07-06 06:23:58 AM | analyzer.LibMath_8 | Return summary generated for mul
[INFO] | 2023-07-06 06:23:58 AM | analyzer.LibMath_8 | State variable assignement do not exist
[INFO] | 2023-07-06 06:23:58 AM | analyzer.LibMath_8 | Processed function mul
[INFO] | 2023-07-06 06:23:58 AM | analyzer.LibMath_8 | Generating return summary for div
[INFO] | 2023-07-06 06:23:58 AM | analyzer.LibMath_8 | Return summary generated for div
[INFO] | 2023-07-06 06:23:58 AM | analyzer.LibMath_8 | State variable assignement do not exist
[INFO] | 2023-07-06 06:23:58 AM | analyzer.LibMath_8 | Processed function div
[INFO] | 2023-07-06 06:23:58 AM | analyzer.LibMath_8 | Generating return summary for sub
[INFO] | 2023-07-06 06:23:58 AM | analyzer.LibMath_8 | Return summary generated for sub
[INFO] | 2023-07-06 06:23:58 AM | analyzer.LibMath_8 | State variable assignement do not exist
[INFO] | 2023-07-06 06:23:58 AM | analyzer.LibMath_8 | Processed function sub
[INFO] | 2023-07-06 06:23:58 AM | analyzer.LibMath_8 | Generating return summary for add
[INFO] | 2023-07-06 06:23:58 AM | analyzer.LibMath_8 | Return summary generated for add
[INFO] | 2023-07-06 06:23:58 AM | analyzer.LibMath_8 | State variable assignement do not exist
[INFO] | 2023-07-06 06:23:58 AM | analyzer.LibMath_8 | Processed function add
[INFO] | 2023-07-06 06:23:58 AM | analyzer.LibMath_8 | Generating return summary for min
[INFO] | 2023-07-06 06:23:58 AM | analyzer.LibMath_8 | Return summary generated for min
[INFO] | 2023-07-06 06:23:58 AM | analyzer.LibMath_8 | State variable assignement do not exist
[INFO] | 2023-07-06 06:23:58 AM | analyzer.LibMath_8 | Processed function min
[INFO] | 2023-07-06 06:23:58 AM | analyzer.LibMath_8 | Generating return summary for max
[INFO] | 2023-07-06 06:23:58 AM | analyzer.LibMath_8 | Return summary generated for max
[INFO] | 2023-07-06 06:23:58 AM | analyzer.LibMath_8 | State variable assignement do not exist
[INFO] | 2023-07-06 06:23:58 AM | analyzer.LibMath_8 | Processed function max
[INFO] | 2023-07-06 06:23:58 AM | analyzer.LibMath_8 | Generating return summary for toUint256
[INFO] | 2023-07-06 06:23:58 AM | analyzer.LibMath_8 | Return summary generated for toUint256
[INFO] | 2023-07-06 06:23:58 AM | analyzer.LibMath_8 | State variable assignement do not exist
[INFO] | 2023-07-06 06:23:58 AM | analyzer.LibMath_8 | Processed function toUint256
[INFO] | 2023-07-06 06:23:58 AM | analyzer.LibMath_8 | Generating return summary for WAD
[INFO] | 2023-07-06 06:23:58 AM | analyzer.LibMath_8 | Return summary generated for WAD
[INFO] | 2023-07-06 06:23:58 AM | analyzer.LibMath_8 | State variable assignement do not exist
[INFO] | 2023-07-06 06:23:58 AM | analyzer.LibMath_8 | Processed function WAD
[INFO] | 2023-07-06 06:23:58 AM | analyzer.LibMath_8 | Generating return summary for add
[INFO] | 2023-07-06 06:23:58 AM | analyzer.LibMath_8 | Return summary generated for add
[INFO] | 2023-07-06 06:23:58 AM | analyzer.LibMath_8 | State variable assignement do not exist
[INFO] | 2023-07-06 06:23:58 AM | analyzer.LibMath_8 | Processed function add
[INFO] | 2023-07-06 06:23:58 AM | analyzer.LibMath_8 | Generating return summary for sub
[INFO] | 2023-07-06 06:23:58 AM | analyzer.LibMath_8 | Return summary generated for sub
[INFO] | 2023-07-06 06:23:58 AM | analyzer.LibMath_8 | State variable assignement do not exist
[INFO] | 2023-07-06 06:23:58 AM | analyzer.LibMath_8 | Processed function sub
[INFO] | 2023-07-06 06:23:58 AM | analyzer.LibMath_8 | Generating return summary for mul
[INFO] | 2023-07-06 06:23:58 AM | analyzer.LibMath_8 | Return summary generated for mul
[INFO] | 2023-07-06 06:23:58 AM | analyzer.LibMath_8 | State variable assignement do not exist
[INFO] | 2023-07-06 06:23:58 AM | analyzer.LibMath_8 | Processed function mul
[INFO] | 2023-07-06 06:23:58 AM | analyzer.LibMath_8 | Generating return summary for div
[INFO] | 2023-07-06 06:23:58 AM | analyzer.LibMath_8 | Return summary generated for div
[INFO] | 2023-07-06 06:23:58 AM | analyzer.LibMath_8 | State variable assignement do not exist
[INFO] | 2023-07-06 06:23:58 AM | analyzer.LibMath_8 | Processed function div
[INFO] | 2023-07-06 06:23:58 AM | analyzer.LibMath_8 | Generating return summary for min
[INFO] | 2023-07-06 06:23:58 AM | analyzer.LibMath_8 | Return summary generated for min
[INFO] | 2023-07-06 06:23:58 AM | analyzer.LibMath_8 | State variable assignement do not exist
[INFO] | 2023-07-06 06:23:58 AM | analyzer.LibMath_8 | Processed function min
[INFO] | 2023-07-06 06:23:58 AM | analyzer.LibMath_8 | Generating return summary for max
[INFO] | 2023-07-06 06:23:58 AM | analyzer.LibMath_8 | Return summary generated for max
[INFO] | 2023-07-06 06:23:58 AM | analyzer.LibMath_8 | State variable assignement do not exist
[INFO] | 2023-07-06 06:23:58 AM | analyzer.LibMath_8 | Processed function max
[INFO] | 2023-07-06 06:23:58 AM | analyzer.LibMath_8 | Generating return summary for toInt256
[INFO] | 2023-07-06 06:23:58 AM | analyzer.LibMath_8 | Return summary generated for toInt256
[INFO] | 2023-07-06 06:23:58 AM | analyzer.LibMath_8 | State variable assignement do not exist
[INFO] | 2023-07-06 06:23:58 AM | analyzer.LibMath_8 | Processed function toInt256
[INFO] | 2023-07-06 06:23:58 AM | analyzer.LibMath_8 | Generating return summary for mod
[INFO] | 2023-07-06 06:23:58 AM | analyzer.LibMath_8 | Return summary generated for mod
[INFO] | 2023-07-06 06:23:58 AM | analyzer.LibMath_8 | State variable assignement do not exist
[INFO] | 2023-07-06 06:23:58 AM | analyzer.LibMath_8 | Processed function mod
[INFO] | 2023-07-06 06:23:58 AM | analyzer.LibMath_8 | Generating return summary for neg
[INFO] | 2023-07-06 06:23:58 AM | analyzer.LibMath_8 | Return summary generated for neg
[INFO] | 2023-07-06 06:23:58 AM | analyzer.LibMath_8 | State variable assignement do not exist
[INFO] | 2023-07-06 06:23:58 AM | analyzer.LibMath_8 | Processed function neg
[INFO] | 2023-07-06 06:23:58 AM | analyzer.LibMath_8 | Generating return summary for roundHalfUp
[INFO] | 2023-07-06 06:23:58 AM | analyzer.LibMath_8 | Return summary generated for roundHalfUp
[INFO] | 2023-07-06 06:23:58 AM | analyzer.LibMath_8 | State variable assignement do not exist
[INFO] | 2023-07-06 06:23:58 AM | analyzer.LibMath_8 | Processed function roundHalfUp
[INFO] | 2023-07-06 06:23:58 AM | analyzer.LibMath_8 | Generating return summary for ceil
[INFO] | 2023-07-06 06:23:58 AM | analyzer.LibMath_8 | Return summary generated for ceil
[INFO] | 2023-07-06 06:23:58 AM | analyzer.LibMath_8 | State variable assignement do not exist
[INFO] | 2023-07-06 06:23:58 AM | analyzer.LibMath_8 | Processed function ceil
[INFO] | 2023-07-06 06:23:58 AM | analyzer.LibMath_8 | Generating return summary for wmul
[WARNING] | 2023-07-06 06:23:58 AM | analyzer.LibMath_8 | No lvalue eligible assignment, is this some bug!
[INFO] | 2023-07-06 06:23:58 AM | analyzer.LibMath_8 | Return summary generated for wmul
[INFO] | 2023-07-06 06:23:58 AM | analyzer.LibMath_8 | State variable assignement do not exist
[INFO] | 2023-07-06 06:23:58 AM | analyzer.LibMath_8 | Processed function wmul
[INFO] | 2023-07-06 06:23:58 AM | analyzer.LibMath_8 | Generating return summary for wdiv
[WARNING] | 2023-07-06 06:23:58 AM | analyzer.LibMath_8 | No lvalue eligible assignment, is this some bug!
[INFO] | 2023-07-06 06:23:58 AM | analyzer.LibMath_8 | Return summary generated for wdiv
[INFO] | 2023-07-06 06:23:58 AM | analyzer.LibMath_8 | State variable assignement do not exist
[INFO] | 2023-07-06 06:23:58 AM | analyzer.LibMath_8 | Processed function wdiv
[INFO] | 2023-07-06 06:23:58 AM | analyzer.LibMath_8 | Generating return summary for ceil
[INFO] | 2023-07-06 06:23:58 AM | analyzer.LibMath_8 | Return summary generated for ceil
[INFO] | 2023-07-06 06:23:58 AM | analyzer.LibMath_8 | State variable assignement do not exist
[INFO] | 2023-07-06 06:23:58 AM | analyzer.LibMath_8 | Processed function ceil
[INFO] | 2023-07-06 06:23:58 AM | analyzer.LibMath_8 | Generating return summary for wfrac
[WARNING] | 2023-07-06 06:23:58 AM | analyzer.LibMath_8 | No lvalue eligible assignment, is this some bug!
[INFO] | 2023-07-06 06:23:58 AM | analyzer.LibMath_8 | Return summary generated for wfrac
[INFO] | 2023-07-06 06:23:58 AM | analyzer.LibMath_8 | State variable assignement do not exist
[INFO] | 2023-07-06 06:23:58 AM | analyzer.LibMath_8 | Processed function wfrac
[INFO] | 2023-07-06 06:23:58 AM | analyzer.LibMath_8 | Generating return summary for wmul
[WARNING] | 2023-07-06 06:23:58 AM | analyzer.LibMath_8 | No lvalue eligible assignment, is this some bug!
[INFO] | 2023-07-06 06:23:58 AM | analyzer.LibMath_8 | Return summary generated for wmul
[INFO] | 2023-07-06 06:23:58 AM | analyzer.LibMath_8 | State variable assignement do not exist
[INFO] | 2023-07-06 06:23:58 AM | analyzer.LibMath_8 | Processed function wmul
[INFO] | 2023-07-06 06:23:58 AM | analyzer.LibMath_8 | Generating return summary for wdiv
[WARNING] | 2023-07-06 06:23:58 AM | analyzer.LibMath_8 | No lvalue eligible assignment, is this some bug!
[INFO] | 2023-07-06 06:23:58 AM | analyzer.LibMath_8 | Return summary generated for wdiv
[INFO] | 2023-07-06 06:23:58 AM | analyzer.LibMath_8 | State variable assignement do not exist
[INFO] | 2023-07-06 06:23:58 AM | analyzer.LibMath_8 | Processed function wdiv
[INFO] | 2023-07-06 06:23:58 AM | analyzer.LibMath_8 | Generating return summary for wfrac
[WARNING] | 2023-07-06 06:23:58 AM | analyzer.LibMath_8 | No lvalue eligible assignment, is this some bug!
[INFO] | 2023-07-06 06:23:58 AM | analyzer.LibMath_8 | Return summary generated for wfrac
[INFO] | 2023-07-06 06:23:58 AM | analyzer.LibMath_8 | State variable assignement do not exist
[INFO] | 2023-07-06 06:23:58 AM | analyzer.LibMath_8 | Processed function wfrac
[INFO] | 2023-07-06 06:23:58 AM | analyzer.LibMath_8 | Generating return summary for wpowi
[INFO] | 2023-07-06 06:23:58 AM | analyzer.LibMath_8 | Return summary generated for wpowi
[INFO] | 2023-07-06 06:23:58 AM | analyzer.LibMath_8 | State variable assignement do not exist
[INFO] | 2023-07-06 06:23:58 AM | analyzer.LibMath_8 | Processed function wpowi
[INFO] | 2023-07-06 06:23:58 AM | analyzer.LibMath_8 | Generating return summary for wln
[INFO] | 2023-07-06 06:23:58 AM | analyzer.LibMath_8 | Return summary generated for wln
[INFO] | 2023-07-06 06:23:58 AM | analyzer.LibMath_8 | State variable assignement do not exist
[INFO] | 2023-07-06 06:23:58 AM | analyzer.LibMath_8 | Processed function wln
[INFO] | 2023-07-06 06:23:58 AM | analyzer.LibMath_8 | Generating return summary for logBase
[INFO] | 2023-07-06 06:23:58 AM | analyzer.LibMath_8 | Return summary generated for logBase
[INFO] | 2023-07-06 06:23:58 AM | analyzer.LibMath_8 | State variable assignement do not exist
[INFO] | 2023-07-06 06:23:58 AM | analyzer.LibMath_8 | Processed function logBase
[INFO] | 2023-07-06 06:23:58 AM | analyzer.LibMath_8 | Value Range Analysis took 0.009970 seconds
[INFO] | 2023-07-06 06:23:58 AM | analyzer.LibMath_8 | Value Range Analysis finished
[INFO] | 2023-07-06 06:23:58 AM | analyzer.LibMath_8 | Storage dependency graph compostion started!
[INFO] | 2023-07-06 06:23:58 AM | analyzer.LibMath_8 | Storage dependency graph compostion finished!
[INFO] | 2023-07-06 06:23:58 AM | analyzer.LibMath_8 | Dependency detection started!
[INFO] | 2023-07-06 06:23:58 AM | analyzer.LibMath_8 | Dependency detection finished!
[INFO] | 2023-07-06 06:23:58 AM | analyzer.LibMath_8 | Static Analysis took 1.652775 seconds
[INFO] | 2023-07-06 06:23:58 AM | analyzer.LibMath_8 | Dependency does not exist
[INFO] | 2023-07-06 06:23:58 AM | analyzer.LibMath_8 | Symbolic execution is not needed!
[INFO] | 2023-07-06 06:23:58 AM | analyzer.LibMath_8 | Analysis finished!
[INFO] | 2023-07-06 06:23:58 AM | analyzer.LibMath_8 | Analysis took 1.652931 seconds
[INFO] | 2023-07-06 06:23:58 AM | analyzer.LibMath_8 | Analysis finished at: 2023-07-06 06:23:58 AM
