WARNING:root:You are using solc version 0.5.4. The supported version is 0.4.21.
INFO:root:Contract /sb/AdminImpl_1.sol:Account:
incomplete push instruction at 84
INFO:symExec:Running, please wait...
INFO:symExec:	============ Results ===========
INFO:symExec:	  EVM code coverage: 	 31.3%
INFO:symExec:	  Arithmetic bugs: 	 False
INFO:symExec:	  └> Overflow bugs: 	 False
INFO:symExec:	  └> Underflow bugs: 	 False
INFO:symExec:	  └> Division bugs: 	 False
INFO:symExec:	  └> Modulo bugs:   	 False
INFO:symExec:	  └> Truncation bugs: 	 False
INFO:symExec:	  └> Signedness bugs: 	 False
INFO:symExec:	  Callstack bug: 	 False
INFO:symExec:	  Concurrency bug: 	 False
INFO:symExec:	  Time dependency bug: 	 False
INFO:symExec:	  Reentrancy bug: 	 False
INFO:symExec:	 --- 0.0183918476105 seconds ---
INFO:symExec:	====== Analysis Completed ======
INFO:root:Contract /sb/AdminImpl_1.sol:AdminImpl:
incomplete push instruction at 10808
INFO:symExec:Running, please wait...
INFO:symExec:	============ Results ===========
INFO:symExec:	  EVM code coverage: 	 33.3%
INFO:symExec:	  Arithmetic bugs: 	 True
INFO:symExec:	  └> Overflow bugs: 	 False
INFO:symExec:	  └> Underflow bugs: 	 False
INFO:symExec:	  └> Division bugs: 	 False
INFO:symExec:	  └> Modulo bugs:   	 False
INFO:symExec:	  └> Truncation bugs: 	 False
INFO:symExec:	  └> Signedness bugs: 	 True
/sb/AdminImpl_1.sol:AdminImpl:205:36
t in compliance with the License.
^
/sb/AdminImpl_1.sol:AdminImpl:262:33
IONS OF ANY KIND, either express
^
/sb/AdminImpl_1.sol:AdminImpl:246:46
tTime());
^
/sb/AdminImpl_1.sol:AdminImpl:277:15
20 {
^
/sb/AdminImpl_1.sol:AdminImpl:170:13
rnal
^
/sb/AdminImpl_1.sol:AdminImpl:309:12
urns (uint256);
^
/sb/AdminImpl_1.sol:AdminImpl:383:1
     *
^
/sb/AdminImpl_1.sol:AdminImpl:362:2
   /**
^
/sb/AdminImpl_1.sol:AdminImpl:141:5
}
^
INFO:symExec:	  Callstack bug: 	 False
INFO:symExec:	  Concurrency bug: 	 False
INFO:symExec:	  Time dependency bug: 	 False
INFO:symExec:	  Reentrancy bug: 	 False
INFO:symExec:	 --- 84.4098169804 seconds ---
INFO:symExec:	====== Analysis Completed ======
INFO:root:Contract /sb/AdminImpl_1.sol:Cache:
incomplete push instruction at 80
INFO:symExec:Running, please wait...
INFO:symExec:	============ Results ===========
INFO:symExec:	  EVM code coverage: 	 45.5%
INFO:symExec:	  Arithmetic bugs: 	 False
INFO:symExec:	  └> Overflow bugs: 	 False
INFO:symExec:	  └> Underflow bugs: 	 False
INFO:symExec:	  └> Division bugs: 	 False
INFO:symExec:	  └> Modulo bugs:   	 False
INFO:symExec:	  └> Truncation bugs: 	 False
INFO:symExec:	  └> Signedness bugs: 	 False
INFO:symExec:	  Callstack bug: 	 False
INFO:symExec:	  Concurrency bug: 	 False
INFO:symExec:	  Time dependency bug: 	 False
INFO:symExec:	  Reentrancy bug: 	 False
INFO:symExec:	 --- 0.00968909263611 seconds ---
INFO:symExec:	====== Analysis Completed ======
INFO:root:Contract /sb/AdminImpl_1.sol:Decimal:
INFO:symExec:Running, please wait...
INFO:symExec:	============ Results ===========
INFO:symExec:	  EVM code coverage: 	 37.0%
INFO:symExec:	  Arithmetic bugs: 	 False
INFO:symExec:	  └> Overflow bugs: 	 False
INFO:symExec:	  └> Underflow bugs: 	 False
INFO:symExec:	  └> Division bugs: 	 False
INFO:symExec:	  └> Modulo bugs:   	 False
INFO:symExec:	  └> Truncation bugs: 	 False
INFO:symExec:	  └> Signedness bugs: 	 False
INFO:symExec:	  Callstack bug: 	 False
INFO:symExec:	  Concurrency bug: 	 False
INFO:symExec:	  Time dependency bug: 	 False
INFO:symExec:	  Reentrancy bug: 	 False
INFO:symExec:	 --- 0.018128156662 seconds ---
INFO:symExec:	====== Analysis Completed ======
INFO:root:Contract /sb/AdminImpl_1.sol:Interest:
INFO:symExec:Running, please wait...
Traceback (most recent call last):
  File "osiris/osiris.py", line 325, in <module>

  .oooooo.             o8o            o8o          
 d8P'  `Y8b            `"'            `"'          
888      888  .oooo.o oooo  oooo d8b oooo   .oooo.o
888      888 d88(  "8 `888  `888""8P `888  d88(  "8
888      888 `"Y88b.   888   888      888  `"Y88b. 
`88b    d88' o.  )88b  888   888      888  o.  )88b
 `Y8bood8P'  8""888P' o888o d888b    o888o 8""888P'



UNKNOWN INSTRUCTION: STATICCALL



    main()
  File "osiris/osiris.py", line 308, in main
    analyze(processed_evm_file, disasm_file, SourceMap(cname, args.source))
  File "osiris/osiris.py", line 137, in analyze
    symExec.main(disasm_file, args.source, source_map)
  File "/root/osiris/symExec.py", line 2916, in main
    raise e
IndexError: pop from empty list
