2023-07-03 16:48:08,947: [11] m.main:INFO: Registered plugins: IntrospectionAPIPlugin, <class 'manticore.ethereum.plugins.SkipRevertBasicBlocks'>, <class 'manticore.ethereum.plugins.FilterFunctions'>
2023-07-03 16:48:08,947: [11] m.main:INFO: Beginning analysis
2023-07-03 16:48:08,952: [11] m.e.manticore:INFO: Starting symbolic create contract
2023-07-03 16:48:08,988: [11] m.e.manticore:INFO: Failed to build contract /sb/RocketNodeStaking_1.sol:443:51: Errors : Invalid solc compilation Error: Identifier not found or not unique.
   --> sb/RocketNodeStaking_1.sol:443:51:
    |
443 |     function createMinipool(address _nodeAddress, MinipoolDeposit _depositType) external returns (address);
    |                                                   ^^^^^^^^^^^^^^^


. Solidity failed to generate bytecode for your contract. Check if all the abstract functions are implemented. 
Process Process-1:
Traceback (most recent call last):
  File "/usr/lib/python3.7/multiprocessing/process.py", line 297, in _bootstrap
    self.run()
  File "/usr/lib/python3.7/multiprocessing/process.py", line 99, in run
    self._target(*self._args, **self._kwargs)
  File "/usr/local/lib/python3.7/dist-packages/manticore/ethereum/manticore.py", line 1766, in worker_finalize
    finalizer(q.get_nowait())
  File "/usr/local/lib/python3.7/dist-packages/manticore/ethereum/manticore.py", line 1757, in finalizer
    if only_alive_states and last_tx.result in {"REVERT", "THROW", "TXERROR"}:
AttributeError: 'NoneType' object has no attribute 'result'
2023-07-03 16:48:09,072: [11] m.c.manticore:INFO: Results in /mcore_7wihss8e
2023-07-03 16:48:09,072: [11] m.c.manticore:WARNING: Manticore failed to run
2023-07-03 16:48:09,736: [36] m.main:INFO: Registered plugins: IntrospectionAPIPlugin, <class 'manticore.ethereum.plugins.SkipRevertBasicBlocks'>, <class 'manticore.ethereum.plugins.FilterFunctions'>
2023-07-03 16:48:09,737: [36] m.main:INFO: Beginning analysis
2023-07-03 16:48:09,739: [36] m.e.manticore:INFO: Starting symbolic create contract
2023-07-03 16:48:09,770: [36] m.e.manticore:INFO: Failed to build contract DeclarationError: Errors : Invalid solc compilation Error: Identifier not found or not unique.
   --> sb/RocketNodeStaking_1.sol:443:51:
    |
443 |     function createMinipool(address _nodeAddress, MinipoolDeposit _depositType) external returns (address);
    |                                                   ^^^^^^^^^^^^^^^


. Solidity failed to generate bytecode for your contract. Check if all the abstract functions are implemented. 
Process Process-1:
Traceback (most recent call last):
  File "/usr/lib/python3.7/multiprocessing/process.py", line 297, in _bootstrap
    self.run()
  File "/usr/lib/python3.7/multiprocessing/process.py", line 99, in run
    self._target(*self._args, **self._kwargs)
  File "/usr/local/lib/python3.7/dist-packages/manticore/ethereum/manticore.py", line 1766, in worker_finalize
    finalizer(q.get_nowait())
  File "/usr/local/lib/python3.7/dist-packages/manticore/ethereum/manticore.py", line 1757, in finalizer
    if only_alive_states and last_tx.result in {"REVERT", "THROW", "TXERROR"}:
AttributeError: 'NoneType' object has no attribute 'result'
2023-07-03 16:48:09,875: [36] m.c.manticore:INFO: Results in /mcore_3pmw36fx
2023-07-03 16:48:09,876: [36] m.c.manticore:WARNING: Manticore failed to run
2023-07-03 16:48:10,531: [61] m.main:INFO: Registered plugins: IntrospectionAPIPlugin, <class 'manticore.ethereum.plugins.SkipRevertBasicBlocks'>, <class 'manticore.ethereum.plugins.FilterFunctions'>
2023-07-03 16:48:10,532: [61] m.main:INFO: Beginning analysis
2023-07-03 16:48:10,534: [61] m.e.manticore:INFO: Starting symbolic create contract
2023-07-03 16:48:10,574: [61] m.e.manticore:INFO: Failed to build contract Identifier Errors : Invalid solc compilation Error: Identifier not found or not unique.
   --> sb/RocketNodeStaking_1.sol:443:51:
    |
443 |     function createMinipool(address _nodeAddress, MinipoolDeposit _depositType) external returns (address);
    |                                                   ^^^^^^^^^^^^^^^


. Solidity failed to generate bytecode for your contract. Check if all the abstract functions are implemented. 
Process Process-1:
Traceback (most recent call last):
  File "/usr/lib/python3.7/multiprocessing/process.py", line 297, in _bootstrap
    self.run()
  File "/usr/lib/python3.7/multiprocessing/process.py", line 99, in run
    self._target(*self._args, **self._kwargs)
  File "/usr/local/lib/python3.7/dist-packages/manticore/ethereum/manticore.py", line 1766, in worker_finalize
    finalizer(q.get_nowait())
  File "/usr/local/lib/python3.7/dist-packages/manticore/ethereum/manticore.py", line 1757, in finalizer
    if only_alive_states and last_tx.result in {"REVERT", "THROW", "TXERROR"}:
AttributeError: 'NoneType' object has no attribute 'result'
2023-07-03 16:48:10,651: [61] m.c.manticore:INFO: Results in /mcore_x63iiq32
2023-07-03 16:48:10,652: [61] m.c.manticore:WARNING: Manticore failed to run
2023-07-03 16:48:11,473: [86] m.main:INFO: Registered plugins: IntrospectionAPIPlugin, <class 'manticore.ethereum.plugins.SkipRevertBasicBlocks'>, <class 'manticore.ethereum.plugins.FilterFunctions'>
2023-07-03 16:48:11,474: [86] m.main:INFO: Beginning analysis
2023-07-03 16:48:11,478: [86] m.e.manticore:INFO: Starting symbolic create contract
2023-07-03 16:48:11,515: [86] m.e.manticore:INFO: Failed to build contract not Errors : Invalid solc compilation Error: Identifier not found or not unique.
   --> sb/RocketNodeStaking_1.sol:443:51:
    |
443 |     function createMinipool(address _nodeAddress, MinipoolDeposit _depositType) external returns (address);
    |                                                   ^^^^^^^^^^^^^^^


. Solidity failed to generate bytecode for your contract. Check if all the abstract functions are implemented. 
Process Process-1:
Traceback (most recent call last):
  File "/usr/lib/python3.7/multiprocessing/process.py", line 297, in _bootstrap
    self.run()
  File "/usr/lib/python3.7/multiprocessing/process.py", line 99, in run
    self._target(*self._args, **self._kwargs)
  File "/usr/local/lib/python3.7/dist-packages/manticore/ethereum/manticore.py", line 1766, in worker_finalize
    finalizer(q.get_nowait())
  File "/usr/local/lib/python3.7/dist-packages/manticore/ethereum/manticore.py", line 1757, in finalizer
    if only_alive_states and last_tx.result in {"REVERT", "THROW", "TXERROR"}:
AttributeError: 'NoneType' object has no attribute 'result'
2023-07-03 16:48:11,600: [86] m.c.manticore:INFO: Results in /mcore_54gsv9y9
2023-07-03 16:48:11,600: [86] m.c.manticore:WARNING: Manticore failed to run
2023-07-03 16:48:12,423: [111] m.main:INFO: Registered plugins: IntrospectionAPIPlugin, <class 'manticore.ethereum.plugins.SkipRevertBasicBlocks'>, <class 'manticore.ethereum.plugins.FilterFunctions'>
2023-07-03 16:48:12,423: [111] m.main:INFO: Beginning analysis
2023-07-03 16:48:12,426: [111] m.e.manticore:INFO: Starting symbolic create contract
2023-07-03 16:48:12,466: [111] m.e.manticore:INFO: Failed to build contract found Errors : Invalid solc compilation Error: Identifier not found or not unique.
   --> sb/RocketNodeStaking_1.sol:443:51:
    |
443 |     function createMinipool(address _nodeAddress, MinipoolDeposit _depositType) external returns (address);
    |                                                   ^^^^^^^^^^^^^^^


. Solidity failed to generate bytecode for your contract. Check if all the abstract functions are implemented. 
Process Process-1:
Traceback (most recent call last):
  File "/usr/lib/python3.7/multiprocessing/process.py", line 297, in _bootstrap
    self.run()
  File "/usr/lib/python3.7/multiprocessing/process.py", line 99, in run
    self._target(*self._args, **self._kwargs)
  File "/usr/local/lib/python3.7/dist-packages/manticore/ethereum/manticore.py", line 1766, in worker_finalize
    finalizer(q.get_nowait())
  File "/usr/local/lib/python3.7/dist-packages/manticore/ethereum/manticore.py", line 1757, in finalizer
    if only_alive_states and last_tx.result in {"REVERT", "THROW", "TXERROR"}:
AttributeError: 'NoneType' object has no attribute 'result'
2023-07-03 16:48:12,549: [111] m.c.manticore:INFO: Results in /mcore_7xgr2ksd
2023-07-03 16:48:12,549: [111] m.c.manticore:WARNING: Manticore failed to run
2023-07-03 16:48:13,137: [136] m.main:INFO: Registered plugins: IntrospectionAPIPlugin, <class 'manticore.ethereum.plugins.SkipRevertBasicBlocks'>, <class 'manticore.ethereum.plugins.FilterFunctions'>
2023-07-03 16:48:13,138: [136] m.main:INFO: Beginning analysis
2023-07-03 16:48:13,141: [136] m.e.manticore:INFO: Starting symbolic create contract
2023-07-03 16:48:13,175: [136] m.e.manticore:INFO: Failed to build contract or Errors : Invalid solc compilation Error: Identifier not found or not unique.
   --> sb/RocketNodeStaking_1.sol:443:51:
    |
443 |     function createMinipool(address _nodeAddress, MinipoolDeposit _depositType) external returns (address);
    |                                                   ^^^^^^^^^^^^^^^


. Solidity failed to generate bytecode for your contract. Check if all the abstract functions are implemented. 
Process Process-2:
Traceback (most recent call last):
  File "/usr/lib/python3.7/multiprocessing/process.py", line 297, in _bootstrap
    self.run()
  File "/usr/lib/python3.7/multiprocessing/process.py", line 99, in run
    self._target(*self._args, **self._kwargs)
  File "/usr/local/lib/python3.7/dist-packages/manticore/ethereum/manticore.py", line 1766, in worker_finalize
    finalizer(q.get_nowait())
  File "/usr/local/lib/python3.7/dist-packages/manticore/ethereum/manticore.py", line 1757, in finalizer
    if only_alive_states and last_tx.result in {"REVERT", "THROW", "TXERROR"}:
AttributeError: 'NoneType' object has no attribute 'result'
2023-07-03 16:48:13,253: [136] m.c.manticore:INFO: Results in /mcore_ekn_s_0b
2023-07-03 16:48:13,253: [136] m.c.manticore:WARNING: Manticore failed to run
2023-07-03 16:48:13,939: [161] m.main:INFO: Registered plugins: IntrospectionAPIPlugin, <class 'manticore.ethereum.plugins.SkipRevertBasicBlocks'>, <class 'manticore.ethereum.plugins.FilterFunctions'>
2023-07-03 16:48:13,940: [161] m.main:INFO: Beginning analysis
2023-07-03 16:48:13,942: [161] m.e.manticore:INFO: Starting symbolic create contract
2023-07-03 16:48:13,979: [161] m.e.manticore:INFO: Failed to build contract not Errors : Invalid solc compilation Error: Identifier not found or not unique.
   --> sb/RocketNodeStaking_1.sol:443:51:
    |
443 |     function createMinipool(address _nodeAddress, MinipoolDeposit _depositType) external returns (address);
    |                                                   ^^^^^^^^^^^^^^^


. Solidity failed to generate bytecode for your contract. Check if all the abstract functions are implemented. 
Process Process-1:
Traceback (most recent call last):
  File "/usr/lib/python3.7/multiprocessing/process.py", line 297, in _bootstrap
    self.run()
  File "/usr/lib/python3.7/multiprocessing/process.py", line 99, in run
    self._target(*self._args, **self._kwargs)
  File "/usr/local/lib/python3.7/dist-packages/manticore/ethereum/manticore.py", line 1766, in worker_finalize
    finalizer(q.get_nowait())
  File "/usr/local/lib/python3.7/dist-packages/manticore/ethereum/manticore.py", line 1757, in finalizer
    if only_alive_states and last_tx.result in {"REVERT", "THROW", "TXERROR"}:
AttributeError: 'NoneType' object has no attribute 'result'
2023-07-03 16:48:14,065: [161] m.c.manticore:INFO: Results in /mcore_s3k4vana
2023-07-03 16:48:14,065: [161] m.c.manticore:WARNING: Manticore failed to run
2023-07-03 16:48:14,878: [186] m.main:INFO: Registered plugins: IntrospectionAPIPlugin, <class 'manticore.ethereum.plugins.SkipRevertBasicBlocks'>, <class 'manticore.ethereum.plugins.FilterFunctions'>
2023-07-03 16:48:14,878: [186] m.main:INFO: Beginning analysis
2023-07-03 16:48:14,883: [186] m.e.manticore:INFO: Starting symbolic create contract
2023-07-03 16:48:14,917: [186] m.e.manticore:INFO: Failed to build contract unique. Errors : Invalid solc compilation Error: Identifier not found or not unique.
   --> sb/RocketNodeStaking_1.sol:443:51:
    |
443 |     function createMinipool(address _nodeAddress, MinipoolDeposit _depositType) external returns (address);
    |                                                   ^^^^^^^^^^^^^^^


. Solidity failed to generate bytecode for your contract. Check if all the abstract functions are implemented. 
Process Process-1:
Traceback (most recent call last):
  File "/usr/lib/python3.7/multiprocessing/process.py", line 297, in _bootstrap
    self.run()
  File "/usr/lib/python3.7/multiprocessing/process.py", line 99, in run
    self._target(*self._args, **self._kwargs)
  File "/usr/local/lib/python3.7/dist-packages/manticore/ethereum/manticore.py", line 1766, in worker_finalize
    finalizer(q.get_nowait())
  File "/usr/local/lib/python3.7/dist-packages/manticore/ethereum/manticore.py", line 1757, in finalizer
    if only_alive_states and last_tx.result in {"REVERT", "THROW", "TXERROR"}:
AttributeError: 'NoneType' object has no attribute 'result'
2023-07-03 16:48:14,995: [186] m.c.manticore:INFO: Results in /mcore__lr1r1wd
2023-07-03 16:48:14,995: [186] m.c.manticore:WARNING: Manticore failed to run
2023-07-03 16:48:15,669: [211] m.main:INFO: Registered plugins: IntrospectionAPIPlugin, <class 'manticore.ethereum.plugins.SkipRevertBasicBlocks'>, <class 'manticore.ethereum.plugins.FilterFunctions'>
2023-07-03 16:48:15,669: [211] m.main:INFO: Beginning analysis
2023-07-03 16:48:15,672: [211] m.e.manticore:INFO: Starting symbolic create contract
2023-07-03 16:48:15,709: [211] m.e.manticore:INFO: Failed to build contract function Errors : Invalid solc compilation Error: Identifier not found or not unique.
   --> sb/RocketNodeStaking_1.sol:443:51:
    |
443 |     function createMinipool(address _nodeAddress, MinipoolDeposit _depositType) external returns (address);
    |                                                   ^^^^^^^^^^^^^^^


. Solidity failed to generate bytecode for your contract. Check if all the abstract functions are implemented. 
Process Process-1:
Traceback (most recent call last):
  File "/usr/lib/python3.7/multiprocessing/process.py", line 297, in _bootstrap
    self.run()
  File "/usr/lib/python3.7/multiprocessing/process.py", line 99, in run
    self._target(*self._args, **self._kwargs)
  File "/usr/local/lib/python3.7/dist-packages/manticore/ethereum/manticore.py", line 1766, in worker_finalize
    finalizer(q.get_nowait())
  File "/usr/local/lib/python3.7/dist-packages/manticore/ethereum/manticore.py", line 1757, in finalizer
    if only_alive_states and last_tx.result in {"REVERT", "THROW", "TXERROR"}:
AttributeError: 'NoneType' object has no attribute 'result'
2023-07-03 16:48:15,783: [211] m.c.manticore:INFO: Results in /mcore_6wpk4bic
2023-07-03 16:48:15,784: [211] m.c.manticore:WARNING: Manticore failed to run
2023-07-03 16:48:16,470: [236] m.main:INFO: Registered plugins: IntrospectionAPIPlugin, <class 'manticore.ethereum.plugins.SkipRevertBasicBlocks'>, <class 'manticore.ethereum.plugins.FilterFunctions'>
2023-07-03 16:48:16,470: [236] m.main:INFO: Beginning analysis
2023-07-03 16:48:16,473: [236] m.e.manticore:INFO: Starting symbolic create contract
2023-07-03 16:48:16,507: [236] m.e.manticore:INFO: Failed to build contract createMinipool(address Errors : Invalid solc compilation Error: Identifier not found or not unique.
   --> sb/RocketNodeStaking_1.sol:443:51:
    |
443 |     function createMinipool(address _nodeAddress, MinipoolDeposit _depositType) external returns (address);
    |                                                   ^^^^^^^^^^^^^^^


. Solidity failed to generate bytecode for your contract. Check if all the abstract functions are implemented. 
Process Process-1:
Traceback (most recent call last):
  File "/usr/lib/python3.7/multiprocessing/process.py", line 297, in _bootstrap
    self.run()
  File "/usr/lib/python3.7/multiprocessing/process.py", line 99, in run
    self._target(*self._args, **self._kwargs)
  File "/usr/local/lib/python3.7/dist-packages/manticore/ethereum/manticore.py", line 1766, in worker_finalize
    finalizer(q.get_nowait())
  File "/usr/local/lib/python3.7/dist-packages/manticore/ethereum/manticore.py", line 1757, in finalizer
    if only_alive_states and last_tx.result in {"REVERT", "THROW", "TXERROR"}:
AttributeError: 'NoneType' object has no attribute 'result'
2023-07-03 16:48:16,592: [236] m.c.manticore:INFO: Results in /mcore_c8nwt26s
2023-07-03 16:48:16,592: [236] m.c.manticore:WARNING: Manticore failed to run
2023-07-03 16:48:17,252: [261] m.main:INFO: Registered plugins: IntrospectionAPIPlugin, <class 'manticore.ethereum.plugins.SkipRevertBasicBlocks'>, <class 'manticore.ethereum.plugins.FilterFunctions'>
2023-07-03 16:48:17,253: [261] m.main:INFO: Beginning analysis
2023-07-03 16:48:17,255: [261] m.e.manticore:INFO: Starting symbolic create contract
2023-07-03 16:48:17,285: [261] m.e.manticore:INFO: Failed to build contract _nodeAddress, Errors : Invalid solc compilation Error: Identifier not found or not unique.
   --> sb/RocketNodeStaking_1.sol:443:51:
    |
443 |     function createMinipool(address _nodeAddress, MinipoolDeposit _depositType) external returns (address);
    |                                                   ^^^^^^^^^^^^^^^


. Solidity failed to generate bytecode for your contract. Check if all the abstract functions are implemented. 
Process Process-1:
Traceback (most recent call last):
  File "/usr/lib/python3.7/multiprocessing/process.py", line 297, in _bootstrap
    self.run()
  File "/usr/lib/python3.7/multiprocessing/process.py", line 99, in run
    self._target(*self._args, **self._kwargs)
  File "/usr/local/lib/python3.7/dist-packages/manticore/ethereum/manticore.py", line 1766, in worker_finalize
    finalizer(q.get_nowait())
  File "/usr/local/lib/python3.7/dist-packages/manticore/ethereum/manticore.py", line 1757, in finalizer
    if only_alive_states and last_tx.result in {"REVERT", "THROW", "TXERROR"}:
AttributeError: 'NoneType' object has no attribute 'result'
2023-07-03 16:48:17,347: [261] m.c.manticore:INFO: Results in /mcore_j68d5_78
2023-07-03 16:48:17,347: [261] m.c.manticore:WARNING: Manticore failed to run
2023-07-03 16:48:17,934: [286] m.main:INFO: Registered plugins: IntrospectionAPIPlugin, <class 'manticore.ethereum.plugins.SkipRevertBasicBlocks'>, <class 'manticore.ethereum.plugins.FilterFunctions'>
2023-07-03 16:48:17,934: [286] m.main:INFO: Beginning analysis
2023-07-03 16:48:17,937: [286] m.e.manticore:INFO: Starting symbolic create contract
2023-07-03 16:48:17,973: [286] m.e.manticore:INFO: Failed to build contract MinipoolDeposit Errors : Invalid solc compilation Error: Identifier not found or not unique.
   --> sb/RocketNodeStaking_1.sol:443:51:
    |
443 |     function createMinipool(address _nodeAddress, MinipoolDeposit _depositType) external returns (address);
    |                                                   ^^^^^^^^^^^^^^^


. Solidity failed to generate bytecode for your contract. Check if all the abstract functions are implemented. 
Process Process-1:
Traceback (most recent call last):
  File "/usr/lib/python3.7/multiprocessing/process.py", line 297, in _bootstrap
    self.run()
  File "/usr/lib/python3.7/multiprocessing/process.py", line 99, in run
    self._target(*self._args, **self._kwargs)
  File "/usr/local/lib/python3.7/dist-packages/manticore/ethereum/manticore.py", line 1766, in worker_finalize
    finalizer(q.get_nowait())
  File "/usr/local/lib/python3.7/dist-packages/manticore/ethereum/manticore.py", line 1757, in finalizer
    if only_alive_states and last_tx.result in {"REVERT", "THROW", "TXERROR"}:
AttributeError: 'NoneType' object has no attribute 'result'
2023-07-03 16:48:18,047: [286] m.c.manticore:INFO: Results in /mcore__qxaadf8
2023-07-03 16:48:18,048: [286] m.c.manticore:WARNING: Manticore failed to run
2023-07-03 16:48:18,667: [311] m.main:INFO: Registered plugins: IntrospectionAPIPlugin, <class 'manticore.ethereum.plugins.SkipRevertBasicBlocks'>, <class 'manticore.ethereum.plugins.FilterFunctions'>
2023-07-03 16:48:18,667: [311] m.main:INFO: Beginning analysis
2023-07-03 16:48:18,670: [311] m.e.manticore:INFO: Starting symbolic create contract
2023-07-03 16:48:18,700: [311] m.e.manticore:INFO: Failed to build contract _depositType) Errors : Invalid solc compilation Error: Identifier not found or not unique.
   --> sb/RocketNodeStaking_1.sol:443:51:
    |
443 |     function createMinipool(address _nodeAddress, MinipoolDeposit _depositType) external returns (address);
    |                                                   ^^^^^^^^^^^^^^^


. Solidity failed to generate bytecode for your contract. Check if all the abstract functions are implemented. 
Process Process-1:
Traceback (most recent call last):
  File "/usr/lib/python3.7/multiprocessing/process.py", line 297, in _bootstrap
    self.run()
  File "/usr/lib/python3.7/multiprocessing/process.py", line 99, in run
    self._target(*self._args, **self._kwargs)
  File "/usr/local/lib/python3.7/dist-packages/manticore/ethereum/manticore.py", line 1766, in worker_finalize
    finalizer(q.get_nowait())
  File "/usr/local/lib/python3.7/dist-packages/manticore/ethereum/manticore.py", line 1757, in finalizer
    if only_alive_states and last_tx.result in {"REVERT", "THROW", "TXERROR"}:
AttributeError: 'NoneType' object has no attribute 'result'
2023-07-03 16:48:18,786: [311] m.c.manticore:INFO: Results in /mcore_t_zhgdxb
2023-07-03 16:48:18,786: [311] m.c.manticore:WARNING: Manticore failed to run
2023-07-03 16:48:19,461: [336] m.main:INFO: Registered plugins: IntrospectionAPIPlugin, <class 'manticore.ethereum.plugins.SkipRevertBasicBlocks'>, <class 'manticore.ethereum.plugins.FilterFunctions'>
2023-07-03 16:48:19,461: [336] m.main:INFO: Beginning analysis
2023-07-03 16:48:19,464: [336] m.e.manticore:INFO: Starting symbolic create contract
2023-07-03 16:48:19,508: [336] m.e.manticore:INFO: Failed to build contract external Errors : Invalid solc compilation Error: Identifier not found or not unique.
   --> sb/RocketNodeStaking_1.sol:443:51:
    |
443 |     function createMinipool(address _nodeAddress, MinipoolDeposit _depositType) external returns (address);
    |                                                   ^^^^^^^^^^^^^^^


. Solidity failed to generate bytecode for your contract. Check if all the abstract functions are implemented. 
Process Process-1:
Traceback (most recent call last):
  File "/usr/lib/python3.7/multiprocessing/process.py", line 297, in _bootstrap
    self.run()
  File "/usr/lib/python3.7/multiprocessing/process.py", line 99, in run
    self._target(*self._args, **self._kwargs)
  File "/usr/local/lib/python3.7/dist-packages/manticore/ethereum/manticore.py", line 1766, in worker_finalize
    finalizer(q.get_nowait())
  File "/usr/local/lib/python3.7/dist-packages/manticore/ethereum/manticore.py", line 1757, in finalizer
    if only_alive_states and last_tx.result in {"REVERT", "THROW", "TXERROR"}:
AttributeError: 'NoneType' object has no attribute 'result'
2023-07-03 16:48:19,593: [336] m.c.manticore:INFO: Results in /mcore_qidlsn99
2023-07-03 16:48:19,593: [336] m.c.manticore:WARNING: Manticore failed to run
2023-07-03 16:48:20,261: [361] m.main:INFO: Registered plugins: IntrospectionAPIPlugin, <class 'manticore.ethereum.plugins.SkipRevertBasicBlocks'>, <class 'manticore.ethereum.plugins.FilterFunctions'>
2023-07-03 16:48:20,262: [361] m.main:INFO: Beginning analysis
2023-07-03 16:48:20,265: [361] m.e.manticore:INFO: Starting symbolic create contract
2023-07-03 16:48:20,295: [361] m.e.manticore:INFO: Failed to build contract returns Errors : Invalid solc compilation Error: Identifier not found or not unique.
   --> sb/RocketNodeStaking_1.sol:443:51:
    |
443 |     function createMinipool(address _nodeAddress, MinipoolDeposit _depositType) external returns (address);
    |                                                   ^^^^^^^^^^^^^^^


. Solidity failed to generate bytecode for your contract. Check if all the abstract functions are implemented. 
Process Process-1:
Traceback (most recent call last):
  File "/usr/lib/python3.7/multiprocessing/process.py", line 297, in _bootstrap
    self.run()
  File "/usr/lib/python3.7/multiprocessing/process.py", line 99, in run
    self._target(*self._args, **self._kwargs)
  File "/usr/local/lib/python3.7/dist-packages/manticore/ethereum/manticore.py", line 1766, in worker_finalize
    finalizer(q.get_nowait())
  File "/usr/local/lib/python3.7/dist-packages/manticore/ethereum/manticore.py", line 1757, in finalizer
    if only_alive_states and last_tx.result in {"REVERT", "THROW", "TXERROR"}:
AttributeError: 'NoneType' object has no attribute 'result'
2023-07-03 16:48:20,380: [361] m.c.manticore:INFO: Results in /mcore_at5n94h8
2023-07-03 16:48:20,381: [361] m.c.manticore:WARNING: Manticore failed to run
2023-07-03 16:48:21,133: [386] m.main:INFO: Registered plugins: IntrospectionAPIPlugin, <class 'manticore.ethereum.plugins.SkipRevertBasicBlocks'>, <class 'manticore.ethereum.plugins.FilterFunctions'>
2023-07-03 16:48:21,134: [386] m.main:INFO: Beginning analysis
2023-07-03 16:48:21,137: [386] m.e.manticore:INFO: Starting symbolic create contract
2023-07-03 16:48:21,188: [386] m.e.manticore:INFO: Failed to build contract (address); Errors : Invalid solc compilation Error: Identifier not found or not unique.
   --> sb/RocketNodeStaking_1.sol:443:51:
    |
443 |     function createMinipool(address _nodeAddress, MinipoolDeposit _depositType) external returns (address);
    |                                                   ^^^^^^^^^^^^^^^


. Solidity failed to generate bytecode for your contract. Check if all the abstract functions are implemented. 
Process Process-1:
Traceback (most recent call last):
  File "/usr/lib/python3.7/multiprocessing/process.py", line 297, in _bootstrap
    self.run()
  File "/usr/lib/python3.7/multiprocessing/process.py", line 99, in run
    self._target(*self._args, **self._kwargs)
  File "/usr/local/lib/python3.7/dist-packages/manticore/ethereum/manticore.py", line 1766, in worker_finalize
    finalizer(q.get_nowait())
  File "/usr/local/lib/python3.7/dist-packages/manticore/ethereum/manticore.py", line 1757, in finalizer
    if only_alive_states and last_tx.result in {"REVERT", "THROW", "TXERROR"}:
AttributeError: 'NoneType' object has no attribute 'result'
2023-07-03 16:48:21,256: [386] m.c.manticore:INFO: Results in /mcore_74777sko
2023-07-03 16:48:21,257: [386] m.c.manticore:WARNING: Manticore failed to run
2023-07-03 16:48:22,168: [411] m.main:INFO: Registered plugins: IntrospectionAPIPlugin, <class 'manticore.ethereum.plugins.SkipRevertBasicBlocks'>, <class 'manticore.ethereum.plugins.FilterFunctions'>
2023-07-03 16:48:22,168: [411] m.main:INFO: Beginning analysis
2023-07-03 16:48:22,171: [411] m.e.manticore:INFO: Starting symbolic create contract
2023-07-03 16:48:22,211: [411] m.e.manticore:INFO: Failed to build contract ^-------------^ Errors : Invalid solc compilation Error: Identifier not found or not unique.
   --> sb/RocketNodeStaking_1.sol:443:51:
    |
443 |     function createMinipool(address _nodeAddress, MinipoolDeposit _depositType) external returns (address);
    |                                                   ^^^^^^^^^^^^^^^


. Solidity failed to generate bytecode for your contract. Check if all the abstract functions are implemented. 
Process Process-1:
Traceback (most recent call last):
  File "/usr/lib/python3.7/multiprocessing/process.py", line 297, in _bootstrap
    self.run()
  File "/usr/lib/python3.7/multiprocessing/process.py", line 99, in run
    self._target(*self._args, **self._kwargs)
  File "/usr/local/lib/python3.7/dist-packages/manticore/ethereum/manticore.py", line 1766, in worker_finalize
    finalizer(q.get_nowait())
  File "/usr/local/lib/python3.7/dist-packages/manticore/ethereum/manticore.py", line 1757, in finalizer
    if only_alive_states and last_tx.result in {"REVERT", "THROW", "TXERROR"}:
AttributeError: 'NoneType' object has no attribute 'result'
2023-07-03 16:48:22,299: [411] m.c.manticore:INFO: Results in /mcore_96x7lm2t
2023-07-03 16:48:22,299: [411] m.c.manticore:WARNING: Manticore failed to run
