2023-07-03 16:37:53,616: [11] m.main:INFO: Registered plugins: IntrospectionAPIPlugin, <class 'manticore.ethereum.plugins.SkipRevertBasicBlocks'>, <class 'manticore.ethereum.plugins.FilterFunctions'>
2023-07-03 16:37:53,616: [11] m.main:INFO: Beginning analysis
2023-07-03 16:37:53,619: [11] m.e.manticore:INFO: Starting symbolic create contract
2023-07-03 16:37:54,734: [11] m.e.manticore:INFO: Failed to create contract: exception in constructor
2023-07-03 16:37:54,826: [11] m.c.manticore:INFO: Results in /mcore_uqjnx_2x
2023-07-03 16:37:54,826: [11] m.c.manticore:INFO: Total time: 0.634556770324707
2023-07-03 16:37:55,530: [53] m.main:INFO: Registered plugins: IntrospectionAPIPlugin, <class 'manticore.ethereum.plugins.SkipRevertBasicBlocks'>, <class 'manticore.ethereum.plugins.FilterFunctions'>
2023-07-03 16:37:55,530: [53] m.main:INFO: Beginning analysis
2023-07-03 16:37:55,534: [53] m.e.manticore:INFO: Starting symbolic create contract
2023-07-03 16:42:08,979: [53] m.e.manticore:INFO: Failed to create contract: exception in constructor
2023-07-03 16:42:09,118: [53] m.c.manticore:INFO: Results in /mcore_x2q1afgm
2023-07-03 16:42:09,119: [53] m.c.manticore:INFO: Total time: 253.01571345329285
2023-07-03 16:42:11,550: [95] m.main:INFO: Registered plugins: IntrospectionAPIPlugin, <class 'manticore.ethereum.plugins.SkipRevertBasicBlocks'>, <class 'manticore.ethereum.plugins.FilterFunctions'>
2023-07-03 16:42:11,550: [95] m.main:INFO: Beginning analysis
2023-07-03 16:42:11,553: [95] m.e.manticore:INFO: Starting symbolic create contract
2023-07-03 16:42:26,880: [95] m.e.manticore:INFO: Failed to create contract: exception in constructor
2023-07-03 16:42:27,043: [95] m.c.manticore:INFO: Results in /mcore_ny6n27b1
2023-07-03 16:42:27,043: [95] m.c.manticore:INFO: Total time: 14.678218126296997
2023-07-03 16:42:27,839: [143] m.main:INFO: Registered plugins: IntrospectionAPIPlugin, <class 'manticore.ethereum.plugins.SkipRevertBasicBlocks'>, <class 'manticore.ethereum.plugins.FilterFunctions'>
2023-07-03 16:42:27,840: [143] m.main:INFO: Beginning analysis
2023-07-03 16:42:27,844: [143] m.e.manticore:INFO: Starting symbolic create contract
2023-07-03 16:42:29,053: [143] m.e.manticore:INFO: Failed to create contract: exception in constructor
2023-07-03 16:42:29,162: [143] m.c.manticore:INFO: Results in /mcore_m4pz6znj
2023-07-03 16:42:29,163: [143] m.c.manticore:INFO: Total time: 0.8081686496734619
2023-07-03 16:42:29,920: [185] m.main:INFO: Registered plugins: IntrospectionAPIPlugin, <class 'manticore.ethereum.plugins.SkipRevertBasicBlocks'>, <class 'manticore.ethereum.plugins.FilterFunctions'>
2023-07-03 16:42:29,920: [185] m.main:INFO: Beginning analysis
2023-07-03 16:42:29,923: [185] m.e.manticore:INFO: Starting symbolic create contract
2023-07-03 16:42:31,219: [185] m.e.manticore:INFO: Failed to create contract: exception in constructor
2023-07-03 16:42:31,325: [185] m.c.manticore:INFO: Results in /mcore_srw3j0q1
2023-07-03 16:42:31,325: [185] m.c.manticore:INFO: Total time: 0.6625490188598633
2023-07-03 16:42:32,067: [227] m.main:INFO: Registered plugins: IntrospectionAPIPlugin, <class 'manticore.ethereum.plugins.SkipRevertBasicBlocks'>, <class 'manticore.ethereum.plugins.FilterFunctions'>
2023-07-03 16:42:32,067: [227] m.main:INFO: Beginning analysis
2023-07-03 16:42:32,070: [227] m.e.manticore:INFO: Starting symbolic create contract
2023-07-03 16:42:33,758: [227] m.e.manticore:INFO: Failed to create contract: exception in constructor
2023-07-03 16:42:33,868: [227] m.c.manticore:INFO: Results in /mcore_wa_u2pq5
2023-07-03 16:42:33,868: [227] m.c.manticore:INFO: Total time: 1.1864407062530518
