2023-07-03 16:05:34,047: [11] m.main:INFO: Registered plugins: IntrospectionAPIPlugin, <class 'manticore.ethereum.plugins.SkipRevertBasicBlocks'>, <class 'manticore.ethereum.plugins.FilterFunctions'>
2023-07-03 16:05:34,047: [11] m.main:INFO: Beginning analysis
2023-07-03 16:05:34,050: [11] m.e.manticore:INFO: Starting symbolic create contract
2023-07-03 16:05:34,063: [11] m.e.manticore:INFO: Failed to build contract /sb/InitializableGovernable_2.sol:7:1: Errors : Invalid solc compilation sb/InitializableGovernable_2.sol:7:1: Error: Source "@openzeppelin/upgrades/contracts/Initializable.sol" not found: File not found.
import {
^ (Relevant source part starts here and spans across multiple lines).
sb/InitializableGovernable_2.sol:11:1: Error: Source "sb/Governable.sol" not found: File not found.
import { Governable } from "./Governable.sol";
^--------------------------------------------^

. Solidity failed to generate bytecode for your contract. Check if all the abstract functions are implemented. 
Process Process-1:
Traceback (most recent call last):
  File "/usr/lib/python3.7/multiprocessing/process.py", line 297, in _bootstrap
    self.run()
  File "/usr/lib/python3.7/multiprocessing/process.py", line 99, in run
    self._target(*self._args, **self._kwargs)
  File "/usr/local/lib/python3.7/dist-packages/manticore/ethereum/manticore.py", line 1766, in worker_finalize
    finalizer(q.get_nowait())
  File "/usr/local/lib/python3.7/dist-packages/manticore/ethereum/manticore.py", line 1757, in finalizer
    if only_alive_states and last_tx.result in {"REVERT", "THROW", "TXERROR"}:
AttributeError: 'NoneType' object has no attribute 'result'
2023-07-03 16:05:34,132: [11] m.c.manticore:INFO: Results in /mcore_pfgfswgz
2023-07-03 16:05:34,132: [11] m.c.manticore:WARNING: Manticore failed to run
2023-07-03 16:05:34,786: [36] m.main:INFO: Registered plugins: IntrospectionAPIPlugin, <class 'manticore.ethereum.plugins.SkipRevertBasicBlocks'>, <class 'manticore.ethereum.plugins.FilterFunctions'>
2023-07-03 16:05:34,786: [36] m.main:INFO: Beginning analysis
2023-07-03 16:05:34,791: [36] m.e.manticore:INFO: Starting symbolic create contract
2023-07-03 16:05:34,808: [36] m.e.manticore:INFO: Failed to build contract ParserError: Errors : Invalid solc compilation sb/InitializableGovernable_2.sol:7:1: Error: Source "@openzeppelin/upgrades/contracts/Initializable.sol" not found: File not found.
import {
^ (Relevant source part starts here and spans across multiple lines).
sb/InitializableGovernable_2.sol:11:1: Error: Source "sb/Governable.sol" not found: File not found.
import { Governable } from "./Governable.sol";
^--------------------------------------------^

. Solidity failed to generate bytecode for your contract. Check if all the abstract functions are implemented. 
Process Process-1:
Traceback (most recent call last):
  File "/usr/lib/python3.7/multiprocessing/process.py", line 297, in _bootstrap
    self.run()
  File "/usr/lib/python3.7/multiprocessing/process.py", line 99, in run
    self._target(*self._args, **self._kwargs)
  File "/usr/local/lib/python3.7/dist-packages/manticore/ethereum/manticore.py", line 1766, in worker_finalize
    finalizer(q.get_nowait())
  File "/usr/local/lib/python3.7/dist-packages/manticore/ethereum/manticore.py", line 1757, in finalizer
    if only_alive_states and last_tx.result in {"REVERT", "THROW", "TXERROR"}:
AttributeError: 'NoneType' object has no attribute 'result'
2023-07-03 16:05:34,885: [36] m.c.manticore:INFO: Results in /mcore_3fl1q62h
2023-07-03 16:05:34,885: [36] m.c.manticore:WARNING: Manticore failed to run
2023-07-03 16:05:35,565: [61] m.main:INFO: Registered plugins: IntrospectionAPIPlugin, <class 'manticore.ethereum.plugins.SkipRevertBasicBlocks'>, <class 'manticore.ethereum.plugins.FilterFunctions'>
2023-07-03 16:05:35,565: [61] m.main:INFO: Beginning analysis
2023-07-03 16:05:35,567: [61] m.e.manticore:INFO: Starting symbolic create contract
2023-07-03 16:05:35,579: [61] m.e.manticore:INFO: Failed to build contract Source Errors : Invalid solc compilation sb/InitializableGovernable_2.sol:7:1: Error: Source "@openzeppelin/upgrades/contracts/Initializable.sol" not found: File not found.
import {
^ (Relevant source part starts here and spans across multiple lines).
sb/InitializableGovernable_2.sol:11:1: Error: Source "sb/Governable.sol" not found: File not found.
import { Governable } from "./Governable.sol";
^--------------------------------------------^

. Solidity failed to generate bytecode for your contract. Check if all the abstract functions are implemented. 
Process Process-1:
Traceback (most recent call last):
  File "/usr/lib/python3.7/multiprocessing/process.py", line 297, in _bootstrap
    self.run()
  File "/usr/lib/python3.7/multiprocessing/process.py", line 99, in run
    self._target(*self._args, **self._kwargs)
  File "/usr/local/lib/python3.7/dist-packages/manticore/ethereum/manticore.py", line 1766, in worker_finalize
    finalizer(q.get_nowait())
  File "/usr/local/lib/python3.7/dist-packages/manticore/ethereum/manticore.py", line 1757, in finalizer
    if only_alive_states and last_tx.result in {"REVERT", "THROW", "TXERROR"}:
AttributeError: 'NoneType' object has no attribute 'result'
2023-07-03 16:05:35,637: [61] m.c.manticore:INFO: Results in /mcore_f5ag45fr
2023-07-03 16:05:35,637: [61] m.c.manticore:WARNING: Manticore failed to run
2023-07-03 16:05:36,303: [86] m.main:INFO: Registered plugins: IntrospectionAPIPlugin, <class 'manticore.ethereum.plugins.SkipRevertBasicBlocks'>, <class 'manticore.ethereum.plugins.FilterFunctions'>
2023-07-03 16:05:36,303: [86] m.main:INFO: Beginning analysis
2023-07-03 16:05:36,306: [86] m.e.manticore:INFO: Starting symbolic create contract
2023-07-03 16:05:36,318: [86] m.e.manticore:INFO: Failed to build contract "@openzeppelin/upgrades/contracts/Initializable.sol" Errors : Invalid solc compilation sb/InitializableGovernable_2.sol:7:1: Error: Source "@openzeppelin/upgrades/contracts/Initializable.sol" not found: File not found.
import {
^ (Relevant source part starts here and spans across multiple lines).
sb/InitializableGovernable_2.sol:11:1: Error: Source "sb/Governable.sol" not found: File not found.
import { Governable } from "./Governable.sol";
^--------------------------------------------^

. Solidity failed to generate bytecode for your contract. Check if all the abstract functions are implemented. 
Process Process-1:
Traceback (most recent call last):
  File "/usr/lib/python3.7/multiprocessing/process.py", line 297, in _bootstrap
    self.run()
  File "/usr/lib/python3.7/multiprocessing/process.py", line 99, in run
    self._target(*self._args, **self._kwargs)
  File "/usr/local/lib/python3.7/dist-packages/manticore/ethereum/manticore.py", line 1766, in worker_finalize
    finalizer(q.get_nowait())
  File "/usr/local/lib/python3.7/dist-packages/manticore/ethereum/manticore.py", line 1757, in finalizer
    if only_alive_states and last_tx.result in {"REVERT", "THROW", "TXERROR"}:
AttributeError: 'NoneType' object has no attribute 'result'
2023-07-03 16:05:36,392: [86] m.c.manticore:INFO: Results in /mcore_s_hymxwc
2023-07-03 16:05:36,393: [86] m.c.manticore:WARNING: Manticore failed to run
2023-07-03 16:05:37,071: [111] m.main:INFO: Registered plugins: IntrospectionAPIPlugin, <class 'manticore.ethereum.plugins.SkipRevertBasicBlocks'>, <class 'manticore.ethereum.plugins.FilterFunctions'>
2023-07-03 16:05:37,071: [111] m.main:INFO: Beginning analysis
2023-07-03 16:05:37,073: [111] m.e.manticore:INFO: Starting symbolic create contract
2023-07-03 16:05:37,090: [111] m.e.manticore:INFO: Failed to build contract not Errors : Invalid solc compilation sb/InitializableGovernable_2.sol:7:1: Error: Source "@openzeppelin/upgrades/contracts/Initializable.sol" not found: File not found.
import {
^ (Relevant source part starts here and spans across multiple lines).
sb/InitializableGovernable_2.sol:11:1: Error: Source "sb/Governable.sol" not found: File not found.
import { Governable } from "./Governable.sol";
^--------------------------------------------^

. Solidity failed to generate bytecode for your contract. Check if all the abstract functions are implemented. 
Process Process-1:
Traceback (most recent call last):
  File "/usr/lib/python3.7/multiprocessing/process.py", line 297, in _bootstrap
    self.run()
  File "/usr/lib/python3.7/multiprocessing/process.py", line 99, in run
    self._target(*self._args, **self._kwargs)
  File "/usr/local/lib/python3.7/dist-packages/manticore/ethereum/manticore.py", line 1766, in worker_finalize
    finalizer(q.get_nowait())
  File "/usr/local/lib/python3.7/dist-packages/manticore/ethereum/manticore.py", line 1757, in finalizer
    if only_alive_states and last_tx.result in {"REVERT", "THROW", "TXERROR"}:
AttributeError: 'NoneType' object has no attribute 'result'
2023-07-03 16:05:37,170: [111] m.c.manticore:INFO: Results in /mcore_n1zgy_fo
2023-07-03 16:05:37,170: [111] m.c.manticore:WARNING: Manticore failed to run
2023-07-03 16:05:37,926: [136] m.main:INFO: Registered plugins: IntrospectionAPIPlugin, <class 'manticore.ethereum.plugins.SkipRevertBasicBlocks'>, <class 'manticore.ethereum.plugins.FilterFunctions'>
2023-07-03 16:05:37,927: [136] m.main:INFO: Beginning analysis
2023-07-03 16:05:37,929: [136] m.e.manticore:INFO: Starting symbolic create contract
2023-07-03 16:05:37,942: [136] m.e.manticore:INFO: Failed to build contract found: Errors : Invalid solc compilation sb/InitializableGovernable_2.sol:7:1: Error: Source "@openzeppelin/upgrades/contracts/Initializable.sol" not found: File not found.
import {
^ (Relevant source part starts here and spans across multiple lines).
sb/InitializableGovernable_2.sol:11:1: Error: Source "sb/Governable.sol" not found: File not found.
import { Governable } from "./Governable.sol";
^--------------------------------------------^

. Solidity failed to generate bytecode for your contract. Check if all the abstract functions are implemented. 
Process Process-1:
Traceback (most recent call last):
  File "/usr/lib/python3.7/multiprocessing/process.py", line 297, in _bootstrap
    self.run()
  File "/usr/lib/python3.7/multiprocessing/process.py", line 99, in run
    self._target(*self._args, **self._kwargs)
  File "/usr/local/lib/python3.7/dist-packages/manticore/ethereum/manticore.py", line 1766, in worker_finalize
    finalizer(q.get_nowait())
  File "/usr/local/lib/python3.7/dist-packages/manticore/ethereum/manticore.py", line 1757, in finalizer
    if only_alive_states and last_tx.result in {"REVERT", "THROW", "TXERROR"}:
AttributeError: 'NoneType' object has no attribute 'result'
2023-07-03 16:05:38,018: [136] m.c.manticore:INFO: Results in /mcore_w4rhxgm_
2023-07-03 16:05:38,019: [136] m.c.manticore:WARNING: Manticore failed to run
2023-07-03 16:05:38,776: [161] m.main:INFO: Registered plugins: IntrospectionAPIPlugin, <class 'manticore.ethereum.plugins.SkipRevertBasicBlocks'>, <class 'manticore.ethereum.plugins.FilterFunctions'>
2023-07-03 16:05:38,776: [161] m.main:INFO: Beginning analysis
2023-07-03 16:05:38,780: [161] m.e.manticore:INFO: Starting symbolic create contract
2023-07-03 16:05:38,797: [161] m.e.manticore:INFO: Failed to build contract File Errors : Invalid solc compilation sb/InitializableGovernable_2.sol:7:1: Error: Source "@openzeppelin/upgrades/contracts/Initializable.sol" not found: File not found.
import {
^ (Relevant source part starts here and spans across multiple lines).
sb/InitializableGovernable_2.sol:11:1: Error: Source "sb/Governable.sol" not found: File not found.
import { Governable } from "./Governable.sol";
^--------------------------------------------^

. Solidity failed to generate bytecode for your contract. Check if all the abstract functions are implemented. 
Process Process-1:
Traceback (most recent call last):
  File "/usr/lib/python3.7/multiprocessing/process.py", line 297, in _bootstrap
    self.run()
  File "/usr/lib/python3.7/multiprocessing/process.py", line 99, in run
    self._target(*self._args, **self._kwargs)
  File "/usr/local/lib/python3.7/dist-packages/manticore/ethereum/manticore.py", line 1766, in worker_finalize
    finalizer(q.get_nowait())
  File "/usr/local/lib/python3.7/dist-packages/manticore/ethereum/manticore.py", line 1757, in finalizer
    if only_alive_states and last_tx.result in {"REVERT", "THROW", "TXERROR"}:
AttributeError: 'NoneType' object has no attribute 'result'
2023-07-03 16:05:38,860: [161] m.c.manticore:INFO: Results in /mcore_ihkxxsle
2023-07-03 16:05:38,861: [161] m.c.manticore:WARNING: Manticore failed to run
2023-07-03 16:05:39,523: [186] m.main:INFO: Registered plugins: IntrospectionAPIPlugin, <class 'manticore.ethereum.plugins.SkipRevertBasicBlocks'>, <class 'manticore.ethereum.plugins.FilterFunctions'>
2023-07-03 16:05:39,524: [186] m.main:INFO: Beginning analysis
2023-07-03 16:05:39,526: [186] m.e.manticore:INFO: Starting symbolic create contract
2023-07-03 16:05:39,545: [186] m.e.manticore:INFO: Failed to build contract not Errors : Invalid solc compilation sb/InitializableGovernable_2.sol:7:1: Error: Source "@openzeppelin/upgrades/contracts/Initializable.sol" not found: File not found.
import {
^ (Relevant source part starts here and spans across multiple lines).
sb/InitializableGovernable_2.sol:11:1: Error: Source "sb/Governable.sol" not found: File not found.
import { Governable } from "./Governable.sol";
^--------------------------------------------^

. Solidity failed to generate bytecode for your contract. Check if all the abstract functions are implemented. 
Process Process-2:
Traceback (most recent call last):
  File "/usr/lib/python3.7/multiprocessing/process.py", line 297, in _bootstrap
    self.run()
  File "/usr/lib/python3.7/multiprocessing/process.py", line 99, in run
    self._target(*self._args, **self._kwargs)
  File "/usr/local/lib/python3.7/dist-packages/manticore/ethereum/manticore.py", line 1766, in worker_finalize
    finalizer(q.get_nowait())
  File "/usr/local/lib/python3.7/dist-packages/manticore/ethereum/manticore.py", line 1757, in finalizer
    if only_alive_states and last_tx.result in {"REVERT", "THROW", "TXERROR"}:
AttributeError: 'NoneType' object has no attribute 'result'
2023-07-03 16:05:39,612: [186] m.c.manticore:INFO: Results in /mcore_ppio57zu
2023-07-03 16:05:39,613: [186] m.c.manticore:WARNING: Manticore failed to run
2023-07-03 16:05:40,220: [211] m.main:INFO: Registered plugins: IntrospectionAPIPlugin, <class 'manticore.ethereum.plugins.SkipRevertBasicBlocks'>, <class 'manticore.ethereum.plugins.FilterFunctions'>
2023-07-03 16:05:40,221: [211] m.main:INFO: Beginning analysis
2023-07-03 16:05:40,223: [211] m.e.manticore:INFO: Starting symbolic create contract
2023-07-03 16:05:40,237: [211] m.e.manticore:INFO: Failed to build contract found. Errors : Invalid solc compilation sb/InitializableGovernable_2.sol:7:1: Error: Source "@openzeppelin/upgrades/contracts/Initializable.sol" not found: File not found.
import {
^ (Relevant source part starts here and spans across multiple lines).
sb/InitializableGovernable_2.sol:11:1: Error: Source "sb/Governable.sol" not found: File not found.
import { Governable } from "./Governable.sol";
^--------------------------------------------^

. Solidity failed to generate bytecode for your contract. Check if all the abstract functions are implemented. 
Process Process-1:
Traceback (most recent call last):
  File "/usr/lib/python3.7/multiprocessing/process.py", line 297, in _bootstrap
    self.run()
  File "/usr/lib/python3.7/multiprocessing/process.py", line 99, in run
    self._target(*self._args, **self._kwargs)
  File "/usr/local/lib/python3.7/dist-packages/manticore/ethereum/manticore.py", line 1766, in worker_finalize
    finalizer(q.get_nowait())
  File "/usr/local/lib/python3.7/dist-packages/manticore/ethereum/manticore.py", line 1757, in finalizer
    if only_alive_states and last_tx.result in {"REVERT", "THROW", "TXERROR"}:
AttributeError: 'NoneType' object has no attribute 'result'
2023-07-03 16:05:40,314: [211] m.c.manticore:INFO: Results in /mcore_j1kqe3st
2023-07-03 16:05:40,315: [211] m.c.manticore:WARNING: Manticore failed to run
2023-07-03 16:05:40,978: [236] m.main:INFO: Registered plugins: IntrospectionAPIPlugin, <class 'manticore.ethereum.plugins.SkipRevertBasicBlocks'>, <class 'manticore.ethereum.plugins.FilterFunctions'>
2023-07-03 16:05:40,978: [236] m.main:INFO: Beginning analysis
2023-07-03 16:05:40,982: [236] m.e.manticore:INFO: Starting symbolic create contract
2023-07-03 16:05:40,998: [236] m.e.manticore:INFO: Failed to build contract import Errors : Invalid solc compilation sb/InitializableGovernable_2.sol:7:1: Error: Source "@openzeppelin/upgrades/contracts/Initializable.sol" not found: File not found.
import {
^ (Relevant source part starts here and spans across multiple lines).
sb/InitializableGovernable_2.sol:11:1: Error: Source "sb/Governable.sol" not found: File not found.
import { Governable } from "./Governable.sol";
^--------------------------------------------^

. Solidity failed to generate bytecode for your contract. Check if all the abstract functions are implemented. 
Process Process-1:
Traceback (most recent call last):
  File "/usr/lib/python3.7/multiprocessing/process.py", line 297, in _bootstrap
    self.run()
  File "/usr/lib/python3.7/multiprocessing/process.py", line 99, in run
    self._target(*self._args, **self._kwargs)
  File "/usr/local/lib/python3.7/dist-packages/manticore/ethereum/manticore.py", line 1766, in worker_finalize
    finalizer(q.get_nowait())
  File "/usr/local/lib/python3.7/dist-packages/manticore/ethereum/manticore.py", line 1757, in finalizer
    if only_alive_states and last_tx.result in {"REVERT", "THROW", "TXERROR"}:
AttributeError: 'NoneType' object has no attribute 'result'
2023-07-03 16:05:41,060: [236] m.c.manticore:INFO: Results in /mcore_1dm93km4
2023-07-03 16:05:41,061: [236] m.c.manticore:WARNING: Manticore failed to run
2023-07-03 16:05:41,705: [261] m.main:INFO: Registered plugins: IntrospectionAPIPlugin, <class 'manticore.ethereum.plugins.SkipRevertBasicBlocks'>, <class 'manticore.ethereum.plugins.FilterFunctions'>
2023-07-03 16:05:41,706: [261] m.main:INFO: Beginning analysis
2023-07-03 16:05:41,708: [261] m.e.manticore:INFO: Starting symbolic create contract
2023-07-03 16:05:41,729: [261] m.e.manticore:INFO: Failed to build contract { Errors : Invalid solc compilation sb/InitializableGovernable_2.sol:7:1: Error: Source "@openzeppelin/upgrades/contracts/Initializable.sol" not found: File not found.
import {
^ (Relevant source part starts here and spans across multiple lines).
sb/InitializableGovernable_2.sol:11:1: Error: Source "sb/Governable.sol" not found: File not found.
import { Governable } from "./Governable.sol";
^--------------------------------------------^

. Solidity failed to generate bytecode for your contract. Check if all the abstract functions are implemented. 
Process Process-1:
Traceback (most recent call last):
  File "/usr/lib/python3.7/multiprocessing/process.py", line 297, in _bootstrap
    self.run()
  File "/usr/lib/python3.7/multiprocessing/process.py", line 99, in run
    self._target(*self._args, **self._kwargs)
  File "/usr/local/lib/python3.7/dist-packages/manticore/ethereum/manticore.py", line 1766, in worker_finalize
    finalizer(q.get_nowait())
  File "/usr/local/lib/python3.7/dist-packages/manticore/ethereum/manticore.py", line 1757, in finalizer
    if only_alive_states and last_tx.result in {"REVERT", "THROW", "TXERROR"}:
AttributeError: 'NoneType' object has no attribute 'result'
2023-07-03 16:05:41,795: [261] m.c.manticore:INFO: Results in /mcore_fhk96q9j
2023-07-03 16:05:41,796: [261] m.c.manticore:WARNING: Manticore failed to run
2023-07-03 16:05:42,518: [286] m.main:INFO: Registered plugins: IntrospectionAPIPlugin, <class 'manticore.ethereum.plugins.SkipRevertBasicBlocks'>, <class 'manticore.ethereum.plugins.FilterFunctions'>
2023-07-03 16:05:42,519: [286] m.main:INFO: Beginning analysis
2023-07-03 16:05:42,521: [286] m.e.manticore:INFO: Starting symbolic create contract
2023-07-03 16:05:42,535: [286] m.e.manticore:INFO: Failed to build contract ^ Errors : Invalid solc compilation sb/InitializableGovernable_2.sol:7:1: Error: Source "@openzeppelin/upgrades/contracts/Initializable.sol" not found: File not found.
import {
^ (Relevant source part starts here and spans across multiple lines).
sb/InitializableGovernable_2.sol:11:1: Error: Source "sb/Governable.sol" not found: File not found.
import { Governable } from "./Governable.sol";
^--------------------------------------------^

. Solidity failed to generate bytecode for your contract. Check if all the abstract functions are implemented. 
Process Process-1:
Traceback (most recent call last):
  File "/usr/lib/python3.7/multiprocessing/process.py", line 297, in _bootstrap
    self.run()
  File "/usr/lib/python3.7/multiprocessing/process.py", line 99, in run
    self._target(*self._args, **self._kwargs)
  File "/usr/local/lib/python3.7/dist-packages/manticore/ethereum/manticore.py", line 1766, in worker_finalize
    finalizer(q.get_nowait())
  File "/usr/local/lib/python3.7/dist-packages/manticore/ethereum/manticore.py", line 1757, in finalizer
    if only_alive_states and last_tx.result in {"REVERT", "THROW", "TXERROR"}:
AttributeError: 'NoneType' object has no attribute 'result'
2023-07-03 16:05:42,603: [286] m.c.manticore:INFO: Results in /mcore_31n57dqq
2023-07-03 16:05:42,603: [286] m.c.manticore:WARNING: Manticore failed to run
2023-07-03 16:05:43,325: [311] m.main:INFO: Registered plugins: IntrospectionAPIPlugin, <class 'manticore.ethereum.plugins.SkipRevertBasicBlocks'>, <class 'manticore.ethereum.plugins.FilterFunctions'>
2023-07-03 16:05:43,326: [311] m.main:INFO: Beginning analysis
2023-07-03 16:05:43,328: [311] m.e.manticore:INFO: Starting symbolic create contract
2023-07-03 16:05:43,348: [311] m.e.manticore:INFO: Failed to build contract (Relevant Errors : Invalid solc compilation sb/InitializableGovernable_2.sol:7:1: Error: Source "@openzeppelin/upgrades/contracts/Initializable.sol" not found: File not found.
import {
^ (Relevant source part starts here and spans across multiple lines).
sb/InitializableGovernable_2.sol:11:1: Error: Source "sb/Governable.sol" not found: File not found.
import { Governable } from "./Governable.sol";
^--------------------------------------------^

. Solidity failed to generate bytecode for your contract. Check if all the abstract functions are implemented. 
Process Process-1:
Traceback (most recent call last):
  File "/usr/lib/python3.7/multiprocessing/process.py", line 297, in _bootstrap
    self.run()
  File "/usr/lib/python3.7/multiprocessing/process.py", line 99, in run
    self._target(*self._args, **self._kwargs)
  File "/usr/local/lib/python3.7/dist-packages/manticore/ethereum/manticore.py", line 1766, in worker_finalize
    finalizer(q.get_nowait())
  File "/usr/local/lib/python3.7/dist-packages/manticore/ethereum/manticore.py", line 1757, in finalizer
    if only_alive_states and last_tx.result in {"REVERT", "THROW", "TXERROR"}:
AttributeError: 'NoneType' object has no attribute 'result'
2023-07-03 16:05:43,422: [311] m.c.manticore:INFO: Results in /mcore_b89yai8m
2023-07-03 16:05:43,422: [311] m.c.manticore:WARNING: Manticore failed to run
2023-07-03 16:05:44,206: [336] m.main:INFO: Registered plugins: IntrospectionAPIPlugin, <class 'manticore.ethereum.plugins.SkipRevertBasicBlocks'>, <class 'manticore.ethereum.plugins.FilterFunctions'>
2023-07-03 16:05:44,206: [336] m.main:INFO: Beginning analysis
2023-07-03 16:05:44,209: [336] m.e.manticore:INFO: Starting symbolic create contract
2023-07-03 16:05:44,229: [336] m.e.manticore:INFO: Failed to build contract source Errors : Invalid solc compilation sb/InitializableGovernable_2.sol:7:1: Error: Source "@openzeppelin/upgrades/contracts/Initializable.sol" not found: File not found.
import {
^ (Relevant source part starts here and spans across multiple lines).
sb/InitializableGovernable_2.sol:11:1: Error: Source "sb/Governable.sol" not found: File not found.
import { Governable } from "./Governable.sol";
^--------------------------------------------^

. Solidity failed to generate bytecode for your contract. Check if all the abstract functions are implemented. 
Process Process-1:
Traceback (most recent call last):
  File "/usr/lib/python3.7/multiprocessing/process.py", line 297, in _bootstrap
    self.run()
  File "/usr/lib/python3.7/multiprocessing/process.py", line 99, in run
    self._target(*self._args, **self._kwargs)
  File "/usr/local/lib/python3.7/dist-packages/manticore/ethereum/manticore.py", line 1766, in worker_finalize
    finalizer(q.get_nowait())
  File "/usr/local/lib/python3.7/dist-packages/manticore/ethereum/manticore.py", line 1757, in finalizer
    if only_alive_states and last_tx.result in {"REVERT", "THROW", "TXERROR"}:
AttributeError: 'NoneType' object has no attribute 'result'
2023-07-03 16:05:44,303: [336] m.c.manticore:INFO: Results in /mcore_0vt4qc0l
2023-07-03 16:05:44,303: [336] m.c.manticore:WARNING: Manticore failed to run
2023-07-03 16:05:45,021: [361] m.main:INFO: Registered plugins: IntrospectionAPIPlugin, <class 'manticore.ethereum.plugins.SkipRevertBasicBlocks'>, <class 'manticore.ethereum.plugins.FilterFunctions'>
2023-07-03 16:05:45,022: [361] m.main:INFO: Beginning analysis
2023-07-03 16:05:45,024: [361] m.e.manticore:INFO: Starting symbolic create contract
2023-07-03 16:05:45,043: [361] m.e.manticore:INFO: Failed to build contract part Errors : Invalid solc compilation sb/InitializableGovernable_2.sol:7:1: Error: Source "@openzeppelin/upgrades/contracts/Initializable.sol" not found: File not found.
import {
^ (Relevant source part starts here and spans across multiple lines).
sb/InitializableGovernable_2.sol:11:1: Error: Source "sb/Governable.sol" not found: File not found.
import { Governable } from "./Governable.sol";
^--------------------------------------------^

. Solidity failed to generate bytecode for your contract. Check if all the abstract functions are implemented. 
Process Process-1:
Traceback (most recent call last):
  File "/usr/lib/python3.7/multiprocessing/process.py", line 297, in _bootstrap
    self.run()
  File "/usr/lib/python3.7/multiprocessing/process.py", line 99, in run
    self._target(*self._args, **self._kwargs)
  File "/usr/local/lib/python3.7/dist-packages/manticore/ethereum/manticore.py", line 1766, in worker_finalize
    finalizer(q.get_nowait())
  File "/usr/local/lib/python3.7/dist-packages/manticore/ethereum/manticore.py", line 1757, in finalizer
    if only_alive_states and last_tx.result in {"REVERT", "THROW", "TXERROR"}:
AttributeError: 'NoneType' object has no attribute 'result'
2023-07-03 16:05:45,113: [361] m.c.manticore:INFO: Results in /mcore_o6koa5ms
2023-07-03 16:05:45,113: [361] m.c.manticore:WARNING: Manticore failed to run
2023-07-03 16:05:45,831: [386] m.main:INFO: Registered plugins: IntrospectionAPIPlugin, <class 'manticore.ethereum.plugins.SkipRevertBasicBlocks'>, <class 'manticore.ethereum.plugins.FilterFunctions'>
2023-07-03 16:05:45,831: [386] m.main:INFO: Beginning analysis
2023-07-03 16:05:45,834: [386] m.e.manticore:INFO: Starting symbolic create contract
2023-07-03 16:05:45,857: [386] m.e.manticore:INFO: Failed to build contract starts Errors : Invalid solc compilation sb/InitializableGovernable_2.sol:7:1: Error: Source "@openzeppelin/upgrades/contracts/Initializable.sol" not found: File not found.
import {
^ (Relevant source part starts here and spans across multiple lines).
sb/InitializableGovernable_2.sol:11:1: Error: Source "sb/Governable.sol" not found: File not found.
import { Governable } from "./Governable.sol";
^--------------------------------------------^

. Solidity failed to generate bytecode for your contract. Check if all the abstract functions are implemented. 
Process Process-1:
Traceback (most recent call last):
  File "/usr/lib/python3.7/multiprocessing/process.py", line 297, in _bootstrap
    self.run()
  File "/usr/lib/python3.7/multiprocessing/process.py", line 99, in run
    self._target(*self._args, **self._kwargs)
  File "/usr/local/lib/python3.7/dist-packages/manticore/ethereum/manticore.py", line 1766, in worker_finalize
    finalizer(q.get_nowait())
  File "/usr/local/lib/python3.7/dist-packages/manticore/ethereum/manticore.py", line 1757, in finalizer
    if only_alive_states and last_tx.result in {"REVERT", "THROW", "TXERROR"}:
AttributeError: 'NoneType' object has no attribute 'result'
2023-07-03 16:05:45,943: [386] m.c.manticore:INFO: Results in /mcore_ifo96my1
2023-07-03 16:05:45,944: [386] m.c.manticore:WARNING: Manticore failed to run
2023-07-03 16:05:46,658: [411] m.main:INFO: Registered plugins: IntrospectionAPIPlugin, <class 'manticore.ethereum.plugins.SkipRevertBasicBlocks'>, <class 'manticore.ethereum.plugins.FilterFunctions'>
2023-07-03 16:05:46,659: [411] m.main:INFO: Beginning analysis
2023-07-03 16:05:46,662: [411] m.e.manticore:INFO: Starting symbolic create contract
2023-07-03 16:05:46,683: [411] m.e.manticore:INFO: Failed to build contract here Errors : Invalid solc compilation sb/InitializableGovernable_2.sol:7:1: Error: Source "@openzeppelin/upgrades/contracts/Initializable.sol" not found: File not found.
import {
^ (Relevant source part starts here and spans across multiple lines).
sb/InitializableGovernable_2.sol:11:1: Error: Source "sb/Governable.sol" not found: File not found.
import { Governable } from "./Governable.sol";
^--------------------------------------------^

. Solidity failed to generate bytecode for your contract. Check if all the abstract functions are implemented. 
Process Process-1:
Traceback (most recent call last):
  File "/usr/lib/python3.7/multiprocessing/process.py", line 297, in _bootstrap
    self.run()
  File "/usr/lib/python3.7/multiprocessing/process.py", line 99, in run
    self._target(*self._args, **self._kwargs)
  File "/usr/local/lib/python3.7/dist-packages/manticore/ethereum/manticore.py", line 1766, in worker_finalize
    finalizer(q.get_nowait())
  File "/usr/local/lib/python3.7/dist-packages/manticore/ethereum/manticore.py", line 1757, in finalizer
    if only_alive_states and last_tx.result in {"REVERT", "THROW", "TXERROR"}:
AttributeError: 'NoneType' object has no attribute 'result'
2023-07-03 16:05:46,767: [411] m.c.manticore:INFO: Results in /mcore_cubx82_t
2023-07-03 16:05:46,768: [411] m.c.manticore:WARNING: Manticore failed to run
2023-07-03 16:05:47,468: [436] m.main:INFO: Registered plugins: IntrospectionAPIPlugin, <class 'manticore.ethereum.plugins.SkipRevertBasicBlocks'>, <class 'manticore.ethereum.plugins.FilterFunctions'>
2023-07-03 16:05:47,469: [436] m.main:INFO: Beginning analysis
2023-07-03 16:05:47,471: [436] m.e.manticore:INFO: Starting symbolic create contract
2023-07-03 16:05:47,487: [436] m.e.manticore:INFO: Failed to build contract and Errors : Invalid solc compilation sb/InitializableGovernable_2.sol:7:1: Error: Source "@openzeppelin/upgrades/contracts/Initializable.sol" not found: File not found.
import {
^ (Relevant source part starts here and spans across multiple lines).
sb/InitializableGovernable_2.sol:11:1: Error: Source "sb/Governable.sol" not found: File not found.
import { Governable } from "./Governable.sol";
^--------------------------------------------^

. Solidity failed to generate bytecode for your contract. Check if all the abstract functions are implemented. 
Process Process-1:
Traceback (most recent call last):
  File "/usr/lib/python3.7/multiprocessing/process.py", line 297, in _bootstrap
    self.run()
  File "/usr/lib/python3.7/multiprocessing/process.py", line 99, in run
    self._target(*self._args, **self._kwargs)
  File "/usr/local/lib/python3.7/dist-packages/manticore/ethereum/manticore.py", line 1766, in worker_finalize
    finalizer(q.get_nowait())
  File "/usr/local/lib/python3.7/dist-packages/manticore/ethereum/manticore.py", line 1757, in finalizer
    if only_alive_states and last_tx.result in {"REVERT", "THROW", "TXERROR"}:
AttributeError: 'NoneType' object has no attribute 'result'
2023-07-03 16:05:47,561: [436] m.c.manticore:INFO: Results in /mcore_pwrc8neq
2023-07-03 16:05:47,562: [436] m.c.manticore:WARNING: Manticore failed to run
2023-07-03 16:05:48,278: [461] m.main:INFO: Registered plugins: IntrospectionAPIPlugin, <class 'manticore.ethereum.plugins.SkipRevertBasicBlocks'>, <class 'manticore.ethereum.plugins.FilterFunctions'>
2023-07-03 16:05:48,278: [461] m.main:INFO: Beginning analysis
2023-07-03 16:05:48,280: [461] m.e.manticore:INFO: Starting symbolic create contract
2023-07-03 16:05:48,296: [461] m.e.manticore:INFO: Failed to build contract spans Errors : Invalid solc compilation sb/InitializableGovernable_2.sol:7:1: Error: Source "@openzeppelin/upgrades/contracts/Initializable.sol" not found: File not found.
import {
^ (Relevant source part starts here and spans across multiple lines).
sb/InitializableGovernable_2.sol:11:1: Error: Source "sb/Governable.sol" not found: File not found.
import { Governable } from "./Governable.sol";
^--------------------------------------------^

. Solidity failed to generate bytecode for your contract. Check if all the abstract functions are implemented. 
Process Process-1:
Traceback (most recent call last):
  File "/usr/lib/python3.7/multiprocessing/process.py", line 297, in _bootstrap
    self.run()
  File "/usr/lib/python3.7/multiprocessing/process.py", line 99, in run
    self._target(*self._args, **self._kwargs)
  File "/usr/local/lib/python3.7/dist-packages/manticore/ethereum/manticore.py", line 1766, in worker_finalize
    finalizer(q.get_nowait())
  File "/usr/local/lib/python3.7/dist-packages/manticore/ethereum/manticore.py", line 1757, in finalizer
    if only_alive_states and last_tx.result in {"REVERT", "THROW", "TXERROR"}:
AttributeError: 'NoneType' object has no attribute 'result'
2023-07-03 16:05:48,368: [461] m.c.manticore:INFO: Results in /mcore_7vde31y7
2023-07-03 16:05:48,368: [461] m.c.manticore:WARNING: Manticore failed to run
2023-07-03 16:05:49,016: [486] m.main:INFO: Registered plugins: IntrospectionAPIPlugin, <class 'manticore.ethereum.plugins.SkipRevertBasicBlocks'>, <class 'manticore.ethereum.plugins.FilterFunctions'>
2023-07-03 16:05:49,016: [486] m.main:INFO: Beginning analysis
2023-07-03 16:05:49,019: [486] m.e.manticore:INFO: Starting symbolic create contract
2023-07-03 16:05:49,037: [486] m.e.manticore:INFO: Failed to build contract across Errors : Invalid solc compilation sb/InitializableGovernable_2.sol:7:1: Error: Source "@openzeppelin/upgrades/contracts/Initializable.sol" not found: File not found.
import {
^ (Relevant source part starts here and spans across multiple lines).
sb/InitializableGovernable_2.sol:11:1: Error: Source "sb/Governable.sol" not found: File not found.
import { Governable } from "./Governable.sol";
^--------------------------------------------^

. Solidity failed to generate bytecode for your contract. Check if all the abstract functions are implemented. 
Process Process-1:
Traceback (most recent call last):
  File "/usr/lib/python3.7/multiprocessing/process.py", line 297, in _bootstrap
    self.run()
  File "/usr/lib/python3.7/multiprocessing/process.py", line 99, in run
    self._target(*self._args, **self._kwargs)
  File "/usr/local/lib/python3.7/dist-packages/manticore/ethereum/manticore.py", line 1766, in worker_finalize
    finalizer(q.get_nowait())
  File "/usr/local/lib/python3.7/dist-packages/manticore/ethereum/manticore.py", line 1757, in finalizer
    if only_alive_states and last_tx.result in {"REVERT", "THROW", "TXERROR"}:
AttributeError: 'NoneType' object has no attribute 'result'
2023-07-03 16:05:49,105: [486] m.c.manticore:INFO: Results in /mcore_hl95qabv
2023-07-03 16:05:49,106: [486] m.c.manticore:WARNING: Manticore failed to run
2023-07-03 16:05:49,806: [511] m.main:INFO: Registered plugins: IntrospectionAPIPlugin, <class 'manticore.ethereum.plugins.SkipRevertBasicBlocks'>, <class 'manticore.ethereum.plugins.FilterFunctions'>
2023-07-03 16:05:49,806: [511] m.main:INFO: Beginning analysis
2023-07-03 16:05:49,808: [511] m.e.manticore:INFO: Starting symbolic create contract
2023-07-03 16:05:49,827: [511] m.e.manticore:INFO: Failed to build contract multiple Errors : Invalid solc compilation sb/InitializableGovernable_2.sol:7:1: Error: Source "@openzeppelin/upgrades/contracts/Initializable.sol" not found: File not found.
import {
^ (Relevant source part starts here and spans across multiple lines).
sb/InitializableGovernable_2.sol:11:1: Error: Source "sb/Governable.sol" not found: File not found.
import { Governable } from "./Governable.sol";
^--------------------------------------------^

. Solidity failed to generate bytecode for your contract. Check if all the abstract functions are implemented. 
Process Process-1:
Traceback (most recent call last):
  File "/usr/lib/python3.7/multiprocessing/process.py", line 297, in _bootstrap
    self.run()
  File "/usr/lib/python3.7/multiprocessing/process.py", line 99, in run
    self._target(*self._args, **self._kwargs)
  File "/usr/local/lib/python3.7/dist-packages/manticore/ethereum/manticore.py", line 1766, in worker_finalize
    finalizer(q.get_nowait())
  File "/usr/local/lib/python3.7/dist-packages/manticore/ethereum/manticore.py", line 1757, in finalizer
    if only_alive_states and last_tx.result in {"REVERT", "THROW", "TXERROR"}:
AttributeError: 'NoneType' object has no attribute 'result'
2023-07-03 16:05:49,882: [511] m.c.manticore:INFO: Results in /mcore_borcwej5
2023-07-03 16:05:49,882: [511] m.c.manticore:WARNING: Manticore failed to run
2023-07-03 16:05:50,706: [536] m.main:INFO: Registered plugins: IntrospectionAPIPlugin, <class 'manticore.ethereum.plugins.SkipRevertBasicBlocks'>, <class 'manticore.ethereum.plugins.FilterFunctions'>
2023-07-03 16:05:50,706: [536] m.main:INFO: Beginning analysis
2023-07-03 16:05:50,708: [536] m.e.manticore:INFO: Starting symbolic create contract
2023-07-03 16:05:50,736: [536] m.e.manticore:INFO: Failed to build contract lines). Errors : Invalid solc compilation sb/InitializableGovernable_2.sol:7:1: Error: Source "@openzeppelin/upgrades/contracts/Initializable.sol" not found: File not found.
import {
^ (Relevant source part starts here and spans across multiple lines).
sb/InitializableGovernable_2.sol:11:1: Error: Source "sb/Governable.sol" not found: File not found.
import { Governable } from "./Governable.sol";
^--------------------------------------------^

. Solidity failed to generate bytecode for your contract. Check if all the abstract functions are implemented. 
Process Process-1:
Traceback (most recent call last):
  File "/usr/lib/python3.7/multiprocessing/process.py", line 297, in _bootstrap
    self.run()
  File "/usr/lib/python3.7/multiprocessing/process.py", line 99, in run
    self._target(*self._args, **self._kwargs)
  File "/usr/local/lib/python3.7/dist-packages/manticore/ethereum/manticore.py", line 1766, in worker_finalize
    finalizer(q.get_nowait())
  File "/usr/local/lib/python3.7/dist-packages/manticore/ethereum/manticore.py", line 1757, in finalizer
    if only_alive_states and last_tx.result in {"REVERT", "THROW", "TXERROR"}:
AttributeError: 'NoneType' object has no attribute 'result'
2023-07-03 16:05:50,802: [536] m.c.manticore:INFO: Results in /mcore_hdu4zpha
2023-07-03 16:05:50,802: [536] m.c.manticore:WARNING: Manticore failed to run
