2023-07-03 16:37:27,087: [11] m.main:INFO: Registered plugins: IntrospectionAPIPlugin, <class 'manticore.ethereum.plugins.SkipRevertBasicBlocks'>, <class 'manticore.ethereum.plugins.FilterFunctions'>
2023-07-03 16:37:27,087: [11] m.main:INFO: Beginning analysis
2023-07-03 16:37:27,090: [11] m.e.manticore:INFO: Starting symbolic create contract
2023-07-03 16:37:28,529: [11] m.e.manticore:INFO: Failed to create contract: exception in constructor
2023-07-03 16:37:28,637: [11] m.c.manticore:INFO: Results in /mcore_e9y61rpn
2023-07-03 16:37:28,637: [11] m.c.manticore:INFO: Total time: 0.6214148998260498
2023-07-03 16:37:29,448: [53] m.main:INFO: Registered plugins: IntrospectionAPIPlugin, <class 'manticore.ethereum.plugins.SkipRevertBasicBlocks'>, <class 'manticore.ethereum.plugins.FilterFunctions'>
2023-07-03 16:37:29,448: [53] m.main:INFO: Beginning analysis
2023-07-03 16:37:29,451: [53] m.e.manticore:INFO: Starting symbolic create contract
2023-07-03 16:37:31,269: [53] m.e.manticore:INFO: Failed to create contract: exception in constructor
2023-07-03 16:37:31,385: [53] m.c.manticore:INFO: Results in /mcore_tal6cwzi
2023-07-03 16:37:31,385: [53] m.c.manticore:INFO: Total time: 0.8741471767425537
2023-07-03 16:37:32,125: [95] m.main:INFO: Registered plugins: IntrospectionAPIPlugin, <class 'manticore.ethereum.plugins.SkipRevertBasicBlocks'>, <class 'manticore.ethereum.plugins.FilterFunctions'>
2023-07-03 16:37:32,126: [95] m.main:INFO: Beginning analysis
2023-07-03 16:37:32,130: [95] m.e.manticore:INFO: Starting symbolic create contract
Process Process-1:
Traceback (most recent call last):
  File "/usr/lib/python3.7/multiprocessing/process.py", line 297, in _bootstrap
    self.run()
  File "/usr/lib/python3.7/multiprocessing/process.py", line 99, in run
    self._target(*self._args, **self._kwargs)
  File "/usr/local/lib/python3.7/dist-packages/manticore/ethereum/manticore.py", line 1766, in worker_finalize
    finalizer(q.get_nowait())
  File "/usr/local/lib/python3.7/dist-packages/manticore/ethereum/manticore.py", line 1757, in finalizer
    if only_alive_states and last_tx.result in {"REVERT", "THROW", "TXERROR"}:
AttributeError: 'NoneType' object has no attribute 'result'
2023-07-03 16:37:33,155: [95] m.c.manticore:INFO: Results in /mcore_6m9urvz2
2023-07-03 16:37:33,156: [95] m.c.manticore:WARNING: Manticore failed to run
2023-07-03 16:37:33,790: [120] m.main:INFO: Registered plugins: IntrospectionAPIPlugin, <class 'manticore.ethereum.plugins.SkipRevertBasicBlocks'>, <class 'manticore.ethereum.plugins.FilterFunctions'>
2023-07-03 16:37:33,791: [120] m.main:INFO: Beginning analysis
2023-07-03 16:37:33,794: [120] m.e.manticore:INFO: Starting symbolic create contract
