WARNING:root:You are using solc version 0.8.9, The latest supported version is 0.4.19
INFO:CryticCompile:Compilation warnings/errors on /sb/DapiServer_1.sol:
Warning: SPDX license identifier not provided in source file. Before publishing, consider adding a comment containing "SPDX-License-Identifier: <SPDX-License>" to each source file. Use "SPDX-License-Identifier: UNLICENSED" for non-open-source code. Please see https://spdx.org for more information.
--> /sb/DapiServer_1.sol

Warning: Unused function parameter. Remove or comment out the variable name to silence this warning.
    --> /sb/DapiServer_1.sol:2372:9:
     |
2372 |         bytes32 subscriptionId, // solhint-disable-line no-unused-vars
     |         ^^^^^^^^^^^^^^^^^^^^^^

Warning: Unused function parameter. Remove or comment out the variable name to silence this warning.
    --> /sb/DapiServer_1.sol:2412:9:
     |
2412 |         bytes32 subscriptionId, // solhint-disable-line no-unused-vars
     |         ^^^^^^^^^^^^^^^^^^^^^^

Warning: Unused function parameter. Remove or comment out the variable name to silence this warning.
    --> /sb/DapiServer_1.sol:2413:9:
     |
2413 |         address airnode, // solhint-disable-line no-unused-vars
     |         ^^^^^^^^^^^^^^^

Warning: Unused function parameter. Remove or comment out the variable name to silence this warning.
    --> /sb/DapiServer_1.sol:2414:9:
     |
2414 |         address relayer, // solhint-disable-line no-unused-vars
     |         ^^^^^^^^^^^^^^^

Warning: Unused function parameter. Remove or comment out the variable name to silence this warning.
    --> /sb/DapiServer_1.sol:2415:9:
     |
2415 |         address sponsor, // solhint-disable-line no-unused-vars
     |         ^^^^^^^^^^^^^^^

Warning: Unused function parameter. Remove or comment out the variable name to silence this warning.
    --> /sb/DapiServer_1.sol:2416:9:
     |
2416 |         uint256 timestamp, // solhint-disable-line no-unused-vars
     |         ^^^^^^^^^^^^^^^^^

Warning: Unused function parameter. Remove or comment out the variable name to silence this warning.
    --> /sb/DapiServer_1.sol:2418:9:
     |
2418 |         bytes calldata signature // solhint-disable-line no-unused-vars
     |         ^^^^^^^^^^^^^^^^^^^^^^^^

Warning: Contract code size exceeds 24576 bytes (a limit introduced in Spurious Dragon). This contract may not be deployable on mainnet. Consider enabling the optimizer (with a low "runs" value!), turning off revert strings, or using libraries.
    --> /sb/DapiServer_1.sol:1929:1:
     |
1929 | contract DapiServer is
     | ^ (Relevant source part starts here and spans across multiple lines).


incomplete push instruction at 44
incomplete push instruction at 923
Traceback (most recent call last):
  File "/oyente/oyente/oyente.py", line 232, in <module>
    main()
  File "/oyente/oyente/oyente.py", line 227, in main
    exit_code = analyze_solidity()
  File "/oyente/oyente/oyente.py", line 109, in analyze_solidity
    inputs = helper.get_inputs(global_params.TARGET_CONTRACTS)
  File "/oyente/oyente/input_helper.py", line 78, in get_inputs
    source_map = SourceMap(contract, self.source, 'solidity', self.root_path, self.remap, self.allow_paths)
  File "/oyente/oyente/source_map.py", line 53, in __init__
    self.var_names = self._get_var_names()
  File "/oyente/oyente/source_map.py", line 146, in _get_var_names
    return SourceMap.ast_helper.extract_state_variable_names(self.cname)
  File "/oyente/oyente/ast_helper.py", line 97, in extract_state_variable_names
    state_variables = self.extract_states_definitions()[c_name]
KeyError: '/sb/DapiServer_1.sol:Whitelist'
