2023-07-03 16:10:57,288: [11] m.main:INFO: Registered plugins: IntrospectionAPIPlugin, <class 'manticore.ethereum.plugins.SkipRevertBasicBlocks'>, <class 'manticore.ethereum.plugins.FilterFunctions'>
2023-07-03 16:10:57,289: [11] m.main:INFO: Beginning analysis
2023-07-03 16:10:57,294: [11] m.e.manticore:INFO: Starting symbolic create contract
2023-07-03 16:10:58,136: [11] m.e.manticore:INFO: Starting symbolic transaction: 0
2023-07-03 16:10:58,241: [11] m.e.manticore:INFO: 0 alive states, 2 terminated states
2023-07-03 16:10:58,411: [11] m.c.manticore:INFO: Results in /mcore_leom32m_
2023-07-03 16:10:58,411: [11] m.c.manticore:INFO: Total time: 0.27257561683654785
2023-07-03 16:10:59,170: [76] m.main:INFO: Registered plugins: IntrospectionAPIPlugin, <class 'manticore.ethereum.plugins.SkipRevertBasicBlocks'>, <class 'manticore.ethereum.plugins.FilterFunctions'>
2023-07-03 16:10:59,170: [76] m.main:INFO: Beginning analysis
2023-07-03 16:10:59,172: [76] m.e.manticore:INFO: Starting symbolic create contract
2023-07-03 16:10:59,975: [76] m.e.manticore:INFO: Starting symbolic transaction: 0
2023-07-03 16:11:00,085: [76] m.e.manticore:INFO: 0 alive states, 2 terminated states
2023-07-03 16:11:00,260: [76] m.c.manticore:INFO: Results in /mcore_d0kfw9sl
2023-07-03 16:11:00,261: [76] m.c.manticore:INFO: Total time: 0.2820429801940918
2023-07-03 16:11:00,988: [141] m.main:INFO: Registered plugins: IntrospectionAPIPlugin, <class 'manticore.ethereum.plugins.SkipRevertBasicBlocks'>, <class 'manticore.ethereum.plugins.FilterFunctions'>
2023-07-03 16:11:00,989: [141] m.main:INFO: Beginning analysis
2023-07-03 16:11:00,991: [141] m.e.manticore:INFO: Starting symbolic create contract
2023-07-03 16:11:01,829: [141] m.e.manticore:INFO: Starting symbolic transaction: 0
2023-07-03 16:11:01,902: [141] m.e.manticore:INFO: 0 alive states, 2 terminated states
2023-07-03 16:11:02,056: [141] m.c.manticore:INFO: Results in /mcore_pa8u9kx1
2023-07-03 16:11:02,057: [141] m.c.manticore:INFO: Total time: 0.22465157508850098
2023-07-03 16:11:02,725: [203] m.main:INFO: Registered plugins: IntrospectionAPIPlugin, <class 'manticore.ethereum.plugins.SkipRevertBasicBlocks'>, <class 'manticore.ethereum.plugins.FilterFunctions'>
2023-07-03 16:11:02,725: [203] m.main:INFO: Beginning analysis
2023-07-03 16:11:02,728: [203] m.e.manticore:INFO: Starting symbolic create contract
2023-07-03 16:11:03,505: [203] m.e.manticore:INFO: Starting symbolic transaction: 0
2023-07-03 16:11:03,640: [203] m.e.manticore:INFO: 0 alive states, 2 terminated states
2023-07-03 16:11:03,790: [203] m.c.manticore:INFO: Results in /mcore_tguvvbrg
2023-07-03 16:11:03,790: [203] m.c.manticore:INFO: Total time: 0.28233766555786133
2023-07-03 16:11:04,488: [268] m.main:INFO: Registered plugins: IntrospectionAPIPlugin, <class 'manticore.ethereum.plugins.SkipRevertBasicBlocks'>, <class 'manticore.ethereum.plugins.FilterFunctions'>
2023-07-03 16:11:04,489: [268] m.main:INFO: Beginning analysis
2023-07-03 16:11:04,491: [268] m.e.manticore:INFO: Starting symbolic create contract
2023-07-03 16:11:05,509: [268] m.e.manticore:INFO: Starting symbolic transaction: 0
2023-07-03 16:11:06,211: [268] m.c.worker:ERROR: Exception in state 0: ManticoreError('Forking on unfeasible constraint set')
Traceback (most recent call last):
  File "/usr/local/lib/python3.7/dist-packages/manticore/core/worker.py", line 137, in run
    current_state.execute()
  File "/usr/local/lib/python3.7/dist-packages/manticore/ethereum/state.py", line 8, in execute
    return self._platform.execute()
  File "/usr/local/lib/python3.7/dist-packages/manticore/platforms/evm.py", line 3106, in execute
    self.current_vm.execute()
  File "/usr/local/lib/python3.7/dist-packages/manticore/platforms/evm.py", line 1322, in execute
    raise Concretize("Symbolic PC", expression=expression, setstate=setstate, policy="ALL")
manticore.core.state.Concretize

During handling of the above exception, another exception occurred:

Traceback (most recent call last):
  File "/usr/local/lib/python3.7/dist-packages/manticore/core/worker.py", line 158, in run
    m._fork(current_state, exc.expression, exc.policy, exc.setstate, exc.values)
  File "/usr/local/lib/python3.7/dist-packages/manticore/core/manticore.py", line 518, in _fork
    raise ManticoreError("Forking on unfeasible constraint set")
manticore.exceptions.ManticoreError: Forking on unfeasible constraint set
 
2023-07-03 16:11:06,217: [268] m.e.manticore:INFO: 0 alive states, 1 terminated states
2023-07-03 16:11:06,347: [268] m.c.manticore:INFO: Results in /mcore_7ljqshtp
2023-07-03 16:11:06,348: [268] m.c.manticore:INFO: Total time: 0.8340604305267334
2023-07-03 16:11:06,980: [330] m.main:INFO: Registered plugins: IntrospectionAPIPlugin, <class 'manticore.ethereum.plugins.SkipRevertBasicBlocks'>, <class 'manticore.ethereum.plugins.FilterFunctions'>
2023-07-03 16:11:06,980: [330] m.main:INFO: Beginning analysis
2023-07-03 16:11:06,983: [330] m.e.manticore:INFO: Starting symbolic create contract
