2023-07-03 16:17:35,082: [11] m.main:INFO: Registered plugins: IntrospectionAPIPlugin, <class 'manticore.ethereum.plugins.SkipRevertBasicBlocks'>, <class 'manticore.ethereum.plugins.FilterFunctions'>
2023-07-03 16:17:35,082: [11] m.main:INFO: Beginning analysis
2023-07-03 16:17:35,085: [11] m.e.manticore:INFO: Starting symbolic create contract
2023-07-03 16:17:36,569: [11] m.e.manticore:INFO: Starting symbolic transaction: 0
2023-07-03 16:17:36,713: [11] m.e.manticore:INFO: 0 alive states, 1 terminated states
2023-07-03 16:17:36,778: [11] m.e.manticore:INFO: Starting symbolic transaction: 1
2023-07-03 16:17:37,074: [11] m.c.manticore:INFO: Results in /mcore_fg6yq48l
2023-07-03 16:17:37,075: [11] m.c.manticore:INFO: Total time: 0.5025484561920166
2023-07-03 16:17:37,804: [70] m.main:INFO: Registered plugins: IntrospectionAPIPlugin, <class 'manticore.ethereum.plugins.SkipRevertBasicBlocks'>, <class 'manticore.ethereum.plugins.FilterFunctions'>
2023-07-03 16:17:37,804: [70] m.main:INFO: Beginning analysis
2023-07-03 16:17:37,807: [70] m.e.manticore:INFO: Starting symbolic create contract
2023-07-03 16:17:39,177: [70] m.e.manticore:INFO: Starting symbolic transaction: 0
2023-07-03 16:17:39,324: [70] m.e.manticore:INFO: 0 alive states, 1 terminated states
2023-07-03 16:17:39,387: [70] m.e.manticore:INFO: Starting symbolic transaction: 1
2023-07-03 16:17:39,640: [70] m.c.manticore:INFO: Results in /mcore_w8a_0bgh
2023-07-03 16:17:39,640: [70] m.c.manticore:INFO: Total time: 0.455747127532959
2023-07-03 16:17:40,337: [129] m.main:INFO: Registered plugins: IntrospectionAPIPlugin, <class 'manticore.ethereum.plugins.SkipRevertBasicBlocks'>, <class 'manticore.ethereum.plugins.FilterFunctions'>
2023-07-03 16:17:40,337: [129] m.main:INFO: Beginning analysis
2023-07-03 16:17:40,339: [129] m.e.manticore:INFO: Starting symbolic create contract
2023-07-03 16:17:42,321: [129] m.e.manticore:INFO: Starting symbolic transaction: 0
2023-07-03 16:17:48,290: [129] m.e.manticore:INFO: 0 alive states, 3 terminated states
2023-07-03 16:17:48,610: [129] m.c.manticore:INFO: Results in /mcore_k26otxqw
2023-07-03 16:17:48,610: [129] m.c.manticore:INFO: Total time: 6.2721638679504395
2023-07-03 16:17:49,255: [200] m.main:INFO: Registered plugins: IntrospectionAPIPlugin, <class 'manticore.ethereum.plugins.SkipRevertBasicBlocks'>, <class 'manticore.ethereum.plugins.FilterFunctions'>
2023-07-03 16:17:49,255: [200] m.main:INFO: Beginning analysis
2023-07-03 16:17:49,258: [200] m.e.manticore:INFO: Starting symbolic create contract
