[INFO] | 2023-07-06 06:20:37 AM | analyzer.GolemNetworkToken_1 | Analysis started at: 2023-07-06 06:20:37 AM
[INFO] | 2023-07-06 06:20:38 AM | analyzer.GolemNetworkToken_1 | Version constraints: ['^0.4.16']
[INFO] | 2023-07-06 06:20:38 AM | analyzer.GolemNetworkToken_1 | solc version: v0.4.16
[INFO] | 2023-07-06 06:20:38 AM | analyzer.GolemNetworkToken_1 | Callgraph generation started!
[INFO] | 2023-07-06 06:20:38 AM | analyzer.GolemNetworkToken_1 | Callgraph generation finished!
[INFO] | 2023-07-06 06:20:38 AM | analyzer.GolemNetworkToken_1 | Interprocedural CFG generation started!
[INFO] | 2023-07-06 06:20:38 AM | analyzer.GolemNetworkToken_1 | Interprocedural CFG generation finished!
[INFO] | 2023-07-06 06:20:38 AM | analyzer.GolemNetworkToken_1 | Storage dependency graph generation started!
[INFO] | 2023-07-06 06:20:38 AM | analyzer.GolemNetworkToken_1 | Storage dependency graph generation finished!
[INFO] | 2023-07-06 06:20:38 AM | analyzer.GolemNetworkToken_1 | Value Range Analysis started
[INFO] | 2023-07-06 06:20:38 AM | analyzer.GolemNetworkToken_1 | Generating return summary for slitherConstructorConstantVariables
[INFO] | 2023-07-06 06:20:38 AM | analyzer.GolemNetworkToken_1 | Return summary generated for slitherConstructorConstantVariables
[INFO] | 2023-07-06 06:20:38 AM | analyzer.GolemNetworkToken_1 | Range graph generated
[INFO] | 2023-07-06 06:20:38 AM | analyzer.GolemNetworkToken_1 | Processed function slitherConstructorConstantVariables
[INFO] | 2023-07-06 06:20:38 AM | analyzer.GolemNetworkToken_1 | Generating return summary for migrateFrom
[INFO] | 2023-07-06 06:20:38 AM | analyzer.GolemNetworkToken_1 | Return summary generated for migrateFrom
[INFO] | 2023-07-06 06:20:38 AM | analyzer.GolemNetworkToken_1 | State variable assignement do not exist
[INFO] | 2023-07-06 06:20:38 AM | analyzer.GolemNetworkToken_1 | Processed function migrateFrom
[INFO] | 2023-07-06 06:20:38 AM | analyzer.GolemNetworkToken_1 | Generating return summary for GNTAllocation
[INFO] | 2023-07-06 06:20:38 AM | analyzer.GolemNetworkToken_1 | Return summary generated for GNTAllocation
[INFO] | 2023-07-06 06:20:38 AM | analyzer.GolemNetworkToken_1 | State variable assignement do not exist
[INFO] | 2023-07-06 06:20:38 AM | analyzer.GolemNetworkToken_1 | Processed function GNTAllocation
[INFO] | 2023-07-06 06:20:38 AM | analyzer.GolemNetworkToken_1 | Generating return summary for GolemNetworkToken
[INFO] | 2023-07-06 06:20:38 AM | analyzer.GolemNetworkToken_1 | Return summary generated for GolemNetworkToken
[INFO] | 2023-07-06 06:20:38 AM | analyzer.GolemNetworkToken_1 | Range graph generated
[INFO] | 2023-07-06 06:20:38 AM | analyzer.GolemNetworkToken_1 | Processed function GolemNetworkToken
[INFO] | 2023-07-06 06:20:38 AM | analyzer.GolemNetworkToken_1 | Generating return summary for transfer
[INFO] | 2023-07-06 06:20:38 AM | analyzer.GolemNetworkToken_1 | Return summary generated for transfer
[INFO] | 2023-07-06 06:20:38 AM | analyzer.GolemNetworkToken_1 | Range graph generated
[INFO] | 2023-07-06 06:20:38 AM | analyzer.GolemNetworkToken_1 | Processed function transfer
[INFO] | 2023-07-06 06:20:38 AM | analyzer.GolemNetworkToken_1 | Generating return summary for totalSupply
[INFO] | 2023-07-06 06:20:38 AM | analyzer.GolemNetworkToken_1 | Return summary generated for totalSupply
[INFO] | 2023-07-06 06:20:38 AM | analyzer.GolemNetworkToken_1 | State variable assignement do not exist
[INFO] | 2023-07-06 06:20:38 AM | analyzer.GolemNetworkToken_1 | Processed function totalSupply
[INFO] | 2023-07-06 06:20:38 AM | analyzer.GolemNetworkToken_1 | Generating return summary for balanceOf
[INFO] | 2023-07-06 06:20:38 AM | analyzer.GolemNetworkToken_1 | Return summary generated for balanceOf
[INFO] | 2023-07-06 06:20:38 AM | analyzer.GolemNetworkToken_1 | State variable assignement do not exist
[INFO] | 2023-07-06 06:20:38 AM | analyzer.GolemNetworkToken_1 | Processed function balanceOf
[INFO] | 2023-07-06 06:20:38 AM | analyzer.GolemNetworkToken_1 | Generating return summary for setMigrationAgent
[INFO] | 2023-07-06 06:20:38 AM | analyzer.GolemNetworkToken_1 | Return summary generated for setMigrationAgent
[INFO] | 2023-07-06 06:20:38 AM | analyzer.GolemNetworkToken_1 | Range graph generated
[INFO] | 2023-07-06 06:20:38 AM | analyzer.GolemNetworkToken_1 | Processed function setMigrationAgent
[INFO] | 2023-07-06 06:20:38 AM | analyzer.GolemNetworkToken_1 | Generating return summary for setMigrationMaster
[INFO] | 2023-07-06 06:20:38 AM | analyzer.GolemNetworkToken_1 | Return summary generated for setMigrationMaster
[INFO] | 2023-07-06 06:20:38 AM | analyzer.GolemNetworkToken_1 | Range graph generated
[INFO] | 2023-07-06 06:20:38 AM | analyzer.GolemNetworkToken_1 | Processed function setMigrationMaster
[INFO] | 2023-07-06 06:20:38 AM | analyzer.GolemNetworkToken_1 | Generating return summary for create
[INFO] | 2023-07-06 06:20:38 AM | analyzer.GolemNetworkToken_1 | Return summary generated for create
[INFO] | 2023-07-06 06:20:38 AM | analyzer.GolemNetworkToken_1 | Range graph generated
[INFO] | 2023-07-06 06:20:38 AM | analyzer.GolemNetworkToken_1 | Processed function create
[INFO] | 2023-07-06 06:20:38 AM | analyzer.GolemNetworkToken_1 | Generating return summary for finalize
[INFO] | 2023-07-06 06:20:38 AM | analyzer.GolemNetworkToken_1 | Return summary generated for finalize
[INFO] | 2023-07-06 06:20:38 AM | analyzer.GolemNetworkToken_1 | Range graph generated
[INFO] | 2023-07-06 06:20:38 AM | analyzer.GolemNetworkToken_1 | Processed function finalize
[INFO] | 2023-07-06 06:20:38 AM | analyzer.GolemNetworkToken_1 | Generating return summary for refund
[INFO] | 2023-07-06 06:20:38 AM | analyzer.GolemNetworkToken_1 | Return summary generated for refund
[INFO] | 2023-07-06 06:20:38 AM | analyzer.GolemNetworkToken_1 | Range graph generated
[INFO] | 2023-07-06 06:20:38 AM | analyzer.GolemNetworkToken_1 | Processed function refund
[INFO] | 2023-07-06 06:20:38 AM | analyzer.GolemNetworkToken_1 | Generating return summary for slitherConstructorVariables
[INFO] | 2023-07-06 06:20:38 AM | analyzer.GolemNetworkToken_1 | Return summary generated for slitherConstructorVariables
[INFO] | 2023-07-06 06:20:38 AM | analyzer.GolemNetworkToken_1 | Range graph generated
[INFO] | 2023-07-06 06:20:38 AM | analyzer.GolemNetworkToken_1 | Processed function slitherConstructorVariables
[INFO] | 2023-07-06 06:20:38 AM | analyzer.GolemNetworkToken_1 | Generating return summary for migrate
[INFO] | 2023-07-06 06:20:38 AM | analyzer.GolemNetworkToken_1 | Return summary generated for migrate
[INFO] | 2023-07-06 06:20:38 AM | analyzer.GolemNetworkToken_1 | Range graph generated
[INFO] | 2023-07-06 06:20:38 AM | analyzer.GolemNetworkToken_1 | Processed function migrate
[INFO] | 2023-07-06 06:20:38 AM | analyzer.GolemNetworkToken_1 | Value Range Analysis took 0.005817 seconds
[INFO] | 2023-07-06 06:20:38 AM | analyzer.GolemNetworkToken_1 | Value Range Analysis finished
[INFO] | 2023-07-06 06:20:38 AM | analyzer.GolemNetworkToken_1 | Storage dependency graph compostion started!
[INFO] | 2023-07-06 06:20:38 AM | analyzer.GolemNetworkToken_1 | Storage dependency graph compostion finished!
[INFO] | 2023-07-06 06:20:38 AM | analyzer.GolemNetworkToken_1 | Dependency detection started!
[INFO] | 2023-07-06 06:20:38 AM | analyzer.GolemNetworkToken_1 | Dependency detection finished!
[INFO] | 2023-07-06 06:20:38 AM | analyzer.GolemNetworkToken_1 | Static Analysis took 0.924250 seconds
[INFO] | 2023-07-06 06:20:38 AM | analyzer.GolemNetworkToken_1 | Dependency does not exist
[INFO] | 2023-07-06 06:20:38 AM | analyzer.GolemNetworkToken_1 | Symbolic execution is not needed!
[INFO] | 2023-07-06 06:20:38 AM | analyzer.GolemNetworkToken_1 | Analysis finished!
[INFO] | 2023-07-06 06:20:38 AM | analyzer.GolemNetworkToken_1 | Analysis took 0.924399 seconds
[INFO] | 2023-07-06 06:20:38 AM | analyzer.GolemNetworkToken_1 | Analysis finished at: 2023-07-06 06:20:38 AM
