2023-07-03 15:54:45,368: [11] m.main:INFO: Registered plugins: IntrospectionAPIPlugin, <class 'manticore.ethereum.plugins.SkipRevertBasicBlocks'>, <class 'manticore.ethereum.plugins.FilterFunctions'>
2023-07-03 15:54:45,368: [11] m.main:INFO: Beginning analysis
2023-07-03 15:54:45,370: [11] m.e.manticore:INFO: Starting symbolic create contract
2023-07-03 15:54:47,010: [11] m.e.manticore:INFO: Starting symbolic transaction: 0
2023-07-03 15:54:47,148: [11] m.e.manticore:INFO: 0 alive states, 1 terminated states
2023-07-03 15:54:47,216: [11] m.e.manticore:INFO: Starting symbolic transaction: 1
2023-07-03 15:54:47,477: [11] m.c.manticore:INFO: Results in /mcore_jpeaijey
2023-07-03 15:54:47,478: [11] m.c.manticore:INFO: Total time: 0.4624910354614258
2023-07-03 15:54:48,299: [70] m.main:INFO: Registered plugins: IntrospectionAPIPlugin, <class 'manticore.ethereum.plugins.SkipRevertBasicBlocks'>, <class 'manticore.ethereum.plugins.FilterFunctions'>
2023-07-03 15:54:48,300: [70] m.main:INFO: Beginning analysis
2023-07-03 15:54:48,302: [70] m.e.manticore:INFO: Starting symbolic create contract
2023-07-03 15:54:49,766: [70] m.e.manticore:INFO: Starting symbolic transaction: 0
2023-07-03 15:54:49,900: [70] m.e.manticore:INFO: 0 alive states, 1 terminated states
2023-07-03 15:54:49,977: [70] m.e.manticore:INFO: Starting symbolic transaction: 1
2023-07-03 15:54:50,243: [70] m.c.manticore:INFO: Results in /mcore_fmv3st_n
2023-07-03 15:54:50,245: [70] m.c.manticore:INFO: Total time: 0.474611759185791
2023-07-03 15:54:50,944: [129] m.main:INFO: Registered plugins: IntrospectionAPIPlugin, <class 'manticore.ethereum.plugins.SkipRevertBasicBlocks'>, <class 'manticore.ethereum.plugins.FilterFunctions'>
2023-07-03 15:54:50,944: [129] m.main:INFO: Beginning analysis
2023-07-03 15:54:50,946: [129] m.e.manticore:INFO: Starting symbolic create contract
2023-07-03 15:54:53,254: [129] m.e.manticore:INFO: Starting symbolic transaction: 0
2023-07-03 15:54:59,237: [129] m.e.manticore:INFO: 0 alive states, 3 terminated states
2023-07-03 15:54:59,491: [129] m.c.manticore:INFO: Results in /mcore_fvfb_a7n
2023-07-03 15:54:59,491: [129] m.c.manticore:INFO: Total time: 6.21984076499939
2023-07-03 15:55:00,189: [197] m.main:INFO: Registered plugins: IntrospectionAPIPlugin, <class 'manticore.ethereum.plugins.SkipRevertBasicBlocks'>, <class 'manticore.ethereum.plugins.FilterFunctions'>
2023-07-03 15:55:00,189: [197] m.main:INFO: Beginning analysis
2023-07-03 15:55:00,192: [197] m.e.manticore:INFO: Starting symbolic create contract
