2023-07-03 15:43:53,756: [11] m.main:INFO: Registered plugins: IntrospectionAPIPlugin, <class 'manticore.ethereum.plugins.SkipRevertBasicBlocks'>, <class 'manticore.ethereum.plugins.FilterFunctions'>
2023-07-03 15:43:53,757: [11] m.main:INFO: Beginning analysis
2023-07-03 15:43:53,759: [11] m.e.manticore:INFO: Starting symbolic create contract
2023-07-03 15:43:54,524: [11] m.e.manticore:INFO: Starting symbolic transaction: 0
2023-07-03 15:43:54,661: [11] m.e.manticore:INFO: 0 alive states, 1 terminated states
2023-07-03 15:43:54,709: [11] m.e.manticore:INFO: Starting symbolic transaction: 1
2023-07-03 15:43:54,895: [11] m.c.manticore:INFO: Results in /mcore_rk3ysana
2023-07-03 15:43:54,896: [11] m.c.manticore:INFO: Total time: 0.3686847686767578
2023-07-03 15:43:55,583: [70] m.main:INFO: Registered plugins: IntrospectionAPIPlugin, <class 'manticore.ethereum.plugins.SkipRevertBasicBlocks'>, <class 'manticore.ethereum.plugins.FilterFunctions'>
2023-07-03 15:43:55,583: [70] m.main:INFO: Beginning analysis
2023-07-03 15:43:55,585: [70] m.e.manticore:INFO: Starting symbolic create contract
2023-07-03 15:43:56,389: [70] m.e.manticore:INFO: Starting symbolic transaction: 0
2023-07-03 15:43:56,544: [70] m.e.manticore:INFO: 0 alive states, 1 terminated states
2023-07-03 15:43:56,593: [70] m.e.manticore:INFO: Starting symbolic transaction: 1
2023-07-03 15:43:56,768: [70] m.c.manticore:INFO: Results in /mcore_rcb_i3td
2023-07-03 15:43:56,768: [70] m.c.manticore:INFO: Total time: 0.376589298248291
2023-07-03 15:43:57,582: [129] m.main:INFO: Registered plugins: IntrospectionAPIPlugin, <class 'manticore.ethereum.plugins.SkipRevertBasicBlocks'>, <class 'manticore.ethereum.plugins.FilterFunctions'>
2023-07-03 15:43:57,583: [129] m.main:INFO: Beginning analysis
2023-07-03 15:43:57,585: [129] m.e.manticore:INFO: Starting symbolic create contract
2023-07-03 15:43:58,416: [129] m.e.manticore:INFO: Starting symbolic transaction: 0
2023-07-03 15:43:58,561: [129] m.e.manticore:INFO: 0 alive states, 1 terminated states
2023-07-03 15:43:58,615: [129] m.e.manticore:INFO: Starting symbolic transaction: 1
2023-07-03 15:43:58,751: [129] m.c.manticore:INFO: Results in /mcore_uilfb5lv
2023-07-03 15:43:58,751: [129] m.c.manticore:INFO: Total time: 0.33220791816711426
2023-07-03 15:43:59,443: [188] m.main:INFO: Registered plugins: IntrospectionAPIPlugin, <class 'manticore.ethereum.plugins.SkipRevertBasicBlocks'>, <class 'manticore.ethereum.plugins.FilterFunctions'>
2023-07-03 15:43:59,444: [188] m.main:INFO: Beginning analysis
2023-07-03 15:43:59,446: [188] m.e.manticore:INFO: Starting symbolic create contract
2023-07-03 15:44:02,473: [188] m.e.manticore:INFO: Found a concrete globalsha3 b'EIP712Domain(string name,string version,uint256 chainId,address verifyingContract)' -> 63076024560530113402979550242307453568063438748328787417531900361828837441551
2023-07-03 15:44:04,464: [188] m.e.manticore:INFO: Found a concrete globalsha3 b'WaultSwap LP' -> 85406832126657832362496635844629441201879057063104957985307585174651575572818
2023-07-03 15:44:07,860: [188] m.e.manticore:INFO: Found a concrete globalsha3 b'1' -> 90743482286830539503240959006302832933333810038750515972785732718729991261126
2023-07-03 15:44:18,848: [188] m.e.manticore:INFO: Found a concrete globalsha3 b'\x8bs\xc3\xc6\x9b\xb8\xfe=Q.\xccL\xf7Y\xccy#\x9f{\x17\x9b\x0f\xfa\xca\xa9\xa7]R+9@\x0f\xbc\xd2\x8d\xceYi\xf3\x7f\x0ct\xd2\xe9\x9c\xab\xfe"X\xd4\x1e#2eq*\x02\x9c\xa2f\xf6E\x99R\xc8\x9e\xfd\xaaT\xc0\xf2\x0cz\xdfa(\x82\xdf\tP\xf5\xa9Qc~\x03\x07\xcd\xcbLg/)\x8b\x8b\xc6\x00\x00\x00\x00\x00\x00\x00\x00\x00\x00\x00\x00\x00\x00\x00\x00\x00\x00\x00\x00\x00\x00\x00\x00\x00\x00\x00\x00\x00\x00\x00\x01\x00\x00\x00\x00\x00\x00\x00\x00\x00\x00\x00\x00\xcb7\xf40M\xe8\xd1\xca-\xf2GLn:\x00\xab>r\x04b' -> 25120807372506557986516901658188131423583853056967323164864328357589149042840
2023-07-03 15:44:20,519: [188] m.e.manticore:INFO: Starting symbolic transaction: 0
2023-07-03 15:46:10,315: [188] m.e.manticore:INFO: Found a concrete globalsha3 b'\x00\x00\x00\x00\x00\x00\x00\x00\x00\x00\x00\x00\x00\x00\x00\x00\x00\x00\x00\x00\x00\x00\x00\x00\x00\x00\x00\x00\x00\x02\x00\x00\x00\x00\x00\x00\x00\x00\x00\x00\x00\x00\x00\x00\x00\x00\x00\x00\x00\x00\x00\x00\x00\x00\x00\x00\x00\x00\x00\x00\x00\x00\x00\x02' -> 103897324152558924508739690356745203242964415294502778034921468049474951696033
2023-07-03 15:46:50,904: [188] m.e.manticore:INFO: Found a concrete globalsha3 b'\x00\x00\x00\x00\x00\x00\x00\x00\x00\x00\x00\x00\x00\x00\x00\x00\x00\x00\x00\x00\x00\x00\x00\x00\x00\x00\x00\x00\x00\x02\x00\x00\x00\x00\x00\x00\x00\x00\x00\x00\x00\x00\x00\x00\x00\x00\x00\x00\x00\x00\x00\x00\x00\x00\x00\x00\x00\x00\x00\x00\x00\x00\x00\x01' -> 27376155845717860833342594873357525089589924219251518322086369159840883582034
2023-07-03 15:47:06,086: [188] m.c.worker:ERROR: Exception in state 1: ManticoreError('Forking on unfeasible constraint set')
Traceback (most recent call last):
  File "/usr/local/lib/python3.7/dist-packages/manticore/core/worker.py", line 137, in run
    current_state.execute()
  File "/usr/local/lib/python3.7/dist-packages/manticore/ethereum/state.py", line 8, in execute
    return self._platform.execute()
  File "/usr/local/lib/python3.7/dist-packages/manticore/platforms/evm.py", line 3106, in execute
    self.current_vm.execute()
  File "/usr/local/lib/python3.7/dist-packages/manticore/platforms/evm.py", line 1322, in execute
    raise Concretize("Symbolic PC", expression=expression, setstate=setstate, policy="ALL")
manticore.core.state.Concretize

During handling of the above exception, another exception occurred:

Traceback (most recent call last):
  File "/usr/local/lib/python3.7/dist-packages/manticore/core/worker.py", line 158, in run
    m._fork(current_state, exc.expression, exc.policy, exc.setstate, exc.values)
  File "/usr/local/lib/python3.7/dist-packages/manticore/core/manticore.py", line 518, in _fork
    raise ManticoreError("Forking on unfeasible constraint set")
manticore.exceptions.ManticoreError: Forking on unfeasible constraint set
 
