2023-07-03 16:20:55,512: [11] m.main:INFO: Registered plugins: IntrospectionAPIPlugin, <class 'manticore.ethereum.plugins.SkipRevertBasicBlocks'>, <class 'manticore.ethereum.plugins.FilterFunctions'>
2023-07-03 16:20:55,512: [11] m.main:INFO: Beginning analysis
2023-07-03 16:20:55,516: [11] m.e.manticore:INFO: Starting symbolic create contract
2023-07-03 16:20:56,922: [11] m.e.manticore:INFO: Starting symbolic transaction: 0
2023-07-03 16:20:57,062: [11] m.e.manticore:INFO: 0 alive states, 1 terminated states
2023-07-03 16:20:57,127: [11] m.e.manticore:INFO: Starting symbolic transaction: 1
2023-07-03 16:20:57,397: [11] m.c.manticore:INFO: Results in /mcore_m1nnoa3m
2023-07-03 16:20:57,398: [11] m.c.manticore:INFO: Total time: 0.47134828567504883
2023-07-03 16:20:58,048: [70] m.main:INFO: Registered plugins: IntrospectionAPIPlugin, <class 'manticore.ethereum.plugins.SkipRevertBasicBlocks'>, <class 'manticore.ethereum.plugins.FilterFunctions'>
2023-07-03 16:20:58,048: [70] m.main:INFO: Beginning analysis
2023-07-03 16:20:58,051: [70] m.e.manticore:INFO: Starting symbolic create contract
2023-07-03 16:20:59,635: [70] m.e.manticore:INFO: Starting symbolic transaction: 0
2023-07-03 16:20:59,789: [70] m.e.manticore:INFO: 0 alive states, 1 terminated states
2023-07-03 16:20:59,841: [70] m.e.manticore:INFO: Starting symbolic transaction: 1
2023-07-03 16:21:00,104: [70] m.c.manticore:INFO: Results in /mcore_508tmdpx
2023-07-03 16:21:00,104: [70] m.c.manticore:INFO: Total time: 0.46593213081359863
2023-07-03 16:21:00,883: [129] m.main:INFO: Registered plugins: IntrospectionAPIPlugin, <class 'manticore.ethereum.plugins.SkipRevertBasicBlocks'>, <class 'manticore.ethereum.plugins.FilterFunctions'>
2023-07-03 16:21:00,883: [129] m.main:INFO: Beginning analysis
2023-07-03 16:21:00,887: [129] m.e.manticore:INFO: Starting symbolic create contract
2023-07-03 16:21:03,019: [129] m.e.manticore:INFO: Starting symbolic transaction: 0
2023-07-03 16:21:09,132: [129] m.e.manticore:INFO: 0 alive states, 3 terminated states
2023-07-03 16:21:09,440: [129] m.c.manticore:INFO: Results in /mcore_gmb0rbkg
2023-07-03 16:21:09,442: [129] m.c.manticore:INFO: Total time: 6.402002573013306
2023-07-03 16:21:10,213: [200] m.main:INFO: Registered plugins: IntrospectionAPIPlugin, <class 'manticore.ethereum.plugins.SkipRevertBasicBlocks'>, <class 'manticore.ethereum.plugins.FilterFunctions'>
2023-07-03 16:21:10,214: [200] m.main:INFO: Beginning analysis
2023-07-03 16:21:10,217: [200] m.e.manticore:INFO: Starting symbolic create contract
