INFO:Detectors:[91m
AccessToken.balances (/sb/AccessToken_1.sol#563) shadows:
	- BasicToken.balances (/sb/AccessToken_1.sol#141)
Reference: https://github.com/trailofbits/slither/wiki/Detectors-Documentation#state-variable-shadowing[0m
INFO:Detectors:[93m
Contract locking ether found in /sb/AccessToken_1.sol:
	Contract AccessToken has payable functions:
	 - fallback (/sb/AccessToken_1.sol#789-794)
	But does not have a function to withdraw the ether
Reference: https://github.com/trailofbits/slither/wiki/Detectors-Documentation#contracts-that-lock-ether[0m
INFO:Detectors:[92m
Reentrancy in AccessToken.lockBBK (/sb/AccessToken_1.sol#617-633):
	External calls:
	- _bbk = IBrickblockToken(registry.getContractAddress(BrickblockToken)) (/sb/AccessToken_1.sol#623-625)
	State variables written after the call(s):
	- distributedPerBBK (/sb/AccessToken_1.sol#627)
	- lockedBBK (/sb/AccessToken_1.sol#628)
	- securedTokenDistributions (/sb/AccessToken_1.sol#627)
	- totalLockedBBK (/sb/AccessToken_1.sol#629)
Reentrancy in AccessToken.unlockBBK (/sb/AccessToken_1.sol#638-654):
	External calls:
	- _bbk = IBrickblockToken(registry.getContractAddress(BrickblockToken)) (/sb/AccessToken_1.sol#644-646)
	State variables written after the call(s):
	- distributedPerBBK (/sb/AccessToken_1.sol#648)
	- lockedBBK (/sb/AccessToken_1.sol#649)
	- securedTokenDistributions (/sb/AccessToken_1.sol#648)
	- totalLockedBBK (/sb/AccessToken_1.sol#650)
Reference: https://github.com/trailofbits/slither/wiki/Detectors-Documentation#reentrancy-vulnerabilities-2[0m
INFO:Detectors:[92m
ERC20Basic.totalSupply (/sb/AccessToken_1.sol#63) should be declared external
BasicToken.totalSupply (/sb/AccessToken_1.sol#148-150) should be declared external
Ownable.renounceOwnership (/sb/AccessToken_1.sol#106-109) should be declared external
Ownable.transferOwnership (/sb/AccessToken_1.sol#115-117) should be declared external
StandardToken.allowance (/sb/AccessToken_1.sol#262-271) should be declared external
ERC20.allowance (/sb/AccessToken_1.sol#186-187) should be declared external
Pausable.pause (/sb/AccessToken_1.sol#359-362) should be declared external
Pausable.unpause (/sb/AccessToken_1.sol#367-370) should be declared external
AccessToken.fallback (/sb/AccessToken_1.sol#789-794) should be declared external
Reference: https://github.com/trailofbits/slither/wiki/Detectors-Documentation#public-function-that-could-be-declared-as-external[0m
INFO:Detectors:[92m
Detected issues with version pragma in /sb/AccessToken_1.sol:
	- pragma solidity^0.4.23 (/sb/AccessToken_1.sol#2): it allows old versions
Reference: https://github.com/trailofbits/slither/wiki/Detectors-Documentation#incorrect-version-of-solidity[0m
INFO:Detectors:[92m
Parameter '_newOwner' of Ownable.transferOwnership (/sb/AccessToken_1.sol#115) is not in mixedCase
Function 'Ownable._transferOwnership' (/sb/AccessToken_1.sol#123-127) is not in mixedCase
Parameter '_newOwner' of Ownable._transferOwnership (/sb/AccessToken_1.sol#123) is not in mixedCase
Parameter '_owner' of BasicToken.balanceOf (/sb/AccessToken_1.sol#172) is not in mixedCase
Parameter '_to' of BasicToken.transfer (/sb/AccessToken_1.sol#157) is not in mixedCase
Parameter '_value' of BasicToken.transfer (/sb/AccessToken_1.sol#157) is not in mixedCase
Parameter '_owner' of StandardToken.allowance (/sb/AccessToken_1.sol#263) is not in mixedCase
Parameter '_spender' of StandardToken.allowance (/sb/AccessToken_1.sol#264) is not in mixedCase
Parameter '_from' of StandardToken.transferFrom (/sb/AccessToken_1.sol#222) is not in mixedCase
Parameter '_to' of StandardToken.transferFrom (/sb/AccessToken_1.sol#223) is not in mixedCase
Parameter '_value' of StandardToken.transferFrom (/sb/AccessToken_1.sol#224) is not in mixedCase
Parameter '_spender' of StandardToken.approve (/sb/AccessToken_1.sol#250) is not in mixedCase
Parameter '_value' of StandardToken.approve (/sb/AccessToken_1.sol#250) is not in mixedCase
Parameter '_spender' of StandardToken.increaseApproval (/sb/AccessToken_1.sol#284) is not in mixedCase
Parameter '_addedValue' of StandardToken.increaseApproval (/sb/AccessToken_1.sol#285) is not in mixedCase
Parameter '_spender' of StandardToken.decreaseApproval (/sb/AccessToken_1.sol#307) is not in mixedCase
Parameter '_subtractedValue' of StandardToken.decreaseApproval (/sb/AccessToken_1.sol#308) is not in mixedCase
Parameter '_to' of PausableToken.transfer (/sb/AccessToken_1.sol#383) is not in mixedCase
Parameter '_value' of PausableToken.transfer (/sb/AccessToken_1.sol#384) is not in mixedCase
Parameter '_from' of PausableToken.transferFrom (/sb/AccessToken_1.sol#394) is not in mixedCase
Parameter '_to' of PausableToken.transferFrom (/sb/AccessToken_1.sol#395) is not in mixedCase
Parameter '_value' of PausableToken.transferFrom (/sb/AccessToken_1.sol#396) is not in mixedCase
Parameter '_spender' of PausableToken.approve (/sb/AccessToken_1.sol#406) is not in mixedCase
Parameter '_value' of PausableToken.approve (/sb/AccessToken_1.sol#407) is not in mixedCase
Parameter '_spender' of PausableToken.increaseApproval (/sb/AccessToken_1.sol#417) is not in mixedCase
Parameter '_addedValue' of PausableToken.increaseApproval (/sb/AccessToken_1.sol#418) is not in mixedCase
Parameter '_spender' of PausableToken.decreaseApproval (/sb/AccessToken_1.sol#428) is not in mixedCase
Parameter '_subtractedValue' of PausableToken.decreaseApproval (/sb/AccessToken_1.sol#429) is not in mixedCase
Parameter '_address' of AccessToken.balanceOf (/sb/AccessToken_1.sol#707) is not in mixedCase
Parameter '_to' of AccessToken.transfer (/sb/AccessToken_1.sol#728) is not in mixedCase
Parameter '_value' of AccessToken.transfer (/sb/AccessToken_1.sol#729) is not in mixedCase
Parameter '_from' of AccessToken.transferFrom (/sb/AccessToken_1.sol#747) is not in mixedCase
Parameter '_to' of AccessToken.transferFrom (/sb/AccessToken_1.sol#748) is not in mixedCase
Parameter '_value' of AccessToken.transferFrom (/sb/AccessToken_1.sol#749) is not in mixedCase
Parameter '_registryAddress' of AccessToken. (/sb/AccessToken_1.sol#594) is not in mixedCase
Parameter '_address' of AccessToken.lockedBbkOf (/sb/AccessToken_1.sol#605) is not in mixedCase
Parameter '_amount' of AccessToken.lockBBK (/sb/AccessToken_1.sol#618) is not in mixedCase
Parameter '_amount' of AccessToken.unlockBBK (/sb/AccessToken_1.sol#639) is not in mixedCase
Parameter '_amount' of AccessToken.distribute (/sb/AccessToken_1.sol#660) is not in mixedCase
Parameter '_address' of AccessToken.settlePerTokenToSecured (/sb/AccessToken_1.sol#683) is not in mixedCase
Parameter '_address' of AccessToken.burn (/sb/AccessToken_1.sol#773) is not in mixedCase
Parameter '_value' of AccessToken.burn (/sb/AccessToken_1.sol#774) is not in mixedCase
Constant 'AccessToken.version' (/sb/AccessToken_1.sol#540) is not in UPPER_CASE_WITH_UNDERSCORES
Reference: https://github.com/trailofbits/slither/wiki/Detectors-Documentation#conformance-to-solidity-naming-conventions[0m
INFO:Detectors:[92m
AccessToken.balances (/sb/AccessToken_1.sol#563) is never used in AccessToken
Reference: https://github.com/trailofbits/slither/wiki/Detectors-Documentation#unused-state-variables[0m
INFO:Slither:/sb/AccessToken_1.sol analyzed (11 contracts), 58 result(s) found
