[INFO] | 2023-07-06 06:22:27 AM | analyzer.InteractiveCrowdsaleLib_1 | Analysis started at: 2023-07-06 06:22:27 AM
[INFO] | 2023-07-06 06:22:31 AM | analyzer.InteractiveCrowdsaleLib_1 | Version constraints: ['^0.4.18']
[INFO] | 2023-07-06 06:22:31 AM | analyzer.InteractiveCrowdsaleLib_1 | solc version: v0.4.18
[INFO] | 2023-07-06 06:22:33 AM | analyzer.InteractiveCrowdsaleLib_1 | Callgraph generation started!
[INFO] | 2023-07-06 06:22:33 AM | analyzer.InteractiveCrowdsaleLib_1 | Callgraph generation finished!
[INFO] | 2023-07-06 06:22:33 AM | analyzer.InteractiveCrowdsaleLib_1 | Interprocedural CFG generation started!
[INFO] | 2023-07-06 06:22:34 AM | analyzer.InteractiveCrowdsaleLib_1 | Interprocedural CFG generation finished!
[INFO] | 2023-07-06 06:22:34 AM | analyzer.InteractiveCrowdsaleLib_1 | Storage dependency graph generation started!
[INFO] | 2023-07-06 06:22:34 AM | analyzer.InteractiveCrowdsaleLib_1 | Storage dependency graph generation finished!
[INFO] | 2023-07-06 06:22:34 AM | analyzer.InteractiveCrowdsaleLib_1 | Value Range Analysis started
[INFO] | 2023-07-06 06:22:34 AM | analyzer.InteractiveCrowdsaleLib_1 | Generating return summary for slitherConstructorConstantVariables
[INFO] | 2023-07-06 06:22:34 AM | analyzer.InteractiveCrowdsaleLib_1 | Return summary generated for slitherConstructorConstantVariables
[INFO] | 2023-07-06 06:22:34 AM | analyzer.InteractiveCrowdsaleLib_1 | Range graph generated
[INFO] | 2023-07-06 06:22:34 AM | analyzer.InteractiveCrowdsaleLib_1 | Processed function slitherConstructorConstantVariables
[INFO] | 2023-07-06 06:22:34 AM | analyzer.InteractiveCrowdsaleLib_1 | Generating return summary for slitherConstructorConstantVariables
[INFO] | 2023-07-06 06:22:34 AM | analyzer.InteractiveCrowdsaleLib_1 | Return summary generated for slitherConstructorConstantVariables
[INFO] | 2023-07-06 06:22:34 AM | analyzer.InteractiveCrowdsaleLib_1 | Range graph generated
[INFO] | 2023-07-06 06:22:34 AM | analyzer.InteractiveCrowdsaleLib_1 | Processed function slitherConstructorConstantVariables
[INFO] | 2023-07-06 06:22:34 AM | analyzer.InteractiveCrowdsaleLib_1 | Generating return summary for times
[INFO] | 2023-07-06 06:22:34 AM | analyzer.InteractiveCrowdsaleLib_1 | Return summary generated for times
[INFO] | 2023-07-06 06:22:34 AM | analyzer.InteractiveCrowdsaleLib_1 | State variable assignement do not exist
[INFO] | 2023-07-06 06:22:34 AM | analyzer.InteractiveCrowdsaleLib_1 | Processed function times
[INFO] | 2023-07-06 06:22:34 AM | analyzer.InteractiveCrowdsaleLib_1 | Generating return summary for dividedBy
[INFO] | 2023-07-06 06:22:34 AM | analyzer.InteractiveCrowdsaleLib_1 | Return summary generated for dividedBy
[INFO] | 2023-07-06 06:22:34 AM | analyzer.InteractiveCrowdsaleLib_1 | State variable assignement do not exist
[INFO] | 2023-07-06 06:22:34 AM | analyzer.InteractiveCrowdsaleLib_1 | Processed function dividedBy
[INFO] | 2023-07-06 06:22:34 AM | analyzer.InteractiveCrowdsaleLib_1 | Generating return summary for plus
[INFO] | 2023-07-06 06:22:34 AM | analyzer.InteractiveCrowdsaleLib_1 | Return summary generated for plus
[INFO] | 2023-07-06 06:22:34 AM | analyzer.InteractiveCrowdsaleLib_1 | State variable assignement do not exist
[INFO] | 2023-07-06 06:22:34 AM | analyzer.InteractiveCrowdsaleLib_1 | Processed function plus
[INFO] | 2023-07-06 06:22:34 AM | analyzer.InteractiveCrowdsaleLib_1 | Generating return summary for minus
[INFO] | 2023-07-06 06:22:34 AM | analyzer.InteractiveCrowdsaleLib_1 | Return summary generated for minus
[INFO] | 2023-07-06 06:22:34 AM | analyzer.InteractiveCrowdsaleLib_1 | State variable assignement do not exist
[INFO] | 2023-07-06 06:22:34 AM | analyzer.InteractiveCrowdsaleLib_1 | Processed function minus
[INFO] | 2023-07-06 06:22:34 AM | analyzer.InteractiveCrowdsaleLib_1 | Generating return summary for init
[INFO] | 2023-07-06 06:22:34 AM | analyzer.InteractiveCrowdsaleLib_1 | Return summary generated for init
[INFO] | 2023-07-06 06:22:34 AM | analyzer.InteractiveCrowdsaleLib_1 | State variable assignement do not exist
[INFO] | 2023-07-06 06:22:34 AM | analyzer.InteractiveCrowdsaleLib_1 | Processed function init
[INFO] | 2023-07-06 06:22:34 AM | analyzer.InteractiveCrowdsaleLib_1 | Generating return summary for balanceOf
[INFO] | 2023-07-06 06:22:34 AM | analyzer.InteractiveCrowdsaleLib_1 | Return summary generated for balanceOf
[INFO] | 2023-07-06 06:22:34 AM | analyzer.InteractiveCrowdsaleLib_1 | State variable assignement do not exist
[INFO] | 2023-07-06 06:22:34 AM | analyzer.InteractiveCrowdsaleLib_1 | Processed function balanceOf
[INFO] | 2023-07-06 06:22:34 AM | analyzer.InteractiveCrowdsaleLib_1 | Generating return summary for approve
[INFO] | 2023-07-06 06:22:34 AM | analyzer.InteractiveCrowdsaleLib_1 | Return summary generated for approve
[INFO] | 2023-07-06 06:22:34 AM | analyzer.InteractiveCrowdsaleLib_1 | State variable assignement do not exist
[INFO] | 2023-07-06 06:22:34 AM | analyzer.InteractiveCrowdsaleLib_1 | Processed function approve
[INFO] | 2023-07-06 06:22:34 AM | analyzer.InteractiveCrowdsaleLib_1 | Generating return summary for allowance
[INFO] | 2023-07-06 06:22:34 AM | analyzer.InteractiveCrowdsaleLib_1 | Return summary generated for allowance
[INFO] | 2023-07-06 06:22:34 AM | analyzer.InteractiveCrowdsaleLib_1 | State variable assignement do not exist
[INFO] | 2023-07-06 06:22:34 AM | analyzer.InteractiveCrowdsaleLib_1 | Processed function allowance
[INFO] | 2023-07-06 06:22:34 AM | analyzer.InteractiveCrowdsaleLib_1 | Generating return summary for changeOwner
[INFO] | 2023-07-06 06:22:34 AM | analyzer.InteractiveCrowdsaleLib_1 | Return summary generated for changeOwner
[INFO] | 2023-07-06 06:22:34 AM | analyzer.InteractiveCrowdsaleLib_1 | State variable assignement do not exist
[INFO] | 2023-07-06 06:22:34 AM | analyzer.InteractiveCrowdsaleLib_1 | Processed function changeOwner
[INFO] | 2023-07-06 06:22:34 AM | analyzer.InteractiveCrowdsaleLib_1 | Generating return summary for closeMint
[INFO] | 2023-07-06 06:22:34 AM | analyzer.InteractiveCrowdsaleLib_1 | Return summary generated for closeMint
[INFO] | 2023-07-06 06:22:34 AM | analyzer.InteractiveCrowdsaleLib_1 | State variable assignement do not exist
[INFO] | 2023-07-06 06:22:34 AM | analyzer.InteractiveCrowdsaleLib_1 | Processed function closeMint
[INFO] | 2023-07-06 06:22:34 AM | analyzer.InteractiveCrowdsaleLib_1 | Generating return summary for name
[INFO] | 2023-07-06 06:22:34 AM | analyzer.InteractiveCrowdsaleLib_1 | Return summary generated for name
[INFO] | 2023-07-06 06:22:34 AM | analyzer.InteractiveCrowdsaleLib_1 | State variable assignement do not exist
[INFO] | 2023-07-06 06:22:34 AM | analyzer.InteractiveCrowdsaleLib_1 | Processed function name
[INFO] | 2023-07-06 06:22:34 AM | analyzer.InteractiveCrowdsaleLib_1 | Generating return summary for symbol
[INFO] | 2023-07-06 06:22:34 AM | analyzer.InteractiveCrowdsaleLib_1 | Return summary generated for symbol
[INFO] | 2023-07-06 06:22:34 AM | analyzer.InteractiveCrowdsaleLib_1 | State variable assignement do not exist
[INFO] | 2023-07-06 06:22:34 AM | analyzer.InteractiveCrowdsaleLib_1 | Processed function symbol
[INFO] | 2023-07-06 06:22:34 AM | analyzer.InteractiveCrowdsaleLib_1 | Generating return summary for decimals
[INFO] | 2023-07-06 06:22:34 AM | analyzer.InteractiveCrowdsaleLib_1 | Return summary generated for decimals
[INFO] | 2023-07-06 06:22:34 AM | analyzer.InteractiveCrowdsaleLib_1 | State variable assignement do not exist
[INFO] | 2023-07-06 06:22:34 AM | analyzer.InteractiveCrowdsaleLib_1 | Processed function decimals
[INFO] | 2023-07-06 06:22:34 AM | analyzer.InteractiveCrowdsaleLib_1 | Generating return summary for totalSupply
[INFO] | 2023-07-06 06:22:34 AM | analyzer.InteractiveCrowdsaleLib_1 | Return summary generated for totalSupply
[INFO] | 2023-07-06 06:22:34 AM | analyzer.InteractiveCrowdsaleLib_1 | State variable assignement do not exist
[INFO] | 2023-07-06 06:22:34 AM | analyzer.InteractiveCrowdsaleLib_1 | Processed function totalSupply
[INFO] | 2023-07-06 06:22:34 AM | analyzer.InteractiveCrowdsaleLib_1 | Generating return summary for initialSupply
[INFO] | 2023-07-06 06:22:34 AM | analyzer.InteractiveCrowdsaleLib_1 | Return summary generated for initialSupply
[INFO] | 2023-07-06 06:22:34 AM | analyzer.InteractiveCrowdsaleLib_1 | State variable assignement do not exist
[INFO] | 2023-07-06 06:22:34 AM | analyzer.InteractiveCrowdsaleLib_1 | Processed function initialSupply
[INFO] | 2023-07-06 06:22:34 AM | analyzer.InteractiveCrowdsaleLib_1 | Generating return summary for crowdsaleActive
[INFO] | 2023-07-06 06:22:34 AM | analyzer.InteractiveCrowdsaleLib_1 | Return summary generated for crowdsaleActive
[INFO] | 2023-07-06 06:22:34 AM | analyzer.InteractiveCrowdsaleLib_1 | State variable assignement do not exist
[INFO] | 2023-07-06 06:22:34 AM | analyzer.InteractiveCrowdsaleLib_1 | Processed function crowdsaleActive
[INFO] | 2023-07-06 06:22:34 AM | analyzer.InteractiveCrowdsaleLib_1 | Generating return summary for crowdsaleEnded
[INFO] | 2023-07-06 06:22:34 AM | analyzer.InteractiveCrowdsaleLib_1 | Return summary generated for crowdsaleEnded
[INFO] | 2023-07-06 06:22:34 AM | analyzer.InteractiveCrowdsaleLib_1 | State variable assignement do not exist
[INFO] | 2023-07-06 06:22:34 AM | analyzer.InteractiveCrowdsaleLib_1 | Processed function crowdsaleEnded
[INFO] | 2023-07-06 06:22:34 AM | analyzer.InteractiveCrowdsaleLib_1 | Generating return summary for withdrawLeftoverWei
[INFO] | 2023-07-06 06:22:34 AM | analyzer.InteractiveCrowdsaleLib_1 | Return summary generated for withdrawLeftoverWei
[INFO] | 2023-07-06 06:22:34 AM | analyzer.InteractiveCrowdsaleLib_1 | State variable assignement do not exist
[INFO] | 2023-07-06 06:22:34 AM | analyzer.InteractiveCrowdsaleLib_1 | Processed function withdrawLeftoverWei
[INFO] | 2023-07-06 06:22:34 AM | analyzer.InteractiveCrowdsaleLib_1 | Generating return summary for changeTokenPrice
[INFO] | 2023-07-06 06:22:34 AM | analyzer.InteractiveCrowdsaleLib_1 | Return summary generated for changeTokenPrice
[INFO] | 2023-07-06 06:22:34 AM | analyzer.InteractiveCrowdsaleLib_1 | State variable assignement do not exist
[INFO] | 2023-07-06 06:22:34 AM | analyzer.InteractiveCrowdsaleLib_1 | Processed function changeTokenPrice
[INFO] | 2023-07-06 06:22:34 AM | analyzer.InteractiveCrowdsaleLib_1 | Generating return summary for getSaleData
[INFO] | 2023-07-06 06:22:34 AM | analyzer.InteractiveCrowdsaleLib_1 | We should not consider this kind of return values!
[INFO] | 2023-07-06 06:22:34 AM | analyzer.InteractiveCrowdsaleLib_1 | Return summary generated for getSaleData
[INFO] | 2023-07-06 06:22:34 AM | analyzer.InteractiveCrowdsaleLib_1 | State variable assignement do not exist
[INFO] | 2023-07-06 06:22:34 AM | analyzer.InteractiveCrowdsaleLib_1 | Processed function getSaleData
[INFO] | 2023-07-06 06:22:34 AM | analyzer.InteractiveCrowdsaleLib_1 | Generating return summary for getTokensSold
[INFO] | 2023-07-06 06:22:34 AM | analyzer.InteractiveCrowdsaleLib_1 | Return summary generated for getTokensSold
[INFO] | 2023-07-06 06:22:34 AM | analyzer.InteractiveCrowdsaleLib_1 | State variable assignement do not exist
[INFO] | 2023-07-06 06:22:34 AM | analyzer.InteractiveCrowdsaleLib_1 | Processed function getTokensSold
[INFO] | 2023-07-06 06:22:34 AM | analyzer.InteractiveCrowdsaleLib_1 | Generating return summary for listExists
[INFO] | 2023-07-06 06:22:34 AM | analyzer.InteractiveCrowdsaleLib_1 | Return summary generated for listExists
[INFO] | 2023-07-06 06:22:34 AM | analyzer.InteractiveCrowdsaleLib_1 | State variable assignement do not exist
[INFO] | 2023-07-06 06:22:34 AM | analyzer.InteractiveCrowdsaleLib_1 | Processed function listExists
[INFO] | 2023-07-06 06:22:34 AM | analyzer.InteractiveCrowdsaleLib_1 | Generating return summary for nodeExists
[INFO] | 2023-07-06 06:22:34 AM | analyzer.InteractiveCrowdsaleLib_1 | Return summary generated for nodeExists
[INFO] | 2023-07-06 06:22:34 AM | analyzer.InteractiveCrowdsaleLib_1 | State variable assignement do not exist
[INFO] | 2023-07-06 06:22:34 AM | analyzer.InteractiveCrowdsaleLib_1 | Processed function nodeExists
[INFO] | 2023-07-06 06:22:34 AM | analyzer.InteractiveCrowdsaleLib_1 | Generating return summary for createLink
[INFO] | 2023-07-06 06:22:34 AM | analyzer.InteractiveCrowdsaleLib_1 | Return summary generated for createLink
[INFO] | 2023-07-06 06:22:34 AM | analyzer.InteractiveCrowdsaleLib_1 | State variable assignement do not exist
[INFO] | 2023-07-06 06:22:34 AM | analyzer.InteractiveCrowdsaleLib_1 | Processed function createLink
[INFO] | 2023-07-06 06:22:34 AM | analyzer.InteractiveCrowdsaleLib_1 | Generating return summary for numDigits
[INFO] | 2023-07-06 06:22:34 AM | analyzer.InteractiveCrowdsaleLib_1 | Return summary generated for numDigits
[INFO] | 2023-07-06 06:22:34 AM | analyzer.InteractiveCrowdsaleLib_1 | State variable assignement do not exist
[INFO] | 2023-07-06 06:22:34 AM | analyzer.InteractiveCrowdsaleLib_1 | Processed function numDigits
[INFO] | 2023-07-06 06:22:34 AM | analyzer.InteractiveCrowdsaleLib_1 | Generating return summary for setCanceled
[INFO] | 2023-07-06 06:22:34 AM | analyzer.InteractiveCrowdsaleLib_1 | Return summary generated for setCanceled
[INFO] | 2023-07-06 06:22:34 AM | analyzer.InteractiveCrowdsaleLib_1 | State variable assignement do not exist
[INFO] | 2023-07-06 06:22:34 AM | analyzer.InteractiveCrowdsaleLib_1 | Processed function setCanceled
[INFO] | 2023-07-06 06:22:34 AM | analyzer.InteractiveCrowdsaleLib_1 | Generating return summary for getPersonalCap
[INFO] | 2023-07-06 06:22:34 AM | analyzer.InteractiveCrowdsaleLib_1 | Return summary generated for getPersonalCap
[INFO] | 2023-07-06 06:22:34 AM | analyzer.InteractiveCrowdsaleLib_1 | State variable assignement do not exist
[INFO] | 2023-07-06 06:22:34 AM | analyzer.InteractiveCrowdsaleLib_1 | Processed function getPersonalCap
[INFO] | 2023-07-06 06:22:34 AM | analyzer.InteractiveCrowdsaleLib_1 | Generating return summary for calculateTokenPurchase
[INFO] | 2023-07-06 06:22:34 AM | analyzer.InteractiveCrowdsaleLib_1 | Generating return summary for times
[INFO] | 2023-07-06 06:22:34 AM | analyzer.InteractiveCrowdsaleLib_1 | Return summary generated for times
[INFO] | 2023-07-06 06:22:34 AM | analyzer.InteractiveCrowdsaleLib_1 | Return summary generated for calculateTokenPurchase
[INFO] | 2023-07-06 06:22:34 AM | analyzer.InteractiveCrowdsaleLib_1 | State variable assignement do not exist
[INFO] | 2023-07-06 06:22:34 AM | analyzer.InteractiveCrowdsaleLib_1 | Processed function calculateTokenPurchase
[INFO] | 2023-07-06 06:22:34 AM | analyzer.InteractiveCrowdsaleLib_1 | Generating return summary for approveChange
[INFO] | 2023-07-06 06:22:34 AM | analyzer.InteractiveCrowdsaleLib_1 | Return summary generated for approveChange
[INFO] | 2023-07-06 06:22:34 AM | analyzer.InteractiveCrowdsaleLib_1 | State variable assignement do not exist
[INFO] | 2023-07-06 06:22:34 AM | analyzer.InteractiveCrowdsaleLib_1 | Processed function approveChange
[INFO] | 2023-07-06 06:22:34 AM | analyzer.InteractiveCrowdsaleLib_1 | Generating return summary for mintToken
[INFO] | 2023-07-06 06:22:34 AM | analyzer.InteractiveCrowdsaleLib_1 | Return summary generated for mintToken
[INFO] | 2023-07-06 06:22:34 AM | analyzer.InteractiveCrowdsaleLib_1 | State variable assignement do not exist
[INFO] | 2023-07-06 06:22:34 AM | analyzer.InteractiveCrowdsaleLib_1 | Processed function mintToken
[INFO] | 2023-07-06 06:22:34 AM | analyzer.InteractiveCrowdsaleLib_1 | Generating return summary for transfer
[INFO] | 2023-07-06 06:22:34 AM | analyzer.InteractiveCrowdsaleLib_1 | Return summary generated for transfer
[INFO] | 2023-07-06 06:22:34 AM | analyzer.InteractiveCrowdsaleLib_1 | State variable assignement do not exist
[INFO] | 2023-07-06 06:22:34 AM | analyzer.InteractiveCrowdsaleLib_1 | Processed function transfer
[INFO] | 2023-07-06 06:22:34 AM | analyzer.InteractiveCrowdsaleLib_1 | Generating return summary for transferFrom
[INFO] | 2023-07-06 06:22:34 AM | analyzer.InteractiveCrowdsaleLib_1 | Return summary generated for transferFrom
[INFO] | 2023-07-06 06:22:34 AM | analyzer.InteractiveCrowdsaleLib_1 | State variable assignement do not exist
[INFO] | 2023-07-06 06:22:34 AM | analyzer.InteractiveCrowdsaleLib_1 | Processed function transferFrom
[INFO] | 2023-07-06 06:22:34 AM | analyzer.InteractiveCrowdsaleLib_1 | Generating return summary for burnToken
[INFO] | 2023-07-06 06:22:34 AM | analyzer.InteractiveCrowdsaleLib_1 | Return summary generated for burnToken
[INFO] | 2023-07-06 06:22:34 AM | analyzer.InteractiveCrowdsaleLib_1 | State variable assignement do not exist
[INFO] | 2023-07-06 06:22:34 AM | analyzer.InteractiveCrowdsaleLib_1 | Processed function burnToken
[INFO] | 2023-07-06 06:22:34 AM | analyzer.InteractiveCrowdsaleLib_1 | Generating return summary for getCurrentBonus
[INFO] | 2023-07-06 06:22:34 AM | analyzer.InteractiveCrowdsaleLib_1 | Generating return summary for minus
[INFO] | 2023-07-06 06:22:34 AM | analyzer.InteractiveCrowdsaleLib_1 | Return summary generated for minus
[INFO] | 2023-07-06 06:22:34 AM | analyzer.InteractiveCrowdsaleLib_1 | Return summary generated for getCurrentBonus
[INFO] | 2023-07-06 06:22:34 AM | analyzer.InteractiveCrowdsaleLib_1 | State variable assignement do not exist
[INFO] | 2023-07-06 06:22:34 AM | analyzer.InteractiveCrowdsaleLib_1 | Processed function getCurrentBonus
[INFO] | 2023-07-06 06:22:34 AM | analyzer.InteractiveCrowdsaleLib_1 | Generating return summary for CrowdsaleToken
[INFO] | 2023-07-06 06:22:34 AM | analyzer.InteractiveCrowdsaleLib_1 | Return summary generated for CrowdsaleToken
[INFO] | 2023-07-06 06:22:34 AM | analyzer.InteractiveCrowdsaleLib_1 | State variable assignement do not exist
[INFO] | 2023-07-06 06:22:34 AM | analyzer.InteractiveCrowdsaleLib_1 | Processed function CrowdsaleToken
[INFO] | 2023-07-06 06:22:34 AM | analyzer.InteractiveCrowdsaleLib_1 | Generating return summary for balanceOf
[INFO] | 2023-07-06 06:22:34 AM | analyzer.InteractiveCrowdsaleLib_1 | Return summary generated for balanceOf
[INFO] | 2023-07-06 06:22:34 AM | analyzer.InteractiveCrowdsaleLib_1 | State variable assignement do not exist
[INFO] | 2023-07-06 06:22:34 AM | analyzer.InteractiveCrowdsaleLib_1 | Processed function balanceOf
[INFO] | 2023-07-06 06:22:34 AM | analyzer.InteractiveCrowdsaleLib_1 | Generating return summary for approve
[INFO] | 2023-07-06 06:22:34 AM | analyzer.InteractiveCrowdsaleLib_1 | Return summary generated for approve
[INFO] | 2023-07-06 06:22:34 AM | analyzer.InteractiveCrowdsaleLib_1 | State variable assignement do not exist
[INFO] | 2023-07-06 06:22:34 AM | analyzer.InteractiveCrowdsaleLib_1 | Processed function approve
[INFO] | 2023-07-06 06:22:34 AM | analyzer.InteractiveCrowdsaleLib_1 | Generating return summary for allowance
[INFO] | 2023-07-06 06:22:34 AM | analyzer.InteractiveCrowdsaleLib_1 | Return summary generated for allowance
[INFO] | 2023-07-06 06:22:34 AM | analyzer.InteractiveCrowdsaleLib_1 | State variable assignement do not exist
[INFO] | 2023-07-06 06:22:34 AM | analyzer.InteractiveCrowdsaleLib_1 | Processed function allowance
[INFO] | 2023-07-06 06:22:34 AM | analyzer.InteractiveCrowdsaleLib_1 | Generating return summary for changeOwner
[INFO] | 2023-07-06 06:22:34 AM | analyzer.InteractiveCrowdsaleLib_1 | Return summary generated for changeOwner
[INFO] | 2023-07-06 06:22:34 AM | analyzer.InteractiveCrowdsaleLib_1 | State variable assignement do not exist
[INFO] | 2023-07-06 06:22:34 AM | analyzer.InteractiveCrowdsaleLib_1 | Processed function changeOwner
[INFO] | 2023-07-06 06:22:34 AM | analyzer.InteractiveCrowdsaleLib_1 | Generating return summary for closeMint
[INFO] | 2023-07-06 06:22:34 AM | analyzer.InteractiveCrowdsaleLib_1 | Return summary generated for closeMint
[INFO] | 2023-07-06 06:22:34 AM | analyzer.InteractiveCrowdsaleLib_1 | State variable assignement do not exist
[INFO] | 2023-07-06 06:22:34 AM | analyzer.InteractiveCrowdsaleLib_1 | Processed function closeMint
[INFO] | 2023-07-06 06:22:34 AM | analyzer.InteractiveCrowdsaleLib_1 | Generating return summary for validPurchase
[INFO] | 2023-07-06 06:22:34 AM | analyzer.InteractiveCrowdsaleLib_1 | Return summary generated for validPurchase
[INFO] | 2023-07-06 06:22:34 AM | analyzer.InteractiveCrowdsaleLib_1 | State variable assignement do not exist
[INFO] | 2023-07-06 06:22:34 AM | analyzer.InteractiveCrowdsaleLib_1 | Processed function validPurchase
[INFO] | 2023-07-06 06:22:34 AM | analyzer.InteractiveCrowdsaleLib_1 | Generating return summary for crowdsaleActive
[INFO] | 2023-07-06 06:22:34 AM | analyzer.InteractiveCrowdsaleLib_1 | Return summary generated for crowdsaleActive
[INFO] | 2023-07-06 06:22:34 AM | analyzer.InteractiveCrowdsaleLib_1 | State variable assignement do not exist
[INFO] | 2023-07-06 06:22:34 AM | analyzer.InteractiveCrowdsaleLib_1 | Processed function crowdsaleActive
[INFO] | 2023-07-06 06:22:34 AM | analyzer.InteractiveCrowdsaleLib_1 | Generating return summary for crowdsaleEnded
[INFO] | 2023-07-06 06:22:34 AM | analyzer.InteractiveCrowdsaleLib_1 | Return summary generated for crowdsaleEnded
[INFO] | 2023-07-06 06:22:34 AM | analyzer.InteractiveCrowdsaleLib_1 | State variable assignement do not exist
[INFO] | 2023-07-06 06:22:34 AM | analyzer.InteractiveCrowdsaleLib_1 | Processed function crowdsaleEnded
[INFO] | 2023-07-06 06:22:34 AM | analyzer.InteractiveCrowdsaleLib_1 | Generating return summary for withdrawLeftoverWei
[INFO] | 2023-07-06 06:22:34 AM | analyzer.InteractiveCrowdsaleLib_1 | Return summary generated for withdrawLeftoverWei
[INFO] | 2023-07-06 06:22:34 AM | analyzer.InteractiveCrowdsaleLib_1 | State variable assignement do not exist
[INFO] | 2023-07-06 06:22:34 AM | analyzer.InteractiveCrowdsaleLib_1 | Processed function withdrawLeftoverWei
[INFO] | 2023-07-06 06:22:34 AM | analyzer.InteractiveCrowdsaleLib_1 | Generating return summary for init
[INFO] | 2023-07-06 06:22:34 AM | analyzer.InteractiveCrowdsaleLib_1 | Return summary generated for init
[INFO] | 2023-07-06 06:22:34 AM | analyzer.InteractiveCrowdsaleLib_1 | State variable assignement do not exist
[INFO] | 2023-07-06 06:22:34 AM | analyzer.InteractiveCrowdsaleLib_1 | Processed function init
[INFO] | 2023-07-06 06:22:34 AM | analyzer.InteractiveCrowdsaleLib_1 | Generating return summary for getTokensSold
[INFO] | 2023-07-06 06:22:34 AM | analyzer.InteractiveCrowdsaleLib_1 | Return summary generated for getTokensSold
[INFO] | 2023-07-06 06:22:34 AM | analyzer.InteractiveCrowdsaleLib_1 | State variable assignement do not exist
[INFO] | 2023-07-06 06:22:34 AM | analyzer.InteractiveCrowdsaleLib_1 | Processed function getTokensSold
[INFO] | 2023-07-06 06:22:34 AM | analyzer.InteractiveCrowdsaleLib_1 | Generating return summary for getNode
[INFO] | 2023-07-06 06:22:34 AM | analyzer.InteractiveCrowdsaleLib_1 | Return summary generated for getNode
[INFO] | 2023-07-06 06:22:34 AM | analyzer.InteractiveCrowdsaleLib_1 | State variable assignement do not exist
[INFO] | 2023-07-06 06:22:34 AM | analyzer.InteractiveCrowdsaleLib_1 | Processed function getNode
[INFO] | 2023-07-06 06:22:34 AM | analyzer.InteractiveCrowdsaleLib_1 | Generating return summary for getAdjacent
[INFO] | 2023-07-06 06:22:34 AM | analyzer.InteractiveCrowdsaleLib_1 | Return summary generated for getAdjacent
[INFO] | 2023-07-06 06:22:34 AM | analyzer.InteractiveCrowdsaleLib_1 | State variable assignement do not exist
[INFO] | 2023-07-06 06:22:34 AM | analyzer.InteractiveCrowdsaleLib_1 | Processed function getAdjacent
[INFO] | 2023-07-06 06:22:34 AM | analyzer.InteractiveCrowdsaleLib_1 | Generating return summary for insert
[INFO] | 2023-07-06 06:22:34 AM | analyzer.InteractiveCrowdsaleLib_1 | Return summary generated for insert
[INFO] | 2023-07-06 06:22:34 AM | analyzer.InteractiveCrowdsaleLib_1 | State variable assignement do not exist
[INFO] | 2023-07-06 06:22:34 AM | analyzer.InteractiveCrowdsaleLib_1 | Processed function insert
[INFO] | 2023-07-06 06:22:34 AM | analyzer.InteractiveCrowdsaleLib_1 | Generating return summary for remove
[INFO] | 2023-07-06 06:22:34 AM | analyzer.InteractiveCrowdsaleLib_1 | Return summary generated for remove
[INFO] | 2023-07-06 06:22:34 AM | analyzer.InteractiveCrowdsaleLib_1 | State variable assignement do not exist
[INFO] | 2023-07-06 06:22:34 AM | analyzer.InteractiveCrowdsaleLib_1 | Processed function remove
[INFO] | 2023-07-06 06:22:34 AM | analyzer.InteractiveCrowdsaleLib_1 | Generating return summary for approveChange
[INFO] | 2023-07-06 06:22:34 AM | analyzer.InteractiveCrowdsaleLib_1 | Return summary generated for approveChange
[INFO] | 2023-07-06 06:22:34 AM | analyzer.InteractiveCrowdsaleLib_1 | State variable assignement do not exist
[INFO] | 2023-07-06 06:22:34 AM | analyzer.InteractiveCrowdsaleLib_1 | Processed function approveChange
[INFO] | 2023-07-06 06:22:34 AM | analyzer.InteractiveCrowdsaleLib_1 | Generating return summary for mintToken
[INFO] | 2023-07-06 06:22:34 AM | analyzer.InteractiveCrowdsaleLib_1 | Return summary generated for mintToken
[INFO] | 2023-07-06 06:22:34 AM | analyzer.InteractiveCrowdsaleLib_1 | State variable assignement do not exist
[INFO] | 2023-07-06 06:22:34 AM | analyzer.InteractiveCrowdsaleLib_1 | Processed function mintToken
[INFO] | 2023-07-06 06:22:34 AM | analyzer.InteractiveCrowdsaleLib_1 | Generating return summary for transfer
[INFO] | 2023-07-06 06:22:34 AM | analyzer.InteractiveCrowdsaleLib_1 | Return summary generated for transfer
[INFO] | 2023-07-06 06:22:34 AM | analyzer.InteractiveCrowdsaleLib_1 | State variable assignement do not exist
[INFO] | 2023-07-06 06:22:34 AM | analyzer.InteractiveCrowdsaleLib_1 | Processed function transfer
[INFO] | 2023-07-06 06:22:34 AM | analyzer.InteractiveCrowdsaleLib_1 | Generating return summary for transferFrom
[INFO] | 2023-07-06 06:22:34 AM | analyzer.InteractiveCrowdsaleLib_1 | Return summary generated for transferFrom
[INFO] | 2023-07-06 06:22:34 AM | analyzer.InteractiveCrowdsaleLib_1 | State variable assignement do not exist
[INFO] | 2023-07-06 06:22:34 AM | analyzer.InteractiveCrowdsaleLib_1 | Processed function transferFrom
[INFO] | 2023-07-06 06:22:34 AM | analyzer.InteractiveCrowdsaleLib_1 | Generating return summary for burnToken
[INFO] | 2023-07-06 06:22:34 AM | analyzer.InteractiveCrowdsaleLib_1 | Return summary generated for burnToken
[INFO] | 2023-07-06 06:22:34 AM | analyzer.InteractiveCrowdsaleLib_1 | State variable assignement do not exist
[INFO] | 2023-07-06 06:22:34 AM | analyzer.InteractiveCrowdsaleLib_1 | Processed function burnToken
[INFO] | 2023-07-06 06:22:34 AM | analyzer.InteractiveCrowdsaleLib_1 | Generating return summary for withdrawOwnerEth
[INFO] | 2023-07-06 06:22:34 AM | analyzer.InteractiveCrowdsaleLib_1 | Return summary generated for withdrawOwnerEth
[INFO] | 2023-07-06 06:22:34 AM | analyzer.InteractiveCrowdsaleLib_1 | State variable assignement do not exist
[INFO] | 2023-07-06 06:22:34 AM | analyzer.InteractiveCrowdsaleLib_1 | Processed function withdrawOwnerEth
[INFO] | 2023-07-06 06:22:34 AM | analyzer.InteractiveCrowdsaleLib_1 | Generating return summary for setTokens
[INFO] | 2023-07-06 06:22:34 AM | analyzer.InteractiveCrowdsaleLib_1 | Return summary generated for setTokens
[INFO] | 2023-07-06 06:22:34 AM | analyzer.InteractiveCrowdsaleLib_1 | State variable assignement do not exist
[INFO] | 2023-07-06 06:22:34 AM | analyzer.InteractiveCrowdsaleLib_1 | Processed function setTokens
[INFO] | 2023-07-06 06:22:34 AM | analyzer.InteractiveCrowdsaleLib_1 | Generating return summary for init
[INFO] | 2023-07-06 06:22:34 AM | analyzer.InteractiveCrowdsaleLib_1 | Return summary generated for init
[INFO] | 2023-07-06 06:22:34 AM | analyzer.InteractiveCrowdsaleLib_1 | State variable assignement do not exist
[INFO] | 2023-07-06 06:22:34 AM | analyzer.InteractiveCrowdsaleLib_1 | Processed function init
[INFO] | 2023-07-06 06:22:34 AM | analyzer.InteractiveCrowdsaleLib_1 | Generating return summary for sizeOf
[WARNING] | 2023-07-06 06:22:34 AM | analyzer.InteractiveCrowdsaleLib_1 | No lvalue eligible assignment, is this some bug!
[INFO] | 2023-07-06 06:22:34 AM | analyzer.InteractiveCrowdsaleLib_1 | Return summary generated for sizeOf
[INFO] | 2023-07-06 06:22:34 AM | analyzer.InteractiveCrowdsaleLib_1 | State variable assignement do not exist
[INFO] | 2023-07-06 06:22:34 AM | analyzer.InteractiveCrowdsaleLib_1 | Processed function sizeOf
[INFO] | 2023-07-06 06:22:34 AM | analyzer.InteractiveCrowdsaleLib_1 | Generating return summary for withdrawBid
[INFO] | 2023-07-06 06:22:34 AM | analyzer.InteractiveCrowdsaleLib_1 | Return summary generated for withdrawBid
[INFO] | 2023-07-06 06:22:34 AM | analyzer.InteractiveCrowdsaleLib_1 | State variable assignement do not exist
[INFO] | 2023-07-06 06:22:34 AM | analyzer.InteractiveCrowdsaleLib_1 | Processed function withdrawBid
[INFO] | 2023-07-06 06:22:34 AM | analyzer.InteractiveCrowdsaleLib_1 | Generating return summary for push
[INFO] | 2023-07-06 06:22:34 AM | analyzer.InteractiveCrowdsaleLib_1 | Return summary generated for push
[INFO] | 2023-07-06 06:22:34 AM | analyzer.InteractiveCrowdsaleLib_1 | State variable assignement do not exist
[INFO] | 2023-07-06 06:22:34 AM | analyzer.InteractiveCrowdsaleLib_1 | Processed function push
[INFO] | 2023-07-06 06:22:34 AM | analyzer.InteractiveCrowdsaleLib_1 | Generating return summary for pop
[INFO] | 2023-07-06 06:22:34 AM | analyzer.InteractiveCrowdsaleLib_1 | Return summary generated for pop
[INFO] | 2023-07-06 06:22:34 AM | analyzer.InteractiveCrowdsaleLib_1 | State variable assignement do not exist
[INFO] | 2023-07-06 06:22:34 AM | analyzer.InteractiveCrowdsaleLib_1 | Processed function pop
[INFO] | 2023-07-06 06:22:34 AM | analyzer.InteractiveCrowdsaleLib_1 | Generating return summary for withdrawTokens
[INFO] | 2023-07-06 06:22:34 AM | analyzer.InteractiveCrowdsaleLib_1 | Return summary generated for withdrawTokens
[INFO] | 2023-07-06 06:22:34 AM | analyzer.InteractiveCrowdsaleLib_1 | State variable assignement do not exist
[INFO] | 2023-07-06 06:22:34 AM | analyzer.InteractiveCrowdsaleLib_1 | Processed function withdrawTokens
[INFO] | 2023-07-06 06:22:34 AM | analyzer.InteractiveCrowdsaleLib_1 | Generating return summary for launchToken
[INFO] | 2023-07-06 06:22:34 AM | analyzer.InteractiveCrowdsaleLib_1 | Return summary generated for launchToken
[INFO] | 2023-07-06 06:22:34 AM | analyzer.InteractiveCrowdsaleLib_1 | State variable assignement do not exist
[INFO] | 2023-07-06 06:22:34 AM | analyzer.InteractiveCrowdsaleLib_1 | Processed function launchToken
[INFO] | 2023-07-06 06:22:34 AM | analyzer.InteractiveCrowdsaleLib_1 | Generating return summary for withdrawOwnerEth
[INFO] | 2023-07-06 06:22:34 AM | analyzer.InteractiveCrowdsaleLib_1 | Return summary generated for withdrawOwnerEth
[INFO] | 2023-07-06 06:22:34 AM | analyzer.InteractiveCrowdsaleLib_1 | State variable assignement do not exist
[INFO] | 2023-07-06 06:22:34 AM | analyzer.InteractiveCrowdsaleLib_1 | Processed function withdrawOwnerEth
[INFO] | 2023-07-06 06:22:34 AM | analyzer.InteractiveCrowdsaleLib_1 | Generating return summary for getSortedSpot
[INFO] | 2023-07-06 06:22:34 AM | analyzer.InteractiveCrowdsaleLib_1 | Return summary generated for getSortedSpot
[INFO] | 2023-07-06 06:22:34 AM | analyzer.InteractiveCrowdsaleLib_1 | State variable assignement do not exist
[INFO] | 2023-07-06 06:22:34 AM | analyzer.InteractiveCrowdsaleLib_1 | Processed function getSortedSpot
[INFO] | 2023-07-06 06:22:34 AM | analyzer.InteractiveCrowdsaleLib_1 | Generating return summary for retreiveFinalResult
[INFO] | 2023-07-06 06:22:34 AM | analyzer.InteractiveCrowdsaleLib_1 | Return summary generated for retreiveFinalResult
[INFO] | 2023-07-06 06:22:34 AM | analyzer.InteractiveCrowdsaleLib_1 | State variable assignement do not exist
[INFO] | 2023-07-06 06:22:34 AM | analyzer.InteractiveCrowdsaleLib_1 | Processed function retreiveFinalResult
[INFO] | 2023-07-06 06:22:34 AM | analyzer.InteractiveCrowdsaleLib_1 | Generating return summary for finalizeSale
[INFO] | 2023-07-06 06:22:34 AM | analyzer.InteractiveCrowdsaleLib_1 | Return summary generated for finalizeSale
[INFO] | 2023-07-06 06:22:34 AM | analyzer.InteractiveCrowdsaleLib_1 | State variable assignement do not exist
[INFO] | 2023-07-06 06:22:34 AM | analyzer.InteractiveCrowdsaleLib_1 | Processed function finalizeSale
[INFO] | 2023-07-06 06:22:34 AM | analyzer.InteractiveCrowdsaleLib_1 | Generating return summary for submitBid
[INFO] | 2023-07-06 06:22:34 AM | analyzer.InteractiveCrowdsaleLib_1 | Return summary generated for submitBid
[INFO] | 2023-07-06 06:22:34 AM | analyzer.InteractiveCrowdsaleLib_1 | State variable assignement do not exist
[INFO] | 2023-07-06 06:22:34 AM | analyzer.InteractiveCrowdsaleLib_1 | Processed function submitBid
[INFO] | 2023-07-06 06:22:34 AM | analyzer.InteractiveCrowdsaleLib_1 | Value Range Analysis took 0.013968 seconds
[INFO] | 2023-07-06 06:22:34 AM | analyzer.InteractiveCrowdsaleLib_1 | Value Range Analysis finished
[INFO] | 2023-07-06 06:22:34 AM | analyzer.InteractiveCrowdsaleLib_1 | Storage dependency graph compostion started!
[INFO] | 2023-07-06 06:22:34 AM | analyzer.InteractiveCrowdsaleLib_1 | Storage dependency graph compostion finished!
[INFO] | 2023-07-06 06:22:34 AM | analyzer.InteractiveCrowdsaleLib_1 | Dependency detection started!
[INFO] | 2023-07-06 06:22:34 AM | analyzer.InteractiveCrowdsaleLib_1 | Dependency detection finished!
[INFO] | 2023-07-06 06:22:34 AM | analyzer.InteractiveCrowdsaleLib_1 | Static Analysis took 6.731397 seconds
[INFO] | 2023-07-06 06:22:34 AM | analyzer.InteractiveCrowdsaleLib_1 | Dependency does not exist
[INFO] | 2023-07-06 06:22:34 AM | analyzer.InteractiveCrowdsaleLib_1 | Symbolic execution is not needed!
[INFO] | 2023-07-06 06:22:34 AM | analyzer.InteractiveCrowdsaleLib_1 | Analysis finished!
[INFO] | 2023-07-06 06:22:34 AM | analyzer.InteractiveCrowdsaleLib_1 | Analysis took 6.731544 seconds
[INFO] | 2023-07-06 06:22:34 AM | analyzer.InteractiveCrowdsaleLib_1 | Analysis finished at: 2023-07-06 06:22:34 AM
