2023-07-03 15:50:12,010: [11] m.main:INFO: Registered plugins: IntrospectionAPIPlugin, <class 'manticore.ethereum.plugins.SkipRevertBasicBlocks'>, <class 'manticore.ethereum.plugins.FilterFunctions'>
2023-07-03 15:50:12,010: [11] m.main:INFO: Beginning analysis
2023-07-03 15:50:12,013: [11] m.e.manticore:INFO: Starting symbolic create contract
2023-07-03 15:50:13,468: [11] m.e.manticore:INFO: Starting symbolic transaction: 0
2023-07-03 15:50:13,608: [11] m.e.manticore:INFO: 0 alive states, 1 terminated states
2023-07-03 15:50:13,674: [11] m.e.manticore:INFO: Starting symbolic transaction: 1
2023-07-03 15:50:13,907: [11] m.c.manticore:INFO: Results in /mcore__2ymc0_n
2023-07-03 15:50:13,908: [11] m.c.manticore:INFO: Total time: 0.4322092533111572
2023-07-03 15:50:14,696: [70] m.main:INFO: Registered plugins: IntrospectionAPIPlugin, <class 'manticore.ethereum.plugins.SkipRevertBasicBlocks'>, <class 'manticore.ethereum.plugins.FilterFunctions'>
2023-07-03 15:50:14,696: [70] m.main:INFO: Beginning analysis
2023-07-03 15:50:14,700: [70] m.e.manticore:INFO: Starting symbolic create contract
2023-07-03 15:50:16,215: [70] m.e.manticore:INFO: Starting symbolic transaction: 0
2023-07-03 15:50:16,391: [70] m.e.manticore:INFO: 0 alive states, 1 terminated states
2023-07-03 15:50:16,439: [70] m.e.manticore:INFO: Starting symbolic transaction: 1
2023-07-03 15:50:16,676: [70] m.c.manticore:INFO: Results in /mcore_8x535z8a
2023-07-03 15:50:16,676: [70] m.c.manticore:INFO: Total time: 0.4586310386657715
2023-07-03 15:50:17,374: [129] m.main:INFO: Registered plugins: IntrospectionAPIPlugin, <class 'manticore.ethereum.plugins.SkipRevertBasicBlocks'>, <class 'manticore.ethereum.plugins.FilterFunctions'>
2023-07-03 15:50:17,374: [129] m.main:INFO: Beginning analysis
2023-07-03 15:50:17,377: [129] m.e.manticore:INFO: Starting symbolic create contract
2023-07-03 15:50:19,508: [129] m.e.manticore:INFO: Starting symbolic transaction: 0
2023-07-03 15:50:25,304: [129] m.e.manticore:INFO: 0 alive states, 3 terminated states
2023-07-03 15:50:25,655: [129] m.c.manticore:INFO: Results in /mcore_h431qg4z
2023-07-03 15:50:25,655: [129] m.c.manticore:INFO: Total time: 6.128759384155273
2023-07-03 15:50:26,445: [200] m.main:INFO: Registered plugins: IntrospectionAPIPlugin, <class 'manticore.ethereum.plugins.SkipRevertBasicBlocks'>, <class 'manticore.ethereum.plugins.FilterFunctions'>
2023-07-03 15:50:26,445: [200] m.main:INFO: Beginning analysis
2023-07-03 15:50:26,448: [200] m.e.manticore:INFO: Starting symbolic create contract
