[INFO] | 2023-07-06 05:55:52 AM | analyzer.EMAOracle_1 | Analysis started at: 2023-07-06 05:55:52 AM
[INFO] | 2023-07-06 05:55:53 AM | analyzer.EMAOracle_1 | Version constraints: ['0.5.17']
[INFO] | 2023-07-06 05:55:53 AM | analyzer.EMAOracle_1 | solc version: v0.5.17
[INFO] | 2023-07-06 05:55:53 AM | analyzer.EMAOracle_1 | Callgraph generation started!
[INFO] | 2023-07-06 05:55:53 AM | analyzer.EMAOracle_1 | Callgraph generation finished!
[INFO] | 2023-07-06 05:55:53 AM | analyzer.EMAOracle_1 | Interprocedural CFG generation started!
[INFO] | 2023-07-06 05:55:53 AM | analyzer.EMAOracle_1 | Interprocedural CFG generation finished!
[INFO] | 2023-07-06 05:55:53 AM | analyzer.EMAOracle_1 | Storage dependency graph generation started!
[INFO] | 2023-07-06 05:55:53 AM | analyzer.EMAOracle_1 | Storage dependency graph generation finished!
[INFO] | 2023-07-06 05:55:53 AM | analyzer.EMAOracle_1 | Value Range Analysis started
[INFO] | 2023-07-06 05:55:53 AM | analyzer.EMAOracle_1 | Generating return summary for slitherConstructorConstantVariables
[INFO] | 2023-07-06 05:55:53 AM | analyzer.EMAOracle_1 | Return summary generated for slitherConstructorConstantVariables
[INFO] | 2023-07-06 05:55:53 AM | analyzer.EMAOracle_1 | Range graph generated
[INFO] | 2023-07-06 05:55:53 AM | analyzer.EMAOracle_1 | Processed function slitherConstructorConstantVariables
[INFO] | 2023-07-06 05:55:53 AM | analyzer.EMAOracle_1 | Generating return summary for slitherConstructorConstantVariables
[INFO] | 2023-07-06 05:55:53 AM | analyzer.EMAOracle_1 | Return summary generated for slitherConstructorConstantVariables
[INFO] | 2023-07-06 05:55:53 AM | analyzer.EMAOracle_1 | Range graph generated
[INFO] | 2023-07-06 05:55:53 AM | analyzer.EMAOracle_1 | Processed function slitherConstructorConstantVariables
[INFO] | 2023-07-06 05:55:53 AM | analyzer.EMAOracle_1 | Generating return summary for tryAdd
[INFO] | 2023-07-06 05:55:53 AM | analyzer.EMAOracle_1 | Return summary generated for tryAdd
[INFO] | 2023-07-06 05:55:53 AM | analyzer.EMAOracle_1 | State variable assignement do not exist
[INFO] | 2023-07-06 05:55:53 AM | analyzer.EMAOracle_1 | Processed function tryAdd
[INFO] | 2023-07-06 05:55:53 AM | analyzer.EMAOracle_1 | Generating return summary for trySub
[INFO] | 2023-07-06 05:55:53 AM | analyzer.EMAOracle_1 | Return summary generated for trySub
[INFO] | 2023-07-06 05:55:53 AM | analyzer.EMAOracle_1 | State variable assignement do not exist
[INFO] | 2023-07-06 05:55:53 AM | analyzer.EMAOracle_1 | Processed function trySub
[INFO] | 2023-07-06 05:55:53 AM | analyzer.EMAOracle_1 | Generating return summary for tryMul
[INFO] | 2023-07-06 05:55:53 AM | analyzer.EMAOracle_1 | Return summary generated for tryMul
[INFO] | 2023-07-06 05:55:53 AM | analyzer.EMAOracle_1 | State variable assignement do not exist
[INFO] | 2023-07-06 05:55:53 AM | analyzer.EMAOracle_1 | Processed function tryMul
[INFO] | 2023-07-06 05:55:53 AM | analyzer.EMAOracle_1 | Generating return summary for tryDiv
[INFO] | 2023-07-06 05:55:53 AM | analyzer.EMAOracle_1 | Return summary generated for tryDiv
[INFO] | 2023-07-06 05:55:53 AM | analyzer.EMAOracle_1 | State variable assignement do not exist
[INFO] | 2023-07-06 05:55:53 AM | analyzer.EMAOracle_1 | Processed function tryDiv
[INFO] | 2023-07-06 05:55:53 AM | analyzer.EMAOracle_1 | Generating return summary for tryMod
[INFO] | 2023-07-06 05:55:53 AM | analyzer.EMAOracle_1 | Return summary generated for tryMod
[INFO] | 2023-07-06 05:55:53 AM | analyzer.EMAOracle_1 | State variable assignement do not exist
[INFO] | 2023-07-06 05:55:53 AM | analyzer.EMAOracle_1 | Processed function tryMod
[INFO] | 2023-07-06 05:55:53 AM | analyzer.EMAOracle_1 | Generating return summary for add
[INFO] | 2023-07-06 05:55:53 AM | analyzer.EMAOracle_1 | Return summary generated for add
[INFO] | 2023-07-06 05:55:53 AM | analyzer.EMAOracle_1 | State variable assignement do not exist
[INFO] | 2023-07-06 05:55:53 AM | analyzer.EMAOracle_1 | Processed function add
[INFO] | 2023-07-06 05:55:53 AM | analyzer.EMAOracle_1 | Generating return summary for sub
[INFO] | 2023-07-06 05:55:53 AM | analyzer.EMAOracle_1 | Return summary generated for sub
[INFO] | 2023-07-06 05:55:53 AM | analyzer.EMAOracle_1 | State variable assignement do not exist
[INFO] | 2023-07-06 05:55:53 AM | analyzer.EMAOracle_1 | Processed function sub
[INFO] | 2023-07-06 05:55:53 AM | analyzer.EMAOracle_1 | Generating return summary for mul
[INFO] | 2023-07-06 05:55:53 AM | analyzer.EMAOracle_1 | Return summary generated for mul
[INFO] | 2023-07-06 05:55:53 AM | analyzer.EMAOracle_1 | State variable assignement do not exist
[INFO] | 2023-07-06 05:55:53 AM | analyzer.EMAOracle_1 | Processed function mul
[INFO] | 2023-07-06 05:55:53 AM | analyzer.EMAOracle_1 | Generating return summary for div
[INFO] | 2023-07-06 05:55:53 AM | analyzer.EMAOracle_1 | Return summary generated for div
[INFO] | 2023-07-06 05:55:53 AM | analyzer.EMAOracle_1 | State variable assignement do not exist
[INFO] | 2023-07-06 05:55:53 AM | analyzer.EMAOracle_1 | Processed function div
[INFO] | 2023-07-06 05:55:53 AM | analyzer.EMAOracle_1 | Generating return summary for mod
[INFO] | 2023-07-06 05:55:53 AM | analyzer.EMAOracle_1 | Return summary generated for mod
[INFO] | 2023-07-06 05:55:53 AM | analyzer.EMAOracle_1 | State variable assignement do not exist
[INFO] | 2023-07-06 05:55:53 AM | analyzer.EMAOracle_1 | Processed function mod
[INFO] | 2023-07-06 05:55:53 AM | analyzer.EMAOracle_1 | Generating return summary for sub
[INFO] | 2023-07-06 05:55:53 AM | analyzer.EMAOracle_1 | Return summary generated for sub
[INFO] | 2023-07-06 05:55:53 AM | analyzer.EMAOracle_1 | State variable assignement do not exist
[INFO] | 2023-07-06 05:55:53 AM | analyzer.EMAOracle_1 | Processed function sub
[INFO] | 2023-07-06 05:55:53 AM | analyzer.EMAOracle_1 | Generating return summary for div
[INFO] | 2023-07-06 05:55:53 AM | analyzer.EMAOracle_1 | Return summary generated for div
[INFO] | 2023-07-06 05:55:53 AM | analyzer.EMAOracle_1 | State variable assignement do not exist
[INFO] | 2023-07-06 05:55:53 AM | analyzer.EMAOracle_1 | Processed function div
[INFO] | 2023-07-06 05:55:53 AM | analyzer.EMAOracle_1 | Generating return summary for mod
[INFO] | 2023-07-06 05:55:53 AM | analyzer.EMAOracle_1 | Return summary generated for mod
[INFO] | 2023-07-06 05:55:53 AM | analyzer.EMAOracle_1 | State variable assignement do not exist
[INFO] | 2023-07-06 05:55:53 AM | analyzer.EMAOracle_1 | Processed function mod
[INFO] | 2023-07-06 05:55:53 AM | analyzer.EMAOracle_1 | Generating return summary for deposit
[INFO] | 2023-07-06 05:55:53 AM | analyzer.EMAOracle_1 | Return summary generated for deposit
[INFO] | 2023-07-06 05:55:53 AM | analyzer.EMAOracle_1 | State variable assignement do not exist
[INFO] | 2023-07-06 05:55:53 AM | analyzer.EMAOracle_1 | Processed function deposit
[INFO] | 2023-07-06 05:55:53 AM | analyzer.EMAOracle_1 | Generating return summary for withdraw
[INFO] | 2023-07-06 05:55:53 AM | analyzer.EMAOracle_1 | Return summary generated for withdraw
[INFO] | 2023-07-06 05:55:53 AM | analyzer.EMAOracle_1 | State variable assignement do not exist
[INFO] | 2023-07-06 05:55:53 AM | analyzer.EMAOracle_1 | Processed function withdraw
[INFO] | 2023-07-06 05:55:53 AM | analyzer.EMAOracle_1 | Generating return summary for claimRewards
[INFO] | 2023-07-06 05:55:53 AM | analyzer.EMAOracle_1 | Return summary generated for claimRewards
[INFO] | 2023-07-06 05:55:53 AM | analyzer.EMAOracle_1 | State variable assignement do not exist
[INFO] | 2023-07-06 05:55:53 AM | analyzer.EMAOracle_1 | Processed function claimRewards
[INFO] | 2023-07-06 05:55:53 AM | analyzer.EMAOracle_1 | Generating return summary for totalValue
[INFO] | 2023-07-06 05:55:53 AM | analyzer.EMAOracle_1 | Return summary generated for totalValue
[INFO] | 2023-07-06 05:55:53 AM | analyzer.EMAOracle_1 | State variable assignement do not exist
[INFO] | 2023-07-06 05:55:53 AM | analyzer.EMAOracle_1 | Processed function totalValue
[INFO] | 2023-07-06 05:55:53 AM | analyzer.EMAOracle_1 | Generating return summary for incomeIndex
[INFO] | 2023-07-06 05:55:53 AM | analyzer.EMAOracle_1 | Return summary generated for incomeIndex
[INFO] | 2023-07-06 05:55:53 AM | analyzer.EMAOracle_1 | State variable assignement do not exist
[INFO] | 2023-07-06 05:55:53 AM | analyzer.EMAOracle_1 | Processed function incomeIndex
[INFO] | 2023-07-06 05:55:53 AM | analyzer.EMAOracle_1 | Generating return summary for stablecoin
[INFO] | 2023-07-06 05:55:53 AM | analyzer.EMAOracle_1 | Return summary generated for stablecoin
[INFO] | 2023-07-06 05:55:53 AM | analyzer.EMAOracle_1 | State variable assignement do not exist
[INFO] | 2023-07-06 05:55:53 AM | analyzer.EMAOracle_1 | Processed function stablecoin
[INFO] | 2023-07-06 05:55:53 AM | analyzer.EMAOracle_1 | Generating return summary for setRewards
[INFO] | 2023-07-06 05:55:53 AM | analyzer.EMAOracle_1 | Return summary generated for setRewards
[INFO] | 2023-07-06 05:55:53 AM | analyzer.EMAOracle_1 | State variable assignement do not exist
[INFO] | 2023-07-06 05:55:53 AM | analyzer.EMAOracle_1 | Processed function setRewards
[INFO] | 2023-07-06 05:55:53 AM | analyzer.EMAOracle_1 | Generating return summary for updateAndQuery
[INFO] | 2023-07-06 05:55:53 AM | analyzer.EMAOracle_1 | Return summary generated for updateAndQuery
[INFO] | 2023-07-06 05:55:53 AM | analyzer.EMAOracle_1 | State variable assignement do not exist
[INFO] | 2023-07-06 05:55:53 AM | analyzer.EMAOracle_1 | Processed function updateAndQuery
[INFO] | 2023-07-06 05:55:53 AM | analyzer.EMAOracle_1 | Generating return summary for query
[INFO] | 2023-07-06 05:55:53 AM | analyzer.EMAOracle_1 | Return summary generated for query
[INFO] | 2023-07-06 05:55:53 AM | analyzer.EMAOracle_1 | State variable assignement do not exist
[INFO] | 2023-07-06 05:55:53 AM | analyzer.EMAOracle_1 | Processed function query
[INFO] | 2023-07-06 05:55:53 AM | analyzer.EMAOracle_1 | Generating return summary for moneyMarket
[INFO] | 2023-07-06 05:55:53 AM | analyzer.EMAOracle_1 | Return summary generated for moneyMarket
[INFO] | 2023-07-06 05:55:53 AM | analyzer.EMAOracle_1 | State variable assignement do not exist
[INFO] | 2023-07-06 05:55:53 AM | analyzer.EMAOracle_1 | Processed function moneyMarket
[INFO] | 2023-07-06 05:55:53 AM | analyzer.EMAOracle_1 | Generating return summary for updateAndQuery
[INFO] | 2023-07-06 05:55:53 AM | analyzer.EMAOracle_1 | Return summary generated for updateAndQuery
[INFO] | 2023-07-06 05:55:53 AM | analyzer.EMAOracle_1 | State variable assignement do not exist
[INFO] | 2023-07-06 05:55:53 AM | analyzer.EMAOracle_1 | Processed function updateAndQuery
[INFO] | 2023-07-06 05:55:53 AM | analyzer.EMAOracle_1 | Generating return summary for query
[INFO] | 2023-07-06 05:55:53 AM | analyzer.EMAOracle_1 | Return summary generated for query
[INFO] | 2023-07-06 05:55:53 AM | analyzer.EMAOracle_1 | State variable assignement do not exist
[INFO] | 2023-07-06 05:55:53 AM | analyzer.EMAOracle_1 | Processed function query
[INFO] | 2023-07-06 05:55:53 AM | analyzer.EMAOracle_1 | Generating return summary for moneyMarket
[INFO] | 2023-07-06 05:55:53 AM | analyzer.EMAOracle_1 | Return summary generated for moneyMarket
[INFO] | 2023-07-06 05:55:53 AM | analyzer.EMAOracle_1 | State variable assignement do not exist
[INFO] | 2023-07-06 05:55:53 AM | analyzer.EMAOracle_1 | Processed function moneyMarket
[INFO] | 2023-07-06 05:55:53 AM | analyzer.EMAOracle_1 | Generating return summary for query
[INFO] | 2023-07-06 05:55:53 AM | analyzer.EMAOracle_1 | Return summary generated for query
[INFO] | 2023-07-06 05:55:53 AM | analyzer.EMAOracle_1 | State variable assignement do not exist
[INFO] | 2023-07-06 05:55:53 AM | analyzer.EMAOracle_1 | Processed function query
[INFO] | 2023-07-06 05:55:53 AM | analyzer.EMAOracle_1 | Generating return summary for constructor
[INFO] | 2023-07-06 05:55:53 AM | analyzer.EMAOracle_1 | Return summary generated for constructor
[INFO] | 2023-07-06 05:55:53 AM | analyzer.EMAOracle_1 | Range graph generated
[INFO] | 2023-07-06 05:55:53 AM | analyzer.EMAOracle_1 | Processed function constructor
[INFO] | 2023-07-06 05:55:53 AM | analyzer.EMAOracle_1 | Generating return summary for decmul
[INFO] | 2023-07-06 05:55:53 AM | analyzer.EMAOracle_1 | Return summary generated for decmul
[INFO] | 2023-07-06 05:55:53 AM | analyzer.EMAOracle_1 | State variable assignement do not exist
[INFO] | 2023-07-06 05:55:53 AM | analyzer.EMAOracle_1 | Processed function decmul
[INFO] | 2023-07-06 05:55:53 AM | analyzer.EMAOracle_1 | Generating return summary for decdiv
[INFO] | 2023-07-06 05:55:53 AM | analyzer.EMAOracle_1 | Return summary generated for decdiv
[INFO] | 2023-07-06 05:55:53 AM | analyzer.EMAOracle_1 | State variable assignement do not exist
[INFO] | 2023-07-06 05:55:53 AM | analyzer.EMAOracle_1 | Processed function decdiv
[INFO] | 2023-07-06 05:55:53 AM | analyzer.EMAOracle_1 | Generating return summary for updateAndQuery
[WARNING] | 2023-07-06 05:55:53 AM | analyzer.EMAOracle_1 | No lvalue eligible assignment, is this some bug!
[WARNING] | 2023-07-06 05:55:53 AM | analyzer.EMAOracle_1 | No lvalue eligible assignment, is this some bug!
[INFO] | 2023-07-06 05:55:53 AM | analyzer.EMAOracle_1 | Return summary generated for updateAndQuery
[INFO] | 2023-07-06 05:55:53 AM | analyzer.EMAOracle_1 | Range graph generated
[INFO] | 2023-07-06 05:55:53 AM | analyzer.EMAOracle_1 | Processed function updateAndQuery
[INFO] | 2023-07-06 05:55:53 AM | analyzer.EMAOracle_1 | Value Range Analysis took 0.007916 seconds
[INFO] | 2023-07-06 05:55:53 AM | analyzer.EMAOracle_1 | Value Range Analysis finished
[INFO] | 2023-07-06 05:55:53 AM | analyzer.EMAOracle_1 | Storage dependency graph compostion started!
[INFO] | 2023-07-06 05:55:53 AM | analyzer.EMAOracle_1 | Storage dependency graph compostion finished!
[INFO] | 2023-07-06 05:55:53 AM | analyzer.EMAOracle_1 | Dependency detection started!
[INFO] | 2023-07-06 05:55:53 AM | analyzer.EMAOracle_1 | Dependency detection finished!
[INFO] | 2023-07-06 05:55:53 AM | analyzer.EMAOracle_1 | Static Analysis took 0.791406 seconds
[INFO] | 2023-07-06 05:55:53 AM | analyzer.EMAOracle_1 | Dependency does not exist
[INFO] | 2023-07-06 05:55:53 AM | analyzer.EMAOracle_1 | Symbolic execution is not needed!
[INFO] | 2023-07-06 05:55:53 AM | analyzer.EMAOracle_1 | Analysis finished!
[INFO] | 2023-07-06 05:55:53 AM | analyzer.EMAOracle_1 | Analysis took 0.791549 seconds
[INFO] | 2023-07-06 05:55:53 AM | analyzer.EMAOracle_1 | Analysis finished at: 2023-07-06 05:55:53 AM
