2023-07-03 16:11:38,353: [11] m.main:INFO: Registered plugins: IntrospectionAPIPlugin, <class 'manticore.ethereum.plugins.SkipRevertBasicBlocks'>, <class 'manticore.ethereum.plugins.FilterFunctions'>
2023-07-03 16:11:38,353: [11] m.main:INFO: Beginning analysis
2023-07-03 16:11:38,357: [11] m.e.manticore:INFO: Starting symbolic create contract
2023-07-03 16:11:39,248: [11] m.e.manticore:INFO: Starting symbolic transaction: 0
2023-07-03 16:11:39,387: [11] m.e.manticore:INFO: 0 alive states, 1 terminated states
2023-07-03 16:11:39,438: [11] m.e.manticore:INFO: Starting symbolic transaction: 1
2023-07-03 16:11:39,615: [11] m.c.manticore:INFO: Results in /mcore_6ng941wn
2023-07-03 16:11:39,615: [11] m.c.manticore:INFO: Total time: 0.36379098892211914
2023-07-03 16:11:40,314: [70] m.main:INFO: Registered plugins: IntrospectionAPIPlugin, <class 'manticore.ethereum.plugins.SkipRevertBasicBlocks'>, <class 'manticore.ethereum.plugins.FilterFunctions'>
2023-07-03 16:11:40,314: [70] m.main:INFO: Beginning analysis
2023-07-03 16:11:40,317: [70] m.e.manticore:INFO: Starting symbolic create contract
2023-07-03 16:11:41,369: [70] m.e.manticore:INFO: Starting symbolic transaction: 0
2023-07-03 16:11:41,522: [70] m.e.manticore:INFO: 0 alive states, 1 terminated states
2023-07-03 16:11:41,589: [70] m.e.manticore:INFO: Starting symbolic transaction: 1
2023-07-03 16:11:41,786: [70] m.c.manticore:INFO: Results in /mcore_ar52uxnq
2023-07-03 16:11:41,787: [70] m.c.manticore:INFO: Total time: 0.4144623279571533
2023-07-03 16:11:42,439: [129] m.main:INFO: Registered plugins: IntrospectionAPIPlugin, <class 'manticore.ethereum.plugins.SkipRevertBasicBlocks'>, <class 'manticore.ethereum.plugins.FilterFunctions'>
2023-07-03 16:11:42,439: [129] m.main:INFO: Beginning analysis
2023-07-03 16:11:42,442: [129] m.e.manticore:INFO: Starting symbolic create contract
2023-07-03 16:11:43,015: [129] m.e.manticore:INFO: Starting symbolic transaction: 0
2023-07-03 16:11:43,134: [129] m.e.manticore:INFO: 0 alive states, 2 terminated states
2023-07-03 16:11:43,281: [129] m.c.manticore:INFO: Results in /mcore_l1kp1k6l
2023-07-03 16:11:43,282: [129] m.c.manticore:INFO: Total time: 0.2628169059753418
2023-07-03 16:11:44,040: [194] m.main:INFO: Registered plugins: IntrospectionAPIPlugin, <class 'manticore.ethereum.plugins.SkipRevertBasicBlocks'>, <class 'manticore.ethereum.plugins.FilterFunctions'>
2023-07-03 16:11:44,040: [194] m.main:INFO: Beginning analysis
2023-07-03 16:11:44,043: [194] m.e.manticore:INFO: Starting symbolic create contract
