2023-07-03 16:32:19,997: [11] m.main:INFO: Registered plugins: IntrospectionAPIPlugin, <class 'manticore.ethereum.plugins.SkipRevertBasicBlocks'>, <class 'manticore.ethereum.plugins.FilterFunctions'>
2023-07-03 16:32:19,998: [11] m.main:INFO: Beginning analysis
2023-07-03 16:32:20,000: [11] m.e.manticore:INFO: Starting symbolic create contract
2023-07-03 16:32:21,402: [11] m.e.manticore:INFO: Starting symbolic transaction: 0
2023-07-03 16:32:21,548: [11] m.e.manticore:INFO: 0 alive states, 1 terminated states
2023-07-03 16:32:21,607: [11] m.e.manticore:INFO: Starting symbolic transaction: 1
2023-07-03 16:32:21,849: [11] m.c.manticore:INFO: Results in /mcore_x1hz5exu
2023-07-03 16:32:21,849: [11] m.c.manticore:INFO: Total time: 0.44438648223876953
2023-07-03 16:32:22,629: [70] m.main:INFO: Registered plugins: IntrospectionAPIPlugin, <class 'manticore.ethereum.plugins.SkipRevertBasicBlocks'>, <class 'manticore.ethereum.plugins.FilterFunctions'>
2023-07-03 16:32:22,629: [70] m.main:INFO: Beginning analysis
2023-07-03 16:32:22,632: [70] m.e.manticore:INFO: Starting symbolic create contract
2023-07-03 16:32:23,975: [70] m.e.manticore:INFO: Starting symbolic transaction: 0
2023-07-03 16:32:24,129: [70] m.e.manticore:INFO: 0 alive states, 1 terminated states
2023-07-03 16:32:24,191: [70] m.e.manticore:INFO: Starting symbolic transaction: 1
2023-07-03 16:32:24,473: [70] m.c.manticore:INFO: Results in /mcore_8jpr88gp
2023-07-03 16:32:24,473: [70] m.c.manticore:INFO: Total time: 0.49410104751586914
2023-07-03 16:32:25,261: [129] m.main:INFO: Registered plugins: IntrospectionAPIPlugin, <class 'manticore.ethereum.plugins.SkipRevertBasicBlocks'>, <class 'manticore.ethereum.plugins.FilterFunctions'>
2023-07-03 16:32:25,261: [129] m.main:INFO: Beginning analysis
2023-07-03 16:32:25,264: [129] m.e.manticore:INFO: Starting symbolic create contract
2023-07-03 16:32:27,319: [129] m.e.manticore:INFO: Starting symbolic transaction: 0
2023-07-03 16:32:32,920: [129] m.e.manticore:INFO: 0 alive states, 3 terminated states
2023-07-03 16:32:33,145: [129] m.c.manticore:INFO: Results in /mcore_tmnecwed
2023-07-03 16:32:33,145: [129] m.c.manticore:INFO: Total time: 5.80659031867981
2023-07-03 16:32:33,839: [200] m.main:INFO: Registered plugins: IntrospectionAPIPlugin, <class 'manticore.ethereum.plugins.SkipRevertBasicBlocks'>, <class 'manticore.ethereum.plugins.FilterFunctions'>
2023-07-03 16:32:33,840: [200] m.main:INFO: Beginning analysis
2023-07-03 16:32:33,842: [200] m.e.manticore:INFO: Starting symbolic create contract
