2023-07-03 16:06:02,320: [11] m.main:INFO: Registered plugins: IntrospectionAPIPlugin, <class 'manticore.ethereum.plugins.SkipRevertBasicBlocks'>, <class 'manticore.ethereum.plugins.FilterFunctions'>
2023-07-03 16:06:02,321: [11] m.main:INFO: Beginning analysis
2023-07-03 16:06:02,324: [11] m.e.manticore:INFO: Starting symbolic create contract
2023-07-03 16:06:03,101: [11] m.e.manticore:INFO: Starting symbolic transaction: 0
2023-07-03 16:06:03,209: [11] m.e.manticore:INFO: 0 alive states, 2 terminated states
2023-07-03 16:06:03,367: [11] m.c.manticore:INFO: Results in /mcore_cu8v6xpl
2023-07-03 16:06:03,367: [11] m.c.manticore:INFO: Total time: 0.25914978981018066
2023-07-03 16:06:04,117: [73] m.main:INFO: Registered plugins: IntrospectionAPIPlugin, <class 'manticore.ethereum.plugins.SkipRevertBasicBlocks'>, <class 'manticore.ethereum.plugins.FilterFunctions'>
2023-07-03 16:06:04,117: [73] m.main:INFO: Beginning analysis
2023-07-03 16:06:04,119: [73] m.e.manticore:INFO: Starting symbolic create contract
2023-07-03 16:06:04,906: [73] m.e.manticore:INFO: Starting symbolic transaction: 0
2023-07-03 16:06:05,013: [73] m.e.manticore:INFO: 0 alive states, 2 terminated states
2023-07-03 16:06:05,141: [73] m.c.manticore:INFO: Results in /mcore__j08nycv
2023-07-03 16:06:05,141: [73] m.c.manticore:INFO: Total time: 0.2284994125366211
2023-07-03 16:06:05,761: [138] m.main:INFO: Registered plugins: IntrospectionAPIPlugin, <class 'manticore.ethereum.plugins.SkipRevertBasicBlocks'>, <class 'manticore.ethereum.plugins.FilterFunctions'>
2023-07-03 16:06:05,761: [138] m.main:INFO: Beginning analysis
2023-07-03 16:06:05,764: [138] m.e.manticore:INFO: Starting symbolic create contract
2023-07-03 16:06:06,591: [138] m.e.manticore:INFO: Starting symbolic transaction: 0
2023-07-03 16:06:06,666: [138] m.e.manticore:INFO: 0 alive states, 2 terminated states
2023-07-03 16:06:06,796: [138] m.c.manticore:INFO: Results in /mcore_8ymjjha3
2023-07-03 16:06:06,796: [138] m.c.manticore:INFO: Total time: 0.20022845268249512
2023-07-03 16:06:07,500: [200] m.main:INFO: Registered plugins: IntrospectionAPIPlugin, <class 'manticore.ethereum.plugins.SkipRevertBasicBlocks'>, <class 'manticore.ethereum.plugins.FilterFunctions'>
2023-07-03 16:06:07,500: [200] m.main:INFO: Beginning analysis
2023-07-03 16:06:07,502: [200] m.e.manticore:INFO: Starting symbolic create contract
2023-07-03 16:06:08,280: [200] m.e.manticore:INFO: Starting symbolic transaction: 0
2023-07-03 16:06:08,395: [200] m.e.manticore:INFO: 0 alive states, 2 terminated states
2023-07-03 16:06:08,539: [200] m.c.manticore:INFO: Results in /mcore_vs9tptlu
2023-07-03 16:06:08,539: [200] m.c.manticore:INFO: Total time: 0.25603771209716797
2023-07-03 16:06:09,209: [265] m.main:INFO: Registered plugins: IntrospectionAPIPlugin, <class 'manticore.ethereum.plugins.SkipRevertBasicBlocks'>, <class 'manticore.ethereum.plugins.FilterFunctions'>
2023-07-03 16:06:09,210: [265] m.main:INFO: Beginning analysis
2023-07-03 16:06:09,212: [265] m.e.manticore:INFO: Starting symbolic create contract
2023-07-03 16:06:09,952: [265] m.e.manticore:INFO: Starting symbolic transaction: 0
2023-07-03 16:06:10,045: [265] m.e.manticore:INFO: 0 alive states, 2 terminated states
2023-07-03 16:06:10,184: [265] m.c.manticore:INFO: Results in /mcore_5e788wtl
2023-07-03 16:06:10,184: [265] m.c.manticore:INFO: Total time: 0.22982501983642578
2023-07-03 16:06:10,885: [330] m.main:INFO: Registered plugins: IntrospectionAPIPlugin, <class 'manticore.ethereum.plugins.SkipRevertBasicBlocks'>, <class 'manticore.ethereum.plugins.FilterFunctions'>
2023-07-03 16:06:10,886: [330] m.main:INFO: Beginning analysis
2023-07-03 16:06:10,890: [330] m.e.manticore:INFO: Starting symbolic create contract
2023-07-03 16:06:11,712: [330] m.e.manticore:INFO: Starting symbolic transaction: 0
2023-07-03 16:06:11,809: [330] m.e.manticore:INFO: 0 alive states, 2 terminated states
2023-07-03 16:06:11,939: [330] m.c.manticore:INFO: Results in /mcore_yb1jqy99
2023-07-03 16:06:11,940: [330] m.c.manticore:INFO: Total time: 0.22513604164123535
2023-07-03 16:06:12,677: [395] m.main:INFO: Registered plugins: IntrospectionAPIPlugin, <class 'manticore.ethereum.plugins.SkipRevertBasicBlocks'>, <class 'manticore.ethereum.plugins.FilterFunctions'>
2023-07-03 16:06:12,678: [395] m.main:INFO: Beginning analysis
2023-07-03 16:06:12,680: [395] m.e.manticore:INFO: Starting symbolic create contract
2023-07-03 16:06:13,693: [395] m.e.manticore:INFO: Starting symbolic transaction: 0
2023-07-03 16:06:14,384: [395] m.c.worker:ERROR: Exception in state 0: ManticoreError('Forking on unfeasible constraint set')
Traceback (most recent call last):
  File "/usr/local/lib/python3.7/dist-packages/manticore/core/worker.py", line 137, in run
    current_state.execute()
  File "/usr/local/lib/python3.7/dist-packages/manticore/ethereum/state.py", line 8, in execute
    return self._platform.execute()
  File "/usr/local/lib/python3.7/dist-packages/manticore/platforms/evm.py", line 3106, in execute
    self.current_vm.execute()
  File "/usr/local/lib/python3.7/dist-packages/manticore/platforms/evm.py", line 1322, in execute
    raise Concretize("Symbolic PC", expression=expression, setstate=setstate, policy="ALL")
manticore.core.state.Concretize

During handling of the above exception, another exception occurred:

Traceback (most recent call last):
  File "/usr/local/lib/python3.7/dist-packages/manticore/core/worker.py", line 158, in run
    m._fork(current_state, exc.expression, exc.policy, exc.setstate, exc.values)
  File "/usr/local/lib/python3.7/dist-packages/manticore/core/manticore.py", line 518, in _fork
    raise ManticoreError("Forking on unfeasible constraint set")
manticore.exceptions.ManticoreError: Forking on unfeasible constraint set
 
2023-07-03 16:06:14,391: [395] m.e.manticore:INFO: 0 alive states, 1 terminated states
2023-07-03 16:06:14,512: [395] m.c.manticore:INFO: Results in /mcore_o7_wtc9s
2023-07-03 16:06:14,512: [395] m.c.manticore:INFO: Total time: 0.8132884502410889
2023-07-03 16:06:15,249: [457] m.main:INFO: Registered plugins: IntrospectionAPIPlugin, <class 'manticore.ethereum.plugins.SkipRevertBasicBlocks'>, <class 'manticore.ethereum.plugins.FilterFunctions'>
2023-07-03 16:06:15,249: [457] m.main:INFO: Beginning analysis
2023-07-03 16:06:15,251: [457] m.e.manticore:INFO: Starting symbolic create contract
2023-07-03 16:06:16,125: [457] m.e.manticore:INFO: Starting symbolic transaction: 0
2023-07-03 16:06:16,746: [457] m.c.worker:ERROR: Exception in state 0: ManticoreError('Forking on unfeasible constraint set')
Traceback (most recent call last):
  File "/usr/local/lib/python3.7/dist-packages/manticore/core/worker.py", line 137, in run
    current_state.execute()
  File "/usr/local/lib/python3.7/dist-packages/manticore/ethereum/state.py", line 8, in execute
    return self._platform.execute()
  File "/usr/local/lib/python3.7/dist-packages/manticore/platforms/evm.py", line 3106, in execute
    self.current_vm.execute()
  File "/usr/local/lib/python3.7/dist-packages/manticore/platforms/evm.py", line 1322, in execute
    raise Concretize("Symbolic PC", expression=expression, setstate=setstate, policy="ALL")
manticore.core.state.Concretize

During handling of the above exception, another exception occurred:

Traceback (most recent call last):
  File "/usr/local/lib/python3.7/dist-packages/manticore/core/worker.py", line 158, in run
    m._fork(current_state, exc.expression, exc.policy, exc.setstate, exc.values)
  File "/usr/local/lib/python3.7/dist-packages/manticore/core/manticore.py", line 518, in _fork
    raise ManticoreError("Forking on unfeasible constraint set")
manticore.exceptions.ManticoreError: Forking on unfeasible constraint set
 
2023-07-03 16:06:16,753: [457] m.e.manticore:INFO: 0 alive states, 1 terminated states
2023-07-03 16:06:16,869: [457] m.c.manticore:INFO: Results in /mcore_bq3uiuwv
2023-07-03 16:06:16,870: [457] m.c.manticore:INFO: Total time: 0.7309298515319824
2023-07-03 16:06:17,527: [519] m.main:INFO: Registered plugins: IntrospectionAPIPlugin, <class 'manticore.ethereum.plugins.SkipRevertBasicBlocks'>, <class 'manticore.ethereum.plugins.FilterFunctions'>
2023-07-03 16:06:17,528: [519] m.main:INFO: Beginning analysis
2023-07-03 16:06:17,530: [519] m.e.manticore:INFO: Starting symbolic create contract
2023-07-03 16:06:19,352: [519] m.e.manticore:INFO: Starting symbolic transaction: 0
2023-07-03 16:06:41,895: [519] m.c.worker:ERROR: Exception in state 7: ManticoreError('Forking on unfeasible constraint set')
Traceback (most recent call last):
  File "/usr/local/lib/python3.7/dist-packages/manticore/core/worker.py", line 137, in run
    current_state.execute()
  File "/usr/local/lib/python3.7/dist-packages/manticore/ethereum/state.py", line 8, in execute
    return self._platform.execute()
  File "/usr/local/lib/python3.7/dist-packages/manticore/platforms/evm.py", line 3106, in execute
    self.current_vm.execute()
  File "/usr/local/lib/python3.7/dist-packages/manticore/platforms/evm.py", line 1322, in execute
    raise Concretize("Symbolic PC", expression=expression, setstate=setstate, policy="ALL")
manticore.core.state.Concretize

During handling of the above exception, another exception occurred:

Traceback (most recent call last):
  File "/usr/local/lib/python3.7/dist-packages/manticore/core/worker.py", line 158, in run
    m._fork(current_state, exc.expression, exc.policy, exc.setstate, exc.values)
  File "/usr/local/lib/python3.7/dist-packages/manticore/core/manticore.py", line 518, in _fork
    raise ManticoreError("Forking on unfeasible constraint set")
manticore.exceptions.ManticoreError: Forking on unfeasible constraint set
 
2023-07-03 16:06:41,917: [519] m.e.manticore:INFO: 0 alive states, 3 terminated states
2023-07-03 16:06:42,310: [519] m.c.manticore:INFO: Results in /mcore_x8k47g49
2023-07-03 16:06:42,311: [519] m.c.manticore:INFO: Total time: 22.92364764213562
