2023-07-03 15:59:57,110: [11] m.main:INFO: Registered plugins: IntrospectionAPIPlugin, <class 'manticore.ethereum.plugins.SkipRevertBasicBlocks'>, <class 'manticore.ethereum.plugins.FilterFunctions'>
2023-07-03 15:59:57,111: [11] m.main:INFO: Beginning analysis
2023-07-03 15:59:57,113: [11] m.e.manticore:INFO: Starting symbolic create contract
2023-07-03 15:59:58,600: [11] m.e.manticore:INFO: Starting symbolic transaction: 0
2023-07-03 15:59:58,751: [11] m.e.manticore:INFO: 0 alive states, 1 terminated states
2023-07-03 15:59:58,810: [11] m.e.manticore:INFO: Starting symbolic transaction: 1
2023-07-03 15:59:59,035: [11] m.c.manticore:INFO: Results in /mcore_9afbfahy
2023-07-03 15:59:59,035: [11] m.c.manticore:INFO: Total time: 0.4292149543762207
2023-07-03 15:59:59,712: [70] m.main:INFO: Registered plugins: IntrospectionAPIPlugin, <class 'manticore.ethereum.plugins.SkipRevertBasicBlocks'>, <class 'manticore.ethereum.plugins.FilterFunctions'>
2023-07-03 15:59:59,712: [70] m.main:INFO: Beginning analysis
2023-07-03 15:59:59,714: [70] m.e.manticore:INFO: Starting symbolic create contract
2023-07-03 16:00:01,049: [70] m.e.manticore:INFO: Starting symbolic transaction: 0
2023-07-03 16:00:01,196: [70] m.e.manticore:INFO: 0 alive states, 1 terminated states
2023-07-03 16:00:01,257: [70] m.e.manticore:INFO: Starting symbolic transaction: 1
2023-07-03 16:00:01,533: [70] m.c.manticore:INFO: Results in /mcore_j1va_111
2023-07-03 16:00:01,533: [70] m.c.manticore:INFO: Total time: 0.48125171661376953
2023-07-03 16:00:02,309: [129] m.main:INFO: Registered plugins: IntrospectionAPIPlugin, <class 'manticore.ethereum.plugins.SkipRevertBasicBlocks'>, <class 'manticore.ethereum.plugins.FilterFunctions'>
2023-07-03 16:00:02,309: [129] m.main:INFO: Beginning analysis
2023-07-03 16:00:02,311: [129] m.e.manticore:INFO: Starting symbolic create contract
2023-07-03 16:00:04,245: [129] m.e.manticore:INFO: Starting symbolic transaction: 0
2023-07-03 16:00:09,690: [129] m.e.manticore:INFO: 0 alive states, 3 terminated states
2023-07-03 16:00:09,962: [129] m.c.manticore:INFO: Results in /mcore_4vv0ooye
2023-07-03 16:00:09,962: [129] m.c.manticore:INFO: Total time: 5.697587728500366
2023-07-03 16:00:10,640: [200] m.main:INFO: Registered plugins: IntrospectionAPIPlugin, <class 'manticore.ethereum.plugins.SkipRevertBasicBlocks'>, <class 'manticore.ethereum.plugins.FilterFunctions'>
2023-07-03 16:00:10,640: [200] m.main:INFO: Beginning analysis
2023-07-03 16:00:10,642: [200] m.e.manticore:INFO: Starting symbolic create contract
