2023-07-03 16:36:51,784: [11] m.main:INFO: Registered plugins: IntrospectionAPIPlugin, <class 'manticore.ethereum.plugins.SkipRevertBasicBlocks'>, <class 'manticore.ethereum.plugins.FilterFunctions'>
2023-07-03 16:36:51,784: [11] m.main:INFO: Beginning analysis
2023-07-03 16:36:51,786: [11] m.e.manticore:INFO: Starting symbolic create contract
2023-07-03 16:36:51,813: [11] m.e.manticore:INFO: Failed to build contract /sb/RocketNodeStaking_2.sol:443:51: Errors : Invalid solc compilation Error: Identifier not found or not unique.
   --> sb/RocketNodeStaking_2.sol:443:51:
    |
443 |     function createMinipool(address _nodeAddress, MinipoolDeposit _depositType) external returns (address);
    |                                                   ^^^^^^^^^^^^^^^


. Solidity failed to generate bytecode for your contract. Check if all the abstract functions are implemented. 
Process Process-1:
Traceback (most recent call last):
  File "/usr/lib/python3.7/multiprocessing/process.py", line 297, in _bootstrap
    self.run()
  File "/usr/lib/python3.7/multiprocessing/process.py", line 99, in run
    self._target(*self._args, **self._kwargs)
  File "/usr/local/lib/python3.7/dist-packages/manticore/ethereum/manticore.py", line 1766, in worker_finalize
    finalizer(q.get_nowait())
  File "/usr/local/lib/python3.7/dist-packages/manticore/ethereum/manticore.py", line 1757, in finalizer
    if only_alive_states and last_tx.result in {"REVERT", "THROW", "TXERROR"}:
AttributeError: 'NoneType' object has no attribute 'result'
2023-07-03 16:36:51,885: [11] m.c.manticore:INFO: Results in /mcore_ffodqes9
2023-07-03 16:36:51,885: [11] m.c.manticore:WARNING: Manticore failed to run
2023-07-03 16:36:52,535: [36] m.main:INFO: Registered plugins: IntrospectionAPIPlugin, <class 'manticore.ethereum.plugins.SkipRevertBasicBlocks'>, <class 'manticore.ethereum.plugins.FilterFunctions'>
2023-07-03 16:36:52,536: [36] m.main:INFO: Beginning analysis
2023-07-03 16:36:52,538: [36] m.e.manticore:INFO: Starting symbolic create contract
2023-07-03 16:36:52,566: [36] m.e.manticore:INFO: Failed to build contract DeclarationError: Errors : Invalid solc compilation Error: Identifier not found or not unique.
   --> sb/RocketNodeStaking_2.sol:443:51:
    |
443 |     function createMinipool(address _nodeAddress, MinipoolDeposit _depositType) external returns (address);
    |                                                   ^^^^^^^^^^^^^^^


. Solidity failed to generate bytecode for your contract. Check if all the abstract functions are implemented. 
Process Process-1:
Traceback (most recent call last):
  File "/usr/lib/python3.7/multiprocessing/process.py", line 297, in _bootstrap
    self.run()
  File "/usr/lib/python3.7/multiprocessing/process.py", line 99, in run
    self._target(*self._args, **self._kwargs)
  File "/usr/local/lib/python3.7/dist-packages/manticore/ethereum/manticore.py", line 1766, in worker_finalize
    finalizer(q.get_nowait())
  File "/usr/local/lib/python3.7/dist-packages/manticore/ethereum/manticore.py", line 1757, in finalizer
    if only_alive_states and last_tx.result in {"REVERT", "THROW", "TXERROR"}:
AttributeError: 'NoneType' object has no attribute 'result'
2023-07-03 16:36:52,643: [36] m.c.manticore:INFO: Results in /mcore_5pbhw8b2
2023-07-03 16:36:52,643: [36] m.c.manticore:WARNING: Manticore failed to run
2023-07-03 16:36:53,439: [61] m.main:INFO: Registered plugins: IntrospectionAPIPlugin, <class 'manticore.ethereum.plugins.SkipRevertBasicBlocks'>, <class 'manticore.ethereum.plugins.FilterFunctions'>
2023-07-03 16:36:53,439: [61] m.main:INFO: Beginning analysis
2023-07-03 16:36:53,441: [61] m.e.manticore:INFO: Starting symbolic create contract
2023-07-03 16:36:53,472: [61] m.e.manticore:INFO: Failed to build contract Identifier Errors : Invalid solc compilation Error: Identifier not found or not unique.
   --> sb/RocketNodeStaking_2.sol:443:51:
    |
443 |     function createMinipool(address _nodeAddress, MinipoolDeposit _depositType) external returns (address);
    |                                                   ^^^^^^^^^^^^^^^


. Solidity failed to generate bytecode for your contract. Check if all the abstract functions are implemented. 
Process Process-1:
Traceback (most recent call last):
  File "/usr/lib/python3.7/multiprocessing/process.py", line 297, in _bootstrap
    self.run()
  File "/usr/lib/python3.7/multiprocessing/process.py", line 99, in run
    self._target(*self._args, **self._kwargs)
  File "/usr/local/lib/python3.7/dist-packages/manticore/ethereum/manticore.py", line 1766, in worker_finalize
    finalizer(q.get_nowait())
  File "/usr/local/lib/python3.7/dist-packages/manticore/ethereum/manticore.py", line 1757, in finalizer
    if only_alive_states and last_tx.result in {"REVERT", "THROW", "TXERROR"}:
AttributeError: 'NoneType' object has no attribute 'result'
2023-07-03 16:36:53,535: [61] m.c.manticore:INFO: Results in /mcore_9h1f7rjo
2023-07-03 16:36:53,536: [61] m.c.manticore:WARNING: Manticore failed to run
2023-07-03 16:36:54,228: [86] m.main:INFO: Registered plugins: IntrospectionAPIPlugin, <class 'manticore.ethereum.plugins.SkipRevertBasicBlocks'>, <class 'manticore.ethereum.plugins.FilterFunctions'>
2023-07-03 16:36:54,228: [86] m.main:INFO: Beginning analysis
2023-07-03 16:36:54,230: [86] m.e.manticore:INFO: Starting symbolic create contract
2023-07-03 16:36:54,266: [86] m.e.manticore:INFO: Failed to build contract not Errors : Invalid solc compilation Error: Identifier not found or not unique.
   --> sb/RocketNodeStaking_2.sol:443:51:
    |
443 |     function createMinipool(address _nodeAddress, MinipoolDeposit _depositType) external returns (address);
    |                                                   ^^^^^^^^^^^^^^^


. Solidity failed to generate bytecode for your contract. Check if all the abstract functions are implemented. 
Process Process-1:
Traceback (most recent call last):
  File "/usr/lib/python3.7/multiprocessing/process.py", line 297, in _bootstrap
    self.run()
  File "/usr/lib/python3.7/multiprocessing/process.py", line 99, in run
    self._target(*self._args, **self._kwargs)
  File "/usr/local/lib/python3.7/dist-packages/manticore/ethereum/manticore.py", line 1766, in worker_finalize
    finalizer(q.get_nowait())
  File "/usr/local/lib/python3.7/dist-packages/manticore/ethereum/manticore.py", line 1757, in finalizer
    if only_alive_states and last_tx.result in {"REVERT", "THROW", "TXERROR"}:
AttributeError: 'NoneType' object has no attribute 'result'
2023-07-03 16:36:54,347: [86] m.c.manticore:INFO: Results in /mcore_grojw90o
2023-07-03 16:36:54,348: [86] m.c.manticore:WARNING: Manticore failed to run
2023-07-03 16:36:55,015: [111] m.main:INFO: Registered plugins: IntrospectionAPIPlugin, <class 'manticore.ethereum.plugins.SkipRevertBasicBlocks'>, <class 'manticore.ethereum.plugins.FilterFunctions'>
2023-07-03 16:36:55,016: [111] m.main:INFO: Beginning analysis
2023-07-03 16:36:55,018: [111] m.e.manticore:INFO: Starting symbolic create contract
2023-07-03 16:36:55,038: [111] m.e.manticore:INFO: Failed to build contract found Errors : Invalid solc compilation Error: Identifier not found or not unique.
   --> sb/RocketNodeStaking_2.sol:443:51:
    |
443 |     function createMinipool(address _nodeAddress, MinipoolDeposit _depositType) external returns (address);
    |                                                   ^^^^^^^^^^^^^^^


. Solidity failed to generate bytecode for your contract. Check if all the abstract functions are implemented. 
Process Process-1:
Traceback (most recent call last):
  File "/usr/lib/python3.7/multiprocessing/process.py", line 297, in _bootstrap
    self.run()
  File "/usr/lib/python3.7/multiprocessing/process.py", line 99, in run
    self._target(*self._args, **self._kwargs)
  File "/usr/local/lib/python3.7/dist-packages/manticore/ethereum/manticore.py", line 1766, in worker_finalize
    finalizer(q.get_nowait())
  File "/usr/local/lib/python3.7/dist-packages/manticore/ethereum/manticore.py", line 1757, in finalizer
    if only_alive_states and last_tx.result in {"REVERT", "THROW", "TXERROR"}:
AttributeError: 'NoneType' object has no attribute 'result'
2023-07-03 16:36:55,114: [111] m.c.manticore:INFO: Results in /mcore_ve1yewt3
2023-07-03 16:36:55,114: [111] m.c.manticore:WARNING: Manticore failed to run
2023-07-03 16:36:55,832: [136] m.main:INFO: Registered plugins: IntrospectionAPIPlugin, <class 'manticore.ethereum.plugins.SkipRevertBasicBlocks'>, <class 'manticore.ethereum.plugins.FilterFunctions'>
2023-07-03 16:36:55,832: [136] m.main:INFO: Beginning analysis
2023-07-03 16:36:55,835: [136] m.e.manticore:INFO: Starting symbolic create contract
2023-07-03 16:36:55,858: [136] m.e.manticore:INFO: Failed to build contract or Errors : Invalid solc compilation Error: Identifier not found or not unique.
   --> sb/RocketNodeStaking_2.sol:443:51:
    |
443 |     function createMinipool(address _nodeAddress, MinipoolDeposit _depositType) external returns (address);
    |                                                   ^^^^^^^^^^^^^^^


. Solidity failed to generate bytecode for your contract. Check if all the abstract functions are implemented. 
Process Process-1:
Traceback (most recent call last):
  File "/usr/lib/python3.7/multiprocessing/process.py", line 297, in _bootstrap
    self.run()
  File "/usr/lib/python3.7/multiprocessing/process.py", line 99, in run
    self._target(*self._args, **self._kwargs)
  File "/usr/local/lib/python3.7/dist-packages/manticore/ethereum/manticore.py", line 1766, in worker_finalize
    finalizer(q.get_nowait())
  File "/usr/local/lib/python3.7/dist-packages/manticore/ethereum/manticore.py", line 1757, in finalizer
    if only_alive_states and last_tx.result in {"REVERT", "THROW", "TXERROR"}:
AttributeError: 'NoneType' object has no attribute 'result'
2023-07-03 16:36:55,933: [136] m.c.manticore:INFO: Results in /mcore_e4upzjvj
2023-07-03 16:36:55,934: [136] m.c.manticore:WARNING: Manticore failed to run
2023-07-03 16:36:56,606: [161] m.main:INFO: Registered plugins: IntrospectionAPIPlugin, <class 'manticore.ethereum.plugins.SkipRevertBasicBlocks'>, <class 'manticore.ethereum.plugins.FilterFunctions'>
2023-07-03 16:36:56,606: [161] m.main:INFO: Beginning analysis
2023-07-03 16:36:56,608: [161] m.e.manticore:INFO: Starting symbolic create contract
2023-07-03 16:36:56,642: [161] m.e.manticore:INFO: Failed to build contract not Errors : Invalid solc compilation Error: Identifier not found or not unique.
   --> sb/RocketNodeStaking_2.sol:443:51:
    |
443 |     function createMinipool(address _nodeAddress, MinipoolDeposit _depositType) external returns (address);
    |                                                   ^^^^^^^^^^^^^^^


. Solidity failed to generate bytecode for your contract. Check if all the abstract functions are implemented. 
Process Process-1:
Traceback (most recent call last):
  File "/usr/lib/python3.7/multiprocessing/process.py", line 297, in _bootstrap
    self.run()
  File "/usr/lib/python3.7/multiprocessing/process.py", line 99, in run
    self._target(*self._args, **self._kwargs)
  File "/usr/local/lib/python3.7/dist-packages/manticore/ethereum/manticore.py", line 1766, in worker_finalize
    finalizer(q.get_nowait())
  File "/usr/local/lib/python3.7/dist-packages/manticore/ethereum/manticore.py", line 1757, in finalizer
    if only_alive_states and last_tx.result in {"REVERT", "THROW", "TXERROR"}:
AttributeError: 'NoneType' object has no attribute 'result'
2023-07-03 16:36:56,712: [161] m.c.manticore:INFO: Results in /mcore_xmtf796l
2023-07-03 16:36:56,713: [161] m.c.manticore:WARNING: Manticore failed to run
2023-07-03 16:36:57,429: [186] m.main:INFO: Registered plugins: IntrospectionAPIPlugin, <class 'manticore.ethereum.plugins.SkipRevertBasicBlocks'>, <class 'manticore.ethereum.plugins.FilterFunctions'>
2023-07-03 16:36:57,429: [186] m.main:INFO: Beginning analysis
2023-07-03 16:36:57,432: [186] m.e.manticore:INFO: Starting symbolic create contract
2023-07-03 16:36:57,462: [186] m.e.manticore:INFO: Failed to build contract unique. Errors : Invalid solc compilation Error: Identifier not found or not unique.
   --> sb/RocketNodeStaking_2.sol:443:51:
    |
443 |     function createMinipool(address _nodeAddress, MinipoolDeposit _depositType) external returns (address);
    |                                                   ^^^^^^^^^^^^^^^


. Solidity failed to generate bytecode for your contract. Check if all the abstract functions are implemented. 
Process Process-1:
Traceback (most recent call last):
  File "/usr/lib/python3.7/multiprocessing/process.py", line 297, in _bootstrap
    self.run()
  File "/usr/lib/python3.7/multiprocessing/process.py", line 99, in run
    self._target(*self._args, **self._kwargs)
  File "/usr/local/lib/python3.7/dist-packages/manticore/ethereum/manticore.py", line 1766, in worker_finalize
    finalizer(q.get_nowait())
  File "/usr/local/lib/python3.7/dist-packages/manticore/ethereum/manticore.py", line 1757, in finalizer
    if only_alive_states and last_tx.result in {"REVERT", "THROW", "TXERROR"}:
AttributeError: 'NoneType' object has no attribute 'result'
2023-07-03 16:36:57,524: [186] m.c.manticore:INFO: Results in /mcore_9n0uh4hq
2023-07-03 16:36:57,525: [186] m.c.manticore:WARNING: Manticore failed to run
2023-07-03 16:36:58,228: [211] m.main:INFO: Registered plugins: IntrospectionAPIPlugin, <class 'manticore.ethereum.plugins.SkipRevertBasicBlocks'>, <class 'manticore.ethereum.plugins.FilterFunctions'>
2023-07-03 16:36:58,229: [211] m.main:INFO: Beginning analysis
2023-07-03 16:36:58,231: [211] m.e.manticore:INFO: Starting symbolic create contract
2023-07-03 16:36:58,257: [211] m.e.manticore:INFO: Failed to build contract function Errors : Invalid solc compilation Error: Identifier not found or not unique.
   --> sb/RocketNodeStaking_2.sol:443:51:
    |
443 |     function createMinipool(address _nodeAddress, MinipoolDeposit _depositType) external returns (address);
    |                                                   ^^^^^^^^^^^^^^^


. Solidity failed to generate bytecode for your contract. Check if all the abstract functions are implemented. 
Process Process-1:
Traceback (most recent call last):
  File "/usr/lib/python3.7/multiprocessing/process.py", line 297, in _bootstrap
    self.run()
  File "/usr/lib/python3.7/multiprocessing/process.py", line 99, in run
    self._target(*self._args, **self._kwargs)
  File "/usr/local/lib/python3.7/dist-packages/manticore/ethereum/manticore.py", line 1766, in worker_finalize
    finalizer(q.get_nowait())
  File "/usr/local/lib/python3.7/dist-packages/manticore/ethereum/manticore.py", line 1757, in finalizer
    if only_alive_states and last_tx.result in {"REVERT", "THROW", "TXERROR"}:
AttributeError: 'NoneType' object has no attribute 'result'
2023-07-03 16:36:58,322: [211] m.c.manticore:INFO: Results in /mcore_bejrdq6a
2023-07-03 16:36:58,323: [211] m.c.manticore:WARNING: Manticore failed to run
2023-07-03 16:36:58,931: [236] m.main:INFO: Registered plugins: IntrospectionAPIPlugin, <class 'manticore.ethereum.plugins.SkipRevertBasicBlocks'>, <class 'manticore.ethereum.plugins.FilterFunctions'>
2023-07-03 16:36:58,931: [236] m.main:INFO: Beginning analysis
2023-07-03 16:36:58,934: [236] m.e.manticore:INFO: Starting symbolic create contract
2023-07-03 16:36:58,972: [236] m.e.manticore:INFO: Failed to build contract createMinipool(address Errors : Invalid solc compilation Error: Identifier not found or not unique.
   --> sb/RocketNodeStaking_2.sol:443:51:
    |
443 |     function createMinipool(address _nodeAddress, MinipoolDeposit _depositType) external returns (address);
    |                                                   ^^^^^^^^^^^^^^^


. Solidity failed to generate bytecode for your contract. Check if all the abstract functions are implemented. 
Process Process-1:
Traceback (most recent call last):
  File "/usr/lib/python3.7/multiprocessing/process.py", line 297, in _bootstrap
    self.run()
  File "/usr/lib/python3.7/multiprocessing/process.py", line 99, in run
    self._target(*self._args, **self._kwargs)
  File "/usr/local/lib/python3.7/dist-packages/manticore/ethereum/manticore.py", line 1766, in worker_finalize
    finalizer(q.get_nowait())
  File "/usr/local/lib/python3.7/dist-packages/manticore/ethereum/manticore.py", line 1757, in finalizer
    if only_alive_states and last_tx.result in {"REVERT", "THROW", "TXERROR"}:
AttributeError: 'NoneType' object has no attribute 'result'
2023-07-03 16:36:59,048: [236] m.c.manticore:INFO: Results in /mcore_hj_9jtx0
2023-07-03 16:36:59,048: [236] m.c.manticore:WARNING: Manticore failed to run
2023-07-03 16:36:59,734: [261] m.main:INFO: Registered plugins: IntrospectionAPIPlugin, <class 'manticore.ethereum.plugins.SkipRevertBasicBlocks'>, <class 'manticore.ethereum.plugins.FilterFunctions'>
2023-07-03 16:36:59,734: [261] m.main:INFO: Beginning analysis
2023-07-03 16:36:59,736: [261] m.e.manticore:INFO: Starting symbolic create contract
2023-07-03 16:36:59,774: [261] m.e.manticore:INFO: Failed to build contract _nodeAddress, Errors : Invalid solc compilation Error: Identifier not found or not unique.
   --> sb/RocketNodeStaking_2.sol:443:51:
    |
443 |     function createMinipool(address _nodeAddress, MinipoolDeposit _depositType) external returns (address);
    |                                                   ^^^^^^^^^^^^^^^


. Solidity failed to generate bytecode for your contract. Check if all the abstract functions are implemented. 
Process Process-1:
Traceback (most recent call last):
  File "/usr/lib/python3.7/multiprocessing/process.py", line 297, in _bootstrap
    self.run()
  File "/usr/lib/python3.7/multiprocessing/process.py", line 99, in run
    self._target(*self._args, **self._kwargs)
  File "/usr/local/lib/python3.7/dist-packages/manticore/ethereum/manticore.py", line 1766, in worker_finalize
    finalizer(q.get_nowait())
  File "/usr/local/lib/python3.7/dist-packages/manticore/ethereum/manticore.py", line 1757, in finalizer
    if only_alive_states and last_tx.result in {"REVERT", "THROW", "TXERROR"}:
AttributeError: 'NoneType' object has no attribute 'result'
2023-07-03 16:36:59,848: [261] m.c.manticore:INFO: Results in /mcore_qs1i6efo
2023-07-03 16:36:59,848: [261] m.c.manticore:WARNING: Manticore failed to run
2023-07-03 16:37:00,514: [286] m.main:INFO: Registered plugins: IntrospectionAPIPlugin, <class 'manticore.ethereum.plugins.SkipRevertBasicBlocks'>, <class 'manticore.ethereum.plugins.FilterFunctions'>
2023-07-03 16:37:00,515: [286] m.main:INFO: Beginning analysis
2023-07-03 16:37:00,517: [286] m.e.manticore:INFO: Starting symbolic create contract
2023-07-03 16:37:00,536: [286] m.e.manticore:INFO: Failed to build contract MinipoolDeposit Errors : Invalid solc compilation Error: Identifier not found or not unique.
   --> sb/RocketNodeStaking_2.sol:443:51:
    |
443 |     function createMinipool(address _nodeAddress, MinipoolDeposit _depositType) external returns (address);
    |                                                   ^^^^^^^^^^^^^^^


. Solidity failed to generate bytecode for your contract. Check if all the abstract functions are implemented. 
Process Process-1:
Traceback (most recent call last):
  File "/usr/lib/python3.7/multiprocessing/process.py", line 297, in _bootstrap
    self.run()
  File "/usr/lib/python3.7/multiprocessing/process.py", line 99, in run
    self._target(*self._args, **self._kwargs)
  File "/usr/local/lib/python3.7/dist-packages/manticore/ethereum/manticore.py", line 1766, in worker_finalize
    finalizer(q.get_nowait())
  File "/usr/local/lib/python3.7/dist-packages/manticore/ethereum/manticore.py", line 1757, in finalizer
    if only_alive_states and last_tx.result in {"REVERT", "THROW", "TXERROR"}:
AttributeError: 'NoneType' object has no attribute 'result'
2023-07-03 16:37:00,599: [286] m.c.manticore:INFO: Results in /mcore_7x218mtf
2023-07-03 16:37:00,599: [286] m.c.manticore:WARNING: Manticore failed to run
2023-07-03 16:37:01,281: [311] m.main:INFO: Registered plugins: IntrospectionAPIPlugin, <class 'manticore.ethereum.plugins.SkipRevertBasicBlocks'>, <class 'manticore.ethereum.plugins.FilterFunctions'>
2023-07-03 16:37:01,281: [311] m.main:INFO: Beginning analysis
2023-07-03 16:37:01,284: [311] m.e.manticore:INFO: Starting symbolic create contract
2023-07-03 16:37:01,355: [311] m.e.manticore:INFO: Failed to build contract _depositType) Errors : Invalid solc compilation Error: Identifier not found or not unique.
   --> sb/RocketNodeStaking_2.sol:443:51:
    |
443 |     function createMinipool(address _nodeAddress, MinipoolDeposit _depositType) external returns (address);
    |                                                   ^^^^^^^^^^^^^^^


. Solidity failed to generate bytecode for your contract. Check if all the abstract functions are implemented. 
Process Process-1:
Traceback (most recent call last):
  File "/usr/lib/python3.7/multiprocessing/process.py", line 297, in _bootstrap
    self.run()
  File "/usr/lib/python3.7/multiprocessing/process.py", line 99, in run
    self._target(*self._args, **self._kwargs)
  File "/usr/local/lib/python3.7/dist-packages/manticore/ethereum/manticore.py", line 1766, in worker_finalize
    finalizer(q.get_nowait())
  File "/usr/local/lib/python3.7/dist-packages/manticore/ethereum/manticore.py", line 1757, in finalizer
    if only_alive_states and last_tx.result in {"REVERT", "THROW", "TXERROR"}:
AttributeError: 'NoneType' object has no attribute 'result'
2023-07-03 16:37:01,420: [311] m.c.manticore:INFO: Results in /mcore_z_mm0sob
2023-07-03 16:37:01,420: [311] m.c.manticore:WARNING: Manticore failed to run
2023-07-03 16:37:02,131: [336] m.main:INFO: Registered plugins: IntrospectionAPIPlugin, <class 'manticore.ethereum.plugins.SkipRevertBasicBlocks'>, <class 'manticore.ethereum.plugins.FilterFunctions'>
2023-07-03 16:37:02,132: [336] m.main:INFO: Beginning analysis
2023-07-03 16:37:02,134: [336] m.e.manticore:INFO: Starting symbolic create contract
2023-07-03 16:37:02,174: [336] m.e.manticore:INFO: Failed to build contract external Errors : Invalid solc compilation Error: Identifier not found or not unique.
   --> sb/RocketNodeStaking_2.sol:443:51:
    |
443 |     function createMinipool(address _nodeAddress, MinipoolDeposit _depositType) external returns (address);
    |                                                   ^^^^^^^^^^^^^^^


. Solidity failed to generate bytecode for your contract. Check if all the abstract functions are implemented. 
Process Process-1:
Traceback (most recent call last):
  File "/usr/lib/python3.7/multiprocessing/process.py", line 297, in _bootstrap
    self.run()
  File "/usr/lib/python3.7/multiprocessing/process.py", line 99, in run
    self._target(*self._args, **self._kwargs)
  File "/usr/local/lib/python3.7/dist-packages/manticore/ethereum/manticore.py", line 1766, in worker_finalize
    finalizer(q.get_nowait())
  File "/usr/local/lib/python3.7/dist-packages/manticore/ethereum/manticore.py", line 1757, in finalizer
    if only_alive_states and last_tx.result in {"REVERT", "THROW", "TXERROR"}:
AttributeError: 'NoneType' object has no attribute 'result'
2023-07-03 16:37:02,264: [336] m.c.manticore:INFO: Results in /mcore_z3wygqcg
2023-07-03 16:37:02,264: [336] m.c.manticore:WARNING: Manticore failed to run
2023-07-03 16:37:02,980: [361] m.main:INFO: Registered plugins: IntrospectionAPIPlugin, <class 'manticore.ethereum.plugins.SkipRevertBasicBlocks'>, <class 'manticore.ethereum.plugins.FilterFunctions'>
2023-07-03 16:37:02,981: [361] m.main:INFO: Beginning analysis
2023-07-03 16:37:02,983: [361] m.e.manticore:INFO: Starting symbolic create contract
2023-07-03 16:37:03,010: [361] m.e.manticore:INFO: Failed to build contract returns Errors : Invalid solc compilation Error: Identifier not found or not unique.
   --> sb/RocketNodeStaking_2.sol:443:51:
    |
443 |     function createMinipool(address _nodeAddress, MinipoolDeposit _depositType) external returns (address);
    |                                                   ^^^^^^^^^^^^^^^


. Solidity failed to generate bytecode for your contract. Check if all the abstract functions are implemented. 
Process Process-1:
Traceback (most recent call last):
  File "/usr/lib/python3.7/multiprocessing/process.py", line 297, in _bootstrap
    self.run()
  File "/usr/lib/python3.7/multiprocessing/process.py", line 99, in run
    self._target(*self._args, **self._kwargs)
  File "/usr/local/lib/python3.7/dist-packages/manticore/ethereum/manticore.py", line 1766, in worker_finalize
    finalizer(q.get_nowait())
  File "/usr/local/lib/python3.7/dist-packages/manticore/ethereum/manticore.py", line 1757, in finalizer
    if only_alive_states and last_tx.result in {"REVERT", "THROW", "TXERROR"}:
AttributeError: 'NoneType' object has no attribute 'result'
2023-07-03 16:37:03,093: [361] m.c.manticore:INFO: Results in /mcore_dajvr462
2023-07-03 16:37:03,094: [361] m.c.manticore:WARNING: Manticore failed to run
2023-07-03 16:37:03,786: [386] m.main:INFO: Registered plugins: IntrospectionAPIPlugin, <class 'manticore.ethereum.plugins.SkipRevertBasicBlocks'>, <class 'manticore.ethereum.plugins.FilterFunctions'>
2023-07-03 16:37:03,786: [386] m.main:INFO: Beginning analysis
2023-07-03 16:37:03,789: [386] m.e.manticore:INFO: Starting symbolic create contract
2023-07-03 16:37:03,822: [386] m.e.manticore:INFO: Failed to build contract (address); Errors : Invalid solc compilation Error: Identifier not found or not unique.
   --> sb/RocketNodeStaking_2.sol:443:51:
    |
443 |     function createMinipool(address _nodeAddress, MinipoolDeposit _depositType) external returns (address);
    |                                                   ^^^^^^^^^^^^^^^


. Solidity failed to generate bytecode for your contract. Check if all the abstract functions are implemented. 
Process Process-1:
Traceback (most recent call last):
  File "/usr/lib/python3.7/multiprocessing/process.py", line 297, in _bootstrap
    self.run()
  File "/usr/lib/python3.7/multiprocessing/process.py", line 99, in run
    self._target(*self._args, **self._kwargs)
  File "/usr/local/lib/python3.7/dist-packages/manticore/ethereum/manticore.py", line 1766, in worker_finalize
    finalizer(q.get_nowait())
  File "/usr/local/lib/python3.7/dist-packages/manticore/ethereum/manticore.py", line 1757, in finalizer
    if only_alive_states and last_tx.result in {"REVERT", "THROW", "TXERROR"}:
AttributeError: 'NoneType' object has no attribute 'result'
2023-07-03 16:37:03,913: [386] m.c.manticore:INFO: Results in /mcore_y4pngy0m
2023-07-03 16:37:03,913: [386] m.c.manticore:WARNING: Manticore failed to run
2023-07-03 16:37:04,592: [411] m.main:INFO: Registered plugins: IntrospectionAPIPlugin, <class 'manticore.ethereum.plugins.SkipRevertBasicBlocks'>, <class 'manticore.ethereum.plugins.FilterFunctions'>
2023-07-03 16:37:04,592: [411] m.main:INFO: Beginning analysis
2023-07-03 16:37:04,594: [411] m.e.manticore:INFO: Starting symbolic create contract
2023-07-03 16:37:04,622: [411] m.e.manticore:INFO: Failed to build contract ^-------------^ Errors : Invalid solc compilation Error: Identifier not found or not unique.
   --> sb/RocketNodeStaking_2.sol:443:51:
    |
443 |     function createMinipool(address _nodeAddress, MinipoolDeposit _depositType) external returns (address);
    |                                                   ^^^^^^^^^^^^^^^


. Solidity failed to generate bytecode for your contract. Check if all the abstract functions are implemented. 
Process Process-1:
Traceback (most recent call last):
  File "/usr/lib/python3.7/multiprocessing/process.py", line 297, in _bootstrap
    self.run()
  File "/usr/lib/python3.7/multiprocessing/process.py", line 99, in run
    self._target(*self._args, **self._kwargs)
  File "/usr/local/lib/python3.7/dist-packages/manticore/ethereum/manticore.py", line 1766, in worker_finalize
    finalizer(q.get_nowait())
  File "/usr/local/lib/python3.7/dist-packages/manticore/ethereum/manticore.py", line 1757, in finalizer
    if only_alive_states and last_tx.result in {"REVERT", "THROW", "TXERROR"}:
AttributeError: 'NoneType' object has no attribute 'result'
2023-07-03 16:37:04,685: [411] m.c.manticore:INFO: Results in /mcore_7_5l5opx
2023-07-03 16:37:04,685: [411] m.c.manticore:WARNING: Manticore failed to run
