2023-07-03 16:43:01,830: [11] m.main:INFO: Registered plugins: IntrospectionAPIPlugin, <class 'manticore.ethereum.plugins.SkipRevertBasicBlocks'>, <class 'manticore.ethereum.plugins.FilterFunctions'>
2023-07-03 16:43:01,830: [11] m.main:INFO: Beginning analysis
2023-07-03 16:43:01,833: [11] m.e.manticore:INFO: Starting symbolic create contract
2023-07-03 16:43:03,432: [11] m.e.manticore:INFO: Starting symbolic transaction: 0
2023-07-03 16:43:03,621: [11] m.e.manticore:INFO: 0 alive states, 1 terminated states
2023-07-03 16:43:03,689: [11] m.e.manticore:INFO: Starting symbolic transaction: 1
2023-07-03 16:43:03,992: [11] m.c.manticore:INFO: Results in /mcore_llqma_4p
2023-07-03 16:43:03,993: [11] m.c.manticore:INFO: Total time: 0.5580034255981445
2023-07-03 16:43:04,897: [70] m.main:INFO: Registered plugins: IntrospectionAPIPlugin, <class 'manticore.ethereum.plugins.SkipRevertBasicBlocks'>, <class 'manticore.ethereum.plugins.FilterFunctions'>
2023-07-03 16:43:04,897: [70] m.main:INFO: Beginning analysis
2023-07-03 16:43:04,899: [70] m.e.manticore:INFO: Starting symbolic create contract
2023-07-03 16:43:06,339: [70] m.e.manticore:INFO: Starting symbolic transaction: 0
2023-07-03 16:43:06,483: [70] m.e.manticore:INFO: 0 alive states, 1 terminated states
2023-07-03 16:43:06,546: [70] m.e.manticore:INFO: Starting symbolic transaction: 1
2023-07-03 16:43:06,782: [70] m.c.manticore:INFO: Results in /mcore_3xnlg8s2
2023-07-03 16:43:06,783: [70] m.c.manticore:INFO: Total time: 0.44138526916503906
2023-07-03 16:43:07,438: [129] m.main:INFO: Registered plugins: IntrospectionAPIPlugin, <class 'manticore.ethereum.plugins.SkipRevertBasicBlocks'>, <class 'manticore.ethereum.plugins.FilterFunctions'>
2023-07-03 16:43:07,438: [129] m.main:INFO: Beginning analysis
2023-07-03 16:43:07,440: [129] m.e.manticore:INFO: Starting symbolic create contract
2023-07-03 16:43:09,613: [129] m.e.manticore:INFO: Starting symbolic transaction: 0
2023-07-03 16:43:14,489: [129] m.e.manticore:INFO: 0 alive states, 3 terminated states
2023-07-03 16:43:14,781: [129] m.c.manticore:INFO: Results in /mcore_lu04i_lx
2023-07-03 16:43:14,781: [129] m.c.manticore:INFO: Total time: 5.145689249038696
2023-07-03 16:43:15,488: [200] m.main:INFO: Registered plugins: IntrospectionAPIPlugin, <class 'manticore.ethereum.plugins.SkipRevertBasicBlocks'>, <class 'manticore.ethereum.plugins.FilterFunctions'>
2023-07-03 16:43:15,488: [200] m.main:INFO: Beginning analysis
2023-07-03 16:43:15,491: [200] m.e.manticore:INFO: Starting symbolic create contract
