2023-07-03 16:44:26,240: [11] m.main:INFO: Registered plugins: IntrospectionAPIPlugin, <class 'manticore.ethereum.plugins.SkipRevertBasicBlocks'>, <class 'manticore.ethereum.plugins.FilterFunctions'>
2023-07-03 16:44:26,241: [11] m.main:INFO: Beginning analysis
2023-07-03 16:44:26,244: [11] m.e.manticore:INFO: Starting symbolic create contract
2023-07-03 16:44:30,166: [11] m.e.manticore:INFO: Starting symbolic transaction: 0
2023-07-03 16:44:30,297: [11] m.e.manticore:INFO: 0 alive states, 1 terminated states
2023-07-03 16:44:30,358: [11] m.e.manticore:INFO: Starting symbolic transaction: 1
2023-07-03 16:44:30,573: [11] m.c.manticore:INFO: Results in /mcore_wia3wp0_
2023-07-03 16:44:30,573: [11] m.c.manticore:INFO: Total time: 0.4034273624420166
2023-07-03 16:44:31,272: [70] m.main:INFO: Registered plugins: IntrospectionAPIPlugin, <class 'manticore.ethereum.plugins.SkipRevertBasicBlocks'>, <class 'manticore.ethereum.plugins.FilterFunctions'>
2023-07-03 16:44:31,273: [70] m.main:INFO: Beginning analysis
2023-07-03 16:44:31,275: [70] m.e.manticore:INFO: Starting symbolic create contract
2023-07-03 16:44:34,701: [70] m.e.manticore:INFO: Starting symbolic transaction: 0
2023-07-03 16:44:34,852: [70] m.e.manticore:INFO: 0 alive states, 1 terminated states
2023-07-03 16:44:34,915: [70] m.e.manticore:INFO: Starting symbolic transaction: 1
2023-07-03 16:44:35,079: [70] m.c.manticore:INFO: Results in /mcore_foequ78t
2023-07-03 16:44:35,079: [70] m.c.manticore:INFO: Total time: 0.3758420944213867
2023-07-03 16:44:35,846: [129] m.main:INFO: Registered plugins: IntrospectionAPIPlugin, <class 'manticore.ethereum.plugins.SkipRevertBasicBlocks'>, <class 'manticore.ethereum.plugins.FilterFunctions'>
2023-07-03 16:44:35,847: [129] m.main:INFO: Beginning analysis
2023-07-03 16:44:35,849: [129] m.e.manticore:INFO: Starting symbolic create contract
2023-07-03 16:44:56,170: [129] m.e.manticore:INFO: Starting symbolic transaction: 0
