2023-07-03 16:06:14,776: [11] m.main:INFO: Registered plugins: IntrospectionAPIPlugin, <class 'manticore.ethereum.plugins.SkipRevertBasicBlocks'>, <class 'manticore.ethereum.plugins.FilterFunctions'>
2023-07-03 16:06:14,777: [11] m.main:INFO: Beginning analysis
2023-07-03 16:06:14,779: [11] m.e.manticore:INFO: Starting symbolic create contract
2023-07-03 16:06:16,218: [11] m.e.manticore:INFO: Starting symbolic transaction: 0
2023-07-03 16:06:16,360: [11] m.e.manticore:INFO: 0 alive states, 1 terminated states
2023-07-03 16:06:16,419: [11] m.e.manticore:INFO: Starting symbolic transaction: 1
2023-07-03 16:06:16,698: [11] m.c.manticore:INFO: Results in /mcore_qm6r263g
2023-07-03 16:06:16,700: [11] m.c.manticore:INFO: Total time: 0.4790921211242676
2023-07-03 16:06:17,438: [70] m.main:INFO: Registered plugins: IntrospectionAPIPlugin, <class 'manticore.ethereum.plugins.SkipRevertBasicBlocks'>, <class 'manticore.ethereum.plugins.FilterFunctions'>
2023-07-03 16:06:17,438: [70] m.main:INFO: Beginning analysis
2023-07-03 16:06:17,441: [70] m.e.manticore:INFO: Starting symbolic create contract
2023-07-03 16:06:18,857: [70] m.e.manticore:INFO: Starting symbolic transaction: 0
2023-07-03 16:06:18,988: [70] m.e.manticore:INFO: 0 alive states, 1 terminated states
2023-07-03 16:06:19,051: [70] m.e.manticore:INFO: Starting symbolic transaction: 1
2023-07-03 16:06:19,330: [70] m.c.manticore:INFO: Results in /mcore_7bsmgur9
2023-07-03 16:06:19,331: [70] m.c.manticore:INFO: Total time: 0.46643733978271484
2023-07-03 16:06:20,035: [129] m.main:INFO: Registered plugins: IntrospectionAPIPlugin, <class 'manticore.ethereum.plugins.SkipRevertBasicBlocks'>, <class 'manticore.ethereum.plugins.FilterFunctions'>
2023-07-03 16:06:20,035: [129] m.main:INFO: Beginning analysis
2023-07-03 16:06:20,038: [129] m.e.manticore:INFO: Starting symbolic create contract
2023-07-03 16:06:22,337: [129] m.e.manticore:INFO: Starting symbolic transaction: 0
2023-07-03 16:06:27,968: [129] m.e.manticore:INFO: 0 alive states, 3 terminated states
2023-07-03 16:06:28,346: [129] m.c.manticore:INFO: Results in /mcore_npy14itz
2023-07-03 16:06:28,346: [129] m.c.manticore:INFO: Total time: 5.976502895355225
2023-07-03 16:06:29,041: [200] m.main:INFO: Registered plugins: IntrospectionAPIPlugin, <class 'manticore.ethereum.plugins.SkipRevertBasicBlocks'>, <class 'manticore.ethereum.plugins.FilterFunctions'>
2023-07-03 16:06:29,041: [200] m.main:INFO: Beginning analysis
2023-07-03 16:06:29,044: [200] m.e.manticore:INFO: Starting symbolic create contract
