2023-07-13 02:38:19,472: [11] m.main:INFO: Registered plugins: IntrospectionAPIPlugin, <class 'manticore.ethereum.plugins.SkipRevertBasicBlocks'>, <class 'manticore.ethereum.plugins.FilterFunctions'>
2023-07-13 02:38:19,472: [11] m.main:INFO: Beginning analysis
2023-07-13 02:38:19,475: [11] m.e.manticore:INFO: Starting symbolic create contract
2023-07-13 02:38:19,963: [11] m.e.manticore:INFO: Starting symbolic transaction: 0
2023-07-13 02:38:21,916: [11] m.e.manticore:INFO: 2 alive states, 1 terminated states
2023-07-13 02:38:22,043: [11] m.e.manticore:INFO: Starting symbolic transaction: 1
2023-07-13 02:38:28,077: [11] m.e.manticore:INFO: 4 alive states, 1 terminated states
2023-07-13 02:38:28,320: [11] m.e.manticore:INFO: Starting symbolic transaction: 2
2023-07-13 02:38:41,739: [11] m.e.manticore:INFO: 8 alive states, 1 terminated states
2023-07-13 02:38:41,989: [119] m.c.manticore:INFO: Generated testcase No. 1 - STOP(4 txs)
2023-07-13 02:38:41,990: [119] m.c.plugin:WARNING: Caught will_solve in state None, but failed to capture its initialization
2023-07-13 02:38:41,991: [115] m.c.manticore:INFO: Generated testcase No. 0 - STOP(4 txs)
2023-07-13 02:38:41,992: [115] m.c.plugin:WARNING: Caught will_solve in state None, but failed to capture its initialization
2023-07-13 02:38:41,999: [116] m.c.manticore:INFO: Generated testcase No. 2 - STOP(4 txs)
2023-07-13 02:38:42,000: [116] m.c.plugin:WARNING: Caught will_solve in state None, but failed to capture its initialization
2023-07-13 02:38:42,002: [125] m.c.manticore:INFO: Generated testcase No. 3 - STOP(4 txs)
2023-07-13 02:38:42,002: [125] m.c.plugin:WARNING: Caught will_solve in state None, but failed to capture its initialization
2023-07-13 02:38:42,011: [123] m.c.manticore:INFO: Generated testcase No. 4 - STOP(4 txs)
2023-07-13 02:38:42,012: [123] m.c.plugin:WARNING: Caught will_solve in state None, but failed to capture its initialization
2023-07-13 02:38:42,013: [121] m.c.manticore:INFO: Generated testcase No. 5 - STOP(4 txs)
2023-07-13 02:38:42,014: [121] m.c.plugin:WARNING: Caught will_solve in state None, but failed to capture its initialization
2023-07-13 02:38:42,107: [114] m.c.manticore:INFO: Generated testcase No. 6 - STOP(4 txs)
2023-07-13 02:38:42,108: [114] m.c.plugin:WARNING: Caught will_solve in state None, but failed to capture its initialization
2023-07-13 02:38:42,123: [112] m.c.manticore:INFO: Generated testcase No. 7 - STOP(4 txs)
2023-07-13 02:38:42,124: [112] m.c.plugin:WARNING: Caught will_solve in state None, but failed to capture its initialization
2023-07-13 02:38:46,415: [11] m.c.manticore:INFO: Results in /mcore_5ar9mqzh
2023-07-13 02:38:46,416: [11] m.c.manticore:INFO: Total time: 18.06008768081665
