2023-07-03 15:55:10,976: [11] m.main:INFO: Registered plugins: IntrospectionAPIPlugin, <class 'manticore.ethereum.plugins.SkipRevertBasicBlocks'>, <class 'manticore.ethereum.plugins.FilterFunctions'>
2023-07-03 15:55:10,976: [11] m.main:INFO: Beginning analysis
2023-07-03 15:55:10,980: [11] m.e.manticore:INFO: Starting symbolic create contract
2023-07-03 15:55:12,446: [11] m.e.manticore:INFO: Starting symbolic transaction: 0
2023-07-03 15:55:12,615: [11] m.e.manticore:INFO: 0 alive states, 1 terminated states
2023-07-03 15:55:12,668: [11] m.e.manticore:INFO: Starting symbolic transaction: 1
2023-07-03 15:55:12,919: [11] m.c.manticore:INFO: Results in /mcore_cuznwwev
2023-07-03 15:55:12,919: [11] m.c.manticore:INFO: Total time: 0.4705352783203125
2023-07-03 15:55:13,583: [70] m.main:INFO: Registered plugins: IntrospectionAPIPlugin, <class 'manticore.ethereum.plugins.SkipRevertBasicBlocks'>, <class 'manticore.ethereum.plugins.FilterFunctions'>
2023-07-03 15:55:13,583: [70] m.main:INFO: Beginning analysis
2023-07-03 15:55:13,588: [70] m.e.manticore:INFO: Starting symbolic create contract
2023-07-03 15:55:15,084: [70] m.e.manticore:INFO: Starting symbolic transaction: 0
2023-07-03 15:55:15,247: [70] m.e.manticore:INFO: 0 alive states, 1 terminated states
2023-07-03 15:55:15,309: [70] m.e.manticore:INFO: Starting symbolic transaction: 1
2023-07-03 15:55:15,565: [70] m.c.manticore:INFO: Results in /mcore_ujhs5b0y
2023-07-03 15:55:15,565: [70] m.c.manticore:INFO: Total time: 0.4773886203765869
2023-07-03 15:55:16,202: [129] m.main:INFO: Registered plugins: IntrospectionAPIPlugin, <class 'manticore.ethereum.plugins.SkipRevertBasicBlocks'>, <class 'manticore.ethereum.plugins.FilterFunctions'>
2023-07-03 15:55:16,202: [129] m.main:INFO: Beginning analysis
2023-07-03 15:55:16,205: [129] m.e.manticore:INFO: Starting symbolic create contract
2023-07-03 15:55:18,201: [129] m.e.manticore:INFO: Starting symbolic transaction: 0
2023-07-03 15:55:23,775: [129] m.e.manticore:INFO: 0 alive states, 3 terminated states
2023-07-03 15:55:24,127: [129] m.c.manticore:INFO: Results in /mcore_zduww_yw
2023-07-03 15:55:24,128: [129] m.c.manticore:INFO: Total time: 5.910197019577026
2023-07-03 15:55:24,783: [197] m.main:INFO: Registered plugins: IntrospectionAPIPlugin, <class 'manticore.ethereum.plugins.SkipRevertBasicBlocks'>, <class 'manticore.ethereum.plugins.FilterFunctions'>
2023-07-03 15:55:24,783: [197] m.main:INFO: Beginning analysis
2023-07-03 15:55:24,785: [197] m.e.manticore:INFO: Starting symbolic create contract
