WARNING:root:You are using solc version 0.4.24. The supported version is 0.4.21.
INFO:root:Contract /sb/HomeBridgeNativeToErc_1.sol:BasicBridge:
INFO:symExec:Running, please wait...
INFO:symExec:	============ Results ===========
INFO:symExec:	  EVM code coverage: 	 100.0%
INFO:symExec:	  Arithmetic bugs: 	 False
INFO:symExec:	  └> Overflow bugs: 	 False
INFO:symExec:	  └> Underflow bugs: 	 False
INFO:symExec:	  └> Division bugs: 	 False
INFO:symExec:	  └> Modulo bugs:   	 False
INFO:symExec:	  └> Truncation bugs: 	 False
INFO:symExec:	  └> Signedness bugs: 	 False
INFO:symExec:	  Callstack bug: 	 False
INFO:symExec:	  Concurrency bug: 	 False
INFO:symExec:	  Time dependency bug: 	 False
INFO:symExec:	  Reentrancy bug: 	 False
INFO:symExec:	 --- 5.63643288612 seconds ---
INFO:symExec:	====== Analysis Completed ======
INFO:root:Contract /sb/HomeBridgeNativeToErc_1.sol:BasicHomeBridge:
INFO:symExec:Running, please wait...
INFO:symExec:	============ Results ===========
INFO:symExec:	  EVM code coverage: 	 25.2%
INFO:symExec:	  Arithmetic bugs: 	 True
INFO:symExec:	  └> Overflow bugs: 	 False
INFO:symExec:	  └> Underflow bugs: 	 False
INFO:symExec:	  └> Division bugs: 	 False
INFO:symExec:	  └> Modulo bugs:   	 False
INFO:symExec:	  └> Truncation bugs: 	 True
/sb/HomeBridgeNativeToErc_1.sol:BasicHomeBridge:421:9
return bytesStorage[keccak256(abi.encodePacked("signatures", _hash))]
^
/sb/HomeBridgeNativeToErc_1.sol:BasicHomeBridge:417:9
return bytesStorage[keccak256(abi.encodePacked("messages", _hash))]
^
INFO:symExec:	  └> Signedness bugs: 	 False
INFO:symExec:	  Callstack bug: 	 False
INFO:symExec:	  Concurrency bug: 	 False
INFO:symExec:	  Time dependency bug: 	 False
INFO:symExec:	  Reentrancy bug: 	 False
INFO:symExec:	 --- 481.144448996 seconds ---
INFO:symExec:	====== Analysis Completed ======
INFO:root:Contract /sb/HomeBridgeNativeToErc_1.sol:EternalStorage:
INFO:symExec:Running, please wait...
INFO:symExec:	============ Results ===========
INFO:symExec:	  EVM code coverage: 	 100.0%
INFO:symExec:	  Arithmetic bugs: 	 False
INFO:symExec:	  └> Overflow bugs: 	 False
INFO:symExec:	  └> Underflow bugs: 	 False
INFO:symExec:	  └> Division bugs: 	 False
INFO:symExec:	  └> Modulo bugs:   	 False
INFO:symExec:	  └> Truncation bugs: 	 False
INFO:symExec:	  └> Signedness bugs: 	 False
INFO:symExec:	  Callstack bug: 	 False
INFO:symExec:	  Concurrency bug: 	 False
INFO:symExec:	  Time dependency bug: 	 False
INFO:symExec:	  Reentrancy bug: 	 False
INFO:symExec:	 --- 0.00944089889526 seconds ---
INFO:symExec:	====== Analysis Completed ======
INFO:root:Contract /sb/HomeBridgeNativeToErc_1.sol:HomeBridgeNativeToErc:
INFO:symExec:Running, please wait...
