2023-07-03 16:51:01,302: [11] m.main:INFO: Registered plugins: IntrospectionAPIPlugin, <class 'manticore.ethereum.plugins.SkipRevertBasicBlocks'>, <class 'manticore.ethereum.plugins.FilterFunctions'>
2023-07-03 16:51:01,302: [11] m.main:INFO: Beginning analysis
2023-07-03 16:51:01,305: [11] m.e.manticore:INFO: Starting symbolic create contract
2023-07-03 16:51:02,818: [11] m.e.manticore:INFO: Starting symbolic transaction: 0
2023-07-03 16:51:02,958: [11] m.e.manticore:INFO: 0 alive states, 1 terminated states
2023-07-03 16:51:03,016: [11] m.e.manticore:INFO: Starting symbolic transaction: 1
2023-07-03 16:51:03,258: [11] m.c.manticore:INFO: Results in /mcore_tv383mdj
2023-07-03 16:51:03,258: [11] m.c.manticore:INFO: Total time: 0.4372138977050781
2023-07-03 16:51:03,927: [70] m.main:INFO: Registered plugins: IntrospectionAPIPlugin, <class 'manticore.ethereum.plugins.SkipRevertBasicBlocks'>, <class 'manticore.ethereum.plugins.FilterFunctions'>
2023-07-03 16:51:03,927: [70] m.main:INFO: Beginning analysis
2023-07-03 16:51:03,930: [70] m.e.manticore:INFO: Starting symbolic create contract
2023-07-03 16:51:05,298: [70] m.e.manticore:INFO: Starting symbolic transaction: 0
2023-07-03 16:51:05,451: [70] m.e.manticore:INFO: 0 alive states, 1 terminated states
2023-07-03 16:51:05,515: [70] m.e.manticore:INFO: Starting symbolic transaction: 1
2023-07-03 16:51:05,755: [70] m.c.manticore:INFO: Results in /mcore_mattnj55
2023-07-03 16:51:05,755: [70] m.c.manticore:INFO: Total time: 0.45342063903808594
2023-07-03 16:51:06,456: [129] m.main:INFO: Registered plugins: IntrospectionAPIPlugin, <class 'manticore.ethereum.plugins.SkipRevertBasicBlocks'>, <class 'manticore.ethereum.plugins.FilterFunctions'>
2023-07-03 16:51:06,456: [129] m.main:INFO: Beginning analysis
2023-07-03 16:51:06,459: [129] m.e.manticore:INFO: Starting symbolic create contract
2023-07-03 16:51:08,485: [129] m.e.manticore:INFO: Starting symbolic transaction: 0
2023-07-03 16:51:14,333: [129] m.e.manticore:INFO: 0 alive states, 3 terminated states
2023-07-03 16:51:14,695: [129] m.c.manticore:INFO: Results in /mcore_sc06ou1a
2023-07-03 16:51:14,695: [129] m.c.manticore:INFO: Total time: 6.19301700592041
2023-07-03 16:51:15,360: [200] m.main:INFO: Registered plugins: IntrospectionAPIPlugin, <class 'manticore.ethereum.plugins.SkipRevertBasicBlocks'>, <class 'manticore.ethereum.plugins.FilterFunctions'>
2023-07-03 16:51:15,360: [200] m.main:INFO: Beginning analysis
2023-07-03 16:51:15,363: [200] m.e.manticore:INFO: Starting symbolic create contract
