2023-07-03 15:55:49,859: [11] m.main:INFO: Registered plugins: IntrospectionAPIPlugin, <class 'manticore.ethereum.plugins.SkipRevertBasicBlocks'>, <class 'manticore.ethereum.plugins.FilterFunctions'>
2023-07-03 15:55:49,859: [11] m.main:INFO: Beginning analysis
2023-07-03 15:55:49,862: [11] m.e.manticore:INFO: Starting symbolic create contract
2023-07-03 15:55:49,896: [11] m.e.manticore:INFO: Failed to build contract /sb/DynamicLiquidTokenConverter_1.sol:62:27: Errors : Invalid solc compilation Error: Definition of base has to precede definition of derived contract
  --> sb/DynamicLiquidTokenConverter_1.sol:62:27:
   |
62 | interface ITokenHolder is IOwned {
   |                           ^^^^^^


. Solidity failed to generate bytecode for your contract. Check if all the abstract functions are implemented. 
Process Process-1:
Traceback (most recent call last):
  File "/usr/lib/python3.7/multiprocessing/process.py", line 297, in _bootstrap
    self.run()
  File "/usr/lib/python3.7/multiprocessing/process.py", line 99, in run
    self._target(*self._args, **self._kwargs)
  File "/usr/local/lib/python3.7/dist-packages/manticore/ethereum/manticore.py", line 1766, in worker_finalize
    finalizer(q.get_nowait())
  File "/usr/local/lib/python3.7/dist-packages/manticore/ethereum/manticore.py", line 1757, in finalizer
    if only_alive_states and last_tx.result in {"REVERT", "THROW", "TXERROR"}:
AttributeError: 'NoneType' object has no attribute 'result'
2023-07-03 15:55:49,991: [11] m.c.manticore:INFO: Results in /mcore_5as4i2o4
2023-07-03 15:55:49,992: [11] m.c.manticore:WARNING: Manticore failed to run
2023-07-03 15:55:50,694: [36] m.main:INFO: Registered plugins: IntrospectionAPIPlugin, <class 'manticore.ethereum.plugins.SkipRevertBasicBlocks'>, <class 'manticore.ethereum.plugins.FilterFunctions'>
2023-07-03 15:55:50,694: [36] m.main:INFO: Beginning analysis
2023-07-03 15:55:50,697: [36] m.e.manticore:INFO: Starting symbolic create contract
2023-07-03 15:55:50,733: [36] m.e.manticore:INFO: Failed to build contract TypeError: Errors : Invalid solc compilation Error: Definition of base has to precede definition of derived contract
  --> sb/DynamicLiquidTokenConverter_1.sol:62:27:
   |
62 | interface ITokenHolder is IOwned {
   |                           ^^^^^^


. Solidity failed to generate bytecode for your contract. Check if all the abstract functions are implemented. 
Process Process-1:
Traceback (most recent call last):
  File "/usr/lib/python3.7/multiprocessing/process.py", line 297, in _bootstrap
    self.run()
  File "/usr/lib/python3.7/multiprocessing/process.py", line 99, in run
    self._target(*self._args, **self._kwargs)
  File "/usr/local/lib/python3.7/dist-packages/manticore/ethereum/manticore.py", line 1766, in worker_finalize
    finalizer(q.get_nowait())
  File "/usr/local/lib/python3.7/dist-packages/manticore/ethereum/manticore.py", line 1757, in finalizer
    if only_alive_states and last_tx.result in {"REVERT", "THROW", "TXERROR"}:
AttributeError: 'NoneType' object has no attribute 'result'
2023-07-03 15:55:50,817: [36] m.c.manticore:INFO: Results in /mcore_xesnqf39
2023-07-03 15:55:50,817: [36] m.c.manticore:WARNING: Manticore failed to run
2023-07-03 15:55:51,520: [61] m.main:INFO: Registered plugins: IntrospectionAPIPlugin, <class 'manticore.ethereum.plugins.SkipRevertBasicBlocks'>, <class 'manticore.ethereum.plugins.FilterFunctions'>
2023-07-03 15:55:51,520: [61] m.main:INFO: Beginning analysis
2023-07-03 15:55:51,522: [61] m.e.manticore:INFO: Starting symbolic create contract
2023-07-03 15:55:51,555: [61] m.e.manticore:INFO: Failed to build contract Definition Errors : Invalid solc compilation Error: Definition of base has to precede definition of derived contract
  --> sb/DynamicLiquidTokenConverter_1.sol:62:27:
   |
62 | interface ITokenHolder is IOwned {
   |                           ^^^^^^


. Solidity failed to generate bytecode for your contract. Check if all the abstract functions are implemented. 
Process Process-1:
Traceback (most recent call last):
  File "/usr/lib/python3.7/multiprocessing/process.py", line 297, in _bootstrap
    self.run()
  File "/usr/lib/python3.7/multiprocessing/process.py", line 99, in run
    self._target(*self._args, **self._kwargs)
  File "/usr/local/lib/python3.7/dist-packages/manticore/ethereum/manticore.py", line 1766, in worker_finalize
    finalizer(q.get_nowait())
  File "/usr/local/lib/python3.7/dist-packages/manticore/ethereum/manticore.py", line 1757, in finalizer
    if only_alive_states and last_tx.result in {"REVERT", "THROW", "TXERROR"}:
AttributeError: 'NoneType' object has no attribute 'result'
2023-07-03 15:55:51,631: [61] m.c.manticore:INFO: Results in /mcore_q064dwri
2023-07-03 15:55:51,631: [61] m.c.manticore:WARNING: Manticore failed to run
2023-07-03 15:55:52,298: [86] m.main:INFO: Registered plugins: IntrospectionAPIPlugin, <class 'manticore.ethereum.plugins.SkipRevertBasicBlocks'>, <class 'manticore.ethereum.plugins.FilterFunctions'>
2023-07-03 15:55:52,298: [86] m.main:INFO: Beginning analysis
2023-07-03 15:55:52,300: [86] m.e.manticore:INFO: Starting symbolic create contract
2023-07-03 15:55:52,351: [86] m.e.manticore:INFO: Failed to build contract of Errors : Invalid solc compilation Error: Definition of base has to precede definition of derived contract
  --> sb/DynamicLiquidTokenConverter_1.sol:62:27:
   |
62 | interface ITokenHolder is IOwned {
   |                           ^^^^^^


. Solidity failed to generate bytecode for your contract. Check if all the abstract functions are implemented. 
Process Process-1:
Traceback (most recent call last):
  File "/usr/lib/python3.7/multiprocessing/process.py", line 297, in _bootstrap
    self.run()
  File "/usr/lib/python3.7/multiprocessing/process.py", line 99, in run
    self._target(*self._args, **self._kwargs)
  File "/usr/local/lib/python3.7/dist-packages/manticore/ethereum/manticore.py", line 1766, in worker_finalize
    finalizer(q.get_nowait())
  File "/usr/local/lib/python3.7/dist-packages/manticore/ethereum/manticore.py", line 1757, in finalizer
    if only_alive_states and last_tx.result in {"REVERT", "THROW", "TXERROR"}:
AttributeError: 'NoneType' object has no attribute 'result'
2023-07-03 15:55:52,428: [86] m.c.manticore:INFO: Results in /mcore_sd4nknyy
2023-07-03 15:55:52,428: [86] m.c.manticore:WARNING: Manticore failed to run
2023-07-03 15:55:53,180: [111] m.main:INFO: Registered plugins: IntrospectionAPIPlugin, <class 'manticore.ethereum.plugins.SkipRevertBasicBlocks'>, <class 'manticore.ethereum.plugins.FilterFunctions'>
2023-07-03 15:55:53,180: [111] m.main:INFO: Beginning analysis
2023-07-03 15:55:53,182: [111] m.e.manticore:INFO: Starting symbolic create contract
2023-07-03 15:55:53,222: [111] m.e.manticore:INFO: Failed to build contract base Errors : Invalid solc compilation Error: Definition of base has to precede definition of derived contract
  --> sb/DynamicLiquidTokenConverter_1.sol:62:27:
   |
62 | interface ITokenHolder is IOwned {
   |                           ^^^^^^


. Solidity failed to generate bytecode for your contract. Check if all the abstract functions are implemented. 
Process Process-1:
Traceback (most recent call last):
  File "/usr/lib/python3.7/multiprocessing/process.py", line 297, in _bootstrap
    self.run()
  File "/usr/lib/python3.7/multiprocessing/process.py", line 99, in run
    self._target(*self._args, **self._kwargs)
  File "/usr/local/lib/python3.7/dist-packages/manticore/ethereum/manticore.py", line 1766, in worker_finalize
    finalizer(q.get_nowait())
  File "/usr/local/lib/python3.7/dist-packages/manticore/ethereum/manticore.py", line 1757, in finalizer
    if only_alive_states and last_tx.result in {"REVERT", "THROW", "TXERROR"}:
AttributeError: 'NoneType' object has no attribute 'result'
2023-07-03 15:55:53,291: [111] m.c.manticore:INFO: Results in /mcore_1i7ryw37
2023-07-03 15:55:53,292: [111] m.c.manticore:WARNING: Manticore failed to run
2023-07-03 15:55:54,110: [136] m.main:INFO: Registered plugins: IntrospectionAPIPlugin, <class 'manticore.ethereum.plugins.SkipRevertBasicBlocks'>, <class 'manticore.ethereum.plugins.FilterFunctions'>
2023-07-03 15:55:54,111: [136] m.main:INFO: Beginning analysis
2023-07-03 15:55:54,113: [136] m.e.manticore:INFO: Starting symbolic create contract
2023-07-03 15:55:54,164: [136] m.e.manticore:INFO: Failed to build contract has Errors : Invalid solc compilation Error: Definition of base has to precede definition of derived contract
  --> sb/DynamicLiquidTokenConverter_1.sol:62:27:
   |
62 | interface ITokenHolder is IOwned {
   |                           ^^^^^^


. Solidity failed to generate bytecode for your contract. Check if all the abstract functions are implemented. 
Process Process-1:
Traceback (most recent call last):
  File "/usr/lib/python3.7/multiprocessing/process.py", line 297, in _bootstrap
    self.run()
  File "/usr/lib/python3.7/multiprocessing/process.py", line 99, in run
    self._target(*self._args, **self._kwargs)
  File "/usr/local/lib/python3.7/dist-packages/manticore/ethereum/manticore.py", line 1766, in worker_finalize
    finalizer(q.get_nowait())
  File "/usr/local/lib/python3.7/dist-packages/manticore/ethereum/manticore.py", line 1757, in finalizer
    if only_alive_states and last_tx.result in {"REVERT", "THROW", "TXERROR"}:
AttributeError: 'NoneType' object has no attribute 'result'
2023-07-03 15:55:54,241: [136] m.c.manticore:INFO: Results in /mcore_mox6e_oj
2023-07-03 15:55:54,241: [136] m.c.manticore:WARNING: Manticore failed to run
2023-07-03 15:55:54,893: [161] m.main:INFO: Registered plugins: IntrospectionAPIPlugin, <class 'manticore.ethereum.plugins.SkipRevertBasicBlocks'>, <class 'manticore.ethereum.plugins.FilterFunctions'>
2023-07-03 15:55:54,894: [161] m.main:INFO: Beginning analysis
2023-07-03 15:55:54,897: [161] m.e.manticore:INFO: Starting symbolic create contract
2023-07-03 15:55:54,939: [161] m.e.manticore:INFO: Failed to build contract to Errors : Invalid solc compilation Error: Definition of base has to precede definition of derived contract
  --> sb/DynamicLiquidTokenConverter_1.sol:62:27:
   |
62 | interface ITokenHolder is IOwned {
   |                           ^^^^^^


. Solidity failed to generate bytecode for your contract. Check if all the abstract functions are implemented. 
Process Process-1:
Traceback (most recent call last):
  File "/usr/lib/python3.7/multiprocessing/process.py", line 297, in _bootstrap
    self.run()
  File "/usr/lib/python3.7/multiprocessing/process.py", line 99, in run
    self._target(*self._args, **self._kwargs)
  File "/usr/local/lib/python3.7/dist-packages/manticore/ethereum/manticore.py", line 1766, in worker_finalize
    finalizer(q.get_nowait())
  File "/usr/local/lib/python3.7/dist-packages/manticore/ethereum/manticore.py", line 1757, in finalizer
    if only_alive_states and last_tx.result in {"REVERT", "THROW", "TXERROR"}:
AttributeError: 'NoneType' object has no attribute 'result'
2023-07-03 15:55:55,012: [161] m.c.manticore:INFO: Results in /mcore_bgocs6sr
2023-07-03 15:55:55,012: [161] m.c.manticore:WARNING: Manticore failed to run
2023-07-03 15:55:55,662: [186] m.main:INFO: Registered plugins: IntrospectionAPIPlugin, <class 'manticore.ethereum.plugins.SkipRevertBasicBlocks'>, <class 'manticore.ethereum.plugins.FilterFunctions'>
2023-07-03 15:55:55,662: [186] m.main:INFO: Beginning analysis
2023-07-03 15:55:55,665: [186] m.e.manticore:INFO: Starting symbolic create contract
2023-07-03 15:55:55,707: [186] m.e.manticore:INFO: Failed to build contract precede Errors : Invalid solc compilation Error: Definition of base has to precede definition of derived contract
  --> sb/DynamicLiquidTokenConverter_1.sol:62:27:
   |
62 | interface ITokenHolder is IOwned {
   |                           ^^^^^^


. Solidity failed to generate bytecode for your contract. Check if all the abstract functions are implemented. 
Process Process-1:
Traceback (most recent call last):
  File "/usr/lib/python3.7/multiprocessing/process.py", line 297, in _bootstrap
    self.run()
  File "/usr/lib/python3.7/multiprocessing/process.py", line 99, in run
    self._target(*self._args, **self._kwargs)
  File "/usr/local/lib/python3.7/dist-packages/manticore/ethereum/manticore.py", line 1766, in worker_finalize
    finalizer(q.get_nowait())
  File "/usr/local/lib/python3.7/dist-packages/manticore/ethereum/manticore.py", line 1757, in finalizer
    if only_alive_states and last_tx.result in {"REVERT", "THROW", "TXERROR"}:
AttributeError: 'NoneType' object has no attribute 'result'
2023-07-03 15:55:55,789: [186] m.c.manticore:INFO: Results in /mcore_tqb16crp
2023-07-03 15:55:55,789: [186] m.c.manticore:WARNING: Manticore failed to run
2023-07-03 15:55:56,536: [211] m.main:INFO: Registered plugins: IntrospectionAPIPlugin, <class 'manticore.ethereum.plugins.SkipRevertBasicBlocks'>, <class 'manticore.ethereum.plugins.FilterFunctions'>
2023-07-03 15:55:56,537: [211] m.main:INFO: Beginning analysis
2023-07-03 15:55:56,539: [211] m.e.manticore:INFO: Starting symbolic create contract
2023-07-03 15:55:56,588: [211] m.e.manticore:INFO: Failed to build contract definition Errors : Invalid solc compilation Error: Definition of base has to precede definition of derived contract
  --> sb/DynamicLiquidTokenConverter_1.sol:62:27:
   |
62 | interface ITokenHolder is IOwned {
   |                           ^^^^^^


. Solidity failed to generate bytecode for your contract. Check if all the abstract functions are implemented. 
Process Process-1:
Traceback (most recent call last):
  File "/usr/lib/python3.7/multiprocessing/process.py", line 297, in _bootstrap
    self.run()
  File "/usr/lib/python3.7/multiprocessing/process.py", line 99, in run
    self._target(*self._args, **self._kwargs)
  File "/usr/local/lib/python3.7/dist-packages/manticore/ethereum/manticore.py", line 1766, in worker_finalize
    finalizer(q.get_nowait())
  File "/usr/local/lib/python3.7/dist-packages/manticore/ethereum/manticore.py", line 1757, in finalizer
    if only_alive_states and last_tx.result in {"REVERT", "THROW", "TXERROR"}:
AttributeError: 'NoneType' object has no attribute 'result'
2023-07-03 15:55:56,654: [211] m.c.manticore:INFO: Results in /mcore_s2ttxss0
2023-07-03 15:55:56,654: [211] m.c.manticore:WARNING: Manticore failed to run
2023-07-03 15:55:57,345: [236] m.main:INFO: Registered plugins: IntrospectionAPIPlugin, <class 'manticore.ethereum.plugins.SkipRevertBasicBlocks'>, <class 'manticore.ethereum.plugins.FilterFunctions'>
2023-07-03 15:55:57,346: [236] m.main:INFO: Beginning analysis
2023-07-03 15:55:57,349: [236] m.e.manticore:INFO: Starting symbolic create contract
2023-07-03 15:55:57,394: [236] m.e.manticore:INFO: Failed to build contract of Errors : Invalid solc compilation Error: Definition of base has to precede definition of derived contract
  --> sb/DynamicLiquidTokenConverter_1.sol:62:27:
   |
62 | interface ITokenHolder is IOwned {
   |                           ^^^^^^


. Solidity failed to generate bytecode for your contract. Check if all the abstract functions are implemented. 
Process Process-2:
Traceback (most recent call last):
  File "/usr/lib/python3.7/multiprocessing/process.py", line 297, in _bootstrap
    self.run()
  File "/usr/lib/python3.7/multiprocessing/process.py", line 99, in run
    self._target(*self._args, **self._kwargs)
  File "/usr/local/lib/python3.7/dist-packages/manticore/ethereum/manticore.py", line 1766, in worker_finalize
    finalizer(q.get_nowait())
  File "/usr/local/lib/python3.7/dist-packages/manticore/ethereum/manticore.py", line 1757, in finalizer
    if only_alive_states and last_tx.result in {"REVERT", "THROW", "TXERROR"}:
AttributeError: 'NoneType' object has no attribute 'result'
2023-07-03 15:55:57,481: [236] m.c.manticore:INFO: Results in /mcore_uiv2370y
2023-07-03 15:55:57,482: [236] m.c.manticore:WARNING: Manticore failed to run
2023-07-03 15:55:58,166: [261] m.main:INFO: Registered plugins: IntrospectionAPIPlugin, <class 'manticore.ethereum.plugins.SkipRevertBasicBlocks'>, <class 'manticore.ethereum.plugins.FilterFunctions'>
2023-07-03 15:55:58,166: [261] m.main:INFO: Beginning analysis
2023-07-03 15:55:58,169: [261] m.e.manticore:INFO: Starting symbolic create contract
2023-07-03 15:55:58,200: [261] m.e.manticore:INFO: Failed to build contract derived Errors : Invalid solc compilation Error: Definition of base has to precede definition of derived contract
  --> sb/DynamicLiquidTokenConverter_1.sol:62:27:
   |
62 | interface ITokenHolder is IOwned {
   |                           ^^^^^^


. Solidity failed to generate bytecode for your contract. Check if all the abstract functions are implemented. 
Process Process-1:
Traceback (most recent call last):
  File "/usr/lib/python3.7/multiprocessing/process.py", line 297, in _bootstrap
    self.run()
  File "/usr/lib/python3.7/multiprocessing/process.py", line 99, in run
    self._target(*self._args, **self._kwargs)
  File "/usr/local/lib/python3.7/dist-packages/manticore/ethereum/manticore.py", line 1766, in worker_finalize
    finalizer(q.get_nowait())
  File "/usr/local/lib/python3.7/dist-packages/manticore/ethereum/manticore.py", line 1757, in finalizer
    if only_alive_states and last_tx.result in {"REVERT", "THROW", "TXERROR"}:
AttributeError: 'NoneType' object has no attribute 'result'
2023-07-03 15:55:58,276: [261] m.c.manticore:INFO: Results in /mcore_h13r31kv
2023-07-03 15:55:58,276: [261] m.c.manticore:WARNING: Manticore failed to run
2023-07-03 15:55:58,980: [286] m.main:INFO: Registered plugins: IntrospectionAPIPlugin, <class 'manticore.ethereum.plugins.SkipRevertBasicBlocks'>, <class 'manticore.ethereum.plugins.FilterFunctions'>
2023-07-03 15:55:58,980: [286] m.main:INFO: Beginning analysis
2023-07-03 15:55:58,983: [286] m.e.manticore:INFO: Starting symbolic create contract
2023-07-03 15:55:59,039: [286] m.e.manticore:INFO: Failed to build contract contract Errors : Invalid solc compilation Error: Definition of base has to precede definition of derived contract
  --> sb/DynamicLiquidTokenConverter_1.sol:62:27:
   |
62 | interface ITokenHolder is IOwned {
   |                           ^^^^^^


. Solidity failed to generate bytecode for your contract. Check if all the abstract functions are implemented. 
Process Process-1:
Traceback (most recent call last):
  File "/usr/lib/python3.7/multiprocessing/process.py", line 297, in _bootstrap
    self.run()
  File "/usr/lib/python3.7/multiprocessing/process.py", line 99, in run
    self._target(*self._args, **self._kwargs)
  File "/usr/local/lib/python3.7/dist-packages/manticore/ethereum/manticore.py", line 1766, in worker_finalize
    finalizer(q.get_nowait())
  File "/usr/local/lib/python3.7/dist-packages/manticore/ethereum/manticore.py", line 1757, in finalizer
    if only_alive_states and last_tx.result in {"REVERT", "THROW", "TXERROR"}:
AttributeError: 'NoneType' object has no attribute 'result'
2023-07-03 15:55:59,113: [286] m.c.manticore:INFO: Results in /mcore_6axum4mw
2023-07-03 15:55:59,114: [286] m.c.manticore:WARNING: Manticore failed to run
2023-07-03 15:55:59,779: [311] m.main:INFO: Registered plugins: IntrospectionAPIPlugin, <class 'manticore.ethereum.plugins.SkipRevertBasicBlocks'>, <class 'manticore.ethereum.plugins.FilterFunctions'>
2023-07-03 15:55:59,779: [311] m.main:INFO: Beginning analysis
2023-07-03 15:55:59,782: [311] m.e.manticore:INFO: Starting symbolic create contract
2023-07-03 15:55:59,817: [311] m.e.manticore:INFO: Failed to build contract interface Errors : Invalid solc compilation Error: Definition of base has to precede definition of derived contract
  --> sb/DynamicLiquidTokenConverter_1.sol:62:27:
   |
62 | interface ITokenHolder is IOwned {
   |                           ^^^^^^


. Solidity failed to generate bytecode for your contract. Check if all the abstract functions are implemented. 
Process Process-1:
Traceback (most recent call last):
  File "/usr/lib/python3.7/multiprocessing/process.py", line 297, in _bootstrap
    self.run()
  File "/usr/lib/python3.7/multiprocessing/process.py", line 99, in run
    self._target(*self._args, **self._kwargs)
  File "/usr/local/lib/python3.7/dist-packages/manticore/ethereum/manticore.py", line 1766, in worker_finalize
    finalizer(q.get_nowait())
  File "/usr/local/lib/python3.7/dist-packages/manticore/ethereum/manticore.py", line 1757, in finalizer
    if only_alive_states and last_tx.result in {"REVERT", "THROW", "TXERROR"}:
AttributeError: 'NoneType' object has no attribute 'result'
2023-07-03 15:55:59,916: [311] m.c.manticore:INFO: Results in /mcore_i750ibdl
2023-07-03 15:55:59,916: [311] m.c.manticore:WARNING: Manticore failed to run
2023-07-03 15:56:00,573: [336] m.main:INFO: Registered plugins: IntrospectionAPIPlugin, <class 'manticore.ethereum.plugins.SkipRevertBasicBlocks'>, <class 'manticore.ethereum.plugins.FilterFunctions'>
2023-07-03 15:56:00,574: [336] m.main:INFO: Beginning analysis
2023-07-03 15:56:00,575: [336] m.e.manticore:INFO: Starting symbolic create contract
2023-07-03 15:56:00,614: [336] m.e.manticore:INFO: Failed to build contract ITokenHolder Errors : Invalid solc compilation Error: Definition of base has to precede definition of derived contract
  --> sb/DynamicLiquidTokenConverter_1.sol:62:27:
   |
62 | interface ITokenHolder is IOwned {
   |                           ^^^^^^


. Solidity failed to generate bytecode for your contract. Check if all the abstract functions are implemented. 
Process Process-1:
Traceback (most recent call last):
  File "/usr/lib/python3.7/multiprocessing/process.py", line 297, in _bootstrap
    self.run()
  File "/usr/lib/python3.7/multiprocessing/process.py", line 99, in run
    self._target(*self._args, **self._kwargs)
  File "/usr/local/lib/python3.7/dist-packages/manticore/ethereum/manticore.py", line 1766, in worker_finalize
    finalizer(q.get_nowait())
  File "/usr/local/lib/python3.7/dist-packages/manticore/ethereum/manticore.py", line 1757, in finalizer
    if only_alive_states and last_tx.result in {"REVERT", "THROW", "TXERROR"}:
AttributeError: 'NoneType' object has no attribute 'result'
2023-07-03 15:56:00,690: [336] m.c.manticore:INFO: Results in /mcore_9efbwj94
2023-07-03 15:56:00,691: [336] m.c.manticore:WARNING: Manticore failed to run
2023-07-03 15:56:01,348: [361] m.main:INFO: Registered plugins: IntrospectionAPIPlugin, <class 'manticore.ethereum.plugins.SkipRevertBasicBlocks'>, <class 'manticore.ethereum.plugins.FilterFunctions'>
2023-07-03 15:56:01,348: [361] m.main:INFO: Beginning analysis
2023-07-03 15:56:01,351: [361] m.e.manticore:INFO: Starting symbolic create contract
2023-07-03 15:56:01,399: [361] m.e.manticore:INFO: Failed to build contract is Errors : Invalid solc compilation Error: Definition of base has to precede definition of derived contract
  --> sb/DynamicLiquidTokenConverter_1.sol:62:27:
   |
62 | interface ITokenHolder is IOwned {
   |                           ^^^^^^


. Solidity failed to generate bytecode for your contract. Check if all the abstract functions are implemented. 
Process Process-1:
Traceback (most recent call last):
  File "/usr/lib/python3.7/multiprocessing/process.py", line 297, in _bootstrap
    self.run()
  File "/usr/lib/python3.7/multiprocessing/process.py", line 99, in run
    self._target(*self._args, **self._kwargs)
  File "/usr/local/lib/python3.7/dist-packages/manticore/ethereum/manticore.py", line 1766, in worker_finalize
    finalizer(q.get_nowait())
  File "/usr/local/lib/python3.7/dist-packages/manticore/ethereum/manticore.py", line 1757, in finalizer
    if only_alive_states and last_tx.result in {"REVERT", "THROW", "TXERROR"}:
AttributeError: 'NoneType' object has no attribute 'result'
2023-07-03 15:56:01,475: [361] m.c.manticore:INFO: Results in /mcore_e8pgonab
2023-07-03 15:56:01,475: [361] m.c.manticore:WARNING: Manticore failed to run
2023-07-03 15:56:02,152: [386] m.main:INFO: Registered plugins: IntrospectionAPIPlugin, <class 'manticore.ethereum.plugins.SkipRevertBasicBlocks'>, <class 'manticore.ethereum.plugins.FilterFunctions'>
2023-07-03 15:56:02,152: [386] m.main:INFO: Beginning analysis
2023-07-03 15:56:02,156: [386] m.e.manticore:INFO: Starting symbolic create contract
2023-07-03 15:56:02,186: [386] m.e.manticore:INFO: Failed to build contract IOwned Errors : Invalid solc compilation Error: Definition of base has to precede definition of derived contract
  --> sb/DynamicLiquidTokenConverter_1.sol:62:27:
   |
62 | interface ITokenHolder is IOwned {
   |                           ^^^^^^


. Solidity failed to generate bytecode for your contract. Check if all the abstract functions are implemented. 
Process Process-1:
Traceback (most recent call last):
  File "/usr/lib/python3.7/multiprocessing/process.py", line 297, in _bootstrap
    self.run()
  File "/usr/lib/python3.7/multiprocessing/process.py", line 99, in run
    self._target(*self._args, **self._kwargs)
  File "/usr/local/lib/python3.7/dist-packages/manticore/ethereum/manticore.py", line 1766, in worker_finalize
    finalizer(q.get_nowait())
  File "/usr/local/lib/python3.7/dist-packages/manticore/ethereum/manticore.py", line 1757, in finalizer
    if only_alive_states and last_tx.result in {"REVERT", "THROW", "TXERROR"}:
AttributeError: 'NoneType' object has no attribute 'result'
2023-07-03 15:56:02,256: [386] m.c.manticore:INFO: Results in /mcore_go6794jj
2023-07-03 15:56:02,257: [386] m.c.manticore:WARNING: Manticore failed to run
2023-07-03 15:56:02,925: [411] m.main:INFO: Registered plugins: IntrospectionAPIPlugin, <class 'manticore.ethereum.plugins.SkipRevertBasicBlocks'>, <class 'manticore.ethereum.plugins.FilterFunctions'>
2023-07-03 15:56:02,925: [411] m.main:INFO: Beginning analysis
2023-07-03 15:56:02,928: [411] m.e.manticore:INFO: Starting symbolic create contract
2023-07-03 15:56:02,984: [411] m.e.manticore:INFO: Failed to build contract { Errors : Invalid solc compilation Error: Definition of base has to precede definition of derived contract
  --> sb/DynamicLiquidTokenConverter_1.sol:62:27:
   |
62 | interface ITokenHolder is IOwned {
   |                           ^^^^^^


. Solidity failed to generate bytecode for your contract. Check if all the abstract functions are implemented. 
Process Process-1:
Traceback (most recent call last):
  File "/usr/lib/python3.7/multiprocessing/process.py", line 297, in _bootstrap
    self.run()
  File "/usr/lib/python3.7/multiprocessing/process.py", line 99, in run
    self._target(*self._args, **self._kwargs)
  File "/usr/local/lib/python3.7/dist-packages/manticore/ethereum/manticore.py", line 1766, in worker_finalize
    finalizer(q.get_nowait())
  File "/usr/local/lib/python3.7/dist-packages/manticore/ethereum/manticore.py", line 1757, in finalizer
    if only_alive_states and last_tx.result in {"REVERT", "THROW", "TXERROR"}:
AttributeError: 'NoneType' object has no attribute 'result'
2023-07-03 15:56:03,061: [411] m.c.manticore:INFO: Results in /mcore_ydb5nszu
2023-07-03 15:56:03,061: [411] m.c.manticore:WARNING: Manticore failed to run
2023-07-03 15:56:03,738: [436] m.main:INFO: Registered plugins: IntrospectionAPIPlugin, <class 'manticore.ethereum.plugins.SkipRevertBasicBlocks'>, <class 'manticore.ethereum.plugins.FilterFunctions'>
2023-07-03 15:56:03,738: [436] m.main:INFO: Beginning analysis
2023-07-03 15:56:03,741: [436] m.e.manticore:INFO: Starting symbolic create contract
2023-07-03 15:56:03,840: [436] m.e.manticore:INFO: Failed to build contract ^----^ Errors : Invalid solc compilation Error: Definition of base has to precede definition of derived contract
  --> sb/DynamicLiquidTokenConverter_1.sol:62:27:
   |
62 | interface ITokenHolder is IOwned {
   |                           ^^^^^^


. Solidity failed to generate bytecode for your contract. Check if all the abstract functions are implemented. 
Process Process-1:
Traceback (most recent call last):
  File "/usr/lib/python3.7/multiprocessing/process.py", line 297, in _bootstrap
    self.run()
  File "/usr/lib/python3.7/multiprocessing/process.py", line 99, in run
    self._target(*self._args, **self._kwargs)
  File "/usr/local/lib/python3.7/dist-packages/manticore/ethereum/manticore.py", line 1766, in worker_finalize
    finalizer(q.get_nowait())
  File "/usr/local/lib/python3.7/dist-packages/manticore/ethereum/manticore.py", line 1757, in finalizer
    if only_alive_states and last_tx.result in {"REVERT", "THROW", "TXERROR"}:
AttributeError: 'NoneType' object has no attribute 'result'
2023-07-03 15:56:03,915: [436] m.c.manticore:INFO: Results in /mcore_d07f2ac9
2023-07-03 15:56:03,915: [436] m.c.manticore:WARNING: Manticore failed to run
