2023-07-03 16:17:25,341: [11] m.main:INFO: Registered plugins: IntrospectionAPIPlugin, <class 'manticore.ethereum.plugins.SkipRevertBasicBlocks'>, <class 'manticore.ethereum.plugins.FilterFunctions'>
2023-07-03 16:17:25,342: [11] m.main:INFO: Beginning analysis
2023-07-03 16:17:25,344: [11] m.e.manticore:INFO: Starting symbolic create contract
2023-07-03 16:17:26,118: [11] m.e.manticore:INFO: Starting symbolic transaction: 0
2023-07-03 16:17:26,261: [11] m.e.manticore:INFO: 0 alive states, 2 terminated states
2023-07-03 16:17:26,422: [11] m.c.manticore:INFO: Results in /mcore__903rto2
2023-07-03 16:17:26,423: [11] m.c.manticore:INFO: Total time: 0.3005177974700928
2023-07-03 16:17:27,344: [76] m.main:INFO: Registered plugins: IntrospectionAPIPlugin, <class 'manticore.ethereum.plugins.SkipRevertBasicBlocks'>, <class 'manticore.ethereum.plugins.FilterFunctions'>
2023-07-03 16:17:27,345: [76] m.main:INFO: Beginning analysis
2023-07-03 16:17:27,349: [76] m.e.manticore:INFO: Starting symbolic create contract
2023-07-03 16:17:28,179: [76] m.e.manticore:INFO: Starting symbolic transaction: 0
2023-07-03 16:17:28,282: [76] m.e.manticore:INFO: 0 alive states, 2 terminated states
2023-07-03 16:17:28,433: [76] m.c.manticore:INFO: Results in /mcore_0bb04ip3
2023-07-03 16:17:28,433: [76] m.c.manticore:INFO: Total time: 0.24912667274475098
2023-07-03 16:17:29,165: [141] m.main:INFO: Registered plugins: IntrospectionAPIPlugin, <class 'manticore.ethereum.plugins.SkipRevertBasicBlocks'>, <class 'manticore.ethereum.plugins.FilterFunctions'>
2023-07-03 16:17:29,165: [141] m.main:INFO: Beginning analysis
2023-07-03 16:17:29,168: [141] m.e.manticore:INFO: Starting symbolic create contract
2023-07-03 16:17:30,007: [141] m.e.manticore:INFO: Starting symbolic transaction: 0
2023-07-03 16:17:30,150: [141] m.e.manticore:INFO: 0 alive states, 2 terminated states
2023-07-03 16:17:30,284: [141] m.c.manticore:INFO: Results in /mcore_hrwi40tc
2023-07-03 16:17:30,285: [141] m.c.manticore:INFO: Total time: 0.2733783721923828
2023-07-03 16:17:31,091: [206] m.main:INFO: Registered plugins: IntrospectionAPIPlugin, <class 'manticore.ethereum.plugins.SkipRevertBasicBlocks'>, <class 'manticore.ethereum.plugins.FilterFunctions'>
2023-07-03 16:17:31,092: [206] m.main:INFO: Beginning analysis
2023-07-03 16:17:31,094: [206] m.e.manticore:INFO: Starting symbolic create contract
2023-07-03 16:17:31,898: [206] m.e.manticore:INFO: Starting symbolic transaction: 0
2023-07-03 16:17:31,966: [206] m.e.manticore:INFO: 0 alive states, 2 terminated states
2023-07-03 16:17:32,174: [206] m.c.manticore:INFO: Results in /mcore_0z45dr80
2023-07-03 16:17:32,175: [206] m.c.manticore:INFO: Total time: 0.273637056350708
2023-07-03 16:17:33,043: [268] m.main:INFO: Registered plugins: IntrospectionAPIPlugin, <class 'manticore.ethereum.plugins.SkipRevertBasicBlocks'>, <class 'manticore.ethereum.plugins.FilterFunctions'>
2023-07-03 16:17:33,044: [268] m.main:INFO: Beginning analysis
2023-07-03 16:17:33,046: [268] m.e.manticore:INFO: Starting symbolic create contract
2023-07-03 16:17:33,945: [268] m.e.manticore:INFO: Starting symbolic transaction: 0
2023-07-03 16:17:34,056: [268] m.e.manticore:INFO: 0 alive states, 2 terminated states
2023-07-03 16:17:34,216: [268] m.c.manticore:INFO: Results in /mcore_jc7n8j7x
2023-07-03 16:17:34,216: [268] m.c.manticore:INFO: Total time: 0.2675774097442627
2023-07-03 16:17:34,962: [333] m.main:INFO: Registered plugins: IntrospectionAPIPlugin, <class 'manticore.ethereum.plugins.SkipRevertBasicBlocks'>, <class 'manticore.ethereum.plugins.FilterFunctions'>
2023-07-03 16:17:34,962: [333] m.main:INFO: Beginning analysis
2023-07-03 16:17:34,964: [333] m.e.manticore:INFO: Starting symbolic create contract
2023-07-03 16:17:35,736: [333] m.e.manticore:INFO: Starting symbolic transaction: 0
2023-07-03 16:17:35,831: [333] m.e.manticore:INFO: 0 alive states, 2 terminated states
2023-07-03 16:17:35,988: [333] m.c.manticore:INFO: Results in /mcore_9rnv86b2
2023-07-03 16:17:35,988: [333] m.c.manticore:INFO: Total time: 0.24945497512817383
2023-07-03 16:17:36,735: [398] m.main:INFO: Registered plugins: IntrospectionAPIPlugin, <class 'manticore.ethereum.plugins.SkipRevertBasicBlocks'>, <class 'manticore.ethereum.plugins.FilterFunctions'>
2023-07-03 16:17:36,735: [398] m.main:INFO: Beginning analysis
2023-07-03 16:17:36,737: [398] m.e.manticore:INFO: Starting symbolic create contract
2023-07-03 16:17:37,763: [398] m.e.manticore:INFO: Starting symbolic transaction: 0
2023-07-03 16:17:38,328: [398] m.c.worker:ERROR: Exception in state 0: ManticoreError('Forking on unfeasible constraint set')
Traceback (most recent call last):
  File "/usr/local/lib/python3.7/dist-packages/manticore/core/worker.py", line 137, in run
    current_state.execute()
  File "/usr/local/lib/python3.7/dist-packages/manticore/ethereum/state.py", line 8, in execute
    return self._platform.execute()
  File "/usr/local/lib/python3.7/dist-packages/manticore/platforms/evm.py", line 3106, in execute
    self.current_vm.execute()
  File "/usr/local/lib/python3.7/dist-packages/manticore/platforms/evm.py", line 1322, in execute
    raise Concretize("Symbolic PC", expression=expression, setstate=setstate, policy="ALL")
manticore.core.state.Concretize

During handling of the above exception, another exception occurred:

Traceback (most recent call last):
  File "/usr/local/lib/python3.7/dist-packages/manticore/core/worker.py", line 158, in run
    m._fork(current_state, exc.expression, exc.policy, exc.setstate, exc.values)
  File "/usr/local/lib/python3.7/dist-packages/manticore/core/manticore.py", line 518, in _fork
    raise ManticoreError("Forking on unfeasible constraint set")
manticore.exceptions.ManticoreError: Forking on unfeasible constraint set
 
2023-07-03 16:17:38,334: [398] m.e.manticore:INFO: 0 alive states, 1 terminated states
2023-07-03 16:17:38,459: [398] m.c.manticore:INFO: Results in /mcore_aupb0kcv
2023-07-03 16:17:38,459: [398] m.c.manticore:INFO: Total time: 0.6901376247406006
2023-07-03 16:17:39,092: [460] m.main:INFO: Registered plugins: IntrospectionAPIPlugin, <class 'manticore.ethereum.plugins.SkipRevertBasicBlocks'>, <class 'manticore.ethereum.plugins.FilterFunctions'>
2023-07-03 16:17:39,093: [460] m.main:INFO: Beginning analysis
2023-07-03 16:17:39,096: [460] m.e.manticore:INFO: Starting symbolic create contract
2023-07-03 16:17:39,961: [460] m.e.manticore:INFO: Starting symbolic transaction: 0
2023-07-03 16:17:40,452: [460] m.c.worker:ERROR: Exception in state 0: ManticoreError('Forking on unfeasible constraint set')
Traceback (most recent call last):
  File "/usr/local/lib/python3.7/dist-packages/manticore/core/worker.py", line 137, in run
    current_state.execute()
  File "/usr/local/lib/python3.7/dist-packages/manticore/ethereum/state.py", line 8, in execute
    return self._platform.execute()
  File "/usr/local/lib/python3.7/dist-packages/manticore/platforms/evm.py", line 3106, in execute
    self.current_vm.execute()
  File "/usr/local/lib/python3.7/dist-packages/manticore/platforms/evm.py", line 1322, in execute
    raise Concretize("Symbolic PC", expression=expression, setstate=setstate, policy="ALL")
manticore.core.state.Concretize

During handling of the above exception, another exception occurred:

Traceback (most recent call last):
  File "/usr/local/lib/python3.7/dist-packages/manticore/core/worker.py", line 158, in run
    m._fork(current_state, exc.expression, exc.policy, exc.setstate, exc.values)
  File "/usr/local/lib/python3.7/dist-packages/manticore/core/manticore.py", line 518, in _fork
    raise ManticoreError("Forking on unfeasible constraint set")
manticore.exceptions.ManticoreError: Forking on unfeasible constraint set
 
2023-07-03 16:17:40,459: [460] m.e.manticore:INFO: 0 alive states, 1 terminated states
2023-07-03 16:17:40,574: [460] m.c.manticore:INFO: Results in /mcore_rcjsydo0
2023-07-03 16:17:40,574: [460] m.c.manticore:INFO: Total time: 0.6068093776702881
2023-07-03 16:17:41,259: [519] m.main:INFO: Registered plugins: IntrospectionAPIPlugin, <class 'manticore.ethereum.plugins.SkipRevertBasicBlocks'>, <class 'manticore.ethereum.plugins.FilterFunctions'>
2023-07-03 16:17:41,260: [519] m.main:INFO: Beginning analysis
2023-07-03 16:17:41,264: [519] m.e.manticore:INFO: Starting symbolic create contract
2023-07-03 16:17:43,175: [519] m.e.manticore:INFO: Starting symbolic transaction: 0
2023-07-03 16:18:08,000: [519] m.c.worker:ERROR: Exception in state 6: ManticoreError('Forking on unfeasible constraint set')
Traceback (most recent call last):
  File "/usr/local/lib/python3.7/dist-packages/manticore/core/worker.py", line 137, in run
    current_state.execute()
  File "/usr/local/lib/python3.7/dist-packages/manticore/ethereum/state.py", line 8, in execute
    return self._platform.execute()
  File "/usr/local/lib/python3.7/dist-packages/manticore/platforms/evm.py", line 3106, in execute
    self.current_vm.execute()
  File "/usr/local/lib/python3.7/dist-packages/manticore/platforms/evm.py", line 1322, in execute
    raise Concretize("Symbolic PC", expression=expression, setstate=setstate, policy="ALL")
manticore.core.state.Concretize

During handling of the above exception, another exception occurred:

Traceback (most recent call last):
  File "/usr/local/lib/python3.7/dist-packages/manticore/core/worker.py", line 158, in run
    m._fork(current_state, exc.expression, exc.policy, exc.setstate, exc.values)
  File "/usr/local/lib/python3.7/dist-packages/manticore/core/manticore.py", line 518, in _fork
    raise ManticoreError("Forking on unfeasible constraint set")
manticore.exceptions.ManticoreError: Forking on unfeasible constraint set
 
2023-07-03 16:18:08,180: [519] m.e.manticore:INFO: 0 alive states, 3 terminated states
2023-07-03 16:18:08,538: [519] m.c.manticore:INFO: Results in /mcore_yg4lrkbu
2023-07-03 16:18:08,539: [519] m.c.manticore:INFO: Total time: 25.336167335510254
