WARNING:root:You are using solc version 0.4.26. The supported version is 0.4.21.
INFO:root:Contract /sb/ProjectKudos_3.sol:ProjectKudos:
INFO:symExec:Running, please wait...
INFO:symExec:	============ Results ===========
INFO:symExec:	  EVM code coverage: 	 51.2%
INFO:symExec:	  Arithmetic bugs: 	 True
INFO:symExec:	  └> Overflow bugs: 	 True
/sb/ProjectKudos_3.sol:ProjectKudos:227:9
projects = idx.projects
^
/sb/ProjectKudos_3.sol:ProjectKudos:136:9
project.kudosByUser[msg.sender] += kudos
^
/sb/ProjectKudos_3.sol:ProjectKudos:225:5
function getKudosPerProject(address giver) constant returns (bytes32[] projects, uint[] kudos) {
^
/sb/ProjectKudos_3.sol:ProjectKudos:227:9
projects = idx.projects
^
/sb/ProjectKudos_3.sol:ProjectKudos:228:9
kudos = idx.kudos
^
INFO:symExec:	  └> Underflow bugs: 	 False
INFO:symExec:	  └> Division bugs: 	 False
INFO:symExec:	  └> Modulo bugs:   	 False
INFO:symExec:	  └> Truncation bugs: 	 False
INFO:symExec:	  └> Signedness bugs: 	 False
INFO:symExec:	  Callstack bug: 	 False
INFO:symExec:	  Concurrency bug: 	 False
INFO:symExec:	  Time dependency bug: 	 False
INFO:symExec:	  Reentrancy bug: 	 False
INFO:symExec:	 --- 480.047211885 seconds ---
INFO:symExec:	====== Analysis Completed ======

  .oooooo.             o8o            o8o          
 d8P'  `Y8b            `"'            `"'          
888      888  .oooo.o oooo  oooo d8b oooo   .oooo.o
888      888 d88(  "8 `888  `888""8P `888  d88(  "8
888      888 `"Y88b.   888   888      888  `"Y88b. 
`88b    d88' o.  )88b  888   888      888  o.  )88b
 `Y8bood8P'  8""888P' o888o d888b    o888o 8""888P'


!!! SYMBOLIC EXECUTION TIMEOUT !!!
