2023-07-03 16:37:13,341: [11] m.main:INFO: Registered plugins: IntrospectionAPIPlugin, <class 'manticore.ethereum.plugins.SkipRevertBasicBlocks'>, <class 'manticore.ethereum.plugins.FilterFunctions'>
2023-07-03 16:37:13,342: [11] m.main:INFO: Beginning analysis
2023-07-03 16:37:13,345: [11] m.e.manticore:INFO: Starting symbolic create contract
2023-07-03 16:37:14,132: [11] m.e.manticore:INFO: Starting symbolic transaction: 0
2023-07-03 16:37:14,253: [11] m.e.manticore:INFO: 0 alive states, 2 terminated states
2023-07-03 16:37:14,419: [11] m.c.manticore:INFO: Results in /mcore_7bflr_5p
2023-07-03 16:37:14,420: [11] m.c.manticore:INFO: Total time: 0.2842986583709717
2023-07-03 16:37:15,218: [76] m.main:INFO: Registered plugins: IntrospectionAPIPlugin, <class 'manticore.ethereum.plugins.SkipRevertBasicBlocks'>, <class 'manticore.ethereum.plugins.FilterFunctions'>
2023-07-03 16:37:15,219: [76] m.main:INFO: Beginning analysis
2023-07-03 16:37:15,221: [76] m.e.manticore:INFO: Starting symbolic create contract
2023-07-03 16:37:16,102: [76] m.e.manticore:INFO: Starting symbolic transaction: 0
2023-07-03 16:37:16,176: [76] m.e.manticore:INFO: 0 alive states, 2 terminated states
2023-07-03 16:37:16,315: [76] m.c.manticore:INFO: Results in /mcore_maz294e2
2023-07-03 16:37:16,315: [76] m.c.manticore:INFO: Total time: 0.20968008041381836
2023-07-03 16:37:16,963: [138] m.main:INFO: Registered plugins: IntrospectionAPIPlugin, <class 'manticore.ethereum.plugins.SkipRevertBasicBlocks'>, <class 'manticore.ethereum.plugins.FilterFunctions'>
2023-07-03 16:37:16,963: [138] m.main:INFO: Beginning analysis
2023-07-03 16:37:16,966: [138] m.e.manticore:INFO: Starting symbolic create contract
2023-07-03 16:37:17,749: [138] m.e.manticore:INFO: Starting symbolic transaction: 0
2023-07-03 16:37:17,874: [138] m.e.manticore:INFO: 0 alive states, 2 terminated states
2023-07-03 16:37:18,035: [138] m.c.manticore:INFO: Results in /mcore_zukrgyb3
2023-07-03 16:37:18,035: [138] m.c.manticore:INFO: Total time: 0.2824881076812744
2023-07-03 16:37:18,729: [203] m.main:INFO: Registered plugins: IntrospectionAPIPlugin, <class 'manticore.ethereum.plugins.SkipRevertBasicBlocks'>, <class 'manticore.ethereum.plugins.FilterFunctions'>
2023-07-03 16:37:18,730: [203] m.main:INFO: Beginning analysis
2023-07-03 16:37:18,734: [203] m.e.manticore:INFO: Starting symbolic create contract
2023-07-03 16:37:19,579: [203] m.e.manticore:INFO: Starting symbolic transaction: 0
2023-07-03 16:37:19,740: [203] m.e.manticore:INFO: 0 alive states, 2 terminated states
2023-07-03 16:37:19,892: [203] m.c.manticore:INFO: Results in /mcore_3gmrktu3
2023-07-03 16:37:19,892: [203] m.c.manticore:INFO: Total time: 0.30952024459838867
2023-07-03 16:37:20,683: [268] m.main:INFO: Registered plugins: IntrospectionAPIPlugin, <class 'manticore.ethereum.plugins.SkipRevertBasicBlocks'>, <class 'manticore.ethereum.plugins.FilterFunctions'>
2023-07-03 16:37:20,683: [268] m.main:INFO: Beginning analysis
2023-07-03 16:37:20,685: [268] m.e.manticore:INFO: Starting symbolic create contract
2023-07-03 16:37:21,435: [268] m.e.manticore:INFO: Starting symbolic transaction: 0
2023-07-03 16:37:21,536: [268] m.e.manticore:INFO: 0 alive states, 2 terminated states
2023-07-03 16:37:21,707: [268] m.c.manticore:INFO: Results in /mcore_5do7_m8_
2023-07-03 16:37:21,707: [268] m.c.manticore:INFO: Total time: 0.26937031745910645
2023-07-03 16:37:22,423: [333] m.main:INFO: Registered plugins: IntrospectionAPIPlugin, <class 'manticore.ethereum.plugins.SkipRevertBasicBlocks'>, <class 'manticore.ethereum.plugins.FilterFunctions'>
2023-07-03 16:37:22,423: [333] m.main:INFO: Beginning analysis
2023-07-03 16:37:22,425: [333] m.e.manticore:INFO: Starting symbolic create contract
2023-07-03 16:37:23,195: [333] m.e.manticore:INFO: Starting symbolic transaction: 0
2023-07-03 16:37:23,291: [333] m.e.manticore:INFO: 0 alive states, 2 terminated states
2023-07-03 16:37:23,441: [333] m.c.manticore:INFO: Results in /mcore_1fs5flph
2023-07-03 16:37:23,442: [333] m.c.manticore:INFO: Total time: 0.24339532852172852
2023-07-03 16:37:24,198: [395] m.main:INFO: Registered plugins: IntrospectionAPIPlugin, <class 'manticore.ethereum.plugins.SkipRevertBasicBlocks'>, <class 'manticore.ethereum.plugins.FilterFunctions'>
2023-07-03 16:37:24,198: [395] m.main:INFO: Beginning analysis
2023-07-03 16:37:24,200: [395] m.e.manticore:INFO: Starting symbolic create contract
2023-07-03 16:37:25,083: [395] m.e.manticore:INFO: Starting symbolic transaction: 0
2023-07-03 16:37:25,585: [395] m.c.worker:ERROR: Exception in state 0: ManticoreError('Forking on unfeasible constraint set')
Traceback (most recent call last):
  File "/usr/local/lib/python3.7/dist-packages/manticore/core/worker.py", line 137, in run
    current_state.execute()
  File "/usr/local/lib/python3.7/dist-packages/manticore/ethereum/state.py", line 8, in execute
    return self._platform.execute()
  File "/usr/local/lib/python3.7/dist-packages/manticore/platforms/evm.py", line 3106, in execute
    self.current_vm.execute()
  File "/usr/local/lib/python3.7/dist-packages/manticore/platforms/evm.py", line 1322, in execute
    raise Concretize("Symbolic PC", expression=expression, setstate=setstate, policy="ALL")
manticore.core.state.Concretize

During handling of the above exception, another exception occurred:

Traceback (most recent call last):
  File "/usr/local/lib/python3.7/dist-packages/manticore/core/worker.py", line 158, in run
    m._fork(current_state, exc.expression, exc.policy, exc.setstate, exc.values)
  File "/usr/local/lib/python3.7/dist-packages/manticore/core/manticore.py", line 518, in _fork
    raise ManticoreError("Forking on unfeasible constraint set")
manticore.exceptions.ManticoreError: Forking on unfeasible constraint set
 
2023-07-03 16:37:25,590: [395] m.e.manticore:INFO: 0 alive states, 1 terminated states
2023-07-03 16:37:25,716: [395] m.c.manticore:INFO: Results in /mcore_yhr3can7
2023-07-03 16:37:25,716: [395] m.c.manticore:INFO: Total time: 0.629143476486206
2023-07-03 16:37:26,371: [451] m.main:INFO: Registered plugins: IntrospectionAPIPlugin, <class 'manticore.ethereum.plugins.SkipRevertBasicBlocks'>, <class 'manticore.ethereum.plugins.FilterFunctions'>
2023-07-03 16:37:26,371: [451] m.main:INFO: Beginning analysis
2023-07-03 16:37:26,376: [451] m.e.manticore:INFO: Starting symbolic create contract
2023-07-03 16:37:27,291: [451] m.e.manticore:INFO: Starting symbolic transaction: 0
2023-07-03 16:37:27,961: [451] m.c.worker:ERROR: Exception in state 0: ManticoreError('Forking on unfeasible constraint set')
Traceback (most recent call last):
  File "/usr/local/lib/python3.7/dist-packages/manticore/core/worker.py", line 137, in run
    current_state.execute()
  File "/usr/local/lib/python3.7/dist-packages/manticore/ethereum/state.py", line 8, in execute
    return self._platform.execute()
  File "/usr/local/lib/python3.7/dist-packages/manticore/platforms/evm.py", line 3106, in execute
    self.current_vm.execute()
  File "/usr/local/lib/python3.7/dist-packages/manticore/platforms/evm.py", line 1322, in execute
    raise Concretize("Symbolic PC", expression=expression, setstate=setstate, policy="ALL")
manticore.core.state.Concretize

During handling of the above exception, another exception occurred:

Traceback (most recent call last):
  File "/usr/local/lib/python3.7/dist-packages/manticore/core/worker.py", line 158, in run
    m._fork(current_state, exc.expression, exc.policy, exc.setstate, exc.values)
  File "/usr/local/lib/python3.7/dist-packages/manticore/core/manticore.py", line 518, in _fork
    raise ManticoreError("Forking on unfeasible constraint set")
manticore.exceptions.ManticoreError: Forking on unfeasible constraint set
 
2023-07-03 16:37:27,967: [451] m.e.manticore:INFO: 0 alive states, 1 terminated states
2023-07-03 16:37:28,096: [451] m.c.manticore:INFO: Results in /mcore_u7baucq6
2023-07-03 16:37:28,096: [451] m.c.manticore:INFO: Total time: 0.7974388599395752
2023-07-03 16:37:28,832: [510] m.main:INFO: Registered plugins: IntrospectionAPIPlugin, <class 'manticore.ethereum.plugins.SkipRevertBasicBlocks'>, <class 'manticore.ethereum.plugins.FilterFunctions'>
2023-07-03 16:37:28,832: [510] m.main:INFO: Beginning analysis
2023-07-03 16:37:28,834: [510] m.e.manticore:INFO: Starting symbolic create contract
2023-07-03 16:37:31,131: [510] m.e.manticore:INFO: Starting symbolic transaction: 0
2023-07-03 16:37:55,478: [510] m.c.worker:ERROR: Exception in state 10: ManticoreError('Forking on unfeasible constraint set')
Traceback (most recent call last):
  File "/usr/local/lib/python3.7/dist-packages/manticore/core/worker.py", line 137, in run
    current_state.execute()
  File "/usr/local/lib/python3.7/dist-packages/manticore/ethereum/state.py", line 8, in execute
    return self._platform.execute()
  File "/usr/local/lib/python3.7/dist-packages/manticore/platforms/evm.py", line 3106, in execute
    self.current_vm.execute()
  File "/usr/local/lib/python3.7/dist-packages/manticore/platforms/evm.py", line 1322, in execute
    raise Concretize("Symbolic PC", expression=expression, setstate=setstate, policy="ALL")
manticore.core.state.Concretize

During handling of the above exception, another exception occurred:

Traceback (most recent call last):
  File "/usr/local/lib/python3.7/dist-packages/manticore/core/worker.py", line 158, in run
    m._fork(current_state, exc.expression, exc.policy, exc.setstate, exc.values)
  File "/usr/local/lib/python3.7/dist-packages/manticore/core/manticore.py", line 518, in _fork
    raise ManticoreError("Forking on unfeasible constraint set")
manticore.exceptions.ManticoreError: Forking on unfeasible constraint set
 
2023-07-03 16:37:55,582: [510] m.e.manticore:INFO: 0 alive states, 3 terminated states
2023-07-03 16:37:55,974: [510] m.c.manticore:INFO: Results in /mcore_dbkol4vo
2023-07-03 16:37:55,975: [510] m.c.manticore:INFO: Total time: 24.810032844543457
