2023-07-03 16:50:22,098: [10] m.main:INFO: Registered plugins: IntrospectionAPIPlugin, <class 'manticore.ethereum.plugins.SkipRevertBasicBlocks'>, <class 'manticore.ethereum.plugins.FilterFunctions'>
2023-07-03 16:50:22,098: [10] m.main:INFO: Beginning analysis
2023-07-03 16:50:22,100: [10] m.e.manticore:INFO: Starting symbolic create contract
2023-07-03 16:50:23,407: [10] m.e.manticore:INFO: Starting symbolic transaction: 0
2023-07-03 16:50:23,551: [10] m.e.manticore:INFO: 0 alive states, 1 terminated states
2023-07-03 16:50:23,598: [10] m.e.manticore:INFO: Starting symbolic transaction: 1
2023-07-03 16:50:23,833: [10] m.c.manticore:INFO: Results in /mcore_g6w8hyn8
2023-07-03 16:50:23,833: [10] m.c.manticore:INFO: Total time: 0.4233107566833496
2023-07-03 16:50:24,537: [69] m.main:INFO: Registered plugins: IntrospectionAPIPlugin, <class 'manticore.ethereum.plugins.SkipRevertBasicBlocks'>, <class 'manticore.ethereum.plugins.FilterFunctions'>
2023-07-03 16:50:24,538: [69] m.main:INFO: Beginning analysis
2023-07-03 16:50:24,543: [69] m.e.manticore:INFO: Starting symbolic create contract
2023-07-03 16:50:26,082: [69] m.e.manticore:INFO: Starting symbolic transaction: 0
2023-07-03 16:50:26,249: [69] m.e.manticore:INFO: 0 alive states, 1 terminated states
2023-07-03 16:50:26,314: [69] m.e.manticore:INFO: Starting symbolic transaction: 1
2023-07-03 16:50:26,589: [69] m.c.manticore:INFO: Results in /mcore_ckugweaa
2023-07-03 16:50:26,589: [69] m.c.manticore:INFO: Total time: 0.5032236576080322
2023-07-03 16:50:27,250: [128] m.main:INFO: Registered plugins: IntrospectionAPIPlugin, <class 'manticore.ethereum.plugins.SkipRevertBasicBlocks'>, <class 'manticore.ethereum.plugins.FilterFunctions'>
2023-07-03 16:50:27,251: [128] m.main:INFO: Beginning analysis
2023-07-03 16:50:27,253: [128] m.e.manticore:INFO: Starting symbolic create contract
2023-07-03 16:50:29,266: [128] m.e.manticore:INFO: Starting symbolic transaction: 0
2023-07-03 16:50:34,966: [128] m.e.manticore:INFO: 0 alive states, 3 terminated states
2023-07-03 16:50:35,319: [128] m.c.manticore:INFO: Results in /mcore_gr3y__4g
2023-07-03 16:50:35,320: [128] m.c.manticore:INFO: Total time: 6.0335493087768555
2023-07-03 16:50:36,070: [196] m.main:INFO: Registered plugins: IntrospectionAPIPlugin, <class 'manticore.ethereum.plugins.SkipRevertBasicBlocks'>, <class 'manticore.ethereum.plugins.FilterFunctions'>
2023-07-03 16:50:36,070: [196] m.main:INFO: Beginning analysis
2023-07-03 16:50:36,072: [196] m.e.manticore:INFO: Starting symbolic create contract
