2023-07-03 15:59:55,736: [11] m.main:INFO: Registered plugins: IntrospectionAPIPlugin, <class 'manticore.ethereum.plugins.SkipRevertBasicBlocks'>, <class 'manticore.ethereum.plugins.FilterFunctions'>
2023-07-03 15:59:55,736: [11] m.main:INFO: Beginning analysis
2023-07-03 15:59:55,739: [11] m.e.manticore:INFO: Starting symbolic create contract
2023-07-03 15:59:57,212: [11] m.e.manticore:INFO: Starting symbolic transaction: 0
2023-07-03 15:59:57,374: [11] m.e.manticore:INFO: 0 alive states, 1 terminated states
2023-07-03 15:59:57,415: [11] m.e.manticore:INFO: Starting symbolic transaction: 1
2023-07-03 15:59:57,636: [11] m.c.manticore:INFO: Results in /mcore_xnlbl492
2023-07-03 15:59:57,637: [11] m.c.manticore:INFO: Total time: 0.4216427803039551
2023-07-03 15:59:58,498: [70] m.main:INFO: Registered plugins: IntrospectionAPIPlugin, <class 'manticore.ethereum.plugins.SkipRevertBasicBlocks'>, <class 'manticore.ethereum.plugins.FilterFunctions'>
2023-07-03 15:59:58,498: [70] m.main:INFO: Beginning analysis
2023-07-03 15:59:58,501: [70] m.e.manticore:INFO: Starting symbolic create contract
2023-07-03 16:00:00,073: [70] m.e.manticore:INFO: Starting symbolic transaction: 0
2023-07-03 16:00:00,204: [70] m.e.manticore:INFO: 0 alive states, 1 terminated states
2023-07-03 16:00:00,264: [70] m.e.manticore:INFO: Starting symbolic transaction: 1
2023-07-03 16:00:00,506: [70] m.c.manticore:INFO: Results in /mcore_7atu5f0z
2023-07-03 16:00:00,506: [70] m.c.manticore:INFO: Total time: 0.4311826229095459
2023-07-03 16:00:01,216: [129] m.main:INFO: Registered plugins: IntrospectionAPIPlugin, <class 'manticore.ethereum.plugins.SkipRevertBasicBlocks'>, <class 'manticore.ethereum.plugins.FilterFunctions'>
2023-07-03 16:00:01,216: [129] m.main:INFO: Beginning analysis
2023-07-03 16:00:01,218: [129] m.e.manticore:INFO: Starting symbolic create contract
2023-07-03 16:00:03,522: [129] m.e.manticore:INFO: Starting symbolic transaction: 0
2023-07-03 16:00:09,301: [129] m.e.manticore:INFO: 0 alive states, 3 terminated states
2023-07-03 16:00:09,672: [129] m.c.manticore:INFO: Results in /mcore_l8v5bby3
2023-07-03 16:00:09,672: [129] m.c.manticore:INFO: Total time: 6.1234517097473145
2023-07-03 16:00:10,442: [197] m.main:INFO: Registered plugins: IntrospectionAPIPlugin, <class 'manticore.ethereum.plugins.SkipRevertBasicBlocks'>, <class 'manticore.ethereum.plugins.FilterFunctions'>
2023-07-03 16:00:10,442: [197] m.main:INFO: Beginning analysis
2023-07-03 16:00:10,444: [197] m.e.manticore:INFO: Starting symbolic create contract
