2023-07-03 16:23:13,438: [11] m.main:INFO: Registered plugins: IntrospectionAPIPlugin, <class 'manticore.ethereum.plugins.SkipRevertBasicBlocks'>, <class 'manticore.ethereum.plugins.FilterFunctions'>
2023-07-03 16:23:13,438: [11] m.main:INFO: Beginning analysis
2023-07-03 16:23:13,441: [11] m.e.manticore:INFO: Starting symbolic create contract
2023-07-03 16:23:14,783: [11] m.e.manticore:INFO: Starting symbolic transaction: 0
2023-07-03 16:23:14,938: [11] m.e.manticore:INFO: 0 alive states, 1 terminated states
2023-07-03 16:23:15,004: [11] m.e.manticore:INFO: Starting symbolic transaction: 1
2023-07-03 16:23:15,289: [11] m.c.manticore:INFO: Results in /mcore_7brlyhiv
2023-07-03 16:23:15,289: [11] m.c.manticore:INFO: Total time: 0.502321720123291
2023-07-03 16:23:16,026: [70] m.main:INFO: Registered plugins: IntrospectionAPIPlugin, <class 'manticore.ethereum.plugins.SkipRevertBasicBlocks'>, <class 'manticore.ethereum.plugins.FilterFunctions'>
2023-07-03 16:23:16,027: [70] m.main:INFO: Beginning analysis
2023-07-03 16:23:16,030: [70] m.e.manticore:INFO: Starting symbolic create contract
2023-07-03 16:23:17,474: [70] m.e.manticore:INFO: Starting symbolic transaction: 0
2023-07-03 16:23:17,588: [70] m.e.manticore:INFO: 0 alive states, 1 terminated states
2023-07-03 16:23:17,649: [70] m.e.manticore:INFO: Starting symbolic transaction: 1
2023-07-03 16:23:17,894: [70] m.c.manticore:INFO: Results in /mcore_d8tej8sn
2023-07-03 16:23:17,894: [70] m.c.manticore:INFO: Total time: 0.41709351539611816
2023-07-03 16:23:18,484: [129] m.main:INFO: Registered plugins: IntrospectionAPIPlugin, <class 'manticore.ethereum.plugins.SkipRevertBasicBlocks'>, <class 'manticore.ethereum.plugins.FilterFunctions'>
2023-07-03 16:23:18,485: [129] m.main:INFO: Beginning analysis
2023-07-03 16:23:18,487: [129] m.e.manticore:INFO: Starting symbolic create contract
2023-07-03 16:23:20,397: [129] m.e.manticore:INFO: Starting symbolic transaction: 0
2023-07-03 16:23:26,311: [129] m.e.manticore:INFO: 0 alive states, 3 terminated states
2023-07-03 16:23:26,660: [129] m.c.manticore:INFO: Results in /mcore_3pgwldut
2023-07-03 16:23:26,660: [129] m.c.manticore:INFO: Total time: 6.245811462402344
2023-07-03 16:23:27,562: [200] m.main:INFO: Registered plugins: IntrospectionAPIPlugin, <class 'manticore.ethereum.plugins.SkipRevertBasicBlocks'>, <class 'manticore.ethereum.plugins.FilterFunctions'>
2023-07-03 16:23:27,562: [200] m.main:INFO: Beginning analysis
2023-07-03 16:23:27,565: [200] m.e.manticore:INFO: Starting symbolic create contract
