2023-07-03 15:54:39,158: [11] m.main:INFO: Registered plugins: IntrospectionAPIPlugin, <class 'manticore.ethereum.plugins.SkipRevertBasicBlocks'>, <class 'manticore.ethereum.plugins.FilterFunctions'>
2023-07-03 15:54:39,158: [11] m.main:INFO: Beginning analysis
2023-07-03 15:54:39,160: [11] m.e.manticore:INFO: Starting symbolic create contract
2023-07-03 15:54:40,623: [11] m.e.manticore:INFO: Starting symbolic transaction: 0
2023-07-03 15:54:40,802: [11] m.e.manticore:INFO: 0 alive states, 1 terminated states
2023-07-03 15:54:40,856: [11] m.e.manticore:INFO: Starting symbolic transaction: 1
2023-07-03 15:54:41,060: [11] m.c.manticore:INFO: Results in /mcore_4e__s0nk
2023-07-03 15:54:41,060: [11] m.c.manticore:INFO: Total time: 0.4338185787200928
2023-07-03 15:54:41,740: [70] m.main:INFO: Registered plugins: IntrospectionAPIPlugin, <class 'manticore.ethereum.plugins.SkipRevertBasicBlocks'>, <class 'manticore.ethereum.plugins.FilterFunctions'>
2023-07-03 15:54:41,741: [70] m.main:INFO: Beginning analysis
2023-07-03 15:54:41,744: [70] m.e.manticore:INFO: Starting symbolic create contract
2023-07-03 15:54:43,224: [70] m.e.manticore:INFO: Starting symbolic transaction: 0
2023-07-03 15:54:43,364: [70] m.e.manticore:INFO: 0 alive states, 1 terminated states
2023-07-03 15:54:43,421: [70] m.e.manticore:INFO: Starting symbolic transaction: 1
2023-07-03 15:54:43,666: [70] m.c.manticore:INFO: Results in /mcore_5wsjfc96
2023-07-03 15:54:43,666: [70] m.c.manticore:INFO: Total time: 0.43891215324401855
2023-07-03 15:54:44,359: [129] m.main:INFO: Registered plugins: IntrospectionAPIPlugin, <class 'manticore.ethereum.plugins.SkipRevertBasicBlocks'>, <class 'manticore.ethereum.plugins.FilterFunctions'>
2023-07-03 15:54:44,360: [129] m.main:INFO: Beginning analysis
2023-07-03 15:54:44,362: [129] m.e.manticore:INFO: Starting symbolic create contract
2023-07-03 15:54:46,386: [129] m.e.manticore:INFO: Starting symbolic transaction: 0
2023-07-03 15:54:51,698: [129] m.e.manticore:INFO: 0 alive states, 3 terminated states
2023-07-03 15:54:51,995: [129] m.c.manticore:INFO: Results in /mcore_lh4kpszk
2023-07-03 15:54:51,995: [129] m.c.manticore:INFO: Total time: 5.590407609939575
2023-07-03 15:54:52,735: [200] m.main:INFO: Registered plugins: IntrospectionAPIPlugin, <class 'manticore.ethereum.plugins.SkipRevertBasicBlocks'>, <class 'manticore.ethereum.plugins.FilterFunctions'>
2023-07-03 15:54:52,735: [200] m.main:INFO: Beginning analysis
2023-07-03 15:54:52,738: [200] m.e.manticore:INFO: Starting symbolic create contract
