2023-07-13 02:43:40,159: [11] m.main:INFO: Registered plugins: IntrospectionAPIPlugin, <class 'manticore.ethereum.plugins.SkipRevertBasicBlocks'>, <class 'manticore.ethereum.plugins.FilterFunctions'>
2023-07-13 02:43:40,159: [11] m.main:INFO: Beginning analysis
2023-07-13 02:43:40,161: [11] m.e.manticore:INFO: Starting symbolic create contract
2023-07-13 02:43:40,789: [11] m.e.manticore:INFO: Starting symbolic transaction: 0
2023-07-13 02:43:44,982: [11] m.e.manticore:INFO: 2 alive states, 2 terminated states
2023-07-13 02:43:45,304: [11] m.e.manticore:INFO: Starting symbolic transaction: 1
2023-07-13 02:43:56,798: [11] m.e.manticore:INFO: 5 alive states, 3 terminated states
2023-07-13 02:43:57,032: [11] m.e.manticore:INFO: Starting symbolic transaction: 2
2023-07-13 02:44:28,764: [11] m.e.manticore:INFO: 14 alive states, 4 terminated states
2023-07-13 02:44:29,091: [112] m.c.manticore:INFO: Generated testcase No. 0 - STOP(4 txs)
2023-07-13 02:44:29,092: [112] m.c.plugin:WARNING: Caught will_solve in state None, but failed to capture its initialization
2023-07-13 02:44:29,112: [114] m.c.manticore:INFO: Generated testcase No. 1 - STOP(4 txs)
2023-07-13 02:44:29,113: [114] m.c.plugin:WARNING: Caught will_solve in state None, but failed to capture its initialization
2023-07-13 02:44:29,116: [123] m.c.manticore:INFO: Generated testcase No. 2 - STOP(4 txs)
2023-07-13 02:44:29,116: [123] m.c.plugin:WARNING: Caught will_solve in state None, but failed to capture its initialization
2023-07-13 02:44:29,141: [121] m.c.manticore:INFO: Generated testcase No. 4 - STOP(4 txs)
2023-07-13 02:44:29,141: [118] m.c.manticore:INFO: Generated testcase No. 5 - STOP(4 txs)
2023-07-13 02:44:29,141: [118] m.c.plugin:WARNING: Caught will_solve in state None, but failed to capture its initialization
2023-07-13 02:44:29,141: [121] m.c.plugin:WARNING: Caught will_solve in state None, but failed to capture its initialization
2023-07-13 02:44:29,145: [119] m.c.manticore:INFO: Generated testcase No. 3 - STOP(4 txs)
2023-07-13 02:44:29,146: [119] m.c.plugin:WARNING: Caught will_solve in state None, but failed to capture its initialization
2023-07-13 02:44:29,151: [113] m.c.manticore:INFO: Generated testcase No. 6 - STOP(4 txs)
2023-07-13 02:44:29,152: [113] m.c.plugin:WARNING: Caught will_solve in state None, but failed to capture its initialization
2023-07-13 02:44:29,199: [116] m.c.manticore:INFO: Generated testcase No. 7 - STOP(4 txs)
2023-07-13 02:44:29,200: [116] m.c.plugin:WARNING: Caught will_solve in state None, but failed to capture its initialization
2023-07-13 02:44:29,230: [117] m.c.manticore:INFO: Generated testcase No. 8 - STOP(4 txs)
2023-07-13 02:44:29,231: [117] m.c.plugin:WARNING: Caught will_solve in state None, but failed to capture its initialization
2023-07-13 02:44:29,239: [126] m.c.manticore:INFO: Generated testcase No. 9 - STOP(4 txs)
2023-07-13 02:44:29,240: [126] m.c.plugin:WARNING: Caught will_solve in state None, but failed to capture its initialization
2023-07-13 02:44:29,382: [125] m.c.manticore:INFO: Generated testcase No. 10 - STOP(4 txs)
2023-07-13 02:44:29,383: [125] m.c.plugin:WARNING: Caught will_solve in state None, but failed to capture its initialization
2023-07-13 02:44:30,687: [112] m.c.manticore:INFO: Generated testcase No. 11 - STOP(4 txs)
2023-07-13 02:44:30,752: [121] m.c.manticore:INFO: Generated testcase No. 12 - STOP(4 txs)
2023-07-13 02:44:30,789: [123] m.c.manticore:INFO: Generated testcase No. 13 - STOP(4 txs)
2023-07-13 02:44:39,610: [11] m.c.manticore:INFO: Results in /mcore_w3akzwym
2023-07-13 02:44:39,610: [11] m.c.manticore:INFO: Total time: 42.51713037490845
