[INFO] | 2023-07-06 07:24:06 AM | analyzer.TokenDistributor_2 | Analysis started at: 2023-07-06 07:24:06 AM
[INFO] | 2023-07-06 07:24:07 AM | analyzer.TokenDistributor_2 | Version constraints: ['0.6.12']
[INFO] | 2023-07-06 07:24:07 AM | analyzer.TokenDistributor_2 | solc version: v0.6.12
[INFO] | 2023-07-06 07:24:07 AM | analyzer.TokenDistributor_2 | Callgraph generation started!
[INFO] | 2023-07-06 07:24:07 AM | analyzer.TokenDistributor_2 | Callgraph generation finished!
[INFO] | 2023-07-06 07:24:07 AM | analyzer.TokenDistributor_2 | Interprocedural CFG generation started!
[INFO] | 2023-07-06 07:24:07 AM | analyzer.TokenDistributor_2 | Interprocedural CFG generation finished!
[INFO] | 2023-07-06 07:24:07 AM | analyzer.TokenDistributor_2 | Storage dependency graph generation started!
[INFO] | 2023-07-06 07:24:07 AM | analyzer.TokenDistributor_2 | Storage dependency graph generation finished!
[INFO] | 2023-07-06 07:24:07 AM | analyzer.TokenDistributor_2 | Value Range Analysis started
[INFO] | 2023-07-06 07:24:07 AM | analyzer.TokenDistributor_2 | Generating return summary for slitherConstructorConstantVariables
[INFO] | 2023-07-06 07:24:07 AM | analyzer.TokenDistributor_2 | Return summary generated for slitherConstructorConstantVariables
[INFO] | 2023-07-06 07:24:07 AM | analyzer.TokenDistributor_2 | Range graph generated
[INFO] | 2023-07-06 07:24:07 AM | analyzer.TokenDistributor_2 | Processed function slitherConstructorConstantVariables
[INFO] | 2023-07-06 07:24:07 AM | analyzer.TokenDistributor_2 | Generating return summary for totalSupply
[INFO] | 2023-07-06 07:24:07 AM | analyzer.TokenDistributor_2 | Return summary generated for totalSupply
[INFO] | 2023-07-06 07:24:07 AM | analyzer.TokenDistributor_2 | State variable assignement do not exist
[INFO] | 2023-07-06 07:24:07 AM | analyzer.TokenDistributor_2 | Processed function totalSupply
[INFO] | 2023-07-06 07:24:07 AM | analyzer.TokenDistributor_2 | Generating return summary for balanceOf
[INFO] | 2023-07-06 07:24:07 AM | analyzer.TokenDistributor_2 | Return summary generated for balanceOf
[INFO] | 2023-07-06 07:24:07 AM | analyzer.TokenDistributor_2 | State variable assignement do not exist
[INFO] | 2023-07-06 07:24:07 AM | analyzer.TokenDistributor_2 | Processed function balanceOf
[INFO] | 2023-07-06 07:24:07 AM | analyzer.TokenDistributor_2 | Generating return summary for transfer
[INFO] | 2023-07-06 07:24:07 AM | analyzer.TokenDistributor_2 | Return summary generated for transfer
[INFO] | 2023-07-06 07:24:07 AM | analyzer.TokenDistributor_2 | State variable assignement do not exist
[INFO] | 2023-07-06 07:24:07 AM | analyzer.TokenDistributor_2 | Processed function transfer
[INFO] | 2023-07-06 07:24:07 AM | analyzer.TokenDistributor_2 | Generating return summary for allowance
[INFO] | 2023-07-06 07:24:07 AM | analyzer.TokenDistributor_2 | Return summary generated for allowance
[INFO] | 2023-07-06 07:24:07 AM | analyzer.TokenDistributor_2 | State variable assignement do not exist
[INFO] | 2023-07-06 07:24:07 AM | analyzer.TokenDistributor_2 | Processed function allowance
[INFO] | 2023-07-06 07:24:07 AM | analyzer.TokenDistributor_2 | Generating return summary for approve
[INFO] | 2023-07-06 07:24:07 AM | analyzer.TokenDistributor_2 | Return summary generated for approve
[INFO] | 2023-07-06 07:24:07 AM | analyzer.TokenDistributor_2 | State variable assignement do not exist
[INFO] | 2023-07-06 07:24:07 AM | analyzer.TokenDistributor_2 | Processed function approve
[INFO] | 2023-07-06 07:24:07 AM | analyzer.TokenDistributor_2 | Generating return summary for transferFrom
[INFO] | 2023-07-06 07:24:07 AM | analyzer.TokenDistributor_2 | Return summary generated for transferFrom
[INFO] | 2023-07-06 07:24:07 AM | analyzer.TokenDistributor_2 | State variable assignement do not exist
[INFO] | 2023-07-06 07:24:07 AM | analyzer.TokenDistributor_2 | Processed function transferFrom
[INFO] | 2023-07-06 07:24:07 AM | analyzer.TokenDistributor_2 | Generating return summary for recover
[INFO] | 2023-07-06 07:24:07 AM | analyzer.TokenDistributor_2 | Return summary generated for recover
[INFO] | 2023-07-06 07:24:07 AM | analyzer.TokenDistributor_2 | State variable assignement do not exist
[INFO] | 2023-07-06 07:24:07 AM | analyzer.TokenDistributor_2 | Processed function recover
[INFO] | 2023-07-06 07:24:07 AM | analyzer.TokenDistributor_2 | Generating return summary for toEthSignedMessageHash
[INFO] | 2023-07-06 07:24:07 AM | analyzer.TokenDistributor_2 | Return summary generated for toEthSignedMessageHash
[INFO] | 2023-07-06 07:24:07 AM | analyzer.TokenDistributor_2 | State variable assignement do not exist
[INFO] | 2023-07-06 07:24:07 AM | analyzer.TokenDistributor_2 | Processed function toEthSignedMessageHash
[INFO] | 2023-07-06 07:24:07 AM | analyzer.TokenDistributor_2 | Generating return summary for verify
[INFO] | 2023-07-06 07:24:07 AM | analyzer.TokenDistributor_2 | Return summary generated for verify
[INFO] | 2023-07-06 07:24:07 AM | analyzer.TokenDistributor_2 | State variable assignement do not exist
[INFO] | 2023-07-06 07:24:07 AM | analyzer.TokenDistributor_2 | Processed function verify
[INFO] | 2023-07-06 07:24:07 AM | analyzer.TokenDistributor_2 | Generating return summary for delegateOnDist
[INFO] | 2023-07-06 07:24:07 AM | analyzer.TokenDistributor_2 | Return summary generated for delegateOnDist
[INFO] | 2023-07-06 07:24:07 AM | analyzer.TokenDistributor_2 | State variable assignement do not exist
[INFO] | 2023-07-06 07:24:07 AM | analyzer.TokenDistributor_2 | Processed function delegateOnDist
[INFO] | 2023-07-06 07:24:07 AM | analyzer.TokenDistributor_2 | Generating return summary for isClaimed
[INFO] | 2023-07-06 07:24:07 AM | analyzer.TokenDistributor_2 | Return summary generated for isClaimed
[INFO] | 2023-07-06 07:24:07 AM | analyzer.TokenDistributor_2 | State variable assignement do not exist
[INFO] | 2023-07-06 07:24:07 AM | analyzer.TokenDistributor_2 | Processed function isClaimed
[INFO] | 2023-07-06 07:24:07 AM | analyzer.TokenDistributor_2 | Generating return summary for hashClaim
[INFO] | 2023-07-06 07:24:07 AM | analyzer.TokenDistributor_2 | Return summary generated for hashClaim
[INFO] | 2023-07-06 07:24:07 AM | analyzer.TokenDistributor_2 | State variable assignement do not exist
[INFO] | 2023-07-06 07:24:07 AM | analyzer.TokenDistributor_2 | Processed function hashClaim
[INFO] | 2023-07-06 07:24:07 AM | analyzer.TokenDistributor_2 | Generating return summary for hash
[INFO] | 2023-07-06 07:24:07 AM | analyzer.TokenDistributor_2 | Return summary generated for hash
[INFO] | 2023-07-06 07:24:07 AM | analyzer.TokenDistributor_2 | State variable assignement do not exist
[INFO] | 2023-07-06 07:24:07 AM | analyzer.TokenDistributor_2 | Processed function hash
[INFO] | 2023-07-06 07:24:07 AM | analyzer.TokenDistributor_2 | Generating return summary for _setClaimed
[INFO] | 2023-07-06 07:24:07 AM | analyzer.TokenDistributor_2 | Return summary generated for _setClaimed
[INFO] | 2023-07-06 07:24:07 AM | analyzer.TokenDistributor_2 | Range graph generated
[INFO] | 2023-07-06 07:24:07 AM | analyzer.TokenDistributor_2 | Processed function _setClaimed
[INFO] | 2023-07-06 07:24:07 AM | analyzer.TokenDistributor_2 | Generating return summary for _hashLeaf
[INFO] | 2023-07-06 07:24:07 AM | analyzer.TokenDistributor_2 | Return summary generated for _hashLeaf
[INFO] | 2023-07-06 07:24:07 AM | analyzer.TokenDistributor_2 | State variable assignement do not exist
[INFO] | 2023-07-06 07:24:07 AM | analyzer.TokenDistributor_2 | Processed function _hashLeaf
[INFO] | 2023-07-06 07:24:07 AM | analyzer.TokenDistributor_2 | Generating return summary for transferUnclaimed
[INFO] | 2023-07-06 07:24:07 AM | analyzer.TokenDistributor_2 | Return summary generated for transferUnclaimed
[INFO] | 2023-07-06 07:24:07 AM | analyzer.TokenDistributor_2 | State variable assignement do not exist
[INFO] | 2023-07-06 07:24:07 AM | analyzer.TokenDistributor_2 | Processed function transferUnclaimed
[INFO] | 2023-07-06 07:24:07 AM | analyzer.TokenDistributor_2 | Generating return summary for recover
[INFO] | 2023-07-06 07:24:07 AM | analyzer.TokenDistributor_2 | Return summary generated for recover
[INFO] | 2023-07-06 07:24:07 AM | analyzer.TokenDistributor_2 | State variable assignement do not exist
[INFO] | 2023-07-06 07:24:07 AM | analyzer.TokenDistributor_2 | Processed function recover
[INFO] | 2023-07-06 07:24:07 AM | analyzer.TokenDistributor_2 | Generating return summary for _delegateTokens
[INFO] | 2023-07-06 07:24:07 AM | analyzer.TokenDistributor_2 | Return summary generated for _delegateTokens
[INFO] | 2023-07-06 07:24:07 AM | analyzer.TokenDistributor_2 | State variable assignement do not exist
[INFO] | 2023-07-06 07:24:07 AM | analyzer.TokenDistributor_2 | Processed function _delegateTokens
[INFO] | 2023-07-06 07:24:07 AM | analyzer.TokenDistributor_2 | Generating return summary for getDigest
[INFO] | 2023-07-06 07:24:07 AM | analyzer.TokenDistributor_2 | Return summary generated for getDigest
[INFO] | 2023-07-06 07:24:07 AM | analyzer.TokenDistributor_2 | State variable assignement do not exist
[INFO] | 2023-07-06 07:24:07 AM | analyzer.TokenDistributor_2 | Processed function getDigest
[INFO] | 2023-07-06 07:24:07 AM | analyzer.TokenDistributor_2 | Generating return summary for constructor
[INFO] | 2023-07-06 07:24:07 AM | analyzer.TokenDistributor_2 | Return summary generated for constructor
[INFO] | 2023-07-06 07:24:07 AM | analyzer.TokenDistributor_2 | Range graph generated
[INFO] | 2023-07-06 07:24:07 AM | analyzer.TokenDistributor_2 | Processed function constructor
[INFO] | 2023-07-06 07:24:07 AM | analyzer.TokenDistributor_2 | Generating return summary for isSigned
[INFO] | 2023-07-06 07:24:07 AM | analyzer.TokenDistributor_2 | Return summary generated for isSigned
[INFO] | 2023-07-06 07:24:07 AM | analyzer.TokenDistributor_2 | State variable assignement do not exist
[INFO] | 2023-07-06 07:24:07 AM | analyzer.TokenDistributor_2 | Processed function isSigned
[INFO] | 2023-07-06 07:24:07 AM | analyzer.TokenDistributor_2 | Generating return summary for hashMatch
[INFO] | 2023-07-06 07:24:07 AM | analyzer.TokenDistributor_2 | Return summary generated for hashMatch
[INFO] | 2023-07-06 07:24:07 AM | analyzer.TokenDistributor_2 | State variable assignement do not exist
[INFO] | 2023-07-06 07:24:07 AM | analyzer.TokenDistributor_2 | Processed function hashMatch
[INFO] | 2023-07-06 07:24:07 AM | analyzer.TokenDistributor_2 | Generating return summary for claimTokens
[INFO] | 2023-07-06 07:24:07 AM | analyzer.TokenDistributor_2 | Return summary generated for claimTokens
[INFO] | 2023-07-06 07:24:07 AM | analyzer.TokenDistributor_2 | Range graph generated
[INFO] | 2023-07-06 07:24:07 AM | analyzer.TokenDistributor_2 | Processed function claimTokens
[INFO] | 2023-07-06 07:24:07 AM | analyzer.TokenDistributor_2 | Value Range Analysis took 0.005386 seconds
[INFO] | 2023-07-06 07:24:07 AM | analyzer.TokenDistributor_2 | Value Range Analysis finished
[INFO] | 2023-07-06 07:24:07 AM | analyzer.TokenDistributor_2 | Storage dependency graph compostion started!
[INFO] | 2023-07-06 07:24:07 AM | analyzer.TokenDistributor_2 | Storage dependency graph compostion finished!
[INFO] | 2023-07-06 07:24:07 AM | analyzer.TokenDistributor_2 | Dependency detection started!
[INFO] | 2023-07-06 07:24:07 AM | analyzer.TokenDistributor_2 | Dependency detection finished!
[INFO] | 2023-07-06 07:24:07 AM | analyzer.TokenDistributor_2 | Static Analysis took 1.223284 seconds
[INFO] | 2023-07-06 07:24:07 AM | analyzer.TokenDistributor_2 | Dependency does not exist
[INFO] | 2023-07-06 07:24:07 AM | analyzer.TokenDistributor_2 | Symbolic execution is not needed!
[INFO] | 2023-07-06 07:24:07 AM | analyzer.TokenDistributor_2 | Analysis finished!
[INFO] | 2023-07-06 07:24:07 AM | analyzer.TokenDistributor_2 | Analysis took 1.223438 seconds
[INFO] | 2023-07-06 07:24:07 AM | analyzer.TokenDistributor_2 | Analysis finished at: 2023-07-06 07:24:07 AM
