2023-07-03 15:49:18,651: [11] m.main:INFO: Registered plugins: IntrospectionAPIPlugin, <class 'manticore.ethereum.plugins.SkipRevertBasicBlocks'>, <class 'manticore.ethereum.plugins.FilterFunctions'>
2023-07-03 15:49:18,652: [11] m.main:INFO: Beginning analysis
2023-07-03 15:49:18,654: [11] m.e.manticore:INFO: Starting symbolic create contract
2023-07-03 15:49:19,529: [11] m.e.manticore:INFO: Starting symbolic transaction: 0
2023-07-03 15:49:19,624: [11] m.e.manticore:INFO: 0 alive states, 2 terminated states
2023-07-03 15:49:19,742: [11] m.c.manticore:INFO: Results in /mcore_vdqjfkc8
2023-07-03 15:49:19,743: [11] m.c.manticore:INFO: Total time: 0.209458589553833
2023-07-03 15:49:20,493: [76] m.main:INFO: Registered plugins: IntrospectionAPIPlugin, <class 'manticore.ethereum.plugins.SkipRevertBasicBlocks'>, <class 'manticore.ethereum.plugins.FilterFunctions'>
2023-07-03 15:49:20,493: [76] m.main:INFO: Beginning analysis
2023-07-03 15:49:20,495: [76] m.e.manticore:INFO: Starting symbolic create contract
2023-07-03 15:49:21,348: [76] m.e.manticore:INFO: Starting symbolic transaction: 0
2023-07-03 15:49:21,461: [76] m.e.manticore:INFO: 0 alive states, 2 terminated states
2023-07-03 15:49:21,596: [76] m.c.manticore:INFO: Results in /mcore_6pgjer0_
2023-07-03 15:49:21,596: [76] m.c.manticore:INFO: Total time: 0.24489378929138184
2023-07-03 15:49:22,378: [141] m.main:INFO: Registered plugins: IntrospectionAPIPlugin, <class 'manticore.ethereum.plugins.SkipRevertBasicBlocks'>, <class 'manticore.ethereum.plugins.FilterFunctions'>
2023-07-03 15:49:22,378: [141] m.main:INFO: Beginning analysis
2023-07-03 15:49:22,382: [141] m.e.manticore:INFO: Starting symbolic create contract
2023-07-03 15:49:23,333: [141] m.e.manticore:INFO: Starting symbolic transaction: 0
2023-07-03 15:49:23,421: [141] m.e.manticore:INFO: 0 alive states, 2 terminated states
2023-07-03 15:49:23,559: [141] m.c.manticore:INFO: Results in /mcore_613l_zb8
2023-07-03 15:49:23,560: [141] m.c.manticore:INFO: Total time: 0.22336435317993164
2023-07-03 15:49:24,159: [203] m.main:INFO: Registered plugins: IntrospectionAPIPlugin, <class 'manticore.ethereum.plugins.SkipRevertBasicBlocks'>, <class 'manticore.ethereum.plugins.FilterFunctions'>
2023-07-03 15:49:24,160: [203] m.main:INFO: Beginning analysis
2023-07-03 15:49:24,162: [203] m.e.manticore:INFO: Starting symbolic create contract
2023-07-03 15:49:24,987: [203] m.e.manticore:INFO: Starting symbolic transaction: 0
2023-07-03 15:49:25,112: [203] m.e.manticore:INFO: 0 alive states, 2 terminated states
2023-07-03 15:49:25,250: [203] m.c.manticore:INFO: Results in /mcore_1peysg_c
2023-07-03 15:49:25,250: [203] m.c.manticore:INFO: Total time: 0.2562994956970215
2023-07-03 15:49:26,098: [268] m.main:INFO: Registered plugins: IntrospectionAPIPlugin, <class 'manticore.ethereum.plugins.SkipRevertBasicBlocks'>, <class 'manticore.ethereum.plugins.FilterFunctions'>
2023-07-03 15:49:26,099: [268] m.main:INFO: Beginning analysis
2023-07-03 15:49:26,101: [268] m.e.manticore:INFO: Starting symbolic create contract
2023-07-03 15:49:27,156: [268] m.e.manticore:INFO: Starting symbolic transaction: 0
2023-07-03 15:49:27,778: [268] m.c.worker:ERROR: Exception in state 0: ManticoreError('Forking on unfeasible constraint set')
Traceback (most recent call last):
  File "/usr/local/lib/python3.7/dist-packages/manticore/core/worker.py", line 137, in run
    current_state.execute()
  File "/usr/local/lib/python3.7/dist-packages/manticore/ethereum/state.py", line 8, in execute
    return self._platform.execute()
  File "/usr/local/lib/python3.7/dist-packages/manticore/platforms/evm.py", line 3106, in execute
    self.current_vm.execute()
  File "/usr/local/lib/python3.7/dist-packages/manticore/platforms/evm.py", line 1322, in execute
    raise Concretize("Symbolic PC", expression=expression, setstate=setstate, policy="ALL")
manticore.core.state.Concretize

During handling of the above exception, another exception occurred:

Traceback (most recent call last):
  File "/usr/local/lib/python3.7/dist-packages/manticore/core/worker.py", line 158, in run
    m._fork(current_state, exc.expression, exc.policy, exc.setstate, exc.values)
  File "/usr/local/lib/python3.7/dist-packages/manticore/core/manticore.py", line 518, in _fork
    raise ManticoreError("Forking on unfeasible constraint set")
manticore.exceptions.ManticoreError: Forking on unfeasible constraint set
 
2023-07-03 15:49:27,787: [268] m.e.manticore:INFO: 0 alive states, 1 terminated states
2023-07-03 15:49:27,904: [268] m.c.manticore:INFO: Results in /mcore_hslpr8c3
2023-07-03 15:49:27,905: [268] m.c.manticore:INFO: Total time: 0.7425353527069092
2023-07-03 15:49:28,632: [330] m.main:INFO: Registered plugins: IntrospectionAPIPlugin, <class 'manticore.ethereum.plugins.SkipRevertBasicBlocks'>, <class 'manticore.ethereum.plugins.FilterFunctions'>
2023-07-03 15:49:28,632: [330] m.main:INFO: Beginning analysis
2023-07-03 15:49:28,634: [330] m.e.manticore:INFO: Starting symbolic create contract
