2023-07-03 16:00:59,658: [11] m.main:INFO: Registered plugins: IntrospectionAPIPlugin, <class 'manticore.ethereum.plugins.SkipRevertBasicBlocks'>, <class 'manticore.ethereum.plugins.FilterFunctions'>
2023-07-03 16:00:59,659: [11] m.main:INFO: Beginning analysis
2023-07-03 16:00:59,661: [11] m.e.manticore:INFO: Starting symbolic create contract
2023-07-03 16:01:01,555: [11] m.e.manticore:INFO: Starting symbolic transaction: 0
2023-07-03 16:01:02,789: [11] m.e.manticore:INFO: 1 alive states, 1 terminated states
2023-07-03 16:01:02,886: [11] m.e.manticore:INFO: Starting symbolic transaction: 1
2023-07-03 16:01:04,022: [11] m.e.manticore:INFO: 1 alive states, 1 terminated states
2023-07-03 16:01:04,177: [71] m.c.manticore:INFO: Generated testcase No. 0 - RETURN(3 txs)
2023-07-03 16:01:04,178: [71] m.c.plugin:WARNING: Caught will_solve in state None, but failed to capture its initialization
2023-07-03 16:01:04,931: [11] m.c.manticore:INFO: Results in /mcore_ka58no66
2023-07-03 16:01:04,932: [11] m.c.manticore:INFO: Total time: 2.040621519088745
2023-07-03 16:01:05,537: [90] m.main:INFO: Registered plugins: IntrospectionAPIPlugin, <class 'manticore.ethereum.plugins.SkipRevertBasicBlocks'>, <class 'manticore.ethereum.plugins.FilterFunctions'>
2023-07-03 16:01:05,538: [90] m.main:INFO: Beginning analysis
2023-07-03 16:01:05,541: [90] m.e.manticore:INFO: Starting symbolic create contract
2023-07-03 16:01:07,294: [90] m.e.manticore:INFO: Starting symbolic transaction: 0
2023-07-03 16:01:07,406: [90] m.e.manticore:INFO: 0 alive states, 2 terminated states
2023-07-03 16:01:07,552: [90] m.c.manticore:INFO: Results in /mcore_6_ia95ys
2023-07-03 16:01:07,553: [90] m.c.manticore:INFO: Total time: 0.255479097366333
2023-07-03 16:01:08,330: [155] m.main:INFO: Registered plugins: IntrospectionAPIPlugin, <class 'manticore.ethereum.plugins.SkipRevertBasicBlocks'>, <class 'manticore.ethereum.plugins.FilterFunctions'>
2023-07-03 16:01:08,331: [155] m.main:INFO: Beginning analysis
2023-07-03 16:01:08,333: [155] m.e.manticore:INFO: Starting symbolic create contract
2023-07-03 16:01:11,431: [155] m.e.manticore:INFO: Starting symbolic transaction: 0
2023-07-03 16:01:47,123: [155] m.e.manticore:INFO: 9 alive states, 4 terminated states
2023-07-03 16:01:48,878: [155] m.e.manticore:INFO: Starting symbolic transaction: 1
