INFO:Slither:Compilation warnings/errors on /sb/SMAOracle_2.sol:
[91mError: Source "/interfaces/IOracleWrapper.sol" not found: File not found.[0m
 --> /sb/SMAOracle_2.sol:3:1:
  |
3 | import "../interfaces/IOracleWrapper.sol";
  | ^^^^^^^^^^^^^^^^^^^^^^^^^^^^^^^^^^^^^^^^^^

[91mError: Source "/interfaces/IPriceObserver.sol" not found: File not found.[0m
 --> /sb/SMAOracle_2.sol:4:1:
  |
4 | import "../interfaces/IPriceObserver.sol";
  | ^^^^^^^^^^^^^^^^^^^^^^^^^^^^^^^^^^^^^^^^^^

[91mError: Source "/implementation/PriceObserver.sol" not found: File not found.[0m
 --> /sb/SMAOracle_2.sol:5:1:
  |
5 | import "../implementation/PriceObserver.sol";
  | ^^^^^^^^^^^^^^^^^^^^^^^^^^^^^^^^^^^^^^^^^^^^^

[91mError: Source "prb-math/contracts/PRBMathSD59x18.sol" not found: File not found.[0m
 --> /sb/SMAOracle_2.sol:6:1:
  |
6 | import "prb-math/contracts/PRBMathSD59x18.sol";
  | ^^^^^^^^^^^^^^^^^^^^^^^^^^^^^^^^^^^^^^^^^^^^^^^


INFO:SlitherSolcParsing:No contract were found in /sb/SMAOracle_2.sol, check the correct compilation
WARNING:Slither:[91mNo contract was analyzed[0m
INFO:Slither:/sb/SMAOracle_2.sol analyzed (0 contracts), 0 result(s) found
