2023-07-03 16:38:48,589: [11] m.main:INFO: Registered plugins: IntrospectionAPIPlugin, <class 'manticore.ethereum.plugins.SkipRevertBasicBlocks'>, <class 'manticore.ethereum.plugins.FilterFunctions'>
2023-07-03 16:38:48,589: [11] m.main:INFO: Beginning analysis
2023-07-03 16:38:48,592: [11] m.e.manticore:INFO: Starting symbolic create contract
2023-07-03 16:38:48,647: [11] m.e.manticore:INFO: Failed to build contract /sb/Hypervisor_2.sol:2279:1: Errors : Invalid solc compilation Error: Unknown pragma "abicoder"
    --> sb/Hypervisor_2.sol:2279:1:
     |
2279 | pragma abicoder v2;
     | ^^^^^^^^^^^^^^^^^^^

Error: No visibility specified. Did you intend to add "public"?
    --> sb/Hypervisor_2.sol:2398:5:
     |
2398 |     constructor(
     |     ^ (Relevant source part starts here and spans across multiple lines).

Warning: This declaration shadows an existing declaration.
    --> sb/Hypervisor_2.sol:2496:10:
     |
2496 |         (uint256 base0, uint256 base1) = _burnLiquidity(
     |          ^^^^^^^^^^^^^
Note: The shadowed declaration is here:
    --> sb/Hypervisor_2.sol:2490:9:
     |
2490 |         uint256 base0,
     |         ^^^^^^^^^^^^^

Warning: This declaration shadows an existing declaration.
    --> sb/Hypervisor_2.sol:2496:25:
     |
2496 |         (uint256 base0, uint256 base1) = _burnLiquidity(
     |                         ^^^^^^^^^^^^^
Note: The shadowed declaration is here:
    --> sb/Hypervisor_2.sol:2491:9:
     |
2491 |         uint256 base1,
     |         ^^^^^^^^^^^^^

Warning: This declaration shadows an existing declaration.
    --> sb/Hypervisor_2.sol:2503:10:
     |
2503 |         (uint256 limit0, uint256 limit1) = _burnLiquidity(
     |          ^^^^^^^^^^^^^^
Note: The shadowed declaration is here:
    --> sb/Hypervisor_2.sol:2492:9:
     |
2492 |         uint256 limit0,
     |         ^^^^^^^^^^^^^^

Warning: This declaration shadows an existing declaration.
    --> sb/Hypervisor_2.sol:2503:26:
     |
2503 |         (uint256 limit0, uint256 limit1) = _burnLiquidity(
     |                          ^^^^^^^^^^^^^^
Note: The shadowed declaration is here:
    --> sb/Hypervisor_2.sol:2493:9:
     |
2493 |         uint256 limit1
     |         ^^^^^^^^^^^^^^

Error: This type is only supported in ABIEncoderV2. Use "pragma experimental ABIEncoderV2;" to enable the feature.
    --> sb/Hypervisor_2.sol:2349:62:
     |
2349 |     function getLockAt(uint256 index) external view returns (LockData memory lockData);
     |                                                              ^^^^^^^^^^^^^^^^^^^^^^^^


. Solidity failed to generate bytecode for your contract. Check if all the abstract functions are implemented. 
Process Process-2:
Traceback (most recent call last):
  File "/usr/lib/python3.7/multiprocessing/process.py", line 297, in _bootstrap
    self.run()
  File "/usr/lib/python3.7/multiprocessing/process.py", line 99, in run
    self._target(*self._args, **self._kwargs)
  File "/usr/local/lib/python3.7/dist-packages/manticore/ethereum/manticore.py", line 1766, in worker_finalize
    finalizer(q.get_nowait())
  File "/usr/local/lib/python3.7/dist-packages/manticore/ethereum/manticore.py", line 1757, in finalizer
    if only_alive_states and last_tx.result in {"REVERT", "THROW", "TXERROR"}:
AttributeError: 'NoneType' object has no attribute 'result'
2023-07-03 16:38:48,727: [11] m.c.manticore:INFO: Results in /mcore_5_upwnhs
2023-07-03 16:38:48,728: [11] m.c.manticore:WARNING: Manticore failed to run
2023-07-03 16:38:49,423: [36] m.main:INFO: Registered plugins: IntrospectionAPIPlugin, <class 'manticore.ethereum.plugins.SkipRevertBasicBlocks'>, <class 'manticore.ethereum.plugins.FilterFunctions'>
2023-07-03 16:38:49,424: [36] m.main:INFO: Beginning analysis
2023-07-03 16:38:49,426: [36] m.e.manticore:INFO: Starting symbolic create contract
2023-07-03 16:38:49,490: [36] m.e.manticore:INFO: Failed to build contract SyntaxError: Errors : Invalid solc compilation Error: Unknown pragma "abicoder"
    --> sb/Hypervisor_2.sol:2279:1:
     |
2279 | pragma abicoder v2;
     | ^^^^^^^^^^^^^^^^^^^

Error: No visibility specified. Did you intend to add "public"?
    --> sb/Hypervisor_2.sol:2398:5:
     |
2398 |     constructor(
     |     ^ (Relevant source part starts here and spans across multiple lines).

Warning: This declaration shadows an existing declaration.
    --> sb/Hypervisor_2.sol:2496:10:
     |
2496 |         (uint256 base0, uint256 base1) = _burnLiquidity(
     |          ^^^^^^^^^^^^^
Note: The shadowed declaration is here:
    --> sb/Hypervisor_2.sol:2490:9:
     |
2490 |         uint256 base0,
     |         ^^^^^^^^^^^^^

Warning: This declaration shadows an existing declaration.
    --> sb/Hypervisor_2.sol:2496:25:
     |
2496 |         (uint256 base0, uint256 base1) = _burnLiquidity(
     |                         ^^^^^^^^^^^^^
Note: The shadowed declaration is here:
    --> sb/Hypervisor_2.sol:2491:9:
     |
2491 |         uint256 base1,
     |         ^^^^^^^^^^^^^

Warning: This declaration shadows an existing declaration.
    --> sb/Hypervisor_2.sol:2503:10:
     |
2503 |         (uint256 limit0, uint256 limit1) = _burnLiquidity(
     |          ^^^^^^^^^^^^^^
Note: The shadowed declaration is here:
    --> sb/Hypervisor_2.sol:2492:9:
     |
2492 |         uint256 limit0,
     |         ^^^^^^^^^^^^^^

Warning: This declaration shadows an existing declaration.
    --> sb/Hypervisor_2.sol:2503:26:
     |
2503 |         (uint256 limit0, uint256 limit1) = _burnLiquidity(
     |                          ^^^^^^^^^^^^^^
Note: The shadowed declaration is here:
    --> sb/Hypervisor_2.sol:2493:9:
     |
2493 |         uint256 limit1
     |         ^^^^^^^^^^^^^^

Error: This type is only supported in ABIEncoderV2. Use "pragma experimental ABIEncoderV2;" to enable the feature.
    --> sb/Hypervisor_2.sol:2349:62:
     |
2349 |     function getLockAt(uint256 index) external view returns (LockData memory lockData);
     |                                                              ^^^^^^^^^^^^^^^^^^^^^^^^


. Solidity failed to generate bytecode for your contract. Check if all the abstract functions are implemented. 
Process Process-1:
Traceback (most recent call last):
  File "/usr/lib/python3.7/multiprocessing/process.py", line 297, in _bootstrap
    self.run()
  File "/usr/lib/python3.7/multiprocessing/process.py", line 99, in run
    self._target(*self._args, **self._kwargs)
  File "/usr/local/lib/python3.7/dist-packages/manticore/ethereum/manticore.py", line 1766, in worker_finalize
    finalizer(q.get_nowait())
  File "/usr/local/lib/python3.7/dist-packages/manticore/ethereum/manticore.py", line 1757, in finalizer
    if only_alive_states and last_tx.result in {"REVERT", "THROW", "TXERROR"}:
AttributeError: 'NoneType' object has no attribute 'result'
2023-07-03 16:38:49,569: [36] m.c.manticore:INFO: Results in /mcore_u9s360aq
2023-07-03 16:38:49,570: [36] m.c.manticore:WARNING: Manticore failed to run
2023-07-03 16:38:50,293: [61] m.main:INFO: Registered plugins: IntrospectionAPIPlugin, <class 'manticore.ethereum.plugins.SkipRevertBasicBlocks'>, <class 'manticore.ethereum.plugins.FilterFunctions'>
2023-07-03 16:38:50,294: [61] m.main:INFO: Beginning analysis
2023-07-03 16:38:50,296: [61] m.e.manticore:INFO: Starting symbolic create contract
2023-07-03 16:38:50,346: [61] m.e.manticore:INFO: Failed to build contract Unknown Errors : Invalid solc compilation Error: Unknown pragma "abicoder"
    --> sb/Hypervisor_2.sol:2279:1:
     |
2279 | pragma abicoder v2;
     | ^^^^^^^^^^^^^^^^^^^

Error: No visibility specified. Did you intend to add "public"?
    --> sb/Hypervisor_2.sol:2398:5:
     |
2398 |     constructor(
     |     ^ (Relevant source part starts here and spans across multiple lines).

Warning: This declaration shadows an existing declaration.
    --> sb/Hypervisor_2.sol:2496:10:
     |
2496 |         (uint256 base0, uint256 base1) = _burnLiquidity(
     |          ^^^^^^^^^^^^^
Note: The shadowed declaration is here:
    --> sb/Hypervisor_2.sol:2490:9:
     |
2490 |         uint256 base0,
     |         ^^^^^^^^^^^^^

Warning: This declaration shadows an existing declaration.
    --> sb/Hypervisor_2.sol:2496:25:
     |
2496 |         (uint256 base0, uint256 base1) = _burnLiquidity(
     |                         ^^^^^^^^^^^^^
Note: The shadowed declaration is here:
    --> sb/Hypervisor_2.sol:2491:9:
     |
2491 |         uint256 base1,
     |         ^^^^^^^^^^^^^

Warning: This declaration shadows an existing declaration.
    --> sb/Hypervisor_2.sol:2503:10:
     |
2503 |         (uint256 limit0, uint256 limit1) = _burnLiquidity(
     |          ^^^^^^^^^^^^^^
Note: The shadowed declaration is here:
    --> sb/Hypervisor_2.sol:2492:9:
     |
2492 |         uint256 limit0,
     |         ^^^^^^^^^^^^^^

Warning: This declaration shadows an existing declaration.
    --> sb/Hypervisor_2.sol:2503:26:
     |
2503 |         (uint256 limit0, uint256 limit1) = _burnLiquidity(
     |                          ^^^^^^^^^^^^^^
Note: The shadowed declaration is here:
    --> sb/Hypervisor_2.sol:2493:9:
     |
2493 |         uint256 limit1
     |         ^^^^^^^^^^^^^^

Error: This type is only supported in ABIEncoderV2. Use "pragma experimental ABIEncoderV2;" to enable the feature.
    --> sb/Hypervisor_2.sol:2349:62:
     |
2349 |     function getLockAt(uint256 index) external view returns (LockData memory lockData);
     |                                                              ^^^^^^^^^^^^^^^^^^^^^^^^


. Solidity failed to generate bytecode for your contract. Check if all the abstract functions are implemented. 
Process Process-1:
Traceback (most recent call last):
  File "/usr/lib/python3.7/multiprocessing/process.py", line 297, in _bootstrap
    self.run()
  File "/usr/lib/python3.7/multiprocessing/process.py", line 99, in run
    self._target(*self._args, **self._kwargs)
  File "/usr/local/lib/python3.7/dist-packages/manticore/ethereum/manticore.py", line 1766, in worker_finalize
    finalizer(q.get_nowait())
  File "/usr/local/lib/python3.7/dist-packages/manticore/ethereum/manticore.py", line 1757, in finalizer
    if only_alive_states and last_tx.result in {"REVERT", "THROW", "TXERROR"}:
AttributeError: 'NoneType' object has no attribute 'result'
2023-07-03 16:38:50,449: [61] m.c.manticore:INFO: Results in /mcore_6z4kr056
2023-07-03 16:38:50,450: [61] m.c.manticore:WARNING: Manticore failed to run
2023-07-03 16:38:51,185: [86] m.main:INFO: Registered plugins: IntrospectionAPIPlugin, <class 'manticore.ethereum.plugins.SkipRevertBasicBlocks'>, <class 'manticore.ethereum.plugins.FilterFunctions'>
2023-07-03 16:38:51,185: [86] m.main:INFO: Beginning analysis
2023-07-03 16:38:51,188: [86] m.e.manticore:INFO: Starting symbolic create contract
2023-07-03 16:38:51,250: [86] m.e.manticore:INFO: Failed to build contract pragma Errors : Invalid solc compilation Error: Unknown pragma "abicoder"
    --> sb/Hypervisor_2.sol:2279:1:
     |
2279 | pragma abicoder v2;
     | ^^^^^^^^^^^^^^^^^^^

Error: No visibility specified. Did you intend to add "public"?
    --> sb/Hypervisor_2.sol:2398:5:
     |
2398 |     constructor(
     |     ^ (Relevant source part starts here and spans across multiple lines).

Warning: This declaration shadows an existing declaration.
    --> sb/Hypervisor_2.sol:2496:10:
     |
2496 |         (uint256 base0, uint256 base1) = _burnLiquidity(
     |          ^^^^^^^^^^^^^
Note: The shadowed declaration is here:
    --> sb/Hypervisor_2.sol:2490:9:
     |
2490 |         uint256 base0,
     |         ^^^^^^^^^^^^^

Warning: This declaration shadows an existing declaration.
    --> sb/Hypervisor_2.sol:2496:25:
     |
2496 |         (uint256 base0, uint256 base1) = _burnLiquidity(
     |                         ^^^^^^^^^^^^^
Note: The shadowed declaration is here:
    --> sb/Hypervisor_2.sol:2491:9:
     |
2491 |         uint256 base1,
     |         ^^^^^^^^^^^^^

Warning: This declaration shadows an existing declaration.
    --> sb/Hypervisor_2.sol:2503:10:
     |
2503 |         (uint256 limit0, uint256 limit1) = _burnLiquidity(
     |          ^^^^^^^^^^^^^^
Note: The shadowed declaration is here:
    --> sb/Hypervisor_2.sol:2492:9:
     |
2492 |         uint256 limit0,
     |         ^^^^^^^^^^^^^^

Warning: This declaration shadows an existing declaration.
    --> sb/Hypervisor_2.sol:2503:26:
     |
2503 |         (uint256 limit0, uint256 limit1) = _burnLiquidity(
     |                          ^^^^^^^^^^^^^^
Note: The shadowed declaration is here:
    --> sb/Hypervisor_2.sol:2493:9:
     |
2493 |         uint256 limit1
     |         ^^^^^^^^^^^^^^

Error: This type is only supported in ABIEncoderV2. Use "pragma experimental ABIEncoderV2;" to enable the feature.
    --> sb/Hypervisor_2.sol:2349:62:
     |
2349 |     function getLockAt(uint256 index) external view returns (LockData memory lockData);
     |                                                              ^^^^^^^^^^^^^^^^^^^^^^^^


. Solidity failed to generate bytecode for your contract. Check if all the abstract functions are implemented. 
Process Process-1:
Traceback (most recent call last):
  File "/usr/lib/python3.7/multiprocessing/process.py", line 297, in _bootstrap
    self.run()
  File "/usr/lib/python3.7/multiprocessing/process.py", line 99, in run
    self._target(*self._args, **self._kwargs)
  File "/usr/local/lib/python3.7/dist-packages/manticore/ethereum/manticore.py", line 1766, in worker_finalize
    finalizer(q.get_nowait())
  File "/usr/local/lib/python3.7/dist-packages/manticore/ethereum/manticore.py", line 1757, in finalizer
    if only_alive_states and last_tx.result in {"REVERT", "THROW", "TXERROR"}:
AttributeError: 'NoneType' object has no attribute 'result'
2023-07-03 16:38:51,337: [86] m.c.manticore:INFO: Results in /mcore_baxuqnjb
2023-07-03 16:38:51,338: [86] m.c.manticore:WARNING: Manticore failed to run
2023-07-03 16:38:51,967: [111] m.main:INFO: Registered plugins: IntrospectionAPIPlugin, <class 'manticore.ethereum.plugins.SkipRevertBasicBlocks'>, <class 'manticore.ethereum.plugins.FilterFunctions'>
2023-07-03 16:38:51,968: [111] m.main:INFO: Beginning analysis
2023-07-03 16:38:51,970: [111] m.e.manticore:INFO: Starting symbolic create contract
2023-07-03 16:38:52,028: [111] m.e.manticore:INFO: Failed to build contract "abicoder" Errors : Invalid solc compilation Error: Unknown pragma "abicoder"
    --> sb/Hypervisor_2.sol:2279:1:
     |
2279 | pragma abicoder v2;
     | ^^^^^^^^^^^^^^^^^^^

Error: No visibility specified. Did you intend to add "public"?
    --> sb/Hypervisor_2.sol:2398:5:
     |
2398 |     constructor(
     |     ^ (Relevant source part starts here and spans across multiple lines).

Warning: This declaration shadows an existing declaration.
    --> sb/Hypervisor_2.sol:2496:10:
     |
2496 |         (uint256 base0, uint256 base1) = _burnLiquidity(
     |          ^^^^^^^^^^^^^
Note: The shadowed declaration is here:
    --> sb/Hypervisor_2.sol:2490:9:
     |
2490 |         uint256 base0,
     |         ^^^^^^^^^^^^^

Warning: This declaration shadows an existing declaration.
    --> sb/Hypervisor_2.sol:2496:25:
     |
2496 |         (uint256 base0, uint256 base1) = _burnLiquidity(
     |                         ^^^^^^^^^^^^^
Note: The shadowed declaration is here:
    --> sb/Hypervisor_2.sol:2491:9:
     |
2491 |         uint256 base1,
     |         ^^^^^^^^^^^^^

Warning: This declaration shadows an existing declaration.
    --> sb/Hypervisor_2.sol:2503:10:
     |
2503 |         (uint256 limit0, uint256 limit1) = _burnLiquidity(
     |          ^^^^^^^^^^^^^^
Note: The shadowed declaration is here:
    --> sb/Hypervisor_2.sol:2492:9:
     |
2492 |         uint256 limit0,
     |         ^^^^^^^^^^^^^^

Warning: This declaration shadows an existing declaration.
    --> sb/Hypervisor_2.sol:2503:26:
     |
2503 |         (uint256 limit0, uint256 limit1) = _burnLiquidity(
     |                          ^^^^^^^^^^^^^^
Note: The shadowed declaration is here:
    --> sb/Hypervisor_2.sol:2493:9:
     |
2493 |         uint256 limit1
     |         ^^^^^^^^^^^^^^

Error: This type is only supported in ABIEncoderV2. Use "pragma experimental ABIEncoderV2;" to enable the feature.
    --> sb/Hypervisor_2.sol:2349:62:
     |
2349 |     function getLockAt(uint256 index) external view returns (LockData memory lockData);
     |                                                              ^^^^^^^^^^^^^^^^^^^^^^^^


. Solidity failed to generate bytecode for your contract. Check if all the abstract functions are implemented. 
Process Process-1:
Traceback (most recent call last):
  File "/usr/lib/python3.7/multiprocessing/process.py", line 297, in _bootstrap
    self.run()
  File "/usr/lib/python3.7/multiprocessing/process.py", line 99, in run
    self._target(*self._args, **self._kwargs)
  File "/usr/local/lib/python3.7/dist-packages/manticore/ethereum/manticore.py", line 1766, in worker_finalize
    finalizer(q.get_nowait())
  File "/usr/local/lib/python3.7/dist-packages/manticore/ethereum/manticore.py", line 1757, in finalizer
    if only_alive_states and last_tx.result in {"REVERT", "THROW", "TXERROR"}:
AttributeError: 'NoneType' object has no attribute 'result'
2023-07-03 16:38:52,095: [111] m.c.manticore:INFO: Results in /mcore_is4aiyq5
2023-07-03 16:38:52,095: [111] m.c.manticore:WARNING: Manticore failed to run
2023-07-03 16:38:52,738: [136] m.main:INFO: Registered plugins: IntrospectionAPIPlugin, <class 'manticore.ethereum.plugins.SkipRevertBasicBlocks'>, <class 'manticore.ethereum.plugins.FilterFunctions'>
2023-07-03 16:38:52,739: [136] m.main:INFO: Beginning analysis
2023-07-03 16:38:52,742: [136] m.e.manticore:INFO: Starting symbolic create contract
2023-07-03 16:38:52,798: [136] m.e.manticore:INFO: Failed to build contract pragma Errors : Invalid solc compilation Error: Unknown pragma "abicoder"
    --> sb/Hypervisor_2.sol:2279:1:
     |
2279 | pragma abicoder v2;
     | ^^^^^^^^^^^^^^^^^^^

Error: No visibility specified. Did you intend to add "public"?
    --> sb/Hypervisor_2.sol:2398:5:
     |
2398 |     constructor(
     |     ^ (Relevant source part starts here and spans across multiple lines).

Warning: This declaration shadows an existing declaration.
    --> sb/Hypervisor_2.sol:2496:10:
     |
2496 |         (uint256 base0, uint256 base1) = _burnLiquidity(
     |          ^^^^^^^^^^^^^
Note: The shadowed declaration is here:
    --> sb/Hypervisor_2.sol:2490:9:
     |
2490 |         uint256 base0,
     |         ^^^^^^^^^^^^^

Warning: This declaration shadows an existing declaration.
    --> sb/Hypervisor_2.sol:2496:25:
     |
2496 |         (uint256 base0, uint256 base1) = _burnLiquidity(
     |                         ^^^^^^^^^^^^^
Note: The shadowed declaration is here:
    --> sb/Hypervisor_2.sol:2491:9:
     |
2491 |         uint256 base1,
     |         ^^^^^^^^^^^^^

Warning: This declaration shadows an existing declaration.
    --> sb/Hypervisor_2.sol:2503:10:
     |
2503 |         (uint256 limit0, uint256 limit1) = _burnLiquidity(
     |          ^^^^^^^^^^^^^^
Note: The shadowed declaration is here:
    --> sb/Hypervisor_2.sol:2492:9:
     |
2492 |         uint256 limit0,
     |         ^^^^^^^^^^^^^^

Warning: This declaration shadows an existing declaration.
    --> sb/Hypervisor_2.sol:2503:26:
     |
2503 |         (uint256 limit0, uint256 limit1) = _burnLiquidity(
     |                          ^^^^^^^^^^^^^^
Note: The shadowed declaration is here:
    --> sb/Hypervisor_2.sol:2493:9:
     |
2493 |         uint256 limit1
     |         ^^^^^^^^^^^^^^

Error: This type is only supported in ABIEncoderV2. Use "pragma experimental ABIEncoderV2;" to enable the feature.
    --> sb/Hypervisor_2.sol:2349:62:
     |
2349 |     function getLockAt(uint256 index) external view returns (LockData memory lockData);
     |                                                              ^^^^^^^^^^^^^^^^^^^^^^^^


. Solidity failed to generate bytecode for your contract. Check if all the abstract functions are implemented. 
Process Process-1:
Traceback (most recent call last):
  File "/usr/lib/python3.7/multiprocessing/process.py", line 297, in _bootstrap
    self.run()
  File "/usr/lib/python3.7/multiprocessing/process.py", line 99, in run
    self._target(*self._args, **self._kwargs)
  File "/usr/local/lib/python3.7/dist-packages/manticore/ethereum/manticore.py", line 1766, in worker_finalize
    finalizer(q.get_nowait())
  File "/usr/local/lib/python3.7/dist-packages/manticore/ethereum/manticore.py", line 1757, in finalizer
    if only_alive_states and last_tx.result in {"REVERT", "THROW", "TXERROR"}:
AttributeError: 'NoneType' object has no attribute 'result'
2023-07-03 16:38:52,859: [136] m.c.manticore:INFO: Results in /mcore_4ve8pfhn
2023-07-03 16:38:52,860: [136] m.c.manticore:WARNING: Manticore failed to run
2023-07-03 16:38:53,498: [161] m.main:INFO: Registered plugins: IntrospectionAPIPlugin, <class 'manticore.ethereum.plugins.SkipRevertBasicBlocks'>, <class 'manticore.ethereum.plugins.FilterFunctions'>
2023-07-03 16:38:53,499: [161] m.main:INFO: Beginning analysis
2023-07-03 16:38:53,501: [161] m.e.manticore:INFO: Starting symbolic create contract
2023-07-03 16:38:53,570: [161] m.e.manticore:INFO: Failed to build contract abicoder Errors : Invalid solc compilation Error: Unknown pragma "abicoder"
    --> sb/Hypervisor_2.sol:2279:1:
     |
2279 | pragma abicoder v2;
     | ^^^^^^^^^^^^^^^^^^^

Error: No visibility specified. Did you intend to add "public"?
    --> sb/Hypervisor_2.sol:2398:5:
     |
2398 |     constructor(
     |     ^ (Relevant source part starts here and spans across multiple lines).

Warning: This declaration shadows an existing declaration.
    --> sb/Hypervisor_2.sol:2496:10:
     |
2496 |         (uint256 base0, uint256 base1) = _burnLiquidity(
     |          ^^^^^^^^^^^^^
Note: The shadowed declaration is here:
    --> sb/Hypervisor_2.sol:2490:9:
     |
2490 |         uint256 base0,
     |         ^^^^^^^^^^^^^

Warning: This declaration shadows an existing declaration.
    --> sb/Hypervisor_2.sol:2496:25:
     |
2496 |         (uint256 base0, uint256 base1) = _burnLiquidity(
     |                         ^^^^^^^^^^^^^
Note: The shadowed declaration is here:
    --> sb/Hypervisor_2.sol:2491:9:
     |
2491 |         uint256 base1,
     |         ^^^^^^^^^^^^^

Warning: This declaration shadows an existing declaration.
    --> sb/Hypervisor_2.sol:2503:10:
     |
2503 |         (uint256 limit0, uint256 limit1) = _burnLiquidity(
     |          ^^^^^^^^^^^^^^
Note: The shadowed declaration is here:
    --> sb/Hypervisor_2.sol:2492:9:
     |
2492 |         uint256 limit0,
     |         ^^^^^^^^^^^^^^

Warning: This declaration shadows an existing declaration.
    --> sb/Hypervisor_2.sol:2503:26:
     |
2503 |         (uint256 limit0, uint256 limit1) = _burnLiquidity(
     |                          ^^^^^^^^^^^^^^
Note: The shadowed declaration is here:
    --> sb/Hypervisor_2.sol:2493:9:
     |
2493 |         uint256 limit1
     |         ^^^^^^^^^^^^^^

Error: This type is only supported in ABIEncoderV2. Use "pragma experimental ABIEncoderV2;" to enable the feature.
    --> sb/Hypervisor_2.sol:2349:62:
     |
2349 |     function getLockAt(uint256 index) external view returns (LockData memory lockData);
     |                                                              ^^^^^^^^^^^^^^^^^^^^^^^^


. Solidity failed to generate bytecode for your contract. Check if all the abstract functions are implemented. 
Process Process-1:
Traceback (most recent call last):
  File "/usr/lib/python3.7/multiprocessing/process.py", line 297, in _bootstrap
    self.run()
  File "/usr/lib/python3.7/multiprocessing/process.py", line 99, in run
    self._target(*self._args, **self._kwargs)
  File "/usr/local/lib/python3.7/dist-packages/manticore/ethereum/manticore.py", line 1766, in worker_finalize
    finalizer(q.get_nowait())
  File "/usr/local/lib/python3.7/dist-packages/manticore/ethereum/manticore.py", line 1757, in finalizer
    if only_alive_states and last_tx.result in {"REVERT", "THROW", "TXERROR"}:
AttributeError: 'NoneType' object has no attribute 'result'
2023-07-03 16:38:53,643: [161] m.c.manticore:INFO: Results in /mcore__5ie6iyc
2023-07-03 16:38:53,643: [161] m.c.manticore:WARNING: Manticore failed to run
2023-07-03 16:38:54,367: [186] m.main:INFO: Registered plugins: IntrospectionAPIPlugin, <class 'manticore.ethereum.plugins.SkipRevertBasicBlocks'>, <class 'manticore.ethereum.plugins.FilterFunctions'>
2023-07-03 16:38:54,367: [186] m.main:INFO: Beginning analysis
2023-07-03 16:38:54,370: [186] m.e.manticore:INFO: Starting symbolic create contract
2023-07-03 16:38:54,417: [186] m.e.manticore:INFO: Failed to build contract v2; Errors : Invalid solc compilation Error: Unknown pragma "abicoder"
    --> sb/Hypervisor_2.sol:2279:1:
     |
2279 | pragma abicoder v2;
     | ^^^^^^^^^^^^^^^^^^^

Error: No visibility specified. Did you intend to add "public"?
    --> sb/Hypervisor_2.sol:2398:5:
     |
2398 |     constructor(
     |     ^ (Relevant source part starts here and spans across multiple lines).

Warning: This declaration shadows an existing declaration.
    --> sb/Hypervisor_2.sol:2496:10:
     |
2496 |         (uint256 base0, uint256 base1) = _burnLiquidity(
     |          ^^^^^^^^^^^^^
Note: The shadowed declaration is here:
    --> sb/Hypervisor_2.sol:2490:9:
     |
2490 |         uint256 base0,
     |         ^^^^^^^^^^^^^

Warning: This declaration shadows an existing declaration.
    --> sb/Hypervisor_2.sol:2496:25:
     |
2496 |         (uint256 base0, uint256 base1) = _burnLiquidity(
     |                         ^^^^^^^^^^^^^
Note: The shadowed declaration is here:
    --> sb/Hypervisor_2.sol:2491:9:
     |
2491 |         uint256 base1,
     |         ^^^^^^^^^^^^^

Warning: This declaration shadows an existing declaration.
    --> sb/Hypervisor_2.sol:2503:10:
     |
2503 |         (uint256 limit0, uint256 limit1) = _burnLiquidity(
     |          ^^^^^^^^^^^^^^
Note: The shadowed declaration is here:
    --> sb/Hypervisor_2.sol:2492:9:
     |
2492 |         uint256 limit0,
     |         ^^^^^^^^^^^^^^

Warning: This declaration shadows an existing declaration.
    --> sb/Hypervisor_2.sol:2503:26:
     |
2503 |         (uint256 limit0, uint256 limit1) = _burnLiquidity(
     |                          ^^^^^^^^^^^^^^
Note: The shadowed declaration is here:
    --> sb/Hypervisor_2.sol:2493:9:
     |
2493 |         uint256 limit1
     |         ^^^^^^^^^^^^^^

Error: This type is only supported in ABIEncoderV2. Use "pragma experimental ABIEncoderV2;" to enable the feature.
    --> sb/Hypervisor_2.sol:2349:62:
     |
2349 |     function getLockAt(uint256 index) external view returns (LockData memory lockData);
     |                                                              ^^^^^^^^^^^^^^^^^^^^^^^^


. Solidity failed to generate bytecode for your contract. Check if all the abstract functions are implemented. 
Process Process-1:
Traceback (most recent call last):
  File "/usr/lib/python3.7/multiprocessing/process.py", line 297, in _bootstrap
    self.run()
  File "/usr/lib/python3.7/multiprocessing/process.py", line 99, in run
    self._target(*self._args, **self._kwargs)
  File "/usr/local/lib/python3.7/dist-packages/manticore/ethereum/manticore.py", line 1766, in worker_finalize
    finalizer(q.get_nowait())
  File "/usr/local/lib/python3.7/dist-packages/manticore/ethereum/manticore.py", line 1757, in finalizer
    if only_alive_states and last_tx.result in {"REVERT", "THROW", "TXERROR"}:
AttributeError: 'NoneType' object has no attribute 'result'
2023-07-03 16:38:54,489: [186] m.c.manticore:INFO: Results in /mcore_w62299cd
2023-07-03 16:38:54,490: [186] m.c.manticore:WARNING: Manticore failed to run
2023-07-03 16:38:55,148: [211] m.main:INFO: Registered plugins: IntrospectionAPIPlugin, <class 'manticore.ethereum.plugins.SkipRevertBasicBlocks'>, <class 'manticore.ethereum.plugins.FilterFunctions'>
2023-07-03 16:38:55,148: [211] m.main:INFO: Beginning analysis
2023-07-03 16:38:55,151: [211] m.e.manticore:INFO: Starting symbolic create contract
2023-07-03 16:38:55,215: [211] m.e.manticore:INFO: Failed to build contract ^-----------------^ Errors : Invalid solc compilation Error: Unknown pragma "abicoder"
    --> sb/Hypervisor_2.sol:2279:1:
     |
2279 | pragma abicoder v2;
     | ^^^^^^^^^^^^^^^^^^^

Error: No visibility specified. Did you intend to add "public"?
    --> sb/Hypervisor_2.sol:2398:5:
     |
2398 |     constructor(
     |     ^ (Relevant source part starts here and spans across multiple lines).

Warning: This declaration shadows an existing declaration.
    --> sb/Hypervisor_2.sol:2496:10:
     |
2496 |         (uint256 base0, uint256 base1) = _burnLiquidity(
     |          ^^^^^^^^^^^^^
Note: The shadowed declaration is here:
    --> sb/Hypervisor_2.sol:2490:9:
     |
2490 |         uint256 base0,
     |         ^^^^^^^^^^^^^

Warning: This declaration shadows an existing declaration.
    --> sb/Hypervisor_2.sol:2496:25:
     |
2496 |         (uint256 base0, uint256 base1) = _burnLiquidity(
     |                         ^^^^^^^^^^^^^
Note: The shadowed declaration is here:
    --> sb/Hypervisor_2.sol:2491:9:
     |
2491 |         uint256 base1,
     |         ^^^^^^^^^^^^^

Warning: This declaration shadows an existing declaration.
    --> sb/Hypervisor_2.sol:2503:10:
     |
2503 |         (uint256 limit0, uint256 limit1) = _burnLiquidity(
     |          ^^^^^^^^^^^^^^
Note: The shadowed declaration is here:
    --> sb/Hypervisor_2.sol:2492:9:
     |
2492 |         uint256 limit0,
     |         ^^^^^^^^^^^^^^

Warning: This declaration shadows an existing declaration.
    --> sb/Hypervisor_2.sol:2503:26:
     |
2503 |         (uint256 limit0, uint256 limit1) = _burnLiquidity(
     |                          ^^^^^^^^^^^^^^
Note: The shadowed declaration is here:
    --> sb/Hypervisor_2.sol:2493:9:
     |
2493 |         uint256 limit1
     |         ^^^^^^^^^^^^^^

Error: This type is only supported in ABIEncoderV2. Use "pragma experimental ABIEncoderV2;" to enable the feature.
    --> sb/Hypervisor_2.sol:2349:62:
     |
2349 |     function getLockAt(uint256 index) external view returns (LockData memory lockData);
     |                                                              ^^^^^^^^^^^^^^^^^^^^^^^^


. Solidity failed to generate bytecode for your contract. Check if all the abstract functions are implemented. 
Process Process-1:
Traceback (most recent call last):
  File "/usr/lib/python3.7/multiprocessing/process.py", line 297, in _bootstrap
    self.run()
  File "/usr/lib/python3.7/multiprocessing/process.py", line 99, in run
    self._target(*self._args, **self._kwargs)
  File "/usr/local/lib/python3.7/dist-packages/manticore/ethereum/manticore.py", line 1766, in worker_finalize
    finalizer(q.get_nowait())
  File "/usr/local/lib/python3.7/dist-packages/manticore/ethereum/manticore.py", line 1757, in finalizer
    if only_alive_states and last_tx.result in {"REVERT", "THROW", "TXERROR"}:
AttributeError: 'NoneType' object has no attribute 'result'
2023-07-03 16:38:55,294: [211] m.c.manticore:INFO: Results in /mcore_u1uidqmw
2023-07-03 16:38:55,294: [211] m.c.manticore:WARNING: Manticore failed to run
