INFO:Slither:Compilation warnings/errors on /sb/ReserveLogic_12.sol:
[91mError: Source "dependencies/openzeppelin/contracts/IERC20.sol" not found: File not found.[0m
 --> /sb/ReserveLogic_12.sol:4:1:
  |
4 | import {IERC20} from '../../../dependencies/openzeppelin/contracts/IERC20.sol';
  | ^^^^^^^^^^^^^^^^^^^^^^^^^^^^^^^^^^^^^^^^^^^^^^^^^^^^^^^^^^^^^^^^^^^^^^^^^^^^^^^

[91mError: Source "dependencies/openzeppelin/contracts/SafeERC20.sol" not found: File not found.[0m
 --> /sb/ReserveLogic_12.sol:5:1:
  |
5 | import {SafeERC20} from '../../../dependencies/openzeppelin/contracts/SafeERC20.sol';
  | ^^^^^^^^^^^^^^^^^^^^^^^^^^^^^^^^^^^^^^^^^^^^^^^^^^^^^^^^^^^^^^^^^^^^^^^^^^^^^^^^^^^^^

[91mError: Source "interfaces/IAToken.sol" not found: File not found.[0m
 --> /sb/ReserveLogic_12.sol:6:1:
  |
6 | import {IAToken} from '../../../interfaces/IAToken.sol';
  | ^^^^^^^^^^^^^^^^^^^^^^^^^^^^^^^^^^^^^^^^^^^^^^^^^^^^^^^^

[91mError: Source "interfaces/IStableDebtToken.sol" not found: File not found.[0m
 --> /sb/ReserveLogic_12.sol:7:1:
  |
7 | import {IStableDebtToken} from '../../../interfaces/IStableDebtToken.sol';
  | ^^^^^^^^^^^^^^^^^^^^^^^^^^^^^^^^^^^^^^^^^^^^^^^^^^^^^^^^^^^^^^^^^^^^^^^^^^

[91mError: Source "interfaces/IVariableDebtToken.sol" not found: File not found.[0m
 --> /sb/ReserveLogic_12.sol:8:1:
  |
8 | import {IVariableDebtToken} from '../../../interfaces/IVariableDebtToken.sol';
  | ^^^^^^^^^^^^^^^^^^^^^^^^^^^^^^^^^^^^^^^^^^^^^^^^^^^^^^^^^^^^^^^^^^^^^^^^^^^^^^

[91mError: Source "interfaces/IReserveInterestRateStrategy.sol" not found: File not found.[0m
 --> /sb/ReserveLogic_12.sol:9:1:
  |
9 | import {IReserveInterestRateStrategy} from '../../../interfaces/IReserveInterestRateStrategy.sol';
  | ^^^^^^^^^^^^^^^^^^^^^^^^^^^^^^^^^^^^^^^^^^^^^^^^^^^^^^^^^^^^^^^^^^^^^^^^^^^^^^^^^^^^^^^^^^^^^^^^^^

[91mError: Source "/configuration/ReserveConfiguration.sol" not found: File not found.[0m
  --> /sb/ReserveLogic_12.sol:10:1:
   |
10 | import {ReserveConfiguration} from '../configuration/ReserveConfiguration.sol';
   | ^^^^^^^^^^^^^^^^^^^^^^^^^^^^^^^^^^^^^^^^^^^^^^^^^^^^^^^^^^^^^^^^^^^^^^^^^^^^^^^

[91mError: Source "/math/MathUtils.sol" not found: File not found.[0m
  --> /sb/ReserveLogic_12.sol:11:1:
   |
11 | import {MathUtils} from '../math/MathUtils.sol';
   | ^^^^^^^^^^^^^^^^^^^^^^^^^^^^^^^^^^^^^^^^^^^^^^^^

[91mError: Source "/math/WadRayMath.sol" not found: File not found.[0m
  --> /sb/ReserveLogic_12.sol:12:1:
   |
12 | import {WadRayMath} from '../math/WadRayMath.sol';
   | ^^^^^^^^^^^^^^^^^^^^^^^^^^^^^^^^^^^^^^^^^^^^^^^^^^

[91mError: Source "/math/PercentageMath.sol" not found: File not found.[0m
  --> /sb/ReserveLogic_12.sol:13:1:
   |
13 | import {PercentageMath} from '../math/PercentageMath.sol';
   | ^^^^^^^^^^^^^^^^^^^^^^^^^^^^^^^^^^^^^^^^^^^^^^^^^^^^^^^^^^

[91mError: Source "/helpers/Errors.sol" not found: File not found.[0m
  --> /sb/ReserveLogic_12.sol:14:1:
   |
[91m14 | import {Errors} from '../helpers/Errors.sol';[0m
   | ^^^^^^^^^^^^^^^^^^^^^^^^^^^^^^^^^^^^^^^^^^^^^

[91mError: Source "/helpers/Helpers.sol" not found: File not found.[0m
  --> /sb/ReserveLogic_12.sol:15:1:
   |
15 | import {Helpers} from '../helpers/Helpers.sol';
   | ^^^^^^^^^^^^^^^^^^^^^^^^^^^^^^^^^^^^^^^^^^^^^^^

[91mError: Source "/types/DataTypes.sol" not found: File not found.[0m
  --> /sb/ReserveLogic_12.sol:16:1:
   |
16 | import {DataTypes} from '../types/DataTypes.sol';
   | ^^^^^^^^^^^^^^^^^^^^^^^^^^^^^^^^^^^^^^^^^^^^^^^^^


INFO:SlitherSolcParsing:No contract were found in /sb/ReserveLogic_12.sol, check the correct compilation
WARNING:Slither:[91mNo contract was analyzed[0m
INFO:Slither:/sb/ReserveLogic_12.sol analyzed (0 contracts), 0 result(s) found
