2023-07-03 16:27:59,020: [11] m.main:INFO: Registered plugins: IntrospectionAPIPlugin, <class 'manticore.ethereum.plugins.SkipRevertBasicBlocks'>, <class 'manticore.ethereum.plugins.FilterFunctions'>
2023-07-03 16:27:59,020: [11] m.main:INFO: Beginning analysis
2023-07-03 16:27:59,022: [11] m.e.manticore:INFO: Starting symbolic create contract
2023-07-03 16:28:00,974: [11] m.e.manticore:INFO: Starting symbolic transaction: 0
2023-07-03 16:28:01,137: [11] m.e.manticore:INFO: 0 alive states, 1 terminated states
2023-07-03 16:28:01,194: [11] m.e.manticore:INFO: Starting symbolic transaction: 1
2023-07-03 16:28:01,404: [11] m.c.manticore:INFO: Results in /mcore__b52mrmi
2023-07-03 16:28:01,405: [11] m.c.manticore:INFO: Total time: 0.42763209342956543
2023-07-03 16:28:02,178: [70] m.main:INFO: Registered plugins: IntrospectionAPIPlugin, <class 'manticore.ethereum.plugins.SkipRevertBasicBlocks'>, <class 'manticore.ethereum.plugins.FilterFunctions'>
2023-07-03 16:28:02,178: [70] m.main:INFO: Beginning analysis
2023-07-03 16:28:02,181: [70] m.e.manticore:INFO: Starting symbolic create contract
2023-07-03 16:28:03,790: [70] m.e.manticore:INFO: Starting symbolic transaction: 0
2023-07-03 16:28:03,944: [70] m.e.manticore:INFO: 0 alive states, 1 terminated states
2023-07-03 16:28:04,007: [70] m.e.manticore:INFO: Starting symbolic transaction: 1
2023-07-03 16:28:04,197: [70] m.c.manticore:INFO: Results in /mcore_g_ryljnb
2023-07-03 16:28:04,197: [70] m.c.manticore:INFO: Total time: 0.40465545654296875
2023-07-03 16:28:04,866: [129] m.main:INFO: Registered plugins: IntrospectionAPIPlugin, <class 'manticore.ethereum.plugins.SkipRevertBasicBlocks'>, <class 'manticore.ethereum.plugins.FilterFunctions'>
2023-07-03 16:28:04,866: [129] m.main:INFO: Beginning analysis
2023-07-03 16:28:04,869: [129] m.e.manticore:INFO: Starting symbolic create contract
2023-07-03 16:28:07,092: [129] m.e.manticore:INFO: Starting symbolic transaction: 0
2023-07-03 16:28:12,914: [129] m.e.manticore:INFO: 0 alive states, 3 terminated states
2023-07-03 16:28:13,352: [129] m.c.manticore:INFO: Results in /mcore_huafiwlh
2023-07-03 16:28:13,352: [129] m.c.manticore:INFO: Total time: 6.241541624069214
2023-07-03 16:28:14,002: [200] m.main:INFO: Registered plugins: IntrospectionAPIPlugin, <class 'manticore.ethereum.plugins.SkipRevertBasicBlocks'>, <class 'manticore.ethereum.plugins.FilterFunctions'>
2023-07-03 16:28:14,003: [200] m.main:INFO: Beginning analysis
2023-07-03 16:28:14,005: [200] m.e.manticore:INFO: Starting symbolic create contract
