2023-07-03 16:42:18,084: [11] m.main:INFO: Registered plugins: IntrospectionAPIPlugin, <class 'manticore.ethereum.plugins.SkipRevertBasicBlocks'>, <class 'manticore.ethereum.plugins.FilterFunctions'>
2023-07-03 16:42:18,084: [11] m.main:INFO: Beginning analysis
2023-07-03 16:42:18,086: [11] m.e.manticore:INFO: Starting symbolic create contract
2023-07-03 16:42:19,528: [11] m.e.manticore:INFO: Starting symbolic transaction: 0
2023-07-03 16:42:19,719: [11] m.e.manticore:INFO: 0 alive states, 1 terminated states
2023-07-03 16:42:19,785: [11] m.e.manticore:INFO: Starting symbolic transaction: 1
2023-07-03 16:42:20,066: [11] m.c.manticore:INFO: Results in /mcore_n0rtyr76
2023-07-03 16:42:20,067: [11] m.c.manticore:INFO: Total time: 0.5352554321289062
2023-07-03 16:42:20,735: [70] m.main:INFO: Registered plugins: IntrospectionAPIPlugin, <class 'manticore.ethereum.plugins.SkipRevertBasicBlocks'>, <class 'manticore.ethereum.plugins.FilterFunctions'>
2023-07-03 16:42:20,735: [70] m.main:INFO: Beginning analysis
2023-07-03 16:42:20,737: [70] m.e.manticore:INFO: Starting symbolic create contract
2023-07-03 16:42:22,263: [70] m.e.manticore:INFO: Starting symbolic transaction: 0
2023-07-03 16:42:22,407: [70] m.e.manticore:INFO: 0 alive states, 1 terminated states
2023-07-03 16:42:22,468: [70] m.e.manticore:INFO: Starting symbolic transaction: 1
2023-07-03 16:42:22,754: [70] m.c.manticore:INFO: Results in /mcore_5oywz0h5
2023-07-03 16:42:22,754: [70] m.c.manticore:INFO: Total time: 0.48787665367126465
2023-07-03 16:42:23,530: [129] m.main:INFO: Registered plugins: IntrospectionAPIPlugin, <class 'manticore.ethereum.plugins.SkipRevertBasicBlocks'>, <class 'manticore.ethereum.plugins.FilterFunctions'>
2023-07-03 16:42:23,531: [129] m.main:INFO: Beginning analysis
2023-07-03 16:42:23,533: [129] m.e.manticore:INFO: Starting symbolic create contract
2023-07-03 16:42:25,789: [129] m.e.manticore:INFO: Starting symbolic transaction: 0
2023-07-03 16:42:31,570: [129] m.e.manticore:INFO: 0 alive states, 3 terminated states
2023-07-03 16:42:31,838: [129] m.c.manticore:INFO: Results in /mcore_9c3tzg4g
2023-07-03 16:42:31,838: [129] m.c.manticore:INFO: Total time: 6.03211784362793
2023-07-03 16:42:32,731: [200] m.main:INFO: Registered plugins: IntrospectionAPIPlugin, <class 'manticore.ethereum.plugins.SkipRevertBasicBlocks'>, <class 'manticore.ethereum.plugins.FilterFunctions'>
2023-07-03 16:42:32,731: [200] m.main:INFO: Beginning analysis
2023-07-03 16:42:32,734: [200] m.e.manticore:INFO: Starting symbolic create contract
