2023-07-03 15:43:54,282: [11] m.main:INFO: Registered plugins: IntrospectionAPIPlugin, <class 'manticore.ethereum.plugins.SkipRevertBasicBlocks'>, <class 'manticore.ethereum.plugins.FilterFunctions'>
2023-07-03 15:43:54,283: [11] m.main:INFO: Beginning analysis
2023-07-03 15:43:54,285: [11] m.e.manticore:INFO: Starting symbolic create contract
2023-07-03 15:43:55,998: [11] m.e.manticore:INFO: Starting symbolic transaction: 0
2023-07-03 15:43:56,119: [11] m.e.manticore:INFO: 0 alive states, 1 terminated states
2023-07-03 15:43:56,171: [11] m.e.manticore:INFO: Starting symbolic transaction: 1
2023-07-03 15:43:56,428: [11] m.c.manticore:INFO: Results in /mcore_7d874jml
2023-07-03 15:43:56,429: [11] m.c.manticore:INFO: Total time: 0.42769503593444824
2023-07-03 15:43:57,101: [70] m.main:INFO: Registered plugins: IntrospectionAPIPlugin, <class 'manticore.ethereum.plugins.SkipRevertBasicBlocks'>, <class 'manticore.ethereum.plugins.FilterFunctions'>
2023-07-03 15:43:57,102: [70] m.main:INFO: Beginning analysis
2023-07-03 15:43:57,110: [70] m.e.manticore:INFO: Starting symbolic create contract
2023-07-03 15:43:58,600: [70] m.e.manticore:INFO: Starting symbolic transaction: 0
2023-07-03 15:43:58,717: [70] m.e.manticore:INFO: 0 alive states, 1 terminated states
2023-07-03 15:43:58,778: [70] m.e.manticore:INFO: Starting symbolic transaction: 1
2023-07-03 15:43:59,021: [70] m.c.manticore:INFO: Results in /mcore_oar8jzzv
2023-07-03 15:43:59,021: [70] m.c.manticore:INFO: Total time: 0.4185185432434082
2023-07-03 15:43:59,660: [129] m.main:INFO: Registered plugins: IntrospectionAPIPlugin, <class 'manticore.ethereum.plugins.SkipRevertBasicBlocks'>, <class 'manticore.ethereum.plugins.FilterFunctions'>
2023-07-03 15:43:59,660: [129] m.main:INFO: Beginning analysis
2023-07-03 15:43:59,662: [129] m.e.manticore:INFO: Starting symbolic create contract
2023-07-03 15:44:01,824: [129] m.e.manticore:INFO: Starting symbolic transaction: 0
2023-07-03 15:44:07,224: [129] m.e.manticore:INFO: 0 alive states, 3 terminated states
2023-07-03 15:44:07,563: [129] m.c.manticore:INFO: Results in /mcore_2ngfe7l8
2023-07-03 15:44:07,565: [129] m.c.manticore:INFO: Total time: 5.719848155975342
2023-07-03 15:44:08,298: [200] m.main:INFO: Registered plugins: IntrospectionAPIPlugin, <class 'manticore.ethereum.plugins.SkipRevertBasicBlocks'>, <class 'manticore.ethereum.plugins.FilterFunctions'>
2023-07-03 15:44:08,298: [200] m.main:INFO: Beginning analysis
2023-07-03 15:44:08,301: [200] m.e.manticore:INFO: Starting symbolic create contract
