2023-07-03 16:38:04,886: [11] m.main:INFO: Registered plugins: IntrospectionAPIPlugin, <class 'manticore.ethereum.plugins.SkipRevertBasicBlocks'>, <class 'manticore.ethereum.plugins.FilterFunctions'>
2023-07-03 16:38:04,886: [11] m.main:INFO: Beginning analysis
2023-07-03 16:38:04,889: [11] m.e.manticore:INFO: Starting symbolic create contract
2023-07-03 16:38:05,618: [11] m.e.manticore:INFO: Starting symbolic transaction: 0
2023-07-03 16:38:05,749: [11] m.e.manticore:INFO: 0 alive states, 2 terminated states
2023-07-03 16:38:05,908: [11] m.c.manticore:INFO: Results in /mcore__6a2do9n
2023-07-03 16:38:05,909: [11] m.c.manticore:INFO: Total time: 0.28717470169067383
2023-07-03 16:38:06,593: [76] m.main:INFO: Registered plugins: IntrospectionAPIPlugin, <class 'manticore.ethereum.plugins.SkipRevertBasicBlocks'>, <class 'manticore.ethereum.plugins.FilterFunctions'>
2023-07-03 16:38:06,593: [76] m.main:INFO: Beginning analysis
2023-07-03 16:38:06,595: [76] m.e.manticore:INFO: Starting symbolic create contract
2023-07-03 16:38:07,342: [76] m.e.manticore:INFO: Starting symbolic transaction: 0
2023-07-03 16:38:07,458: [76] m.e.manticore:INFO: 0 alive states, 2 terminated states
2023-07-03 16:38:07,591: [76] m.c.manticore:INFO: Results in /mcore_ahibvedu
2023-07-03 16:38:07,591: [76] m.c.manticore:INFO: Total time: 0.24580812454223633
2023-07-03 16:38:08,488: [141] m.main:INFO: Registered plugins: IntrospectionAPIPlugin, <class 'manticore.ethereum.plugins.SkipRevertBasicBlocks'>, <class 'manticore.ethereum.plugins.FilterFunctions'>
2023-07-03 16:38:08,489: [141] m.main:INFO: Beginning analysis
2023-07-03 16:38:08,492: [141] m.e.manticore:INFO: Starting symbolic create contract
2023-07-03 16:38:09,247: [141] m.e.manticore:INFO: Starting symbolic transaction: 0
2023-07-03 16:38:09,354: [141] m.e.manticore:INFO: 0 alive states, 2 terminated states
2023-07-03 16:38:09,495: [141] m.c.manticore:INFO: Results in /mcore_hti3rfmu
2023-07-03 16:38:09,495: [141] m.c.manticore:INFO: Total time: 0.24513721466064453
2023-07-03 16:38:10,198: [206] m.main:INFO: Registered plugins: IntrospectionAPIPlugin, <class 'manticore.ethereum.plugins.SkipRevertBasicBlocks'>, <class 'manticore.ethereum.plugins.FilterFunctions'>
2023-07-03 16:38:10,199: [206] m.main:INFO: Beginning analysis
2023-07-03 16:38:10,201: [206] m.e.manticore:INFO: Starting symbolic create contract
2023-07-03 16:38:10,997: [206] m.e.manticore:INFO: Starting symbolic transaction: 0
2023-07-03 16:38:11,124: [206] m.e.manticore:INFO: 0 alive states, 2 terminated states
2023-07-03 16:38:11,274: [206] m.c.manticore:INFO: Results in /mcore_subnzai_
2023-07-03 16:38:11,274: [206] m.c.manticore:INFO: Total time: 0.27372264862060547
2023-07-03 16:38:11,953: [271] m.main:INFO: Registered plugins: IntrospectionAPIPlugin, <class 'manticore.ethereum.plugins.SkipRevertBasicBlocks'>, <class 'manticore.ethereum.plugins.FilterFunctions'>
2023-07-03 16:38:11,954: [271] m.main:INFO: Beginning analysis
2023-07-03 16:38:11,956: [271] m.e.manticore:INFO: Starting symbolic create contract
2023-07-03 16:38:12,827: [271] m.e.manticore:INFO: Starting symbolic transaction: 0
2023-07-03 16:38:12,959: [271] m.e.manticore:INFO: 0 alive states, 2 terminated states
2023-07-03 16:38:13,097: [271] m.c.manticore:INFO: Results in /mcore_aj2ibiqi
2023-07-03 16:38:13,097: [271] m.c.manticore:INFO: Total time: 0.2671928405761719
2023-07-03 16:38:13,907: [336] m.main:INFO: Registered plugins: IntrospectionAPIPlugin, <class 'manticore.ethereum.plugins.SkipRevertBasicBlocks'>, <class 'manticore.ethereum.plugins.FilterFunctions'>
2023-07-03 16:38:13,907: [336] m.main:INFO: Beginning analysis
2023-07-03 16:38:13,910: [336] m.e.manticore:INFO: Starting symbolic create contract
2023-07-03 16:38:14,699: [336] m.e.manticore:INFO: Starting symbolic transaction: 0
2023-07-03 16:38:14,778: [336] m.e.manticore:INFO: 0 alive states, 2 terminated states
2023-07-03 16:38:14,924: [336] m.c.manticore:INFO: Results in /mcore_3uz7sgjt
2023-07-03 16:38:14,925: [336] m.c.manticore:INFO: Total time: 0.22365522384643555
2023-07-03 16:38:15,641: [398] m.main:INFO: Registered plugins: IntrospectionAPIPlugin, <class 'manticore.ethereum.plugins.SkipRevertBasicBlocks'>, <class 'manticore.ethereum.plugins.FilterFunctions'>
2023-07-03 16:38:15,641: [398] m.main:INFO: Beginning analysis
2023-07-03 16:38:15,643: [398] m.e.manticore:INFO: Starting symbolic create contract
2023-07-03 16:38:16,652: [398] m.e.manticore:INFO: Starting symbolic transaction: 0
2023-07-03 16:38:17,274: [398] m.c.worker:ERROR: Exception in state 0: ManticoreError('Forking on unfeasible constraint set')
Traceback (most recent call last):
  File "/usr/local/lib/python3.7/dist-packages/manticore/core/worker.py", line 137, in run
    current_state.execute()
  File "/usr/local/lib/python3.7/dist-packages/manticore/ethereum/state.py", line 8, in execute
    return self._platform.execute()
  File "/usr/local/lib/python3.7/dist-packages/manticore/platforms/evm.py", line 3106, in execute
    self.current_vm.execute()
  File "/usr/local/lib/python3.7/dist-packages/manticore/platforms/evm.py", line 1322, in execute
    raise Concretize("Symbolic PC", expression=expression, setstate=setstate, policy="ALL")
manticore.core.state.Concretize

During handling of the above exception, another exception occurred:

Traceback (most recent call last):
  File "/usr/local/lib/python3.7/dist-packages/manticore/core/worker.py", line 158, in run
    m._fork(current_state, exc.expression, exc.policy, exc.setstate, exc.values)
  File "/usr/local/lib/python3.7/dist-packages/manticore/core/manticore.py", line 518, in _fork
    raise ManticoreError("Forking on unfeasible constraint set")
manticore.exceptions.ManticoreError: Forking on unfeasible constraint set
 
2023-07-03 16:38:17,280: [398] m.e.manticore:INFO: 0 alive states, 1 terminated states
2023-07-03 16:38:17,396: [398] m.c.manticore:INFO: Results in /mcore_o3wsg_ei
2023-07-03 16:38:17,396: [398] m.c.manticore:INFO: Total time: 0.7381196022033691
2023-07-03 16:38:18,027: [457] m.main:INFO: Registered plugins: IntrospectionAPIPlugin, <class 'manticore.ethereum.plugins.SkipRevertBasicBlocks'>, <class 'manticore.ethereum.plugins.FilterFunctions'>
2023-07-03 16:38:18,027: [457] m.main:INFO: Beginning analysis
2023-07-03 16:38:18,029: [457] m.e.manticore:INFO: Starting symbolic create contract
2023-07-03 16:38:19,014: [457] m.e.manticore:INFO: Starting symbolic transaction: 0
2023-07-03 16:38:19,726: [457] m.c.worker:ERROR: Exception in state 0: ManticoreError('Forking on unfeasible constraint set')
Traceback (most recent call last):
  File "/usr/local/lib/python3.7/dist-packages/manticore/core/worker.py", line 137, in run
    current_state.execute()
  File "/usr/local/lib/python3.7/dist-packages/manticore/ethereum/state.py", line 8, in execute
    return self._platform.execute()
  File "/usr/local/lib/python3.7/dist-packages/manticore/platforms/evm.py", line 3106, in execute
    self.current_vm.execute()
  File "/usr/local/lib/python3.7/dist-packages/manticore/platforms/evm.py", line 1322, in execute
    raise Concretize("Symbolic PC", expression=expression, setstate=setstate, policy="ALL")
manticore.core.state.Concretize

During handling of the above exception, another exception occurred:

Traceback (most recent call last):
  File "/usr/local/lib/python3.7/dist-packages/manticore/core/worker.py", line 158, in run
    m._fork(current_state, exc.expression, exc.policy, exc.setstate, exc.values)
  File "/usr/local/lib/python3.7/dist-packages/manticore/core/manticore.py", line 518, in _fork
    raise ManticoreError("Forking on unfeasible constraint set")
manticore.exceptions.ManticoreError: Forking on unfeasible constraint set
 
2023-07-03 16:38:19,735: [457] m.e.manticore:INFO: 0 alive states, 1 terminated states
2023-07-03 16:38:19,852: [457] m.c.manticore:INFO: Results in /mcore_yjfmij7g
2023-07-03 16:38:19,852: [457] m.c.manticore:INFO: Total time: 0.8323302268981934
2023-07-03 16:38:20,675: [519] m.main:INFO: Registered plugins: IntrospectionAPIPlugin, <class 'manticore.ethereum.plugins.SkipRevertBasicBlocks'>, <class 'manticore.ethereum.plugins.FilterFunctions'>
2023-07-03 16:38:20,676: [519] m.main:INFO: Beginning analysis
2023-07-03 16:38:20,678: [519] m.e.manticore:INFO: Starting symbolic create contract
2023-07-03 16:38:22,836: [519] m.e.manticore:INFO: Starting symbolic transaction: 0
2023-07-03 16:38:46,609: [519] m.c.worker:ERROR: Exception in state 10: ManticoreError('Forking on unfeasible constraint set')
Traceback (most recent call last):
  File "/usr/local/lib/python3.7/dist-packages/manticore/core/worker.py", line 137, in run
    current_state.execute()
  File "/usr/local/lib/python3.7/dist-packages/manticore/ethereum/state.py", line 8, in execute
    return self._platform.execute()
  File "/usr/local/lib/python3.7/dist-packages/manticore/platforms/evm.py", line 3106, in execute
    self.current_vm.execute()
  File "/usr/local/lib/python3.7/dist-packages/manticore/platforms/evm.py", line 1322, in execute
    raise Concretize("Symbolic PC", expression=expression, setstate=setstate, policy="ALL")
manticore.core.state.Concretize

During handling of the above exception, another exception occurred:

Traceback (most recent call last):
  File "/usr/local/lib/python3.7/dist-packages/manticore/core/worker.py", line 158, in run
    m._fork(current_state, exc.expression, exc.policy, exc.setstate, exc.values)
  File "/usr/local/lib/python3.7/dist-packages/manticore/core/manticore.py", line 518, in _fork
    raise ManticoreError("Forking on unfeasible constraint set")
manticore.exceptions.ManticoreError: Forking on unfeasible constraint set
 
2023-07-03 16:38:46,639: [519] m.e.manticore:INFO: 0 alive states, 3 terminated states
2023-07-03 16:38:47,053: [519] m.c.manticore:INFO: Results in /mcore_u6x7aqby
2023-07-03 16:38:47,054: [519] m.c.manticore:INFO: Total time: 24.193626403808594
