2023-07-03 16:32:00,815: [11] m.main:INFO: Registered plugins: IntrospectionAPIPlugin, <class 'manticore.ethereum.plugins.SkipRevertBasicBlocks'>, <class 'manticore.ethereum.plugins.FilterFunctions'>
2023-07-03 16:32:00,815: [11] m.main:INFO: Beginning analysis
2023-07-03 16:32:00,818: [11] m.e.manticore:INFO: Starting symbolic create contract
2023-07-03 16:32:02,319: [11] m.e.manticore:INFO: Starting symbolic transaction: 0
2023-07-03 16:32:02,447: [11] m.e.manticore:INFO: 0 alive states, 1 terminated states
2023-07-03 16:32:02,510: [11] m.e.manticore:INFO: Starting symbolic transaction: 1
2023-07-03 16:32:02,758: [11] m.c.manticore:INFO: Results in /mcore_lflpwlgg
2023-07-03 16:32:02,758: [11] m.c.manticore:INFO: Total time: 0.4357609748840332
2023-07-03 16:32:03,468: [70] m.main:INFO: Registered plugins: IntrospectionAPIPlugin, <class 'manticore.ethereum.plugins.SkipRevertBasicBlocks'>, <class 'manticore.ethereum.plugins.FilterFunctions'>
2023-07-03 16:32:03,469: [70] m.main:INFO: Beginning analysis
2023-07-03 16:32:03,472: [70] m.e.manticore:INFO: Starting symbolic create contract
2023-07-03 16:32:04,942: [70] m.e.manticore:INFO: Starting symbolic transaction: 0
2023-07-03 16:32:05,098: [70] m.e.manticore:INFO: 0 alive states, 1 terminated states
2023-07-03 16:32:05,162: [70] m.e.manticore:INFO: Starting symbolic transaction: 1
2023-07-03 16:32:05,399: [70] m.c.manticore:INFO: Results in /mcore_lqzqm2wq
2023-07-03 16:32:05,399: [70] m.c.manticore:INFO: Total time: 0.44937729835510254
2023-07-03 16:32:06,090: [129] m.main:INFO: Registered plugins: IntrospectionAPIPlugin, <class 'manticore.ethereum.plugins.SkipRevertBasicBlocks'>, <class 'manticore.ethereum.plugins.FilterFunctions'>
2023-07-03 16:32:06,091: [129] m.main:INFO: Beginning analysis
2023-07-03 16:32:06,093: [129] m.e.manticore:INFO: Starting symbolic create contract
2023-07-03 16:32:07,997: [129] m.e.manticore:INFO: Starting symbolic transaction: 0
2023-07-03 16:32:14,096: [129] m.e.manticore:INFO: 0 alive states, 3 terminated states
2023-07-03 16:32:14,373: [129] m.c.manticore:INFO: Results in /mcore_4eyc52_p
2023-07-03 16:32:14,374: [129] m.c.manticore:INFO: Total time: 6.362323522567749
2023-07-03 16:32:15,045: [200] m.main:INFO: Registered plugins: IntrospectionAPIPlugin, <class 'manticore.ethereum.plugins.SkipRevertBasicBlocks'>, <class 'manticore.ethereum.plugins.FilterFunctions'>
2023-07-03 16:32:15,045: [200] m.main:INFO: Beginning analysis
2023-07-03 16:32:15,047: [200] m.e.manticore:INFO: Starting symbolic create contract
