[INFO] | 2023-07-07 08:59:04 AM | analyzer.0x0da76de0916ef2da3c58a97e4d09d501c56a9f15 | Analysis started at: 2023-07-07 08:59:04 AM
[INFO] | 2023-07-07 08:59:05 AM | analyzer.0x0da76de0916ef2da3c58a97e4d09d501c56a9f15 | Version constraints: ['^0.4.25']
[INFO] | 2023-07-07 08:59:05 AM | analyzer.0x0da76de0916ef2da3c58a97e4d09d501c56a9f15 | solc version: v0.4.25
[INFO] | 2023-07-07 08:59:05 AM | analyzer.0x0da76de0916ef2da3c58a97e4d09d501c56a9f15 | Callgraph generation started!
[INFO] | 2023-07-07 08:59:05 AM | analyzer.0x0da76de0916ef2da3c58a97e4d09d501c56a9f15 | Callgraph generation finished!
[INFO] | 2023-07-07 08:59:05 AM | analyzer.0x0da76de0916ef2da3c58a97e4d09d501c56a9f15 | Interprocedural CFG generation started!
[INFO] | 2023-07-07 08:59:05 AM | analyzer.0x0da76de0916ef2da3c58a97e4d09d501c56a9f15 | Interprocedural CFG generation finished!
[INFO] | 2023-07-07 08:59:05 AM | analyzer.0x0da76de0916ef2da3c58a97e4d09d501c56a9f15 | Storage dependency graph generation started!
[INFO] | 2023-07-07 08:59:05 AM | analyzer.0x0da76de0916ef2da3c58a97e4d09d501c56a9f15 | Storage dependency graph generation finished!
[INFO] | 2023-07-07 08:59:05 AM | analyzer.0x0da76de0916ef2da3c58a97e4d09d501c56a9f15 | Value Range Analysis started
[INFO] | 2023-07-07 08:59:05 AM | analyzer.0x0da76de0916ef2da3c58a97e4d09d501c56a9f15 | Generating return summary for Piggy_Bank
[INFO] | 2023-07-07 08:59:05 AM | analyzer.0x0da76de0916ef2da3c58a97e4d09d501c56a9f15 | Return summary generated for Piggy_Bank
[INFO] | 2023-07-07 08:59:05 AM | analyzer.0x0da76de0916ef2da3c58a97e4d09d501c56a9f15 | Range graph generated
[INFO] | 2023-07-07 08:59:05 AM | analyzer.0x0da76de0916ef2da3c58a97e4d09d501c56a9f15 | Processed function Piggy_Bank
[INFO] | 2023-07-07 08:59:05 AM | analyzer.0x0da76de0916ef2da3c58a97e4d09d501c56a9f15 | Generating return summary for slitherConstructorVariables
[INFO] | 2023-07-07 08:59:05 AM | analyzer.0x0da76de0916ef2da3c58a97e4d09d501c56a9f15 | Return summary generated for slitherConstructorVariables
[INFO] | 2023-07-07 08:59:05 AM | analyzer.0x0da76de0916ef2da3c58a97e4d09d501c56a9f15 | Range graph generated
[INFO] | 2023-07-07 08:59:05 AM | analyzer.0x0da76de0916ef2da3c58a97e4d09d501c56a9f15 | Processed function slitherConstructorVariables
[INFO] | 2023-07-07 08:59:05 AM | analyzer.0x0da76de0916ef2da3c58a97e4d09d501c56a9f15 | Generating return summary for AddMessage
[INFO] | 2023-07-07 08:59:05 AM | analyzer.0x0da76de0916ef2da3c58a97e4d09d501c56a9f15 | Return summary generated for AddMessage
[INFO] | 2023-07-07 08:59:05 AM | analyzer.0x0da76de0916ef2da3c58a97e4d09d501c56a9f15 | Range graph generated
[INFO] | 2023-07-07 08:59:05 AM | analyzer.0x0da76de0916ef2da3c58a97e4d09d501c56a9f15 | Processed function AddMessage
[INFO] | 2023-07-07 08:59:05 AM | analyzer.0x0da76de0916ef2da3c58a97e4d09d501c56a9f15 | Generating return summary for Put
[INFO] | 2023-07-07 08:59:05 AM | analyzer.0x0da76de0916ef2da3c58a97e4d09d501c56a9f15 | Return summary generated for Put
[INFO] | 2023-07-07 08:59:05 AM | analyzer.0x0da76de0916ef2da3c58a97e4d09d501c56a9f15 | Range graph generated
[INFO] | 2023-07-07 08:59:05 AM | analyzer.0x0da76de0916ef2da3c58a97e4d09d501c56a9f15 | Processed function Put
[INFO] | 2023-07-07 08:59:05 AM | analyzer.0x0da76de0916ef2da3c58a97e4d09d501c56a9f15 | Generating return summary for Collect
[INFO] | 2023-07-07 08:59:05 AM | analyzer.0x0da76de0916ef2da3c58a97e4d09d501c56a9f15 | Return summary generated for Collect
[INFO] | 2023-07-07 08:59:05 AM | analyzer.0x0da76de0916ef2da3c58a97e4d09d501c56a9f15 | Range graph generated
[INFO] | 2023-07-07 08:59:05 AM | analyzer.0x0da76de0916ef2da3c58a97e4d09d501c56a9f15 | Processed function Collect
[INFO] | 2023-07-07 08:59:05 AM | analyzer.0x0da76de0916ef2da3c58a97e4d09d501c56a9f15 | Generating return summary for fallback
[INFO] | 2023-07-07 08:59:05 AM | analyzer.0x0da76de0916ef2da3c58a97e4d09d501c56a9f15 | Return summary generated for fallback
[INFO] | 2023-07-07 08:59:05 AM | analyzer.0x0da76de0916ef2da3c58a97e4d09d501c56a9f15 | Range graph generated
[INFO] | 2023-07-07 08:59:05 AM | analyzer.0x0da76de0916ef2da3c58a97e4d09d501c56a9f15 | Processed function fallback
[INFO] | 2023-07-07 08:59:05 AM | analyzer.0x0da76de0916ef2da3c58a97e4d09d501c56a9f15 | Value Range Analysis took 0.002033 seconds
[INFO] | 2023-07-07 08:59:05 AM | analyzer.0x0da76de0916ef2da3c58a97e4d09d501c56a9f15 | Value Range Analysis finished
[INFO] | 2023-07-07 08:59:05 AM | analyzer.0x0da76de0916ef2da3c58a97e4d09d501c56a9f15 | Storage dependency graph compostion started!
[INFO] | 2023-07-07 08:59:05 AM | analyzer.0x0da76de0916ef2da3c58a97e4d09d501c56a9f15 | Storage dependency graph compostion finished!
[INFO] | 2023-07-07 08:59:05 AM | analyzer.0x0da76de0916ef2da3c58a97e4d09d501c56a9f15 | Dependency detection started!
[INFO] | 2023-07-07 08:59:05 AM | analyzer.0x0da76de0916ef2da3c58a97e4d09d501c56a9f15 | Dependency detection finished!
[INFO] | 2023-07-07 08:59:05 AM | analyzer.0x0da76de0916ef2da3c58a97e4d09d501c56a9f15 | Static Analysis took 0.397835 seconds
[INFO] | 2023-07-07 08:59:05 AM | analyzer.0x0da76de0916ef2da3c58a97e4d09d501c56a9f15 | Dependency does not exist
[INFO] | 2023-07-07 08:59:05 AM | analyzer.0x0da76de0916ef2da3c58a97e4d09d501c56a9f15 | Symbolic execution is not needed!
[INFO] | 2023-07-07 08:59:05 AM | analyzer.0x0da76de0916ef2da3c58a97e4d09d501c56a9f15 | Analysis finished!
[INFO] | 2023-07-07 08:59:05 AM | analyzer.0x0da76de0916ef2da3c58a97e4d09d501c56a9f15 | Analysis took 0.398026 seconds
[INFO] | 2023-07-07 08:59:05 AM | analyzer.0x0da76de0916ef2da3c58a97e4d09d501c56a9f15 | Analysis finished at: 2023-07-07 08:59:05 AM
