2023-07-03 15:43:53,820: [11] m.main:INFO: Registered plugins: IntrospectionAPIPlugin, <class 'manticore.ethereum.plugins.SkipRevertBasicBlocks'>, <class 'manticore.ethereum.plugins.FilterFunctions'>
2023-07-03 15:43:53,821: [11] m.main:INFO: Beginning analysis
2023-07-03 15:43:53,823: [11] m.e.manticore:INFO: Starting symbolic create contract
2023-07-03 15:43:54,555: [11] m.e.manticore:INFO: Starting symbolic transaction: 0
2023-07-03 15:43:54,666: [11] m.e.manticore:INFO: 0 alive states, 2 terminated states
2023-07-03 15:43:54,802: [11] m.c.manticore:INFO: Results in /mcore_x63b_g1v
2023-07-03 15:43:54,803: [11] m.c.manticore:INFO: Total time: 0.24480247497558594
2023-07-03 15:43:55,501: [76] m.main:INFO: Registered plugins: IntrospectionAPIPlugin, <class 'manticore.ethereum.plugins.SkipRevertBasicBlocks'>, <class 'manticore.ethereum.plugins.FilterFunctions'>
2023-07-03 15:43:55,502: [76] m.main:INFO: Beginning analysis
2023-07-03 15:43:55,505: [76] m.e.manticore:INFO: Starting symbolic create contract
2023-07-03 15:43:56,272: [76] m.e.manticore:INFO: Starting symbolic transaction: 0
2023-07-03 15:43:56,442: [76] m.e.manticore:INFO: 0 alive states, 2 terminated states
2023-07-03 15:43:56,586: [76] m.c.manticore:INFO: Results in /mcore_nv9s3uxw
2023-07-03 15:43:56,586: [76] m.c.manticore:INFO: Total time: 0.3097231388092041
2023-07-03 15:43:57,458: [141] m.main:INFO: Registered plugins: IntrospectionAPIPlugin, <class 'manticore.ethereum.plugins.SkipRevertBasicBlocks'>, <class 'manticore.ethereum.plugins.FilterFunctions'>
2023-07-03 15:43:57,459: [141] m.main:INFO: Beginning analysis
2023-07-03 15:43:57,462: [141] m.e.manticore:INFO: Starting symbolic create contract
2023-07-03 15:43:58,259: [141] m.e.manticore:INFO: Starting symbolic transaction: 0
2023-07-03 15:43:58,384: [141] m.e.manticore:INFO: 0 alive states, 2 terminated states
2023-07-03 15:43:58,519: [141] m.c.manticore:INFO: Results in /mcore_6i1oeq3t
2023-07-03 15:43:58,519: [141] m.c.manticore:INFO: Total time: 0.2549855709075928
2023-07-03 15:43:59,223: [206] m.main:INFO: Registered plugins: IntrospectionAPIPlugin, <class 'manticore.ethereum.plugins.SkipRevertBasicBlocks'>, <class 'manticore.ethereum.plugins.FilterFunctions'>
2023-07-03 15:43:59,223: [206] m.main:INFO: Beginning analysis
2023-07-03 15:43:59,225: [206] m.e.manticore:INFO: Starting symbolic create contract
2023-07-03 15:43:59,970: [206] m.e.manticore:INFO: Starting symbolic transaction: 0
2023-07-03 15:44:00,032: [206] m.e.manticore:INFO: 0 alive states, 2 terminated states
2023-07-03 15:44:00,175: [206] m.c.manticore:INFO: Results in /mcore_81w3810_
2023-07-03 15:44:00,175: [206] m.c.manticore:INFO: Total time: 0.20317816734313965
2023-07-03 15:44:00,878: [268] m.main:INFO: Registered plugins: IntrospectionAPIPlugin, <class 'manticore.ethereum.plugins.SkipRevertBasicBlocks'>, <class 'manticore.ethereum.plugins.FilterFunctions'>
2023-07-03 15:44:00,878: [268] m.main:INFO: Beginning analysis
2023-07-03 15:44:00,881: [268] m.e.manticore:INFO: Starting symbolic create contract
2023-07-03 15:44:01,695: [268] m.e.manticore:INFO: Starting symbolic transaction: 0
2023-07-03 15:44:01,812: [268] m.e.manticore:INFO: 0 alive states, 2 terminated states
2023-07-03 15:44:01,958: [268] m.c.manticore:INFO: Results in /mcore_hhzamd8e
2023-07-03 15:44:01,958: [268] m.c.manticore:INFO: Total time: 0.2580525875091553
2023-07-03 15:44:02,737: [333] m.main:INFO: Registered plugins: IntrospectionAPIPlugin, <class 'manticore.ethereum.plugins.SkipRevertBasicBlocks'>, <class 'manticore.ethereum.plugins.FilterFunctions'>
2023-07-03 15:44:02,738: [333] m.main:INFO: Beginning analysis
2023-07-03 15:44:02,740: [333] m.e.manticore:INFO: Starting symbolic create contract
2023-07-03 15:44:03,520: [333] m.e.manticore:INFO: Starting symbolic transaction: 0
2023-07-03 15:44:03,643: [333] m.e.manticore:INFO: 0 alive states, 2 terminated states
2023-07-03 15:44:03,787: [333] m.c.manticore:INFO: Results in /mcore_f_5nuux1
2023-07-03 15:44:03,787: [333] m.c.manticore:INFO: Total time: 0.2635924816131592
2023-07-03 15:44:04,607: [398] m.main:INFO: Registered plugins: IntrospectionAPIPlugin, <class 'manticore.ethereum.plugins.SkipRevertBasicBlocks'>, <class 'manticore.ethereum.plugins.FilterFunctions'>
2023-07-03 15:44:04,607: [398] m.main:INFO: Beginning analysis
2023-07-03 15:44:04,612: [398] m.e.manticore:INFO: Starting symbolic create contract
2023-07-03 15:44:05,516: [398] m.e.manticore:INFO: Starting symbolic transaction: 0
2023-07-03 15:44:06,176: [398] m.c.worker:ERROR: Exception in state 0: ManticoreError('Forking on unfeasible constraint set')
Traceback (most recent call last):
  File "/usr/local/lib/python3.7/dist-packages/manticore/core/worker.py", line 137, in run
    current_state.execute()
  File "/usr/local/lib/python3.7/dist-packages/manticore/ethereum/state.py", line 8, in execute
    return self._platform.execute()
  File "/usr/local/lib/python3.7/dist-packages/manticore/platforms/evm.py", line 3106, in execute
    self.current_vm.execute()
  File "/usr/local/lib/python3.7/dist-packages/manticore/platforms/evm.py", line 1322, in execute
    raise Concretize("Symbolic PC", expression=expression, setstate=setstate, policy="ALL")
manticore.core.state.Concretize

During handling of the above exception, another exception occurred:

Traceback (most recent call last):
  File "/usr/local/lib/python3.7/dist-packages/manticore/core/worker.py", line 158, in run
    m._fork(current_state, exc.expression, exc.policy, exc.setstate, exc.values)
  File "/usr/local/lib/python3.7/dist-packages/manticore/core/manticore.py", line 518, in _fork
    raise ManticoreError("Forking on unfeasible constraint set")
manticore.exceptions.ManticoreError: Forking on unfeasible constraint set
 
2023-07-03 15:44:06,188: [398] m.e.manticore:INFO: 0 alive states, 1 terminated states
2023-07-03 15:44:06,305: [398] m.c.manticore:INFO: Results in /mcore_ccwapdff
2023-07-03 15:44:06,305: [398] m.c.manticore:INFO: Total time: 0.7830770015716553
2023-07-03 15:44:07,095: [460] m.main:INFO: Registered plugins: IntrospectionAPIPlugin, <class 'manticore.ethereum.plugins.SkipRevertBasicBlocks'>, <class 'manticore.ethereum.plugins.FilterFunctions'>
2023-07-03 15:44:07,095: [460] m.main:INFO: Beginning analysis
2023-07-03 15:44:07,097: [460] m.e.manticore:INFO: Starting symbolic create contract
2023-07-03 15:44:08,101: [460] m.e.manticore:INFO: Starting symbolic transaction: 0
2023-07-03 15:44:08,686: [460] m.c.worker:ERROR: Exception in state 0: ManticoreError('Forking on unfeasible constraint set')
Traceback (most recent call last):
  File "/usr/local/lib/python3.7/dist-packages/manticore/core/worker.py", line 137, in run
    current_state.execute()
  File "/usr/local/lib/python3.7/dist-packages/manticore/ethereum/state.py", line 8, in execute
    return self._platform.execute()
  File "/usr/local/lib/python3.7/dist-packages/manticore/platforms/evm.py", line 3106, in execute
    self.current_vm.execute()
  File "/usr/local/lib/python3.7/dist-packages/manticore/platforms/evm.py", line 1322, in execute
    raise Concretize("Symbolic PC", expression=expression, setstate=setstate, policy="ALL")
manticore.core.state.Concretize

During handling of the above exception, another exception occurred:

Traceback (most recent call last):
  File "/usr/local/lib/python3.7/dist-packages/manticore/core/worker.py", line 158, in run
    m._fork(current_state, exc.expression, exc.policy, exc.setstate, exc.values)
  File "/usr/local/lib/python3.7/dist-packages/manticore/core/manticore.py", line 518, in _fork
    raise ManticoreError("Forking on unfeasible constraint set")
manticore.exceptions.ManticoreError: Forking on unfeasible constraint set
 
2023-07-03 15:44:08,694: [460] m.e.manticore:INFO: 0 alive states, 1 terminated states
2023-07-03 15:44:08,815: [460] m.c.manticore:INFO: Results in /mcore_qm_bc17y
2023-07-03 15:44:08,815: [460] m.c.manticore:INFO: Total time: 0.707772970199585
2023-07-03 15:44:09,637: [519] m.main:INFO: Registered plugins: IntrospectionAPIPlugin, <class 'manticore.ethereum.plugins.SkipRevertBasicBlocks'>, <class 'manticore.ethereum.plugins.FilterFunctions'>
2023-07-03 15:44:09,638: [519] m.main:INFO: Beginning analysis
2023-07-03 15:44:09,642: [519] m.e.manticore:INFO: Starting symbolic create contract
2023-07-03 15:44:11,802: [519] m.e.manticore:INFO: Starting symbolic transaction: 0
2023-07-03 15:44:36,652: [519] m.c.worker:ERROR: Exception in state 7: ManticoreError('Forking on unfeasible constraint set')
Traceback (most recent call last):
  File "/usr/local/lib/python3.7/dist-packages/manticore/core/worker.py", line 137, in run
    current_state.execute()
  File "/usr/local/lib/python3.7/dist-packages/manticore/ethereum/state.py", line 8, in execute
    return self._platform.execute()
  File "/usr/local/lib/python3.7/dist-packages/manticore/platforms/evm.py", line 3106, in execute
    self.current_vm.execute()
  File "/usr/local/lib/python3.7/dist-packages/manticore/platforms/evm.py", line 1322, in execute
    raise Concretize("Symbolic PC", expression=expression, setstate=setstate, policy="ALL")
manticore.core.state.Concretize

During handling of the above exception, another exception occurred:

Traceback (most recent call last):
  File "/usr/local/lib/python3.7/dist-packages/manticore/core/worker.py", line 158, in run
    m._fork(current_state, exc.expression, exc.policy, exc.setstate, exc.values)
  File "/usr/local/lib/python3.7/dist-packages/manticore/core/manticore.py", line 518, in _fork
    raise ManticoreError("Forking on unfeasible constraint set")
manticore.exceptions.ManticoreError: Forking on unfeasible constraint set
 
2023-07-03 15:44:36,687: [519] m.e.manticore:INFO: 0 alive states, 3 terminated states
2023-07-03 15:44:37,314: [519] m.c.manticore:INFO: Results in /mcore_tqwtnrxt
2023-07-03 15:44:37,314: [519] m.c.manticore:INFO: Total time: 25.48523783683777
