2023-07-03 15:55:24,104: [11] m.main:INFO: Registered plugins: IntrospectionAPIPlugin, <class 'manticore.ethereum.plugins.SkipRevertBasicBlocks'>, <class 'manticore.ethereum.plugins.FilterFunctions'>
2023-07-03 15:55:24,104: [11] m.main:INFO: Beginning analysis
2023-07-03 15:55:24,107: [11] m.e.manticore:INFO: Starting symbolic create contract
2023-07-03 15:55:25,639: [11] m.e.manticore:INFO: Starting symbolic transaction: 0
2023-07-03 15:55:25,784: [11] m.e.manticore:INFO: 0 alive states, 1 terminated states
2023-07-03 15:55:25,853: [11] m.e.manticore:INFO: Starting symbolic transaction: 1
2023-07-03 15:55:26,093: [11] m.c.manticore:INFO: Results in /mcore_rpmzghlp
2023-07-03 15:55:26,093: [11] m.c.manticore:INFO: Total time: 0.45183300971984863
2023-07-03 15:55:26,793: [70] m.main:INFO: Registered plugins: IntrospectionAPIPlugin, <class 'manticore.ethereum.plugins.SkipRevertBasicBlocks'>, <class 'manticore.ethereum.plugins.FilterFunctions'>
2023-07-03 15:55:26,794: [70] m.main:INFO: Beginning analysis
2023-07-03 15:55:26,797: [70] m.e.manticore:INFO: Starting symbolic create contract
2023-07-03 15:55:28,207: [70] m.e.manticore:INFO: Starting symbolic transaction: 0
2023-07-03 15:55:28,377: [70] m.e.manticore:INFO: 0 alive states, 1 terminated states
2023-07-03 15:55:28,445: [70] m.e.manticore:INFO: Starting symbolic transaction: 1
2023-07-03 15:55:28,714: [70] m.c.manticore:INFO: Results in /mcore_4q3_24fq
2023-07-03 15:55:28,715: [70] m.c.manticore:INFO: Total time: 0.5040361881256104
2023-07-03 15:55:29,434: [129] m.main:INFO: Registered plugins: IntrospectionAPIPlugin, <class 'manticore.ethereum.plugins.SkipRevertBasicBlocks'>, <class 'manticore.ethereum.plugins.FilterFunctions'>
2023-07-03 15:55:29,434: [129] m.main:INFO: Beginning analysis
2023-07-03 15:55:29,438: [129] m.e.manticore:INFO: Starting symbolic create contract
2023-07-03 15:55:31,392: [129] m.e.manticore:INFO: Starting symbolic transaction: 0
2023-07-03 15:55:36,886: [129] m.e.manticore:INFO: 0 alive states, 3 terminated states
2023-07-03 15:55:37,174: [129] m.c.manticore:INFO: Results in /mcore_inah18nr
2023-07-03 15:55:37,175: [129] m.c.manticore:INFO: Total time: 5.7662248611450195
2023-07-03 15:55:37,822: [197] m.main:INFO: Registered plugins: IntrospectionAPIPlugin, <class 'manticore.ethereum.plugins.SkipRevertBasicBlocks'>, <class 'manticore.ethereum.plugins.FilterFunctions'>
2023-07-03 15:55:37,822: [197] m.main:INFO: Beginning analysis
2023-07-03 15:55:37,824: [197] m.e.manticore:INFO: Starting symbolic create contract
