2023-07-03 16:06:10,935: [11] m.main:INFO: Registered plugins: IntrospectionAPIPlugin, <class 'manticore.ethereum.plugins.SkipRevertBasicBlocks'>, <class 'manticore.ethereum.plugins.FilterFunctions'>
2023-07-03 16:06:10,936: [11] m.main:INFO: Beginning analysis
2023-07-03 16:06:10,938: [11] m.e.manticore:INFO: Starting symbolic create contract
2023-07-03 16:06:11,791: [11] m.e.manticore:INFO: Starting symbolic transaction: 0
2023-07-03 16:06:11,924: [11] m.e.manticore:INFO: 0 alive states, 1 terminated states
2023-07-03 16:06:11,992: [11] m.e.manticore:INFO: Starting symbolic transaction: 1
2023-07-03 16:06:12,218: [11] m.c.manticore:INFO: Results in /mcore_xjwhka88
2023-07-03 16:06:12,218: [11] m.c.manticore:INFO: Total time: 0.4237079620361328
2023-07-03 16:06:13,077: [70] m.main:INFO: Registered plugins: IntrospectionAPIPlugin, <class 'manticore.ethereum.plugins.SkipRevertBasicBlocks'>, <class 'manticore.ethereum.plugins.FilterFunctions'>
2023-07-03 16:06:13,077: [70] m.main:INFO: Beginning analysis
2023-07-03 16:06:13,080: [70] m.e.manticore:INFO: Starting symbolic create contract
2023-07-03 16:06:13,992: [70] m.e.manticore:INFO: Starting symbolic transaction: 0
2023-07-03 16:06:14,142: [70] m.e.manticore:INFO: 0 alive states, 1 terminated states
2023-07-03 16:06:14,213: [70] m.e.manticore:INFO: Starting symbolic transaction: 1
2023-07-03 16:06:14,439: [70] m.c.manticore:INFO: Results in /mcore_s9m3qmqq
2023-07-03 16:06:14,440: [70] m.c.manticore:INFO: Total time: 0.44411253929138184
2023-07-03 16:06:15,202: [129] m.main:INFO: Registered plugins: IntrospectionAPIPlugin, <class 'manticore.ethereum.plugins.SkipRevertBasicBlocks'>, <class 'manticore.ethereum.plugins.FilterFunctions'>
2023-07-03 16:06:15,202: [129] m.main:INFO: Beginning analysis
2023-07-03 16:06:15,205: [129] m.e.manticore:INFO: Starting symbolic create contract
2023-07-03 16:06:15,819: [129] m.e.manticore:INFO: Starting symbolic transaction: 0
2023-07-03 16:06:15,911: [129] m.e.manticore:INFO: 0 alive states, 2 terminated states
2023-07-03 16:06:16,071: [129] m.c.manticore:INFO: Results in /mcore_7l9xqfoh
2023-07-03 16:06:16,071: [129] m.c.manticore:INFO: Total time: 0.24808120727539062
2023-07-03 16:06:16,871: [194] m.main:INFO: Registered plugins: IntrospectionAPIPlugin, <class 'manticore.ethereum.plugins.SkipRevertBasicBlocks'>, <class 'manticore.ethereum.plugins.FilterFunctions'>
2023-07-03 16:06:16,871: [194] m.main:INFO: Beginning analysis
2023-07-03 16:06:16,874: [194] m.e.manticore:INFO: Starting symbolic create contract
