INFO:Slither:Compilation warnings/errors on /sb/InvestorAMO_V2_1.sol:
Warning: Documentation tag on non-public state variables will be disallowed in 0.7.0. You will need to use the @dev tag explicitly.
    --> /sb/InvestorAMO_V2_1.sol:1866:5:
     |
1866 |     /// @notice Allowance amounts on behalf of others
     |     ^^^^^^^^^^^^^^^^^^^^^^^^^^^^^^^^^^^^^^^^^^^^^^^^^

Warning: Documentation tag on non-public state variables will be disallowed in 0.7.0. You will need to use the @dev tag explicitly.
    --> /sb/InvestorAMO_V2_1.sol:1869:5:
     |
1869 |     /// @notice Official record of token balances for each account
     |     ^^^^^^^^^^^^^^^^^^^^^^^^^^^^^^^^^^^^^^^^^^^^^^^^^^^^^^^^^^^^^^

Warning: Contract code size exceeds 24576 bytes (a limit introduced in Spurious Dragon). This contract may not be deployable on mainnet. Consider enabling the optimizer (with a low "runs" value!), turning off revert strings, or using libraries.
    --> /sb/InvestorAMO_V2_1.sol:3110:1:
     |
3110 | contract FraxPool is AccessControl {
     | ^ (Relevant source part starts here and spans across multiple lines).

Warning: Contract code size exceeds 24576 bytes (a limit introduced in Spurious Dragon). This contract may not be deployable on mainnet. Consider enabling the optimizer (with a low "runs" value!), turning off revert strings, or using libraries.
    --> /sb/InvestorAMO_V2_1.sol:3746:1:
     |
3746 | contract InvestorAMO_V2 is AccessControl {
     | ^ (Relevant source part starts here and spans across multiple lines).


ERROR:ExpressionParsing:Expression not parsed FunctionCallOptions
