[INFO] | 2023-07-06 06:35:53 AM | analyzer.MultiSigWallet_1 | Analysis started at: 2023-07-06 06:35:53 AM
[INFO] | 2023-07-06 06:35:54 AM | analyzer.MultiSigWallet_1 | Version constraints: ['^0.4.11']
[INFO] | 2023-07-06 06:35:54 AM | analyzer.MultiSigWallet_1 | solc version: v0.4.11
[INFO] | 2023-07-06 06:35:55 AM | analyzer.MultiSigWallet_1 | Callgraph generation started!
[INFO] | 2023-07-06 06:35:55 AM | analyzer.MultiSigWallet_1 | Callgraph generation finished!
[INFO] | 2023-07-06 06:35:55 AM | analyzer.MultiSigWallet_1 | Interprocedural CFG generation started!
[INFO] | 2023-07-06 06:35:55 AM | analyzer.MultiSigWallet_1 | Interprocedural CFG generation finished!
[INFO] | 2023-07-06 06:35:55 AM | analyzer.MultiSigWallet_1 | Storage dependency graph generation started!
[WARNING] | 2023-07-06 06:35:55 AM | analyzer.MultiSigWallet_1 | Issues with getting the high level call destination address
[WARNING] | 2023-07-06 06:35:55 AM | analyzer.MultiSigWallet_1 | Issues with getting the high level call destination address
[INFO] | 2023-07-06 06:35:55 AM | analyzer.MultiSigWallet_1 | Storage dependency graph generation finished!
[INFO] | 2023-07-06 06:35:55 AM | analyzer.MultiSigWallet_1 | Value Range Analysis started
[INFO] | 2023-07-06 06:35:55 AM | analyzer.MultiSigWallet_1 | Generating return summary for slitherConstructorConstantVariables
[INFO] | 2023-07-06 06:35:55 AM | analyzer.MultiSigWallet_1 | Return summary generated for slitherConstructorConstantVariables
[INFO] | 2023-07-06 06:35:55 AM | analyzer.MultiSigWallet_1 | Range graph generated
[INFO] | 2023-07-06 06:35:55 AM | analyzer.MultiSigWallet_1 | Processed function slitherConstructorConstantVariables
[INFO] | 2023-07-06 06:35:55 AM | analyzer.MultiSigWallet_1 | Generating return summary for fallback
[INFO] | 2023-07-06 06:35:55 AM | analyzer.MultiSigWallet_1 | Return summary generated for fallback
[INFO] | 2023-07-06 06:35:55 AM | analyzer.MultiSigWallet_1 | State variable assignement do not exist
[INFO] | 2023-07-06 06:35:55 AM | analyzer.MultiSigWallet_1 | Processed function fallback
[INFO] | 2023-07-06 06:35:55 AM | analyzer.MultiSigWallet_1 | Generating return summary for isConfirmed
[INFO] | 2023-07-06 06:35:55 AM | analyzer.MultiSigWallet_1 | Return summary generated for isConfirmed
[INFO] | 2023-07-06 06:35:55 AM | analyzer.MultiSigWallet_1 | State variable assignement do not exist
[INFO] | 2023-07-06 06:35:55 AM | analyzer.MultiSigWallet_1 | Processed function isConfirmed
[INFO] | 2023-07-06 06:35:55 AM | analyzer.MultiSigWallet_1 | Generating return summary for getConfirmationCount
[WARNING] | 2023-07-06 06:35:55 AM | analyzer.MultiSigWallet_1 | No lvalue eligible assignment, is this some bug!
[INFO] | 2023-07-06 06:35:55 AM | analyzer.MultiSigWallet_1 | Return summary generated for getConfirmationCount
[INFO] | 2023-07-06 06:35:55 AM | analyzer.MultiSigWallet_1 | State variable assignement do not exist
[INFO] | 2023-07-06 06:35:55 AM | analyzer.MultiSigWallet_1 | Processed function getConfirmationCount
[INFO] | 2023-07-06 06:35:55 AM | analyzer.MultiSigWallet_1 | Generating return summary for getTransactionCount
[WARNING] | 2023-07-06 06:35:55 AM | analyzer.MultiSigWallet_1 | No lvalue eligible assignment, is this some bug!
[INFO] | 2023-07-06 06:35:55 AM | analyzer.MultiSigWallet_1 | Return summary generated for getTransactionCount
[INFO] | 2023-07-06 06:35:55 AM | analyzer.MultiSigWallet_1 | State variable assignement do not exist
[INFO] | 2023-07-06 06:35:55 AM | analyzer.MultiSigWallet_1 | Processed function getTransactionCount
[INFO] | 2023-07-06 06:35:55 AM | analyzer.MultiSigWallet_1 | Generating return summary for getOwners
[INFO] | 2023-07-06 06:35:55 AM | analyzer.MultiSigWallet_1 | Return summary generated for getOwners
[INFO] | 2023-07-06 06:35:55 AM | analyzer.MultiSigWallet_1 | State variable assignement do not exist
[INFO] | 2023-07-06 06:35:55 AM | analyzer.MultiSigWallet_1 | Processed function getOwners
[INFO] | 2023-07-06 06:35:55 AM | analyzer.MultiSigWallet_1 | Generating return summary for getConfirmations
[INFO] | 2023-07-06 06:35:55 AM | analyzer.MultiSigWallet_1 | Return summary generated for getConfirmations
[INFO] | 2023-07-06 06:35:55 AM | analyzer.MultiSigWallet_1 | State variable assignement do not exist
[INFO] | 2023-07-06 06:35:55 AM | analyzer.MultiSigWallet_1 | Processed function getConfirmations
[INFO] | 2023-07-06 06:35:55 AM | analyzer.MultiSigWallet_1 | Generating return summary for getTransactionIds
[INFO] | 2023-07-06 06:35:55 AM | analyzer.MultiSigWallet_1 | Return summary generated for getTransactionIds
[INFO] | 2023-07-06 06:35:55 AM | analyzer.MultiSigWallet_1 | State variable assignement do not exist
[INFO] | 2023-07-06 06:35:55 AM | analyzer.MultiSigWallet_1 | Processed function getTransactionIds
[INFO] | 2023-07-06 06:35:55 AM | analyzer.MultiSigWallet_1 | Generating return summary for validRequirement
[INFO] | 2023-07-06 06:35:55 AM | analyzer.MultiSigWallet_1 | Return summary generated for validRequirement
[INFO] | 2023-07-06 06:35:55 AM | analyzer.MultiSigWallet_1 | State variable assignement do not exist
[INFO] | 2023-07-06 06:35:55 AM | analyzer.MultiSigWallet_1 | Processed function validRequirement
[INFO] | 2023-07-06 06:35:55 AM | analyzer.MultiSigWallet_1 | Generating return summary for notNull
[INFO] | 2023-07-06 06:35:55 AM | analyzer.MultiSigWallet_1 | Return summary generated for notNull
[INFO] | 2023-07-06 06:35:55 AM | analyzer.MultiSigWallet_1 | State variable assignement do not exist
[INFO] | 2023-07-06 06:35:55 AM | analyzer.MultiSigWallet_1 | Processed function notNull
[INFO] | 2023-07-06 06:35:55 AM | analyzer.MultiSigWallet_1 | Generating return summary for ownerDoesNotExist
[INFO] | 2023-07-06 06:35:55 AM | analyzer.MultiSigWallet_1 | Return summary generated for ownerDoesNotExist
[INFO] | 2023-07-06 06:35:55 AM | analyzer.MultiSigWallet_1 | State variable assignement do not exist
[INFO] | 2023-07-06 06:35:55 AM | analyzer.MultiSigWallet_1 | Processed function ownerDoesNotExist
[INFO] | 2023-07-06 06:35:55 AM | analyzer.MultiSigWallet_1 | Generating return summary for onlyWallet
[INFO] | 2023-07-06 06:35:55 AM | analyzer.MultiSigWallet_1 | Return summary generated for onlyWallet
[INFO] | 2023-07-06 06:35:55 AM | analyzer.MultiSigWallet_1 | State variable assignement do not exist
[INFO] | 2023-07-06 06:35:55 AM | analyzer.MultiSigWallet_1 | Processed function onlyWallet
[INFO] | 2023-07-06 06:35:55 AM | analyzer.MultiSigWallet_1 | Generating return summary for ownerExists
[INFO] | 2023-07-06 06:35:55 AM | analyzer.MultiSigWallet_1 | Return summary generated for ownerExists
[INFO] | 2023-07-06 06:35:55 AM | analyzer.MultiSigWallet_1 | State variable assignement do not exist
[INFO] | 2023-07-06 06:35:55 AM | analyzer.MultiSigWallet_1 | Processed function ownerExists
[INFO] | 2023-07-06 06:35:55 AM | analyzer.MultiSigWallet_1 | Generating return summary for notConfirmed
[INFO] | 2023-07-06 06:35:55 AM | analyzer.MultiSigWallet_1 | Return summary generated for notConfirmed
[INFO] | 2023-07-06 06:35:55 AM | analyzer.MultiSigWallet_1 | State variable assignement do not exist
[INFO] | 2023-07-06 06:35:55 AM | analyzer.MultiSigWallet_1 | Processed function notConfirmed
[INFO] | 2023-07-06 06:35:55 AM | analyzer.MultiSigWallet_1 | Generating return summary for transactionExists
[INFO] | 2023-07-06 06:35:55 AM | analyzer.MultiSigWallet_1 | Return summary generated for transactionExists
[INFO] | 2023-07-06 06:35:55 AM | analyzer.MultiSigWallet_1 | State variable assignement do not exist
[INFO] | 2023-07-06 06:35:55 AM | analyzer.MultiSigWallet_1 | Processed function transactionExists
[INFO] | 2023-07-06 06:35:55 AM | analyzer.MultiSigWallet_1 | Generating return summary for confirmed
[INFO] | 2023-07-06 06:35:55 AM | analyzer.MultiSigWallet_1 | Return summary generated for confirmed
[INFO] | 2023-07-06 06:35:55 AM | analyzer.MultiSigWallet_1 | State variable assignement do not exist
[INFO] | 2023-07-06 06:35:55 AM | analyzer.MultiSigWallet_1 | Processed function confirmed
[INFO] | 2023-07-06 06:35:55 AM | analyzer.MultiSigWallet_1 | Generating return summary for notExecuted
[INFO] | 2023-07-06 06:35:55 AM | analyzer.MultiSigWallet_1 | Return summary generated for notExecuted
[INFO] | 2023-07-06 06:35:55 AM | analyzer.MultiSigWallet_1 | State variable assignement do not exist
[INFO] | 2023-07-06 06:35:55 AM | analyzer.MultiSigWallet_1 | Processed function notExecuted
[INFO] | 2023-07-06 06:35:55 AM | analyzer.MultiSigWallet_1 | Generating return summary for executeTransaction
[INFO] | 2023-07-06 06:35:55 AM | analyzer.MultiSigWallet_1 | Return summary generated for executeTransaction
[INFO] | 2023-07-06 06:35:55 AM | analyzer.MultiSigWallet_1 | State variable assignement do not exist
[INFO] | 2023-07-06 06:35:55 AM | analyzer.MultiSigWallet_1 | Processed function executeTransaction
[INFO] | 2023-07-06 06:35:55 AM | analyzer.MultiSigWallet_1 | Generating return summary for MultiSigWallet
[INFO] | 2023-07-06 06:35:55 AM | analyzer.MultiSigWallet_1 | Return summary generated for MultiSigWallet
[INFO] | 2023-07-06 06:35:55 AM | analyzer.MultiSigWallet_1 | Range graph generated
[INFO] | 2023-07-06 06:35:55 AM | analyzer.MultiSigWallet_1 | Processed function MultiSigWallet
[INFO] | 2023-07-06 06:35:55 AM | analyzer.MultiSigWallet_1 | Generating return summary for addOwner
[INFO] | 2023-07-06 06:35:55 AM | analyzer.MultiSigWallet_1 | Return summary generated for addOwner
[INFO] | 2023-07-06 06:35:55 AM | analyzer.MultiSigWallet_1 | Range graph generated
[INFO] | 2023-07-06 06:35:55 AM | analyzer.MultiSigWallet_1 | Processed function addOwner
[INFO] | 2023-07-06 06:35:55 AM | analyzer.MultiSigWallet_1 | Generating return summary for changeRequirement
[INFO] | 2023-07-06 06:35:55 AM | analyzer.MultiSigWallet_1 | Return summary generated for changeRequirement
[INFO] | 2023-07-06 06:35:55 AM | analyzer.MultiSigWallet_1 | Range graph generated
[INFO] | 2023-07-06 06:35:55 AM | analyzer.MultiSigWallet_1 | Processed function changeRequirement
[INFO] | 2023-07-06 06:35:55 AM | analyzer.MultiSigWallet_1 | Generating return summary for addTransaction
[INFO] | 2023-07-06 06:35:55 AM | analyzer.MultiSigWallet_1 | Return summary generated for addTransaction
[INFO] | 2023-07-06 06:35:55 AM | analyzer.MultiSigWallet_1 | Range graph generated
[INFO] | 2023-07-06 06:35:55 AM | analyzer.MultiSigWallet_1 | Processed function addTransaction
[INFO] | 2023-07-06 06:35:55 AM | analyzer.MultiSigWallet_1 | Generating return summary for replaceOwner
[INFO] | 2023-07-06 06:35:55 AM | analyzer.MultiSigWallet_1 | Return summary generated for replaceOwner
[INFO] | 2023-07-06 06:35:55 AM | analyzer.MultiSigWallet_1 | Range graph generated
[INFO] | 2023-07-06 06:35:55 AM | analyzer.MultiSigWallet_1 | Processed function replaceOwner
[INFO] | 2023-07-06 06:35:55 AM | analyzer.MultiSigWallet_1 | Generating return summary for revokeConfirmation
[INFO] | 2023-07-06 06:35:55 AM | analyzer.MultiSigWallet_1 | Return summary generated for revokeConfirmation
[INFO] | 2023-07-06 06:35:55 AM | analyzer.MultiSigWallet_1 | Range graph generated
[INFO] | 2023-07-06 06:35:55 AM | analyzer.MultiSigWallet_1 | Processed function revokeConfirmation
[INFO] | 2023-07-06 06:35:55 AM | analyzer.MultiSigWallet_1 | Generating return summary for confirmTransaction
[INFO] | 2023-07-06 06:35:55 AM | analyzer.MultiSigWallet_1 | Return summary generated for confirmTransaction
[INFO] | 2023-07-06 06:35:55 AM | analyzer.MultiSigWallet_1 | Range graph generated
[INFO] | 2023-07-06 06:35:55 AM | analyzer.MultiSigWallet_1 | Processed function confirmTransaction
[INFO] | 2023-07-06 06:35:55 AM | analyzer.MultiSigWallet_1 | Generating return summary for removeOwner
[INFO] | 2023-07-06 06:35:55 AM | analyzer.MultiSigWallet_1 | Return summary generated for removeOwner
[INFO] | 2023-07-06 06:35:55 AM | analyzer.MultiSigWallet_1 | Range graph generated
[INFO] | 2023-07-06 06:35:55 AM | analyzer.MultiSigWallet_1 | Processed function removeOwner
[INFO] | 2023-07-06 06:35:55 AM | analyzer.MultiSigWallet_1 | Generating return summary for submitTransaction
[INFO] | 2023-07-06 06:35:55 AM | analyzer.MultiSigWallet_1 | Return summary generated for submitTransaction
[INFO] | 2023-07-06 06:35:55 AM | analyzer.MultiSigWallet_1 | Range graph generated
[INFO] | 2023-07-06 06:35:55 AM | analyzer.MultiSigWallet_1 | Processed function submitTransaction
[INFO] | 2023-07-06 06:35:55 AM | analyzer.MultiSigWallet_1 | Value Range Analysis took 0.009716 seconds
[INFO] | 2023-07-06 06:35:55 AM | analyzer.MultiSigWallet_1 | Value Range Analysis finished
[INFO] | 2023-07-06 06:35:55 AM | analyzer.MultiSigWallet_1 | Storage dependency graph compostion started!
[INFO] | 2023-07-06 06:35:55 AM | analyzer.MultiSigWallet_1 | Storage dependency graph compostion finished!
[INFO] | 2023-07-06 06:35:55 AM | analyzer.MultiSigWallet_1 | Dependency detection started!
[INFO] | 2023-07-06 06:35:55 AM | analyzer.MultiSigWallet_1 | Dependency detection finished!
[INFO] | 2023-07-06 06:35:55 AM | analyzer.MultiSigWallet_1 | Static Analysis took 1.372268 seconds
[INFO] | 2023-07-06 06:35:55 AM | analyzer.MultiSigWallet_1 | Dependency does not exist
[INFO] | 2023-07-06 06:35:55 AM | analyzer.MultiSigWallet_1 | Symbolic execution is not needed!
[INFO] | 2023-07-06 06:35:55 AM | analyzer.MultiSigWallet_1 | Analysis finished!
[INFO] | 2023-07-06 06:35:55 AM | analyzer.MultiSigWallet_1 | Analysis took 1.372414 seconds
[INFO] | 2023-07-06 06:35:55 AM | analyzer.MultiSigWallet_1 | Analysis finished at: 2023-07-06 06:35:55 AM
