[INFO] | 2023-07-06 06:36:54 AM | analyzer.OpenOracleData_1 | Analysis started at: 2023-07-06 06:36:54 AM
[INFO] | 2023-07-06 06:36:55 AM | analyzer.OpenOracleData_1 | Version constraints: ['^0.5.12']
[INFO] | 2023-07-06 06:36:55 AM | analyzer.OpenOracleData_1 | solc version: v0.5.12
[INFO] | 2023-07-06 06:36:55 AM | analyzer.OpenOracleData_1 | Callgraph generation started!
[INFO] | 2023-07-06 06:36:55 AM | analyzer.OpenOracleData_1 | Callgraph generation finished!
[INFO] | 2023-07-06 06:36:55 AM | analyzer.OpenOracleData_1 | Interprocedural CFG generation started!
[INFO] | 2023-07-06 06:36:55 AM | analyzer.OpenOracleData_1 | Interprocedural CFG generation finished!
[INFO] | 2023-07-06 06:36:55 AM | analyzer.OpenOracleData_1 | Storage dependency graph generation started!
[INFO] | 2023-07-06 06:36:55 AM | analyzer.OpenOracleData_1 | Storage dependency graph generation finished!
[INFO] | 2023-07-06 06:36:55 AM | analyzer.OpenOracleData_1 | Value Range Analysis started
[INFO] | 2023-07-06 06:36:55 AM | analyzer.OpenOracleData_1 | Generating return summary for source
[INFO] | 2023-07-06 06:36:55 AM | analyzer.OpenOracleData_1 | Return summary generated for source
[INFO] | 2023-07-06 06:36:55 AM | analyzer.OpenOracleData_1 | State variable assignement do not exist
[INFO] | 2023-07-06 06:36:55 AM | analyzer.OpenOracleData_1 | Processed function source
[INFO] | 2023-07-06 06:36:55 AM | analyzer.OpenOracleData_1 | Value Range Analysis took 0.000243 seconds
[INFO] | 2023-07-06 06:36:55 AM | analyzer.OpenOracleData_1 | Value Range Analysis finished
[INFO] | 2023-07-06 06:36:55 AM | analyzer.OpenOracleData_1 | Storage dependency graph compostion started!
[INFO] | 2023-07-06 06:36:55 AM | analyzer.OpenOracleData_1 | Storage dependency graph compostion finished!
[INFO] | 2023-07-06 06:36:55 AM | analyzer.OpenOracleData_1 | Dependency detection started!
[INFO] | 2023-07-06 06:36:55 AM | analyzer.OpenOracleData_1 | Dependency detection finished!
[INFO] | 2023-07-06 06:36:55 AM | analyzer.OpenOracleData_1 | Static Analysis took 0.223797 seconds
[INFO] | 2023-07-06 06:36:55 AM | analyzer.OpenOracleData_1 | Dependency does not exist
[INFO] | 2023-07-06 06:36:55 AM | analyzer.OpenOracleData_1 | Symbolic execution is not needed!
[INFO] | 2023-07-06 06:36:55 AM | analyzer.OpenOracleData_1 | Analysis finished!
[INFO] | 2023-07-06 06:36:55 AM | analyzer.OpenOracleData_1 | Analysis took 0.223972 seconds
[INFO] | 2023-07-06 06:36:55 AM | analyzer.OpenOracleData_1 | Analysis finished at: 2023-07-06 06:36:55 AM
