2023-07-03 16:11:13,634: [11] m.main:INFO: Registered plugins: IntrospectionAPIPlugin, <class 'manticore.ethereum.plugins.SkipRevertBasicBlocks'>, <class 'manticore.ethereum.plugins.FilterFunctions'>
2023-07-03 16:11:13,634: [11] m.main:INFO: Beginning analysis
2023-07-03 16:11:13,637: [11] m.e.manticore:INFO: Starting symbolic create contract
2023-07-03 16:11:14,446: [11] m.e.manticore:INFO: Starting symbolic transaction: 0
2023-07-03 16:11:14,557: [11] m.e.manticore:INFO: 0 alive states, 2 terminated states
2023-07-03 16:11:14,694: [11] m.c.manticore:INFO: Results in /mcore_x8aec9q5
2023-07-03 16:11:14,694: [11] m.c.manticore:INFO: Total time: 0.24274253845214844
2023-07-03 16:11:15,349: [76] m.main:INFO: Registered plugins: IntrospectionAPIPlugin, <class 'manticore.ethereum.plugins.SkipRevertBasicBlocks'>, <class 'manticore.ethereum.plugins.FilterFunctions'>
2023-07-03 16:11:15,349: [76] m.main:INFO: Beginning analysis
2023-07-03 16:11:15,352: [76] m.e.manticore:INFO: Starting symbolic create contract
2023-07-03 16:11:16,243: [76] m.e.manticore:INFO: Starting symbolic transaction: 0
2023-07-03 16:11:16,401: [76] m.e.manticore:INFO: 0 alive states, 2 terminated states
2023-07-03 16:11:16,530: [76] m.c.manticore:INFO: Results in /mcore_whwexqtv
2023-07-03 16:11:16,530: [76] m.c.manticore:INFO: Total time: 0.2803070545196533
2023-07-03 16:11:17,255: [141] m.main:INFO: Registered plugins: IntrospectionAPIPlugin, <class 'manticore.ethereum.plugins.SkipRevertBasicBlocks'>, <class 'manticore.ethereum.plugins.FilterFunctions'>
2023-07-03 16:11:17,256: [141] m.main:INFO: Beginning analysis
2023-07-03 16:11:17,257: [141] m.e.manticore:INFO: Starting symbolic create contract
2023-07-03 16:11:18,069: [141] m.e.manticore:INFO: Starting symbolic transaction: 0
2023-07-03 16:11:18,140: [141] m.e.manticore:INFO: 0 alive states, 2 terminated states
2023-07-03 16:11:18,324: [141] m.c.manticore:INFO: Results in /mcore_0mvby0fx
2023-07-03 16:11:18,325: [141] m.c.manticore:INFO: Total time: 0.2526087760925293
2023-07-03 16:11:19,006: [203] m.main:INFO: Registered plugins: IntrospectionAPIPlugin, <class 'manticore.ethereum.plugins.SkipRevertBasicBlocks'>, <class 'manticore.ethereum.plugins.FilterFunctions'>
2023-07-03 16:11:19,007: [203] m.main:INFO: Beginning analysis
2023-07-03 16:11:19,009: [203] m.e.manticore:INFO: Starting symbolic create contract
2023-07-03 16:11:19,820: [203] m.e.manticore:INFO: Starting symbolic transaction: 0
2023-07-03 16:11:19,931: [203] m.e.manticore:INFO: 0 alive states, 2 terminated states
2023-07-03 16:11:20,097: [203] m.c.manticore:INFO: Results in /mcore_luejvf6t
2023-07-03 16:11:20,097: [203] m.c.manticore:INFO: Total time: 0.2732539176940918
2023-07-03 16:11:20,824: [268] m.main:INFO: Registered plugins: IntrospectionAPIPlugin, <class 'manticore.ethereum.plugins.SkipRevertBasicBlocks'>, <class 'manticore.ethereum.plugins.FilterFunctions'>
2023-07-03 16:11:20,824: [268] m.main:INFO: Beginning analysis
2023-07-03 16:11:20,826: [268] m.e.manticore:INFO: Starting symbolic create contract
2023-07-03 16:11:21,802: [268] m.e.manticore:INFO: Starting symbolic transaction: 0
2023-07-03 16:11:22,369: [268] m.c.worker:ERROR: Exception in state 0: ManticoreError('Forking on unfeasible constraint set')
Traceback (most recent call last):
  File "/usr/local/lib/python3.7/dist-packages/manticore/core/worker.py", line 137, in run
    current_state.execute()
  File "/usr/local/lib/python3.7/dist-packages/manticore/ethereum/state.py", line 8, in execute
    return self._platform.execute()
  File "/usr/local/lib/python3.7/dist-packages/manticore/platforms/evm.py", line 3106, in execute
    self.current_vm.execute()
  File "/usr/local/lib/python3.7/dist-packages/manticore/platforms/evm.py", line 1322, in execute
    raise Concretize("Symbolic PC", expression=expression, setstate=setstate, policy="ALL")
manticore.core.state.Concretize

During handling of the above exception, another exception occurred:

Traceback (most recent call last):
  File "/usr/local/lib/python3.7/dist-packages/manticore/core/worker.py", line 158, in run
    m._fork(current_state, exc.expression, exc.policy, exc.setstate, exc.values)
  File "/usr/local/lib/python3.7/dist-packages/manticore/core/manticore.py", line 518, in _fork
    raise ManticoreError("Forking on unfeasible constraint set")
manticore.exceptions.ManticoreError: Forking on unfeasible constraint set
 
2023-07-03 16:11:22,377: [268] m.e.manticore:INFO: 0 alive states, 1 terminated states
2023-07-03 16:11:22,510: [268] m.c.manticore:INFO: Results in /mcore_s01978kt
2023-07-03 16:11:22,511: [268] m.c.manticore:INFO: Total time: 0.7015397548675537
2023-07-03 16:11:23,285: [330] m.main:INFO: Registered plugins: IntrospectionAPIPlugin, <class 'manticore.ethereum.plugins.SkipRevertBasicBlocks'>, <class 'manticore.ethereum.plugins.FilterFunctions'>
2023-07-03 16:11:23,285: [330] m.main:INFO: Beginning analysis
2023-07-03 16:11:23,287: [330] m.e.manticore:INFO: Starting symbolic create contract
