2023-07-03 16:16:33,739: [11] m.main:INFO: Registered plugins: IntrospectionAPIPlugin, <class 'manticore.ethereum.plugins.SkipRevertBasicBlocks'>, <class 'manticore.ethereum.plugins.FilterFunctions'>
2023-07-03 16:16:33,740: [11] m.main:INFO: Beginning analysis
2023-07-03 16:16:33,742: [11] m.e.manticore:INFO: Starting symbolic create contract
2023-07-03 16:16:35,097: [11] m.e.manticore:INFO: Starting symbolic transaction: 0
2023-07-03 16:16:35,224: [11] m.e.manticore:INFO: 0 alive states, 1 terminated states
2023-07-03 16:16:35,289: [11] m.e.manticore:INFO: Starting symbolic transaction: 1
2023-07-03 16:16:35,566: [11] m.c.manticore:INFO: Results in /mcore_5phqckhz
2023-07-03 16:16:35,567: [11] m.c.manticore:INFO: Total time: 0.4668300151824951
2023-07-03 16:16:36,257: [70] m.main:INFO: Registered plugins: IntrospectionAPIPlugin, <class 'manticore.ethereum.plugins.SkipRevertBasicBlocks'>, <class 'manticore.ethereum.plugins.FilterFunctions'>
2023-07-03 16:16:36,258: [70] m.main:INFO: Beginning analysis
2023-07-03 16:16:36,260: [70] m.e.manticore:INFO: Starting symbolic create contract
2023-07-03 16:16:37,708: [70] m.e.manticore:INFO: Starting symbolic transaction: 0
2023-07-03 16:16:37,854: [70] m.e.manticore:INFO: 0 alive states, 1 terminated states
2023-07-03 16:16:37,918: [70] m.e.manticore:INFO: Starting symbolic transaction: 1
2023-07-03 16:16:38,169: [70] m.c.manticore:INFO: Results in /mcore_om8775a4
2023-07-03 16:16:38,169: [70] m.c.manticore:INFO: Total time: 0.4573554992675781
2023-07-03 16:16:38,844: [129] m.main:INFO: Registered plugins: IntrospectionAPIPlugin, <class 'manticore.ethereum.plugins.SkipRevertBasicBlocks'>, <class 'manticore.ethereum.plugins.FilterFunctions'>
2023-07-03 16:16:38,844: [129] m.main:INFO: Beginning analysis
2023-07-03 16:16:38,846: [129] m.e.manticore:INFO: Starting symbolic create contract
2023-07-03 16:16:41,024: [129] m.e.manticore:INFO: Starting symbolic transaction: 0
2023-07-03 16:16:46,401: [129] m.e.manticore:INFO: 0 alive states, 3 terminated states
2023-07-03 16:16:46,751: [129] m.c.manticore:INFO: Results in /mcore_djq6_0i3
2023-07-03 16:16:46,751: [129] m.c.manticore:INFO: Total time: 5.70644211769104
2023-07-03 16:16:47,524: [200] m.main:INFO: Registered plugins: IntrospectionAPIPlugin, <class 'manticore.ethereum.plugins.SkipRevertBasicBlocks'>, <class 'manticore.ethereum.plugins.FilterFunctions'>
2023-07-03 16:16:47,525: [200] m.main:INFO: Beginning analysis
2023-07-03 16:16:47,527: [200] m.e.manticore:INFO: Starting symbolic create contract
