2023-07-03 16:31:32,499: [11] m.main:INFO: Registered plugins: IntrospectionAPIPlugin, <class 'manticore.ethereum.plugins.SkipRevertBasicBlocks'>, <class 'manticore.ethereum.plugins.FilterFunctions'>
2023-07-03 16:31:32,499: [11] m.main:INFO: Beginning analysis
2023-07-03 16:31:32,502: [11] m.e.manticore:INFO: Starting symbolic create contract
2023-07-03 16:31:33,408: [11] m.e.manticore:INFO: Starting symbolic transaction: 0
2023-07-03 16:31:33,525: [11] m.e.manticore:INFO: 0 alive states, 2 terminated states
2023-07-03 16:31:33,669: [11] m.c.manticore:INFO: Results in /mcore_b23_oaui
2023-07-03 16:31:33,669: [11] m.c.manticore:INFO: Total time: 0.25757837295532227
2023-07-03 16:31:34,412: [76] m.main:INFO: Registered plugins: IntrospectionAPIPlugin, <class 'manticore.ethereum.plugins.SkipRevertBasicBlocks'>, <class 'manticore.ethereum.plugins.FilterFunctions'>
2023-07-03 16:31:34,412: [76] m.main:INFO: Beginning analysis
2023-07-03 16:31:34,415: [76] m.e.manticore:INFO: Starting symbolic create contract
2023-07-03 16:31:35,220: [76] m.e.manticore:INFO: Starting symbolic transaction: 0
2023-07-03 16:31:35,339: [76] m.e.manticore:INFO: 0 alive states, 2 terminated states
2023-07-03 16:31:35,474: [76] m.c.manticore:INFO: Results in /mcore_qzncllf1
2023-07-03 16:31:35,474: [76] m.c.manticore:INFO: Total time: 0.2506296634674072
2023-07-03 16:31:36,190: [141] m.main:INFO: Registered plugins: IntrospectionAPIPlugin, <class 'manticore.ethereum.plugins.SkipRevertBasicBlocks'>, <class 'manticore.ethereum.plugins.FilterFunctions'>
2023-07-03 16:31:36,190: [141] m.main:INFO: Beginning analysis
2023-07-03 16:31:36,193: [141] m.e.manticore:INFO: Starting symbolic create contract
2023-07-03 16:31:37,022: [141] m.e.manticore:INFO: Starting symbolic transaction: 0
2023-07-03 16:31:37,116: [141] m.e.manticore:INFO: 0 alive states, 2 terminated states
2023-07-03 16:31:37,259: [141] m.c.manticore:INFO: Results in /mcore_xjeezvfx
2023-07-03 16:31:37,259: [141] m.c.manticore:INFO: Total time: 0.23367738723754883
2023-07-03 16:31:38,018: [206] m.main:INFO: Registered plugins: IntrospectionAPIPlugin, <class 'manticore.ethereum.plugins.SkipRevertBasicBlocks'>, <class 'manticore.ethereum.plugins.FilterFunctions'>
2023-07-03 16:31:38,019: [206] m.main:INFO: Beginning analysis
2023-07-03 16:31:38,022: [206] m.e.manticore:INFO: Starting symbolic create contract
2023-07-03 16:31:38,965: [206] m.e.manticore:INFO: Starting symbolic transaction: 0
2023-07-03 16:31:39,112: [206] m.e.manticore:INFO: 0 alive states, 2 terminated states
2023-07-03 16:31:39,313: [206] m.c.manticore:INFO: Results in /mcore_r45a22v3
2023-07-03 16:31:39,313: [206] m.c.manticore:INFO: Total time: 0.3413088321685791
2023-07-03 16:31:40,103: [271] m.main:INFO: Registered plugins: IntrospectionAPIPlugin, <class 'manticore.ethereum.plugins.SkipRevertBasicBlocks'>, <class 'manticore.ethereum.plugins.FilterFunctions'>
2023-07-03 16:31:40,104: [271] m.main:INFO: Beginning analysis
2023-07-03 16:31:40,106: [271] m.e.manticore:INFO: Starting symbolic create contract
2023-07-03 16:31:41,099: [271] m.e.manticore:INFO: Starting symbolic transaction: 0
2023-07-03 16:31:41,723: [271] m.c.worker:ERROR: Exception in state 0: ManticoreError('Forking on unfeasible constraint set')
Traceback (most recent call last):
  File "/usr/local/lib/python3.7/dist-packages/manticore/core/worker.py", line 137, in run
    current_state.execute()
  File "/usr/local/lib/python3.7/dist-packages/manticore/ethereum/state.py", line 8, in execute
    return self._platform.execute()
  File "/usr/local/lib/python3.7/dist-packages/manticore/platforms/evm.py", line 3106, in execute
    self.current_vm.execute()
  File "/usr/local/lib/python3.7/dist-packages/manticore/platforms/evm.py", line 1322, in execute
    raise Concretize("Symbolic PC", expression=expression, setstate=setstate, policy="ALL")
manticore.core.state.Concretize

During handling of the above exception, another exception occurred:

Traceback (most recent call last):
  File "/usr/local/lib/python3.7/dist-packages/manticore/core/worker.py", line 158, in run
    m._fork(current_state, exc.expression, exc.policy, exc.setstate, exc.values)
  File "/usr/local/lib/python3.7/dist-packages/manticore/core/manticore.py", line 518, in _fork
    raise ManticoreError("Forking on unfeasible constraint set")
manticore.exceptions.ManticoreError: Forking on unfeasible constraint set
 
2023-07-03 16:31:41,731: [271] m.e.manticore:INFO: 0 alive states, 1 terminated states
2023-07-03 16:31:41,854: [271] m.c.manticore:INFO: Results in /mcore_e29u7sr3
2023-07-03 16:31:41,854: [271] m.c.manticore:INFO: Total time: 0.7498843669891357
2023-07-03 16:31:42,598: [333] m.main:INFO: Registered plugins: IntrospectionAPIPlugin, <class 'manticore.ethereum.plugins.SkipRevertBasicBlocks'>, <class 'manticore.ethereum.plugins.FilterFunctions'>
2023-07-03 16:31:42,598: [333] m.main:INFO: Beginning analysis
2023-07-03 16:31:42,600: [333] m.e.manticore:INFO: Starting symbolic create contract
