2023-07-03 16:37:30,796: [11] m.main:INFO: Registered plugins: IntrospectionAPIPlugin, <class 'manticore.ethereum.plugins.SkipRevertBasicBlocks'>, <class 'manticore.ethereum.plugins.FilterFunctions'>
2023-07-03 16:37:30,797: [11] m.main:INFO: Beginning analysis
2023-07-03 16:37:30,799: [11] m.e.manticore:INFO: Starting symbolic create contract
2023-07-03 16:37:31,480: [11] m.e.manticore:INFO: Starting symbolic transaction: 0
2023-07-03 16:37:31,617: [11] m.e.manticore:INFO: 0 alive states, 1 terminated states
2023-07-03 16:37:31,681: [11] m.e.manticore:INFO: Starting symbolic transaction: 1
2023-07-03 16:37:31,882: [11] m.c.manticore:INFO: Results in /mcore_x310lfny
2023-07-03 16:37:31,882: [11] m.c.manticore:INFO: Total time: 0.3992903232574463
2023-07-03 16:37:32,636: [70] m.main:INFO: Registered plugins: IntrospectionAPIPlugin, <class 'manticore.ethereum.plugins.SkipRevertBasicBlocks'>, <class 'manticore.ethereum.plugins.FilterFunctions'>
2023-07-03 16:37:32,636: [70] m.main:INFO: Beginning analysis
2023-07-03 16:37:32,639: [70] m.e.manticore:INFO: Starting symbolic create contract
2023-07-03 16:37:33,528: [70] m.e.manticore:INFO: Starting symbolic transaction: 0
2023-07-03 16:37:33,679: [70] m.e.manticore:INFO: 0 alive states, 1 terminated states
2023-07-03 16:37:33,736: [70] m.e.manticore:INFO: Starting symbolic transaction: 1
2023-07-03 16:37:33,917: [70] m.c.manticore:INFO: Results in /mcore_s_01zdjz
2023-07-03 16:37:33,917: [70] m.c.manticore:INFO: Total time: 0.38424181938171387
2023-07-03 16:37:34,718: [129] m.main:INFO: Registered plugins: IntrospectionAPIPlugin, <class 'manticore.ethereum.plugins.SkipRevertBasicBlocks'>, <class 'manticore.ethereum.plugins.FilterFunctions'>
2023-07-03 16:37:34,718: [129] m.main:INFO: Beginning analysis
2023-07-03 16:37:34,720: [129] m.e.manticore:INFO: Starting symbolic create contract
2023-07-03 16:37:35,665: [129] m.e.manticore:INFO: Starting symbolic transaction: 0
2023-07-03 16:37:35,798: [129] m.e.manticore:INFO: 0 alive states, 1 terminated states
2023-07-03 16:37:35,850: [129] m.e.manticore:INFO: Starting symbolic transaction: 1
2023-07-03 16:37:36,031: [129] m.c.manticore:INFO: Results in /mcore_0c7epjzj
2023-07-03 16:37:36,031: [129] m.c.manticore:INFO: Total time: 0.36249256134033203
2023-07-03 16:37:36,809: [188] m.main:INFO: Registered plugins: IntrospectionAPIPlugin, <class 'manticore.ethereum.plugins.SkipRevertBasicBlocks'>, <class 'manticore.ethereum.plugins.FilterFunctions'>
2023-07-03 16:37:36,809: [188] m.main:INFO: Beginning analysis
2023-07-03 16:37:36,812: [188] m.e.manticore:INFO: Starting symbolic create contract
