2023-07-03 16:11:14,734: [11] m.main:INFO: Registered plugins: IntrospectionAPIPlugin, <class 'manticore.ethereum.plugins.SkipRevertBasicBlocks'>, <class 'manticore.ethereum.plugins.FilterFunctions'>
2023-07-03 16:11:14,735: [11] m.main:INFO: Beginning analysis
2023-07-03 16:11:14,738: [11] m.e.manticore:INFO: Starting symbolic create contract
2023-07-03 16:11:15,536: [11] m.e.manticore:INFO: Starting symbolic transaction: 0
2023-07-03 16:11:15,646: [11] m.e.manticore:INFO: 0 alive states, 2 terminated states
2023-07-03 16:11:15,803: [11] m.c.manticore:INFO: Results in /mcore_w5wsfnk6
2023-07-03 16:11:15,803: [11] m.c.manticore:INFO: Total time: 0.26462817192077637
2023-07-03 16:11:16,548: [76] m.main:INFO: Registered plugins: IntrospectionAPIPlugin, <class 'manticore.ethereum.plugins.SkipRevertBasicBlocks'>, <class 'manticore.ethereum.plugins.FilterFunctions'>
2023-07-03 16:11:16,548: [76] m.main:INFO: Beginning analysis
2023-07-03 16:11:16,552: [76] m.e.manticore:INFO: Starting symbolic create contract
2023-07-03 16:11:17,347: [76] m.e.manticore:INFO: Starting symbolic transaction: 0
2023-07-03 16:11:17,460: [76] m.e.manticore:INFO: 0 alive states, 2 terminated states
2023-07-03 16:11:17,629: [76] m.c.manticore:INFO: Results in /mcore_ju__nwjn
2023-07-03 16:11:17,630: [76] m.c.manticore:INFO: Total time: 0.27941179275512695
2023-07-03 16:11:18,365: [141] m.main:INFO: Registered plugins: IntrospectionAPIPlugin, <class 'manticore.ethereum.plugins.SkipRevertBasicBlocks'>, <class 'manticore.ethereum.plugins.FilterFunctions'>
2023-07-03 16:11:18,365: [141] m.main:INFO: Beginning analysis
2023-07-03 16:11:18,368: [141] m.e.manticore:INFO: Starting symbolic create contract
2023-07-03 16:11:19,272: [141] m.e.manticore:INFO: Starting symbolic transaction: 0
2023-07-03 16:11:19,396: [141] m.e.manticore:INFO: 0 alive states, 2 terminated states
2023-07-03 16:11:19,522: [141] m.c.manticore:INFO: Results in /mcore_xc4pbnc1
2023-07-03 16:11:19,523: [141] m.c.manticore:INFO: Total time: 0.24668645858764648
2023-07-03 16:11:20,209: [206] m.main:INFO: Registered plugins: IntrospectionAPIPlugin, <class 'manticore.ethereum.plugins.SkipRevertBasicBlocks'>, <class 'manticore.ethereum.plugins.FilterFunctions'>
2023-07-03 16:11:20,210: [206] m.main:INFO: Beginning analysis
2023-07-03 16:11:20,212: [206] m.e.manticore:INFO: Starting symbolic create contract
2023-07-03 16:11:21,056: [206] m.e.manticore:INFO: Starting symbolic transaction: 0
2023-07-03 16:11:21,149: [206] m.e.manticore:INFO: 0 alive states, 2 terminated states
2023-07-03 16:11:21,306: [206] m.c.manticore:INFO: Results in /mcore_bfu8nc8s
2023-07-03 16:11:21,307: [206] m.c.manticore:INFO: Total time: 0.24709129333496094
2023-07-03 16:11:22,053: [271] m.main:INFO: Registered plugins: IntrospectionAPIPlugin, <class 'manticore.ethereum.plugins.SkipRevertBasicBlocks'>, <class 'manticore.ethereum.plugins.FilterFunctions'>
2023-07-03 16:11:22,054: [271] m.main:INFO: Beginning analysis
2023-07-03 16:11:22,057: [271] m.e.manticore:INFO: Starting symbolic create contract
2023-07-03 16:11:23,028: [271] m.e.manticore:INFO: Starting symbolic transaction: 0
2023-07-03 16:11:23,663: [271] m.c.worker:ERROR: Exception in state 0: ManticoreError('Forking on unfeasible constraint set')
Traceback (most recent call last):
  File "/usr/local/lib/python3.7/dist-packages/manticore/core/worker.py", line 137, in run
    current_state.execute()
  File "/usr/local/lib/python3.7/dist-packages/manticore/ethereum/state.py", line 8, in execute
    return self._platform.execute()
  File "/usr/local/lib/python3.7/dist-packages/manticore/platforms/evm.py", line 3106, in execute
    self.current_vm.execute()
  File "/usr/local/lib/python3.7/dist-packages/manticore/platforms/evm.py", line 1322, in execute
    raise Concretize("Symbolic PC", expression=expression, setstate=setstate, policy="ALL")
manticore.core.state.Concretize

During handling of the above exception, another exception occurred:

Traceback (most recent call last):
  File "/usr/local/lib/python3.7/dist-packages/manticore/core/worker.py", line 158, in run
    m._fork(current_state, exc.expression, exc.policy, exc.setstate, exc.values)
  File "/usr/local/lib/python3.7/dist-packages/manticore/core/manticore.py", line 518, in _fork
    raise ManticoreError("Forking on unfeasible constraint set")
manticore.exceptions.ManticoreError: Forking on unfeasible constraint set
 
2023-07-03 16:11:23,672: [271] m.e.manticore:INFO: 0 alive states, 1 terminated states
2023-07-03 16:11:23,817: [271] m.c.manticore:INFO: Results in /mcore_08tv7ws7
2023-07-03 16:11:23,817: [271] m.c.manticore:INFO: Total time: 0.7774288654327393
2023-07-03 16:11:24,464: [333] m.main:INFO: Registered plugins: IntrospectionAPIPlugin, <class 'manticore.ethereum.plugins.SkipRevertBasicBlocks'>, <class 'manticore.ethereum.plugins.FilterFunctions'>
2023-07-03 16:11:24,464: [333] m.main:INFO: Beginning analysis
2023-07-03 16:11:24,467: [333] m.e.manticore:INFO: Starting symbolic create contract
