2023-07-03 16:17:40,042: [11] m.main:INFO: Registered plugins: IntrospectionAPIPlugin, <class 'manticore.ethereum.plugins.SkipRevertBasicBlocks'>, <class 'manticore.ethereum.plugins.FilterFunctions'>
2023-07-03 16:17:40,043: [11] m.main:INFO: Beginning analysis
2023-07-03 16:17:40,045: [11] m.e.manticore:INFO: Starting symbolic create contract
2023-07-03 16:17:41,749: [11] m.e.manticore:INFO: Starting symbolic transaction: 0
2023-07-03 16:17:41,866: [11] m.e.manticore:INFO: 0 alive states, 1 terminated states
2023-07-03 16:17:41,934: [11] m.e.manticore:INFO: Starting symbolic transaction: 1
2023-07-03 16:17:42,241: [11] m.c.manticore:INFO: Results in /mcore_jifkvumt
2023-07-03 16:17:42,242: [11] m.c.manticore:INFO: Total time: 0.4896419048309326
2023-07-03 16:17:43,177: [70] m.main:INFO: Registered plugins: IntrospectionAPIPlugin, <class 'manticore.ethereum.plugins.SkipRevertBasicBlocks'>, <class 'manticore.ethereum.plugins.FilterFunctions'>
2023-07-03 16:17:43,177: [70] m.main:INFO: Beginning analysis
2023-07-03 16:17:43,180: [70] m.e.manticore:INFO: Starting symbolic create contract
2023-07-03 16:17:44,550: [70] m.e.manticore:INFO: Starting symbolic transaction: 0
2023-07-03 16:17:44,697: [70] m.e.manticore:INFO: 0 alive states, 1 terminated states
2023-07-03 16:17:44,757: [70] m.e.manticore:INFO: Starting symbolic transaction: 1
2023-07-03 16:17:44,991: [70] m.c.manticore:INFO: Results in /mcore_odgwkxxp
2023-07-03 16:17:44,991: [70] m.c.manticore:INFO: Total time: 0.4383080005645752
2023-07-03 16:17:45,714: [129] m.main:INFO: Registered plugins: IntrospectionAPIPlugin, <class 'manticore.ethereum.plugins.SkipRevertBasicBlocks'>, <class 'manticore.ethereum.plugins.FilterFunctions'>
2023-07-03 16:17:45,714: [129] m.main:INFO: Beginning analysis
2023-07-03 16:17:45,717: [129] m.e.manticore:INFO: Starting symbolic create contract
2023-07-03 16:17:47,909: [129] m.e.manticore:INFO: Starting symbolic transaction: 0
2023-07-03 16:17:53,520: [129] m.e.manticore:INFO: 0 alive states, 3 terminated states
2023-07-03 16:17:53,842: [129] m.c.manticore:INFO: Results in /mcore_rk5mu_74
2023-07-03 16:17:53,842: [129] m.c.manticore:INFO: Total time: 5.905611991882324
2023-07-03 16:17:54,621: [200] m.main:INFO: Registered plugins: IntrospectionAPIPlugin, <class 'manticore.ethereum.plugins.SkipRevertBasicBlocks'>, <class 'manticore.ethereum.plugins.FilterFunctions'>
2023-07-03 16:17:54,621: [200] m.main:INFO: Beginning analysis
2023-07-03 16:17:54,623: [200] m.e.manticore:INFO: Starting symbolic create contract
