[INFO] | 2023-07-06 05:52:48 AM | analyzer.CapperRole_1 | Analysis started at: 2023-07-06 05:52:48 AM
[INFO] | 2023-07-06 05:52:49 AM | analyzer.CapperRole_1 | Version constraints: ['^0.4.24']
[INFO] | 2023-07-06 05:52:49 AM | analyzer.CapperRole_1 | solc version: v0.4.24
[INFO] | 2023-07-06 05:52:49 AM | analyzer.CapperRole_1 | Callgraph generation started!
[INFO] | 2023-07-06 05:52:49 AM | analyzer.CapperRole_1 | Callgraph generation finished!
[INFO] | 2023-07-06 05:52:49 AM | analyzer.CapperRole_1 | Interprocedural CFG generation started!
[INFO] | 2023-07-06 05:52:49 AM | analyzer.CapperRole_1 | Interprocedural CFG generation finished!
[INFO] | 2023-07-06 05:52:49 AM | analyzer.CapperRole_1 | Storage dependency graph generation started!
[INFO] | 2023-07-06 05:52:49 AM | analyzer.CapperRole_1 | Storage dependency graph generation finished!
[INFO] | 2023-07-06 05:52:49 AM | analyzer.CapperRole_1 | Value Range Analysis started
[INFO] | 2023-07-06 05:52:49 AM | analyzer.CapperRole_1 | Generating return summary for has
[INFO] | 2023-07-06 05:52:49 AM | analyzer.CapperRole_1 | Return summary generated for has
[INFO] | 2023-07-06 05:52:49 AM | analyzer.CapperRole_1 | State variable assignement do not exist
[INFO] | 2023-07-06 05:52:49 AM | analyzer.CapperRole_1 | Processed function has
[INFO] | 2023-07-06 05:52:49 AM | analyzer.CapperRole_1 | Generating return summary for onlyCapper
[INFO] | 2023-07-06 05:52:49 AM | analyzer.CapperRole_1 | Return summary generated for onlyCapper
[INFO] | 2023-07-06 05:52:49 AM | analyzer.CapperRole_1 | State variable assignement do not exist
[INFO] | 2023-07-06 05:52:49 AM | analyzer.CapperRole_1 | Processed function onlyCapper
[INFO] | 2023-07-06 05:52:49 AM | analyzer.CapperRole_1 | Generating return summary for add
[INFO] | 2023-07-06 05:52:49 AM | analyzer.CapperRole_1 | Return summary generated for add
[INFO] | 2023-07-06 05:52:49 AM | analyzer.CapperRole_1 | State variable assignement do not exist
[INFO] | 2023-07-06 05:52:49 AM | analyzer.CapperRole_1 | Processed function add
[INFO] | 2023-07-06 05:52:49 AM | analyzer.CapperRole_1 | Generating return summary for remove
[INFO] | 2023-07-06 05:52:49 AM | analyzer.CapperRole_1 | Return summary generated for remove
[INFO] | 2023-07-06 05:52:49 AM | analyzer.CapperRole_1 | State variable assignement do not exist
[INFO] | 2023-07-06 05:52:49 AM | analyzer.CapperRole_1 | Processed function remove
[INFO] | 2023-07-06 05:52:49 AM | analyzer.CapperRole_1 | Generating return summary for isCapper
[INFO] | 2023-07-06 05:52:49 AM | analyzer.CapperRole_1 | Return summary generated for isCapper
[INFO] | 2023-07-06 05:52:49 AM | analyzer.CapperRole_1 | State variable assignement do not exist
[INFO] | 2023-07-06 05:52:49 AM | analyzer.CapperRole_1 | Processed function isCapper
[INFO] | 2023-07-06 05:52:49 AM | analyzer.CapperRole_1 | Generating return summary for _addCapper
[INFO] | 2023-07-06 05:52:49 AM | analyzer.CapperRole_1 | Return summary generated for _addCapper
[INFO] | 2023-07-06 05:52:49 AM | analyzer.CapperRole_1 | State variable assignement do not exist
[INFO] | 2023-07-06 05:52:49 AM | analyzer.CapperRole_1 | Processed function _addCapper
[INFO] | 2023-07-06 05:52:49 AM | analyzer.CapperRole_1 | Generating return summary for _removeCapper
[INFO] | 2023-07-06 05:52:49 AM | analyzer.CapperRole_1 | Return summary generated for _removeCapper
[INFO] | 2023-07-06 05:52:49 AM | analyzer.CapperRole_1 | State variable assignement do not exist
[INFO] | 2023-07-06 05:52:49 AM | analyzer.CapperRole_1 | Processed function _removeCapper
[INFO] | 2023-07-06 05:52:49 AM | analyzer.CapperRole_1 | Generating return summary for constructor
[INFO] | 2023-07-06 05:52:49 AM | analyzer.CapperRole_1 | Return summary generated for constructor
[INFO] | 2023-07-06 05:52:49 AM | analyzer.CapperRole_1 | State variable assignement do not exist
[INFO] | 2023-07-06 05:52:49 AM | analyzer.CapperRole_1 | Processed function constructor
[INFO] | 2023-07-06 05:52:49 AM | analyzer.CapperRole_1 | Generating return summary for addCapper
[INFO] | 2023-07-06 05:52:49 AM | analyzer.CapperRole_1 | Return summary generated for addCapper
[INFO] | 2023-07-06 05:52:49 AM | analyzer.CapperRole_1 | State variable assignement do not exist
[INFO] | 2023-07-06 05:52:49 AM | analyzer.CapperRole_1 | Processed function addCapper
[INFO] | 2023-07-06 05:52:49 AM | analyzer.CapperRole_1 | Generating return summary for renounceCapper
[INFO] | 2023-07-06 05:52:49 AM | analyzer.CapperRole_1 | Return summary generated for renounceCapper
[INFO] | 2023-07-06 05:52:49 AM | analyzer.CapperRole_1 | State variable assignement do not exist
[INFO] | 2023-07-06 05:52:49 AM | analyzer.CapperRole_1 | Processed function renounceCapper
[INFO] | 2023-07-06 05:52:49 AM | analyzer.CapperRole_1 | Value Range Analysis took 0.001665 seconds
[INFO] | 2023-07-06 05:52:49 AM | analyzer.CapperRole_1 | Value Range Analysis finished
[INFO] | 2023-07-06 05:52:49 AM | analyzer.CapperRole_1 | Storage dependency graph compostion started!
[INFO] | 2023-07-06 05:52:49 AM | analyzer.CapperRole_1 | Storage dependency graph compostion finished!
[INFO] | 2023-07-06 05:52:49 AM | analyzer.CapperRole_1 | Dependency detection started!
[INFO] | 2023-07-06 05:52:49 AM | analyzer.CapperRole_1 | Dependency detection finished!
[INFO] | 2023-07-06 05:52:49 AM | analyzer.CapperRole_1 | Static Analysis took 0.393092 seconds
[INFO] | 2023-07-06 05:52:49 AM | analyzer.CapperRole_1 | Dependency does not exist
[INFO] | 2023-07-06 05:52:49 AM | analyzer.CapperRole_1 | Symbolic execution is not needed!
[INFO] | 2023-07-06 05:52:49 AM | analyzer.CapperRole_1 | Analysis finished!
[INFO] | 2023-07-06 05:52:49 AM | analyzer.CapperRole_1 | Analysis took 0.393239 seconds
[INFO] | 2023-07-06 05:52:49 AM | analyzer.CapperRole_1 | Analysis finished at: 2023-07-06 05:52:49 AM
