2023-07-03 16:52:47,904: [11] m.main:INFO: Registered plugins: IntrospectionAPIPlugin, <class 'manticore.ethereum.plugins.SkipRevertBasicBlocks'>, <class 'manticore.ethereum.plugins.FilterFunctions'>
2023-07-03 16:52:47,905: [11] m.main:INFO: Beginning analysis
2023-07-03 16:52:47,907: [11] m.e.manticore:INFO: Starting symbolic create contract
2023-07-03 16:52:47,942: [11] m.e.manticore:INFO: Failed to build contract /sb/RocketDepositPool_1.sol:461:49: Errors : Invalid solc compilation Error: Identifier not found or not unique.
   --> sb/RocketDepositPool_1.sol:461:49:
    |
461 |     function getStatus() external view returns (MinipoolStatus);
    |                                                 ^^^^^^^^^^^^^^


. Solidity failed to generate bytecode for your contract. Check if all the abstract functions are implemented. 
Process Process-1:
Traceback (most recent call last):
  File "/usr/lib/python3.7/multiprocessing/process.py", line 297, in _bootstrap
    self.run()
  File "/usr/lib/python3.7/multiprocessing/process.py", line 99, in run
    self._target(*self._args, **self._kwargs)
  File "/usr/local/lib/python3.7/dist-packages/manticore/ethereum/manticore.py", line 1766, in worker_finalize
    finalizer(q.get_nowait())
  File "/usr/local/lib/python3.7/dist-packages/manticore/ethereum/manticore.py", line 1757, in finalizer
    if only_alive_states and last_tx.result in {"REVERT", "THROW", "TXERROR"}:
AttributeError: 'NoneType' object has no attribute 'result'
2023-07-03 16:52:48,012: [11] m.c.manticore:INFO: Results in /mcore__lm80yjx
2023-07-03 16:52:48,012: [11] m.c.manticore:WARNING: Manticore failed to run
2023-07-03 16:52:48,722: [36] m.main:INFO: Registered plugins: IntrospectionAPIPlugin, <class 'manticore.ethereum.plugins.SkipRevertBasicBlocks'>, <class 'manticore.ethereum.plugins.FilterFunctions'>
2023-07-03 16:52:48,722: [36] m.main:INFO: Beginning analysis
2023-07-03 16:52:48,725: [36] m.e.manticore:INFO: Starting symbolic create contract
2023-07-03 16:52:48,769: [36] m.e.manticore:INFO: Failed to build contract DeclarationError: Errors : Invalid solc compilation Error: Identifier not found or not unique.
   --> sb/RocketDepositPool_1.sol:461:49:
    |
461 |     function getStatus() external view returns (MinipoolStatus);
    |                                                 ^^^^^^^^^^^^^^


. Solidity failed to generate bytecode for your contract. Check if all the abstract functions are implemented. 
Process Process-1:
Traceback (most recent call last):
  File "/usr/lib/python3.7/multiprocessing/process.py", line 297, in _bootstrap
    self.run()
  File "/usr/lib/python3.7/multiprocessing/process.py", line 99, in run
    self._target(*self._args, **self._kwargs)
  File "/usr/local/lib/python3.7/dist-packages/manticore/ethereum/manticore.py", line 1766, in worker_finalize
    finalizer(q.get_nowait())
  File "/usr/local/lib/python3.7/dist-packages/manticore/ethereum/manticore.py", line 1757, in finalizer
    if only_alive_states and last_tx.result in {"REVERT", "THROW", "TXERROR"}:
AttributeError: 'NoneType' object has no attribute 'result'
2023-07-03 16:52:48,846: [36] m.c.manticore:INFO: Results in /mcore_dyeve_6e
2023-07-03 16:52:48,847: [36] m.c.manticore:WARNING: Manticore failed to run
2023-07-03 16:52:49,584: [61] m.main:INFO: Registered plugins: IntrospectionAPIPlugin, <class 'manticore.ethereum.plugins.SkipRevertBasicBlocks'>, <class 'manticore.ethereum.plugins.FilterFunctions'>
2023-07-03 16:52:49,584: [61] m.main:INFO: Beginning analysis
2023-07-03 16:52:49,586: [61] m.e.manticore:INFO: Starting symbolic create contract
2023-07-03 16:52:49,622: [61] m.e.manticore:INFO: Failed to build contract Identifier Errors : Invalid solc compilation Error: Identifier not found or not unique.
   --> sb/RocketDepositPool_1.sol:461:49:
    |
461 |     function getStatus() external view returns (MinipoolStatus);
    |                                                 ^^^^^^^^^^^^^^


. Solidity failed to generate bytecode for your contract. Check if all the abstract functions are implemented. 
Process Process-1:
Traceback (most recent call last):
  File "/usr/lib/python3.7/multiprocessing/process.py", line 297, in _bootstrap
    self.run()
  File "/usr/lib/python3.7/multiprocessing/process.py", line 99, in run
    self._target(*self._args, **self._kwargs)
  File "/usr/local/lib/python3.7/dist-packages/manticore/ethereum/manticore.py", line 1766, in worker_finalize
    finalizer(q.get_nowait())
  File "/usr/local/lib/python3.7/dist-packages/manticore/ethereum/manticore.py", line 1757, in finalizer
    if only_alive_states and last_tx.result in {"REVERT", "THROW", "TXERROR"}:
AttributeError: 'NoneType' object has no attribute 'result'
2023-07-03 16:52:49,696: [61] m.c.manticore:INFO: Results in /mcore_lfw9i6_y
2023-07-03 16:52:49,697: [61] m.c.manticore:WARNING: Manticore failed to run
2023-07-03 16:52:50,455: [86] m.main:INFO: Registered plugins: IntrospectionAPIPlugin, <class 'manticore.ethereum.plugins.SkipRevertBasicBlocks'>, <class 'manticore.ethereum.plugins.FilterFunctions'>
2023-07-03 16:52:50,456: [86] m.main:INFO: Beginning analysis
2023-07-03 16:52:50,458: [86] m.e.manticore:INFO: Starting symbolic create contract
2023-07-03 16:52:50,497: [86] m.e.manticore:INFO: Failed to build contract not Errors : Invalid solc compilation Error: Identifier not found or not unique.
   --> sb/RocketDepositPool_1.sol:461:49:
    |
461 |     function getStatus() external view returns (MinipoolStatus);
    |                                                 ^^^^^^^^^^^^^^


. Solidity failed to generate bytecode for your contract. Check if all the abstract functions are implemented. 
Process Process-1:
Traceback (most recent call last):
  File "/usr/lib/python3.7/multiprocessing/process.py", line 297, in _bootstrap
    self.run()
  File "/usr/lib/python3.7/multiprocessing/process.py", line 99, in run
    self._target(*self._args, **self._kwargs)
  File "/usr/local/lib/python3.7/dist-packages/manticore/ethereum/manticore.py", line 1766, in worker_finalize
    finalizer(q.get_nowait())
  File "/usr/local/lib/python3.7/dist-packages/manticore/ethereum/manticore.py", line 1757, in finalizer
    if only_alive_states and last_tx.result in {"REVERT", "THROW", "TXERROR"}:
AttributeError: 'NoneType' object has no attribute 'result'
2023-07-03 16:52:50,573: [86] m.c.manticore:INFO: Results in /mcore_r2byban5
2023-07-03 16:52:50,573: [86] m.c.manticore:WARNING: Manticore failed to run
2023-07-03 16:52:51,253: [111] m.main:INFO: Registered plugins: IntrospectionAPIPlugin, <class 'manticore.ethereum.plugins.SkipRevertBasicBlocks'>, <class 'manticore.ethereum.plugins.FilterFunctions'>
2023-07-03 16:52:51,254: [111] m.main:INFO: Beginning analysis
2023-07-03 16:52:51,257: [111] m.e.manticore:INFO: Starting symbolic create contract
2023-07-03 16:52:51,292: [111] m.e.manticore:INFO: Failed to build contract found Errors : Invalid solc compilation Error: Identifier not found or not unique.
   --> sb/RocketDepositPool_1.sol:461:49:
    |
461 |     function getStatus() external view returns (MinipoolStatus);
    |                                                 ^^^^^^^^^^^^^^


. Solidity failed to generate bytecode for your contract. Check if all the abstract functions are implemented. 
Process Process-1:
Traceback (most recent call last):
  File "/usr/lib/python3.7/multiprocessing/process.py", line 297, in _bootstrap
    self.run()
  File "/usr/lib/python3.7/multiprocessing/process.py", line 99, in run
    self._target(*self._args, **self._kwargs)
  File "/usr/local/lib/python3.7/dist-packages/manticore/ethereum/manticore.py", line 1766, in worker_finalize
    finalizer(q.get_nowait())
  File "/usr/local/lib/python3.7/dist-packages/manticore/ethereum/manticore.py", line 1757, in finalizer
    if only_alive_states and last_tx.result in {"REVERT", "THROW", "TXERROR"}:
AttributeError: 'NoneType' object has no attribute 'result'
2023-07-03 16:52:51,376: [111] m.c.manticore:INFO: Results in /mcore__jd56l1d
2023-07-03 16:52:51,376: [111] m.c.manticore:WARNING: Manticore failed to run
2023-07-03 16:52:52,080: [136] m.main:INFO: Registered plugins: IntrospectionAPIPlugin, <class 'manticore.ethereum.plugins.SkipRevertBasicBlocks'>, <class 'manticore.ethereum.plugins.FilterFunctions'>
2023-07-03 16:52:52,080: [136] m.main:INFO: Beginning analysis
2023-07-03 16:52:52,082: [136] m.e.manticore:INFO: Starting symbolic create contract
2023-07-03 16:52:52,119: [136] m.e.manticore:INFO: Failed to build contract or Errors : Invalid solc compilation Error: Identifier not found or not unique.
   --> sb/RocketDepositPool_1.sol:461:49:
    |
461 |     function getStatus() external view returns (MinipoolStatus);
    |                                                 ^^^^^^^^^^^^^^


. Solidity failed to generate bytecode for your contract. Check if all the abstract functions are implemented. 
Process Process-1:
Traceback (most recent call last):
  File "/usr/lib/python3.7/multiprocessing/process.py", line 297, in _bootstrap
    self.run()
  File "/usr/lib/python3.7/multiprocessing/process.py", line 99, in run
    self._target(*self._args, **self._kwargs)
  File "/usr/local/lib/python3.7/dist-packages/manticore/ethereum/manticore.py", line 1766, in worker_finalize
    finalizer(q.get_nowait())
  File "/usr/local/lib/python3.7/dist-packages/manticore/ethereum/manticore.py", line 1757, in finalizer
    if only_alive_states and last_tx.result in {"REVERT", "THROW", "TXERROR"}:
AttributeError: 'NoneType' object has no attribute 'result'
2023-07-03 16:52:52,241: [136] m.c.manticore:INFO: Results in /mcore_7m88t6di
2023-07-03 16:52:52,241: [136] m.c.manticore:WARNING: Manticore failed to run
2023-07-03 16:52:52,882: [161] m.main:INFO: Registered plugins: IntrospectionAPIPlugin, <class 'manticore.ethereum.plugins.SkipRevertBasicBlocks'>, <class 'manticore.ethereum.plugins.FilterFunctions'>
2023-07-03 16:52:52,882: [161] m.main:INFO: Beginning analysis
2023-07-03 16:52:52,886: [161] m.e.manticore:INFO: Starting symbolic create contract
2023-07-03 16:52:52,915: [161] m.e.manticore:INFO: Failed to build contract not Errors : Invalid solc compilation Error: Identifier not found or not unique.
   --> sb/RocketDepositPool_1.sol:461:49:
    |
461 |     function getStatus() external view returns (MinipoolStatus);
    |                                                 ^^^^^^^^^^^^^^


. Solidity failed to generate bytecode for your contract. Check if all the abstract functions are implemented. 
Process Process-1:
Traceback (most recent call last):
  File "/usr/lib/python3.7/multiprocessing/process.py", line 297, in _bootstrap
    self.run()
  File "/usr/lib/python3.7/multiprocessing/process.py", line 99, in run
    self._target(*self._args, **self._kwargs)
  File "/usr/local/lib/python3.7/dist-packages/manticore/ethereum/manticore.py", line 1766, in worker_finalize
    finalizer(q.get_nowait())
  File "/usr/local/lib/python3.7/dist-packages/manticore/ethereum/manticore.py", line 1757, in finalizer
    if only_alive_states and last_tx.result in {"REVERT", "THROW", "TXERROR"}:
AttributeError: 'NoneType' object has no attribute 'result'
2023-07-03 16:52:52,983: [161] m.c.manticore:INFO: Results in /mcore_ik74pvfp
2023-07-03 16:52:52,984: [161] m.c.manticore:WARNING: Manticore failed to run
2023-07-03 16:52:53,746: [186] m.main:INFO: Registered plugins: IntrospectionAPIPlugin, <class 'manticore.ethereum.plugins.SkipRevertBasicBlocks'>, <class 'manticore.ethereum.plugins.FilterFunctions'>
2023-07-03 16:52:53,746: [186] m.main:INFO: Beginning analysis
2023-07-03 16:52:53,750: [186] m.e.manticore:INFO: Starting symbolic create contract
2023-07-03 16:52:53,790: [186] m.e.manticore:INFO: Failed to build contract unique. Errors : Invalid solc compilation Error: Identifier not found or not unique.
   --> sb/RocketDepositPool_1.sol:461:49:
    |
461 |     function getStatus() external view returns (MinipoolStatus);
    |                                                 ^^^^^^^^^^^^^^


. Solidity failed to generate bytecode for your contract. Check if all the abstract functions are implemented. 
Process Process-1:
Traceback (most recent call last):
  File "/usr/lib/python3.7/multiprocessing/process.py", line 297, in _bootstrap
    self.run()
  File "/usr/lib/python3.7/multiprocessing/process.py", line 99, in run
    self._target(*self._args, **self._kwargs)
  File "/usr/local/lib/python3.7/dist-packages/manticore/ethereum/manticore.py", line 1766, in worker_finalize
    finalizer(q.get_nowait())
  File "/usr/local/lib/python3.7/dist-packages/manticore/ethereum/manticore.py", line 1757, in finalizer
    if only_alive_states and last_tx.result in {"REVERT", "THROW", "TXERROR"}:
AttributeError: 'NoneType' object has no attribute 'result'
2023-07-03 16:52:53,869: [186] m.c.manticore:INFO: Results in /mcore_orfg2tt5
2023-07-03 16:52:53,870: [186] m.c.manticore:WARNING: Manticore failed to run
2023-07-03 16:52:54,564: [211] m.main:INFO: Registered plugins: IntrospectionAPIPlugin, <class 'manticore.ethereum.plugins.SkipRevertBasicBlocks'>, <class 'manticore.ethereum.plugins.FilterFunctions'>
2023-07-03 16:52:54,564: [211] m.main:INFO: Beginning analysis
2023-07-03 16:52:54,567: [211] m.e.manticore:INFO: Starting symbolic create contract
2023-07-03 16:52:54,598: [211] m.e.manticore:INFO: Failed to build contract function Errors : Invalid solc compilation Error: Identifier not found or not unique.
   --> sb/RocketDepositPool_1.sol:461:49:
    |
461 |     function getStatus() external view returns (MinipoolStatus);
    |                                                 ^^^^^^^^^^^^^^


. Solidity failed to generate bytecode for your contract. Check if all the abstract functions are implemented. 
Process Process-1:
Traceback (most recent call last):
  File "/usr/lib/python3.7/multiprocessing/process.py", line 297, in _bootstrap
    self.run()
  File "/usr/lib/python3.7/multiprocessing/process.py", line 99, in run
    self._target(*self._args, **self._kwargs)
  File "/usr/local/lib/python3.7/dist-packages/manticore/ethereum/manticore.py", line 1766, in worker_finalize
    finalizer(q.get_nowait())
  File "/usr/local/lib/python3.7/dist-packages/manticore/ethereum/manticore.py", line 1757, in finalizer
    if only_alive_states and last_tx.result in {"REVERT", "THROW", "TXERROR"}:
AttributeError: 'NoneType' object has no attribute 'result'
2023-07-03 16:52:54,686: [211] m.c.manticore:INFO: Results in /mcore_5w2smo28
2023-07-03 16:52:54,687: [211] m.c.manticore:WARNING: Manticore failed to run
2023-07-03 16:52:55,448: [236] m.main:INFO: Registered plugins: IntrospectionAPIPlugin, <class 'manticore.ethereum.plugins.SkipRevertBasicBlocks'>, <class 'manticore.ethereum.plugins.FilterFunctions'>
2023-07-03 16:52:55,448: [236] m.main:INFO: Beginning analysis
2023-07-03 16:52:55,451: [236] m.e.manticore:INFO: Starting symbolic create contract
2023-07-03 16:52:55,485: [236] m.e.manticore:INFO: Failed to build contract getStatus() Errors : Invalid solc compilation Error: Identifier not found or not unique.
   --> sb/RocketDepositPool_1.sol:461:49:
    |
461 |     function getStatus() external view returns (MinipoolStatus);
    |                                                 ^^^^^^^^^^^^^^


. Solidity failed to generate bytecode for your contract. Check if all the abstract functions are implemented. 
Process Process-1:
Traceback (most recent call last):
  File "/usr/lib/python3.7/multiprocessing/process.py", line 297, in _bootstrap
    self.run()
  File "/usr/lib/python3.7/multiprocessing/process.py", line 99, in run
    self._target(*self._args, **self._kwargs)
  File "/usr/local/lib/python3.7/dist-packages/manticore/ethereum/manticore.py", line 1766, in worker_finalize
    finalizer(q.get_nowait())
  File "/usr/local/lib/python3.7/dist-packages/manticore/ethereum/manticore.py", line 1757, in finalizer
    if only_alive_states and last_tx.result in {"REVERT", "THROW", "TXERROR"}:
AttributeError: 'NoneType' object has no attribute 'result'
2023-07-03 16:52:55,562: [236] m.c.manticore:INFO: Results in /mcore_bg1gsf94
2023-07-03 16:52:55,562: [236] m.c.manticore:WARNING: Manticore failed to run
2023-07-03 16:52:56,367: [261] m.main:INFO: Registered plugins: IntrospectionAPIPlugin, <class 'manticore.ethereum.plugins.SkipRevertBasicBlocks'>, <class 'manticore.ethereum.plugins.FilterFunctions'>
2023-07-03 16:52:56,368: [261] m.main:INFO: Beginning analysis
2023-07-03 16:52:56,371: [261] m.e.manticore:INFO: Starting symbolic create contract
2023-07-03 16:52:56,409: [261] m.e.manticore:INFO: Failed to build contract external Errors : Invalid solc compilation Error: Identifier not found or not unique.
   --> sb/RocketDepositPool_1.sol:461:49:
    |
461 |     function getStatus() external view returns (MinipoolStatus);
    |                                                 ^^^^^^^^^^^^^^


. Solidity failed to generate bytecode for your contract. Check if all the abstract functions are implemented. 
Process Process-1:
Traceback (most recent call last):
  File "/usr/lib/python3.7/multiprocessing/process.py", line 297, in _bootstrap
    self.run()
  File "/usr/lib/python3.7/multiprocessing/process.py", line 99, in run
    self._target(*self._args, **self._kwargs)
  File "/usr/local/lib/python3.7/dist-packages/manticore/ethereum/manticore.py", line 1766, in worker_finalize
    finalizer(q.get_nowait())
  File "/usr/local/lib/python3.7/dist-packages/manticore/ethereum/manticore.py", line 1757, in finalizer
    if only_alive_states and last_tx.result in {"REVERT", "THROW", "TXERROR"}:
AttributeError: 'NoneType' object has no attribute 'result'
2023-07-03 16:52:56,512: [261] m.c.manticore:INFO: Results in /mcore_wf0q8ktt
2023-07-03 16:52:56,512: [261] m.c.manticore:WARNING: Manticore failed to run
2023-07-03 16:52:57,230: [286] m.main:INFO: Registered plugins: IntrospectionAPIPlugin, <class 'manticore.ethereum.plugins.SkipRevertBasicBlocks'>, <class 'manticore.ethereum.plugins.FilterFunctions'>
2023-07-03 16:52:57,231: [286] m.main:INFO: Beginning analysis
2023-07-03 16:52:57,233: [286] m.e.manticore:INFO: Starting symbolic create contract
2023-07-03 16:52:57,268: [286] m.e.manticore:INFO: Failed to build contract view Errors : Invalid solc compilation Error: Identifier not found or not unique.
   --> sb/RocketDepositPool_1.sol:461:49:
    |
461 |     function getStatus() external view returns (MinipoolStatus);
    |                                                 ^^^^^^^^^^^^^^


. Solidity failed to generate bytecode for your contract. Check if all the abstract functions are implemented. 
Process Process-1:
Traceback (most recent call last):
  File "/usr/lib/python3.7/multiprocessing/process.py", line 297, in _bootstrap
    self.run()
  File "/usr/lib/python3.7/multiprocessing/process.py", line 99, in run
    self._target(*self._args, **self._kwargs)
  File "/usr/local/lib/python3.7/dist-packages/manticore/ethereum/manticore.py", line 1766, in worker_finalize
    finalizer(q.get_nowait())
  File "/usr/local/lib/python3.7/dist-packages/manticore/ethereum/manticore.py", line 1757, in finalizer
    if only_alive_states and last_tx.result in {"REVERT", "THROW", "TXERROR"}:
AttributeError: 'NoneType' object has no attribute 'result'
2023-07-03 16:52:57,341: [286] m.c.manticore:INFO: Results in /mcore_z90e9qcc
2023-07-03 16:52:57,342: [286] m.c.manticore:WARNING: Manticore failed to run
2023-07-03 16:52:58,025: [311] m.main:INFO: Registered plugins: IntrospectionAPIPlugin, <class 'manticore.ethereum.plugins.SkipRevertBasicBlocks'>, <class 'manticore.ethereum.plugins.FilterFunctions'>
2023-07-03 16:52:58,025: [311] m.main:INFO: Beginning analysis
2023-07-03 16:52:58,028: [311] m.e.manticore:INFO: Starting symbolic create contract
2023-07-03 16:52:58,072: [311] m.e.manticore:INFO: Failed to build contract returns Errors : Invalid solc compilation Error: Identifier not found or not unique.
   --> sb/RocketDepositPool_1.sol:461:49:
    |
461 |     function getStatus() external view returns (MinipoolStatus);
    |                                                 ^^^^^^^^^^^^^^


. Solidity failed to generate bytecode for your contract. Check if all the abstract functions are implemented. 
Process Process-1:
Traceback (most recent call last):
  File "/usr/lib/python3.7/multiprocessing/process.py", line 297, in _bootstrap
    self.run()
  File "/usr/lib/python3.7/multiprocessing/process.py", line 99, in run
    self._target(*self._args, **self._kwargs)
  File "/usr/local/lib/python3.7/dist-packages/manticore/ethereum/manticore.py", line 1766, in worker_finalize
    finalizer(q.get_nowait())
  File "/usr/local/lib/python3.7/dist-packages/manticore/ethereum/manticore.py", line 1757, in finalizer
    if only_alive_states and last_tx.result in {"REVERT", "THROW", "TXERROR"}:
AttributeError: 'NoneType' object has no attribute 'result'
2023-07-03 16:52:58,152: [311] m.c.manticore:INFO: Results in /mcore_4mmp_zok
2023-07-03 16:52:58,152: [311] m.c.manticore:WARNING: Manticore failed to run
2023-07-03 16:52:58,857: [336] m.main:INFO: Registered plugins: IntrospectionAPIPlugin, <class 'manticore.ethereum.plugins.SkipRevertBasicBlocks'>, <class 'manticore.ethereum.plugins.FilterFunctions'>
2023-07-03 16:52:58,857: [336] m.main:INFO: Beginning analysis
2023-07-03 16:52:58,860: [336] m.e.manticore:INFO: Starting symbolic create contract
2023-07-03 16:52:58,897: [336] m.e.manticore:INFO: Failed to build contract (MinipoolStatus); Errors : Invalid solc compilation Error: Identifier not found or not unique.
   --> sb/RocketDepositPool_1.sol:461:49:
    |
461 |     function getStatus() external view returns (MinipoolStatus);
    |                                                 ^^^^^^^^^^^^^^


. Solidity failed to generate bytecode for your contract. Check if all the abstract functions are implemented. 
Process Process-1:
Traceback (most recent call last):
  File "/usr/lib/python3.7/multiprocessing/process.py", line 297, in _bootstrap
    self.run()
  File "/usr/lib/python3.7/multiprocessing/process.py", line 99, in run
    self._target(*self._args, **self._kwargs)
  File "/usr/local/lib/python3.7/dist-packages/manticore/ethereum/manticore.py", line 1766, in worker_finalize
    finalizer(q.get_nowait())
  File "/usr/local/lib/python3.7/dist-packages/manticore/ethereum/manticore.py", line 1757, in finalizer
    if only_alive_states and last_tx.result in {"REVERT", "THROW", "TXERROR"}:
AttributeError: 'NoneType' object has no attribute 'result'
2023-07-03 16:52:58,967: [336] m.c.manticore:INFO: Results in /mcore_4a_e_dcb
2023-07-03 16:52:58,967: [336] m.c.manticore:WARNING: Manticore failed to run
2023-07-03 16:52:59,606: [361] m.main:INFO: Registered plugins: IntrospectionAPIPlugin, <class 'manticore.ethereum.plugins.SkipRevertBasicBlocks'>, <class 'manticore.ethereum.plugins.FilterFunctions'>
2023-07-03 16:52:59,606: [361] m.main:INFO: Beginning analysis
2023-07-03 16:52:59,609: [361] m.e.manticore:INFO: Starting symbolic create contract
2023-07-03 16:52:59,630: [361] m.e.manticore:INFO: Failed to build contract ^------------^ Errors : Invalid solc compilation Error: Identifier not found or not unique.
   --> sb/RocketDepositPool_1.sol:461:49:
    |
461 |     function getStatus() external view returns (MinipoolStatus);
    |                                                 ^^^^^^^^^^^^^^


. Solidity failed to generate bytecode for your contract. Check if all the abstract functions are implemented. 
Process Process-1:
Traceback (most recent call last):
  File "/usr/lib/python3.7/multiprocessing/process.py", line 297, in _bootstrap
    self.run()
  File "/usr/lib/python3.7/multiprocessing/process.py", line 99, in run
    self._target(*self._args, **self._kwargs)
  File "/usr/local/lib/python3.7/dist-packages/manticore/ethereum/manticore.py", line 1766, in worker_finalize
    finalizer(q.get_nowait())
  File "/usr/local/lib/python3.7/dist-packages/manticore/ethereum/manticore.py", line 1757, in finalizer
    if only_alive_states and last_tx.result in {"REVERT", "THROW", "TXERROR"}:
AttributeError: 'NoneType' object has no attribute 'result'
2023-07-03 16:52:59,700: [361] m.c.manticore:INFO: Results in /mcore_gpegqmrd
2023-07-03 16:52:59,701: [361] m.c.manticore:WARNING: Manticore failed to run
