2023-07-03 16:32:00,540: [11] m.main:INFO: Registered plugins: IntrospectionAPIPlugin, <class 'manticore.ethereum.plugins.SkipRevertBasicBlocks'>, <class 'manticore.ethereum.plugins.FilterFunctions'>
2023-07-03 16:32:00,541: [11] m.main:INFO: Beginning analysis
2023-07-03 16:32:00,543: [11] m.e.manticore:INFO: Starting symbolic create contract
2023-07-03 16:32:00,578: [11] m.e.manticore:INFO: Failed to build contract /sb/UniswapV3Pool_3.sol:558:1: Errors : Invalid solc compilation sb/UniswapV3Pool_3.sol:558:1: Error: Expected pragma, import directive or contract/interface/library definition.
abstract contract NoDelegateCall {
^------^

. Solidity failed to generate bytecode for your contract. Check if all the abstract functions are implemented. 
Process Process-1:
Traceback (most recent call last):
  File "/usr/lib/python3.7/multiprocessing/process.py", line 297, in _bootstrap
    self.run()
  File "/usr/lib/python3.7/multiprocessing/process.py", line 99, in run
    self._target(*self._args, **self._kwargs)
  File "/usr/local/lib/python3.7/dist-packages/manticore/ethereum/manticore.py", line 1766, in worker_finalize
    finalizer(q.get_nowait())
  File "/usr/local/lib/python3.7/dist-packages/manticore/ethereum/manticore.py", line 1757, in finalizer
    if only_alive_states and last_tx.result in {"REVERT", "THROW", "TXERROR"}:
AttributeError: 'NoneType' object has no attribute 'result'
2023-07-03 16:32:00,658: [11] m.c.manticore:INFO: Results in /mcore_ese6ix8a
2023-07-03 16:32:00,659: [11] m.c.manticore:WARNING: Manticore failed to run
2023-07-03 16:32:01,388: [36] m.main:INFO: Registered plugins: IntrospectionAPIPlugin, <class 'manticore.ethereum.plugins.SkipRevertBasicBlocks'>, <class 'manticore.ethereum.plugins.FilterFunctions'>
2023-07-03 16:32:01,388: [36] m.main:INFO: Beginning analysis
2023-07-03 16:32:01,393: [36] m.e.manticore:INFO: Starting symbolic create contract
2023-07-03 16:32:01,418: [36] m.e.manticore:INFO: Failed to build contract ParserError: Errors : Invalid solc compilation sb/UniswapV3Pool_3.sol:558:1: Error: Expected pragma, import directive or contract/interface/library definition.
abstract contract NoDelegateCall {
^------^

. Solidity failed to generate bytecode for your contract. Check if all the abstract functions are implemented. 
Process Process-1:
Traceback (most recent call last):
  File "/usr/lib/python3.7/multiprocessing/process.py", line 297, in _bootstrap
    self.run()
  File "/usr/lib/python3.7/multiprocessing/process.py", line 99, in run
    self._target(*self._args, **self._kwargs)
  File "/usr/local/lib/python3.7/dist-packages/manticore/ethereum/manticore.py", line 1766, in worker_finalize
    finalizer(q.get_nowait())
  File "/usr/local/lib/python3.7/dist-packages/manticore/ethereum/manticore.py", line 1757, in finalizer
    if only_alive_states and last_tx.result in {"REVERT", "THROW", "TXERROR"}:
AttributeError: 'NoneType' object has no attribute 'result'
2023-07-03 16:32:01,479: [36] m.c.manticore:INFO: Results in /mcore_46fehjds
2023-07-03 16:32:01,479: [36] m.c.manticore:WARNING: Manticore failed to run
2023-07-03 16:32:02,204: [61] m.main:INFO: Registered plugins: IntrospectionAPIPlugin, <class 'manticore.ethereum.plugins.SkipRevertBasicBlocks'>, <class 'manticore.ethereum.plugins.FilterFunctions'>
2023-07-03 16:32:02,204: [61] m.main:INFO: Beginning analysis
2023-07-03 16:32:02,207: [61] m.e.manticore:INFO: Starting symbolic create contract
2023-07-03 16:32:02,243: [61] m.e.manticore:INFO: Failed to build contract Expected Errors : Invalid solc compilation sb/UniswapV3Pool_3.sol:558:1: Error: Expected pragma, import directive or contract/interface/library definition.
abstract contract NoDelegateCall {
^------^

. Solidity failed to generate bytecode for your contract. Check if all the abstract functions are implemented. 
Process Process-1:
Traceback (most recent call last):
  File "/usr/lib/python3.7/multiprocessing/process.py", line 297, in _bootstrap
    self.run()
  File "/usr/lib/python3.7/multiprocessing/process.py", line 99, in run
    self._target(*self._args, **self._kwargs)
  File "/usr/local/lib/python3.7/dist-packages/manticore/ethereum/manticore.py", line 1766, in worker_finalize
    finalizer(q.get_nowait())
  File "/usr/local/lib/python3.7/dist-packages/manticore/ethereum/manticore.py", line 1757, in finalizer
    if only_alive_states and last_tx.result in {"REVERT", "THROW", "TXERROR"}:
AttributeError: 'NoneType' object has no attribute 'result'
2023-07-03 16:32:02,313: [61] m.c.manticore:INFO: Results in /mcore_0539fjl0
2023-07-03 16:32:02,313: [61] m.c.manticore:WARNING: Manticore failed to run
2023-07-03 16:32:02,975: [86] m.main:INFO: Registered plugins: IntrospectionAPIPlugin, <class 'manticore.ethereum.plugins.SkipRevertBasicBlocks'>, <class 'manticore.ethereum.plugins.FilterFunctions'>
2023-07-03 16:32:02,975: [86] m.main:INFO: Beginning analysis
2023-07-03 16:32:02,978: [86] m.e.manticore:INFO: Starting symbolic create contract
2023-07-03 16:32:03,011: [86] m.e.manticore:INFO: Failed to build contract pragma, Errors : Invalid solc compilation sb/UniswapV3Pool_3.sol:558:1: Error: Expected pragma, import directive or contract/interface/library definition.
abstract contract NoDelegateCall {
^------^

. Solidity failed to generate bytecode for your contract. Check if all the abstract functions are implemented. 
Process Process-1:
Traceback (most recent call last):
  File "/usr/lib/python3.7/multiprocessing/process.py", line 297, in _bootstrap
    self.run()
  File "/usr/lib/python3.7/multiprocessing/process.py", line 99, in run
    self._target(*self._args, **self._kwargs)
  File "/usr/local/lib/python3.7/dist-packages/manticore/ethereum/manticore.py", line 1766, in worker_finalize
    finalizer(q.get_nowait())
  File "/usr/local/lib/python3.7/dist-packages/manticore/ethereum/manticore.py", line 1757, in finalizer
    if only_alive_states and last_tx.result in {"REVERT", "THROW", "TXERROR"}:
AttributeError: 'NoneType' object has no attribute 'result'
2023-07-03 16:32:03,097: [86] m.c.manticore:INFO: Results in /mcore_t80mf9hl
2023-07-03 16:32:03,097: [86] m.c.manticore:WARNING: Manticore failed to run
2023-07-03 16:32:03,752: [111] m.main:INFO: Registered plugins: IntrospectionAPIPlugin, <class 'manticore.ethereum.plugins.SkipRevertBasicBlocks'>, <class 'manticore.ethereum.plugins.FilterFunctions'>
2023-07-03 16:32:03,753: [111] m.main:INFO: Beginning analysis
2023-07-03 16:32:03,756: [111] m.e.manticore:INFO: Starting symbolic create contract
2023-07-03 16:32:03,791: [111] m.e.manticore:INFO: Failed to build contract import Errors : Invalid solc compilation sb/UniswapV3Pool_3.sol:558:1: Error: Expected pragma, import directive or contract/interface/library definition.
abstract contract NoDelegateCall {
^------^

. Solidity failed to generate bytecode for your contract. Check if all the abstract functions are implemented. 
Process Process-1:
Traceback (most recent call last):
  File "/usr/lib/python3.7/multiprocessing/process.py", line 297, in _bootstrap
    self.run()
  File "/usr/lib/python3.7/multiprocessing/process.py", line 99, in run
    self._target(*self._args, **self._kwargs)
  File "/usr/local/lib/python3.7/dist-packages/manticore/ethereum/manticore.py", line 1766, in worker_finalize
    finalizer(q.get_nowait())
  File "/usr/local/lib/python3.7/dist-packages/manticore/ethereum/manticore.py", line 1757, in finalizer
    if only_alive_states and last_tx.result in {"REVERT", "THROW", "TXERROR"}:
AttributeError: 'NoneType' object has no attribute 'result'
2023-07-03 16:32:03,876: [111] m.c.manticore:INFO: Results in /mcore_agxv30rx
2023-07-03 16:32:03,876: [111] m.c.manticore:WARNING: Manticore failed to run
2023-07-03 16:32:04,557: [136] m.main:INFO: Registered plugins: IntrospectionAPIPlugin, <class 'manticore.ethereum.plugins.SkipRevertBasicBlocks'>, <class 'manticore.ethereum.plugins.FilterFunctions'>
2023-07-03 16:32:04,557: [136] m.main:INFO: Beginning analysis
2023-07-03 16:32:04,560: [136] m.e.manticore:INFO: Starting symbolic create contract
2023-07-03 16:32:04,583: [136] m.e.manticore:INFO: Failed to build contract directive Errors : Invalid solc compilation sb/UniswapV3Pool_3.sol:558:1: Error: Expected pragma, import directive or contract/interface/library definition.
abstract contract NoDelegateCall {
^------^

. Solidity failed to generate bytecode for your contract. Check if all the abstract functions are implemented. 
Process Process-1:
Traceback (most recent call last):
  File "/usr/lib/python3.7/multiprocessing/process.py", line 297, in _bootstrap
    self.run()
  File "/usr/lib/python3.7/multiprocessing/process.py", line 99, in run
    self._target(*self._args, **self._kwargs)
  File "/usr/local/lib/python3.7/dist-packages/manticore/ethereum/manticore.py", line 1766, in worker_finalize
    finalizer(q.get_nowait())
  File "/usr/local/lib/python3.7/dist-packages/manticore/ethereum/manticore.py", line 1757, in finalizer
    if only_alive_states and last_tx.result in {"REVERT", "THROW", "TXERROR"}:
AttributeError: 'NoneType' object has no attribute 'result'
2023-07-03 16:32:04,643: [136] m.c.manticore:INFO: Results in /mcore_w7of0qh7
2023-07-03 16:32:04,644: [136] m.c.manticore:WARNING: Manticore failed to run
2023-07-03 16:32:05,380: [161] m.main:INFO: Registered plugins: IntrospectionAPIPlugin, <class 'manticore.ethereum.plugins.SkipRevertBasicBlocks'>, <class 'manticore.ethereum.plugins.FilterFunctions'>
2023-07-03 16:32:05,380: [161] m.main:INFO: Beginning analysis
2023-07-03 16:32:05,383: [161] m.e.manticore:INFO: Starting symbolic create contract
2023-07-03 16:32:05,413: [161] m.e.manticore:INFO: Failed to build contract or Errors : Invalid solc compilation sb/UniswapV3Pool_3.sol:558:1: Error: Expected pragma, import directive or contract/interface/library definition.
abstract contract NoDelegateCall {
^------^

. Solidity failed to generate bytecode for your contract. Check if all the abstract functions are implemented. 
Process Process-1:
Traceback (most recent call last):
  File "/usr/lib/python3.7/multiprocessing/process.py", line 297, in _bootstrap
    self.run()
  File "/usr/lib/python3.7/multiprocessing/process.py", line 99, in run
    self._target(*self._args, **self._kwargs)
  File "/usr/local/lib/python3.7/dist-packages/manticore/ethereum/manticore.py", line 1766, in worker_finalize
    finalizer(q.get_nowait())
  File "/usr/local/lib/python3.7/dist-packages/manticore/ethereum/manticore.py", line 1757, in finalizer
    if only_alive_states and last_tx.result in {"REVERT", "THROW", "TXERROR"}:
AttributeError: 'NoneType' object has no attribute 'result'
2023-07-03 16:32:05,499: [161] m.c.manticore:INFO: Results in /mcore_ivemkv5g
2023-07-03 16:32:05,500: [161] m.c.manticore:WARNING: Manticore failed to run
2023-07-03 16:32:06,192: [186] m.main:INFO: Registered plugins: IntrospectionAPIPlugin, <class 'manticore.ethereum.plugins.SkipRevertBasicBlocks'>, <class 'manticore.ethereum.plugins.FilterFunctions'>
2023-07-03 16:32:06,192: [186] m.main:INFO: Beginning analysis
2023-07-03 16:32:06,196: [186] m.e.manticore:INFO: Starting symbolic create contract
2023-07-03 16:32:06,229: [186] m.e.manticore:INFO: Failed to build contract contract/interface/library Errors : Invalid solc compilation sb/UniswapV3Pool_3.sol:558:1: Error: Expected pragma, import directive or contract/interface/library definition.
abstract contract NoDelegateCall {
^------^

. Solidity failed to generate bytecode for your contract. Check if all the abstract functions are implemented. 
Process Process-1:
Traceback (most recent call last):
  File "/usr/lib/python3.7/multiprocessing/process.py", line 297, in _bootstrap
    self.run()
  File "/usr/lib/python3.7/multiprocessing/process.py", line 99, in run
    self._target(*self._args, **self._kwargs)
  File "/usr/local/lib/python3.7/dist-packages/manticore/ethereum/manticore.py", line 1766, in worker_finalize
    finalizer(q.get_nowait())
  File "/usr/local/lib/python3.7/dist-packages/manticore/ethereum/manticore.py", line 1757, in finalizer
    if only_alive_states and last_tx.result in {"REVERT", "THROW", "TXERROR"}:
AttributeError: 'NoneType' object has no attribute 'result'
2023-07-03 16:32:06,295: [186] m.c.manticore:INFO: Results in /mcore_8zf2gvvg
2023-07-03 16:32:06,295: [186] m.c.manticore:WARNING: Manticore failed to run
2023-07-03 16:32:06,960: [211] m.main:INFO: Registered plugins: IntrospectionAPIPlugin, <class 'manticore.ethereum.plugins.SkipRevertBasicBlocks'>, <class 'manticore.ethereum.plugins.FilterFunctions'>
2023-07-03 16:32:06,960: [211] m.main:INFO: Beginning analysis
2023-07-03 16:32:06,963: [211] m.e.manticore:INFO: Starting symbolic create contract
2023-07-03 16:32:06,989: [211] m.e.manticore:INFO: Failed to build contract definition. Errors : Invalid solc compilation sb/UniswapV3Pool_3.sol:558:1: Error: Expected pragma, import directive or contract/interface/library definition.
abstract contract NoDelegateCall {
^------^

. Solidity failed to generate bytecode for your contract. Check if all the abstract functions are implemented. 
Process Process-1:
Traceback (most recent call last):
  File "/usr/lib/python3.7/multiprocessing/process.py", line 297, in _bootstrap
    self.run()
  File "/usr/lib/python3.7/multiprocessing/process.py", line 99, in run
    self._target(*self._args, **self._kwargs)
  File "/usr/local/lib/python3.7/dist-packages/manticore/ethereum/manticore.py", line 1766, in worker_finalize
    finalizer(q.get_nowait())
  File "/usr/local/lib/python3.7/dist-packages/manticore/ethereum/manticore.py", line 1757, in finalizer
    if only_alive_states and last_tx.result in {"REVERT", "THROW", "TXERROR"}:
AttributeError: 'NoneType' object has no attribute 'result'
2023-07-03 16:32:07,061: [211] m.c.manticore:INFO: Results in /mcore_k7pj26v4
2023-07-03 16:32:07,061: [211] m.c.manticore:WARNING: Manticore failed to run
2023-07-03 16:32:07,719: [236] m.main:INFO: Registered plugins: IntrospectionAPIPlugin, <class 'manticore.ethereum.plugins.SkipRevertBasicBlocks'>, <class 'manticore.ethereum.plugins.FilterFunctions'>
2023-07-03 16:32:07,719: [236] m.main:INFO: Beginning analysis
2023-07-03 16:32:07,721: [236] m.e.manticore:INFO: Starting symbolic create contract
2023-07-03 16:32:07,771: [236] m.e.manticore:INFO: Failed to build contract abstract Errors : Invalid solc compilation sb/UniswapV3Pool_3.sol:558:1: Error: Expected pragma, import directive or contract/interface/library definition.
abstract contract NoDelegateCall {
^------^

. Solidity failed to generate bytecode for your contract. Check if all the abstract functions are implemented. 
Process Process-1:
Traceback (most recent call last):
  File "/usr/lib/python3.7/multiprocessing/process.py", line 297, in _bootstrap
    self.run()
  File "/usr/lib/python3.7/multiprocessing/process.py", line 99, in run
    self._target(*self._args, **self._kwargs)
  File "/usr/local/lib/python3.7/dist-packages/manticore/ethereum/manticore.py", line 1766, in worker_finalize
    finalizer(q.get_nowait())
  File "/usr/local/lib/python3.7/dist-packages/manticore/ethereum/manticore.py", line 1757, in finalizer
    if only_alive_states and last_tx.result in {"REVERT", "THROW", "TXERROR"}:
AttributeError: 'NoneType' object has no attribute 'result'
2023-07-03 16:32:07,858: [236] m.c.manticore:INFO: Results in /mcore_blfdo_nx
2023-07-03 16:32:07,858: [236] m.c.manticore:WARNING: Manticore failed to run
2023-07-03 16:32:08,535: [261] m.main:INFO: Registered plugins: IntrospectionAPIPlugin, <class 'manticore.ethereum.plugins.SkipRevertBasicBlocks'>, <class 'manticore.ethereum.plugins.FilterFunctions'>
2023-07-03 16:32:08,535: [261] m.main:INFO: Beginning analysis
2023-07-03 16:32:08,537: [261] m.e.manticore:INFO: Starting symbolic create contract
2023-07-03 16:32:08,574: [261] m.e.manticore:INFO: Failed to build contract contract Errors : Invalid solc compilation sb/UniswapV3Pool_3.sol:558:1: Error: Expected pragma, import directive or contract/interface/library definition.
abstract contract NoDelegateCall {
^------^

. Solidity failed to generate bytecode for your contract. Check if all the abstract functions are implemented. 
Process Process-1:
Traceback (most recent call last):
  File "/usr/lib/python3.7/multiprocessing/process.py", line 297, in _bootstrap
    self.run()
  File "/usr/lib/python3.7/multiprocessing/process.py", line 99, in run
    self._target(*self._args, **self._kwargs)
  File "/usr/local/lib/python3.7/dist-packages/manticore/ethereum/manticore.py", line 1766, in worker_finalize
    finalizer(q.get_nowait())
  File "/usr/local/lib/python3.7/dist-packages/manticore/ethereum/manticore.py", line 1757, in finalizer
    if only_alive_states and last_tx.result in {"REVERT", "THROW", "TXERROR"}:
AttributeError: 'NoneType' object has no attribute 'result'
2023-07-03 16:32:08,647: [261] m.c.manticore:INFO: Results in /mcore_awcewqkz
2023-07-03 16:32:08,647: [261] m.c.manticore:WARNING: Manticore failed to run
2023-07-03 16:32:09,350: [286] m.main:INFO: Registered plugins: IntrospectionAPIPlugin, <class 'manticore.ethereum.plugins.SkipRevertBasicBlocks'>, <class 'manticore.ethereum.plugins.FilterFunctions'>
2023-07-03 16:32:09,350: [286] m.main:INFO: Beginning analysis
2023-07-03 16:32:09,353: [286] m.e.manticore:INFO: Starting symbolic create contract
2023-07-03 16:32:09,391: [286] m.e.manticore:INFO: Failed to build contract NoDelegateCall Errors : Invalid solc compilation sb/UniswapV3Pool_3.sol:558:1: Error: Expected pragma, import directive or contract/interface/library definition.
abstract contract NoDelegateCall {
^------^

. Solidity failed to generate bytecode for your contract. Check if all the abstract functions are implemented. 
Process Process-1:
Traceback (most recent call last):
  File "/usr/lib/python3.7/multiprocessing/process.py", line 297, in _bootstrap
    self.run()
  File "/usr/lib/python3.7/multiprocessing/process.py", line 99, in run
    self._target(*self._args, **self._kwargs)
  File "/usr/local/lib/python3.7/dist-packages/manticore/ethereum/manticore.py", line 1766, in worker_finalize
    finalizer(q.get_nowait())
  File "/usr/local/lib/python3.7/dist-packages/manticore/ethereum/manticore.py", line 1757, in finalizer
    if only_alive_states and last_tx.result in {"REVERT", "THROW", "TXERROR"}:
AttributeError: 'NoneType' object has no attribute 'result'
2023-07-03 16:32:09,473: [286] m.c.manticore:INFO: Results in /mcore_btkjc_r5
2023-07-03 16:32:09,474: [286] m.c.manticore:WARNING: Manticore failed to run
2023-07-03 16:32:10,302: [311] m.main:INFO: Registered plugins: IntrospectionAPIPlugin, <class 'manticore.ethereum.plugins.SkipRevertBasicBlocks'>, <class 'manticore.ethereum.plugins.FilterFunctions'>
2023-07-03 16:32:10,302: [311] m.main:INFO: Beginning analysis
2023-07-03 16:32:10,304: [311] m.e.manticore:INFO: Starting symbolic create contract
2023-07-03 16:32:10,333: [311] m.e.manticore:INFO: Failed to build contract { Errors : Invalid solc compilation sb/UniswapV3Pool_3.sol:558:1: Error: Expected pragma, import directive or contract/interface/library definition.
abstract contract NoDelegateCall {
^------^

. Solidity failed to generate bytecode for your contract. Check if all the abstract functions are implemented. 
Process Process-1:
Traceback (most recent call last):
  File "/usr/lib/python3.7/multiprocessing/process.py", line 297, in _bootstrap
    self.run()
  File "/usr/lib/python3.7/multiprocessing/process.py", line 99, in run
    self._target(*self._args, **self._kwargs)
  File "/usr/local/lib/python3.7/dist-packages/manticore/ethereum/manticore.py", line 1766, in worker_finalize
    finalizer(q.get_nowait())
  File "/usr/local/lib/python3.7/dist-packages/manticore/ethereum/manticore.py", line 1757, in finalizer
    if only_alive_states and last_tx.result in {"REVERT", "THROW", "TXERROR"}:
AttributeError: 'NoneType' object has no attribute 'result'
2023-07-03 16:32:10,455: [311] m.c.manticore:INFO: Results in /mcore_zn8l6xzp
2023-07-03 16:32:10,456: [311] m.c.manticore:WARNING: Manticore failed to run
2023-07-03 16:32:11,232: [336] m.main:INFO: Registered plugins: IntrospectionAPIPlugin, <class 'manticore.ethereum.plugins.SkipRevertBasicBlocks'>, <class 'manticore.ethereum.plugins.FilterFunctions'>
2023-07-03 16:32:11,232: [336] m.main:INFO: Beginning analysis
2023-07-03 16:32:11,235: [336] m.e.manticore:INFO: Starting symbolic create contract
2023-07-03 16:32:11,273: [336] m.e.manticore:INFO: Failed to build contract ^------^ Errors : Invalid solc compilation sb/UniswapV3Pool_3.sol:558:1: Error: Expected pragma, import directive or contract/interface/library definition.
abstract contract NoDelegateCall {
^------^

. Solidity failed to generate bytecode for your contract. Check if all the abstract functions are implemented. 
Process Process-1:
Traceback (most recent call last):
  File "/usr/lib/python3.7/multiprocessing/process.py", line 297, in _bootstrap
    self.run()
  File "/usr/lib/python3.7/multiprocessing/process.py", line 99, in run
    self._target(*self._args, **self._kwargs)
  File "/usr/local/lib/python3.7/dist-packages/manticore/ethereum/manticore.py", line 1766, in worker_finalize
    finalizer(q.get_nowait())
  File "/usr/local/lib/python3.7/dist-packages/manticore/ethereum/manticore.py", line 1757, in finalizer
    if only_alive_states and last_tx.result in {"REVERT", "THROW", "TXERROR"}:
AttributeError: 'NoneType' object has no attribute 'result'
2023-07-03 16:32:11,351: [336] m.c.manticore:INFO: Results in /mcore_7uhyrlmp
2023-07-03 16:32:11,351: [336] m.c.manticore:WARNING: Manticore failed to run
