[INFO] | 2023-07-06 07:47:57 AM | analyzer.XSwap_1 | Analysis started at: 2023-07-06 07:47:57 AM
[INFO] | 2023-07-06 07:47:58 AM | analyzer.XSwap_1 | Version constraints: ['^0.5.4']
[INFO] | 2023-07-06 07:47:58 AM | analyzer.XSwap_1 | solc version: v0.5.4
[INFO] | 2023-07-06 07:47:58 AM | analyzer.XSwap_1 | Callgraph generation started!
[INFO] | 2023-07-06 07:47:58 AM | analyzer.XSwap_1 | Callgraph generation finished!
[INFO] | 2023-07-06 07:47:58 AM | analyzer.XSwap_1 | Interprocedural CFG generation started!
[INFO] | 2023-07-06 07:47:59 AM | analyzer.XSwap_1 | Interprocedural CFG generation finished!
[INFO] | 2023-07-06 07:47:59 AM | analyzer.XSwap_1 | Storage dependency graph generation started!
[INFO] | 2023-07-06 07:47:59 AM | analyzer.XSwap_1 | Storage dependency graph generation finished!
[INFO] | 2023-07-06 07:47:59 AM | analyzer.XSwap_1 | Value Range Analysis started
[INFO] | 2023-07-06 07:47:59 AM | analyzer.XSwap_1 | Generating return summary for slitherConstructorConstantVariables
[INFO] | 2023-07-06 07:47:59 AM | analyzer.XSwap_1 | Return summary generated for slitherConstructorConstantVariables
[INFO] | 2023-07-06 07:47:59 AM | analyzer.XSwap_1 | Range graph generated
[INFO] | 2023-07-06 07:47:59 AM | analyzer.XSwap_1 | Processed function slitherConstructorConstantVariables
[INFO] | 2023-07-06 07:47:59 AM | analyzer.XSwap_1 | Generating return summary for canCall
[INFO] | 2023-07-06 07:47:59 AM | analyzer.XSwap_1 | Return summary generated for canCall
[INFO] | 2023-07-06 07:47:59 AM | analyzer.XSwap_1 | State variable assignement do not exist
[INFO] | 2023-07-06 07:47:59 AM | analyzer.XSwap_1 | Processed function canCall
[INFO] | 2023-07-06 07:47:59 AM | analyzer.XSwap_1 | Generating return summary for constructor
[INFO] | 2023-07-06 07:47:59 AM | analyzer.XSwap_1 | Return summary generated for constructor
[INFO] | 2023-07-06 07:47:59 AM | analyzer.XSwap_1 | Range graph generated
[INFO] | 2023-07-06 07:47:59 AM | analyzer.XSwap_1 | Processed function constructor
[INFO] | 2023-07-06 07:47:59 AM | analyzer.XSwap_1 | Generating return summary for acceptOwnership
[INFO] | 2023-07-06 07:47:59 AM | analyzer.XSwap_1 | Return summary generated for acceptOwnership
[INFO] | 2023-07-06 07:47:59 AM | analyzer.XSwap_1 | Range graph generated
[INFO] | 2023-07-06 07:47:59 AM | analyzer.XSwap_1 | Processed function acceptOwnership
[INFO] | 2023-07-06 07:47:59 AM | analyzer.XSwap_1 | Generating return summary for isOwner
[INFO] | 2023-07-06 07:47:59 AM | analyzer.XSwap_1 | Return summary generated for isOwner
[INFO] | 2023-07-06 07:47:59 AM | analyzer.XSwap_1 | State variable assignement do not exist
[INFO] | 2023-07-06 07:47:59 AM | analyzer.XSwap_1 | Processed function isOwner
[INFO] | 2023-07-06 07:47:59 AM | analyzer.XSwap_1 | Generating return summary for onlyOwner
[INFO] | 2023-07-06 07:47:59 AM | analyzer.XSwap_1 | Return summary generated for onlyOwner
[INFO] | 2023-07-06 07:47:59 AM | analyzer.XSwap_1 | State variable assignement do not exist
[INFO] | 2023-07-06 07:47:59 AM | analyzer.XSwap_1 | Processed function onlyOwner
[INFO] | 2023-07-06 07:47:59 AM | analyzer.XSwap_1 | Generating return summary for balanceOf
[INFO] | 2023-07-06 07:47:59 AM | analyzer.XSwap_1 | Return summary generated for balanceOf
[INFO] | 2023-07-06 07:47:59 AM | analyzer.XSwap_1 | State variable assignement do not exist
[INFO] | 2023-07-06 07:47:59 AM | analyzer.XSwap_1 | Processed function balanceOf
[INFO] | 2023-07-06 07:47:59 AM | analyzer.XSwap_1 | Generating return summary for allowance
[INFO] | 2023-07-06 07:47:59 AM | analyzer.XSwap_1 | Return summary generated for allowance
[INFO] | 2023-07-06 07:47:59 AM | analyzer.XSwap_1 | State variable assignement do not exist
[INFO] | 2023-07-06 07:47:59 AM | analyzer.XSwap_1 | Processed function allowance
[INFO] | 2023-07-06 07:47:59 AM | analyzer.XSwap_1 | Generating return summary for transfer
[INFO] | 2023-07-06 07:47:59 AM | analyzer.XSwap_1 | Return summary generated for transfer
[INFO] | 2023-07-06 07:47:59 AM | analyzer.XSwap_1 | State variable assignement do not exist
[INFO] | 2023-07-06 07:47:59 AM | analyzer.XSwap_1 | Processed function transfer
[INFO] | 2023-07-06 07:47:59 AM | analyzer.XSwap_1 | Generating return summary for transferFrom
[INFO] | 2023-07-06 07:47:59 AM | analyzer.XSwap_1 | Return summary generated for transferFrom
[INFO] | 2023-07-06 07:47:59 AM | analyzer.XSwap_1 | State variable assignement do not exist
[INFO] | 2023-07-06 07:47:59 AM | analyzer.XSwap_1 | Processed function transferFrom
[INFO] | 2023-07-06 07:47:59 AM | analyzer.XSwap_1 | Generating return summary for approve
[INFO] | 2023-07-06 07:47:59 AM | analyzer.XSwap_1 | Return summary generated for approve
[INFO] | 2023-07-06 07:47:59 AM | analyzer.XSwap_1 | State variable assignement do not exist
[INFO] | 2023-07-06 07:47:59 AM | analyzer.XSwap_1 | Processed function approve
[INFO] | 2023-07-06 07:47:59 AM | analyzer.XSwap_1 | Generating return summary for totalSupply
[INFO] | 2023-07-06 07:47:59 AM | analyzer.XSwap_1 | Return summary generated for totalSupply
[INFO] | 2023-07-06 07:47:59 AM | analyzer.XSwap_1 | State variable assignement do not exist
[INFO] | 2023-07-06 07:47:59 AM | analyzer.XSwap_1 | Processed function totalSupply
[INFO] | 2023-07-06 07:47:59 AM | analyzer.XSwap_1 | Generating return summary for balanceOf
[INFO] | 2023-07-06 07:47:59 AM | analyzer.XSwap_1 | Return summary generated for balanceOf
[INFO] | 2023-07-06 07:47:59 AM | analyzer.XSwap_1 | State variable assignement do not exist
[INFO] | 2023-07-06 07:47:59 AM | analyzer.XSwap_1 | Processed function balanceOf
[INFO] | 2023-07-06 07:47:59 AM | analyzer.XSwap_1 | Generating return summary for allowance
[INFO] | 2023-07-06 07:47:59 AM | analyzer.XSwap_1 | Return summary generated for allowance
[INFO] | 2023-07-06 07:47:59 AM | analyzer.XSwap_1 | State variable assignement do not exist
[INFO] | 2023-07-06 07:47:59 AM | analyzer.XSwap_1 | Processed function allowance
[INFO] | 2023-07-06 07:47:59 AM | analyzer.XSwap_1 | Generating return summary for transfer
[INFO] | 2023-07-06 07:47:59 AM | analyzer.XSwap_1 | Return summary generated for transfer
[INFO] | 2023-07-06 07:47:59 AM | analyzer.XSwap_1 | State variable assignement do not exist
[INFO] | 2023-07-06 07:47:59 AM | analyzer.XSwap_1 | Processed function transfer
[INFO] | 2023-07-06 07:47:59 AM | analyzer.XSwap_1 | Generating return summary for transferFrom
[INFO] | 2023-07-06 07:47:59 AM | analyzer.XSwap_1 | Return summary generated for transferFrom
[INFO] | 2023-07-06 07:47:59 AM | analyzer.XSwap_1 | State variable assignement do not exist
[INFO] | 2023-07-06 07:47:59 AM | analyzer.XSwap_1 | Processed function transferFrom
[INFO] | 2023-07-06 07:47:59 AM | analyzer.XSwap_1 | Generating return summary for approve
[INFO] | 2023-07-06 07:47:59 AM | analyzer.XSwap_1 | Return summary generated for approve
[INFO] | 2023-07-06 07:47:59 AM | analyzer.XSwap_1 | State variable assignement do not exist
[INFO] | 2023-07-06 07:47:59 AM | analyzer.XSwap_1 | Processed function approve
[INFO] | 2023-07-06 07:47:59 AM | analyzer.XSwap_1 | Generating return summary for supply
[INFO] | 2023-07-06 07:47:59 AM | analyzer.XSwap_1 | Return summary generated for supply
[INFO] | 2023-07-06 07:47:59 AM | analyzer.XSwap_1 | State variable assignement do not exist
[INFO] | 2023-07-06 07:47:59 AM | analyzer.XSwap_1 | Processed function supply
[INFO] | 2023-07-06 07:47:59 AM | analyzer.XSwap_1 | Generating return summary for withdraw
[INFO] | 2023-07-06 07:47:59 AM | analyzer.XSwap_1 | Return summary generated for withdraw
[INFO] | 2023-07-06 07:47:59 AM | analyzer.XSwap_1 | State variable assignement do not exist
[INFO] | 2023-07-06 07:47:59 AM | analyzer.XSwap_1 | Processed function withdraw
[INFO] | 2023-07-06 07:47:59 AM | analyzer.XSwap_1 | Generating return summary for getSupplyBalance
[INFO] | 2023-07-06 07:47:59 AM | analyzer.XSwap_1 | Return summary generated for getSupplyBalance
[INFO] | 2023-07-06 07:47:59 AM | analyzer.XSwap_1 | State variable assignement do not exist
[INFO] | 2023-07-06 07:47:59 AM | analyzer.XSwap_1 | Processed function getSupplyBalance
[INFO] | 2023-07-06 07:47:59 AM | analyzer.XSwap_1 | Generating return summary for join
[INFO] | 2023-07-06 07:47:59 AM | analyzer.XSwap_1 | Return summary generated for join
[INFO] | 2023-07-06 07:47:59 AM | analyzer.XSwap_1 | State variable assignement do not exist
[INFO] | 2023-07-06 07:47:59 AM | analyzer.XSwap_1 | Processed function join
[INFO] | 2023-07-06 07:47:59 AM | analyzer.XSwap_1 | Generating return summary for exit
[INFO] | 2023-07-06 07:47:59 AM | analyzer.XSwap_1 | Return summary generated for exit
[INFO] | 2023-07-06 07:47:59 AM | analyzer.XSwap_1 | State variable assignement do not exist
[INFO] | 2023-07-06 07:47:59 AM | analyzer.XSwap_1 | Processed function exit
[INFO] | 2023-07-06 07:47:59 AM | analyzer.XSwap_1 | Generating return summary for draw
[INFO] | 2023-07-06 07:47:59 AM | analyzer.XSwap_1 | Return summary generated for draw
[INFO] | 2023-07-06 07:47:59 AM | analyzer.XSwap_1 | State variable assignement do not exist
[INFO] | 2023-07-06 07:47:59 AM | analyzer.XSwap_1 | Processed function draw
[INFO] | 2023-07-06 07:47:59 AM | analyzer.XSwap_1 | Generating return summary for add
[INFO] | 2023-07-06 07:47:59 AM | analyzer.XSwap_1 | Return summary generated for add
[INFO] | 2023-07-06 07:47:59 AM | analyzer.XSwap_1 | State variable assignement do not exist
[INFO] | 2023-07-06 07:47:59 AM | analyzer.XSwap_1 | Processed function add
[INFO] | 2023-07-06 07:47:59 AM | analyzer.XSwap_1 | Generating return summary for sub
[INFO] | 2023-07-06 07:47:59 AM | analyzer.XSwap_1 | Return summary generated for sub
[INFO] | 2023-07-06 07:47:59 AM | analyzer.XSwap_1 | State variable assignement do not exist
[INFO] | 2023-07-06 07:47:59 AM | analyzer.XSwap_1 | Processed function sub
[INFO] | 2023-07-06 07:47:59 AM | analyzer.XSwap_1 | Generating return summary for mul
[INFO] | 2023-07-06 07:47:59 AM | analyzer.XSwap_1 | Return summary generated for mul
[INFO] | 2023-07-06 07:47:59 AM | analyzer.XSwap_1 | State variable assignement do not exist
[INFO] | 2023-07-06 07:47:59 AM | analyzer.XSwap_1 | Processed function mul
[INFO] | 2023-07-06 07:47:59 AM | analyzer.XSwap_1 | Generating return summary for div
[WARNING] | 2023-07-06 07:47:59 AM | analyzer.XSwap_1 | No lvalue eligible assignment, is this some bug!
[INFO] | 2023-07-06 07:47:59 AM | analyzer.XSwap_1 | Return summary generated for div
[INFO] | 2023-07-06 07:47:59 AM | analyzer.XSwap_1 | State variable assignement do not exist
[INFO] | 2023-07-06 07:47:59 AM | analyzer.XSwap_1 | Processed function div
[INFO] | 2023-07-06 07:47:59 AM | analyzer.XSwap_1 | Generating return summary for constructor
[INFO] | 2023-07-06 07:47:59 AM | analyzer.XSwap_1 | Return summary generated for constructor
[INFO] | 2023-07-06 07:47:59 AM | analyzer.XSwap_1 | Range graph generated
[INFO] | 2023-07-06 07:47:59 AM | analyzer.XSwap_1 | Processed function constructor
[INFO] | 2023-07-06 07:47:59 AM | analyzer.XSwap_1 | Generating return summary for acceptOwnership
[INFO] | 2023-07-06 07:47:59 AM | analyzer.XSwap_1 | Return summary generated for acceptOwnership
[INFO] | 2023-07-06 07:47:59 AM | analyzer.XSwap_1 | Range graph generated
[INFO] | 2023-07-06 07:47:59 AM | analyzer.XSwap_1 | Processed function acceptOwnership
[INFO] | 2023-07-06 07:47:59 AM | analyzer.XSwap_1 | Generating return summary for isOwner
[INFO] | 2023-07-06 07:47:59 AM | analyzer.XSwap_1 | Return summary generated for isOwner
[INFO] | 2023-07-06 07:47:59 AM | analyzer.XSwap_1 | State variable assignement do not exist
[INFO] | 2023-07-06 07:47:59 AM | analyzer.XSwap_1 | Processed function isOwner
[INFO] | 2023-07-06 07:47:59 AM | analyzer.XSwap_1 | Generating return summary for constructor
[INFO] | 2023-07-06 07:47:59 AM | analyzer.XSwap_1 | Return summary generated for constructor
[INFO] | 2023-07-06 07:47:59 AM | analyzer.XSwap_1 | State variable assignement do not exist
[INFO] | 2023-07-06 07:47:59 AM | analyzer.XSwap_1 | Processed function constructor
[INFO] | 2023-07-06 07:47:59 AM | analyzer.XSwap_1 | Generating return summary for active
[INFO] | 2023-07-06 07:47:59 AM | analyzer.XSwap_1 | Return summary generated for active
[INFO] | 2023-07-06 07:47:59 AM | analyzer.XSwap_1 | Range graph generated
[INFO] | 2023-07-06 07:47:59 AM | analyzer.XSwap_1 | Processed function active
[INFO] | 2023-07-06 07:47:59 AM | analyzer.XSwap_1 | Generating return summary for slitherConstructorVariables
[INFO] | 2023-07-06 07:47:59 AM | analyzer.XSwap_1 | Return summary generated for slitherConstructorVariables
[INFO] | 2023-07-06 07:47:59 AM | analyzer.XSwap_1 | Range graph generated
[INFO] | 2023-07-06 07:47:59 AM | analyzer.XSwap_1 | Processed function slitherConstructorVariables
[INFO] | 2023-07-06 07:47:59 AM | analyzer.XSwap_1 | Generating return summary for onlyOwner
[INFO] | 2023-07-06 07:47:59 AM | analyzer.XSwap_1 | Return summary generated for onlyOwner
[INFO] | 2023-07-06 07:47:59 AM | analyzer.XSwap_1 | State variable assignement do not exist
[INFO] | 2023-07-06 07:47:59 AM | analyzer.XSwap_1 | Processed function onlyOwner
[INFO] | 2023-07-06 07:47:59 AM | analyzer.XSwap_1 | Generating return summary for auth
[INFO] | 2023-07-06 07:47:59 AM | analyzer.XSwap_1 | Return summary generated for auth
[INFO] | 2023-07-06 07:47:59 AM | analyzer.XSwap_1 | State variable assignement do not exist
[INFO] | 2023-07-06 07:47:59 AM | analyzer.XSwap_1 | Processed function auth
[INFO] | 2023-07-06 07:47:59 AM | analyzer.XSwap_1 | Generating return summary for isAuthorized
[INFO] | 2023-07-06 07:47:59 AM | analyzer.XSwap_1 | Return summary generated for isAuthorized
[INFO] | 2023-07-06 07:47:59 AM | analyzer.XSwap_1 | State variable assignement do not exist
[INFO] | 2023-07-06 07:47:59 AM | analyzer.XSwap_1 | Processed function isAuthorized
[INFO] | 2023-07-06 07:47:59 AM | analyzer.XSwap_1 | Generating return summary for isAuthorized
[INFO] | 2023-07-06 07:47:59 AM | analyzer.XSwap_1 | Return summary generated for isAuthorized
[INFO] | 2023-07-06 07:47:59 AM | analyzer.XSwap_1 | State variable assignement do not exist
[INFO] | 2023-07-06 07:47:59 AM | analyzer.XSwap_1 | Processed function isAuthorized
[INFO] | 2023-07-06 07:47:59 AM | analyzer.XSwap_1 | Generating return summary for disableOwnership
[INFO] | 2023-07-06 07:47:59 AM | analyzer.XSwap_1 | Return summary generated for disableOwnership
[INFO] | 2023-07-06 07:47:59 AM | analyzer.XSwap_1 | Range graph generated
[INFO] | 2023-07-06 07:47:59 AM | analyzer.XSwap_1 | Processed function disableOwnership
[INFO] | 2023-07-06 07:47:59 AM | analyzer.XSwap_1 | Generating return summary for transferOwnership
[INFO] | 2023-07-06 07:47:59 AM | analyzer.XSwap_1 | Return summary generated for transferOwnership
[INFO] | 2023-07-06 07:47:59 AM | analyzer.XSwap_1 | Range graph generated
[INFO] | 2023-07-06 07:47:59 AM | analyzer.XSwap_1 | Processed function transferOwnership
[INFO] | 2023-07-06 07:47:59 AM | analyzer.XSwap_1 | Generating return summary for setAuthority
[INFO] | 2023-07-06 07:47:59 AM | analyzer.XSwap_1 | Return summary generated for setAuthority
[INFO] | 2023-07-06 07:47:59 AM | analyzer.XSwap_1 | Range graph generated
[INFO] | 2023-07-06 07:47:59 AM | analyzer.XSwap_1 | Processed function setAuthority
[INFO] | 2023-07-06 07:47:59 AM | analyzer.XSwap_1 | Generating return summary for enableLending
[INFO] | 2023-07-06 07:47:59 AM | analyzer.XSwap_1 | Return summary generated for enableLending
[WARNING] | 2023-07-06 07:47:59 AM | analyzer.XSwap_1 | Can there be this kind of variables
[WARNING] | 2023-07-06 07:47:59 AM | analyzer.XSwap_1 | Can there be this kind of variables
[INFO] | 2023-07-06 07:47:59 AM | analyzer.XSwap_1 | Range graph generated
[INFO] | 2023-07-06 07:47:59 AM | analyzer.XSwap_1 | Processed function enableLending
[INFO] | 2023-07-06 07:47:59 AM | analyzer.XSwap_1 | Generating return summary for disableLending
[INFO] | 2023-07-06 07:47:59 AM | analyzer.XSwap_1 | Return summary generated for disableLending
[WARNING] | 2023-07-06 07:47:59 AM | analyzer.XSwap_1 | Can there be this kind of variables
[WARNING] | 2023-07-06 07:47:59 AM | analyzer.XSwap_1 | Can there be this kind of variables
[INFO] | 2023-07-06 07:47:59 AM | analyzer.XSwap_1 | Range graph generated
[INFO] | 2023-07-06 07:47:59 AM | analyzer.XSwap_1 | Processed function disableLending
[INFO] | 2023-07-06 07:47:59 AM | analyzer.XSwap_1 | Generating return summary for transferOutALL
[INFO] | 2023-07-06 07:47:59 AM | analyzer.XSwap_1 | Return summary generated for transferOutALL
[INFO] | 2023-07-06 07:47:59 AM | analyzer.XSwap_1 | State variable assignement do not exist
[INFO] | 2023-07-06 07:47:59 AM | analyzer.XSwap_1 | Processed function transferOutALL
[INFO] | 2023-07-06 07:47:59 AM | analyzer.XSwap_1 | Generating return summary for transferIn
[INFO] | 2023-07-06 07:47:59 AM | analyzer.XSwap_1 | Return summary generated for transferIn
[INFO] | 2023-07-06 07:47:59 AM | analyzer.XSwap_1 | State variable assignement do not exist
[INFO] | 2023-07-06 07:47:59 AM | analyzer.XSwap_1 | Processed function transferIn
[INFO] | 2023-07-06 07:47:59 AM | analyzer.XSwap_1 | Generating return summary for getTokenLiquidation
[INFO] | 2023-07-06 07:47:59 AM | analyzer.XSwap_1 | Return summary generated for getTokenLiquidation
[INFO] | 2023-07-06 07:47:59 AM | analyzer.XSwap_1 | State variable assignement do not exist
[INFO] | 2023-07-06 07:47:59 AM | analyzer.XSwap_1 | Processed function getTokenLiquidation
[INFO] | 2023-07-06 07:47:59 AM | analyzer.XSwap_1 | Generating return summary for transferOut
[INFO] | 2023-07-06 07:47:59 AM | analyzer.XSwap_1 | Return summary generated for transferOut
[INFO] | 2023-07-06 07:47:59 AM | analyzer.XSwap_1 | State variable assignement do not exist
[INFO] | 2023-07-06 07:47:59 AM | analyzer.XSwap_1 | Processed function transferOut
[INFO] | 2023-07-06 07:47:59 AM | analyzer.XSwap_1 | Generating return summary for normalizeToken
[INFO] | 2023-07-06 07:47:59 AM | analyzer.XSwap_1 | Return summary generated for normalizeToken
[INFO] | 2023-07-06 07:47:59 AM | analyzer.XSwap_1 | State variable assignement do not exist
[INFO] | 2023-07-06 07:47:59 AM | analyzer.XSwap_1 | Processed function normalizeToken
[INFO] | 2023-07-06 07:47:59 AM | analyzer.XSwap_1 | Generating return summary for denormalizedToken
[INFO] | 2023-07-06 07:47:59 AM | analyzer.XSwap_1 | Return summary generated for denormalizedToken
[INFO] | 2023-07-06 07:47:59 AM | analyzer.XSwap_1 | State variable assignement do not exist
[INFO] | 2023-07-06 07:47:59 AM | analyzer.XSwap_1 | Processed function denormalizedToken
[INFO] | 2023-07-06 07:47:59 AM | analyzer.XSwap_1 | Generating return summary for disableOwnership
[INFO] | 2023-07-06 07:47:59 AM | analyzer.XSwap_1 | Return summary generated for disableOwnership
[INFO] | 2023-07-06 07:47:59 AM | analyzer.XSwap_1 | Range graph generated
[INFO] | 2023-07-06 07:47:59 AM | analyzer.XSwap_1 | Processed function disableOwnership
[INFO] | 2023-07-06 07:47:59 AM | analyzer.XSwap_1 | Generating return summary for transferOwnership
[INFO] | 2023-07-06 07:47:59 AM | analyzer.XSwap_1 | Return summary generated for transferOwnership
[INFO] | 2023-07-06 07:47:59 AM | analyzer.XSwap_1 | Range graph generated
[INFO] | 2023-07-06 07:47:59 AM | analyzer.XSwap_1 | Processed function transferOwnership
[INFO] | 2023-07-06 07:47:59 AM | analyzer.XSwap_1 | Generating return summary for setAuthority
[INFO] | 2023-07-06 07:47:59 AM | analyzer.XSwap_1 | Return summary generated for setAuthority
[INFO] | 2023-07-06 07:47:59 AM | analyzer.XSwap_1 | Range graph generated
[INFO] | 2023-07-06 07:47:59 AM | analyzer.XSwap_1 | Processed function setAuthority
[INFO] | 2023-07-06 07:47:59 AM | analyzer.XSwap_1 | Generating return summary for setLendFMe
[INFO] | 2023-07-06 07:47:59 AM | analyzer.XSwap_1 | Return summary generated for setLendFMe
[WARNING] | 2023-07-06 07:47:59 AM | analyzer.XSwap_1 | Can there be this kind of variables
[WARNING] | 2023-07-06 07:47:59 AM | analyzer.XSwap_1 | Can there be this kind of variables
[INFO] | 2023-07-06 07:47:59 AM | analyzer.XSwap_1 | Range graph generated
[INFO] | 2023-07-06 07:47:59 AM | analyzer.XSwap_1 | Processed function setLendFMe
[INFO] | 2023-07-06 07:47:59 AM | analyzer.XSwap_1 | Generating return summary for setPrices
[INFO] | 2023-07-06 07:47:59 AM | analyzer.XSwap_1 | Return summary generated for setPrices
[WARNING] | 2023-07-06 07:47:59 AM | analyzer.XSwap_1 | Can there be this kind of variables
[WARNING] | 2023-07-06 07:47:59 AM | analyzer.XSwap_1 | Can there be this kind of variables
[INFO] | 2023-07-06 07:47:59 AM | analyzer.XSwap_1 | Range graph generated
[INFO] | 2023-07-06 07:47:59 AM | analyzer.XSwap_1 | Processed function setPrices
[INFO] | 2023-07-06 07:47:59 AM | analyzer.XSwap_1 | Generating return summary for setFee
[INFO] | 2023-07-06 07:47:59 AM | analyzer.XSwap_1 | Return summary generated for setFee
[WARNING] | 2023-07-06 07:47:59 AM | analyzer.XSwap_1 | Can there be this kind of variables
[WARNING] | 2023-07-06 07:47:59 AM | analyzer.XSwap_1 | Can there be this kind of variables
[WARNING] | 2023-07-06 07:47:59 AM | analyzer.XSwap_1 | Can there be this kind of variables
[WARNING] | 2023-07-06 07:47:59 AM | analyzer.XSwap_1 | Can there be this kind of variables
[INFO] | 2023-07-06 07:47:59 AM | analyzer.XSwap_1 | Range graph generated
[INFO] | 2023-07-06 07:47:59 AM | analyzer.XSwap_1 | Processed function setFee
[INFO] | 2023-07-06 07:47:59 AM | analyzer.XSwap_1 | Generating return summary for setTokenDecimals
[INFO] | 2023-07-06 07:47:59 AM | analyzer.XSwap_1 | Return summary generated for setTokenDecimals
[WARNING] | 2023-07-06 07:47:59 AM | analyzer.XSwap_1 | Can there be this kind of variables
[WARNING] | 2023-07-06 07:47:59 AM | analyzer.XSwap_1 | Can there be this kind of variables
[INFO] | 2023-07-06 07:47:59 AM | analyzer.XSwap_1 | Range graph generated
[INFO] | 2023-07-06 07:47:59 AM | analyzer.XSwap_1 | Processed function setTokenDecimals
[INFO] | 2023-07-06 07:47:59 AM | analyzer.XSwap_1 | Generating return summary for emergencyStop
[INFO] | 2023-07-06 07:47:59 AM | analyzer.XSwap_1 | Return summary generated for emergencyStop
[WARNING] | 2023-07-06 07:47:59 AM | analyzer.XSwap_1 | Can there be this kind of variables
[WARNING] | 2023-07-06 07:47:59 AM | analyzer.XSwap_1 | Can there be this kind of variables
[INFO] | 2023-07-06 07:47:59 AM | analyzer.XSwap_1 | Range graph generated
[INFO] | 2023-07-06 07:47:59 AM | analyzer.XSwap_1 | Processed function emergencyStop
[INFO] | 2023-07-06 07:47:59 AM | analyzer.XSwap_1 | Generating return summary for trade
[INFO] | 2023-07-06 07:47:59 AM | analyzer.XSwap_1 | Return summary generated for trade
[INFO] | 2023-07-06 07:47:59 AM | analyzer.XSwap_1 | State variable assignement do not exist
[INFO] | 2023-07-06 07:47:59 AM | analyzer.XSwap_1 | Processed function trade
[INFO] | 2023-07-06 07:47:59 AM | analyzer.XSwap_1 | Generating return summary for setPrices
[INFO] | 2023-07-06 07:47:59 AM | analyzer.XSwap_1 | Return summary generated for setPrices
[WARNING] | 2023-07-06 07:47:59 AM | analyzer.XSwap_1 | Can there be this kind of variables
[WARNING] | 2023-07-06 07:47:59 AM | analyzer.XSwap_1 | Can there be this kind of variables
[WARNING] | 2023-07-06 07:47:59 AM | analyzer.XSwap_1 | Can there be this kind of variables
[WARNING] | 2023-07-06 07:47:59 AM | analyzer.XSwap_1 | Can there be this kind of variables
[INFO] | 2023-07-06 07:47:59 AM | analyzer.XSwap_1 | Range graph generated
[INFO] | 2023-07-06 07:47:59 AM | analyzer.XSwap_1 | Processed function setPrices
[INFO] | 2023-07-06 07:47:59 AM | analyzer.XSwap_1 | Generating return summary for trade
[INFO] | 2023-07-06 07:47:59 AM | analyzer.XSwap_1 | Return summary generated for trade
[INFO] | 2023-07-06 07:47:59 AM | analyzer.XSwap_1 | State variable assignement do not exist
[INFO] | 2023-07-06 07:47:59 AM | analyzer.XSwap_1 | Processed function trade
[INFO] | 2023-07-06 07:47:59 AM | analyzer.XSwap_1 | Generating return summary for createPair
[INFO] | 2023-07-06 07:47:59 AM | analyzer.XSwap_1 | Return summary generated for createPair
[WARNING] | 2023-07-06 07:47:59 AM | analyzer.XSwap_1 | Can there be this kind of variables
[WARNING] | 2023-07-06 07:47:59 AM | analyzer.XSwap_1 | Can there be this kind of variables
[WARNING] | 2023-07-06 07:47:59 AM | analyzer.XSwap_1 | Can there be this kind of variables
[WARNING] | 2023-07-06 07:47:59 AM | analyzer.XSwap_1 | Can there be this kind of variables
[WARNING] | 2023-07-06 07:47:59 AM | analyzer.XSwap_1 | Can there be this kind of variables
[WARNING] | 2023-07-06 07:47:59 AM | analyzer.XSwap_1 | Can there be this kind of variables
[WARNING] | 2023-07-06 07:47:59 AM | analyzer.XSwap_1 | Can there be this kind of variables
[WARNING] | 2023-07-06 07:47:59 AM | analyzer.XSwap_1 | Can there be this kind of variables
[INFO] | 2023-07-06 07:47:59 AM | analyzer.XSwap_1 | Range graph generated
[INFO] | 2023-07-06 07:47:59 AM | analyzer.XSwap_1 | Processed function createPair
[INFO] | 2023-07-06 07:47:59 AM | analyzer.XSwap_1 | Value Range Analysis took 0.017284 seconds
[INFO] | 2023-07-06 07:47:59 AM | analyzer.XSwap_1 | Value Range Analysis finished
[INFO] | 2023-07-06 07:47:59 AM | analyzer.XSwap_1 | Storage dependency graph compostion started!
[INFO] | 2023-07-06 07:47:59 AM | analyzer.XSwap_1 | Storage dependency graph compostion finished!
[INFO] | 2023-07-06 07:47:59 AM | analyzer.XSwap_1 | Dependency detection started!
[INFO] | 2023-07-06 07:47:59 AM | analyzer.XSwap_1 | DAO dependency detected in file XSwap_1.sol in contract XSwap in by composing functions trade and active
[INFO] | 2023-07-06 07:47:59 AM | analyzer.XSwap_1 | DAO dependency detected in file XSwap_1.sol in contract XSwap in by composing functions trade and active
[INFO] | 2023-07-06 07:47:59 AM | analyzer.XSwap_1 | DAO dependency detected in file XSwap_1.sol in contract XSwap in by composing functions trade and active
[INFO] | 2023-07-06 07:48:00 AM | analyzer.XSwap_1 | DAO dependency detected in file XSwap_1.sol in contract XSwap in by composing functions trade and active
[INFO] | 2023-07-06 07:48:00 AM | analyzer.XSwap_1 | DAO dependency detected in file XSwap_1.sol in contract XSwap in by composing functions trade and active
[INFO] | 2023-07-06 07:48:00 AM | analyzer.XSwap_1 | DAO dependency detected in file XSwap_1.sol in contract XSwap in by composing functions trade and active
[INFO] | 2023-07-06 07:48:00 AM | analyzer.XSwap_1 | Dependency detection finished!
[INFO] | 2023-07-06 07:48:00 AM | analyzer.XSwap_1 | Static Analysis took 3.419054 seconds
[INFO] | 2023-07-06 07:48:00 AM | analyzer.XSwap_1 | Dependency exists
[INFO] | 2023-07-06 07:48:00 AM | analyzer.XSwap_1 | Invoking symbolic executor!
[INFO] | 2023-07-06 07:48:03 AM | analyzer.XSwap_1 | Symbolic execution took 2.539904 seconds
[INFO] | 2023-07-06 07:48:03 AM | analyzer.XSwap_1 | Symbolic execution finished!
[INFO] | 2023-07-06 07:48:03 AM | analyzer.XSwap_1 | Analysis finished!
[INFO] | 2023-07-06 07:48:03 AM | analyzer.XSwap_1 | Analysis took 5.959377 seconds
[INFO] | 2023-07-06 07:48:03 AM | analyzer.XSwap_1 | Analysis finished at: 2023-07-06 07:48:03 AM
