[INFO] | 2023-07-06 06:23:13 AM | analyzer.kickico_token_v1_1 | Analysis started at: 2023-07-06 06:23:13 AM
[INFO] | 2023-07-06 06:23:14 AM | analyzer.kickico_token_v1_1 | Version constraints: ['^0.5.8']
[INFO] | 2023-07-06 06:23:14 AM | analyzer.kickico_token_v1_1 | solc version: v0.5.8
[INFO] | 2023-07-06 06:23:15 AM | analyzer.kickico_token_v1_1 | Callgraph generation started!
[INFO] | 2023-07-06 06:23:15 AM | analyzer.kickico_token_v1_1 | Callgraph generation finished!
[INFO] | 2023-07-06 06:23:15 AM | analyzer.kickico_token_v1_1 | Interprocedural CFG generation started!
[INFO] | 2023-07-06 06:23:15 AM | analyzer.kickico_token_v1_1 | Interprocedural CFG generation finished!
[INFO] | 2023-07-06 06:23:15 AM | analyzer.kickico_token_v1_1 | Storage dependency graph generation started!
[INFO] | 2023-07-06 06:23:15 AM | analyzer.kickico_token_v1_1 | Storage dependency graph generation finished!
[INFO] | 2023-07-06 06:23:15 AM | analyzer.kickico_token_v1_1 | Value Range Analysis started
[INFO] | 2023-07-06 06:23:15 AM | analyzer.kickico_token_v1_1 | Generating return summary for add
[INFO] | 2023-07-06 06:23:15 AM | analyzer.kickico_token_v1_1 | Return summary generated for add
[INFO] | 2023-07-06 06:23:15 AM | analyzer.kickico_token_v1_1 | State variable assignement do not exist
[INFO] | 2023-07-06 06:23:15 AM | analyzer.kickico_token_v1_1 | Processed function add
[INFO] | 2023-07-06 06:23:15 AM | analyzer.kickico_token_v1_1 | Generating return summary for sub
[INFO] | 2023-07-06 06:23:15 AM | analyzer.kickico_token_v1_1 | Return summary generated for sub
[INFO] | 2023-07-06 06:23:15 AM | analyzer.kickico_token_v1_1 | State variable assignement do not exist
[INFO] | 2023-07-06 06:23:15 AM | analyzer.kickico_token_v1_1 | Processed function sub
[INFO] | 2023-07-06 06:23:15 AM | analyzer.kickico_token_v1_1 | Generating return summary for _frozen_balanceOf
[INFO] | 2023-07-06 06:23:15 AM | analyzer.kickico_token_v1_1 | Return summary generated for _frozen_balanceOf
[INFO] | 2023-07-06 06:23:15 AM | analyzer.kickico_token_v1_1 | State variable assignement do not exist
[INFO] | 2023-07-06 06:23:15 AM | analyzer.kickico_token_v1_1 | Processed function _frozen_balanceOf
[INFO] | 2023-07-06 06:23:15 AM | analyzer.kickico_token_v1_1 | Generating return summary for _frozen_balanceOf
[INFO] | 2023-07-06 06:23:15 AM | analyzer.kickico_token_v1_1 | Return summary generated for _frozen_balanceOf
[INFO] | 2023-07-06 06:23:15 AM | analyzer.kickico_token_v1_1 | State variable assignement do not exist
[INFO] | 2023-07-06 06:23:15 AM | analyzer.kickico_token_v1_1 | Processed function _frozen_balanceOf
[INFO] | 2023-07-06 06:23:15 AM | analyzer.kickico_token_v1_1 | Generating return summary for constructor
[INFO] | 2023-07-06 06:23:15 AM | analyzer.kickico_token_v1_1 | Return summary generated for constructor
[INFO] | 2023-07-06 06:23:15 AM | analyzer.kickico_token_v1_1 | Range graph generated
[INFO] | 2023-07-06 06:23:15 AM | analyzer.kickico_token_v1_1 | Processed function constructor
[INFO] | 2023-07-06 06:23:15 AM | analyzer.kickico_token_v1_1 | Generating return summary for totalSupply
[INFO] | 2023-07-06 06:23:15 AM | analyzer.kickico_token_v1_1 | Return summary generated for totalSupply
[INFO] | 2023-07-06 06:23:15 AM | analyzer.kickico_token_v1_1 | State variable assignement do not exist
[INFO] | 2023-07-06 06:23:15 AM | analyzer.kickico_token_v1_1 | Processed function totalSupply
[INFO] | 2023-07-06 06:23:15 AM | analyzer.kickico_token_v1_1 | Generating return summary for balanceOf
[INFO] | 2023-07-06 06:23:15 AM | analyzer.kickico_token_v1_1 | Return summary generated for balanceOf
[INFO] | 2023-07-06 06:23:15 AM | analyzer.kickico_token_v1_1 | State variable assignement do not exist
[INFO] | 2023-07-06 06:23:15 AM | analyzer.kickico_token_v1_1 | Processed function balanceOf
[INFO] | 2023-07-06 06:23:15 AM | analyzer.kickico_token_v1_1 | Generating return summary for allowance
[INFO] | 2023-07-06 06:23:15 AM | analyzer.kickico_token_v1_1 | Return summary generated for allowance
[INFO] | 2023-07-06 06:23:15 AM | analyzer.kickico_token_v1_1 | State variable assignement do not exist
[INFO] | 2023-07-06 06:23:15 AM | analyzer.kickico_token_v1_1 | Processed function allowance
[INFO] | 2023-07-06 06:23:15 AM | analyzer.kickico_token_v1_1 | Generating return summary for _approve
[INFO] | 2023-07-06 06:23:15 AM | analyzer.kickico_token_v1_1 | Return summary generated for _approve
[INFO] | 2023-07-06 06:23:15 AM | analyzer.kickico_token_v1_1 | Range graph generated
[INFO] | 2023-07-06 06:23:15 AM | analyzer.kickico_token_v1_1 | Processed function _approve
[INFO] | 2023-07-06 06:23:15 AM | analyzer.kickico_token_v1_1 | Generating return summary for onlyOwner
[INFO] | 2023-07-06 06:23:15 AM | analyzer.kickico_token_v1_1 | Return summary generated for onlyOwner
[INFO] | 2023-07-06 06:23:15 AM | analyzer.kickico_token_v1_1 | State variable assignement do not exist
[INFO] | 2023-07-06 06:23:15 AM | analyzer.kickico_token_v1_1 | Processed function onlyOwner
[INFO] | 2023-07-06 06:23:15 AM | analyzer.kickico_token_v1_1 | Generating return summary for canTransfer
[INFO] | 2023-07-06 06:23:15 AM | analyzer.kickico_token_v1_1 | Return summary generated for canTransfer
[INFO] | 2023-07-06 06:23:15 AM | analyzer.kickico_token_v1_1 | State variable assignement do not exist
[INFO] | 2023-07-06 06:23:15 AM | analyzer.kickico_token_v1_1 | Processed function canTransfer
[INFO] | 2023-07-06 06:23:15 AM | analyzer.kickico_token_v1_1 | Generating return summary for whenBurn
[INFO] | 2023-07-06 06:23:15 AM | analyzer.kickico_token_v1_1 | Return summary generated for whenBurn
[INFO] | 2023-07-06 06:23:15 AM | analyzer.kickico_token_v1_1 | State variable assignement do not exist
[INFO] | 2023-07-06 06:23:15 AM | analyzer.kickico_token_v1_1 | Processed function whenBurn
[INFO] | 2023-07-06 06:23:15 AM | analyzer.kickico_token_v1_1 | Generating return summary for _frozen_balanceOf
[INFO] | 2023-07-06 06:23:15 AM | analyzer.kickico_token_v1_1 | Return summary generated for _frozen_balanceOf
[INFO] | 2023-07-06 06:23:15 AM | analyzer.kickico_token_v1_1 | State variable assignement do not exist
[INFO] | 2023-07-06 06:23:15 AM | analyzer.kickico_token_v1_1 | Processed function _frozen_balanceOf
[INFO] | 2023-07-06 06:23:15 AM | analyzer.kickico_token_v1_1 | Generating return summary for constructor
[INFO] | 2023-07-06 06:23:15 AM | analyzer.kickico_token_v1_1 | Return summary generated for constructor
[INFO] | 2023-07-06 06:23:15 AM | analyzer.kickico_token_v1_1 | Range graph generated
[INFO] | 2023-07-06 06:23:15 AM | analyzer.kickico_token_v1_1 | Processed function constructor
[INFO] | 2023-07-06 06:23:15 AM | analyzer.kickico_token_v1_1 | Generating return summary for totalSupply
[INFO] | 2023-07-06 06:23:15 AM | analyzer.kickico_token_v1_1 | Return summary generated for totalSupply
[INFO] | 2023-07-06 06:23:15 AM | analyzer.kickico_token_v1_1 | State variable assignement do not exist
[INFO] | 2023-07-06 06:23:15 AM | analyzer.kickico_token_v1_1 | Processed function totalSupply
[INFO] | 2023-07-06 06:23:15 AM | analyzer.kickico_token_v1_1 | Generating return summary for balanceOf
[INFO] | 2023-07-06 06:23:15 AM | analyzer.kickico_token_v1_1 | Return summary generated for balanceOf
[INFO] | 2023-07-06 06:23:15 AM | analyzer.kickico_token_v1_1 | State variable assignement do not exist
[INFO] | 2023-07-06 06:23:15 AM | analyzer.kickico_token_v1_1 | Processed function balanceOf
[INFO] | 2023-07-06 06:23:15 AM | analyzer.kickico_token_v1_1 | Generating return summary for allowance
[INFO] | 2023-07-06 06:23:15 AM | analyzer.kickico_token_v1_1 | Return summary generated for allowance
[INFO] | 2023-07-06 06:23:15 AM | analyzer.kickico_token_v1_1 | State variable assignement do not exist
[INFO] | 2023-07-06 06:23:15 AM | analyzer.kickico_token_v1_1 | Processed function allowance
[INFO] | 2023-07-06 06:23:15 AM | analyzer.kickico_token_v1_1 | Generating return summary for _approve
[INFO] | 2023-07-06 06:23:15 AM | analyzer.kickico_token_v1_1 | Return summary generated for _approve
[INFO] | 2023-07-06 06:23:15 AM | analyzer.kickico_token_v1_1 | Range graph generated
[INFO] | 2023-07-06 06:23:15 AM | analyzer.kickico_token_v1_1 | Processed function _approve
[INFO] | 2023-07-06 06:23:15 AM | analyzer.kickico_token_v1_1 | Generating return summary for onlyOwner
[INFO] | 2023-07-06 06:23:15 AM | analyzer.kickico_token_v1_1 | Return summary generated for onlyOwner
[INFO] | 2023-07-06 06:23:15 AM | analyzer.kickico_token_v1_1 | State variable assignement do not exist
[INFO] | 2023-07-06 06:23:15 AM | analyzer.kickico_token_v1_1 | Processed function onlyOwner
[INFO] | 2023-07-06 06:23:15 AM | analyzer.kickico_token_v1_1 | Generating return summary for canTransfer
[INFO] | 2023-07-06 06:23:15 AM | analyzer.kickico_token_v1_1 | Return summary generated for canTransfer
[INFO] | 2023-07-06 06:23:15 AM | analyzer.kickico_token_v1_1 | State variable assignement do not exist
[INFO] | 2023-07-06 06:23:15 AM | analyzer.kickico_token_v1_1 | Processed function canTransfer
[INFO] | 2023-07-06 06:23:15 AM | analyzer.kickico_token_v1_1 | Generating return summary for whenBurn
[INFO] | 2023-07-06 06:23:15 AM | analyzer.kickico_token_v1_1 | Return summary generated for whenBurn
[INFO] | 2023-07-06 06:23:15 AM | analyzer.kickico_token_v1_1 | State variable assignement do not exist
[INFO] | 2023-07-06 06:23:15 AM | analyzer.kickico_token_v1_1 | Processed function whenBurn
[INFO] | 2023-07-06 06:23:15 AM | analyzer.kickico_token_v1_1 | Generating return summary for _frozen_add
[INFO] | 2023-07-06 06:23:15 AM | analyzer.kickico_token_v1_1 | Return summary generated for _frozen_add
[INFO] | 2023-07-06 06:23:15 AM | analyzer.kickico_token_v1_1 | Range graph generated
[INFO] | 2023-07-06 06:23:15 AM | analyzer.kickico_token_v1_1 | Processed function _frozen_add
[INFO] | 2023-07-06 06:23:15 AM | analyzer.kickico_token_v1_1 | Generating return summary for _frozen_add
[INFO] | 2023-07-06 06:23:15 AM | analyzer.kickico_token_v1_1 | Return summary generated for _frozen_add
[INFO] | 2023-07-06 06:23:15 AM | analyzer.kickico_token_v1_1 | Range graph generated
[INFO] | 2023-07-06 06:23:15 AM | analyzer.kickico_token_v1_1 | Processed function _frozen_add
[INFO] | 2023-07-06 06:23:15 AM | analyzer.kickico_token_v1_1 | Generating return summary for increaseAllowance
[INFO] | 2023-07-06 06:23:15 AM | analyzer.kickico_token_v1_1 | Return summary generated for increaseAllowance
[INFO] | 2023-07-06 06:23:15 AM | analyzer.kickico_token_v1_1 | Range graph generated
[INFO] | 2023-07-06 06:23:15 AM | analyzer.kickico_token_v1_1 | Processed function increaseAllowance
[INFO] | 2023-07-06 06:23:15 AM | analyzer.kickico_token_v1_1 | Generating return summary for _transfer
[INFO] | 2023-07-06 06:23:15 AM | analyzer.kickico_token_v1_1 | Return summary generated for _transfer
[INFO] | 2023-07-06 06:23:15 AM | analyzer.kickico_token_v1_1 | Range graph generated
[INFO] | 2023-07-06 06:23:15 AM | analyzer.kickico_token_v1_1 | Processed function _transfer
[INFO] | 2023-07-06 06:23:15 AM | analyzer.kickico_token_v1_1 | Generating return summary for _mint
[INFO] | 2023-07-06 06:23:15 AM | analyzer.kickico_token_v1_1 | Return summary generated for _mint
[INFO] | 2023-07-06 06:23:15 AM | analyzer.kickico_token_v1_1 | Range graph generated
[INFO] | 2023-07-06 06:23:15 AM | analyzer.kickico_token_v1_1 | Processed function _mint
[INFO] | 2023-07-06 06:23:15 AM | analyzer.kickico_token_v1_1 | Generating return summary for _frozen_add
[INFO] | 2023-07-06 06:23:15 AM | analyzer.kickico_token_v1_1 | Return summary generated for _frozen_add
[INFO] | 2023-07-06 06:23:15 AM | analyzer.kickico_token_v1_1 | Range graph generated
[INFO] | 2023-07-06 06:23:15 AM | analyzer.kickico_token_v1_1 | Processed function _frozen_add
[INFO] | 2023-07-06 06:23:15 AM | analyzer.kickico_token_v1_1 | Generating return summary for increaseAllowance
[INFO] | 2023-07-06 06:23:15 AM | analyzer.kickico_token_v1_1 | Return summary generated for increaseAllowance
[INFO] | 2023-07-06 06:23:15 AM | analyzer.kickico_token_v1_1 | Range graph generated
[INFO] | 2023-07-06 06:23:15 AM | analyzer.kickico_token_v1_1 | Processed function increaseAllowance
[INFO] | 2023-07-06 06:23:15 AM | analyzer.kickico_token_v1_1 | Generating return summary for _transfer
[INFO] | 2023-07-06 06:23:15 AM | analyzer.kickico_token_v1_1 | Return summary generated for _transfer
[INFO] | 2023-07-06 06:23:15 AM | analyzer.kickico_token_v1_1 | Range graph generated
[INFO] | 2023-07-06 06:23:15 AM | analyzer.kickico_token_v1_1 | Processed function _transfer
[INFO] | 2023-07-06 06:23:15 AM | analyzer.kickico_token_v1_1 | Generating return summary for _mint
[INFO] | 2023-07-06 06:23:15 AM | analyzer.kickico_token_v1_1 | Return summary generated for _mint
[INFO] | 2023-07-06 06:23:15 AM | analyzer.kickico_token_v1_1 | Range graph generated
[INFO] | 2023-07-06 06:23:15 AM | analyzer.kickico_token_v1_1 | Processed function _mint
[INFO] | 2023-07-06 06:23:15 AM | analyzer.kickico_token_v1_1 | Generating return summary for _frozen_sub
[INFO] | 2023-07-06 06:23:15 AM | analyzer.kickico_token_v1_1 | Return summary generated for _frozen_sub
[INFO] | 2023-07-06 06:23:15 AM | analyzer.kickico_token_v1_1 | Range graph generated
[INFO] | 2023-07-06 06:23:15 AM | analyzer.kickico_token_v1_1 | Processed function _frozen_sub
[INFO] | 2023-07-06 06:23:15 AM | analyzer.kickico_token_v1_1 | Generating return summary for _frozen_sub
[INFO] | 2023-07-06 06:23:15 AM | analyzer.kickico_token_v1_1 | Return summary generated for _frozen_sub
[INFO] | 2023-07-06 06:23:15 AM | analyzer.kickico_token_v1_1 | Range graph generated
[INFO] | 2023-07-06 06:23:15 AM | analyzer.kickico_token_v1_1 | Processed function _frozen_sub
[INFO] | 2023-07-06 06:23:15 AM | analyzer.kickico_token_v1_1 | Generating return summary for accountBalance
[INFO] | 2023-07-06 06:23:15 AM | analyzer.kickico_token_v1_1 | Return summary generated for accountBalance
[INFO] | 2023-07-06 06:23:15 AM | analyzer.kickico_token_v1_1 | State variable assignement do not exist
[INFO] | 2023-07-06 06:23:15 AM | analyzer.kickico_token_v1_1 | Processed function accountBalance
[INFO] | 2023-07-06 06:23:15 AM | analyzer.kickico_token_v1_1 | Generating return summary for decreaseAllowance
[INFO] | 2023-07-06 06:23:15 AM | analyzer.kickico_token_v1_1 | Return summary generated for decreaseAllowance
[INFO] | 2023-07-06 06:23:15 AM | analyzer.kickico_token_v1_1 | Range graph generated
[INFO] | 2023-07-06 06:23:15 AM | analyzer.kickico_token_v1_1 | Processed function decreaseAllowance
[INFO] | 2023-07-06 06:23:15 AM | analyzer.kickico_token_v1_1 | Generating return summary for _burn
[INFO] | 2023-07-06 06:23:15 AM | analyzer.kickico_token_v1_1 | Return summary generated for _burn
[INFO] | 2023-07-06 06:23:15 AM | analyzer.kickico_token_v1_1 | Range graph generated
[INFO] | 2023-07-06 06:23:15 AM | analyzer.kickico_token_v1_1 | Processed function _burn
[INFO] | 2023-07-06 06:23:15 AM | analyzer.kickico_token_v1_1 | Generating return summary for _frozen_sub
[INFO] | 2023-07-06 06:23:15 AM | analyzer.kickico_token_v1_1 | Return summary generated for _frozen_sub
[INFO] | 2023-07-06 06:23:15 AM | analyzer.kickico_token_v1_1 | Range graph generated
[INFO] | 2023-07-06 06:23:15 AM | analyzer.kickico_token_v1_1 | Processed function _frozen_sub
[INFO] | 2023-07-06 06:23:15 AM | analyzer.kickico_token_v1_1 | Generating return summary for accountBalance
[INFO] | 2023-07-06 06:23:15 AM | analyzer.kickico_token_v1_1 | Return summary generated for accountBalance
[INFO] | 2023-07-06 06:23:15 AM | analyzer.kickico_token_v1_1 | State variable assignement do not exist
[INFO] | 2023-07-06 06:23:15 AM | analyzer.kickico_token_v1_1 | Processed function accountBalance
[INFO] | 2023-07-06 06:23:15 AM | analyzer.kickico_token_v1_1 | Generating return summary for decreaseAllowance
[INFO] | 2023-07-06 06:23:15 AM | analyzer.kickico_token_v1_1 | Return summary generated for decreaseAllowance
[INFO] | 2023-07-06 06:23:15 AM | analyzer.kickico_token_v1_1 | Range graph generated
[INFO] | 2023-07-06 06:23:15 AM | analyzer.kickico_token_v1_1 | Processed function decreaseAllowance
[INFO] | 2023-07-06 06:23:15 AM | analyzer.kickico_token_v1_1 | Generating return summary for _burn
[INFO] | 2023-07-06 06:23:15 AM | analyzer.kickico_token_v1_1 | Return summary generated for _burn
[INFO] | 2023-07-06 06:23:15 AM | analyzer.kickico_token_v1_1 | Range graph generated
[INFO] | 2023-07-06 06:23:15 AM | analyzer.kickico_token_v1_1 | Processed function _burn
[INFO] | 2023-07-06 06:23:15 AM | analyzer.kickico_token_v1_1 | Generating return summary for frozenbalanceOf
[INFO] | 2023-07-06 06:23:15 AM | analyzer.kickico_token_v1_1 | Return summary generated for frozenbalanceOf
[INFO] | 2023-07-06 06:23:15 AM | analyzer.kickico_token_v1_1 | State variable assignement do not exist
[INFO] | 2023-07-06 06:23:15 AM | analyzer.kickico_token_v1_1 | Processed function frozenbalanceOf
[INFO] | 2023-07-06 06:23:15 AM | analyzer.kickico_token_v1_1 | Generating return summary for approve
[INFO] | 2023-07-06 06:23:15 AM | analyzer.kickico_token_v1_1 | Return summary generated for approve
[INFO] | 2023-07-06 06:23:15 AM | analyzer.kickico_token_v1_1 | Range graph generated
[INFO] | 2023-07-06 06:23:15 AM | analyzer.kickico_token_v1_1 | Processed function approve
[INFO] | 2023-07-06 06:23:15 AM | analyzer.kickico_token_v1_1 | Generating return summary for addWhitelisted
[INFO] | 2023-07-06 06:23:15 AM | analyzer.kickico_token_v1_1 | Return summary generated for addWhitelisted
[INFO] | 2023-07-06 06:23:15 AM | analyzer.kickico_token_v1_1 | Range graph generated
[INFO] | 2023-07-06 06:23:15 AM | analyzer.kickico_token_v1_1 | Processed function addWhitelisted
[INFO] | 2023-07-06 06:23:15 AM | analyzer.kickico_token_v1_1 | Generating return summary for removeWhitelisted
[INFO] | 2023-07-06 06:23:15 AM | analyzer.kickico_token_v1_1 | Return summary generated for removeWhitelisted
[INFO] | 2023-07-06 06:23:15 AM | analyzer.kickico_token_v1_1 | Range graph generated
[INFO] | 2023-07-06 06:23:15 AM | analyzer.kickico_token_v1_1 | Processed function removeWhitelisted
[INFO] | 2023-07-06 06:23:15 AM | analyzer.kickico_token_v1_1 | Generating return summary for pauseTrigger
[INFO] | 2023-07-06 06:23:15 AM | analyzer.kickico_token_v1_1 | Return summary generated for pauseTrigger
[INFO] | 2023-07-06 06:23:15 AM | analyzer.kickico_token_v1_1 | Range graph generated
[INFO] | 2023-07-06 06:23:15 AM | analyzer.kickico_token_v1_1 | Processed function pauseTrigger
[INFO] | 2023-07-06 06:23:15 AM | analyzer.kickico_token_v1_1 | Generating return summary for changeOwner
[INFO] | 2023-07-06 06:23:15 AM | analyzer.kickico_token_v1_1 | Return summary generated for changeOwner
[INFO] | 2023-07-06 06:23:15 AM | analyzer.kickico_token_v1_1 | Range graph generated
[INFO] | 2023-07-06 06:23:15 AM | analyzer.kickico_token_v1_1 | Processed function changeOwner
[INFO] | 2023-07-06 06:23:15 AM | analyzer.kickico_token_v1_1 | Generating return summary for burnTrigger
[INFO] | 2023-07-06 06:23:15 AM | analyzer.kickico_token_v1_1 | Return summary generated for burnTrigger
[INFO] | 2023-07-06 06:23:15 AM | analyzer.kickico_token_v1_1 | Range graph generated
[INFO] | 2023-07-06 06:23:15 AM | analyzer.kickico_token_v1_1 | Processed function burnTrigger
[INFO] | 2023-07-06 06:23:15 AM | analyzer.kickico_token_v1_1 | Generating return summary for frozenbalanceOf
[INFO] | 2023-07-06 06:23:15 AM | analyzer.kickico_token_v1_1 | Return summary generated for frozenbalanceOf
[INFO] | 2023-07-06 06:23:15 AM | analyzer.kickico_token_v1_1 | State variable assignement do not exist
[INFO] | 2023-07-06 06:23:15 AM | analyzer.kickico_token_v1_1 | Processed function frozenbalanceOf
[INFO] | 2023-07-06 06:23:15 AM | analyzer.kickico_token_v1_1 | Generating return summary for approve
[INFO] | 2023-07-06 06:23:15 AM | analyzer.kickico_token_v1_1 | Return summary generated for approve
[INFO] | 2023-07-06 06:23:15 AM | analyzer.kickico_token_v1_1 | Range graph generated
[INFO] | 2023-07-06 06:23:15 AM | analyzer.kickico_token_v1_1 | Processed function approve
[INFO] | 2023-07-06 06:23:15 AM | analyzer.kickico_token_v1_1 | Generating return summary for addWhitelisted
[INFO] | 2023-07-06 06:23:15 AM | analyzer.kickico_token_v1_1 | Return summary generated for addWhitelisted
[INFO] | 2023-07-06 06:23:15 AM | analyzer.kickico_token_v1_1 | Range graph generated
[INFO] | 2023-07-06 06:23:15 AM | analyzer.kickico_token_v1_1 | Processed function addWhitelisted
[INFO] | 2023-07-06 06:23:15 AM | analyzer.kickico_token_v1_1 | Generating return summary for removeWhitelisted
[INFO] | 2023-07-06 06:23:15 AM | analyzer.kickico_token_v1_1 | Return summary generated for removeWhitelisted
[INFO] | 2023-07-06 06:23:15 AM | analyzer.kickico_token_v1_1 | Range graph generated
[INFO] | 2023-07-06 06:23:15 AM | analyzer.kickico_token_v1_1 | Processed function removeWhitelisted
[INFO] | 2023-07-06 06:23:15 AM | analyzer.kickico_token_v1_1 | Generating return summary for pauseTrigger
[INFO] | 2023-07-06 06:23:15 AM | analyzer.kickico_token_v1_1 | Return summary generated for pauseTrigger
[INFO] | 2023-07-06 06:23:15 AM | analyzer.kickico_token_v1_1 | Range graph generated
[INFO] | 2023-07-06 06:23:15 AM | analyzer.kickico_token_v1_1 | Processed function pauseTrigger
[INFO] | 2023-07-06 06:23:15 AM | analyzer.kickico_token_v1_1 | Generating return summary for changeOwner
[INFO] | 2023-07-06 06:23:15 AM | analyzer.kickico_token_v1_1 | Return summary generated for changeOwner
[INFO] | 2023-07-06 06:23:15 AM | analyzer.kickico_token_v1_1 | Range graph generated
[INFO] | 2023-07-06 06:23:15 AM | analyzer.kickico_token_v1_1 | Processed function changeOwner
[INFO] | 2023-07-06 06:23:15 AM | analyzer.kickico_token_v1_1 | Generating return summary for burnTrigger
[INFO] | 2023-07-06 06:23:15 AM | analyzer.kickico_token_v1_1 | Return summary generated for burnTrigger
[INFO] | 2023-07-06 06:23:15 AM | analyzer.kickico_token_v1_1 | Range graph generated
[INFO] | 2023-07-06 06:23:15 AM | analyzer.kickico_token_v1_1 | Processed function burnTrigger
[INFO] | 2023-07-06 06:23:15 AM | analyzer.kickico_token_v1_1 | Generating return summary for _freeze
[INFO] | 2023-07-06 06:23:15 AM | analyzer.kickico_token_v1_1 | Return summary generated for _freeze
[INFO] | 2023-07-06 06:23:15 AM | analyzer.kickico_token_v1_1 | Range graph generated
[INFO] | 2023-07-06 06:23:15 AM | analyzer.kickico_token_v1_1 | Processed function _freeze
[INFO] | 2023-07-06 06:23:15 AM | analyzer.kickico_token_v1_1 | Generating return summary for _mintfrozen
[INFO] | 2023-07-06 06:23:15 AM | analyzer.kickico_token_v1_1 | Return summary generated for _mintfrozen
[INFO] | 2023-07-06 06:23:15 AM | analyzer.kickico_token_v1_1 | Range graph generated
[INFO] | 2023-07-06 06:23:15 AM | analyzer.kickico_token_v1_1 | Processed function _mintfrozen
[INFO] | 2023-07-06 06:23:15 AM | analyzer.kickico_token_v1_1 | Generating return summary for mint
[INFO] | 2023-07-06 06:23:15 AM | analyzer.kickico_token_v1_1 | Return summary generated for mint
[INFO] | 2023-07-06 06:23:15 AM | analyzer.kickico_token_v1_1 | Range graph generated
[INFO] | 2023-07-06 06:23:15 AM | analyzer.kickico_token_v1_1 | Processed function mint
[INFO] | 2023-07-06 06:23:15 AM | analyzer.kickico_token_v1_1 | Generating return summary for dropBatchToken
[INFO] | 2023-07-06 06:23:15 AM | analyzer.kickico_token_v1_1 | Return summary generated for dropBatchToken
[INFO] | 2023-07-06 06:23:15 AM | analyzer.kickico_token_v1_1 | Range graph generated
[INFO] | 2023-07-06 06:23:15 AM | analyzer.kickico_token_v1_1 | Processed function dropBatchToken
[INFO] | 2023-07-06 06:23:15 AM | analyzer.kickico_token_v1_1 | Generating return summary for _freeze
[INFO] | 2023-07-06 06:23:15 AM | analyzer.kickico_token_v1_1 | Return summary generated for _freeze
[INFO] | 2023-07-06 06:23:15 AM | analyzer.kickico_token_v1_1 | Range graph generated
[INFO] | 2023-07-06 06:23:15 AM | analyzer.kickico_token_v1_1 | Processed function _freeze
[INFO] | 2023-07-06 06:23:15 AM | analyzer.kickico_token_v1_1 | Generating return summary for _mintfrozen
[INFO] | 2023-07-06 06:23:15 AM | analyzer.kickico_token_v1_1 | Return summary generated for _mintfrozen
[INFO] | 2023-07-06 06:23:15 AM | analyzer.kickico_token_v1_1 | Range graph generated
[INFO] | 2023-07-06 06:23:15 AM | analyzer.kickico_token_v1_1 | Processed function _mintfrozen
[INFO] | 2023-07-06 06:23:15 AM | analyzer.kickico_token_v1_1 | Generating return summary for mint
[INFO] | 2023-07-06 06:23:15 AM | analyzer.kickico_token_v1_1 | Return summary generated for mint
[INFO] | 2023-07-06 06:23:15 AM | analyzer.kickico_token_v1_1 | Range graph generated
[INFO] | 2023-07-06 06:23:15 AM | analyzer.kickico_token_v1_1 | Processed function mint
[INFO] | 2023-07-06 06:23:15 AM | analyzer.kickico_token_v1_1 | Generating return summary for dropBatchToken
[INFO] | 2023-07-06 06:23:15 AM | analyzer.kickico_token_v1_1 | Return summary generated for dropBatchToken
[INFO] | 2023-07-06 06:23:15 AM | analyzer.kickico_token_v1_1 | Range graph generated
[INFO] | 2023-07-06 06:23:15 AM | analyzer.kickico_token_v1_1 | Processed function dropBatchToken
[INFO] | 2023-07-06 06:23:15 AM | analyzer.kickico_token_v1_1 | Generating return summary for _melt
[INFO] | 2023-07-06 06:23:15 AM | analyzer.kickico_token_v1_1 | Return summary generated for _melt
[INFO] | 2023-07-06 06:23:15 AM | analyzer.kickico_token_v1_1 | Range graph generated
[INFO] | 2023-07-06 06:23:15 AM | analyzer.kickico_token_v1_1 | Processed function _melt
[INFO] | 2023-07-06 06:23:15 AM | analyzer.kickico_token_v1_1 | Generating return summary for _burnFrozen
[INFO] | 2023-07-06 06:23:15 AM | analyzer.kickico_token_v1_1 | Return summary generated for _burnFrozen
[INFO] | 2023-07-06 06:23:15 AM | analyzer.kickico_token_v1_1 | Range graph generated
[INFO] | 2023-07-06 06:23:15 AM | analyzer.kickico_token_v1_1 | Processed function _burnFrozen
[INFO] | 2023-07-06 06:23:15 AM | analyzer.kickico_token_v1_1 | Generating return summary for transferFrozenToken
[INFO] | 2023-07-06 06:23:15 AM | analyzer.kickico_token_v1_1 | Return summary generated for transferFrozenToken
[INFO] | 2023-07-06 06:23:15 AM | analyzer.kickico_token_v1_1 | Range graph generated
[INFO] | 2023-07-06 06:23:15 AM | analyzer.kickico_token_v1_1 | Processed function transferFrozenToken
[INFO] | 2023-07-06 06:23:15 AM | analyzer.kickico_token_v1_1 | Generating return summary for transfer
[INFO] | 2023-07-06 06:23:15 AM | analyzer.kickico_token_v1_1 | Return summary generated for transfer
[INFO] | 2023-07-06 06:23:15 AM | analyzer.kickico_token_v1_1 | Range graph generated
[INFO] | 2023-07-06 06:23:15 AM | analyzer.kickico_token_v1_1 | Processed function transfer
[INFO] | 2023-07-06 06:23:15 AM | analyzer.kickico_token_v1_1 | Generating return summary for transferFrom
[INFO] | 2023-07-06 06:23:15 AM | analyzer.kickico_token_v1_1 | Return summary generated for transferFrom
[INFO] | 2023-07-06 06:23:15 AM | analyzer.kickico_token_v1_1 | Range graph generated
[INFO] | 2023-07-06 06:23:15 AM | analyzer.kickico_token_v1_1 | Processed function transferFrom
[INFO] | 2023-07-06 06:23:15 AM | analyzer.kickico_token_v1_1 | Generating return summary for _burnFrom
[INFO] | 2023-07-06 06:23:15 AM | analyzer.kickico_token_v1_1 | Return summary generated for _burnFrom
[INFO] | 2023-07-06 06:23:15 AM | analyzer.kickico_token_v1_1 | Range graph generated
[INFO] | 2023-07-06 06:23:15 AM | analyzer.kickico_token_v1_1 | Processed function _burnFrom
[INFO] | 2023-07-06 06:23:15 AM | analyzer.kickico_token_v1_1 | Generating return summary for burn
[INFO] | 2023-07-06 06:23:15 AM | analyzer.kickico_token_v1_1 | Return summary generated for burn
[INFO] | 2023-07-06 06:23:15 AM | analyzer.kickico_token_v1_1 | Range graph generated
[INFO] | 2023-07-06 06:23:15 AM | analyzer.kickico_token_v1_1 | Processed function burn
[INFO] | 2023-07-06 06:23:15 AM | analyzer.kickico_token_v1_1 | Generating return summary for destroy
[INFO] | 2023-07-06 06:23:15 AM | analyzer.kickico_token_v1_1 | Return summary generated for destroy
[INFO] | 2023-07-06 06:23:15 AM | analyzer.kickico_token_v1_1 | Range graph generated
[INFO] | 2023-07-06 06:23:15 AM | analyzer.kickico_token_v1_1 | Processed function destroy
[INFO] | 2023-07-06 06:23:15 AM | analyzer.kickico_token_v1_1 | Generating return summary for _melt
[INFO] | 2023-07-06 06:23:15 AM | analyzer.kickico_token_v1_1 | Return summary generated for _melt
[INFO] | 2023-07-06 06:23:15 AM | analyzer.kickico_token_v1_1 | Range graph generated
[INFO] | 2023-07-06 06:23:15 AM | analyzer.kickico_token_v1_1 | Processed function _melt
[INFO] | 2023-07-06 06:23:15 AM | analyzer.kickico_token_v1_1 | Generating return summary for _burnFrozen
[INFO] | 2023-07-06 06:23:15 AM | analyzer.kickico_token_v1_1 | Return summary generated for _burnFrozen
[INFO] | 2023-07-06 06:23:15 AM | analyzer.kickico_token_v1_1 | Range graph generated
[INFO] | 2023-07-06 06:23:15 AM | analyzer.kickico_token_v1_1 | Processed function _burnFrozen
[INFO] | 2023-07-06 06:23:15 AM | analyzer.kickico_token_v1_1 | Generating return summary for transferFrozenToken
[INFO] | 2023-07-06 06:23:15 AM | analyzer.kickico_token_v1_1 | Return summary generated for transferFrozenToken
[INFO] | 2023-07-06 06:23:15 AM | analyzer.kickico_token_v1_1 | Range graph generated
[INFO] | 2023-07-06 06:23:15 AM | analyzer.kickico_token_v1_1 | Processed function transferFrozenToken
[INFO] | 2023-07-06 06:23:15 AM | analyzer.kickico_token_v1_1 | Generating return summary for transfer
[INFO] | 2023-07-06 06:23:15 AM | analyzer.kickico_token_v1_1 | Return summary generated for transfer
[INFO] | 2023-07-06 06:23:15 AM | analyzer.kickico_token_v1_1 | Range graph generated
[INFO] | 2023-07-06 06:23:15 AM | analyzer.kickico_token_v1_1 | Processed function transfer
[INFO] | 2023-07-06 06:23:15 AM | analyzer.kickico_token_v1_1 | Generating return summary for transferFrom
[INFO] | 2023-07-06 06:23:15 AM | analyzer.kickico_token_v1_1 | Return summary generated for transferFrom
[INFO] | 2023-07-06 06:23:15 AM | analyzer.kickico_token_v1_1 | Range graph generated
[INFO] | 2023-07-06 06:23:15 AM | analyzer.kickico_token_v1_1 | Processed function transferFrom
[INFO] | 2023-07-06 06:23:15 AM | analyzer.kickico_token_v1_1 | Generating return summary for _burnFrom
[INFO] | 2023-07-06 06:23:15 AM | analyzer.kickico_token_v1_1 | Return summary generated for _burnFrom
[INFO] | 2023-07-06 06:23:15 AM | analyzer.kickico_token_v1_1 | Range graph generated
[INFO] | 2023-07-06 06:23:15 AM | analyzer.kickico_token_v1_1 | Processed function _burnFrom
[INFO] | 2023-07-06 06:23:15 AM | analyzer.kickico_token_v1_1 | Generating return summary for burn
[INFO] | 2023-07-06 06:23:15 AM | analyzer.kickico_token_v1_1 | Return summary generated for burn
[INFO] | 2023-07-06 06:23:15 AM | analyzer.kickico_token_v1_1 | Range graph generated
[INFO] | 2023-07-06 06:23:15 AM | analyzer.kickico_token_v1_1 | Processed function burn
[INFO] | 2023-07-06 06:23:15 AM | analyzer.kickico_token_v1_1 | Generating return summary for destroy
[INFO] | 2023-07-06 06:23:15 AM | analyzer.kickico_token_v1_1 | Return summary generated for destroy
[INFO] | 2023-07-06 06:23:15 AM | analyzer.kickico_token_v1_1 | Range graph generated
[INFO] | 2023-07-06 06:23:15 AM | analyzer.kickico_token_v1_1 | Processed function destroy
[INFO] | 2023-07-06 06:23:15 AM | analyzer.kickico_token_v1_1 | Generating return summary for freezeTokens
[INFO] | 2023-07-06 06:23:15 AM | analyzer.kickico_token_v1_1 | Return summary generated for freezeTokens
[INFO] | 2023-07-06 06:23:15 AM | analyzer.kickico_token_v1_1 | Range graph generated
[INFO] | 2023-07-06 06:23:15 AM | analyzer.kickico_token_v1_1 | Processed function freezeTokens
[INFO] | 2023-07-06 06:23:15 AM | analyzer.kickico_token_v1_1 | Generating return summary for mintFrozenTokens
[INFO] | 2023-07-06 06:23:15 AM | analyzer.kickico_token_v1_1 | Return summary generated for mintFrozenTokens
[INFO] | 2023-07-06 06:23:15 AM | analyzer.kickico_token_v1_1 | Range graph generated
[INFO] | 2023-07-06 06:23:15 AM | analyzer.kickico_token_v1_1 | Processed function mintFrozenTokens
[INFO] | 2023-07-06 06:23:15 AM | analyzer.kickico_token_v1_1 | Generating return summary for dropBatchFrozenToken
[INFO] | 2023-07-06 06:23:15 AM | analyzer.kickico_token_v1_1 | Return summary generated for dropBatchFrozenToken
[INFO] | 2023-07-06 06:23:15 AM | analyzer.kickico_token_v1_1 | Range graph generated
[INFO] | 2023-07-06 06:23:15 AM | analyzer.kickico_token_v1_1 | Processed function dropBatchFrozenToken
[INFO] | 2023-07-06 06:23:15 AM | analyzer.kickico_token_v1_1 | Generating return summary for freezeTokens
[INFO] | 2023-07-06 06:23:15 AM | analyzer.kickico_token_v1_1 | Return summary generated for freezeTokens
[INFO] | 2023-07-06 06:23:15 AM | analyzer.kickico_token_v1_1 | Range graph generated
[INFO] | 2023-07-06 06:23:15 AM | analyzer.kickico_token_v1_1 | Processed function freezeTokens
[INFO] | 2023-07-06 06:23:15 AM | analyzer.kickico_token_v1_1 | Generating return summary for mintFrozenTokens
[INFO] | 2023-07-06 06:23:15 AM | analyzer.kickico_token_v1_1 | Return summary generated for mintFrozenTokens
[INFO] | 2023-07-06 06:23:15 AM | analyzer.kickico_token_v1_1 | Range graph generated
[INFO] | 2023-07-06 06:23:15 AM | analyzer.kickico_token_v1_1 | Processed function mintFrozenTokens
[INFO] | 2023-07-06 06:23:15 AM | analyzer.kickico_token_v1_1 | Generating return summary for dropBatchFrozenToken
[INFO] | 2023-07-06 06:23:15 AM | analyzer.kickico_token_v1_1 | Return summary generated for dropBatchFrozenToken
[INFO] | 2023-07-06 06:23:15 AM | analyzer.kickico_token_v1_1 | Range graph generated
[INFO] | 2023-07-06 06:23:15 AM | analyzer.kickico_token_v1_1 | Processed function dropBatchFrozenToken
[INFO] | 2023-07-06 06:23:15 AM | analyzer.kickico_token_v1_1 | Generating return summary for constructor
[INFO] | 2023-07-06 06:23:15 AM | analyzer.kickico_token_v1_1 | Return summary generated for constructor
[INFO] | 2023-07-06 06:23:15 AM | analyzer.kickico_token_v1_1 | Range graph generated
[INFO] | 2023-07-06 06:23:15 AM | analyzer.kickico_token_v1_1 | Processed function constructor
[INFO] | 2023-07-06 06:23:15 AM | analyzer.kickico_token_v1_1 | Generating return summary for meltTokens
[INFO] | 2023-07-06 06:23:15 AM | analyzer.kickico_token_v1_1 | Return summary generated for meltTokens
[INFO] | 2023-07-06 06:23:15 AM | analyzer.kickico_token_v1_1 | Range graph generated
[INFO] | 2023-07-06 06:23:15 AM | analyzer.kickico_token_v1_1 | Processed function meltTokens
[INFO] | 2023-07-06 06:23:15 AM | analyzer.kickico_token_v1_1 | Generating return summary for destroyFrozen
[INFO] | 2023-07-06 06:23:15 AM | analyzer.kickico_token_v1_1 | Return summary generated for destroyFrozen
[INFO] | 2023-07-06 06:23:15 AM | analyzer.kickico_token_v1_1 | Range graph generated
[INFO] | 2023-07-06 06:23:15 AM | analyzer.kickico_token_v1_1 | Processed function destroyFrozen
[INFO] | 2023-07-06 06:23:15 AM | analyzer.kickico_token_v1_1 | Generating return summary for burnFrom
[INFO] | 2023-07-06 06:23:15 AM | analyzer.kickico_token_v1_1 | Return summary generated for burnFrom
[INFO] | 2023-07-06 06:23:15 AM | analyzer.kickico_token_v1_1 | Range graph generated
[INFO] | 2023-07-06 06:23:15 AM | analyzer.kickico_token_v1_1 | Processed function burnFrom
[INFO] | 2023-07-06 06:23:15 AM | analyzer.kickico_token_v1_1 | Generating return summary for meltTokens
[INFO] | 2023-07-06 06:23:15 AM | analyzer.kickico_token_v1_1 | Return summary generated for meltTokens
[INFO] | 2023-07-06 06:23:15 AM | analyzer.kickico_token_v1_1 | Range graph generated
[INFO] | 2023-07-06 06:23:15 AM | analyzer.kickico_token_v1_1 | Processed function meltTokens
[INFO] | 2023-07-06 06:23:15 AM | analyzer.kickico_token_v1_1 | Generating return summary for destroyFrozen
[INFO] | 2023-07-06 06:23:15 AM | analyzer.kickico_token_v1_1 | Return summary generated for destroyFrozen
[INFO] | 2023-07-06 06:23:15 AM | analyzer.kickico_token_v1_1 | Range graph generated
[INFO] | 2023-07-06 06:23:15 AM | analyzer.kickico_token_v1_1 | Processed function destroyFrozen
[INFO] | 2023-07-06 06:23:15 AM | analyzer.kickico_token_v1_1 | Generating return summary for burnFrom
[INFO] | 2023-07-06 06:23:15 AM | analyzer.kickico_token_v1_1 | Return summary generated for burnFrom
[INFO] | 2023-07-06 06:23:15 AM | analyzer.kickico_token_v1_1 | Range graph generated
[INFO] | 2023-07-06 06:23:15 AM | analyzer.kickico_token_v1_1 | Processed function burnFrom
[INFO] | 2023-07-06 06:23:15 AM | analyzer.kickico_token_v1_1 | Value Range Analysis took 0.035025 seconds
[INFO] | 2023-07-06 06:23:15 AM | analyzer.kickico_token_v1_1 | Value Range Analysis finished
[INFO] | 2023-07-06 06:23:15 AM | analyzer.kickico_token_v1_1 | Storage dependency graph compostion started!
[INFO] | 2023-07-06 06:23:15 AM | analyzer.kickico_token_v1_1 | Storage dependency graph compostion finished!
[INFO] | 2023-07-06 06:23:15 AM | analyzer.kickico_token_v1_1 | Dependency detection started!
[INFO] | 2023-07-06 06:23:15 AM | analyzer.kickico_token_v1_1 | Dependency detection finished!
[INFO] | 2023-07-06 06:23:15 AM | analyzer.kickico_token_v1_1 | Static Analysis took 2.484754 seconds
[INFO] | 2023-07-06 06:23:15 AM | analyzer.kickico_token_v1_1 | Dependency does not exist
[INFO] | 2023-07-06 06:23:15 AM | analyzer.kickico_token_v1_1 | Symbolic execution is not needed!
[INFO] | 2023-07-06 06:23:15 AM | analyzer.kickico_token_v1_1 | Analysis finished!
[INFO] | 2023-07-06 06:23:15 AM | analyzer.kickico_token_v1_1 | Analysis took 2.484911 seconds
[INFO] | 2023-07-06 06:23:15 AM | analyzer.kickico_token_v1_1 | Analysis finished at: 2023-07-06 06:23:15 AM
