2023-07-03 16:35:08,247: [11] m.main:INFO: Registered plugins: IntrospectionAPIPlugin, <class 'manticore.ethereum.plugins.SkipRevertBasicBlocks'>, <class 'manticore.ethereum.plugins.FilterFunctions'>
2023-07-03 16:35:08,247: [11] m.main:INFO: Beginning analysis
2023-07-03 16:35:08,251: [11] m.e.manticore:INFO: Starting symbolic create contract
2023-07-03 16:35:08,298: [11] m.e.manticore:INFO: Failed to build contract /sb/MarginCalculator_3.sol:980:11: Errors : Invalid solc compilation Error: Identifier not found or not unique.
   --> sb/MarginCalculator_3.sol:980:11:
    |
980 |     using FPI for FPI.FixedPointInt;
    |           ^^^


. Solidity failed to generate bytecode for your contract. Check if all the abstract functions are implemented. 
Process Process-1:
Traceback (most recent call last):
  File "/usr/lib/python3.7/multiprocessing/process.py", line 297, in _bootstrap
    self.run()
  File "/usr/lib/python3.7/multiprocessing/process.py", line 99, in run
    self._target(*self._args, **self._kwargs)
  File "/usr/local/lib/python3.7/dist-packages/manticore/ethereum/manticore.py", line 1766, in worker_finalize
    finalizer(q.get_nowait())
  File "/usr/local/lib/python3.7/dist-packages/manticore/ethereum/manticore.py", line 1757, in finalizer
    if only_alive_states and last_tx.result in {"REVERT", "THROW", "TXERROR"}:
AttributeError: 'NoneType' object has no attribute 'result'
2023-07-03 16:35:08,397: [11] m.c.manticore:INFO: Results in /mcore_j6hdwly7
2023-07-03 16:35:08,398: [11] m.c.manticore:WARNING: Manticore failed to run
2023-07-03 16:35:09,134: [36] m.main:INFO: Registered plugins: IntrospectionAPIPlugin, <class 'manticore.ethereum.plugins.SkipRevertBasicBlocks'>, <class 'manticore.ethereum.plugins.FilterFunctions'>
2023-07-03 16:35:09,135: [36] m.main:INFO: Beginning analysis
2023-07-03 16:35:09,139: [36] m.e.manticore:INFO: Starting symbolic create contract
2023-07-03 16:35:09,182: [36] m.e.manticore:INFO: Failed to build contract DeclarationError: Errors : Invalid solc compilation Error: Identifier not found or not unique.
   --> sb/MarginCalculator_3.sol:980:11:
    |
980 |     using FPI for FPI.FixedPointInt;
    |           ^^^


. Solidity failed to generate bytecode for your contract. Check if all the abstract functions are implemented. 
Process Process-1:
Traceback (most recent call last):
  File "/usr/lib/python3.7/multiprocessing/process.py", line 297, in _bootstrap
    self.run()
  File "/usr/lib/python3.7/multiprocessing/process.py", line 99, in run
    self._target(*self._args, **self._kwargs)
  File "/usr/local/lib/python3.7/dist-packages/manticore/ethereum/manticore.py", line 1766, in worker_finalize
    finalizer(q.get_nowait())
  File "/usr/local/lib/python3.7/dist-packages/manticore/ethereum/manticore.py", line 1757, in finalizer
    if only_alive_states and last_tx.result in {"REVERT", "THROW", "TXERROR"}:
AttributeError: 'NoneType' object has no attribute 'result'
2023-07-03 16:35:09,286: [36] m.c.manticore:INFO: Results in /mcore_1308lup2
2023-07-03 16:35:09,286: [36] m.c.manticore:WARNING: Manticore failed to run
2023-07-03 16:35:09,946: [61] m.main:INFO: Registered plugins: IntrospectionAPIPlugin, <class 'manticore.ethereum.plugins.SkipRevertBasicBlocks'>, <class 'manticore.ethereum.plugins.FilterFunctions'>
2023-07-03 16:35:09,947: [61] m.main:INFO: Beginning analysis
2023-07-03 16:35:09,949: [61] m.e.manticore:INFO: Starting symbolic create contract
2023-07-03 16:35:10,002: [61] m.e.manticore:INFO: Failed to build contract Identifier Errors : Invalid solc compilation Error: Identifier not found or not unique.
   --> sb/MarginCalculator_3.sol:980:11:
    |
980 |     using FPI for FPI.FixedPointInt;
    |           ^^^


. Solidity failed to generate bytecode for your contract. Check if all the abstract functions are implemented. 
Process Process-1:
Traceback (most recent call last):
  File "/usr/lib/python3.7/multiprocessing/process.py", line 297, in _bootstrap
    self.run()
  File "/usr/lib/python3.7/multiprocessing/process.py", line 99, in run
    self._target(*self._args, **self._kwargs)
  File "/usr/local/lib/python3.7/dist-packages/manticore/ethereum/manticore.py", line 1766, in worker_finalize
    finalizer(q.get_nowait())
  File "/usr/local/lib/python3.7/dist-packages/manticore/ethereum/manticore.py", line 1757, in finalizer
    if only_alive_states and last_tx.result in {"REVERT", "THROW", "TXERROR"}:
AttributeError: 'NoneType' object has no attribute 'result'
2023-07-03 16:35:10,098: [61] m.c.manticore:INFO: Results in /mcore_21y7jhia
2023-07-03 16:35:10,098: [61] m.c.manticore:WARNING: Manticore failed to run
2023-07-03 16:35:10,762: [86] m.main:INFO: Registered plugins: IntrospectionAPIPlugin, <class 'manticore.ethereum.plugins.SkipRevertBasicBlocks'>, <class 'manticore.ethereum.plugins.FilterFunctions'>
2023-07-03 16:35:10,762: [86] m.main:INFO: Beginning analysis
2023-07-03 16:35:10,765: [86] m.e.manticore:INFO: Starting symbolic create contract
2023-07-03 16:35:10,801: [86] m.e.manticore:INFO: Failed to build contract not Errors : Invalid solc compilation Error: Identifier not found or not unique.
   --> sb/MarginCalculator_3.sol:980:11:
    |
980 |     using FPI for FPI.FixedPointInt;
    |           ^^^


. Solidity failed to generate bytecode for your contract. Check if all the abstract functions are implemented. 
Process Process-1:
Traceback (most recent call last):
  File "/usr/lib/python3.7/multiprocessing/process.py", line 297, in _bootstrap
    self.run()
  File "/usr/lib/python3.7/multiprocessing/process.py", line 99, in run
    self._target(*self._args, **self._kwargs)
  File "/usr/local/lib/python3.7/dist-packages/manticore/ethereum/manticore.py", line 1766, in worker_finalize
    finalizer(q.get_nowait())
  File "/usr/local/lib/python3.7/dist-packages/manticore/ethereum/manticore.py", line 1757, in finalizer
    if only_alive_states and last_tx.result in {"REVERT", "THROW", "TXERROR"}:
AttributeError: 'NoneType' object has no attribute 'result'
2023-07-03 16:35:10,884: [86] m.c.manticore:INFO: Results in /mcore_tof8i3tb
2023-07-03 16:35:10,884: [86] m.c.manticore:WARNING: Manticore failed to run
2023-07-03 16:35:11,508: [111] m.main:INFO: Registered plugins: IntrospectionAPIPlugin, <class 'manticore.ethereum.plugins.SkipRevertBasicBlocks'>, <class 'manticore.ethereum.plugins.FilterFunctions'>
2023-07-03 16:35:11,508: [111] m.main:INFO: Beginning analysis
2023-07-03 16:35:11,511: [111] m.e.manticore:INFO: Starting symbolic create contract
2023-07-03 16:35:11,562: [111] m.e.manticore:INFO: Failed to build contract found Errors : Invalid solc compilation Error: Identifier not found or not unique.
   --> sb/MarginCalculator_3.sol:980:11:
    |
980 |     using FPI for FPI.FixedPointInt;
    |           ^^^


. Solidity failed to generate bytecode for your contract. Check if all the abstract functions are implemented. 
Process Process-1:
Traceback (most recent call last):
  File "/usr/lib/python3.7/multiprocessing/process.py", line 297, in _bootstrap
    self.run()
  File "/usr/lib/python3.7/multiprocessing/process.py", line 99, in run
    self._target(*self._args, **self._kwargs)
  File "/usr/local/lib/python3.7/dist-packages/manticore/ethereum/manticore.py", line 1766, in worker_finalize
    finalizer(q.get_nowait())
  File "/usr/local/lib/python3.7/dist-packages/manticore/ethereum/manticore.py", line 1757, in finalizer
    if only_alive_states and last_tx.result in {"REVERT", "THROW", "TXERROR"}:
AttributeError: 'NoneType' object has no attribute 'result'
2023-07-03 16:35:11,643: [111] m.c.manticore:INFO: Results in /mcore_3nxjo4vu
2023-07-03 16:35:11,643: [111] m.c.manticore:WARNING: Manticore failed to run
2023-07-03 16:35:12,302: [136] m.main:INFO: Registered plugins: IntrospectionAPIPlugin, <class 'manticore.ethereum.plugins.SkipRevertBasicBlocks'>, <class 'manticore.ethereum.plugins.FilterFunctions'>
2023-07-03 16:35:12,302: [136] m.main:INFO: Beginning analysis
2023-07-03 16:35:12,306: [136] m.e.manticore:INFO: Starting symbolic create contract
2023-07-03 16:35:12,361: [136] m.e.manticore:INFO: Failed to build contract or Errors : Invalid solc compilation Error: Identifier not found or not unique.
   --> sb/MarginCalculator_3.sol:980:11:
    |
980 |     using FPI for FPI.FixedPointInt;
    |           ^^^


. Solidity failed to generate bytecode for your contract. Check if all the abstract functions are implemented. 
Process Process-1:
Traceback (most recent call last):
  File "/usr/lib/python3.7/multiprocessing/process.py", line 297, in _bootstrap
    self.run()
  File "/usr/lib/python3.7/multiprocessing/process.py", line 99, in run
    self._target(*self._args, **self._kwargs)
  File "/usr/local/lib/python3.7/dist-packages/manticore/ethereum/manticore.py", line 1766, in worker_finalize
    finalizer(q.get_nowait())
  File "/usr/local/lib/python3.7/dist-packages/manticore/ethereum/manticore.py", line 1757, in finalizer
    if only_alive_states and last_tx.result in {"REVERT", "THROW", "TXERROR"}:
AttributeError: 'NoneType' object has no attribute 'result'
2023-07-03 16:35:12,460: [136] m.c.manticore:INFO: Results in /mcore_az_wpuv8
2023-07-03 16:35:12,461: [136] m.c.manticore:WARNING: Manticore failed to run
2023-07-03 16:35:13,116: [161] m.main:INFO: Registered plugins: IntrospectionAPIPlugin, <class 'manticore.ethereum.plugins.SkipRevertBasicBlocks'>, <class 'manticore.ethereum.plugins.FilterFunctions'>
2023-07-03 16:35:13,116: [161] m.main:INFO: Beginning analysis
2023-07-03 16:35:13,119: [161] m.e.manticore:INFO: Starting symbolic create contract
2023-07-03 16:35:13,208: [161] m.e.manticore:INFO: Failed to build contract not Errors : Invalid solc compilation Error: Identifier not found or not unique.
   --> sb/MarginCalculator_3.sol:980:11:
    |
980 |     using FPI for FPI.FixedPointInt;
    |           ^^^


. Solidity failed to generate bytecode for your contract. Check if all the abstract functions are implemented. 
Process Process-1:
Traceback (most recent call last):
  File "/usr/lib/python3.7/multiprocessing/process.py", line 297, in _bootstrap
    self.run()
  File "/usr/lib/python3.7/multiprocessing/process.py", line 99, in run
    self._target(*self._args, **self._kwargs)
  File "/usr/local/lib/python3.7/dist-packages/manticore/ethereum/manticore.py", line 1766, in worker_finalize
    finalizer(q.get_nowait())
  File "/usr/local/lib/python3.7/dist-packages/manticore/ethereum/manticore.py", line 1757, in finalizer
    if only_alive_states and last_tx.result in {"REVERT", "THROW", "TXERROR"}:
AttributeError: 'NoneType' object has no attribute 'result'
2023-07-03 16:35:13,294: [161] m.c.manticore:INFO: Results in /mcore_yu80ehl0
2023-07-03 16:35:13,295: [161] m.c.manticore:WARNING: Manticore failed to run
2023-07-03 16:35:13,987: [186] m.main:INFO: Registered plugins: IntrospectionAPIPlugin, <class 'manticore.ethereum.plugins.SkipRevertBasicBlocks'>, <class 'manticore.ethereum.plugins.FilterFunctions'>
2023-07-03 16:35:13,987: [186] m.main:INFO: Beginning analysis
2023-07-03 16:35:13,990: [186] m.e.manticore:INFO: Starting symbolic create contract
2023-07-03 16:35:14,036: [186] m.e.manticore:INFO: Failed to build contract unique. Errors : Invalid solc compilation Error: Identifier not found or not unique.
   --> sb/MarginCalculator_3.sol:980:11:
    |
980 |     using FPI for FPI.FixedPointInt;
    |           ^^^


. Solidity failed to generate bytecode for your contract. Check if all the abstract functions are implemented. 
Process Process-1:
Traceback (most recent call last):
  File "/usr/lib/python3.7/multiprocessing/process.py", line 297, in _bootstrap
    self.run()
  File "/usr/lib/python3.7/multiprocessing/process.py", line 99, in run
    self._target(*self._args, **self._kwargs)
  File "/usr/local/lib/python3.7/dist-packages/manticore/ethereum/manticore.py", line 1766, in worker_finalize
    finalizer(q.get_nowait())
  File "/usr/local/lib/python3.7/dist-packages/manticore/ethereum/manticore.py", line 1757, in finalizer
    if only_alive_states and last_tx.result in {"REVERT", "THROW", "TXERROR"}:
AttributeError: 'NoneType' object has no attribute 'result'
2023-07-03 16:35:14,104: [186] m.c.manticore:INFO: Results in /mcore_f4jpq691
2023-07-03 16:35:14,104: [186] m.c.manticore:WARNING: Manticore failed to run
2023-07-03 16:35:14,810: [211] m.main:INFO: Registered plugins: IntrospectionAPIPlugin, <class 'manticore.ethereum.plugins.SkipRevertBasicBlocks'>, <class 'manticore.ethereum.plugins.FilterFunctions'>
2023-07-03 16:35:14,810: [211] m.main:INFO: Beginning analysis
2023-07-03 16:35:14,813: [211] m.e.manticore:INFO: Starting symbolic create contract
2023-07-03 16:35:14,864: [211] m.e.manticore:INFO: Failed to build contract using Errors : Invalid solc compilation Error: Identifier not found or not unique.
   --> sb/MarginCalculator_3.sol:980:11:
    |
980 |     using FPI for FPI.FixedPointInt;
    |           ^^^


. Solidity failed to generate bytecode for your contract. Check if all the abstract functions are implemented. 
Process Process-1:
Traceback (most recent call last):
  File "/usr/lib/python3.7/multiprocessing/process.py", line 297, in _bootstrap
    self.run()
  File "/usr/lib/python3.7/multiprocessing/process.py", line 99, in run
    self._target(*self._args, **self._kwargs)
  File "/usr/local/lib/python3.7/dist-packages/manticore/ethereum/manticore.py", line 1766, in worker_finalize
    finalizer(q.get_nowait())
  File "/usr/local/lib/python3.7/dist-packages/manticore/ethereum/manticore.py", line 1757, in finalizer
    if only_alive_states and last_tx.result in {"REVERT", "THROW", "TXERROR"}:
AttributeError: 'NoneType' object has no attribute 'result'
2023-07-03 16:35:14,943: [211] m.c.manticore:INFO: Results in /mcore_rw3clxpa
2023-07-03 16:35:14,944: [211] m.c.manticore:WARNING: Manticore failed to run
2023-07-03 16:35:15,538: [236] m.main:INFO: Registered plugins: IntrospectionAPIPlugin, <class 'manticore.ethereum.plugins.SkipRevertBasicBlocks'>, <class 'manticore.ethereum.plugins.FilterFunctions'>
2023-07-03 16:35:15,538: [236] m.main:INFO: Beginning analysis
2023-07-03 16:35:15,540: [236] m.e.manticore:INFO: Starting symbolic create contract
2023-07-03 16:35:15,588: [236] m.e.manticore:INFO: Failed to build contract FPI Errors : Invalid solc compilation Error: Identifier not found or not unique.
   --> sb/MarginCalculator_3.sol:980:11:
    |
980 |     using FPI for FPI.FixedPointInt;
    |           ^^^


. Solidity failed to generate bytecode for your contract. Check if all the abstract functions are implemented. 
Process Process-1:
Traceback (most recent call last):
  File "/usr/lib/python3.7/multiprocessing/process.py", line 297, in _bootstrap
    self.run()
  File "/usr/lib/python3.7/multiprocessing/process.py", line 99, in run
    self._target(*self._args, **self._kwargs)
  File "/usr/local/lib/python3.7/dist-packages/manticore/ethereum/manticore.py", line 1766, in worker_finalize
    finalizer(q.get_nowait())
  File "/usr/local/lib/python3.7/dist-packages/manticore/ethereum/manticore.py", line 1757, in finalizer
    if only_alive_states and last_tx.result in {"REVERT", "THROW", "TXERROR"}:
AttributeError: 'NoneType' object has no attribute 'result'
2023-07-03 16:35:15,677: [236] m.c.manticore:INFO: Results in /mcore_j7uu1h0t
2023-07-03 16:35:15,677: [236] m.c.manticore:WARNING: Manticore failed to run
2023-07-03 16:35:16,397: [261] m.main:INFO: Registered plugins: IntrospectionAPIPlugin, <class 'manticore.ethereum.plugins.SkipRevertBasicBlocks'>, <class 'manticore.ethereum.plugins.FilterFunctions'>
2023-07-03 16:35:16,397: [261] m.main:INFO: Beginning analysis
2023-07-03 16:35:16,400: [261] m.e.manticore:INFO: Starting symbolic create contract
2023-07-03 16:35:16,452: [261] m.e.manticore:INFO: Failed to build contract for Errors : Invalid solc compilation Error: Identifier not found or not unique.
   --> sb/MarginCalculator_3.sol:980:11:
    |
980 |     using FPI for FPI.FixedPointInt;
    |           ^^^


. Solidity failed to generate bytecode for your contract. Check if all the abstract functions are implemented. 
Process Process-1:
Traceback (most recent call last):
  File "/usr/lib/python3.7/multiprocessing/process.py", line 297, in _bootstrap
    self.run()
  File "/usr/lib/python3.7/multiprocessing/process.py", line 99, in run
    self._target(*self._args, **self._kwargs)
  File "/usr/local/lib/python3.7/dist-packages/manticore/ethereum/manticore.py", line 1766, in worker_finalize
    finalizer(q.get_nowait())
  File "/usr/local/lib/python3.7/dist-packages/manticore/ethereum/manticore.py", line 1757, in finalizer
    if only_alive_states and last_tx.result in {"REVERT", "THROW", "TXERROR"}:
AttributeError: 'NoneType' object has no attribute 'result'
2023-07-03 16:35:16,523: [261] m.c.manticore:INFO: Results in /mcore_c0ik45fd
2023-07-03 16:35:16,523: [261] m.c.manticore:WARNING: Manticore failed to run
2023-07-03 16:35:17,178: [286] m.main:INFO: Registered plugins: IntrospectionAPIPlugin, <class 'manticore.ethereum.plugins.SkipRevertBasicBlocks'>, <class 'manticore.ethereum.plugins.FilterFunctions'>
2023-07-03 16:35:17,179: [286] m.main:INFO: Beginning analysis
2023-07-03 16:35:17,182: [286] m.e.manticore:INFO: Starting symbolic create contract
2023-07-03 16:35:17,228: [286] m.e.manticore:INFO: Failed to build contract FPI.FixedPointInt; Errors : Invalid solc compilation Error: Identifier not found or not unique.
   --> sb/MarginCalculator_3.sol:980:11:
    |
980 |     using FPI for FPI.FixedPointInt;
    |           ^^^


. Solidity failed to generate bytecode for your contract. Check if all the abstract functions are implemented. 
Process Process-1:
Traceback (most recent call last):
  File "/usr/lib/python3.7/multiprocessing/process.py", line 297, in _bootstrap
    self.run()
  File "/usr/lib/python3.7/multiprocessing/process.py", line 99, in run
    self._target(*self._args, **self._kwargs)
  File "/usr/local/lib/python3.7/dist-packages/manticore/ethereum/manticore.py", line 1766, in worker_finalize
    finalizer(q.get_nowait())
  File "/usr/local/lib/python3.7/dist-packages/manticore/ethereum/manticore.py", line 1757, in finalizer
    if only_alive_states and last_tx.result in {"REVERT", "THROW", "TXERROR"}:
AttributeError: 'NoneType' object has no attribute 'result'
2023-07-03 16:35:17,312: [286] m.c.manticore:INFO: Results in /mcore_xvz9f5lu
2023-07-03 16:35:17,312: [286] m.c.manticore:WARNING: Manticore failed to run
2023-07-03 16:35:18,001: [311] m.main:INFO: Registered plugins: IntrospectionAPIPlugin, <class 'manticore.ethereum.plugins.SkipRevertBasicBlocks'>, <class 'manticore.ethereum.plugins.FilterFunctions'>
2023-07-03 16:35:18,002: [311] m.main:INFO: Beginning analysis
2023-07-03 16:35:18,005: [311] m.e.manticore:INFO: Starting symbolic create contract
2023-07-03 16:35:18,051: [311] m.e.manticore:INFO: Failed to build contract ^-^ Errors : Invalid solc compilation Error: Identifier not found or not unique.
   --> sb/MarginCalculator_3.sol:980:11:
    |
980 |     using FPI for FPI.FixedPointInt;
    |           ^^^


. Solidity failed to generate bytecode for your contract. Check if all the abstract functions are implemented. 
Process Process-1:
Traceback (most recent call last):
  File "/usr/lib/python3.7/multiprocessing/process.py", line 297, in _bootstrap
    self.run()
  File "/usr/lib/python3.7/multiprocessing/process.py", line 99, in run
    self._target(*self._args, **self._kwargs)
  File "/usr/local/lib/python3.7/dist-packages/manticore/ethereum/manticore.py", line 1766, in worker_finalize
    finalizer(q.get_nowait())
  File "/usr/local/lib/python3.7/dist-packages/manticore/ethereum/manticore.py", line 1757, in finalizer
    if only_alive_states and last_tx.result in {"REVERT", "THROW", "TXERROR"}:
AttributeError: 'NoneType' object has no attribute 'result'
2023-07-03 16:35:18,137: [311] m.c.manticore:INFO: Results in /mcore_gi7_op1o
2023-07-03 16:35:18,137: [311] m.c.manticore:WARNING: Manticore failed to run
