2023-07-03 16:38:20,636: [11] m.main:INFO: Registered plugins: IntrospectionAPIPlugin, <class 'manticore.ethereum.plugins.SkipRevertBasicBlocks'>, <class 'manticore.ethereum.plugins.FilterFunctions'>
2023-07-03 16:38:20,636: [11] m.main:INFO: Beginning analysis
2023-07-03 16:38:20,639: [11] m.e.manticore:INFO: Starting symbolic create contract
2023-07-03 16:38:22,090: [11] m.e.manticore:INFO: Starting symbolic transaction: 0
2023-07-03 16:38:22,282: [11] m.e.manticore:INFO: 0 alive states, 1 terminated states
2023-07-03 16:38:22,347: [11] m.e.manticore:INFO: Starting symbolic transaction: 1
2023-07-03 16:38:22,590: [11] m.c.manticore:INFO: Results in /mcore_mp4d492c
2023-07-03 16:38:22,590: [11] m.c.manticore:INFO: Total time: 0.4967052936553955
2023-07-03 16:38:23,298: [70] m.main:INFO: Registered plugins: IntrospectionAPIPlugin, <class 'manticore.ethereum.plugins.SkipRevertBasicBlocks'>, <class 'manticore.ethereum.plugins.FilterFunctions'>
2023-07-03 16:38:23,298: [70] m.main:INFO: Beginning analysis
2023-07-03 16:38:23,302: [70] m.e.manticore:INFO: Starting symbolic create contract
2023-07-03 16:38:24,890: [70] m.e.manticore:INFO: Starting symbolic transaction: 0
2023-07-03 16:38:25,030: [70] m.e.manticore:INFO: 0 alive states, 1 terminated states
2023-07-03 16:38:25,093: [70] m.e.manticore:INFO: Starting symbolic transaction: 1
2023-07-03 16:38:25,364: [70] m.c.manticore:INFO: Results in /mcore_irc4pkv4
2023-07-03 16:38:25,364: [70] m.c.manticore:INFO: Total time: 0.4708421230316162
2023-07-03 16:38:26,082: [129] m.main:INFO: Registered plugins: IntrospectionAPIPlugin, <class 'manticore.ethereum.plugins.SkipRevertBasicBlocks'>, <class 'manticore.ethereum.plugins.FilterFunctions'>
2023-07-03 16:38:26,082: [129] m.main:INFO: Beginning analysis
2023-07-03 16:38:26,085: [129] m.e.manticore:INFO: Starting symbolic create contract
2023-07-03 16:38:28,150: [129] m.e.manticore:INFO: Starting symbolic transaction: 0
2023-07-03 16:38:34,585: [129] m.e.manticore:INFO: 0 alive states, 3 terminated states
2023-07-03 16:38:35,087: [129] m.c.manticore:INFO: Results in /mcore_mjxc9d17
2023-07-03 16:38:35,087: [129] m.c.manticore:INFO: Total time: 6.917373418807983
2023-07-03 16:38:35,985: [197] m.main:INFO: Registered plugins: IntrospectionAPIPlugin, <class 'manticore.ethereum.plugins.SkipRevertBasicBlocks'>, <class 'manticore.ethereum.plugins.FilterFunctions'>
2023-07-03 16:38:35,986: [197] m.main:INFO: Beginning analysis
2023-07-03 16:38:35,988: [197] m.e.manticore:INFO: Starting symbolic create contract
