2023-07-03 16:00:21,173: [11] m.main:INFO: Registered plugins: IntrospectionAPIPlugin, <class 'manticore.ethereum.plugins.SkipRevertBasicBlocks'>, <class 'manticore.ethereum.plugins.FilterFunctions'>
2023-07-03 16:00:21,173: [11] m.main:INFO: Beginning analysis
2023-07-03 16:00:21,176: [11] m.e.manticore:INFO: Starting symbolic create contract
2023-07-03 16:00:22,191: [11] m.e.manticore:INFO: Starting symbolic transaction: 0
2023-07-03 16:00:22,306: [11] m.e.manticore:INFO: 0 alive states, 2 terminated states
2023-07-03 16:00:22,459: [11] m.c.manticore:INFO: Results in /mcore_jcg9e84n
2023-07-03 16:00:22,459: [11] m.c.manticore:INFO: Total time: 0.26509857177734375
2023-07-03 16:00:23,129: [76] m.main:INFO: Registered plugins: IntrospectionAPIPlugin, <class 'manticore.ethereum.plugins.SkipRevertBasicBlocks'>, <class 'manticore.ethereum.plugins.FilterFunctions'>
2023-07-03 16:00:23,129: [76] m.main:INFO: Beginning analysis
2023-07-03 16:00:23,132: [76] m.e.manticore:INFO: Starting symbolic create contract
2023-07-03 16:00:23,997: [76] m.e.manticore:INFO: Starting symbolic transaction: 0
2023-07-03 16:00:24,124: [76] m.e.manticore:INFO: 0 alive states, 2 terminated states
2023-07-03 16:00:24,285: [76] m.c.manticore:INFO: Results in /mcore_rb5kh9j7
2023-07-03 16:00:24,286: [76] m.c.manticore:INFO: Total time: 0.28483033180236816
2023-07-03 16:00:25,038: [141] m.main:INFO: Registered plugins: IntrospectionAPIPlugin, <class 'manticore.ethereum.plugins.SkipRevertBasicBlocks'>, <class 'manticore.ethereum.plugins.FilterFunctions'>
2023-07-03 16:00:25,038: [141] m.main:INFO: Beginning analysis
2023-07-03 16:00:25,041: [141] m.e.manticore:INFO: Starting symbolic create contract
2023-07-03 16:00:25,854: [141] m.e.manticore:INFO: Starting symbolic transaction: 0
2023-07-03 16:00:25,955: [141] m.e.manticore:INFO: 0 alive states, 2 terminated states
2023-07-03 16:00:26,103: [141] m.c.manticore:INFO: Results in /mcore_2wwziy3h
2023-07-03 16:00:26,104: [141] m.c.manticore:INFO: Total time: 0.24646592140197754
2023-07-03 16:00:26,852: [206] m.main:INFO: Registered plugins: IntrospectionAPIPlugin, <class 'manticore.ethereum.plugins.SkipRevertBasicBlocks'>, <class 'manticore.ethereum.plugins.FilterFunctions'>
2023-07-03 16:00:26,853: [206] m.main:INFO: Beginning analysis
2023-07-03 16:00:26,856: [206] m.e.manticore:INFO: Starting symbolic create contract
2023-07-03 16:00:27,788: [206] m.e.manticore:INFO: Starting symbolic transaction: 0
2023-07-03 16:00:27,901: [206] m.e.manticore:INFO: 0 alive states, 2 terminated states
2023-07-03 16:00:28,057: [206] m.c.manticore:INFO: Results in /mcore_4dzbw0vk
2023-07-03 16:00:28,057: [206] m.c.manticore:INFO: Total time: 0.2658109664916992
2023-07-03 16:00:28,769: [271] m.main:INFO: Registered plugins: IntrospectionAPIPlugin, <class 'manticore.ethereum.plugins.SkipRevertBasicBlocks'>, <class 'manticore.ethereum.plugins.FilterFunctions'>
2023-07-03 16:00:28,769: [271] m.main:INFO: Beginning analysis
2023-07-03 16:00:28,772: [271] m.e.manticore:INFO: Starting symbolic create contract
2023-07-03 16:00:29,754: [271] m.e.manticore:INFO: Starting symbolic transaction: 0
2023-07-03 16:00:30,361: [271] m.c.worker:ERROR: Exception in state 0: ManticoreError('Forking on unfeasible constraint set')
Traceback (most recent call last):
  File "/usr/local/lib/python3.7/dist-packages/manticore/core/worker.py", line 137, in run
    current_state.execute()
  File "/usr/local/lib/python3.7/dist-packages/manticore/ethereum/state.py", line 8, in execute
    return self._platform.execute()
  File "/usr/local/lib/python3.7/dist-packages/manticore/platforms/evm.py", line 3106, in execute
    self.current_vm.execute()
  File "/usr/local/lib/python3.7/dist-packages/manticore/platforms/evm.py", line 1322, in execute
    raise Concretize("Symbolic PC", expression=expression, setstate=setstate, policy="ALL")
manticore.core.state.Concretize

During handling of the above exception, another exception occurred:

Traceback (most recent call last):
  File "/usr/local/lib/python3.7/dist-packages/manticore/core/worker.py", line 158, in run
    m._fork(current_state, exc.expression, exc.policy, exc.setstate, exc.values)
  File "/usr/local/lib/python3.7/dist-packages/manticore/core/manticore.py", line 518, in _fork
    raise ManticoreError("Forking on unfeasible constraint set")
manticore.exceptions.ManticoreError: Forking on unfeasible constraint set
 
2023-07-03 16:00:30,370: [271] m.e.manticore:INFO: 0 alive states, 1 terminated states
2023-07-03 16:00:30,514: [271] m.c.manticore:INFO: Results in /mcore_ay0ogq8c
2023-07-03 16:00:30,514: [271] m.c.manticore:INFO: Total time: 0.7542870044708252
2023-07-03 16:00:31,230: [333] m.main:INFO: Registered plugins: IntrospectionAPIPlugin, <class 'manticore.ethereum.plugins.SkipRevertBasicBlocks'>, <class 'manticore.ethereum.plugins.FilterFunctions'>
2023-07-03 16:00:31,231: [333] m.main:INFO: Beginning analysis
2023-07-03 16:00:31,233: [333] m.e.manticore:INFO: Starting symbolic create contract
