INFO:Detectors:[93m
BasicMathLib.times (/sb/BasicMathLib_1.sol#40-49) is declared view but contains assembly code
BasicMathLib.dividedBy (/sb/BasicMathLib_1.sol#57-72) is declared view but contains assembly code
BasicMathLib.plus (/sb/BasicMathLib_1.sol#80-89) is declared view but contains assembly code
BasicMathLib.minus (/sb/BasicMathLib_1.sol#97-106) is declared view but contains assembly code
Reference: https://github.com/trailofbits/slither/wiki/Detectors-Documentation#constant-functions-changing-the-state[0m
INFO:Detectors:[92m
BasicMathLib.times uses assembly (/sb/BasicMathLib_1.sol#40-49)
	- /sb/BasicMathLib_1.sol#41-49
BasicMathLib.dividedBy uses assembly (/sb/BasicMathLib_1.sol#57-72)
	- /sb/BasicMathLib_1.sol#59-72
BasicMathLib.plus uses assembly (/sb/BasicMathLib_1.sol#80-89)
	- /sb/BasicMathLib_1.sol#81-89
BasicMathLib.minus uses assembly (/sb/BasicMathLib_1.sol#97-106)
	- /sb/BasicMathLib_1.sol#98-106
Reference: https://github.com/trailofbits/slither/wiki/Detectors-Documentation#assembly-usage[0m
INFO:Detectors:[92m
BasicMathLib.times (/sb/BasicMathLib_1.sol#40-49) should be declared external
BasicMathLib.dividedBy (/sb/BasicMathLib_1.sol#57-72) should be declared external
BasicMathLib.plus (/sb/BasicMathLib_1.sol#80-89) should be declared external
BasicMathLib.minus (/sb/BasicMathLib_1.sol#97-106) should be declared external
Reference: https://github.com/trailofbits/slither/wiki/Detectors-Documentation#public-function-that-could-be-declared-as-external[0m
INFO:Detectors:[92m
Detected issues with version pragma in /sb/BasicMathLib_1.sol:
	- pragma solidity^0.4.18 (/sb/BasicMathLib_1.sol#3): it allows old versions
Reference: https://github.com/trailofbits/slither/wiki/Detectors-Documentation#incorrect-version-of-solidity[0m
INFO:Slither:/sb/BasicMathLib_1.sol analyzed (1 contracts), 13 result(s) found
