2023-07-03 16:27:37,099: [11] m.main:INFO: Registered plugins: IntrospectionAPIPlugin, <class 'manticore.ethereum.plugins.SkipRevertBasicBlocks'>, <class 'manticore.ethereum.plugins.FilterFunctions'>
2023-07-03 16:27:37,099: [11] m.main:INFO: Beginning analysis
2023-07-03 16:27:37,101: [11] m.e.manticore:INFO: Starting symbolic create contract
2023-07-03 16:27:38,707: [11] m.e.manticore:INFO: Starting symbolic transaction: 0
2023-07-03 16:27:38,833: [11] m.e.manticore:INFO: 0 alive states, 1 terminated states
2023-07-03 16:27:38,896: [11] m.e.manticore:INFO: Starting symbolic transaction: 1
2023-07-03 16:27:39,127: [11] m.c.manticore:INFO: Results in /mcore_2ezc_7iq
2023-07-03 16:27:39,127: [11] m.c.manticore:INFO: Total time: 0.4141688346862793
2023-07-03 16:27:39,910: [70] m.main:INFO: Registered plugins: IntrospectionAPIPlugin, <class 'manticore.ethereum.plugins.SkipRevertBasicBlocks'>, <class 'manticore.ethereum.plugins.FilterFunctions'>
2023-07-03 16:27:39,911: [70] m.main:INFO: Beginning analysis
2023-07-03 16:27:39,913: [70] m.e.manticore:INFO: Starting symbolic create contract
2023-07-03 16:27:41,353: [70] m.e.manticore:INFO: Starting symbolic transaction: 0
2023-07-03 16:27:41,524: [70] m.e.manticore:INFO: 0 alive states, 1 terminated states
2023-07-03 16:27:41,588: [70] m.e.manticore:INFO: Starting symbolic transaction: 1
2023-07-03 16:27:41,848: [70] m.c.manticore:INFO: Results in /mcore_nb3hnuai
2023-07-03 16:27:41,848: [70] m.c.manticore:INFO: Total time: 0.49135398864746094
2023-07-03 16:27:42,506: [129] m.main:INFO: Registered plugins: IntrospectionAPIPlugin, <class 'manticore.ethereum.plugins.SkipRevertBasicBlocks'>, <class 'manticore.ethereum.plugins.FilterFunctions'>
2023-07-03 16:27:42,507: [129] m.main:INFO: Beginning analysis
2023-07-03 16:27:42,508: [129] m.e.manticore:INFO: Starting symbolic create contract
2023-07-03 16:27:44,947: [129] m.e.manticore:INFO: Starting symbolic transaction: 0
2023-07-03 16:27:50,977: [129] m.e.manticore:INFO: 0 alive states, 3 terminated states
2023-07-03 16:27:51,295: [129] m.c.manticore:INFO: Results in /mcore_yhd57fem
2023-07-03 16:27:51,295: [129] m.c.manticore:INFO: Total time: 6.333571434020996
2023-07-03 16:27:52,113: [200] m.main:INFO: Registered plugins: IntrospectionAPIPlugin, <class 'manticore.ethereum.plugins.SkipRevertBasicBlocks'>, <class 'manticore.ethereum.plugins.FilterFunctions'>
2023-07-03 16:27:52,113: [200] m.main:INFO: Beginning analysis
2023-07-03 16:27:52,116: [200] m.e.manticore:INFO: Starting symbolic create contract
