2023-07-03 15:43:58,777: [11] m.main:INFO: Registered plugins: IntrospectionAPIPlugin, <class 'manticore.ethereum.plugins.SkipRevertBasicBlocks'>, <class 'manticore.ethereum.plugins.FilterFunctions'>
2023-07-03 15:43:58,777: [11] m.main:INFO: Beginning analysis
2023-07-03 15:43:58,780: [11] m.e.manticore:INFO: Starting symbolic create contract
2023-07-03 15:43:59,568: [11] m.e.manticore:INFO: Starting symbolic transaction: 0
2023-07-03 15:43:59,714: [11] m.e.manticore:INFO: 0 alive states, 1 terminated states
2023-07-03 15:43:59,780: [11] m.e.manticore:INFO: Starting symbolic transaction: 1
2023-07-03 15:43:59,966: [11] m.c.manticore:INFO: Results in /mcore_iq4fy_sy
2023-07-03 15:43:59,967: [11] m.c.manticore:INFO: Total time: 0.3944072723388672
2023-07-03 15:44:00,692: [70] m.main:INFO: Registered plugins: IntrospectionAPIPlugin, <class 'manticore.ethereum.plugins.SkipRevertBasicBlocks'>, <class 'manticore.ethereum.plugins.FilterFunctions'>
2023-07-03 15:44:00,692: [70] m.main:INFO: Beginning analysis
2023-07-03 15:44:00,694: [70] m.e.manticore:INFO: Starting symbolic create contract
2023-07-03 15:44:01,699: [70] m.e.manticore:INFO: Starting symbolic transaction: 0
2023-07-03 15:44:01,858: [70] m.e.manticore:INFO: 0 alive states, 1 terminated states
2023-07-03 15:44:01,933: [70] m.e.manticore:INFO: Starting symbolic transaction: 1
2023-07-03 15:44:02,107: [70] m.c.manticore:INFO: Results in /mcore_zfvm4kkl
2023-07-03 15:44:02,107: [70] m.c.manticore:INFO: Total time: 0.40497469902038574
2023-07-03 15:44:02,799: [129] m.main:INFO: Registered plugins: IntrospectionAPIPlugin, <class 'manticore.ethereum.plugins.SkipRevertBasicBlocks'>, <class 'manticore.ethereum.plugins.FilterFunctions'>
2023-07-03 15:44:02,799: [129] m.main:INFO: Beginning analysis
2023-07-03 15:44:02,803: [129] m.e.manticore:INFO: Starting symbolic create contract
2023-07-03 15:44:03,348: [129] m.e.manticore:INFO: Starting symbolic transaction: 0
2023-07-03 15:44:03,454: [129] m.e.manticore:INFO: 0 alive states, 2 terminated states
2023-07-03 15:44:03,621: [129] m.c.manticore:INFO: Results in /mcore_6bdmr_wc
2023-07-03 15:44:03,622: [129] m.c.manticore:INFO: Total time: 0.2706747055053711
2023-07-03 15:44:04,371: [194] m.main:INFO: Registered plugins: IntrospectionAPIPlugin, <class 'manticore.ethereum.plugins.SkipRevertBasicBlocks'>, <class 'manticore.ethereum.plugins.FilterFunctions'>
2023-07-03 15:44:04,371: [194] m.main:INFO: Beginning analysis
2023-07-03 15:44:04,374: [194] m.e.manticore:INFO: Starting symbolic create contract
