2023-07-03 16:21:46,636: [11] m.main:INFO: Registered plugins: IntrospectionAPIPlugin, <class 'manticore.ethereum.plugins.SkipRevertBasicBlocks'>, <class 'manticore.ethereum.plugins.FilterFunctions'>
2023-07-03 16:21:46,636: [11] m.main:INFO: Beginning analysis
2023-07-03 16:21:46,638: [11] m.e.manticore:INFO: Starting symbolic create contract
2023-07-03 16:21:49,111: [11] m.e.manticore:INFO: Starting symbolic transaction: 0
2023-07-03 16:22:00,597: [11] m.e.manticore:INFO: 7 alive states, 2 terminated states
2023-07-03 16:22:00,920: [11] m.e.manticore:INFO: Starting symbolic transaction: 1
2023-07-03 16:23:26,234: [11] m.e.manticore:INFO: 49 alive states, 9 terminated states
2023-07-03 16:23:26,713: [101] m.c.manticore:INFO: Generated testcase No. 0 - RETURN(3 txs)
2023-07-03 16:23:26,714: [101] m.c.plugin:WARNING: Caught will_solve in state None, but failed to capture its initialization
2023-07-03 16:23:26,732: [103] m.c.manticore:INFO: Generated testcase No. 1 - RETURN(3 txs)
2023-07-03 16:23:26,733: [103] m.c.plugin:WARNING: Caught will_solve in state None, but failed to capture its initialization
2023-07-03 16:23:26,742: [104] m.c.manticore:INFO: Generated testcase No. 2 - RETURN(3 txs)
2023-07-03 16:23:26,743: [104] m.c.plugin:WARNING: Caught will_solve in state None, but failed to capture its initialization
2023-07-03 16:23:26,744: [106] m.c.manticore:INFO: Generated testcase No. 3 - RETURN(3 txs)
2023-07-03 16:23:26,745: [106] m.c.plugin:WARNING: Caught will_solve in state None, but failed to capture its initialization
2023-07-03 16:23:26,751: [102] m.c.manticore:INFO: Generated testcase No. 4 - RETURN(3 txs)
2023-07-03 16:23:26,752: [102] m.c.plugin:WARNING: Caught will_solve in state None, but failed to capture its initialization
2023-07-03 16:23:26,753: [107] m.c.manticore:INFO: Generated testcase No. 5 - RETURN(3 txs)
2023-07-03 16:23:26,753: [107] m.c.plugin:WARNING: Caught will_solve in state None, but failed to capture its initialization
2023-07-03 16:23:26,755: [111] m.c.manticore:INFO: Generated testcase No. 6 - RETURN(3 txs)
2023-07-03 16:23:26,756: [111] m.c.plugin:WARNING: Caught will_solve in state None, but failed to capture its initialization
2023-07-03 16:23:26,760: [109] m.c.manticore:INFO: Generated testcase No. 7 - RETURN(3 txs)
2023-07-03 16:23:26,761: [109] m.c.plugin:WARNING: Caught will_solve in state None, but failed to capture its initialization
2023-07-03 16:23:26,762: [108] m.c.manticore:INFO: Generated testcase No. 8 - RETURN(3 txs)
2023-07-03 16:23:26,763: [108] m.c.plugin:WARNING: Caught will_solve in state None, but failed to capture its initialization
2023-07-03 16:23:26,768: [113] m.c.manticore:INFO: Generated testcase No. 9 - RETURN(3 txs)
2023-07-03 16:23:26,769: [115] m.c.manticore:INFO: Generated testcase No. 10 - RETURN(3 txs)
2023-07-03 16:23:26,769: [113] m.c.plugin:WARNING: Caught will_solve in state None, but failed to capture its initialization
2023-07-03 16:23:26,770: [115] m.c.plugin:WARNING: Caught will_solve in state None, but failed to capture its initialization
2023-07-03 16:23:26,784: [118] m.c.manticore:INFO: Generated testcase No. 11 - RETURN(3 txs)
2023-07-03 16:23:26,785: [118] m.c.plugin:WARNING: Caught will_solve in state None, but failed to capture its initialization
2023-07-03 16:23:27,994: [102] m.c.manticore:INFO: Generated testcase No. 12 - RETURN(3 txs)
2023-07-03 16:23:28,011: [101] m.c.manticore:INFO: Generated testcase No. 13 - RETURN(3 txs)
2023-07-03 16:23:28,048: [107] m.c.manticore:INFO: Generated testcase No. 14 - RETURN(3 txs)
2023-07-03 16:23:28,080: [103] m.c.manticore:INFO: Generated testcase No. 15 - RETURN(3 txs)
2023-07-03 16:23:28,107: [104] m.c.manticore:INFO: Generated testcase No. 16 - RETURN(3 txs)
2023-07-03 16:23:28,136: [113] m.c.manticore:INFO: Generated testcase No. 17 - RETURN(3 txs)
2023-07-03 16:23:28,190: [109] m.c.manticore:INFO: Generated testcase No. 18 - RETURN(3 txs)
2023-07-03 16:23:28,209: [118] m.c.manticore:INFO: Generated testcase No. 19 - RETURN(3 txs)
2023-07-03 16:23:28,287: [111] m.c.manticore:INFO: Generated testcase No. 20 - RETURN(3 txs)
2023-07-03 16:23:28,298: [108] m.c.manticore:INFO: Generated testcase No. 21 - RETURN(3 txs)
2023-07-03 16:23:28,321: [106] m.c.manticore:INFO: Generated testcase No. 22 - RETURN(3 txs)
2023-07-03 16:23:28,408: [115] m.c.manticore:INFO: Generated testcase No. 23 - RETURN(3 txs)
2023-07-03 16:23:29,025: [102] m.c.manticore:INFO: Generated testcase No. 24 - RETURN(3 txs)
2023-07-03 16:23:29,066: [101] m.c.manticore:INFO: Generated testcase No. 25 - RETURN(3 txs)
2023-07-03 16:23:29,264: [103] m.c.manticore:INFO: Generated testcase No. 26 - RETURN(3 txs)
2023-07-03 16:23:29,314: [118] m.c.manticore:INFO: Generated testcase No. 27 - RETURN(3 txs)
2023-07-03 16:23:29,322: [113] m.c.manticore:INFO: Generated testcase No. 28 - RETURN(3 txs)
2023-07-03 16:23:29,403: [107] m.c.manticore:INFO: Generated testcase No. 29 - RETURN(3 txs)
2023-07-03 16:23:29,502: [109] m.c.manticore:INFO: Generated testcase No. 30 - RETURN(3 txs)
2023-07-03 16:23:29,569: [104] m.c.manticore:INFO: Generated testcase No. 31 - RETURN(3 txs)
2023-07-03 16:23:29,710: [108] m.c.manticore:INFO: Generated testcase No. 32 - RETURN(3 txs)
2023-07-03 16:23:29,742: [111] m.c.manticore:INFO: Generated testcase No. 33 - RETURN(3 txs)
2023-07-03 16:23:29,770: [106] m.c.manticore:INFO: Generated testcase No. 34 - RETURN(3 txs)
2023-07-03 16:23:29,898: [115] m.c.manticore:INFO: Generated testcase No. 35 - RETURN(3 txs)
2023-07-03 16:23:30,149: [102] m.c.manticore:INFO: Generated testcase No. 36 - RETURN(3 txs)
2023-07-03 16:23:30,223: [101] m.c.manticore:INFO: Generated testcase No. 37 - RETURN(3 txs)
2023-07-03 16:23:30,620: [103] m.c.manticore:INFO: Generated testcase No. 38 - RETURN(3 txs)
2023-07-03 16:23:30,714: [104] m.c.manticore:INFO: Generated testcase No. 39 - RETURN(3 txs)
2023-07-03 16:23:30,729: [113] m.c.manticore:INFO: Generated testcase No. 40 - RETURN(3 txs)
2023-07-03 16:23:30,759: [118] m.c.manticore:INFO: Generated testcase No. 41 - RETURN(3 txs)
2023-07-03 16:23:30,772: [109] m.c.manticore:INFO: Generated testcase No. 42 - RETURN(3 txs)
2023-07-03 16:23:30,793: [107] m.c.manticore:INFO: Generated testcase No. 43 - RETURN(3 txs)
2023-07-03 16:23:31,044: [108] m.c.manticore:INFO: Generated testcase No. 44 - RETURN(3 txs)
2023-07-03 16:23:31,197: [106] m.c.manticore:INFO: Generated testcase No. 45 - RETURN(3 txs)
2023-07-03 16:23:31,226: [111] m.c.manticore:INFO: Generated testcase No. 46 - RETURN(3 txs)
2023-07-03 16:23:31,351: [115] m.c.manticore:INFO: Generated testcase No. 47 - RETURN(3 txs)
2023-07-03 16:23:31,549: [102] m.c.manticore:INFO: Generated testcase No. 48 - RETURN(3 txs)
2023-07-03 16:23:35,570: [11] m.c.manticore:INFO: Results in /mcore_xppvtoaj
2023-07-03 16:23:35,570: [11] m.c.manticore:INFO: Total time: 94.43776845932007
2023-07-03 16:23:36,302: [150] m.main:INFO: Registered plugins: IntrospectionAPIPlugin, <class 'manticore.ethereum.plugins.SkipRevertBasicBlocks'>, <class 'manticore.ethereum.plugins.FilterFunctions'>
2023-07-03 16:23:36,302: [150] m.main:INFO: Beginning analysis
2023-07-03 16:23:36,305: [150] m.e.manticore:INFO: Starting symbolic create contract
2023-07-03 16:23:38,462: [150] m.e.manticore:INFO: Starting symbolic transaction: 0
2023-07-03 16:23:38,618: [150] m.e.manticore:INFO: 0 alive states, 1 terminated states
2023-07-03 16:23:38,675: [150] m.e.manticore:INFO: Starting symbolic transaction: 1
2023-07-03 16:23:38,866: [150] m.c.manticore:INFO: Results in /mcore_8v6jjdix
2023-07-03 16:23:38,867: [150] m.c.manticore:INFO: Total time: 0.40158581733703613
2023-07-03 16:23:39,525: [209] m.main:INFO: Registered plugins: IntrospectionAPIPlugin, <class 'manticore.ethereum.plugins.SkipRevertBasicBlocks'>, <class 'manticore.ethereum.plugins.FilterFunctions'>
2023-07-03 16:23:39,525: [209] m.main:INFO: Beginning analysis
2023-07-03 16:23:39,528: [209] m.e.manticore:INFO: Starting symbolic create contract
2023-07-03 16:23:41,713: [209] m.e.manticore:INFO: Starting symbolic transaction: 0
2023-07-03 16:23:41,850: [209] m.e.manticore:INFO: 0 alive states, 1 terminated states
2023-07-03 16:23:41,914: [209] m.e.manticore:INFO: Starting symbolic transaction: 1
2023-07-03 16:23:42,096: [209] m.c.manticore:INFO: Results in /mcore_w92e607o
2023-07-03 16:23:42,096: [209] m.c.manticore:INFO: Total time: 0.3812072277069092
2023-07-03 16:23:42,915: [268] m.main:INFO: Registered plugins: IntrospectionAPIPlugin, <class 'manticore.ethereum.plugins.SkipRevertBasicBlocks'>, <class 'manticore.ethereum.plugins.FilterFunctions'>
2023-07-03 16:23:42,915: [268] m.main:INFO: Beginning analysis
2023-07-03 16:23:42,918: [268] m.e.manticore:INFO: Starting symbolic create contract
2023-07-03 16:24:15,316: [268] m.e.manticore:INFO: Starting symbolic transaction: 0
