2023-07-03 15:49:19,073: [11] m.main:INFO: Registered plugins: IntrospectionAPIPlugin, <class 'manticore.ethereum.plugins.SkipRevertBasicBlocks'>, <class 'manticore.ethereum.plugins.FilterFunctions'>
2023-07-03 15:49:19,073: [11] m.main:INFO: Beginning analysis
2023-07-03 15:49:19,077: [11] m.e.manticore:INFO: Starting symbolic create contract
2023-07-03 15:49:20,432: [11] m.e.manticore:INFO: Starting symbolic transaction: 0
2023-07-03 15:49:20,574: [11] m.e.manticore:INFO: 0 alive states, 1 terminated states
2023-07-03 15:49:20,634: [11] m.e.manticore:INFO: Starting symbolic transaction: 1
2023-07-03 15:49:20,888: [11] m.c.manticore:INFO: Results in /mcore_1g1tc9e6
2023-07-03 15:49:20,889: [11] m.c.manticore:INFO: Total time: 0.45291614532470703
2023-07-03 15:49:21,682: [70] m.main:INFO: Registered plugins: IntrospectionAPIPlugin, <class 'manticore.ethereum.plugins.SkipRevertBasicBlocks'>, <class 'manticore.ethereum.plugins.FilterFunctions'>
2023-07-03 15:49:21,682: [70] m.main:INFO: Beginning analysis
2023-07-03 15:49:21,684: [70] m.e.manticore:INFO: Starting symbolic create contract
2023-07-03 15:49:23,115: [70] m.e.manticore:INFO: Starting symbolic transaction: 0
2023-07-03 15:49:23,261: [70] m.e.manticore:INFO: 0 alive states, 1 terminated states
2023-07-03 15:49:23,316: [70] m.e.manticore:INFO: Starting symbolic transaction: 1
2023-07-03 15:49:23,557: [70] m.c.manticore:INFO: Results in /mcore_jxo3ws85
2023-07-03 15:49:23,558: [70] m.c.manticore:INFO: Total time: 0.43889570236206055
2023-07-03 15:49:24,310: [129] m.main:INFO: Registered plugins: IntrospectionAPIPlugin, <class 'manticore.ethereum.plugins.SkipRevertBasicBlocks'>, <class 'manticore.ethereum.plugins.FilterFunctions'>
2023-07-03 15:49:24,310: [129] m.main:INFO: Beginning analysis
2023-07-03 15:49:24,315: [129] m.e.manticore:INFO: Starting symbolic create contract
2023-07-03 15:49:26,447: [129] m.e.manticore:INFO: Starting symbolic transaction: 0
2023-07-03 15:49:31,759: [129] m.e.manticore:INFO: 0 alive states, 3 terminated states
2023-07-03 15:49:32,092: [129] m.c.manticore:INFO: Results in /mcore_rgkwtj8p
2023-07-03 15:49:32,093: [129] m.c.manticore:INFO: Total time: 5.628002405166626
2023-07-03 15:49:32,912: [197] m.main:INFO: Registered plugins: IntrospectionAPIPlugin, <class 'manticore.ethereum.plugins.SkipRevertBasicBlocks'>, <class 'manticore.ethereum.plugins.FilterFunctions'>
2023-07-03 15:49:32,913: [197] m.main:INFO: Beginning analysis
2023-07-03 15:49:32,915: [197] m.e.manticore:INFO: Starting symbolic create contract
