2023-07-03 16:33:05,584: [11] m.main:INFO: Registered plugins: IntrospectionAPIPlugin, <class 'manticore.ethereum.plugins.SkipRevertBasicBlocks'>, <class 'manticore.ethereum.plugins.FilterFunctions'>
2023-07-03 16:33:05,585: [11] m.main:INFO: Beginning analysis
2023-07-03 16:33:05,587: [11] m.e.manticore:INFO: Starting symbolic create contract
2023-07-03 16:33:07,050: [11] m.e.manticore:INFO: Starting symbolic transaction: 0
2023-07-03 16:33:07,192: [11] m.e.manticore:INFO: 0 alive states, 1 terminated states
2023-07-03 16:33:07,258: [11] m.e.manticore:INFO: Starting symbolic transaction: 1
2023-07-03 16:33:07,481: [11] m.c.manticore:INFO: Results in /mcore_x4vbgled
2023-07-03 16:33:07,482: [11] m.c.manticore:INFO: Total time: 0.4283716678619385
2023-07-03 16:33:08,127: [70] m.main:INFO: Registered plugins: IntrospectionAPIPlugin, <class 'manticore.ethereum.plugins.SkipRevertBasicBlocks'>, <class 'manticore.ethereum.plugins.FilterFunctions'>
2023-07-03 16:33:08,128: [70] m.main:INFO: Beginning analysis
2023-07-03 16:33:08,131: [70] m.e.manticore:INFO: Starting symbolic create contract
2023-07-03 16:33:09,740: [70] m.e.manticore:INFO: Starting symbolic transaction: 0
2023-07-03 16:33:09,908: [70] m.e.manticore:INFO: 0 alive states, 1 terminated states
2023-07-03 16:33:09,981: [70] m.e.manticore:INFO: Starting symbolic transaction: 1
2023-07-03 16:33:10,260: [70] m.c.manticore:INFO: Results in /mcore_ifn5mqe6
2023-07-03 16:33:10,261: [70] m.c.manticore:INFO: Total time: 0.5176041126251221
2023-07-03 16:33:11,015: [129] m.main:INFO: Registered plugins: IntrospectionAPIPlugin, <class 'manticore.ethereum.plugins.SkipRevertBasicBlocks'>, <class 'manticore.ethereum.plugins.FilterFunctions'>
2023-07-03 16:33:11,016: [129] m.main:INFO: Beginning analysis
2023-07-03 16:33:11,020: [129] m.e.manticore:INFO: Starting symbolic create contract
2023-07-03 16:33:13,004: [129] m.e.manticore:INFO: Starting symbolic transaction: 0
2023-07-03 16:33:18,782: [129] m.e.manticore:INFO: 0 alive states, 3 terminated states
2023-07-03 16:33:19,124: [129] m.c.manticore:INFO: Results in /mcore_x8rd9j3l
2023-07-03 16:33:19,124: [129] m.c.manticore:INFO: Total time: 6.101194620132446
2023-07-03 16:33:19,826: [200] m.main:INFO: Registered plugins: IntrospectionAPIPlugin, <class 'manticore.ethereum.plugins.SkipRevertBasicBlocks'>, <class 'manticore.ethereum.plugins.FilterFunctions'>
2023-07-03 16:33:19,827: [200] m.main:INFO: Beginning analysis
2023-07-03 16:33:19,829: [200] m.e.manticore:INFO: Starting symbolic create contract
