INFO:Slither:Compilation warnings/errors on /sb/FinToken_1.sol:
/sb/FinToken_1.sol:255:2: Warning: Defining constructors as functions with the same name as the contract is deprecated. Use "constructor(...) { ... }" instead.
	function FinToken() public {
 ^ (Relevant source part starts here and spans across multiple lines).

INFO:Detectors:[92m
ERC20Basic.totalSupply (/sb/FinToken_1.sol#63) should be declared external
BasicToken.totalSupply (/sb/FinToken_1.sol#84-88) should be declared external
ERC20Basic.balanceOf (/sb/FinToken_1.sol#63-64) should be declared external
BasicToken.balanceOf (/sb/FinToken_1.sol#112-116) should be declared external
ERC20.allowance (/sb/FinToken_1.sol#118-119) should be declared external
StandardToken.allowance (/sb/FinToken_1.sol#180-183) should be declared external
ERC20.approve (/sb/FinToken_1.sol#120-124) should be declared external
StandardToken.approve (/sb/FinToken_1.sol#165-172) should be declared external
StandardToken.increaseApproval (/sb/FinToken_1.sol#191-199) should be declared external
StandardToken.decreaseApproval (/sb/FinToken_1.sol#208-225) should be declared external
FinToken.addVerificatorAddress (/sb/FinToken_1.sol#269-276) should be declared external
FinToken.removeVerificatorAddress (/sb/FinToken_1.sol#276-281) should be declared external
FinToken.addVerifiedAddress (/sb/FinToken_1.sol#283-290) should be declared external
FinToken.removeVerifiedAddress (/sb/FinToken_1.sol#290-294) should be declared external
Reference: https://github.com/trailofbits/slither/wiki/Detectors-Documentation#public-function-that-could-be-declared-as-external[0m
INFO:Detectors:[92m
Detected issues with version pragma in /sb/FinToken_1.sol:
	- pragma solidity^0.4.21 (/sb/FinToken_1.sol#7-10): it allows old versions
Reference: https://github.com/trailofbits/slither/wiki/Detectors-Documentation#incorrect-version-of-solidity[0m
INFO:Detectors:[92m
Parameter '_owner' of BasicToken.balanceOf (/sb/FinToken_1.sol#113-114) is not in mixedCase
Parameter '_to' of BasicToken.transfer (/sb/FinToken_1.sol#93) is not in mixedCase
Parameter '_value' of BasicToken.transfer (/sb/FinToken_1.sol#93) is not in mixedCase
Parameter '_owner' of StandardToken.allowance (/sb/FinToken_1.sol#180-181) is not in mixedCase
Parameter '_spender' of StandardToken.allowance (/sb/FinToken_1.sol#181-182) is not in mixedCase
Parameter '_from' of StandardToken.transferFrom (/sb/FinToken_1.sol#144) is not in mixedCase
Parameter '_to' of StandardToken.transferFrom (/sb/FinToken_1.sol#144) is not in mixedCase
Parameter '_value' of StandardToken.transferFrom (/sb/FinToken_1.sol#144) is not in mixedCase
Parameter '_spender' of StandardToken.approve (/sb/FinToken_1.sol#166-170) is not in mixedCase
Parameter '_value' of StandardToken.approve (/sb/FinToken_1.sol#170) is not in mixedCase
Parameter '_spender' of StandardToken.increaseApproval (/sb/FinToken_1.sol#191) is not in mixedCase
Parameter '_addedValue' of StandardToken.increaseApproval (/sb/FinToken_1.sol#191-192) is not in mixedCase
Parameter '_spender' of StandardToken.decreaseApproval (/sb/FinToken_1.sol#210) is not in mixedCase
Parameter '_subtractedValue' of StandardToken.decreaseApproval (/sb/FinToken_1.sol#210) is not in mixedCase
Parameter '_to' of FinToken.transfer (/sb/FinToken_1.sol) is not in mixedCase
Parameter '_value' of FinToken.transfer (/sb/FinToken_1.sol) is not in mixedCase
Parameter '_from' of FinToken.transferFrom (/sb/FinToken_1.sol) is not in mixedCase
Parameter '_to' of FinToken.transferFrom (/sb/FinToken_1.sol) is not in mixedCase
Parameter '_value' of FinToken.transferFrom (/sb/FinToken_1.sol) is not in mixedCase
Function 'FinToken.FinToken' (/sb/FinToken_1.sol#263-269) is not in mixedCase
Reference: https://github.com/trailofbits/slither/wiki/Detectors-Documentation#conformance-to-solidity-naming-conventions[0m
INFO:Slither:/sb/FinToken_1.sol analyzed (6 contracts), 35 result(s) found
