2023-07-03 16:39:02,816: [11] m.main:INFO: Registered plugins: IntrospectionAPIPlugin, <class 'manticore.ethereum.plugins.SkipRevertBasicBlocks'>, <class 'manticore.ethereum.plugins.FilterFunctions'>
2023-07-03 16:39:02,816: [11] m.main:INFO: Beginning analysis
2023-07-03 16:39:02,818: [11] m.e.manticore:INFO: Starting symbolic create contract
2023-07-03 16:39:03,788: [11] m.e.manticore:INFO: Starting symbolic transaction: 0
2023-07-03 16:39:03,948: [11] m.e.manticore:INFO: 0 alive states, 1 terminated states
2023-07-03 16:39:04,021: [11] m.e.manticore:INFO: Starting symbolic transaction: 1
2023-07-03 16:39:04,226: [11] m.c.manticore:INFO: Results in /mcore_nqo11ex2
2023-07-03 16:39:04,226: [11] m.c.manticore:INFO: Total time: 0.43433141708374023
2023-07-03 16:39:04,872: [70] m.main:INFO: Registered plugins: IntrospectionAPIPlugin, <class 'manticore.ethereum.plugins.SkipRevertBasicBlocks'>, <class 'manticore.ethereum.plugins.FilterFunctions'>
2023-07-03 16:39:04,872: [70] m.main:INFO: Beginning analysis
2023-07-03 16:39:04,875: [70] m.e.manticore:INFO: Starting symbolic create contract
2023-07-03 16:39:05,853: [70] m.e.manticore:INFO: Starting symbolic transaction: 0
2023-07-03 16:39:06,028: [70] m.e.manticore:INFO: 0 alive states, 1 terminated states
2023-07-03 16:39:06,098: [70] m.e.manticore:INFO: Starting symbolic transaction: 1
2023-07-03 16:39:06,320: [70] m.c.manticore:INFO: Results in /mcore_2uc30a2l
2023-07-03 16:39:06,321: [70] m.c.manticore:INFO: Total time: 0.46172142028808594
2023-07-03 16:39:07,258: [129] m.main:INFO: Registered plugins: IntrospectionAPIPlugin, <class 'manticore.ethereum.plugins.SkipRevertBasicBlocks'>, <class 'manticore.ethereum.plugins.FilterFunctions'>
2023-07-03 16:39:07,258: [129] m.main:INFO: Beginning analysis
2023-07-03 16:39:07,262: [129] m.e.manticore:INFO: Starting symbolic create contract
2023-07-03 16:39:07,859: [129] m.e.manticore:INFO: Starting symbolic transaction: 0
2023-07-03 16:39:07,994: [129] m.e.manticore:INFO: 0 alive states, 2 terminated states
2023-07-03 16:39:08,148: [129] m.c.manticore:INFO: Results in /mcore_dbsbm9cu
2023-07-03 16:39:08,149: [129] m.c.manticore:INFO: Total time: 0.2827260494232178
2023-07-03 16:39:08,915: [194] m.main:INFO: Registered plugins: IntrospectionAPIPlugin, <class 'manticore.ethereum.plugins.SkipRevertBasicBlocks'>, <class 'manticore.ethereum.plugins.FilterFunctions'>
2023-07-03 16:39:08,916: [194] m.main:INFO: Beginning analysis
2023-07-03 16:39:08,920: [194] m.e.manticore:INFO: Starting symbolic create contract
