2023-07-03 15:56:56,807: [11] m.main:INFO: Registered plugins: IntrospectionAPIPlugin, <class 'manticore.ethereum.plugins.SkipRevertBasicBlocks'>, <class 'manticore.ethereum.plugins.FilterFunctions'>
2023-07-03 15:56:56,808: [11] m.main:INFO: Beginning analysis
2023-07-03 15:56:56,810: [11] m.e.manticore:INFO: Starting symbolic create contract
2023-07-03 15:56:58,161: [11] m.e.manticore:INFO: Starting symbolic transaction: 0
2023-07-03 15:56:58,299: [11] m.e.manticore:INFO: 0 alive states, 1 terminated states
2023-07-03 15:56:58,342: [11] m.e.manticore:INFO: Starting symbolic transaction: 1
2023-07-03 15:56:58,588: [11] m.c.manticore:INFO: Results in /mcore_wf0vf78m
2023-07-03 15:56:58,589: [11] m.c.manticore:INFO: Total time: 0.4252965450286865
2023-07-03 15:56:59,338: [70] m.main:INFO: Registered plugins: IntrospectionAPIPlugin, <class 'manticore.ethereum.plugins.SkipRevertBasicBlocks'>, <class 'manticore.ethereum.plugins.FilterFunctions'>
2023-07-03 15:56:59,338: [70] m.main:INFO: Beginning analysis
2023-07-03 15:56:59,341: [70] m.e.manticore:INFO: Starting symbolic create contract
2023-07-03 15:57:00,735: [70] m.e.manticore:INFO: Starting symbolic transaction: 0
2023-07-03 15:57:00,874: [70] m.e.manticore:INFO: 0 alive states, 1 terminated states
2023-07-03 15:57:00,935: [70] m.e.manticore:INFO: Starting symbolic transaction: 1
2023-07-03 15:57:01,225: [70] m.c.manticore:INFO: Results in /mcore_hjd3mphw
2023-07-03 15:57:01,226: [70] m.c.manticore:INFO: Total time: 0.4870016574859619
2023-07-03 15:57:01,944: [129] m.main:INFO: Registered plugins: IntrospectionAPIPlugin, <class 'manticore.ethereum.plugins.SkipRevertBasicBlocks'>, <class 'manticore.ethereum.plugins.FilterFunctions'>
2023-07-03 15:57:01,944: [129] m.main:INFO: Beginning analysis
2023-07-03 15:57:01,946: [129] m.e.manticore:INFO: Starting symbolic create contract
2023-07-03 15:57:04,054: [129] m.e.manticore:INFO: Starting symbolic transaction: 0
2023-07-03 15:57:09,569: [129] m.e.manticore:INFO: 0 alive states, 3 terminated states
2023-07-03 15:57:09,837: [129] m.c.manticore:INFO: Results in /mcore_vd6gxws9
2023-07-03 15:57:09,837: [129] m.c.manticore:INFO: Total time: 5.756014823913574
2023-07-03 15:57:10,547: [200] m.main:INFO: Registered plugins: IntrospectionAPIPlugin, <class 'manticore.ethereum.plugins.SkipRevertBasicBlocks'>, <class 'manticore.ethereum.plugins.FilterFunctions'>
2023-07-03 15:57:10,547: [200] m.main:INFO: Beginning analysis
2023-07-03 15:57:10,550: [200] m.e.manticore:INFO: Starting symbolic create contract
