2023-07-03 16:37:30,798: [11] m.main:INFO: Registered plugins: IntrospectionAPIPlugin, <class 'manticore.ethereum.plugins.SkipRevertBasicBlocks'>, <class 'manticore.ethereum.plugins.FilterFunctions'>
2023-07-03 16:37:30,798: [11] m.main:INFO: Beginning analysis
2023-07-03 16:37:30,801: [11] m.e.manticore:INFO: Starting symbolic create contract
2023-07-03 16:37:32,235: [11] m.e.manticore:INFO: Starting symbolic transaction: 0
2023-07-03 16:37:32,391: [11] m.e.manticore:INFO: 0 alive states, 1 terminated states
2023-07-03 16:37:32,456: [11] m.e.manticore:INFO: Starting symbolic transaction: 1
2023-07-03 16:37:32,749: [11] m.c.manticore:INFO: Results in /mcore_p98pbkxw
2023-07-03 16:37:32,749: [11] m.c.manticore:INFO: Total time: 0.5106265544891357
2023-07-03 16:37:33,507: [70] m.main:INFO: Registered plugins: IntrospectionAPIPlugin, <class 'manticore.ethereum.plugins.SkipRevertBasicBlocks'>, <class 'manticore.ethereum.plugins.FilterFunctions'>
2023-07-03 16:37:33,507: [70] m.main:INFO: Beginning analysis
2023-07-03 16:37:33,512: [70] m.e.manticore:INFO: Starting symbolic create contract
2023-07-03 16:37:34,928: [70] m.e.manticore:INFO: Starting symbolic transaction: 0
2023-07-03 16:37:35,080: [70] m.e.manticore:INFO: 0 alive states, 1 terminated states
2023-07-03 16:37:35,130: [70] m.e.manticore:INFO: Starting symbolic transaction: 1
2023-07-03 16:37:35,402: [70] m.c.manticore:INFO: Results in /mcore_cdnb_7yy
2023-07-03 16:37:35,403: [70] m.c.manticore:INFO: Total time: 0.47135472297668457
2023-07-03 16:37:36,138: [129] m.main:INFO: Registered plugins: IntrospectionAPIPlugin, <class 'manticore.ethereum.plugins.SkipRevertBasicBlocks'>, <class 'manticore.ethereum.plugins.FilterFunctions'>
2023-07-03 16:37:36,138: [129] m.main:INFO: Beginning analysis
2023-07-03 16:37:36,140: [129] m.e.manticore:INFO: Starting symbolic create contract
2023-07-03 16:37:38,465: [129] m.e.manticore:INFO: Starting symbolic transaction: 0
2023-07-03 16:37:44,356: [129] m.e.manticore:INFO: 0 alive states, 3 terminated states
2023-07-03 16:37:44,666: [129] m.c.manticore:INFO: Results in /mcore_z26aowcq
2023-07-03 16:37:44,666: [129] m.c.manticore:INFO: Total time: 6.179617166519165
2023-07-03 16:37:45,286: [200] m.main:INFO: Registered plugins: IntrospectionAPIPlugin, <class 'manticore.ethereum.plugins.SkipRevertBasicBlocks'>, <class 'manticore.ethereum.plugins.FilterFunctions'>
2023-07-03 16:37:45,286: [200] m.main:INFO: Beginning analysis
2023-07-03 16:37:45,289: [200] m.e.manticore:INFO: Starting symbolic create contract
