2023-07-03 16:21:17,658: [11] m.main:INFO: Registered plugins: IntrospectionAPIPlugin, <class 'manticore.ethereum.plugins.SkipRevertBasicBlocks'>, <class 'manticore.ethereum.plugins.FilterFunctions'>
2023-07-03 16:21:17,659: [11] m.main:INFO: Beginning analysis
2023-07-03 16:21:17,662: [11] m.e.manticore:INFO: Starting symbolic create contract
2023-07-03 16:21:20,341: [11] m.e.manticore:INFO: Starting symbolic transaction: 0
2023-07-03 16:21:53,297: [11] m.c.worker:ERROR: Exception in state 3: ManticoreError('Forking on unfeasible constraint set')
Traceback (most recent call last):
  File "/usr/local/lib/python3.7/dist-packages/manticore/core/worker.py", line 137, in run
    current_state.execute()
  File "/usr/local/lib/python3.7/dist-packages/manticore/ethereum/state.py", line 8, in execute
    return self._platform.execute()
  File "/usr/local/lib/python3.7/dist-packages/manticore/platforms/evm.py", line 3106, in execute
    self.current_vm.execute()
  File "/usr/local/lib/python3.7/dist-packages/manticore/platforms/evm.py", line 1322, in execute
    raise Concretize("Symbolic PC", expression=expression, setstate=setstate, policy="ALL")
manticore.core.state.Concretize

During handling of the above exception, another exception occurred:

Traceback (most recent call last):
  File "/usr/local/lib/python3.7/dist-packages/manticore/core/worker.py", line 158, in run
    m._fork(current_state, exc.expression, exc.policy, exc.setstate, exc.values)
  File "/usr/local/lib/python3.7/dist-packages/manticore/core/manticore.py", line 518, in _fork
    raise ManticoreError("Forking on unfeasible constraint set")
manticore.exceptions.ManticoreError: Forking on unfeasible constraint set
 
2023-07-03 16:24:09,973: [11] m.e.manticore:INFO: 0 alive states, 6 terminated states
2023-07-03 16:24:10,987: [11] m.c.manticore:INFO: Results in /mcore_1kvqrvja
2023-07-03 16:24:10,987: [11] m.c.manticore:INFO: Total time: 170.6059627532959
2023-07-03 16:24:11,690: [103] m.main:INFO: Registered plugins: IntrospectionAPIPlugin, <class 'manticore.ethereum.plugins.SkipRevertBasicBlocks'>, <class 'manticore.ethereum.plugins.FilterFunctions'>
2023-07-03 16:24:11,690: [103] m.main:INFO: Beginning analysis
2023-07-03 16:24:11,692: [103] m.e.manticore:INFO: Starting symbolic create contract
2023-07-03 16:24:12,195: [103] m.e.manticore:INFO: Starting symbolic transaction: 0
2023-07-03 16:24:12,296: [103] m.e.manticore:INFO: 0 alive states, 2 terminated states
2023-07-03 16:24:12,443: [103] m.c.manticore:INFO: Results in /mcore_8xs7etym
2023-07-03 16:24:12,443: [103] m.c.manticore:INFO: Total time: 0.24546265602111816
2023-07-03 16:24:13,111: [168] m.main:INFO: Registered plugins: IntrospectionAPIPlugin, <class 'manticore.ethereum.plugins.SkipRevertBasicBlocks'>, <class 'manticore.ethereum.plugins.FilterFunctions'>
2023-07-03 16:24:13,111: [168] m.main:INFO: Beginning analysis
2023-07-03 16:24:13,115: [168] m.e.manticore:INFO: Starting symbolic create contract
2023-07-03 16:24:13,823: [168] m.e.manticore:INFO: Starting symbolic transaction: 0
2023-07-03 16:24:13,971: [168] m.e.manticore:INFO: 0 alive states, 1 terminated states
2023-07-03 16:24:14,037: [168] m.e.manticore:INFO: Starting symbolic transaction: 1
2023-07-03 16:24:14,241: [168] m.c.manticore:INFO: Results in /mcore_tkrvu_hg
2023-07-03 16:24:14,241: [168] m.c.manticore:INFO: Total time: 0.410938024520874
2023-07-03 16:24:15,099: [227] m.main:INFO: Registered plugins: IntrospectionAPIPlugin, <class 'manticore.ethereum.plugins.SkipRevertBasicBlocks'>, <class 'manticore.ethereum.plugins.FilterFunctions'>
2023-07-03 16:24:15,099: [227] m.main:INFO: Beginning analysis
2023-07-03 16:24:15,104: [227] m.e.manticore:INFO: Starting symbolic create contract
2023-07-03 16:24:33,647: [227] m.e.manticore:INFO: Starting symbolic transaction: 0
