2023-07-03 16:53:02,530: [11] m.main:INFO: Registered plugins: IntrospectionAPIPlugin, <class 'manticore.ethereum.plugins.SkipRevertBasicBlocks'>, <class 'manticore.ethereum.plugins.FilterFunctions'>
2023-07-03 16:53:02,530: [11] m.main:INFO: Beginning analysis
2023-07-03 16:53:02,533: [11] m.e.manticore:INFO: Starting symbolic create contract
2023-07-03 16:53:03,188: [11] m.e.manticore:INFO: Starting symbolic transaction: 0
2023-07-03 16:53:03,308: [11] m.e.manticore:INFO: 0 alive states, 1 terminated states
2023-07-03 16:53:03,349: [11] m.e.manticore:INFO: Starting symbolic transaction: 1
2023-07-03 16:53:03,502: [11] m.c.manticore:INFO: Results in /mcore_p4mjpcl5
2023-07-03 16:53:03,503: [11] m.c.manticore:INFO: Total time: 0.312258243560791
2023-07-03 16:53:04,200: [70] m.main:INFO: Registered plugins: IntrospectionAPIPlugin, <class 'manticore.ethereum.plugins.SkipRevertBasicBlocks'>, <class 'manticore.ethereum.plugins.FilterFunctions'>
2023-07-03 16:53:04,201: [70] m.main:INFO: Beginning analysis
2023-07-03 16:53:04,203: [70] m.e.manticore:INFO: Starting symbolic create contract
2023-07-03 16:53:05,002: [70] m.e.manticore:INFO: Starting symbolic transaction: 0
2023-07-03 16:53:05,144: [70] m.e.manticore:INFO: 0 alive states, 1 terminated states
2023-07-03 16:53:05,204: [70] m.e.manticore:INFO: Starting symbolic transaction: 1
2023-07-03 16:53:05,392: [70] m.c.manticore:INFO: Results in /mcore_ulcujdfg
2023-07-03 16:53:05,393: [70] m.c.manticore:INFO: Total time: 0.3870735168457031
2023-07-03 16:53:06,094: [129] m.main:INFO: Registered plugins: IntrospectionAPIPlugin, <class 'manticore.ethereum.plugins.SkipRevertBasicBlocks'>, <class 'manticore.ethereum.plugins.FilterFunctions'>
2023-07-03 16:53:06,094: [129] m.main:INFO: Beginning analysis
2023-07-03 16:53:06,097: [129] m.e.manticore:INFO: Starting symbolic create contract
2023-07-03 16:53:06,761: [129] m.e.manticore:INFO: Starting symbolic transaction: 0
2023-07-03 16:53:06,892: [129] m.e.manticore:INFO: 0 alive states, 1 terminated states
2023-07-03 16:53:06,956: [129] m.e.manticore:INFO: Starting symbolic transaction: 1
2023-07-03 16:53:07,146: [129] m.c.manticore:INFO: Results in /mcore_qjzbde6a
2023-07-03 16:53:07,146: [129] m.c.manticore:INFO: Total time: 0.38097453117370605
2023-07-03 16:53:07,775: [188] m.main:INFO: Registered plugins: IntrospectionAPIPlugin, <class 'manticore.ethereum.plugins.SkipRevertBasicBlocks'>, <class 'manticore.ethereum.plugins.FilterFunctions'>
2023-07-03 16:53:07,775: [188] m.main:INFO: Beginning analysis
2023-07-03 16:53:07,778: [188] m.e.manticore:INFO: Starting symbolic create contract
2023-07-03 16:53:08,500: [188] m.e.manticore:INFO: Starting symbolic transaction: 0
2023-07-03 16:53:08,645: [188] m.e.manticore:INFO: 0 alive states, 1 terminated states
2023-07-03 16:53:08,701: [188] m.e.manticore:INFO: Starting symbolic transaction: 1
2023-07-03 16:53:08,894: [188] m.c.manticore:INFO: Results in /mcore_86eb5aq6
2023-07-03 16:53:08,895: [188] m.c.manticore:INFO: Total time: 0.3915421962738037
