2023-07-03 16:26:27,433: [11] m.main:INFO: Registered plugins: IntrospectionAPIPlugin, <class 'manticore.ethereum.plugins.SkipRevertBasicBlocks'>, <class 'manticore.ethereum.plugins.FilterFunctions'>
2023-07-03 16:26:27,433: [11] m.main:INFO: Beginning analysis
2023-07-03 16:26:27,435: [11] m.e.manticore:INFO: Starting symbolic create contract
2023-07-03 16:26:28,858: [11] m.e.manticore:INFO: Starting symbolic transaction: 0
2023-07-03 16:26:29,035: [11] m.e.manticore:INFO: 0 alive states, 1 terminated states
2023-07-03 16:26:29,086: [11] m.e.manticore:INFO: Starting symbolic transaction: 1
2023-07-03 16:26:29,341: [11] m.c.manticore:INFO: Results in /mcore_1rchdua_
2023-07-03 16:26:29,342: [11] m.c.manticore:INFO: Total time: 0.48064327239990234
2023-07-03 16:26:30,098: [70] m.main:INFO: Registered plugins: IntrospectionAPIPlugin, <class 'manticore.ethereum.plugins.SkipRevertBasicBlocks'>, <class 'manticore.ethereum.plugins.FilterFunctions'>
2023-07-03 16:26:30,099: [70] m.main:INFO: Beginning analysis
2023-07-03 16:26:30,102: [70] m.e.manticore:INFO: Starting symbolic create contract
2023-07-03 16:26:31,504: [70] m.e.manticore:INFO: Starting symbolic transaction: 0
2023-07-03 16:26:31,672: [70] m.e.manticore:INFO: 0 alive states, 1 terminated states
2023-07-03 16:26:31,730: [70] m.e.manticore:INFO: Starting symbolic transaction: 1
2023-07-03 16:26:32,011: [70] m.c.manticore:INFO: Results in /mcore_dpzgoagk
2023-07-03 16:26:32,012: [70] m.c.manticore:INFO: Total time: 0.5013012886047363
2023-07-03 16:26:32,789: [129] m.main:INFO: Registered plugins: IntrospectionAPIPlugin, <class 'manticore.ethereum.plugins.SkipRevertBasicBlocks'>, <class 'manticore.ethereum.plugins.FilterFunctions'>
2023-07-03 16:26:32,789: [129] m.main:INFO: Beginning analysis
2023-07-03 16:26:32,793: [129] m.e.manticore:INFO: Starting symbolic create contract
2023-07-03 16:26:35,016: [129] m.e.manticore:INFO: Starting symbolic transaction: 0
2023-07-03 16:26:40,749: [129] m.e.manticore:INFO: 0 alive states, 3 terminated states
2023-07-03 16:26:41,085: [129] m.c.manticore:INFO: Results in /mcore_14k5c3me
2023-07-03 16:26:41,085: [129] m.c.manticore:INFO: Total time: 6.046877384185791
2023-07-03 16:26:41,817: [200] m.main:INFO: Registered plugins: IntrospectionAPIPlugin, <class 'manticore.ethereum.plugins.SkipRevertBasicBlocks'>, <class 'manticore.ethereum.plugins.FilterFunctions'>
2023-07-03 16:26:41,818: [200] m.main:INFO: Beginning analysis
2023-07-03 16:26:41,822: [200] m.e.manticore:INFO: Starting symbolic create contract
