2023-07-03 16:24:06,967: [11] m.main:INFO: Registered plugins: IntrospectionAPIPlugin, <class 'manticore.ethereum.plugins.SkipRevertBasicBlocks'>, <class 'manticore.ethereum.plugins.FilterFunctions'>
2023-07-03 16:24:06,968: [11] m.main:INFO: Beginning analysis
2023-07-03 16:24:06,972: [11] m.e.manticore:INFO: Starting symbolic create contract
2023-07-03 16:24:08,938: [11] m.e.manticore:INFO: Starting symbolic transaction: 0
2023-07-03 16:24:15,743: [11] m.c.worker:ERROR: Exception in state 0: ManticoreError('Forking on unfeasible constraint set')
Traceback (most recent call last):
  File "/usr/local/lib/python3.7/dist-packages/manticore/core/worker.py", line 137, in run
    current_state.execute()
  File "/usr/local/lib/python3.7/dist-packages/manticore/ethereum/state.py", line 8, in execute
    return self._platform.execute()
  File "/usr/local/lib/python3.7/dist-packages/manticore/platforms/evm.py", line 3106, in execute
    self.current_vm.execute()
  File "/usr/local/lib/python3.7/dist-packages/manticore/platforms/evm.py", line 1322, in execute
    raise Concretize("Symbolic PC", expression=expression, setstate=setstate, policy="ALL")
manticore.core.state.Concretize

During handling of the above exception, another exception occurred:

Traceback (most recent call last):
  File "/usr/local/lib/python3.7/dist-packages/manticore/core/worker.py", line 158, in run
    m._fork(current_state, exc.expression, exc.policy, exc.setstate, exc.values)
  File "/usr/local/lib/python3.7/dist-packages/manticore/core/manticore.py", line 518, in _fork
    raise ManticoreError("Forking on unfeasible constraint set")
manticore.exceptions.ManticoreError: Forking on unfeasible constraint set
 
2023-07-03 16:24:15,764: [11] m.e.manticore:INFO: 0 alive states, 1 terminated states
2023-07-03 16:24:15,920: [11] m.c.manticore:INFO: Results in /mcore_2ddi712t
2023-07-03 16:24:15,921: [11] m.c.manticore:INFO: Total time: 6.954535007476807
2023-07-03 16:24:16,774: [73] m.main:INFO: Registered plugins: IntrospectionAPIPlugin, <class 'manticore.ethereum.plugins.SkipRevertBasicBlocks'>, <class 'manticore.ethereum.plugins.FilterFunctions'>
2023-07-03 16:24:16,774: [73] m.main:INFO: Beginning analysis
2023-07-03 16:24:16,777: [73] m.e.manticore:INFO: Starting symbolic create contract
2023-07-03 16:24:17,605: [73] m.e.manticore:INFO: Starting symbolic transaction: 0
2023-07-03 16:24:17,804: [73] m.e.manticore:INFO: 0 alive states, 1 terminated states
2023-07-03 16:24:17,873: [73] m.e.manticore:INFO: Starting symbolic transaction: 1
2023-07-03 16:24:18,058: [73] m.c.manticore:INFO: Results in /mcore_zpdqdwm7
2023-07-03 16:24:18,059: [73] m.c.manticore:INFO: Total time: 0.44925951957702637
2023-07-03 16:24:18,747: [132] m.main:INFO: Registered plugins: IntrospectionAPIPlugin, <class 'manticore.ethereum.plugins.SkipRevertBasicBlocks'>, <class 'manticore.ethereum.plugins.FilterFunctions'>
2023-07-03 16:24:18,747: [132] m.main:INFO: Beginning analysis
2023-07-03 16:24:18,749: [132] m.e.manticore:INFO: Starting symbolic create contract
2023-07-03 16:24:19,802: [132] m.e.manticore:INFO: Starting symbolic transaction: 0
2023-07-03 16:24:19,973: [132] m.e.manticore:INFO: 0 alive states, 1 terminated states
2023-07-03 16:24:20,020: [132] m.e.manticore:INFO: Starting symbolic transaction: 1
2023-07-03 16:24:20,259: [132] m.c.manticore:INFO: Results in /mcore_r660vd42
2023-07-03 16:24:20,259: [132] m.c.manticore:INFO: Total time: 0.44954848289489746
2023-07-03 16:24:20,984: [191] m.main:INFO: Registered plugins: IntrospectionAPIPlugin, <class 'manticore.ethereum.plugins.SkipRevertBasicBlocks'>, <class 'manticore.ethereum.plugins.FilterFunctions'>
2023-07-03 16:24:20,984: [191] m.main:INFO: Beginning analysis
2023-07-03 16:24:20,986: [191] m.e.manticore:INFO: Starting symbolic create contract
2023-07-03 16:24:21,879: [191] m.e.manticore:INFO: Starting symbolic transaction: 0
2023-07-03 16:24:22,027: [191] m.e.manticore:INFO: 0 alive states, 1 terminated states
2023-07-03 16:24:22,102: [191] m.e.manticore:INFO: Starting symbolic transaction: 1
2023-07-03 16:24:22,293: [191] m.c.manticore:INFO: Results in /mcore_3t19e3c0
2023-07-03 16:24:22,294: [191] m.c.manticore:INFO: Total time: 0.4114398956298828
2023-07-03 16:24:23,018: [250] m.main:INFO: Registered plugins: IntrospectionAPIPlugin, <class 'manticore.ethereum.plugins.SkipRevertBasicBlocks'>, <class 'manticore.ethereum.plugins.FilterFunctions'>
2023-07-03 16:24:23,019: [250] m.main:INFO: Beginning analysis
2023-07-03 16:24:23,021: [250] m.e.manticore:INFO: Starting symbolic create contract
2023-07-03 16:24:30,372: [250] m.e.manticore:INFO: Starting symbolic transaction: 0
2023-07-03 16:24:32,475: [250] m.c.worker:ERROR: Exception in state 0: ManticoreError('Forking on unfeasible constraint set')
Traceback (most recent call last):
  File "/usr/local/lib/python3.7/dist-packages/manticore/core/worker.py", line 137, in run
    current_state.execute()
  File "/usr/local/lib/python3.7/dist-packages/manticore/ethereum/state.py", line 8, in execute
    return self._platform.execute()
  File "/usr/local/lib/python3.7/dist-packages/manticore/platforms/evm.py", line 3106, in execute
    self.current_vm.execute()
  File "/usr/local/lib/python3.7/dist-packages/manticore/platforms/evm.py", line 1322, in execute
    raise Concretize("Symbolic PC", expression=expression, setstate=setstate, policy="ALL")
manticore.core.state.Concretize

During handling of the above exception, another exception occurred:

Traceback (most recent call last):
  File "/usr/local/lib/python3.7/dist-packages/manticore/core/worker.py", line 158, in run
    m._fork(current_state, exc.expression, exc.policy, exc.setstate, exc.values)
  File "/usr/local/lib/python3.7/dist-packages/manticore/core/manticore.py", line 518, in _fork
    raise ManticoreError("Forking on unfeasible constraint set")
manticore.exceptions.ManticoreError: Forking on unfeasible constraint set
 
2023-07-03 16:24:32,487: [250] m.e.manticore:INFO: 0 alive states, 0 terminated states
2023-07-03 16:24:32,550: [250] m.c.manticore:INFO: Results in /mcore_0jy0_aiw
2023-07-03 16:24:32,550: [250] m.c.manticore:INFO: Total time: 2.164506435394287
2023-07-03 16:24:33,297: [305] m.main:INFO: Registered plugins: IntrospectionAPIPlugin, <class 'manticore.ethereum.plugins.SkipRevertBasicBlocks'>, <class 'manticore.ethereum.plugins.FilterFunctions'>
2023-07-03 16:24:33,297: [305] m.main:INFO: Beginning analysis
2023-07-03 16:24:33,300: [305] m.e.manticore:INFO: Starting symbolic create contract
2023-07-03 16:24:34,148: [305] m.e.manticore:INFO: Starting symbolic transaction: 0
2023-07-03 16:24:34,313: [305] m.e.manticore:INFO: 0 alive states, 1 terminated states
2023-07-03 16:24:34,383: [305] m.e.manticore:INFO: Starting symbolic transaction: 1
2023-07-03 16:24:34,579: [305] m.c.manticore:INFO: Results in /mcore_u4qeaiaa
2023-07-03 16:24:34,579: [305] m.c.manticore:INFO: Total time: 0.4275236129760742
2023-07-03 16:24:35,380: [364] m.main:INFO: Registered plugins: IntrospectionAPIPlugin, <class 'manticore.ethereum.plugins.SkipRevertBasicBlocks'>, <class 'manticore.ethereum.plugins.FilterFunctions'>
2023-07-03 16:24:35,380: [364] m.main:INFO: Beginning analysis
2023-07-03 16:24:35,383: [364] m.e.manticore:INFO: Starting symbolic create contract
2023-07-03 16:24:36,413: [364] m.e.manticore:INFO: Starting symbolic transaction: 0
2023-07-03 16:24:36,568: [364] m.e.manticore:INFO: 0 alive states, 1 terminated states
2023-07-03 16:24:36,633: [364] m.e.manticore:INFO: Starting symbolic transaction: 1
2023-07-03 16:24:36,846: [364] m.c.manticore:INFO: Results in /mcore__z86xq9b
2023-07-03 16:24:36,846: [364] m.c.manticore:INFO: Total time: 0.4292943477630615
