2023-07-13 02:43:40,990: [11] m.main:INFO: Registered plugins: IntrospectionAPIPlugin, <class 'manticore.ethereum.plugins.SkipRevertBasicBlocks'>, <class 'manticore.ethereum.plugins.FilterFunctions'>
2023-07-13 02:43:40,991: [11] m.main:INFO: Beginning analysis
2023-07-13 02:43:40,993: [11] m.e.manticore:INFO: Starting symbolic create contract
2023-07-13 02:43:41,696: [11] m.e.manticore:INFO: Starting symbolic transaction: 0
2023-07-13 02:43:44,203: [11] m.e.manticore:INFO: Found a concrete globalsha3 b'\x00\x00\x00\x00\x00\x00\x00\x00\x00\x00\x00\x00\x00\x00\x00\x00\x00\x00\x00\x00\x00\x00\x00\x00\x00\x00\x00\x00\x00\x02\x00\x00\x00\x00\x00\x00\x00\x00\x00\x00\x00\x00\x00\x00\x00\x00\x00\x00\x00\x00\x00\x00\x00\x00\x00\x00\x00\x00\x00\x00\x00\x00\x00\x00' -> 73138091548938366139099779971772605061518111956507126412222883840269740007539
2023-07-13 02:43:54,677: [11] m.e.manticore:INFO: 3 alive states, 1 terminated states
2023-07-13 02:43:55,089: [11] m.e.manticore:INFO: Starting symbolic transaction: 1
2023-07-13 02:44:46,549: [11] m.e.manticore:INFO: 9 alive states, 1 terminated states
2023-07-13 02:44:47,266: [99] m.c.manticore:INFO: Generated testcase No. 0 - STOP(3 txs)
2023-07-13 02:44:47,267: [99] m.c.plugin:WARNING: Caught will_solve in state None, but failed to capture its initialization
2023-07-13 02:44:47,268: [101] m.c.manticore:INFO: Generated testcase No. 2 - STOP(3 txs)
2023-07-13 02:44:47,268: [101] m.c.plugin:WARNING: Caught will_solve in state None, but failed to capture its initialization
2023-07-13 02:44:47,271: [95] m.c.manticore:INFO: Generated testcase No. 1 - STOP(3 txs)
2023-07-13 02:44:47,272: [95] m.c.plugin:WARNING: Caught will_solve in state None, but failed to capture its initialization
2023-07-13 02:44:47,277: [98] m.c.manticore:INFO: Generated testcase No. 3 - STOP(3 txs)
2023-07-13 02:44:47,278: [98] m.c.plugin:WARNING: Caught will_solve in state None, but failed to capture its initialization
2023-07-13 02:44:47,625: [93] m.c.plugin:WARNING: Caught will_solve in state None, but failed to capture its initialization
2023-07-13 02:44:47,677: [97] m.c.plugin:WARNING: Caught will_solve in state None, but failed to capture its initialization
2023-07-13 02:44:47,680: [96] m.c.plugin:WARNING: Caught will_solve in state None, but failed to capture its initialization
2023-07-13 02:44:47,754: [94] m.c.plugin:WARNING: Caught will_solve in state None, but failed to capture its initialization
2023-07-13 02:44:48,050: [93] m.c.manticore:INFO: Generated testcase No. 4 - STOP(3 txs)
2023-07-13 02:44:48,122: [96] m.c.manticore:INFO: Generated testcase No. 5 - STOP(3 txs)
2023-07-13 02:44:48,148: [97] m.c.manticore:INFO: Generated testcase No. 6 - STOP(3 txs)
2023-07-13 02:44:48,265: [94] m.c.manticore:INFO: Generated testcase No. 7 - STOP(3 txs)
2023-07-13 02:44:48,558: [92] m.c.plugin:WARNING: Caught will_solve in state None, but failed to capture its initialization
2023-07-13 02:44:50,173: [92] m.c.manticore:INFO: Generated testcase No. 8 - STOP(3 txs)
2023-07-13 02:44:56,795: [11] m.c.plugin:WARNING: Caught will_solve in state None, but failed to capture its initialization
2023-07-13 02:45:02,459: [11] m.c.manticore:INFO: Results in /mcore_wm27z948
2023-07-13 02:45:02,460: [11] m.c.manticore:INFO: Total time: 67.28647375106812
