2023-07-03 16:38:00,601: [11] m.main:INFO: Registered plugins: IntrospectionAPIPlugin, <class 'manticore.ethereum.plugins.SkipRevertBasicBlocks'>, <class 'manticore.ethereum.plugins.FilterFunctions'>
2023-07-03 16:38:00,602: [11] m.main:INFO: Beginning analysis
2023-07-03 16:38:00,604: [11] m.e.manticore:INFO: Starting symbolic create contract
2023-07-03 16:38:00,660: [11] m.e.manticore:INFO: Failed to build contract /sb/FundV3_1.sol:661:5: Errors : Invalid solc compilation Warning: SPDX license identifier not provided in source file. Before publishing, consider adding a comment containing "SPDX-License-Identifier: <SPDX-License>" to each source file. Use "SPDX-License-Identifier: UNLICENSED" for non-open-source code. Please see https://spdx.org for more information.
--> sb/FundV3_1.sol

Error: No visibility specified. Did you intend to add "public"?
   --> sb/FundV3_1.sol:661:5:
    |
661 |     constructor() {
    |     ^ (Relevant source part starts here and spans across multiple lines).

Error: No visibility specified. Did you intend to add "public"?
   --> sb/FundV3_1.sol:742:5:
    |
742 |     constructor () {
    |     ^ (Relevant source part starts here and spans across multiple lines).


. Solidity failed to generate bytecode for your contract. Check if all the abstract functions are implemented. 
Process Process-1:
Traceback (most recent call last):
  File "/usr/lib/python3.7/multiprocessing/process.py", line 297, in _bootstrap
    self.run()
  File "/usr/lib/python3.7/multiprocessing/process.py", line 99, in run
    self._target(*self._args, **self._kwargs)
  File "/usr/local/lib/python3.7/dist-packages/manticore/ethereum/manticore.py", line 1766, in worker_finalize
    finalizer(q.get_nowait())
  File "/usr/local/lib/python3.7/dist-packages/manticore/ethereum/manticore.py", line 1757, in finalizer
    if only_alive_states and last_tx.result in {"REVERT", "THROW", "TXERROR"}:
AttributeError: 'NoneType' object has no attribute 'result'
2023-07-03 16:38:00,749: [11] m.c.manticore:INFO: Results in /mcore_tk82_81d
2023-07-03 16:38:00,749: [11] m.c.manticore:WARNING: Manticore failed to run
2023-07-03 16:38:01,496: [36] m.main:INFO: Registered plugins: IntrospectionAPIPlugin, <class 'manticore.ethereum.plugins.SkipRevertBasicBlocks'>, <class 'manticore.ethereum.plugins.FilterFunctions'>
2023-07-03 16:38:01,497: [36] m.main:INFO: Beginning analysis
2023-07-03 16:38:01,499: [36] m.e.manticore:INFO: Starting symbolic create contract
2023-07-03 16:38:01,551: [36] m.e.manticore:INFO: Failed to build contract SyntaxError: Errors : Invalid solc compilation Warning: SPDX license identifier not provided in source file. Before publishing, consider adding a comment containing "SPDX-License-Identifier: <SPDX-License>" to each source file. Use "SPDX-License-Identifier: UNLICENSED" for non-open-source code. Please see https://spdx.org for more information.
--> sb/FundV3_1.sol

Error: No visibility specified. Did you intend to add "public"?
   --> sb/FundV3_1.sol:661:5:
    |
661 |     constructor() {
    |     ^ (Relevant source part starts here and spans across multiple lines).

Error: No visibility specified. Did you intend to add "public"?
   --> sb/FundV3_1.sol:742:5:
    |
742 |     constructor () {
    |     ^ (Relevant source part starts here and spans across multiple lines).


. Solidity failed to generate bytecode for your contract. Check if all the abstract functions are implemented. 
Process Process-1:
Traceback (most recent call last):
  File "/usr/lib/python3.7/multiprocessing/process.py", line 297, in _bootstrap
    self.run()
  File "/usr/lib/python3.7/multiprocessing/process.py", line 99, in run
    self._target(*self._args, **self._kwargs)
  File "/usr/local/lib/python3.7/dist-packages/manticore/ethereum/manticore.py", line 1766, in worker_finalize
    finalizer(q.get_nowait())
  File "/usr/local/lib/python3.7/dist-packages/manticore/ethereum/manticore.py", line 1757, in finalizer
    if only_alive_states and last_tx.result in {"REVERT", "THROW", "TXERROR"}:
AttributeError: 'NoneType' object has no attribute 'result'
2023-07-03 16:38:01,625: [36] m.c.manticore:INFO: Results in /mcore_hzr7hsjj
2023-07-03 16:38:01,626: [36] m.c.manticore:WARNING: Manticore failed to run
2023-07-03 16:38:02,279: [61] m.main:INFO: Registered plugins: IntrospectionAPIPlugin, <class 'manticore.ethereum.plugins.SkipRevertBasicBlocks'>, <class 'manticore.ethereum.plugins.FilterFunctions'>
2023-07-03 16:38:02,280: [61] m.main:INFO: Beginning analysis
2023-07-03 16:38:02,282: [61] m.e.manticore:INFO: Starting symbolic create contract
2023-07-03 16:38:02,330: [61] m.e.manticore:INFO: Failed to build contract No Errors : Invalid solc compilation Warning: SPDX license identifier not provided in source file. Before publishing, consider adding a comment containing "SPDX-License-Identifier: <SPDX-License>" to each source file. Use "SPDX-License-Identifier: UNLICENSED" for non-open-source code. Please see https://spdx.org for more information.
--> sb/FundV3_1.sol

Error: No visibility specified. Did you intend to add "public"?
   --> sb/FundV3_1.sol:661:5:
    |
661 |     constructor() {
    |     ^ (Relevant source part starts here and spans across multiple lines).

Error: No visibility specified. Did you intend to add "public"?
   --> sb/FundV3_1.sol:742:5:
    |
742 |     constructor () {
    |     ^ (Relevant source part starts here and spans across multiple lines).


. Solidity failed to generate bytecode for your contract. Check if all the abstract functions are implemented. 
Process Process-1:
Traceback (most recent call last):
  File "/usr/lib/python3.7/multiprocessing/process.py", line 297, in _bootstrap
    self.run()
  File "/usr/lib/python3.7/multiprocessing/process.py", line 99, in run
    self._target(*self._args, **self._kwargs)
  File "/usr/local/lib/python3.7/dist-packages/manticore/ethereum/manticore.py", line 1766, in worker_finalize
    finalizer(q.get_nowait())
  File "/usr/local/lib/python3.7/dist-packages/manticore/ethereum/manticore.py", line 1757, in finalizer
    if only_alive_states and last_tx.result in {"REVERT", "THROW", "TXERROR"}:
AttributeError: 'NoneType' object has no attribute 'result'
2023-07-03 16:38:02,408: [61] m.c.manticore:INFO: Results in /mcore_nmahbtj5
2023-07-03 16:38:02,409: [61] m.c.manticore:WARNING: Manticore failed to run
2023-07-03 16:38:03,153: [86] m.main:INFO: Registered plugins: IntrospectionAPIPlugin, <class 'manticore.ethereum.plugins.SkipRevertBasicBlocks'>, <class 'manticore.ethereum.plugins.FilterFunctions'>
2023-07-03 16:38:03,153: [86] m.main:INFO: Beginning analysis
2023-07-03 16:38:03,156: [86] m.e.manticore:INFO: Starting symbolic create contract
2023-07-03 16:38:03,206: [86] m.e.manticore:INFO: Failed to build contract visibility Errors : Invalid solc compilation Warning: SPDX license identifier not provided in source file. Before publishing, consider adding a comment containing "SPDX-License-Identifier: <SPDX-License>" to each source file. Use "SPDX-License-Identifier: UNLICENSED" for non-open-source code. Please see https://spdx.org for more information.
--> sb/FundV3_1.sol

Error: No visibility specified. Did you intend to add "public"?
   --> sb/FundV3_1.sol:661:5:
    |
661 |     constructor() {
    |     ^ (Relevant source part starts here and spans across multiple lines).

Error: No visibility specified. Did you intend to add "public"?
   --> sb/FundV3_1.sol:742:5:
    |
742 |     constructor () {
    |     ^ (Relevant source part starts here and spans across multiple lines).


. Solidity failed to generate bytecode for your contract. Check if all the abstract functions are implemented. 
Process Process-1:
Traceback (most recent call last):
  File "/usr/lib/python3.7/multiprocessing/process.py", line 297, in _bootstrap
    self.run()
  File "/usr/lib/python3.7/multiprocessing/process.py", line 99, in run
    self._target(*self._args, **self._kwargs)
  File "/usr/local/lib/python3.7/dist-packages/manticore/ethereum/manticore.py", line 1766, in worker_finalize
    finalizer(q.get_nowait())
  File "/usr/local/lib/python3.7/dist-packages/manticore/ethereum/manticore.py", line 1757, in finalizer
    if only_alive_states and last_tx.result in {"REVERT", "THROW", "TXERROR"}:
AttributeError: 'NoneType' object has no attribute 'result'
2023-07-03 16:38:03,293: [86] m.c.manticore:INFO: Results in /mcore_s1h27g0h
2023-07-03 16:38:03,293: [86] m.c.manticore:WARNING: Manticore failed to run
2023-07-03 16:38:04,012: [111] m.main:INFO: Registered plugins: IntrospectionAPIPlugin, <class 'manticore.ethereum.plugins.SkipRevertBasicBlocks'>, <class 'manticore.ethereum.plugins.FilterFunctions'>
2023-07-03 16:38:04,012: [111] m.main:INFO: Beginning analysis
2023-07-03 16:38:04,015: [111] m.e.manticore:INFO: Starting symbolic create contract
2023-07-03 16:38:04,072: [111] m.e.manticore:INFO: Failed to build contract specified. Errors : Invalid solc compilation Warning: SPDX license identifier not provided in source file. Before publishing, consider adding a comment containing "SPDX-License-Identifier: <SPDX-License>" to each source file. Use "SPDX-License-Identifier: UNLICENSED" for non-open-source code. Please see https://spdx.org for more information.
--> sb/FundV3_1.sol

Error: No visibility specified. Did you intend to add "public"?
   --> sb/FundV3_1.sol:661:5:
    |
661 |     constructor() {
    |     ^ (Relevant source part starts here and spans across multiple lines).

Error: No visibility specified. Did you intend to add "public"?
   --> sb/FundV3_1.sol:742:5:
    |
742 |     constructor () {
    |     ^ (Relevant source part starts here and spans across multiple lines).


. Solidity failed to generate bytecode for your contract. Check if all the abstract functions are implemented. 
Process Process-1:
Traceback (most recent call last):
  File "/usr/lib/python3.7/multiprocessing/process.py", line 297, in _bootstrap
    self.run()
  File "/usr/lib/python3.7/multiprocessing/process.py", line 99, in run
    self._target(*self._args, **self._kwargs)
  File "/usr/local/lib/python3.7/dist-packages/manticore/ethereum/manticore.py", line 1766, in worker_finalize
    finalizer(q.get_nowait())
  File "/usr/local/lib/python3.7/dist-packages/manticore/ethereum/manticore.py", line 1757, in finalizer
    if only_alive_states and last_tx.result in {"REVERT", "THROW", "TXERROR"}:
AttributeError: 'NoneType' object has no attribute 'result'
2023-07-03 16:38:04,149: [111] m.c.manticore:INFO: Results in /mcore_g8am9gkj
2023-07-03 16:38:04,149: [111] m.c.manticore:WARNING: Manticore failed to run
2023-07-03 16:38:04,782: [136] m.main:INFO: Registered plugins: IntrospectionAPIPlugin, <class 'manticore.ethereum.plugins.SkipRevertBasicBlocks'>, <class 'manticore.ethereum.plugins.FilterFunctions'>
2023-07-03 16:38:04,782: [136] m.main:INFO: Beginning analysis
2023-07-03 16:38:04,785: [136] m.e.manticore:INFO: Starting symbolic create contract
2023-07-03 16:38:04,848: [136] m.e.manticore:INFO: Failed to build contract Did Errors : Invalid solc compilation Warning: SPDX license identifier not provided in source file. Before publishing, consider adding a comment containing "SPDX-License-Identifier: <SPDX-License>" to each source file. Use "SPDX-License-Identifier: UNLICENSED" for non-open-source code. Please see https://spdx.org for more information.
--> sb/FundV3_1.sol

Error: No visibility specified. Did you intend to add "public"?
   --> sb/FundV3_1.sol:661:5:
    |
661 |     constructor() {
    |     ^ (Relevant source part starts here and spans across multiple lines).

Error: No visibility specified. Did you intend to add "public"?
   --> sb/FundV3_1.sol:742:5:
    |
742 |     constructor () {
    |     ^ (Relevant source part starts here and spans across multiple lines).


. Solidity failed to generate bytecode for your contract. Check if all the abstract functions are implemented. 
Process Process-1:
Traceback (most recent call last):
  File "/usr/lib/python3.7/multiprocessing/process.py", line 297, in _bootstrap
    self.run()
  File "/usr/lib/python3.7/multiprocessing/process.py", line 99, in run
    self._target(*self._args, **self._kwargs)
  File "/usr/local/lib/python3.7/dist-packages/manticore/ethereum/manticore.py", line 1766, in worker_finalize
    finalizer(q.get_nowait())
  File "/usr/local/lib/python3.7/dist-packages/manticore/ethereum/manticore.py", line 1757, in finalizer
    if only_alive_states and last_tx.result in {"REVERT", "THROW", "TXERROR"}:
AttributeError: 'NoneType' object has no attribute 'result'
2023-07-03 16:38:04,941: [136] m.c.manticore:INFO: Results in /mcore_14mgy101
2023-07-03 16:38:04,941: [136] m.c.manticore:WARNING: Manticore failed to run
2023-07-03 16:38:05,605: [161] m.main:INFO: Registered plugins: IntrospectionAPIPlugin, <class 'manticore.ethereum.plugins.SkipRevertBasicBlocks'>, <class 'manticore.ethereum.plugins.FilterFunctions'>
2023-07-03 16:38:05,605: [161] m.main:INFO: Beginning analysis
2023-07-03 16:38:05,609: [161] m.e.manticore:INFO: Starting symbolic create contract
2023-07-03 16:38:05,673: [161] m.e.manticore:INFO: Failed to build contract you Errors : Invalid solc compilation Warning: SPDX license identifier not provided in source file. Before publishing, consider adding a comment containing "SPDX-License-Identifier: <SPDX-License>" to each source file. Use "SPDX-License-Identifier: UNLICENSED" for non-open-source code. Please see https://spdx.org for more information.
--> sb/FundV3_1.sol

Error: No visibility specified. Did you intend to add "public"?
   --> sb/FundV3_1.sol:661:5:
    |
661 |     constructor() {
    |     ^ (Relevant source part starts here and spans across multiple lines).

Error: No visibility specified. Did you intend to add "public"?
   --> sb/FundV3_1.sol:742:5:
    |
742 |     constructor () {
    |     ^ (Relevant source part starts here and spans across multiple lines).


. Solidity failed to generate bytecode for your contract. Check if all the abstract functions are implemented. 
Process Process-1:
Traceback (most recent call last):
  File "/usr/lib/python3.7/multiprocessing/process.py", line 297, in _bootstrap
    self.run()
  File "/usr/lib/python3.7/multiprocessing/process.py", line 99, in run
    self._target(*self._args, **self._kwargs)
  File "/usr/local/lib/python3.7/dist-packages/manticore/ethereum/manticore.py", line 1766, in worker_finalize
    finalizer(q.get_nowait())
  File "/usr/local/lib/python3.7/dist-packages/manticore/ethereum/manticore.py", line 1757, in finalizer
    if only_alive_states and last_tx.result in {"REVERT", "THROW", "TXERROR"}:
AttributeError: 'NoneType' object has no attribute 'result'
2023-07-03 16:38:05,739: [161] m.c.manticore:INFO: Results in /mcore_hx8bjyl0
2023-07-03 16:38:05,739: [161] m.c.manticore:WARNING: Manticore failed to run
2023-07-03 16:38:06,461: [186] m.main:INFO: Registered plugins: IntrospectionAPIPlugin, <class 'manticore.ethereum.plugins.SkipRevertBasicBlocks'>, <class 'manticore.ethereum.plugins.FilterFunctions'>
2023-07-03 16:38:06,461: [186] m.main:INFO: Beginning analysis
2023-07-03 16:38:06,463: [186] m.e.manticore:INFO: Starting symbolic create contract
2023-07-03 16:38:06,520: [186] m.e.manticore:INFO: Failed to build contract intend Errors : Invalid solc compilation Warning: SPDX license identifier not provided in source file. Before publishing, consider adding a comment containing "SPDX-License-Identifier: <SPDX-License>" to each source file. Use "SPDX-License-Identifier: UNLICENSED" for non-open-source code. Please see https://spdx.org for more information.
--> sb/FundV3_1.sol

Error: No visibility specified. Did you intend to add "public"?
   --> sb/FundV3_1.sol:661:5:
    |
661 |     constructor() {
    |     ^ (Relevant source part starts here and spans across multiple lines).

Error: No visibility specified. Did you intend to add "public"?
   --> sb/FundV3_1.sol:742:5:
    |
742 |     constructor () {
    |     ^ (Relevant source part starts here and spans across multiple lines).


. Solidity failed to generate bytecode for your contract. Check if all the abstract functions are implemented. 
Process Process-1:
Traceback (most recent call last):
  File "/usr/lib/python3.7/multiprocessing/process.py", line 297, in _bootstrap
    self.run()
  File "/usr/lib/python3.7/multiprocessing/process.py", line 99, in run
    self._target(*self._args, **self._kwargs)
  File "/usr/local/lib/python3.7/dist-packages/manticore/ethereum/manticore.py", line 1766, in worker_finalize
    finalizer(q.get_nowait())
  File "/usr/local/lib/python3.7/dist-packages/manticore/ethereum/manticore.py", line 1757, in finalizer
    if only_alive_states and last_tx.result in {"REVERT", "THROW", "TXERROR"}:
AttributeError: 'NoneType' object has no attribute 'result'
2023-07-03 16:38:06,584: [186] m.c.manticore:INFO: Results in /mcore_96unwzrv
2023-07-03 16:38:06,584: [186] m.c.manticore:WARNING: Manticore failed to run
2023-07-03 16:38:07,256: [211] m.main:INFO: Registered plugins: IntrospectionAPIPlugin, <class 'manticore.ethereum.plugins.SkipRevertBasicBlocks'>, <class 'manticore.ethereum.plugins.FilterFunctions'>
2023-07-03 16:38:07,256: [211] m.main:INFO: Beginning analysis
2023-07-03 16:38:07,258: [211] m.e.manticore:INFO: Starting symbolic create contract
2023-07-03 16:38:07,337: [211] m.e.manticore:INFO: Failed to build contract to Errors : Invalid solc compilation Warning: SPDX license identifier not provided in source file. Before publishing, consider adding a comment containing "SPDX-License-Identifier: <SPDX-License>" to each source file. Use "SPDX-License-Identifier: UNLICENSED" for non-open-source code. Please see https://spdx.org for more information.
--> sb/FundV3_1.sol

Error: No visibility specified. Did you intend to add "public"?
   --> sb/FundV3_1.sol:661:5:
    |
661 |     constructor() {
    |     ^ (Relevant source part starts here and spans across multiple lines).

Error: No visibility specified. Did you intend to add "public"?
   --> sb/FundV3_1.sol:742:5:
    |
742 |     constructor () {
    |     ^ (Relevant source part starts here and spans across multiple lines).


. Solidity failed to generate bytecode for your contract. Check if all the abstract functions are implemented. 
Process Process-1:
Traceback (most recent call last):
  File "/usr/lib/python3.7/multiprocessing/process.py", line 297, in _bootstrap
    self.run()
  File "/usr/lib/python3.7/multiprocessing/process.py", line 99, in run
    self._target(*self._args, **self._kwargs)
  File "/usr/local/lib/python3.7/dist-packages/manticore/ethereum/manticore.py", line 1766, in worker_finalize
    finalizer(q.get_nowait())
  File "/usr/local/lib/python3.7/dist-packages/manticore/ethereum/manticore.py", line 1757, in finalizer
    if only_alive_states and last_tx.result in {"REVERT", "THROW", "TXERROR"}:
AttributeError: 'NoneType' object has no attribute 'result'
2023-07-03 16:38:07,418: [211] m.c.manticore:INFO: Results in /mcore_jhei29fc
2023-07-03 16:38:07,418: [211] m.c.manticore:WARNING: Manticore failed to run
2023-07-03 16:38:08,079: [236] m.main:INFO: Registered plugins: IntrospectionAPIPlugin, <class 'manticore.ethereum.plugins.SkipRevertBasicBlocks'>, <class 'manticore.ethereum.plugins.FilterFunctions'>
2023-07-03 16:38:08,079: [236] m.main:INFO: Beginning analysis
2023-07-03 16:38:08,081: [236] m.e.manticore:INFO: Starting symbolic create contract
2023-07-03 16:38:08,144: [236] m.e.manticore:INFO: Failed to build contract add Errors : Invalid solc compilation Warning: SPDX license identifier not provided in source file. Before publishing, consider adding a comment containing "SPDX-License-Identifier: <SPDX-License>" to each source file. Use "SPDX-License-Identifier: UNLICENSED" for non-open-source code. Please see https://spdx.org for more information.
--> sb/FundV3_1.sol

Error: No visibility specified. Did you intend to add "public"?
   --> sb/FundV3_1.sol:661:5:
    |
661 |     constructor() {
    |     ^ (Relevant source part starts here and spans across multiple lines).

Error: No visibility specified. Did you intend to add "public"?
   --> sb/FundV3_1.sol:742:5:
    |
742 |     constructor () {
    |     ^ (Relevant source part starts here and spans across multiple lines).


. Solidity failed to generate bytecode for your contract. Check if all the abstract functions are implemented. 
Process Process-1:
Traceback (most recent call last):
  File "/usr/lib/python3.7/multiprocessing/process.py", line 297, in _bootstrap
    self.run()
  File "/usr/lib/python3.7/multiprocessing/process.py", line 99, in run
    self._target(*self._args, **self._kwargs)
  File "/usr/local/lib/python3.7/dist-packages/manticore/ethereum/manticore.py", line 1766, in worker_finalize
    finalizer(q.get_nowait())
  File "/usr/local/lib/python3.7/dist-packages/manticore/ethereum/manticore.py", line 1757, in finalizer
    if only_alive_states and last_tx.result in {"REVERT", "THROW", "TXERROR"}:
AttributeError: 'NoneType' object has no attribute 'result'
2023-07-03 16:38:08,215: [236] m.c.manticore:INFO: Results in /mcore_pih4gkat
2023-07-03 16:38:08,215: [236] m.c.manticore:WARNING: Manticore failed to run
2023-07-03 16:38:08,936: [261] m.main:INFO: Registered plugins: IntrospectionAPIPlugin, <class 'manticore.ethereum.plugins.SkipRevertBasicBlocks'>, <class 'manticore.ethereum.plugins.FilterFunctions'>
2023-07-03 16:38:08,936: [261] m.main:INFO: Beginning analysis
2023-07-03 16:38:08,938: [261] m.e.manticore:INFO: Starting symbolic create contract
2023-07-03 16:38:08,979: [261] m.e.manticore:INFO: Failed to build contract "public"? Errors : Invalid solc compilation Warning: SPDX license identifier not provided in source file. Before publishing, consider adding a comment containing "SPDX-License-Identifier: <SPDX-License>" to each source file. Use "SPDX-License-Identifier: UNLICENSED" for non-open-source code. Please see https://spdx.org for more information.
--> sb/FundV3_1.sol

Error: No visibility specified. Did you intend to add "public"?
   --> sb/FundV3_1.sol:661:5:
    |
661 |     constructor() {
    |     ^ (Relevant source part starts here and spans across multiple lines).

Error: No visibility specified. Did you intend to add "public"?
   --> sb/FundV3_1.sol:742:5:
    |
742 |     constructor () {
    |     ^ (Relevant source part starts here and spans across multiple lines).


. Solidity failed to generate bytecode for your contract. Check if all the abstract functions are implemented. 
Process Process-1:
Traceback (most recent call last):
  File "/usr/lib/python3.7/multiprocessing/process.py", line 297, in _bootstrap
    self.run()
  File "/usr/lib/python3.7/multiprocessing/process.py", line 99, in run
    self._target(*self._args, **self._kwargs)
  File "/usr/local/lib/python3.7/dist-packages/manticore/ethereum/manticore.py", line 1766, in worker_finalize
    finalizer(q.get_nowait())
  File "/usr/local/lib/python3.7/dist-packages/manticore/ethereum/manticore.py", line 1757, in finalizer
    if only_alive_states and last_tx.result in {"REVERT", "THROW", "TXERROR"}:
AttributeError: 'NoneType' object has no attribute 'result'
2023-07-03 16:38:09,044: [261] m.c.manticore:INFO: Results in /mcore_z2lmlos1
2023-07-03 16:38:09,044: [261] m.c.manticore:WARNING: Manticore failed to run
2023-07-03 16:38:09,725: [286] m.main:INFO: Registered plugins: IntrospectionAPIPlugin, <class 'manticore.ethereum.plugins.SkipRevertBasicBlocks'>, <class 'manticore.ethereum.plugins.FilterFunctions'>
2023-07-03 16:38:09,725: [286] m.main:INFO: Beginning analysis
2023-07-03 16:38:09,728: [286] m.e.manticore:INFO: Starting symbolic create contract
2023-07-03 16:38:09,796: [286] m.e.manticore:INFO: Failed to build contract constructor() Errors : Invalid solc compilation Warning: SPDX license identifier not provided in source file. Before publishing, consider adding a comment containing "SPDX-License-Identifier: <SPDX-License>" to each source file. Use "SPDX-License-Identifier: UNLICENSED" for non-open-source code. Please see https://spdx.org for more information.
--> sb/FundV3_1.sol

Error: No visibility specified. Did you intend to add "public"?
   --> sb/FundV3_1.sol:661:5:
    |
661 |     constructor() {
    |     ^ (Relevant source part starts here and spans across multiple lines).

Error: No visibility specified. Did you intend to add "public"?
   --> sb/FundV3_1.sol:742:5:
    |
742 |     constructor () {
    |     ^ (Relevant source part starts here and spans across multiple lines).


. Solidity failed to generate bytecode for your contract. Check if all the abstract functions are implemented. 
Process Process-1:
Traceback (most recent call last):
  File "/usr/lib/python3.7/multiprocessing/process.py", line 297, in _bootstrap
    self.run()
  File "/usr/lib/python3.7/multiprocessing/process.py", line 99, in run
    self._target(*self._args, **self._kwargs)
  File "/usr/local/lib/python3.7/dist-packages/manticore/ethereum/manticore.py", line 1766, in worker_finalize
    finalizer(q.get_nowait())
  File "/usr/local/lib/python3.7/dist-packages/manticore/ethereum/manticore.py", line 1757, in finalizer
    if only_alive_states and last_tx.result in {"REVERT", "THROW", "TXERROR"}:
AttributeError: 'NoneType' object has no attribute 'result'
2023-07-03 16:38:09,866: [286] m.c.manticore:INFO: Results in /mcore_ydfo_o23
2023-07-03 16:38:09,867: [286] m.c.manticore:WARNING: Manticore failed to run
2023-07-03 16:38:10,531: [311] m.main:INFO: Registered plugins: IntrospectionAPIPlugin, <class 'manticore.ethereum.plugins.SkipRevertBasicBlocks'>, <class 'manticore.ethereum.plugins.FilterFunctions'>
2023-07-03 16:38:10,531: [311] m.main:INFO: Beginning analysis
2023-07-03 16:38:10,533: [311] m.e.manticore:INFO: Starting symbolic create contract
2023-07-03 16:38:10,595: [311] m.e.manticore:INFO: Failed to build contract { Errors : Invalid solc compilation Warning: SPDX license identifier not provided in source file. Before publishing, consider adding a comment containing "SPDX-License-Identifier: <SPDX-License>" to each source file. Use "SPDX-License-Identifier: UNLICENSED" for non-open-source code. Please see https://spdx.org for more information.
--> sb/FundV3_1.sol

Error: No visibility specified. Did you intend to add "public"?
   --> sb/FundV3_1.sol:661:5:
    |
661 |     constructor() {
    |     ^ (Relevant source part starts here and spans across multiple lines).

Error: No visibility specified. Did you intend to add "public"?
   --> sb/FundV3_1.sol:742:5:
    |
742 |     constructor () {
    |     ^ (Relevant source part starts here and spans across multiple lines).


. Solidity failed to generate bytecode for your contract. Check if all the abstract functions are implemented. 
Process Process-1:
Traceback (most recent call last):
  File "/usr/lib/python3.7/multiprocessing/process.py", line 297, in _bootstrap
    self.run()
  File "/usr/lib/python3.7/multiprocessing/process.py", line 99, in run
    self._target(*self._args, **self._kwargs)
  File "/usr/local/lib/python3.7/dist-packages/manticore/ethereum/manticore.py", line 1766, in worker_finalize
    finalizer(q.get_nowait())
  File "/usr/local/lib/python3.7/dist-packages/manticore/ethereum/manticore.py", line 1757, in finalizer
    if only_alive_states and last_tx.result in {"REVERT", "THROW", "TXERROR"}:
AttributeError: 'NoneType' object has no attribute 'result'
2023-07-03 16:38:10,680: [311] m.c.manticore:INFO: Results in /mcore_749qbagk
2023-07-03 16:38:10,680: [311] m.c.manticore:WARNING: Manticore failed to run
2023-07-03 16:38:11,300: [336] m.main:INFO: Registered plugins: IntrospectionAPIPlugin, <class 'manticore.ethereum.plugins.SkipRevertBasicBlocks'>, <class 'manticore.ethereum.plugins.FilterFunctions'>
2023-07-03 16:38:11,301: [336] m.main:INFO: Beginning analysis
2023-07-03 16:38:11,304: [336] m.e.manticore:INFO: Starting symbolic create contract
2023-07-03 16:38:11,418: [336] m.e.manticore:INFO: Failed to build contract ^ Errors : Invalid solc compilation Warning: SPDX license identifier not provided in source file. Before publishing, consider adding a comment containing "SPDX-License-Identifier: <SPDX-License>" to each source file. Use "SPDX-License-Identifier: UNLICENSED" for non-open-source code. Please see https://spdx.org for more information.
--> sb/FundV3_1.sol

Error: No visibility specified. Did you intend to add "public"?
   --> sb/FundV3_1.sol:661:5:
    |
661 |     constructor() {
    |     ^ (Relevant source part starts here and spans across multiple lines).

Error: No visibility specified. Did you intend to add "public"?
   --> sb/FundV3_1.sol:742:5:
    |
742 |     constructor () {
    |     ^ (Relevant source part starts here and spans across multiple lines).


. Solidity failed to generate bytecode for your contract. Check if all the abstract functions are implemented. 
Process Process-1:
Traceback (most recent call last):
  File "/usr/lib/python3.7/multiprocessing/process.py", line 297, in _bootstrap
    self.run()
  File "/usr/lib/python3.7/multiprocessing/process.py", line 99, in run
    self._target(*self._args, **self._kwargs)
  File "/usr/local/lib/python3.7/dist-packages/manticore/ethereum/manticore.py", line 1766, in worker_finalize
    finalizer(q.get_nowait())
  File "/usr/local/lib/python3.7/dist-packages/manticore/ethereum/manticore.py", line 1757, in finalizer
    if only_alive_states and last_tx.result in {"REVERT", "THROW", "TXERROR"}:
AttributeError: 'NoneType' object has no attribute 'result'
2023-07-03 16:38:11,474: [336] m.c.manticore:INFO: Results in /mcore_iad76gsv
2023-07-03 16:38:11,474: [336] m.c.manticore:WARNING: Manticore failed to run
2023-07-03 16:38:12,150: [361] m.main:INFO: Registered plugins: IntrospectionAPIPlugin, <class 'manticore.ethereum.plugins.SkipRevertBasicBlocks'>, <class 'manticore.ethereum.plugins.FilterFunctions'>
2023-07-03 16:38:12,150: [361] m.main:INFO: Beginning analysis
2023-07-03 16:38:12,153: [361] m.e.manticore:INFO: Starting symbolic create contract
2023-07-03 16:38:12,218: [361] m.e.manticore:INFO: Failed to build contract (Relevant Errors : Invalid solc compilation Warning: SPDX license identifier not provided in source file. Before publishing, consider adding a comment containing "SPDX-License-Identifier: <SPDX-License>" to each source file. Use "SPDX-License-Identifier: UNLICENSED" for non-open-source code. Please see https://spdx.org for more information.
--> sb/FundV3_1.sol

Error: No visibility specified. Did you intend to add "public"?
   --> sb/FundV3_1.sol:661:5:
    |
661 |     constructor() {
    |     ^ (Relevant source part starts here and spans across multiple lines).

Error: No visibility specified. Did you intend to add "public"?
   --> sb/FundV3_1.sol:742:5:
    |
742 |     constructor () {
    |     ^ (Relevant source part starts here and spans across multiple lines).


. Solidity failed to generate bytecode for your contract. Check if all the abstract functions are implemented. 
Process Process-1:
Traceback (most recent call last):
  File "/usr/lib/python3.7/multiprocessing/process.py", line 297, in _bootstrap
    self.run()
  File "/usr/lib/python3.7/multiprocessing/process.py", line 99, in run
    self._target(*self._args, **self._kwargs)
  File "/usr/local/lib/python3.7/dist-packages/manticore/ethereum/manticore.py", line 1766, in worker_finalize
    finalizer(q.get_nowait())
  File "/usr/local/lib/python3.7/dist-packages/manticore/ethereum/manticore.py", line 1757, in finalizer
    if only_alive_states and last_tx.result in {"REVERT", "THROW", "TXERROR"}:
AttributeError: 'NoneType' object has no attribute 'result'
2023-07-03 16:38:12,290: [361] m.c.manticore:INFO: Results in /mcore_57geahyn
2023-07-03 16:38:12,290: [361] m.c.manticore:WARNING: Manticore failed to run
2023-07-03 16:38:13,073: [386] m.main:INFO: Registered plugins: IntrospectionAPIPlugin, <class 'manticore.ethereum.plugins.SkipRevertBasicBlocks'>, <class 'manticore.ethereum.plugins.FilterFunctions'>
2023-07-03 16:38:13,074: [386] m.main:INFO: Beginning analysis
2023-07-03 16:38:13,076: [386] m.e.manticore:INFO: Starting symbolic create contract
2023-07-03 16:38:13,142: [386] m.e.manticore:INFO: Failed to build contract source Errors : Invalid solc compilation Warning: SPDX license identifier not provided in source file. Before publishing, consider adding a comment containing "SPDX-License-Identifier: <SPDX-License>" to each source file. Use "SPDX-License-Identifier: UNLICENSED" for non-open-source code. Please see https://spdx.org for more information.
--> sb/FundV3_1.sol

Error: No visibility specified. Did you intend to add "public"?
   --> sb/FundV3_1.sol:661:5:
    |
661 |     constructor() {
    |     ^ (Relevant source part starts here and spans across multiple lines).

Error: No visibility specified. Did you intend to add "public"?
   --> sb/FundV3_1.sol:742:5:
    |
742 |     constructor () {
    |     ^ (Relevant source part starts here and spans across multiple lines).


. Solidity failed to generate bytecode for your contract. Check if all the abstract functions are implemented. 
Process Process-1:
Traceback (most recent call last):
  File "/usr/lib/python3.7/multiprocessing/process.py", line 297, in _bootstrap
    self.run()
  File "/usr/lib/python3.7/multiprocessing/process.py", line 99, in run
    self._target(*self._args, **self._kwargs)
  File "/usr/local/lib/python3.7/dist-packages/manticore/ethereum/manticore.py", line 1766, in worker_finalize
    finalizer(q.get_nowait())
  File "/usr/local/lib/python3.7/dist-packages/manticore/ethereum/manticore.py", line 1757, in finalizer
    if only_alive_states and last_tx.result in {"REVERT", "THROW", "TXERROR"}:
AttributeError: 'NoneType' object has no attribute 'result'
2023-07-03 16:38:13,216: [386] m.c.manticore:INFO: Results in /mcore_a4rby6yz
2023-07-03 16:38:13,217: [386] m.c.manticore:WARNING: Manticore failed to run
2023-07-03 16:38:13,900: [411] m.main:INFO: Registered plugins: IntrospectionAPIPlugin, <class 'manticore.ethereum.plugins.SkipRevertBasicBlocks'>, <class 'manticore.ethereum.plugins.FilterFunctions'>
2023-07-03 16:38:13,901: [411] m.main:INFO: Beginning analysis
2023-07-03 16:38:13,903: [411] m.e.manticore:INFO: Starting symbolic create contract
2023-07-03 16:38:14,008: [411] m.e.manticore:INFO: Failed to build contract part Errors : Invalid solc compilation Warning: SPDX license identifier not provided in source file. Before publishing, consider adding a comment containing "SPDX-License-Identifier: <SPDX-License>" to each source file. Use "SPDX-License-Identifier: UNLICENSED" for non-open-source code. Please see https://spdx.org for more information.
--> sb/FundV3_1.sol

Error: No visibility specified. Did you intend to add "public"?
   --> sb/FundV3_1.sol:661:5:
    |
661 |     constructor() {
    |     ^ (Relevant source part starts here and spans across multiple lines).

Error: No visibility specified. Did you intend to add "public"?
   --> sb/FundV3_1.sol:742:5:
    |
742 |     constructor () {
    |     ^ (Relevant source part starts here and spans across multiple lines).


. Solidity failed to generate bytecode for your contract. Check if all the abstract functions are implemented. 
Process Process-1:
Traceback (most recent call last):
  File "/usr/lib/python3.7/multiprocessing/process.py", line 297, in _bootstrap
    self.run()
  File "/usr/lib/python3.7/multiprocessing/process.py", line 99, in run
    self._target(*self._args, **self._kwargs)
  File "/usr/local/lib/python3.7/dist-packages/manticore/ethereum/manticore.py", line 1766, in worker_finalize
    finalizer(q.get_nowait())
  File "/usr/local/lib/python3.7/dist-packages/manticore/ethereum/manticore.py", line 1757, in finalizer
    if only_alive_states and last_tx.result in {"REVERT", "THROW", "TXERROR"}:
AttributeError: 'NoneType' object has no attribute 'result'
2023-07-03 16:38:14,092: [411] m.c.manticore:INFO: Results in /mcore_kgdg09le
2023-07-03 16:38:14,092: [411] m.c.manticore:WARNING: Manticore failed to run
2023-07-03 16:38:14,902: [436] m.main:INFO: Registered plugins: IntrospectionAPIPlugin, <class 'manticore.ethereum.plugins.SkipRevertBasicBlocks'>, <class 'manticore.ethereum.plugins.FilterFunctions'>
2023-07-03 16:38:14,903: [436] m.main:INFO: Beginning analysis
2023-07-03 16:38:14,905: [436] m.e.manticore:INFO: Starting symbolic create contract
2023-07-03 16:38:14,960: [436] m.e.manticore:INFO: Failed to build contract starts Errors : Invalid solc compilation Warning: SPDX license identifier not provided in source file. Before publishing, consider adding a comment containing "SPDX-License-Identifier: <SPDX-License>" to each source file. Use "SPDX-License-Identifier: UNLICENSED" for non-open-source code. Please see https://spdx.org for more information.
--> sb/FundV3_1.sol

Error: No visibility specified. Did you intend to add "public"?
   --> sb/FundV3_1.sol:661:5:
    |
661 |     constructor() {
    |     ^ (Relevant source part starts here and spans across multiple lines).

Error: No visibility specified. Did you intend to add "public"?
   --> sb/FundV3_1.sol:742:5:
    |
742 |     constructor () {
    |     ^ (Relevant source part starts here and spans across multiple lines).


. Solidity failed to generate bytecode for your contract. Check if all the abstract functions are implemented. 
Process Process-1:
Traceback (most recent call last):
  File "/usr/lib/python3.7/multiprocessing/process.py", line 297, in _bootstrap
    self.run()
  File "/usr/lib/python3.7/multiprocessing/process.py", line 99, in run
    self._target(*self._args, **self._kwargs)
  File "/usr/local/lib/python3.7/dist-packages/manticore/ethereum/manticore.py", line 1766, in worker_finalize
    finalizer(q.get_nowait())
  File "/usr/local/lib/python3.7/dist-packages/manticore/ethereum/manticore.py", line 1757, in finalizer
    if only_alive_states and last_tx.result in {"REVERT", "THROW", "TXERROR"}:
AttributeError: 'NoneType' object has no attribute 'result'
2023-07-03 16:38:15,038: [436] m.c.manticore:INFO: Results in /mcore_b1ydq5v_
2023-07-03 16:38:15,038: [436] m.c.manticore:WARNING: Manticore failed to run
2023-07-03 16:38:15,741: [461] m.main:INFO: Registered plugins: IntrospectionAPIPlugin, <class 'manticore.ethereum.plugins.SkipRevertBasicBlocks'>, <class 'manticore.ethereum.plugins.FilterFunctions'>
2023-07-03 16:38:15,741: [461] m.main:INFO: Beginning analysis
2023-07-03 16:38:15,744: [461] m.e.manticore:INFO: Starting symbolic create contract
2023-07-03 16:38:15,817: [461] m.e.manticore:INFO: Failed to build contract here Errors : Invalid solc compilation Warning: SPDX license identifier not provided in source file. Before publishing, consider adding a comment containing "SPDX-License-Identifier: <SPDX-License>" to each source file. Use "SPDX-License-Identifier: UNLICENSED" for non-open-source code. Please see https://spdx.org for more information.
--> sb/FundV3_1.sol

Error: No visibility specified. Did you intend to add "public"?
   --> sb/FundV3_1.sol:661:5:
    |
661 |     constructor() {
    |     ^ (Relevant source part starts here and spans across multiple lines).

Error: No visibility specified. Did you intend to add "public"?
   --> sb/FundV3_1.sol:742:5:
    |
742 |     constructor () {
    |     ^ (Relevant source part starts here and spans across multiple lines).


. Solidity failed to generate bytecode for your contract. Check if all the abstract functions are implemented. 
Process Process-1:
Traceback (most recent call last):
  File "/usr/lib/python3.7/multiprocessing/process.py", line 297, in _bootstrap
    self.run()
  File "/usr/lib/python3.7/multiprocessing/process.py", line 99, in run
    self._target(*self._args, **self._kwargs)
  File "/usr/local/lib/python3.7/dist-packages/manticore/ethereum/manticore.py", line 1766, in worker_finalize
    finalizer(q.get_nowait())
  File "/usr/local/lib/python3.7/dist-packages/manticore/ethereum/manticore.py", line 1757, in finalizer
    if only_alive_states and last_tx.result in {"REVERT", "THROW", "TXERROR"}:
AttributeError: 'NoneType' object has no attribute 'result'
2023-07-03 16:38:15,892: [461] m.c.manticore:INFO: Results in /mcore_kco2mnaj
2023-07-03 16:38:15,893: [461] m.c.manticore:WARNING: Manticore failed to run
2023-07-03 16:38:16,810: [486] m.main:INFO: Registered plugins: IntrospectionAPIPlugin, <class 'manticore.ethereum.plugins.SkipRevertBasicBlocks'>, <class 'manticore.ethereum.plugins.FilterFunctions'>
2023-07-03 16:38:16,810: [486] m.main:INFO: Beginning analysis
2023-07-03 16:38:16,813: [486] m.e.manticore:INFO: Starting symbolic create contract
2023-07-03 16:38:16,870: [486] m.e.manticore:INFO: Failed to build contract and Errors : Invalid solc compilation Warning: SPDX license identifier not provided in source file. Before publishing, consider adding a comment containing "SPDX-License-Identifier: <SPDX-License>" to each source file. Use "SPDX-License-Identifier: UNLICENSED" for non-open-source code. Please see https://spdx.org for more information.
--> sb/FundV3_1.sol

Error: No visibility specified. Did you intend to add "public"?
   --> sb/FundV3_1.sol:661:5:
    |
661 |     constructor() {
    |     ^ (Relevant source part starts here and spans across multiple lines).

Error: No visibility specified. Did you intend to add "public"?
   --> sb/FundV3_1.sol:742:5:
    |
742 |     constructor () {
    |     ^ (Relevant source part starts here and spans across multiple lines).


. Solidity failed to generate bytecode for your contract. Check if all the abstract functions are implemented. 
Process Process-1:
Traceback (most recent call last):
  File "/usr/lib/python3.7/multiprocessing/process.py", line 297, in _bootstrap
    self.run()
  File "/usr/lib/python3.7/multiprocessing/process.py", line 99, in run
    self._target(*self._args, **self._kwargs)
  File "/usr/local/lib/python3.7/dist-packages/manticore/ethereum/manticore.py", line 1766, in worker_finalize
    finalizer(q.get_nowait())
  File "/usr/local/lib/python3.7/dist-packages/manticore/ethereum/manticore.py", line 1757, in finalizer
    if only_alive_states and last_tx.result in {"REVERT", "THROW", "TXERROR"}:
AttributeError: 'NoneType' object has no attribute 'result'
2023-07-03 16:38:16,931: [486] m.c.manticore:INFO: Results in /mcore_1b09oen2
2023-07-03 16:38:16,931: [486] m.c.manticore:WARNING: Manticore failed to run
2023-07-03 16:38:17,605: [511] m.main:INFO: Registered plugins: IntrospectionAPIPlugin, <class 'manticore.ethereum.plugins.SkipRevertBasicBlocks'>, <class 'manticore.ethereum.plugins.FilterFunctions'>
2023-07-03 16:38:17,605: [511] m.main:INFO: Beginning analysis
2023-07-03 16:38:17,608: [511] m.e.manticore:INFO: Starting symbolic create contract
2023-07-03 16:38:17,672: [511] m.e.manticore:INFO: Failed to build contract spans Errors : Invalid solc compilation Warning: SPDX license identifier not provided in source file. Before publishing, consider adding a comment containing "SPDX-License-Identifier: <SPDX-License>" to each source file. Use "SPDX-License-Identifier: UNLICENSED" for non-open-source code. Please see https://spdx.org for more information.
--> sb/FundV3_1.sol

Error: No visibility specified. Did you intend to add "public"?
   --> sb/FundV3_1.sol:661:5:
    |
661 |     constructor() {
    |     ^ (Relevant source part starts here and spans across multiple lines).

Error: No visibility specified. Did you intend to add "public"?
   --> sb/FundV3_1.sol:742:5:
    |
742 |     constructor () {
    |     ^ (Relevant source part starts here and spans across multiple lines).


. Solidity failed to generate bytecode for your contract. Check if all the abstract functions are implemented. 
Process Process-1:
Traceback (most recent call last):
  File "/usr/lib/python3.7/multiprocessing/process.py", line 297, in _bootstrap
    self.run()
  File "/usr/lib/python3.7/multiprocessing/process.py", line 99, in run
    self._target(*self._args, **self._kwargs)
  File "/usr/local/lib/python3.7/dist-packages/manticore/ethereum/manticore.py", line 1766, in worker_finalize
    finalizer(q.get_nowait())
  File "/usr/local/lib/python3.7/dist-packages/manticore/ethereum/manticore.py", line 1757, in finalizer
    if only_alive_states and last_tx.result in {"REVERT", "THROW", "TXERROR"}:
AttributeError: 'NoneType' object has no attribute 'result'
2023-07-03 16:38:17,735: [511] m.c.manticore:INFO: Results in /mcore_yeazjnmr
2023-07-03 16:38:17,735: [511] m.c.manticore:WARNING: Manticore failed to run
2023-07-03 16:38:18,354: [536] m.main:INFO: Registered plugins: IntrospectionAPIPlugin, <class 'manticore.ethereum.plugins.SkipRevertBasicBlocks'>, <class 'manticore.ethereum.plugins.FilterFunctions'>
2023-07-03 16:38:18,354: [536] m.main:INFO: Beginning analysis
2023-07-03 16:38:18,357: [536] m.e.manticore:INFO: Starting symbolic create contract
2023-07-03 16:38:18,406: [536] m.e.manticore:INFO: Failed to build contract across Errors : Invalid solc compilation Warning: SPDX license identifier not provided in source file. Before publishing, consider adding a comment containing "SPDX-License-Identifier: <SPDX-License>" to each source file. Use "SPDX-License-Identifier: UNLICENSED" for non-open-source code. Please see https://spdx.org for more information.
--> sb/FundV3_1.sol

Error: No visibility specified. Did you intend to add "public"?
   --> sb/FundV3_1.sol:661:5:
    |
661 |     constructor() {
    |     ^ (Relevant source part starts here and spans across multiple lines).

Error: No visibility specified. Did you intend to add "public"?
   --> sb/FundV3_1.sol:742:5:
    |
742 |     constructor () {
    |     ^ (Relevant source part starts here and spans across multiple lines).


. Solidity failed to generate bytecode for your contract. Check if all the abstract functions are implemented. 
Process Process-1:
Traceback (most recent call last):
  File "/usr/lib/python3.7/multiprocessing/process.py", line 297, in _bootstrap
    self.run()
  File "/usr/lib/python3.7/multiprocessing/process.py", line 99, in run
    self._target(*self._args, **self._kwargs)
  File "/usr/local/lib/python3.7/dist-packages/manticore/ethereum/manticore.py", line 1766, in worker_finalize
    finalizer(q.get_nowait())
  File "/usr/local/lib/python3.7/dist-packages/manticore/ethereum/manticore.py", line 1757, in finalizer
    if only_alive_states and last_tx.result in {"REVERT", "THROW", "TXERROR"}:
AttributeError: 'NoneType' object has no attribute 'result'
2023-07-03 16:38:18,487: [536] m.c.manticore:INFO: Results in /mcore_7dbxiijg
2023-07-03 16:38:18,488: [536] m.c.manticore:WARNING: Manticore failed to run
2023-07-03 16:38:19,237: [561] m.main:INFO: Registered plugins: IntrospectionAPIPlugin, <class 'manticore.ethereum.plugins.SkipRevertBasicBlocks'>, <class 'manticore.ethereum.plugins.FilterFunctions'>
2023-07-03 16:38:19,238: [561] m.main:INFO: Beginning analysis
2023-07-03 16:38:19,241: [561] m.e.manticore:INFO: Starting symbolic create contract
2023-07-03 16:38:19,291: [561] m.e.manticore:INFO: Failed to build contract multiple Errors : Invalid solc compilation Warning: SPDX license identifier not provided in source file. Before publishing, consider adding a comment containing "SPDX-License-Identifier: <SPDX-License>" to each source file. Use "SPDX-License-Identifier: UNLICENSED" for non-open-source code. Please see https://spdx.org for more information.
--> sb/FundV3_1.sol

Error: No visibility specified. Did you intend to add "public"?
   --> sb/FundV3_1.sol:661:5:
    |
661 |     constructor() {
    |     ^ (Relevant source part starts here and spans across multiple lines).

Error: No visibility specified. Did you intend to add "public"?
   --> sb/FundV3_1.sol:742:5:
    |
742 |     constructor () {
    |     ^ (Relevant source part starts here and spans across multiple lines).


. Solidity failed to generate bytecode for your contract. Check if all the abstract functions are implemented. 
Process Process-1:
Traceback (most recent call last):
  File "/usr/lib/python3.7/multiprocessing/process.py", line 297, in _bootstrap
    self.run()
  File "/usr/lib/python3.7/multiprocessing/process.py", line 99, in run
    self._target(*self._args, **self._kwargs)
  File "/usr/local/lib/python3.7/dist-packages/manticore/ethereum/manticore.py", line 1766, in worker_finalize
    finalizer(q.get_nowait())
  File "/usr/local/lib/python3.7/dist-packages/manticore/ethereum/manticore.py", line 1757, in finalizer
    if only_alive_states and last_tx.result in {"REVERT", "THROW", "TXERROR"}:
AttributeError: 'NoneType' object has no attribute 'result'
2023-07-03 16:38:19,359: [561] m.c.manticore:INFO: Results in /mcore_m6bjvj0i
2023-07-03 16:38:19,360: [561] m.c.manticore:WARNING: Manticore failed to run
2023-07-03 16:38:20,063: [586] m.main:INFO: Registered plugins: IntrospectionAPIPlugin, <class 'manticore.ethereum.plugins.SkipRevertBasicBlocks'>, <class 'manticore.ethereum.plugins.FilterFunctions'>
2023-07-03 16:38:20,064: [586] m.main:INFO: Beginning analysis
2023-07-03 16:38:20,067: [586] m.e.manticore:INFO: Starting symbolic create contract
2023-07-03 16:38:20,115: [586] m.e.manticore:INFO: Failed to build contract lines). Errors : Invalid solc compilation Warning: SPDX license identifier not provided in source file. Before publishing, consider adding a comment containing "SPDX-License-Identifier: <SPDX-License>" to each source file. Use "SPDX-License-Identifier: UNLICENSED" for non-open-source code. Please see https://spdx.org for more information.
--> sb/FundV3_1.sol

Error: No visibility specified. Did you intend to add "public"?
   --> sb/FundV3_1.sol:661:5:
    |
661 |     constructor() {
    |     ^ (Relevant source part starts here and spans across multiple lines).

Error: No visibility specified. Did you intend to add "public"?
   --> sb/FundV3_1.sol:742:5:
    |
742 |     constructor () {
    |     ^ (Relevant source part starts here and spans across multiple lines).


. Solidity failed to generate bytecode for your contract. Check if all the abstract functions are implemented. 
Process Process-1:
Traceback (most recent call last):
  File "/usr/lib/python3.7/multiprocessing/process.py", line 297, in _bootstrap
    self.run()
  File "/usr/lib/python3.7/multiprocessing/process.py", line 99, in run
    self._target(*self._args, **self._kwargs)
  File "/usr/local/lib/python3.7/dist-packages/manticore/ethereum/manticore.py", line 1766, in worker_finalize
    finalizer(q.get_nowait())
  File "/usr/local/lib/python3.7/dist-packages/manticore/ethereum/manticore.py", line 1757, in finalizer
    if only_alive_states and last_tx.result in {"REVERT", "THROW", "TXERROR"}:
AttributeError: 'NoneType' object has no attribute 'result'
2023-07-03 16:38:20,194: [586] m.c.manticore:INFO: Results in /mcore__s9rho68
2023-07-03 16:38:20,194: [586] m.c.manticore:WARNING: Manticore failed to run
