INFO:Detectors:[92m
TokenMintERC20Token.constructor.name (local variable @ /sb/TokenMintERC20Token0x887168120cb89Fb06F3E74Dc4AF20D67dF0977f6_1.sol#898) shadows:
	- TokenMintERC20Token.name (function @ /sb/TokenMintERC20Token0x887168120cb89Fb06F3E74Dc4AF20D67dF0977f6_1.sol#948-952)
TokenMintERC20Token.constructor.symbol (local variable @ /sb/TokenMintERC20Token0x887168120cb89Fb06F3E74Dc4AF20D67dF0977f6_1.sol#898) shadows:
	- TokenMintERC20Token.symbol (function @ /sb/TokenMintERC20Token0x887168120cb89Fb06F3E74Dc4AF20D67dF0977f6_1.sol#962-966)
TokenMintERC20Token.constructor.decimals (local variable @ /sb/TokenMintERC20Token0x887168120cb89Fb06F3E74Dc4AF20D67dF0977f6_1.sol#898) shadows:
	- TokenMintERC20Token.decimals (function @ /sb/TokenMintERC20Token0x887168120cb89Fb06F3E74Dc4AF20D67dF0977f6_1.sol#976-980)
TokenMintERC20Token.constructor.totalSupply (local variable @ /sb/TokenMintERC20Token0x887168120cb89Fb06F3E74Dc4AF20D67dF0977f6_1.sol#898) shadows:
	- ERC20.totalSupply (function @ /sb/TokenMintERC20Token0x887168120cb89Fb06F3E74Dc4AF20D67dF0977f6_1.sol#467-471)
	- IERC20.totalSupply (function @ /sb/TokenMintERC20Token0x887168120cb89Fb06F3E74Dc4AF20D67dF0977f6_1.sol#33)
Reference: https://github.com/trailofbits/slither/wiki/Detectors-Documentation#local-variable-shadowing[0m
INFO:Detectors:[92m
IERC20.totalSupply (/sb/TokenMintERC20Token0x887168120cb89Fb06F3E74Dc4AF20D67dF0977f6_1.sol#33) should be declared external
ERC20.totalSupply (/sb/TokenMintERC20Token0x887168120cb89Fb06F3E74Dc4AF20D67dF0977f6_1.sol#467-471) should be declared external
ERC20.balanceOf (/sb/TokenMintERC20Token0x887168120cb89Fb06F3E74Dc4AF20D67dF0977f6_1.sol#481-485) should be declared external
IERC20.balanceOf (/sb/TokenMintERC20Token0x887168120cb89Fb06F3E74Dc4AF20D67dF0977f6_1.sol#43) should be declared external
IERC20.transfer (/sb/TokenMintERC20Token0x887168120cb89Fb06F3E74Dc4AF20D67dF0977f6_1.sol#61) should be declared external
ERC20.transfer (/sb/TokenMintERC20Token0x887168120cb89Fb06F3E74Dc4AF20D67dF0977f6_1.sol#505-511) should be declared external
ERC20.allowance (/sb/TokenMintERC20Token0x887168120cb89Fb06F3E74Dc4AF20D67dF0977f6_1.sol#521-525) should be declared external
IERC20.allowance (/sb/TokenMintERC20Token0x887168120cb89Fb06F3E74Dc4AF20D67dF0977f6_1.sol#79) should be declared external
IERC20.approve (/sb/TokenMintERC20Token0x887168120cb89Fb06F3E74Dc4AF20D67dF0977f6_1.sol#111) should be declared external
ERC20.approve (/sb/TokenMintERC20Token0x887168120cb89Fb06F3E74Dc4AF20D67dF0977f6_1.sol#543-549) should be declared external
IERC20.transferFrom (/sb/TokenMintERC20Token0x887168120cb89Fb06F3E74Dc4AF20D67dF0977f6_1.sol#133) should be declared external
ERC20.transferFrom (/sb/TokenMintERC20Token0x887168120cb89Fb06F3E74Dc4AF20D67dF0977f6_1.sol#577-585) should be declared external
ERC20.increaseAllowance (/sb/TokenMintERC20Token0x887168120cb89Fb06F3E74Dc4AF20D67dF0977f6_1.sol#613-619) should be declared external
ERC20.decreaseAllowance (/sb/TokenMintERC20Token0x887168120cb89Fb06F3E74Dc4AF20D67dF0977f6_1.sol#651-657) should be declared external
TokenMintERC20Token.burn (/sb/TokenMintERC20Token0x887168120cb89Fb06F3E74Dc4AF20D67dF0977f6_1.sol#930-934) should be declared external
TokenMintERC20Token.name (/sb/TokenMintERC20Token0x887168120cb89Fb06F3E74Dc4AF20D67dF0977f6_1.sol#948-952) should be declared external
TokenMintERC20Token.symbol (/sb/TokenMintERC20Token0x887168120cb89Fb06F3E74Dc4AF20D67dF0977f6_1.sol#962-966) should be declared external
TokenMintERC20Token.decimals (/sb/TokenMintERC20Token0x887168120cb89Fb06F3E74Dc4AF20D67dF0977f6_1.sol#976-980) should be declared external
Reference: https://github.com/trailofbits/slither/wiki/Detectors-Documentation#public-function-that-could-be-declared-as-external[0m
INFO:Detectors:[92m
Detected issues with version pragma in /sb/TokenMintERC20Token0x887168120cb89Fb06F3E74Dc4AF20D67dF0977f6_1.sol:
	- pragma solidity^0.5.0 (/sb/TokenMintERC20Token0x887168120cb89Fb06F3E74Dc4AF20D67dF0977f6_1.sol#1): it allows old versions
Reference: https://github.com/trailofbits/slither/wiki/Detectors-Documentation#incorrect-version-of-solidity[0m
INFO:Detectors:[92m
Function 'ERC20._transfer' (/sb/TokenMintERC20Token0x887168120cb89Fb06F3E74Dc4AF20D67dF0977f6_1.sol#689-703) is not in mixedCase
Function 'ERC20._mint' (/sb/TokenMintERC20Token0x887168120cb89Fb06F3E74Dc4AF20D67dF0977f6_1.sol#725-737) is not in mixedCase
Function 'ERC20._burn' (/sb/TokenMintERC20Token0x887168120cb89Fb06F3E74Dc4AF20D67dF0977f6_1.sol#763-775) is not in mixedCase
Function 'ERC20._approve' (/sb/TokenMintERC20Token0x887168120cb89Fb06F3E74Dc4AF20D67dF0977f6_1.sol#805-817) is not in mixedCase
Function 'ERC20._burnFrom' (/sb/TokenMintERC20Token0x887168120cb89Fb06F3E74Dc4AF20D67dF0977f6_1.sol#833-839) is not in mixedCase
Reference: https://github.com/trailofbits/slither/wiki/Detectors-Documentation#conformance-to-solidity-naming-conventions[0m
INFO:Slither:/sb/TokenMintERC20Token0x887168120cb89Fb06F3E74Dc4AF20D67dF0977f6_1.sol analyzed (4 contracts), 28 result(s) found
