2023-07-03 16:16:15,883: [11] m.main:INFO: Registered plugins: IntrospectionAPIPlugin, <class 'manticore.ethereum.plugins.SkipRevertBasicBlocks'>, <class 'manticore.ethereum.plugins.FilterFunctions'>
2023-07-03 16:16:15,884: [11] m.main:INFO: Beginning analysis
2023-07-03 16:16:15,888: [11] m.e.manticore:INFO: Starting symbolic create contract
2023-07-03 16:16:15,916: [11] m.e.manticore:INFO: Failed to build contract ParserError: Errors : Invalid solc compilation Error: Source "dependencies/openzeppelin/contracts/IERC20.sol" not found: File not found.
 --> sb/ReserveLogic_4.sol:4:1:
  |
4 | import {IERC20} from '../../../dependencies/openzeppelin/contracts/IERC20.sol';
  | ^^^^^^^^^^^^^^^^^^^^^^^^^^^^^^^^^^^^^^^^^^^^^^^^^^^^^^^^^^^^^^^^^^^^^^^^^^^^^^^

Error: Source "dependencies/openzeppelin/contracts/SafeERC20.sol" not found: File not found.
 --> sb/ReserveLogic_4.sol:5:1:
  |
5 | import {SafeERC20} from '../../../dependencies/openzeppelin/contracts/SafeERC20.sol';
  | ^^^^^^^^^^^^^^^^^^^^^^^^^^^^^^^^^^^^^^^^^^^^^^^^^^^^^^^^^^^^^^^^^^^^^^^^^^^^^^^^^^^^^

Error: Source "interfaces/IAToken.sol" not found: File not found.
 --> sb/ReserveLogic_4.sol:6:1:
  |
6 | import {IAToken} from '../../../interfaces/IAToken.sol';
  | ^^^^^^^^^^^^^^^^^^^^^^^^^^^^^^^^^^^^^^^^^^^^^^^^^^^^^^^^

Error: Source "interfaces/IStableDebtToken.sol" not found: File not found.
 --> sb/ReserveLogic_4.sol:7:1:
  |
7 | import {IStableDebtToken} from '../../../interfaces/IStableDebtToken.sol';
  | ^^^^^^^^^^^^^^^^^^^^^^^^^^^^^^^^^^^^^^^^^^^^^^^^^^^^^^^^^^^^^^^^^^^^^^^^^^

Error: Source "interfaces/IVariableDebtToken.sol" not found: File not found.
 --> sb/ReserveLogic_4.sol:8:1:
  |
8 | import {IVariableDebtToken} from '../../../interfaces/IVariableDebtToken.sol';
  | ^^^^^^^^^^^^^^^^^^^^^^^^^^^^^^^^^^^^^^^^^^^^^^^^^^^^^^^^^^^^^^^^^^^^^^^^^^^^^^

Error: Source "interfaces/IReserveInterestRateStrategy.sol" not found: File not found.
 --> sb/ReserveLogic_4.sol:9:1:
  |
9 | import {IReserveInterestRateStrategy} from '../../../interfaces/IReserveInterestRateStrategy.sol';
  | ^^^^^^^^^^^^^^^^^^^^^^^^^^^^^^^^^^^^^^^^^^^^^^^^^^^^^^^^^^^^^^^^^^^^^^^^^^^^^^^^^^^^^^^^^^^^^^^^^^

Error: Source "configuration/ReserveConfiguration.sol" not found: File not found.
  --> sb/ReserveLogic_4.sol:10:1:
   |
10 | import {ReserveConfiguration} from '../configuration/ReserveConfiguration.sol';
   | ^^^^^^^^^^^^^^^^^^^^^^^^^^^^^^^^^^^^^^^^^^^^^^^^^^^^^^^^^^^^^^^^^^^^^^^^^^^^^^^

Error: Source "math/MathUtils.sol" not found: File not found.
  --> sb/ReserveLogic_4.sol:11:1:
   |
11 | import {MathUtils} from '../math/MathUtils.sol';
   | ^^^^^^^^^^^^^^^^^^^^^^^^^^^^^^^^^^^^^^^^^^^^^^^^

Error: Source "math/WadRayMath.sol" not found: File not found.
  --> sb/ReserveLogic_4.sol:12:1:
   |
12 | import {WadRayMath} from '../math/WadRayMath.sol';
   | ^^^^^^^^^^^^^^^^^^^^^^^^^^^^^^^^^^^^^^^^^^^^^^^^^^

Error: Source "math/PercentageMath.sol" not found: File not found.
  --> sb/ReserveLogic_4.sol:13:1:
   |
13 | import {PercentageMath} from '../math/PercentageMath.sol';
   | ^^^^^^^^^^^^^^^^^^^^^^^^^^^^^^^^^^^^^^^^^^^^^^^^^^^^^^^^^^

Error: Source "helpers/Errors.sol" not found: File not found.
  --> sb/ReserveLogic_4.sol:14:1:
   |
14 | import {Errors} from '../helpers/Errors.sol';
   | ^^^^^^^^^^^^^^^^^^^^^^^^^^^^^^^^^^^^^^^^^^^^^

Error: Source "helpers/Helpers.sol" not found: File not found.
  --> sb/ReserveLogic_4.sol:15:1:
   |
15 | import {Helpers} from '../helpers/Helpers.sol';
   | ^^^^^^^^^^^^^^^^^^^^^^^^^^^^^^^^^^^^^^^^^^^^^^^

Error: Source "types/DataTypes.sol" not found: File not found.
  --> sb/ReserveLogic_4.sol:16:1:
   |
16 | import {DataTypes} from '../types/DataTypes.sol';
   | ^^^^^^^^^^^^^^^^^^^^^^^^^^^^^^^^^^^^^^^^^^^^^^^^^


. Solidity failed to generate bytecode for your contract. Check if all the abstract functions are implemented. 
Process Process-1:
Traceback (most recent call last):
  File "/usr/lib/python3.7/multiprocessing/process.py", line 297, in _bootstrap
    self.run()
  File "/usr/lib/python3.7/multiprocessing/process.py", line 99, in run
    self._target(*self._args, **self._kwargs)
  File "/usr/local/lib/python3.7/dist-packages/manticore/ethereum/manticore.py", line 1766, in worker_finalize
    finalizer(q.get_nowait())
  File "/usr/local/lib/python3.7/dist-packages/manticore/ethereum/manticore.py", line 1757, in finalizer
    if only_alive_states and last_tx.result in {"REVERT", "THROW", "TXERROR"}:
AttributeError: 'NoneType' object has no attribute 'result'
2023-07-03 16:16:15,996: [11] m.c.manticore:INFO: Results in /mcore_nzwq3c35
2023-07-03 16:16:15,996: [11] m.c.manticore:WARNING: Manticore failed to run
2023-07-03 16:16:16,709: [36] m.main:INFO: Registered plugins: IntrospectionAPIPlugin, <class 'manticore.ethereum.plugins.SkipRevertBasicBlocks'>, <class 'manticore.ethereum.plugins.FilterFunctions'>
2023-07-03 16:16:16,709: [36] m.main:INFO: Beginning analysis
2023-07-03 16:16:16,713: [36] m.e.manticore:INFO: Starting symbolic create contract
2023-07-03 16:16:16,737: [36] m.e.manticore:INFO: Failed to build contract Source Errors : Invalid solc compilation Error: Source "dependencies/openzeppelin/contracts/IERC20.sol" not found: File not found.
 --> sb/ReserveLogic_4.sol:4:1:
  |
4 | import {IERC20} from '../../../dependencies/openzeppelin/contracts/IERC20.sol';
  | ^^^^^^^^^^^^^^^^^^^^^^^^^^^^^^^^^^^^^^^^^^^^^^^^^^^^^^^^^^^^^^^^^^^^^^^^^^^^^^^

Error: Source "dependencies/openzeppelin/contracts/SafeERC20.sol" not found: File not found.
 --> sb/ReserveLogic_4.sol:5:1:
  |
5 | import {SafeERC20} from '../../../dependencies/openzeppelin/contracts/SafeERC20.sol';
  | ^^^^^^^^^^^^^^^^^^^^^^^^^^^^^^^^^^^^^^^^^^^^^^^^^^^^^^^^^^^^^^^^^^^^^^^^^^^^^^^^^^^^^

Error: Source "interfaces/IAToken.sol" not found: File not found.
 --> sb/ReserveLogic_4.sol:6:1:
  |
6 | import {IAToken} from '../../../interfaces/IAToken.sol';
  | ^^^^^^^^^^^^^^^^^^^^^^^^^^^^^^^^^^^^^^^^^^^^^^^^^^^^^^^^

Error: Source "interfaces/IStableDebtToken.sol" not found: File not found.
 --> sb/ReserveLogic_4.sol:7:1:
  |
7 | import {IStableDebtToken} from '../../../interfaces/IStableDebtToken.sol';
  | ^^^^^^^^^^^^^^^^^^^^^^^^^^^^^^^^^^^^^^^^^^^^^^^^^^^^^^^^^^^^^^^^^^^^^^^^^^

Error: Source "interfaces/IVariableDebtToken.sol" not found: File not found.
 --> sb/ReserveLogic_4.sol:8:1:
  |
8 | import {IVariableDebtToken} from '../../../interfaces/IVariableDebtToken.sol';
  | ^^^^^^^^^^^^^^^^^^^^^^^^^^^^^^^^^^^^^^^^^^^^^^^^^^^^^^^^^^^^^^^^^^^^^^^^^^^^^^

Error: Source "interfaces/IReserveInterestRateStrategy.sol" not found: File not found.
 --> sb/ReserveLogic_4.sol:9:1:
  |
9 | import {IReserveInterestRateStrategy} from '../../../interfaces/IReserveInterestRateStrategy.sol';
  | ^^^^^^^^^^^^^^^^^^^^^^^^^^^^^^^^^^^^^^^^^^^^^^^^^^^^^^^^^^^^^^^^^^^^^^^^^^^^^^^^^^^^^^^^^^^^^^^^^^

Error: Source "configuration/ReserveConfiguration.sol" not found: File not found.
  --> sb/ReserveLogic_4.sol:10:1:
   |
10 | import {ReserveConfiguration} from '../configuration/ReserveConfiguration.sol';
   | ^^^^^^^^^^^^^^^^^^^^^^^^^^^^^^^^^^^^^^^^^^^^^^^^^^^^^^^^^^^^^^^^^^^^^^^^^^^^^^^

Error: Source "math/MathUtils.sol" not found: File not found.
  --> sb/ReserveLogic_4.sol:11:1:
   |
11 | import {MathUtils} from '../math/MathUtils.sol';
   | ^^^^^^^^^^^^^^^^^^^^^^^^^^^^^^^^^^^^^^^^^^^^^^^^

Error: Source "math/WadRayMath.sol" not found: File not found.
  --> sb/ReserveLogic_4.sol:12:1:
   |
12 | import {WadRayMath} from '../math/WadRayMath.sol';
   | ^^^^^^^^^^^^^^^^^^^^^^^^^^^^^^^^^^^^^^^^^^^^^^^^^^

Error: Source "math/PercentageMath.sol" not found: File not found.
  --> sb/ReserveLogic_4.sol:13:1:
   |
13 | import {PercentageMath} from '../math/PercentageMath.sol';
   | ^^^^^^^^^^^^^^^^^^^^^^^^^^^^^^^^^^^^^^^^^^^^^^^^^^^^^^^^^^

Error: Source "helpers/Errors.sol" not found: File not found.
  --> sb/ReserveLogic_4.sol:14:1:
   |
14 | import {Errors} from '../helpers/Errors.sol';
   | ^^^^^^^^^^^^^^^^^^^^^^^^^^^^^^^^^^^^^^^^^^^^^

Error: Source "helpers/Helpers.sol" not found: File not found.
  --> sb/ReserveLogic_4.sol:15:1:
   |
15 | import {Helpers} from '../helpers/Helpers.sol';
   | ^^^^^^^^^^^^^^^^^^^^^^^^^^^^^^^^^^^^^^^^^^^^^^^

Error: Source "types/DataTypes.sol" not found: File not found.
  --> sb/ReserveLogic_4.sol:16:1:
   |
16 | import {DataTypes} from '../types/DataTypes.sol';
   | ^^^^^^^^^^^^^^^^^^^^^^^^^^^^^^^^^^^^^^^^^^^^^^^^^


. Solidity failed to generate bytecode for your contract. Check if all the abstract functions are implemented. 
Process Process-1:
Traceback (most recent call last):
  File "/usr/lib/python3.7/multiprocessing/process.py", line 297, in _bootstrap
    self.run()
  File "/usr/lib/python3.7/multiprocessing/process.py", line 99, in run
    self._target(*self._args, **self._kwargs)
  File "/usr/local/lib/python3.7/dist-packages/manticore/ethereum/manticore.py", line 1766, in worker_finalize
    finalizer(q.get_nowait())
  File "/usr/local/lib/python3.7/dist-packages/manticore/ethereum/manticore.py", line 1757, in finalizer
    if only_alive_states and last_tx.result in {"REVERT", "THROW", "TXERROR"}:
AttributeError: 'NoneType' object has no attribute 'result'
2023-07-03 16:16:16,823: [36] m.c.manticore:INFO: Results in /mcore_gyijkk05
2023-07-03 16:16:16,823: [36] m.c.manticore:WARNING: Manticore failed to run
2023-07-03 16:16:17,569: [61] m.main:INFO: Registered plugins: IntrospectionAPIPlugin, <class 'manticore.ethereum.plugins.SkipRevertBasicBlocks'>, <class 'manticore.ethereum.plugins.FilterFunctions'>
2023-07-03 16:16:17,570: [61] m.main:INFO: Beginning analysis
2023-07-03 16:16:17,572: [61] m.e.manticore:INFO: Starting symbolic create contract
2023-07-03 16:16:17,590: [61] m.e.manticore:INFO: Failed to build contract "dependencies/openzeppelin/contracts/IERC20.sol" Errors : Invalid solc compilation Error: Source "dependencies/openzeppelin/contracts/IERC20.sol" not found: File not found.
 --> sb/ReserveLogic_4.sol:4:1:
  |
4 | import {IERC20} from '../../../dependencies/openzeppelin/contracts/IERC20.sol';
  | ^^^^^^^^^^^^^^^^^^^^^^^^^^^^^^^^^^^^^^^^^^^^^^^^^^^^^^^^^^^^^^^^^^^^^^^^^^^^^^^

Error: Source "dependencies/openzeppelin/contracts/SafeERC20.sol" not found: File not found.
 --> sb/ReserveLogic_4.sol:5:1:
  |
5 | import {SafeERC20} from '../../../dependencies/openzeppelin/contracts/SafeERC20.sol';
  | ^^^^^^^^^^^^^^^^^^^^^^^^^^^^^^^^^^^^^^^^^^^^^^^^^^^^^^^^^^^^^^^^^^^^^^^^^^^^^^^^^^^^^

Error: Source "interfaces/IAToken.sol" not found: File not found.
 --> sb/ReserveLogic_4.sol:6:1:
  |
6 | import {IAToken} from '../../../interfaces/IAToken.sol';
  | ^^^^^^^^^^^^^^^^^^^^^^^^^^^^^^^^^^^^^^^^^^^^^^^^^^^^^^^^

Error: Source "interfaces/IStableDebtToken.sol" not found: File not found.
 --> sb/ReserveLogic_4.sol:7:1:
  |
7 | import {IStableDebtToken} from '../../../interfaces/IStableDebtToken.sol';
  | ^^^^^^^^^^^^^^^^^^^^^^^^^^^^^^^^^^^^^^^^^^^^^^^^^^^^^^^^^^^^^^^^^^^^^^^^^^

Error: Source "interfaces/IVariableDebtToken.sol" not found: File not found.
 --> sb/ReserveLogic_4.sol:8:1:
  |
8 | import {IVariableDebtToken} from '../../../interfaces/IVariableDebtToken.sol';
  | ^^^^^^^^^^^^^^^^^^^^^^^^^^^^^^^^^^^^^^^^^^^^^^^^^^^^^^^^^^^^^^^^^^^^^^^^^^^^^^

Error: Source "interfaces/IReserveInterestRateStrategy.sol" not found: File not found.
 --> sb/ReserveLogic_4.sol:9:1:
  |
9 | import {IReserveInterestRateStrategy} from '../../../interfaces/IReserveInterestRateStrategy.sol';
  | ^^^^^^^^^^^^^^^^^^^^^^^^^^^^^^^^^^^^^^^^^^^^^^^^^^^^^^^^^^^^^^^^^^^^^^^^^^^^^^^^^^^^^^^^^^^^^^^^^^

Error: Source "configuration/ReserveConfiguration.sol" not found: File not found.
  --> sb/ReserveLogic_4.sol:10:1:
   |
10 | import {ReserveConfiguration} from '../configuration/ReserveConfiguration.sol';
   | ^^^^^^^^^^^^^^^^^^^^^^^^^^^^^^^^^^^^^^^^^^^^^^^^^^^^^^^^^^^^^^^^^^^^^^^^^^^^^^^

Error: Source "math/MathUtils.sol" not found: File not found.
  --> sb/ReserveLogic_4.sol:11:1:
   |
11 | import {MathUtils} from '../math/MathUtils.sol';
   | ^^^^^^^^^^^^^^^^^^^^^^^^^^^^^^^^^^^^^^^^^^^^^^^^

Error: Source "math/WadRayMath.sol" not found: File not found.
  --> sb/ReserveLogic_4.sol:12:1:
   |
12 | import {WadRayMath} from '../math/WadRayMath.sol';
   | ^^^^^^^^^^^^^^^^^^^^^^^^^^^^^^^^^^^^^^^^^^^^^^^^^^

Error: Source "math/PercentageMath.sol" not found: File not found.
  --> sb/ReserveLogic_4.sol:13:1:
   |
13 | import {PercentageMath} from '../math/PercentageMath.sol';
   | ^^^^^^^^^^^^^^^^^^^^^^^^^^^^^^^^^^^^^^^^^^^^^^^^^^^^^^^^^^

Error: Source "helpers/Errors.sol" not found: File not found.
  --> sb/ReserveLogic_4.sol:14:1:
   |
14 | import {Errors} from '../helpers/Errors.sol';
   | ^^^^^^^^^^^^^^^^^^^^^^^^^^^^^^^^^^^^^^^^^^^^^

Error: Source "helpers/Helpers.sol" not found: File not found.
  --> sb/ReserveLogic_4.sol:15:1:
   |
15 | import {Helpers} from '../helpers/Helpers.sol';
   | ^^^^^^^^^^^^^^^^^^^^^^^^^^^^^^^^^^^^^^^^^^^^^^^

Error: Source "types/DataTypes.sol" not found: File not found.
  --> sb/ReserveLogic_4.sol:16:1:
   |
16 | import {DataTypes} from '../types/DataTypes.sol';
   | ^^^^^^^^^^^^^^^^^^^^^^^^^^^^^^^^^^^^^^^^^^^^^^^^^


. Solidity failed to generate bytecode for your contract. Check if all the abstract functions are implemented. 
Process Process-1:
Traceback (most recent call last):
  File "/usr/lib/python3.7/multiprocessing/process.py", line 297, in _bootstrap
    self.run()
  File "/usr/lib/python3.7/multiprocessing/process.py", line 99, in run
    self._target(*self._args, **self._kwargs)
  File "/usr/local/lib/python3.7/dist-packages/manticore/ethereum/manticore.py", line 1766, in worker_finalize
    finalizer(q.get_nowait())
  File "/usr/local/lib/python3.7/dist-packages/manticore/ethereum/manticore.py", line 1757, in finalizer
    if only_alive_states and last_tx.result in {"REVERT", "THROW", "TXERROR"}:
AttributeError: 'NoneType' object has no attribute 'result'
2023-07-03 16:16:17,670: [61] m.c.manticore:INFO: Results in /mcore_e8w_dsyw
2023-07-03 16:16:17,670: [61] m.c.manticore:WARNING: Manticore failed to run
2023-07-03 16:16:18,475: [86] m.main:INFO: Registered plugins: IntrospectionAPIPlugin, <class 'manticore.ethereum.plugins.SkipRevertBasicBlocks'>, <class 'manticore.ethereum.plugins.FilterFunctions'>
2023-07-03 16:16:18,475: [86] m.main:INFO: Beginning analysis
2023-07-03 16:16:18,477: [86] m.e.manticore:INFO: Starting symbolic create contract
2023-07-03 16:16:18,494: [86] m.e.manticore:INFO: Failed to build contract not Errors : Invalid solc compilation Error: Source "dependencies/openzeppelin/contracts/IERC20.sol" not found: File not found.
 --> sb/ReserveLogic_4.sol:4:1:
  |
4 | import {IERC20} from '../../../dependencies/openzeppelin/contracts/IERC20.sol';
  | ^^^^^^^^^^^^^^^^^^^^^^^^^^^^^^^^^^^^^^^^^^^^^^^^^^^^^^^^^^^^^^^^^^^^^^^^^^^^^^^

Error: Source "dependencies/openzeppelin/contracts/SafeERC20.sol" not found: File not found.
 --> sb/ReserveLogic_4.sol:5:1:
  |
5 | import {SafeERC20} from '../../../dependencies/openzeppelin/contracts/SafeERC20.sol';
  | ^^^^^^^^^^^^^^^^^^^^^^^^^^^^^^^^^^^^^^^^^^^^^^^^^^^^^^^^^^^^^^^^^^^^^^^^^^^^^^^^^^^^^

Error: Source "interfaces/IAToken.sol" not found: File not found.
 --> sb/ReserveLogic_4.sol:6:1:
  |
6 | import {IAToken} from '../../../interfaces/IAToken.sol';
  | ^^^^^^^^^^^^^^^^^^^^^^^^^^^^^^^^^^^^^^^^^^^^^^^^^^^^^^^^

Error: Source "interfaces/IStableDebtToken.sol" not found: File not found.
 --> sb/ReserveLogic_4.sol:7:1:
  |
7 | import {IStableDebtToken} from '../../../interfaces/IStableDebtToken.sol';
  | ^^^^^^^^^^^^^^^^^^^^^^^^^^^^^^^^^^^^^^^^^^^^^^^^^^^^^^^^^^^^^^^^^^^^^^^^^^

Error: Source "interfaces/IVariableDebtToken.sol" not found: File not found.
 --> sb/ReserveLogic_4.sol:8:1:
  |
8 | import {IVariableDebtToken} from '../../../interfaces/IVariableDebtToken.sol';
  | ^^^^^^^^^^^^^^^^^^^^^^^^^^^^^^^^^^^^^^^^^^^^^^^^^^^^^^^^^^^^^^^^^^^^^^^^^^^^^^

Error: Source "interfaces/IReserveInterestRateStrategy.sol" not found: File not found.
 --> sb/ReserveLogic_4.sol:9:1:
  |
9 | import {IReserveInterestRateStrategy} from '../../../interfaces/IReserveInterestRateStrategy.sol';
  | ^^^^^^^^^^^^^^^^^^^^^^^^^^^^^^^^^^^^^^^^^^^^^^^^^^^^^^^^^^^^^^^^^^^^^^^^^^^^^^^^^^^^^^^^^^^^^^^^^^

Error: Source "configuration/ReserveConfiguration.sol" not found: File not found.
  --> sb/ReserveLogic_4.sol:10:1:
   |
10 | import {ReserveConfiguration} from '../configuration/ReserveConfiguration.sol';
   | ^^^^^^^^^^^^^^^^^^^^^^^^^^^^^^^^^^^^^^^^^^^^^^^^^^^^^^^^^^^^^^^^^^^^^^^^^^^^^^^

Error: Source "math/MathUtils.sol" not found: File not found.
  --> sb/ReserveLogic_4.sol:11:1:
   |
11 | import {MathUtils} from '../math/MathUtils.sol';
   | ^^^^^^^^^^^^^^^^^^^^^^^^^^^^^^^^^^^^^^^^^^^^^^^^

Error: Source "math/WadRayMath.sol" not found: File not found.
  --> sb/ReserveLogic_4.sol:12:1:
   |
12 | import {WadRayMath} from '../math/WadRayMath.sol';
   | ^^^^^^^^^^^^^^^^^^^^^^^^^^^^^^^^^^^^^^^^^^^^^^^^^^

Error: Source "math/PercentageMath.sol" not found: File not found.
  --> sb/ReserveLogic_4.sol:13:1:
   |
13 | import {PercentageMath} from '../math/PercentageMath.sol';
   | ^^^^^^^^^^^^^^^^^^^^^^^^^^^^^^^^^^^^^^^^^^^^^^^^^^^^^^^^^^

Error: Source "helpers/Errors.sol" not found: File not found.
  --> sb/ReserveLogic_4.sol:14:1:
   |
14 | import {Errors} from '../helpers/Errors.sol';
   | ^^^^^^^^^^^^^^^^^^^^^^^^^^^^^^^^^^^^^^^^^^^^^

Error: Source "helpers/Helpers.sol" not found: File not found.
  --> sb/ReserveLogic_4.sol:15:1:
   |
15 | import {Helpers} from '../helpers/Helpers.sol';
   | ^^^^^^^^^^^^^^^^^^^^^^^^^^^^^^^^^^^^^^^^^^^^^^^

Error: Source "types/DataTypes.sol" not found: File not found.
  --> sb/ReserveLogic_4.sol:16:1:
   |
16 | import {DataTypes} from '../types/DataTypes.sol';
   | ^^^^^^^^^^^^^^^^^^^^^^^^^^^^^^^^^^^^^^^^^^^^^^^^^


. Solidity failed to generate bytecode for your contract. Check if all the abstract functions are implemented. 
Process Process-1:
Traceback (most recent call last):
  File "/usr/lib/python3.7/multiprocessing/process.py", line 297, in _bootstrap
    self.run()
  File "/usr/lib/python3.7/multiprocessing/process.py", line 99, in run
    self._target(*self._args, **self._kwargs)
  File "/usr/local/lib/python3.7/dist-packages/manticore/ethereum/manticore.py", line 1766, in worker_finalize
    finalizer(q.get_nowait())
  File "/usr/local/lib/python3.7/dist-packages/manticore/ethereum/manticore.py", line 1757, in finalizer
    if only_alive_states and last_tx.result in {"REVERT", "THROW", "TXERROR"}:
AttributeError: 'NoneType' object has no attribute 'result'
2023-07-03 16:16:18,562: [86] m.c.manticore:INFO: Results in /mcore_e9508_y4
2023-07-03 16:16:18,563: [86] m.c.manticore:WARNING: Manticore failed to run
2023-07-03 16:16:19,282: [111] m.main:INFO: Registered plugins: IntrospectionAPIPlugin, <class 'manticore.ethereum.plugins.SkipRevertBasicBlocks'>, <class 'manticore.ethereum.plugins.FilterFunctions'>
2023-07-03 16:16:19,282: [111] m.main:INFO: Beginning analysis
2023-07-03 16:16:19,285: [111] m.e.manticore:INFO: Starting symbolic create contract
2023-07-03 16:16:19,305: [111] m.e.manticore:INFO: Failed to build contract found: Errors : Invalid solc compilation Error: Source "dependencies/openzeppelin/contracts/IERC20.sol" not found: File not found.
 --> sb/ReserveLogic_4.sol:4:1:
  |
4 | import {IERC20} from '../../../dependencies/openzeppelin/contracts/IERC20.sol';
  | ^^^^^^^^^^^^^^^^^^^^^^^^^^^^^^^^^^^^^^^^^^^^^^^^^^^^^^^^^^^^^^^^^^^^^^^^^^^^^^^

Error: Source "dependencies/openzeppelin/contracts/SafeERC20.sol" not found: File not found.
 --> sb/ReserveLogic_4.sol:5:1:
  |
5 | import {SafeERC20} from '../../../dependencies/openzeppelin/contracts/SafeERC20.sol';
  | ^^^^^^^^^^^^^^^^^^^^^^^^^^^^^^^^^^^^^^^^^^^^^^^^^^^^^^^^^^^^^^^^^^^^^^^^^^^^^^^^^^^^^

Error: Source "interfaces/IAToken.sol" not found: File not found.
 --> sb/ReserveLogic_4.sol:6:1:
  |
6 | import {IAToken} from '../../../interfaces/IAToken.sol';
  | ^^^^^^^^^^^^^^^^^^^^^^^^^^^^^^^^^^^^^^^^^^^^^^^^^^^^^^^^

Error: Source "interfaces/IStableDebtToken.sol" not found: File not found.
 --> sb/ReserveLogic_4.sol:7:1:
  |
7 | import {IStableDebtToken} from '../../../interfaces/IStableDebtToken.sol';
  | ^^^^^^^^^^^^^^^^^^^^^^^^^^^^^^^^^^^^^^^^^^^^^^^^^^^^^^^^^^^^^^^^^^^^^^^^^^

Error: Source "interfaces/IVariableDebtToken.sol" not found: File not found.
 --> sb/ReserveLogic_4.sol:8:1:
  |
8 | import {IVariableDebtToken} from '../../../interfaces/IVariableDebtToken.sol';
  | ^^^^^^^^^^^^^^^^^^^^^^^^^^^^^^^^^^^^^^^^^^^^^^^^^^^^^^^^^^^^^^^^^^^^^^^^^^^^^^

Error: Source "interfaces/IReserveInterestRateStrategy.sol" not found: File not found.
 --> sb/ReserveLogic_4.sol:9:1:
  |
9 | import {IReserveInterestRateStrategy} from '../../../interfaces/IReserveInterestRateStrategy.sol';
  | ^^^^^^^^^^^^^^^^^^^^^^^^^^^^^^^^^^^^^^^^^^^^^^^^^^^^^^^^^^^^^^^^^^^^^^^^^^^^^^^^^^^^^^^^^^^^^^^^^^

Error: Source "configuration/ReserveConfiguration.sol" not found: File not found.
  --> sb/ReserveLogic_4.sol:10:1:
   |
10 | import {ReserveConfiguration} from '../configuration/ReserveConfiguration.sol';
   | ^^^^^^^^^^^^^^^^^^^^^^^^^^^^^^^^^^^^^^^^^^^^^^^^^^^^^^^^^^^^^^^^^^^^^^^^^^^^^^^

Error: Source "math/MathUtils.sol" not found: File not found.
  --> sb/ReserveLogic_4.sol:11:1:
   |
11 | import {MathUtils} from '../math/MathUtils.sol';
   | ^^^^^^^^^^^^^^^^^^^^^^^^^^^^^^^^^^^^^^^^^^^^^^^^

Error: Source "math/WadRayMath.sol" not found: File not found.
  --> sb/ReserveLogic_4.sol:12:1:
   |
12 | import {WadRayMath} from '../math/WadRayMath.sol';
   | ^^^^^^^^^^^^^^^^^^^^^^^^^^^^^^^^^^^^^^^^^^^^^^^^^^

Error: Source "math/PercentageMath.sol" not found: File not found.
  --> sb/ReserveLogic_4.sol:13:1:
   |
13 | import {PercentageMath} from '../math/PercentageMath.sol';
   | ^^^^^^^^^^^^^^^^^^^^^^^^^^^^^^^^^^^^^^^^^^^^^^^^^^^^^^^^^^

Error: Source "helpers/Errors.sol" not found: File not found.
  --> sb/ReserveLogic_4.sol:14:1:
   |
14 | import {Errors} from '../helpers/Errors.sol';
   | ^^^^^^^^^^^^^^^^^^^^^^^^^^^^^^^^^^^^^^^^^^^^^

Error: Source "helpers/Helpers.sol" not found: File not found.
  --> sb/ReserveLogic_4.sol:15:1:
   |
15 | import {Helpers} from '../helpers/Helpers.sol';
   | ^^^^^^^^^^^^^^^^^^^^^^^^^^^^^^^^^^^^^^^^^^^^^^^

Error: Source "types/DataTypes.sol" not found: File not found.
  --> sb/ReserveLogic_4.sol:16:1:
   |
16 | import {DataTypes} from '../types/DataTypes.sol';
   | ^^^^^^^^^^^^^^^^^^^^^^^^^^^^^^^^^^^^^^^^^^^^^^^^^


. Solidity failed to generate bytecode for your contract. Check if all the abstract functions are implemented. 
Process Process-1:
Traceback (most recent call last):
  File "/usr/lib/python3.7/multiprocessing/process.py", line 297, in _bootstrap
    self.run()
  File "/usr/lib/python3.7/multiprocessing/process.py", line 99, in run
    self._target(*self._args, **self._kwargs)
  File "/usr/local/lib/python3.7/dist-packages/manticore/ethereum/manticore.py", line 1766, in worker_finalize
    finalizer(q.get_nowait())
  File "/usr/local/lib/python3.7/dist-packages/manticore/ethereum/manticore.py", line 1757, in finalizer
    if only_alive_states and last_tx.result in {"REVERT", "THROW", "TXERROR"}:
AttributeError: 'NoneType' object has no attribute 'result'
2023-07-03 16:16:19,435: [111] m.c.manticore:INFO: Results in /mcore_05plpb51
2023-07-03 16:16:19,435: [111] m.c.manticore:WARNING: Manticore failed to run
2023-07-03 16:16:20,122: [136] m.main:INFO: Registered plugins: IntrospectionAPIPlugin, <class 'manticore.ethereum.plugins.SkipRevertBasicBlocks'>, <class 'manticore.ethereum.plugins.FilterFunctions'>
2023-07-03 16:16:20,122: [136] m.main:INFO: Beginning analysis
2023-07-03 16:16:20,125: [136] m.e.manticore:INFO: Starting symbolic create contract
2023-07-03 16:16:20,157: [136] m.e.manticore:INFO: Failed to build contract File Errors : Invalid solc compilation Error: Source "dependencies/openzeppelin/contracts/IERC20.sol" not found: File not found.
 --> sb/ReserveLogic_4.sol:4:1:
  |
4 | import {IERC20} from '../../../dependencies/openzeppelin/contracts/IERC20.sol';
  | ^^^^^^^^^^^^^^^^^^^^^^^^^^^^^^^^^^^^^^^^^^^^^^^^^^^^^^^^^^^^^^^^^^^^^^^^^^^^^^^

Error: Source "dependencies/openzeppelin/contracts/SafeERC20.sol" not found: File not found.
 --> sb/ReserveLogic_4.sol:5:1:
  |
5 | import {SafeERC20} from '../../../dependencies/openzeppelin/contracts/SafeERC20.sol';
  | ^^^^^^^^^^^^^^^^^^^^^^^^^^^^^^^^^^^^^^^^^^^^^^^^^^^^^^^^^^^^^^^^^^^^^^^^^^^^^^^^^^^^^

Error: Source "interfaces/IAToken.sol" not found: File not found.
 --> sb/ReserveLogic_4.sol:6:1:
  |
6 | import {IAToken} from '../../../interfaces/IAToken.sol';
  | ^^^^^^^^^^^^^^^^^^^^^^^^^^^^^^^^^^^^^^^^^^^^^^^^^^^^^^^^

Error: Source "interfaces/IStableDebtToken.sol" not found: File not found.
 --> sb/ReserveLogic_4.sol:7:1:
  |
7 | import {IStableDebtToken} from '../../../interfaces/IStableDebtToken.sol';
  | ^^^^^^^^^^^^^^^^^^^^^^^^^^^^^^^^^^^^^^^^^^^^^^^^^^^^^^^^^^^^^^^^^^^^^^^^^^

Error: Source "interfaces/IVariableDebtToken.sol" not found: File not found.
 --> sb/ReserveLogic_4.sol:8:1:
  |
8 | import {IVariableDebtToken} from '../../../interfaces/IVariableDebtToken.sol';
  | ^^^^^^^^^^^^^^^^^^^^^^^^^^^^^^^^^^^^^^^^^^^^^^^^^^^^^^^^^^^^^^^^^^^^^^^^^^^^^^

Error: Source "interfaces/IReserveInterestRateStrategy.sol" not found: File not found.
 --> sb/ReserveLogic_4.sol:9:1:
  |
9 | import {IReserveInterestRateStrategy} from '../../../interfaces/IReserveInterestRateStrategy.sol';
  | ^^^^^^^^^^^^^^^^^^^^^^^^^^^^^^^^^^^^^^^^^^^^^^^^^^^^^^^^^^^^^^^^^^^^^^^^^^^^^^^^^^^^^^^^^^^^^^^^^^

Error: Source "configuration/ReserveConfiguration.sol" not found: File not found.
  --> sb/ReserveLogic_4.sol:10:1:
   |
10 | import {ReserveConfiguration} from '../configuration/ReserveConfiguration.sol';
   | ^^^^^^^^^^^^^^^^^^^^^^^^^^^^^^^^^^^^^^^^^^^^^^^^^^^^^^^^^^^^^^^^^^^^^^^^^^^^^^^

Error: Source "math/MathUtils.sol" not found: File not found.
  --> sb/ReserveLogic_4.sol:11:1:
   |
11 | import {MathUtils} from '../math/MathUtils.sol';
   | ^^^^^^^^^^^^^^^^^^^^^^^^^^^^^^^^^^^^^^^^^^^^^^^^

Error: Source "math/WadRayMath.sol" not found: File not found.
  --> sb/ReserveLogic_4.sol:12:1:
   |
12 | import {WadRayMath} from '../math/WadRayMath.sol';
   | ^^^^^^^^^^^^^^^^^^^^^^^^^^^^^^^^^^^^^^^^^^^^^^^^^^

Error: Source "math/PercentageMath.sol" not found: File not found.
  --> sb/ReserveLogic_4.sol:13:1:
   |
13 | import {PercentageMath} from '../math/PercentageMath.sol';
   | ^^^^^^^^^^^^^^^^^^^^^^^^^^^^^^^^^^^^^^^^^^^^^^^^^^^^^^^^^^

Error: Source "helpers/Errors.sol" not found: File not found.
  --> sb/ReserveLogic_4.sol:14:1:
   |
14 | import {Errors} from '../helpers/Errors.sol';
   | ^^^^^^^^^^^^^^^^^^^^^^^^^^^^^^^^^^^^^^^^^^^^^

Error: Source "helpers/Helpers.sol" not found: File not found.
  --> sb/ReserveLogic_4.sol:15:1:
   |
15 | import {Helpers} from '../helpers/Helpers.sol';
   | ^^^^^^^^^^^^^^^^^^^^^^^^^^^^^^^^^^^^^^^^^^^^^^^

Error: Source "types/DataTypes.sol" not found: File not found.
  --> sb/ReserveLogic_4.sol:16:1:
   |
16 | import {DataTypes} from '../types/DataTypes.sol';
   | ^^^^^^^^^^^^^^^^^^^^^^^^^^^^^^^^^^^^^^^^^^^^^^^^^


. Solidity failed to generate bytecode for your contract. Check if all the abstract functions are implemented. 
Process Process-1:
Traceback (most recent call last):
  File "/usr/lib/python3.7/multiprocessing/process.py", line 297, in _bootstrap
    self.run()
  File "/usr/lib/python3.7/multiprocessing/process.py", line 99, in run
    self._target(*self._args, **self._kwargs)
  File "/usr/local/lib/python3.7/dist-packages/manticore/ethereum/manticore.py", line 1766, in worker_finalize
    finalizer(q.get_nowait())
  File "/usr/local/lib/python3.7/dist-packages/manticore/ethereum/manticore.py", line 1757, in finalizer
    if only_alive_states and last_tx.result in {"REVERT", "THROW", "TXERROR"}:
AttributeError: 'NoneType' object has no attribute 'result'
2023-07-03 16:16:20,237: [136] m.c.manticore:INFO: Results in /mcore_c4nt_7f_
2023-07-03 16:16:20,237: [136] m.c.manticore:WARNING: Manticore failed to run
2023-07-03 16:16:20,942: [161] m.main:INFO: Registered plugins: IntrospectionAPIPlugin, <class 'manticore.ethereum.plugins.SkipRevertBasicBlocks'>, <class 'manticore.ethereum.plugins.FilterFunctions'>
2023-07-03 16:16:20,943: [161] m.main:INFO: Beginning analysis
2023-07-03 16:16:20,946: [161] m.e.manticore:INFO: Starting symbolic create contract
2023-07-03 16:16:20,972: [161] m.e.manticore:INFO: Failed to build contract not Errors : Invalid solc compilation Error: Source "dependencies/openzeppelin/contracts/IERC20.sol" not found: File not found.
 --> sb/ReserveLogic_4.sol:4:1:
  |
4 | import {IERC20} from '../../../dependencies/openzeppelin/contracts/IERC20.sol';
  | ^^^^^^^^^^^^^^^^^^^^^^^^^^^^^^^^^^^^^^^^^^^^^^^^^^^^^^^^^^^^^^^^^^^^^^^^^^^^^^^

Error: Source "dependencies/openzeppelin/contracts/SafeERC20.sol" not found: File not found.
 --> sb/ReserveLogic_4.sol:5:1:
  |
5 | import {SafeERC20} from '../../../dependencies/openzeppelin/contracts/SafeERC20.sol';
  | ^^^^^^^^^^^^^^^^^^^^^^^^^^^^^^^^^^^^^^^^^^^^^^^^^^^^^^^^^^^^^^^^^^^^^^^^^^^^^^^^^^^^^

Error: Source "interfaces/IAToken.sol" not found: File not found.
 --> sb/ReserveLogic_4.sol:6:1:
  |
6 | import {IAToken} from '../../../interfaces/IAToken.sol';
  | ^^^^^^^^^^^^^^^^^^^^^^^^^^^^^^^^^^^^^^^^^^^^^^^^^^^^^^^^

Error: Source "interfaces/IStableDebtToken.sol" not found: File not found.
 --> sb/ReserveLogic_4.sol:7:1:
  |
7 | import {IStableDebtToken} from '../../../interfaces/IStableDebtToken.sol';
  | ^^^^^^^^^^^^^^^^^^^^^^^^^^^^^^^^^^^^^^^^^^^^^^^^^^^^^^^^^^^^^^^^^^^^^^^^^^

Error: Source "interfaces/IVariableDebtToken.sol" not found: File not found.
 --> sb/ReserveLogic_4.sol:8:1:
  |
8 | import {IVariableDebtToken} from '../../../interfaces/IVariableDebtToken.sol';
  | ^^^^^^^^^^^^^^^^^^^^^^^^^^^^^^^^^^^^^^^^^^^^^^^^^^^^^^^^^^^^^^^^^^^^^^^^^^^^^^

Error: Source "interfaces/IReserveInterestRateStrategy.sol" not found: File not found.
 --> sb/ReserveLogic_4.sol:9:1:
  |
9 | import {IReserveInterestRateStrategy} from '../../../interfaces/IReserveInterestRateStrategy.sol';
  | ^^^^^^^^^^^^^^^^^^^^^^^^^^^^^^^^^^^^^^^^^^^^^^^^^^^^^^^^^^^^^^^^^^^^^^^^^^^^^^^^^^^^^^^^^^^^^^^^^^

Error: Source "configuration/ReserveConfiguration.sol" not found: File not found.
  --> sb/ReserveLogic_4.sol:10:1:
   |
10 | import {ReserveConfiguration} from '../configuration/ReserveConfiguration.sol';
   | ^^^^^^^^^^^^^^^^^^^^^^^^^^^^^^^^^^^^^^^^^^^^^^^^^^^^^^^^^^^^^^^^^^^^^^^^^^^^^^^

Error: Source "math/MathUtils.sol" not found: File not found.
  --> sb/ReserveLogic_4.sol:11:1:
   |
11 | import {MathUtils} from '../math/MathUtils.sol';
   | ^^^^^^^^^^^^^^^^^^^^^^^^^^^^^^^^^^^^^^^^^^^^^^^^

Error: Source "math/WadRayMath.sol" not found: File not found.
  --> sb/ReserveLogic_4.sol:12:1:
   |
12 | import {WadRayMath} from '../math/WadRayMath.sol';
   | ^^^^^^^^^^^^^^^^^^^^^^^^^^^^^^^^^^^^^^^^^^^^^^^^^^

Error: Source "math/PercentageMath.sol" not found: File not found.
  --> sb/ReserveLogic_4.sol:13:1:
   |
13 | import {PercentageMath} from '../math/PercentageMath.sol';
   | ^^^^^^^^^^^^^^^^^^^^^^^^^^^^^^^^^^^^^^^^^^^^^^^^^^^^^^^^^^

Error: Source "helpers/Errors.sol" not found: File not found.
  --> sb/ReserveLogic_4.sol:14:1:
   |
14 | import {Errors} from '../helpers/Errors.sol';
   | ^^^^^^^^^^^^^^^^^^^^^^^^^^^^^^^^^^^^^^^^^^^^^

Error: Source "helpers/Helpers.sol" not found: File not found.
  --> sb/ReserveLogic_4.sol:15:1:
   |
15 | import {Helpers} from '../helpers/Helpers.sol';
   | ^^^^^^^^^^^^^^^^^^^^^^^^^^^^^^^^^^^^^^^^^^^^^^^

Error: Source "types/DataTypes.sol" not found: File not found.
  --> sb/ReserveLogic_4.sol:16:1:
   |
16 | import {DataTypes} from '../types/DataTypes.sol';
   | ^^^^^^^^^^^^^^^^^^^^^^^^^^^^^^^^^^^^^^^^^^^^^^^^^


. Solidity failed to generate bytecode for your contract. Check if all the abstract functions are implemented. 
Process Process-1:
Traceback (most recent call last):
  File "/usr/lib/python3.7/multiprocessing/process.py", line 297, in _bootstrap
    self.run()
  File "/usr/lib/python3.7/multiprocessing/process.py", line 99, in run
    self._target(*self._args, **self._kwargs)
  File "/usr/local/lib/python3.7/dist-packages/manticore/ethereum/manticore.py", line 1766, in worker_finalize
    finalizer(q.get_nowait())
  File "/usr/local/lib/python3.7/dist-packages/manticore/ethereum/manticore.py", line 1757, in finalizer
    if only_alive_states and last_tx.result in {"REVERT", "THROW", "TXERROR"}:
AttributeError: 'NoneType' object has no attribute 'result'
2023-07-03 16:16:21,067: [161] m.c.manticore:INFO: Results in /mcore_pwc3wd6s
2023-07-03 16:16:21,067: [161] m.c.manticore:WARNING: Manticore failed to run
2023-07-03 16:16:21,701: [186] m.main:INFO: Registered plugins: IntrospectionAPIPlugin, <class 'manticore.ethereum.plugins.SkipRevertBasicBlocks'>, <class 'manticore.ethereum.plugins.FilterFunctions'>
2023-07-03 16:16:21,702: [186] m.main:INFO: Beginning analysis
2023-07-03 16:16:21,704: [186] m.e.manticore:INFO: Starting symbolic create contract
2023-07-03 16:16:21,730: [186] m.e.manticore:INFO: Failed to build contract found. Errors : Invalid solc compilation Error: Source "dependencies/openzeppelin/contracts/IERC20.sol" not found: File not found.
 --> sb/ReserveLogic_4.sol:4:1:
  |
4 | import {IERC20} from '../../../dependencies/openzeppelin/contracts/IERC20.sol';
  | ^^^^^^^^^^^^^^^^^^^^^^^^^^^^^^^^^^^^^^^^^^^^^^^^^^^^^^^^^^^^^^^^^^^^^^^^^^^^^^^

Error: Source "dependencies/openzeppelin/contracts/SafeERC20.sol" not found: File not found.
 --> sb/ReserveLogic_4.sol:5:1:
  |
5 | import {SafeERC20} from '../../../dependencies/openzeppelin/contracts/SafeERC20.sol';
  | ^^^^^^^^^^^^^^^^^^^^^^^^^^^^^^^^^^^^^^^^^^^^^^^^^^^^^^^^^^^^^^^^^^^^^^^^^^^^^^^^^^^^^

Error: Source "interfaces/IAToken.sol" not found: File not found.
 --> sb/ReserveLogic_4.sol:6:1:
  |
6 | import {IAToken} from '../../../interfaces/IAToken.sol';
  | ^^^^^^^^^^^^^^^^^^^^^^^^^^^^^^^^^^^^^^^^^^^^^^^^^^^^^^^^

Error: Source "interfaces/IStableDebtToken.sol" not found: File not found.
 --> sb/ReserveLogic_4.sol:7:1:
  |
7 | import {IStableDebtToken} from '../../../interfaces/IStableDebtToken.sol';
  | ^^^^^^^^^^^^^^^^^^^^^^^^^^^^^^^^^^^^^^^^^^^^^^^^^^^^^^^^^^^^^^^^^^^^^^^^^^

Error: Source "interfaces/IVariableDebtToken.sol" not found: File not found.
 --> sb/ReserveLogic_4.sol:8:1:
  |
8 | import {IVariableDebtToken} from '../../../interfaces/IVariableDebtToken.sol';
  | ^^^^^^^^^^^^^^^^^^^^^^^^^^^^^^^^^^^^^^^^^^^^^^^^^^^^^^^^^^^^^^^^^^^^^^^^^^^^^^

Error: Source "interfaces/IReserveInterestRateStrategy.sol" not found: File not found.
 --> sb/ReserveLogic_4.sol:9:1:
  |
9 | import {IReserveInterestRateStrategy} from '../../../interfaces/IReserveInterestRateStrategy.sol';
  | ^^^^^^^^^^^^^^^^^^^^^^^^^^^^^^^^^^^^^^^^^^^^^^^^^^^^^^^^^^^^^^^^^^^^^^^^^^^^^^^^^^^^^^^^^^^^^^^^^^

Error: Source "configuration/ReserveConfiguration.sol" not found: File not found.
  --> sb/ReserveLogic_4.sol:10:1:
   |
10 | import {ReserveConfiguration} from '../configuration/ReserveConfiguration.sol';
   | ^^^^^^^^^^^^^^^^^^^^^^^^^^^^^^^^^^^^^^^^^^^^^^^^^^^^^^^^^^^^^^^^^^^^^^^^^^^^^^^

Error: Source "math/MathUtils.sol" not found: File not found.
  --> sb/ReserveLogic_4.sol:11:1:
   |
11 | import {MathUtils} from '../math/MathUtils.sol';
   | ^^^^^^^^^^^^^^^^^^^^^^^^^^^^^^^^^^^^^^^^^^^^^^^^

Error: Source "math/WadRayMath.sol" not found: File not found.
  --> sb/ReserveLogic_4.sol:12:1:
   |
12 | import {WadRayMath} from '../math/WadRayMath.sol';
   | ^^^^^^^^^^^^^^^^^^^^^^^^^^^^^^^^^^^^^^^^^^^^^^^^^^

Error: Source "math/PercentageMath.sol" not found: File not found.
  --> sb/ReserveLogic_4.sol:13:1:
   |
13 | import {PercentageMath} from '../math/PercentageMath.sol';
   | ^^^^^^^^^^^^^^^^^^^^^^^^^^^^^^^^^^^^^^^^^^^^^^^^^^^^^^^^^^

Error: Source "helpers/Errors.sol" not found: File not found.
  --> sb/ReserveLogic_4.sol:14:1:
   |
14 | import {Errors} from '../helpers/Errors.sol';
   | ^^^^^^^^^^^^^^^^^^^^^^^^^^^^^^^^^^^^^^^^^^^^^

Error: Source "helpers/Helpers.sol" not found: File not found.
  --> sb/ReserveLogic_4.sol:15:1:
   |
15 | import {Helpers} from '../helpers/Helpers.sol';
   | ^^^^^^^^^^^^^^^^^^^^^^^^^^^^^^^^^^^^^^^^^^^^^^^

Error: Source "types/DataTypes.sol" not found: File not found.
  --> sb/ReserveLogic_4.sol:16:1:
   |
16 | import {DataTypes} from '../types/DataTypes.sol';
   | ^^^^^^^^^^^^^^^^^^^^^^^^^^^^^^^^^^^^^^^^^^^^^^^^^


. Solidity failed to generate bytecode for your contract. Check if all the abstract functions are implemented. 
Process Process-1:
Traceback (most recent call last):
  File "/usr/lib/python3.7/multiprocessing/process.py", line 297, in _bootstrap
    self.run()
  File "/usr/lib/python3.7/multiprocessing/process.py", line 99, in run
    self._target(*self._args, **self._kwargs)
  File "/usr/local/lib/python3.7/dist-packages/manticore/ethereum/manticore.py", line 1766, in worker_finalize
    finalizer(q.get_nowait())
  File "/usr/local/lib/python3.7/dist-packages/manticore/ethereum/manticore.py", line 1757, in finalizer
    if only_alive_states and last_tx.result in {"REVERT", "THROW", "TXERROR"}:
AttributeError: 'NoneType' object has no attribute 'result'
2023-07-03 16:16:21,803: [186] m.c.manticore:INFO: Results in /mcore_u0ik_9ba
2023-07-03 16:16:21,804: [186] m.c.manticore:WARNING: Manticore failed to run
usage: manticore [-h] [--compile-force-framework COMPILE_FORCE_FRAMEWORK]
                 [--compile-remove-metadata]
                 [--compile-custom-build COMPILE_CUSTOM_BUILD]
                 [--ignore-compile] [--solc SOLC] [--solc-remaps SOLC_REMAPS]
                 [--solc-args SOLC_ARGS] [--solc-disable-warnings]
                 [--solc-working-dir SOLC_WORKING_DIR]
                 [--solc-solcs-select SOLC_SOLCS_SELECT]
                 [--solc-solcs-bin SOLC_SOLCS_BIN] [--solc-standard-json]
                 [--solc-force-legacy-json] [--truffle-ignore-compile]
                 [--truffle-build-directory TRUFFLE_BUILD_DIRECTORY]
                 [--truffle-version TRUFFLE_VERSION]
                 [--truffle-overwrite-config]
                 [--truffle-overwrite-version TRUFFLE_OVERWRITE_VERSION]
                 [--embark-ignore-compile] [--embark-overwrite-config]
                 [--dapp-ignore-compile] [--etherlime-ignore-compile]
                 [--etherlime-compile-arguments]
                 [--etherscan-only-source-code] [--etherscan-only-bytecode]
                 [--etherscan-apikey ETHERSCAN_API_KEY]
                 [--arbiscan-apikey ARBISCAN_API_KEY]
                 [--polygonscan-apikey POLYGONSCAN_API_KEY]
                 [--avax-apikey AVAX_API_KEY]
                 [--ftmscan-apikey FTMSCAN_API_KEY]
                 [--bscan-apikey BSCAN_API_KEY]
                 [--etherscan-export-directory ETHERSCAN_EXPORT_DIR]
                 [--waffle-ignore-compile]
                 [--waffle-config-file WAFFLE_CONFIG_FILE] [--npx-disable]
                 [--buidler-ignore-compile]
                 [--buidler-cache-directory BUIDLER_CACHE_DIRECTORY]
                 [--buidler-skip-directory-name-fix]
                 [--hardhat-ignore-compile]
                 [--hardhat-cache-directory HARDHAT_CACHE_DIRECTORY]
                 [--hardhat-artifacts-directory HARDHAT_ARTIFACTS_DIRECTORY]
                 [--coverage COVERAGE] [--no-colors] [--policy POLICY] [-v]
                 [--workspace WORKSPACE] [--version] [--config CONFIG]
                 [--entrysymbol ENTRYSYMBOL] [--data DATA] [--file FILES]
                 [--env ENV] [--pure-symbolic] [--verbose-trace]
                 [--txlimit TXLIMIT] [--txnocoverage] [--txnoether]
                 [--txaccount TXACCOUNT] [--txpreconstrain]
                 [--contract CONTRACT] [--list-detectors]
                 [--exclude DETECTORS_TO_EXCLUDE] [--exclude-all]
                 [--avoid-constant] [--limit-loops] [--no-testcases]
                 [--only-alive-testcases] [--thorough-mode]
                 [--core.compress_states CORE.COMPRESS_STATES]
                 [--core.execs_per_intermittent_cb CORE.EXECS_PER_INTERMITTENT_CB]
                 [--core.HOST CORE.HOST] [--core.PORT CORE.PORT]
                 [--core.fast_fail CORE.FAST_FAIL]
                 [--core.timeout CORE.TIMEOUT] [--core.cluster CORE.CLUSTER]
                 [--core.procs CORE.PROCS]
                 [--core.mprocessing CORE.MPROCESSING] [--core.seed CORE.SEED]
                 [--smt.timeout SMT.TIMEOUT] [--smt.memory SMT.MEMORY]
                 [--smt.maxsolutions SMT.MAXSOLUTIONS]
                 [--smt.z3_bin SMT.Z3_BIN] [--smt.cvc4_bin SMT.CVC4_BIN]
                 [--smt.yices_bin SMT.YICES_BIN]
                 [--smt.boolector_bin SMT.BOOLECTOR_BIN]
                 [--smt.defaultunsat SMT.DEFAULTUNSAT]
                 [--smt.optimize SMT.OPTIMIZE] [--smt.solver SMT.SOLVER]
                 [--workspace.prefix WORKSPACE.PREFIX]
                 [--workspace.dir WORKSPACE.DIR] [--evm.oog EVM.OOG]
                 [--evm.txfail EVM.TXFAIL]
                 [--evm.calldata_max_offset EVM.CALLDATA_MAX_OFFSET]
                 [--evm.calldata_max_size EVM.CALLDATA_MAX_SIZE]
                 [--evm.ignore_balance EVM.IGNORE_BALANCE]
                 [--evm.defaultgas EVM.DEFAULTGAS] [--evm.sha3 EVM.SHA3]
                 [--evm.sha3timeout EVM.SHA3TIMEOUT] [--evm.events EVM.EVENTS]
                 [--cli.profile CLI.PROFILE]
                 [--cli.explore_balance CLI.EXPLORE_BALANCE]
                 [--cli.skip_reverts CLI.SKIP_REVERTS]
                 [--cli.target_func CLI.TARGET_FUNC]
                 [--wasm.decode_names WASM.DECODE_NAMES]
                 [--main.recursionlimit MAIN.RECURSIONLIMIT]
                 [--native.fast_crash NATIVE.FAST_CRASH]
                 [--native.stdin_size NATIVE.STDIN_SIZE]
                 [argv [argv ...]]
manticore: error: argument --contract: expected one argument
mv: cannot stat '/mcore_*': No such file or directory
2023-07-03 16:16:23,208: [215] m.main:INFO: Registered plugins: IntrospectionAPIPlugin, <class 'manticore.ethereum.plugins.SkipRevertBasicBlocks'>, <class 'manticore.ethereum.plugins.FilterFunctions'>
2023-07-03 16:16:23,209: [215] m.main:INFO: Beginning analysis
2023-07-03 16:16:23,213: [215] m.e.manticore:INFO: Starting symbolic create contract
2023-07-03 16:16:23,237: [215] m.e.manticore:INFO: Failed to build contract /sb/ReserveLogic_4.sol:4:1: Errors : Invalid solc compilation Error: Source "dependencies/openzeppelin/contracts/IERC20.sol" not found: File not found.
 --> sb/ReserveLogic_4.sol:4:1:
  |
4 | import {IERC20} from '../../../dependencies/openzeppelin/contracts/IERC20.sol';
  | ^^^^^^^^^^^^^^^^^^^^^^^^^^^^^^^^^^^^^^^^^^^^^^^^^^^^^^^^^^^^^^^^^^^^^^^^^^^^^^^

Error: Source "dependencies/openzeppelin/contracts/SafeERC20.sol" not found: File not found.
 --> sb/ReserveLogic_4.sol:5:1:
  |
5 | import {SafeERC20} from '../../../dependencies/openzeppelin/contracts/SafeERC20.sol';
  | ^^^^^^^^^^^^^^^^^^^^^^^^^^^^^^^^^^^^^^^^^^^^^^^^^^^^^^^^^^^^^^^^^^^^^^^^^^^^^^^^^^^^^

Error: Source "interfaces/IAToken.sol" not found: File not found.
 --> sb/ReserveLogic_4.sol:6:1:
  |
6 | import {IAToken} from '../../../interfaces/IAToken.sol';
  | ^^^^^^^^^^^^^^^^^^^^^^^^^^^^^^^^^^^^^^^^^^^^^^^^^^^^^^^^

Error: Source "interfaces/IStableDebtToken.sol" not found: File not found.
 --> sb/ReserveLogic_4.sol:7:1:
  |
7 | import {IStableDebtToken} from '../../../interfaces/IStableDebtToken.sol';
  | ^^^^^^^^^^^^^^^^^^^^^^^^^^^^^^^^^^^^^^^^^^^^^^^^^^^^^^^^^^^^^^^^^^^^^^^^^^

Error: Source "interfaces/IVariableDebtToken.sol" not found: File not found.
 --> sb/ReserveLogic_4.sol:8:1:
  |
8 | import {IVariableDebtToken} from '../../../interfaces/IVariableDebtToken.sol';
  | ^^^^^^^^^^^^^^^^^^^^^^^^^^^^^^^^^^^^^^^^^^^^^^^^^^^^^^^^^^^^^^^^^^^^^^^^^^^^^^

Error: Source "interfaces/IReserveInterestRateStrategy.sol" not found: File not found.
 --> sb/ReserveLogic_4.sol:9:1:
  |
9 | import {IReserveInterestRateStrategy} from '../../../interfaces/IReserveInterestRateStrategy.sol';
  | ^^^^^^^^^^^^^^^^^^^^^^^^^^^^^^^^^^^^^^^^^^^^^^^^^^^^^^^^^^^^^^^^^^^^^^^^^^^^^^^^^^^^^^^^^^^^^^^^^^

Error: Source "configuration/ReserveConfiguration.sol" not found: File not found.
  --> sb/ReserveLogic_4.sol:10:1:
   |
10 | import {ReserveConfiguration} from '../configuration/ReserveConfiguration.sol';
   | ^^^^^^^^^^^^^^^^^^^^^^^^^^^^^^^^^^^^^^^^^^^^^^^^^^^^^^^^^^^^^^^^^^^^^^^^^^^^^^^

Error: Source "math/MathUtils.sol" not found: File not found.
  --> sb/ReserveLogic_4.sol:11:1:
   |
11 | import {MathUtils} from '../math/MathUtils.sol';
   | ^^^^^^^^^^^^^^^^^^^^^^^^^^^^^^^^^^^^^^^^^^^^^^^^

Error: Source "math/WadRayMath.sol" not found: File not found.
  --> sb/ReserveLogic_4.sol:12:1:
   |
12 | import {WadRayMath} from '../math/WadRayMath.sol';
   | ^^^^^^^^^^^^^^^^^^^^^^^^^^^^^^^^^^^^^^^^^^^^^^^^^^

Error: Source "math/PercentageMath.sol" not found: File not found.
  --> sb/ReserveLogic_4.sol:13:1:
   |
13 | import {PercentageMath} from '../math/PercentageMath.sol';
   | ^^^^^^^^^^^^^^^^^^^^^^^^^^^^^^^^^^^^^^^^^^^^^^^^^^^^^^^^^^

Error: Source "helpers/Errors.sol" not found: File not found.
  --> sb/ReserveLogic_4.sol:14:1:
   |
14 | import {Errors} from '../helpers/Errors.sol';
   | ^^^^^^^^^^^^^^^^^^^^^^^^^^^^^^^^^^^^^^^^^^^^^

Error: Source "helpers/Helpers.sol" not found: File not found.
  --> sb/ReserveLogic_4.sol:15:1:
   |
15 | import {Helpers} from '../helpers/Helpers.sol';
   | ^^^^^^^^^^^^^^^^^^^^^^^^^^^^^^^^^^^^^^^^^^^^^^^

Error: Source "types/DataTypes.sol" not found: File not found.
  --> sb/ReserveLogic_4.sol:16:1:
   |
16 | import {DataTypes} from '../types/DataTypes.sol';
   | ^^^^^^^^^^^^^^^^^^^^^^^^^^^^^^^^^^^^^^^^^^^^^^^^^


. Solidity failed to generate bytecode for your contract. Check if all the abstract functions are implemented. 
Process Process-1:
Traceback (most recent call last):
  File "/usr/lib/python3.7/multiprocessing/process.py", line 297, in _bootstrap
    self.run()
  File "/usr/lib/python3.7/multiprocessing/process.py", line 99, in run
    self._target(*self._args, **self._kwargs)
  File "/usr/local/lib/python3.7/dist-packages/manticore/ethereum/manticore.py", line 1766, in worker_finalize
    finalizer(q.get_nowait())
  File "/usr/local/lib/python3.7/dist-packages/manticore/ethereum/manticore.py", line 1757, in finalizer
    if only_alive_states and last_tx.result in {"REVERT", "THROW", "TXERROR"}:
AttributeError: 'NoneType' object has no attribute 'result'
2023-07-03 16:16:23,319: [215] m.c.manticore:INFO: Results in /mcore_wpke41yx
2023-07-03 16:16:23,319: [215] m.c.manticore:WARNING: Manticore failed to run
2023-07-03 16:16:24,021: [240] m.main:INFO: Registered plugins: IntrospectionAPIPlugin, <class 'manticore.ethereum.plugins.SkipRevertBasicBlocks'>, <class 'manticore.ethereum.plugins.FilterFunctions'>
2023-07-03 16:16:24,021: [240] m.main:INFO: Beginning analysis
2023-07-03 16:16:24,024: [240] m.e.manticore:INFO: Starting symbolic create contract
2023-07-03 16:16:24,048: [240] m.e.manticore:INFO: Failed to build contract | Errors : Invalid solc compilation Error: Source "dependencies/openzeppelin/contracts/IERC20.sol" not found: File not found.
 --> sb/ReserveLogic_4.sol:4:1:
  |
4 | import {IERC20} from '../../../dependencies/openzeppelin/contracts/IERC20.sol';
  | ^^^^^^^^^^^^^^^^^^^^^^^^^^^^^^^^^^^^^^^^^^^^^^^^^^^^^^^^^^^^^^^^^^^^^^^^^^^^^^^

Error: Source "dependencies/openzeppelin/contracts/SafeERC20.sol" not found: File not found.
 --> sb/ReserveLogic_4.sol:5:1:
  |
5 | import {SafeERC20} from '../../../dependencies/openzeppelin/contracts/SafeERC20.sol';
  | ^^^^^^^^^^^^^^^^^^^^^^^^^^^^^^^^^^^^^^^^^^^^^^^^^^^^^^^^^^^^^^^^^^^^^^^^^^^^^^^^^^^^^

Error: Source "interfaces/IAToken.sol" not found: File not found.
 --> sb/ReserveLogic_4.sol:6:1:
  |
6 | import {IAToken} from '../../../interfaces/IAToken.sol';
  | ^^^^^^^^^^^^^^^^^^^^^^^^^^^^^^^^^^^^^^^^^^^^^^^^^^^^^^^^

Error: Source "interfaces/IStableDebtToken.sol" not found: File not found.
 --> sb/ReserveLogic_4.sol:7:1:
  |
7 | import {IStableDebtToken} from '../../../interfaces/IStableDebtToken.sol';
  | ^^^^^^^^^^^^^^^^^^^^^^^^^^^^^^^^^^^^^^^^^^^^^^^^^^^^^^^^^^^^^^^^^^^^^^^^^^

Error: Source "interfaces/IVariableDebtToken.sol" not found: File not found.
 --> sb/ReserveLogic_4.sol:8:1:
  |
8 | import {IVariableDebtToken} from '../../../interfaces/IVariableDebtToken.sol';
  | ^^^^^^^^^^^^^^^^^^^^^^^^^^^^^^^^^^^^^^^^^^^^^^^^^^^^^^^^^^^^^^^^^^^^^^^^^^^^^^

Error: Source "interfaces/IReserveInterestRateStrategy.sol" not found: File not found.
 --> sb/ReserveLogic_4.sol:9:1:
  |
9 | import {IReserveInterestRateStrategy} from '../../../interfaces/IReserveInterestRateStrategy.sol';
  | ^^^^^^^^^^^^^^^^^^^^^^^^^^^^^^^^^^^^^^^^^^^^^^^^^^^^^^^^^^^^^^^^^^^^^^^^^^^^^^^^^^^^^^^^^^^^^^^^^^

Error: Source "configuration/ReserveConfiguration.sol" not found: File not found.
  --> sb/ReserveLogic_4.sol:10:1:
   |
10 | import {ReserveConfiguration} from '../configuration/ReserveConfiguration.sol';
   | ^^^^^^^^^^^^^^^^^^^^^^^^^^^^^^^^^^^^^^^^^^^^^^^^^^^^^^^^^^^^^^^^^^^^^^^^^^^^^^^

Error: Source "math/MathUtils.sol" not found: File not found.
  --> sb/ReserveLogic_4.sol:11:1:
   |
11 | import {MathUtils} from '../math/MathUtils.sol';
   | ^^^^^^^^^^^^^^^^^^^^^^^^^^^^^^^^^^^^^^^^^^^^^^^^

Error: Source "math/WadRayMath.sol" not found: File not found.
  --> sb/ReserveLogic_4.sol:12:1:
   |
12 | import {WadRayMath} from '../math/WadRayMath.sol';
   | ^^^^^^^^^^^^^^^^^^^^^^^^^^^^^^^^^^^^^^^^^^^^^^^^^^

Error: Source "math/PercentageMath.sol" not found: File not found.
  --> sb/ReserveLogic_4.sol:13:1:
   |
13 | import {PercentageMath} from '../math/PercentageMath.sol';
   | ^^^^^^^^^^^^^^^^^^^^^^^^^^^^^^^^^^^^^^^^^^^^^^^^^^^^^^^^^^

Error: Source "helpers/Errors.sol" not found: File not found.
  --> sb/ReserveLogic_4.sol:14:1:
   |
14 | import {Errors} from '../helpers/Errors.sol';
   | ^^^^^^^^^^^^^^^^^^^^^^^^^^^^^^^^^^^^^^^^^^^^^

Error: Source "helpers/Helpers.sol" not found: File not found.
  --> sb/ReserveLogic_4.sol:15:1:
   |
15 | import {Helpers} from '../helpers/Helpers.sol';
   | ^^^^^^^^^^^^^^^^^^^^^^^^^^^^^^^^^^^^^^^^^^^^^^^

Error: Source "types/DataTypes.sol" not found: File not found.
  --> sb/ReserveLogic_4.sol:16:1:
   |
16 | import {DataTypes} from '../types/DataTypes.sol';
   | ^^^^^^^^^^^^^^^^^^^^^^^^^^^^^^^^^^^^^^^^^^^^^^^^^


. Solidity failed to generate bytecode for your contract. Check if all the abstract functions are implemented. 
Process Process-1:
Traceback (most recent call last):
  File "/usr/lib/python3.7/multiprocessing/process.py", line 297, in _bootstrap
    self.run()
  File "/usr/lib/python3.7/multiprocessing/process.py", line 99, in run
    self._target(*self._args, **self._kwargs)
  File "/usr/local/lib/python3.7/dist-packages/manticore/ethereum/manticore.py", line 1766, in worker_finalize
    finalizer(q.get_nowait())
  File "/usr/local/lib/python3.7/dist-packages/manticore/ethereum/manticore.py", line 1757, in finalizer
    if only_alive_states and last_tx.result in {"REVERT", "THROW", "TXERROR"}:
AttributeError: 'NoneType' object has no attribute 'result'
2023-07-03 16:16:24,126: [240] m.c.manticore:INFO: Results in /mcore_o_jf354x
2023-07-03 16:16:24,126: [240] m.c.manticore:WARNING: Manticore failed to run
2023-07-03 16:16:24,850: [265] m.main:INFO: Registered plugins: IntrospectionAPIPlugin, <class 'manticore.ethereum.plugins.SkipRevertBasicBlocks'>, <class 'manticore.ethereum.plugins.FilterFunctions'>
2023-07-03 16:16:24,851: [265] m.main:INFO: Beginning analysis
2023-07-03 16:16:24,853: [265] m.e.manticore:INFO: Starting symbolic create contract
2023-07-03 16:16:24,878: [265] m.e.manticore:INFO: Failed to build contract 4 Errors : Invalid solc compilation Error: Source "dependencies/openzeppelin/contracts/IERC20.sol" not found: File not found.
 --> sb/ReserveLogic_4.sol:4:1:
  |
4 | import {IERC20} from '../../../dependencies/openzeppelin/contracts/IERC20.sol';
  | ^^^^^^^^^^^^^^^^^^^^^^^^^^^^^^^^^^^^^^^^^^^^^^^^^^^^^^^^^^^^^^^^^^^^^^^^^^^^^^^

Error: Source "dependencies/openzeppelin/contracts/SafeERC20.sol" not found: File not found.
 --> sb/ReserveLogic_4.sol:5:1:
  |
5 | import {SafeERC20} from '../../../dependencies/openzeppelin/contracts/SafeERC20.sol';
  | ^^^^^^^^^^^^^^^^^^^^^^^^^^^^^^^^^^^^^^^^^^^^^^^^^^^^^^^^^^^^^^^^^^^^^^^^^^^^^^^^^^^^^

Error: Source "interfaces/IAToken.sol" not found: File not found.
 --> sb/ReserveLogic_4.sol:6:1:
  |
6 | import {IAToken} from '../../../interfaces/IAToken.sol';
  | ^^^^^^^^^^^^^^^^^^^^^^^^^^^^^^^^^^^^^^^^^^^^^^^^^^^^^^^^

Error: Source "interfaces/IStableDebtToken.sol" not found: File not found.
 --> sb/ReserveLogic_4.sol:7:1:
  |
7 | import {IStableDebtToken} from '../../../interfaces/IStableDebtToken.sol';
  | ^^^^^^^^^^^^^^^^^^^^^^^^^^^^^^^^^^^^^^^^^^^^^^^^^^^^^^^^^^^^^^^^^^^^^^^^^^

Error: Source "interfaces/IVariableDebtToken.sol" not found: File not found.
 --> sb/ReserveLogic_4.sol:8:1:
  |
8 | import {IVariableDebtToken} from '../../../interfaces/IVariableDebtToken.sol';
  | ^^^^^^^^^^^^^^^^^^^^^^^^^^^^^^^^^^^^^^^^^^^^^^^^^^^^^^^^^^^^^^^^^^^^^^^^^^^^^^

Error: Source "interfaces/IReserveInterestRateStrategy.sol" not found: File not found.
 --> sb/ReserveLogic_4.sol:9:1:
  |
9 | import {IReserveInterestRateStrategy} from '../../../interfaces/IReserveInterestRateStrategy.sol';
  | ^^^^^^^^^^^^^^^^^^^^^^^^^^^^^^^^^^^^^^^^^^^^^^^^^^^^^^^^^^^^^^^^^^^^^^^^^^^^^^^^^^^^^^^^^^^^^^^^^^

Error: Source "configuration/ReserveConfiguration.sol" not found: File not found.
  --> sb/ReserveLogic_4.sol:10:1:
   |
10 | import {ReserveConfiguration} from '../configuration/ReserveConfiguration.sol';
   | ^^^^^^^^^^^^^^^^^^^^^^^^^^^^^^^^^^^^^^^^^^^^^^^^^^^^^^^^^^^^^^^^^^^^^^^^^^^^^^^

Error: Source "math/MathUtils.sol" not found: File not found.
  --> sb/ReserveLogic_4.sol:11:1:
   |
11 | import {MathUtils} from '../math/MathUtils.sol';
   | ^^^^^^^^^^^^^^^^^^^^^^^^^^^^^^^^^^^^^^^^^^^^^^^^

Error: Source "math/WadRayMath.sol" not found: File not found.
  --> sb/ReserveLogic_4.sol:12:1:
   |
12 | import {WadRayMath} from '../math/WadRayMath.sol';
   | ^^^^^^^^^^^^^^^^^^^^^^^^^^^^^^^^^^^^^^^^^^^^^^^^^^

Error: Source "math/PercentageMath.sol" not found: File not found.
  --> sb/ReserveLogic_4.sol:13:1:
   |
13 | import {PercentageMath} from '../math/PercentageMath.sol';
   | ^^^^^^^^^^^^^^^^^^^^^^^^^^^^^^^^^^^^^^^^^^^^^^^^^^^^^^^^^^

Error: Source "helpers/Errors.sol" not found: File not found.
  --> sb/ReserveLogic_4.sol:14:1:
   |
14 | import {Errors} from '../helpers/Errors.sol';
   | ^^^^^^^^^^^^^^^^^^^^^^^^^^^^^^^^^^^^^^^^^^^^^

Error: Source "helpers/Helpers.sol" not found: File not found.
  --> sb/ReserveLogic_4.sol:15:1:
   |
15 | import {Helpers} from '../helpers/Helpers.sol';
   | ^^^^^^^^^^^^^^^^^^^^^^^^^^^^^^^^^^^^^^^^^^^^^^^

Error: Source "types/DataTypes.sol" not found: File not found.
  --> sb/ReserveLogic_4.sol:16:1:
   |
16 | import {DataTypes} from '../types/DataTypes.sol';
   | ^^^^^^^^^^^^^^^^^^^^^^^^^^^^^^^^^^^^^^^^^^^^^^^^^


. Solidity failed to generate bytecode for your contract. Check if all the abstract functions are implemented. 
Process Process-1:
Traceback (most recent call last):
  File "/usr/lib/python3.7/multiprocessing/process.py", line 297, in _bootstrap
    self.run()
  File "/usr/lib/python3.7/multiprocessing/process.py", line 99, in run
    self._target(*self._args, **self._kwargs)
  File "/usr/local/lib/python3.7/dist-packages/manticore/ethereum/manticore.py", line 1766, in worker_finalize
    finalizer(q.get_nowait())
  File "/usr/local/lib/python3.7/dist-packages/manticore/ethereum/manticore.py", line 1757, in finalizer
    if only_alive_states and last_tx.result in {"REVERT", "THROW", "TXERROR"}:
AttributeError: 'NoneType' object has no attribute 'result'
2023-07-03 16:16:24,972: [265] m.c.manticore:INFO: Results in /mcore_lohostvw
2023-07-03 16:16:24,973: [265] m.c.manticore:WARNING: Manticore failed to run
2023-07-03 16:16:25,658: [290] m.main:INFO: Registered plugins: IntrospectionAPIPlugin, <class 'manticore.ethereum.plugins.SkipRevertBasicBlocks'>, <class 'manticore.ethereum.plugins.FilterFunctions'>
2023-07-03 16:16:25,658: [290] m.main:INFO: Beginning analysis
2023-07-03 16:16:25,661: [290] m.e.manticore:INFO: Starting symbolic create contract
2023-07-03 16:16:25,689: [290] m.e.manticore:INFO: Failed to build contract | Errors : Invalid solc compilation Error: Source "dependencies/openzeppelin/contracts/IERC20.sol" not found: File not found.
 --> sb/ReserveLogic_4.sol:4:1:
  |
4 | import {IERC20} from '../../../dependencies/openzeppelin/contracts/IERC20.sol';
  | ^^^^^^^^^^^^^^^^^^^^^^^^^^^^^^^^^^^^^^^^^^^^^^^^^^^^^^^^^^^^^^^^^^^^^^^^^^^^^^^

Error: Source "dependencies/openzeppelin/contracts/SafeERC20.sol" not found: File not found.
 --> sb/ReserveLogic_4.sol:5:1:
  |
5 | import {SafeERC20} from '../../../dependencies/openzeppelin/contracts/SafeERC20.sol';
  | ^^^^^^^^^^^^^^^^^^^^^^^^^^^^^^^^^^^^^^^^^^^^^^^^^^^^^^^^^^^^^^^^^^^^^^^^^^^^^^^^^^^^^

Error: Source "interfaces/IAToken.sol" not found: File not found.
 --> sb/ReserveLogic_4.sol:6:1:
  |
6 | import {IAToken} from '../../../interfaces/IAToken.sol';
  | ^^^^^^^^^^^^^^^^^^^^^^^^^^^^^^^^^^^^^^^^^^^^^^^^^^^^^^^^

Error: Source "interfaces/IStableDebtToken.sol" not found: File not found.
 --> sb/ReserveLogic_4.sol:7:1:
  |
7 | import {IStableDebtToken} from '../../../interfaces/IStableDebtToken.sol';
  | ^^^^^^^^^^^^^^^^^^^^^^^^^^^^^^^^^^^^^^^^^^^^^^^^^^^^^^^^^^^^^^^^^^^^^^^^^^

Error: Source "interfaces/IVariableDebtToken.sol" not found: File not found.
 --> sb/ReserveLogic_4.sol:8:1:
  |
8 | import {IVariableDebtToken} from '../../../interfaces/IVariableDebtToken.sol';
  | ^^^^^^^^^^^^^^^^^^^^^^^^^^^^^^^^^^^^^^^^^^^^^^^^^^^^^^^^^^^^^^^^^^^^^^^^^^^^^^

Error: Source "interfaces/IReserveInterestRateStrategy.sol" not found: File not found.
 --> sb/ReserveLogic_4.sol:9:1:
  |
9 | import {IReserveInterestRateStrategy} from '../../../interfaces/IReserveInterestRateStrategy.sol';
  | ^^^^^^^^^^^^^^^^^^^^^^^^^^^^^^^^^^^^^^^^^^^^^^^^^^^^^^^^^^^^^^^^^^^^^^^^^^^^^^^^^^^^^^^^^^^^^^^^^^

Error: Source "configuration/ReserveConfiguration.sol" not found: File not found.
  --> sb/ReserveLogic_4.sol:10:1:
   |
10 | import {ReserveConfiguration} from '../configuration/ReserveConfiguration.sol';
   | ^^^^^^^^^^^^^^^^^^^^^^^^^^^^^^^^^^^^^^^^^^^^^^^^^^^^^^^^^^^^^^^^^^^^^^^^^^^^^^^

Error: Source "math/MathUtils.sol" not found: File not found.
  --> sb/ReserveLogic_4.sol:11:1:
   |
11 | import {MathUtils} from '../math/MathUtils.sol';
   | ^^^^^^^^^^^^^^^^^^^^^^^^^^^^^^^^^^^^^^^^^^^^^^^^

Error: Source "math/WadRayMath.sol" not found: File not found.
  --> sb/ReserveLogic_4.sol:12:1:
   |
12 | import {WadRayMath} from '../math/WadRayMath.sol';
   | ^^^^^^^^^^^^^^^^^^^^^^^^^^^^^^^^^^^^^^^^^^^^^^^^^^

Error: Source "math/PercentageMath.sol" not found: File not found.
  --> sb/ReserveLogic_4.sol:13:1:
   |
13 | import {PercentageMath} from '../math/PercentageMath.sol';
   | ^^^^^^^^^^^^^^^^^^^^^^^^^^^^^^^^^^^^^^^^^^^^^^^^^^^^^^^^^^

Error: Source "helpers/Errors.sol" not found: File not found.
  --> sb/ReserveLogic_4.sol:14:1:
   |
14 | import {Errors} from '../helpers/Errors.sol';
   | ^^^^^^^^^^^^^^^^^^^^^^^^^^^^^^^^^^^^^^^^^^^^^

Error: Source "helpers/Helpers.sol" not found: File not found.
  --> sb/ReserveLogic_4.sol:15:1:
   |
15 | import {Helpers} from '../helpers/Helpers.sol';
   | ^^^^^^^^^^^^^^^^^^^^^^^^^^^^^^^^^^^^^^^^^^^^^^^

Error: Source "types/DataTypes.sol" not found: File not found.
  --> sb/ReserveLogic_4.sol:16:1:
   |
16 | import {DataTypes} from '../types/DataTypes.sol';
   | ^^^^^^^^^^^^^^^^^^^^^^^^^^^^^^^^^^^^^^^^^^^^^^^^^


. Solidity failed to generate bytecode for your contract. Check if all the abstract functions are implemented. 
Process Process-1:
Traceback (most recent call last):
  File "/usr/lib/python3.7/multiprocessing/process.py", line 297, in _bootstrap
    self.run()
  File "/usr/lib/python3.7/multiprocessing/process.py", line 99, in run
    self._target(*self._args, **self._kwargs)
  File "/usr/local/lib/python3.7/dist-packages/manticore/ethereum/manticore.py", line 1766, in worker_finalize
    finalizer(q.get_nowait())
  File "/usr/local/lib/python3.7/dist-packages/manticore/ethereum/manticore.py", line 1757, in finalizer
    if only_alive_states and last_tx.result in {"REVERT", "THROW", "TXERROR"}:
AttributeError: 'NoneType' object has no attribute 'result'
2023-07-03 16:16:25,757: [290] m.c.manticore:INFO: Results in /mcore_wl5zqwdy
2023-07-03 16:16:25,758: [290] m.c.manticore:WARNING: Manticore failed to run
2023-07-03 16:16:26,457: [315] m.main:INFO: Registered plugins: IntrospectionAPIPlugin, <class 'manticore.ethereum.plugins.SkipRevertBasicBlocks'>, <class 'manticore.ethereum.plugins.FilterFunctions'>
2023-07-03 16:16:26,458: [315] m.main:INFO: Beginning analysis
2023-07-03 16:16:26,463: [315] m.e.manticore:INFO: Starting symbolic create contract
2023-07-03 16:16:26,495: [315] m.e.manticore:INFO: Failed to build contract import Errors : Invalid solc compilation Error: Source "dependencies/openzeppelin/contracts/IERC20.sol" not found: File not found.
 --> sb/ReserveLogic_4.sol:4:1:
  |
4 | import {IERC20} from '../../../dependencies/openzeppelin/contracts/IERC20.sol';
  | ^^^^^^^^^^^^^^^^^^^^^^^^^^^^^^^^^^^^^^^^^^^^^^^^^^^^^^^^^^^^^^^^^^^^^^^^^^^^^^^

Error: Source "dependencies/openzeppelin/contracts/SafeERC20.sol" not found: File not found.
 --> sb/ReserveLogic_4.sol:5:1:
  |
5 | import {SafeERC20} from '../../../dependencies/openzeppelin/contracts/SafeERC20.sol';
  | ^^^^^^^^^^^^^^^^^^^^^^^^^^^^^^^^^^^^^^^^^^^^^^^^^^^^^^^^^^^^^^^^^^^^^^^^^^^^^^^^^^^^^

Error: Source "interfaces/IAToken.sol" not found: File not found.
 --> sb/ReserveLogic_4.sol:6:1:
  |
6 | import {IAToken} from '../../../interfaces/IAToken.sol';
  | ^^^^^^^^^^^^^^^^^^^^^^^^^^^^^^^^^^^^^^^^^^^^^^^^^^^^^^^^

Error: Source "interfaces/IStableDebtToken.sol" not found: File not found.
 --> sb/ReserveLogic_4.sol:7:1:
  |
7 | import {IStableDebtToken} from '../../../interfaces/IStableDebtToken.sol';
  | ^^^^^^^^^^^^^^^^^^^^^^^^^^^^^^^^^^^^^^^^^^^^^^^^^^^^^^^^^^^^^^^^^^^^^^^^^^

Error: Source "interfaces/IVariableDebtToken.sol" not found: File not found.
 --> sb/ReserveLogic_4.sol:8:1:
  |
8 | import {IVariableDebtToken} from '../../../interfaces/IVariableDebtToken.sol';
  | ^^^^^^^^^^^^^^^^^^^^^^^^^^^^^^^^^^^^^^^^^^^^^^^^^^^^^^^^^^^^^^^^^^^^^^^^^^^^^^

Error: Source "interfaces/IReserveInterestRateStrategy.sol" not found: File not found.
 --> sb/ReserveLogic_4.sol:9:1:
  |
9 | import {IReserveInterestRateStrategy} from '../../../interfaces/IReserveInterestRateStrategy.sol';
  | ^^^^^^^^^^^^^^^^^^^^^^^^^^^^^^^^^^^^^^^^^^^^^^^^^^^^^^^^^^^^^^^^^^^^^^^^^^^^^^^^^^^^^^^^^^^^^^^^^^

Error: Source "configuration/ReserveConfiguration.sol" not found: File not found.
  --> sb/ReserveLogic_4.sol:10:1:
   |
10 | import {ReserveConfiguration} from '../configuration/ReserveConfiguration.sol';
   | ^^^^^^^^^^^^^^^^^^^^^^^^^^^^^^^^^^^^^^^^^^^^^^^^^^^^^^^^^^^^^^^^^^^^^^^^^^^^^^^

Error: Source "math/MathUtils.sol" not found: File not found.
  --> sb/ReserveLogic_4.sol:11:1:
   |
11 | import {MathUtils} from '../math/MathUtils.sol';
   | ^^^^^^^^^^^^^^^^^^^^^^^^^^^^^^^^^^^^^^^^^^^^^^^^

Error: Source "math/WadRayMath.sol" not found: File not found.
  --> sb/ReserveLogic_4.sol:12:1:
   |
12 | import {WadRayMath} from '../math/WadRayMath.sol';
   | ^^^^^^^^^^^^^^^^^^^^^^^^^^^^^^^^^^^^^^^^^^^^^^^^^^

Error: Source "math/PercentageMath.sol" not found: File not found.
  --> sb/ReserveLogic_4.sol:13:1:
   |
13 | import {PercentageMath} from '../math/PercentageMath.sol';
   | ^^^^^^^^^^^^^^^^^^^^^^^^^^^^^^^^^^^^^^^^^^^^^^^^^^^^^^^^^^

Error: Source "helpers/Errors.sol" not found: File not found.
  --> sb/ReserveLogic_4.sol:14:1:
   |
14 | import {Errors} from '../helpers/Errors.sol';
   | ^^^^^^^^^^^^^^^^^^^^^^^^^^^^^^^^^^^^^^^^^^^^^

Error: Source "helpers/Helpers.sol" not found: File not found.
  --> sb/ReserveLogic_4.sol:15:1:
   |
15 | import {Helpers} from '../helpers/Helpers.sol';
   | ^^^^^^^^^^^^^^^^^^^^^^^^^^^^^^^^^^^^^^^^^^^^^^^

Error: Source "types/DataTypes.sol" not found: File not found.
  --> sb/ReserveLogic_4.sol:16:1:
   |
16 | import {DataTypes} from '../types/DataTypes.sol';
   | ^^^^^^^^^^^^^^^^^^^^^^^^^^^^^^^^^^^^^^^^^^^^^^^^^


. Solidity failed to generate bytecode for your contract. Check if all the abstract functions are implemented. 
Process Process-1:
Traceback (most recent call last):
  File "/usr/lib/python3.7/multiprocessing/process.py", line 297, in _bootstrap
    self.run()
  File "/usr/lib/python3.7/multiprocessing/process.py", line 99, in run
    self._target(*self._args, **self._kwargs)
  File "/usr/local/lib/python3.7/dist-packages/manticore/ethereum/manticore.py", line 1766, in worker_finalize
    finalizer(q.get_nowait())
  File "/usr/local/lib/python3.7/dist-packages/manticore/ethereum/manticore.py", line 1757, in finalizer
    if only_alive_states and last_tx.result in {"REVERT", "THROW", "TXERROR"}:
AttributeError: 'NoneType' object has no attribute 'result'
2023-07-03 16:16:26,572: [315] m.c.manticore:INFO: Results in /mcore_1qum8l3q
2023-07-03 16:16:26,572: [315] m.c.manticore:WARNING: Manticore failed to run
2023-07-03 16:16:27,265: [340] m.main:INFO: Registered plugins: IntrospectionAPIPlugin, <class 'manticore.ethereum.plugins.SkipRevertBasicBlocks'>, <class 'manticore.ethereum.plugins.FilterFunctions'>
2023-07-03 16:16:27,266: [340] m.main:INFO: Beginning analysis
2023-07-03 16:16:27,269: [340] m.e.manticore:INFO: Starting symbolic create contract
2023-07-03 16:16:27,286: [340] m.e.manticore:INFO: Failed to build contract {IERC20} Errors : Invalid solc compilation Error: Source "dependencies/openzeppelin/contracts/IERC20.sol" not found: File not found.
 --> sb/ReserveLogic_4.sol:4:1:
  |
4 | import {IERC20} from '../../../dependencies/openzeppelin/contracts/IERC20.sol';
  | ^^^^^^^^^^^^^^^^^^^^^^^^^^^^^^^^^^^^^^^^^^^^^^^^^^^^^^^^^^^^^^^^^^^^^^^^^^^^^^^

Error: Source "dependencies/openzeppelin/contracts/SafeERC20.sol" not found: File not found.
 --> sb/ReserveLogic_4.sol:5:1:
  |
5 | import {SafeERC20} from '../../../dependencies/openzeppelin/contracts/SafeERC20.sol';
  | ^^^^^^^^^^^^^^^^^^^^^^^^^^^^^^^^^^^^^^^^^^^^^^^^^^^^^^^^^^^^^^^^^^^^^^^^^^^^^^^^^^^^^

Error: Source "interfaces/IAToken.sol" not found: File not found.
 --> sb/ReserveLogic_4.sol:6:1:
  |
6 | import {IAToken} from '../../../interfaces/IAToken.sol';
  | ^^^^^^^^^^^^^^^^^^^^^^^^^^^^^^^^^^^^^^^^^^^^^^^^^^^^^^^^

Error: Source "interfaces/IStableDebtToken.sol" not found: File not found.
 --> sb/ReserveLogic_4.sol:7:1:
  |
7 | import {IStableDebtToken} from '../../../interfaces/IStableDebtToken.sol';
  | ^^^^^^^^^^^^^^^^^^^^^^^^^^^^^^^^^^^^^^^^^^^^^^^^^^^^^^^^^^^^^^^^^^^^^^^^^^

Error: Source "interfaces/IVariableDebtToken.sol" not found: File not found.
 --> sb/ReserveLogic_4.sol:8:1:
  |
8 | import {IVariableDebtToken} from '../../../interfaces/IVariableDebtToken.sol';
  | ^^^^^^^^^^^^^^^^^^^^^^^^^^^^^^^^^^^^^^^^^^^^^^^^^^^^^^^^^^^^^^^^^^^^^^^^^^^^^^

Error: Source "interfaces/IReserveInterestRateStrategy.sol" not found: File not found.
 --> sb/ReserveLogic_4.sol:9:1:
  |
9 | import {IReserveInterestRateStrategy} from '../../../interfaces/IReserveInterestRateStrategy.sol';
  | ^^^^^^^^^^^^^^^^^^^^^^^^^^^^^^^^^^^^^^^^^^^^^^^^^^^^^^^^^^^^^^^^^^^^^^^^^^^^^^^^^^^^^^^^^^^^^^^^^^

Error: Source "configuration/ReserveConfiguration.sol" not found: File not found.
  --> sb/ReserveLogic_4.sol:10:1:
   |
10 | import {ReserveConfiguration} from '../configuration/ReserveConfiguration.sol';
   | ^^^^^^^^^^^^^^^^^^^^^^^^^^^^^^^^^^^^^^^^^^^^^^^^^^^^^^^^^^^^^^^^^^^^^^^^^^^^^^^

Error: Source "math/MathUtils.sol" not found: File not found.
  --> sb/ReserveLogic_4.sol:11:1:
   |
11 | import {MathUtils} from '../math/MathUtils.sol';
   | ^^^^^^^^^^^^^^^^^^^^^^^^^^^^^^^^^^^^^^^^^^^^^^^^

Error: Source "math/WadRayMath.sol" not found: File not found.
  --> sb/ReserveLogic_4.sol:12:1:
   |
12 | import {WadRayMath} from '../math/WadRayMath.sol';
   | ^^^^^^^^^^^^^^^^^^^^^^^^^^^^^^^^^^^^^^^^^^^^^^^^^^

Error: Source "math/PercentageMath.sol" not found: File not found.
  --> sb/ReserveLogic_4.sol:13:1:
   |
13 | import {PercentageMath} from '../math/PercentageMath.sol';
   | ^^^^^^^^^^^^^^^^^^^^^^^^^^^^^^^^^^^^^^^^^^^^^^^^^^^^^^^^^^

Error: Source "helpers/Errors.sol" not found: File not found.
  --> sb/ReserveLogic_4.sol:14:1:
   |
14 | import {Errors} from '../helpers/Errors.sol';
   | ^^^^^^^^^^^^^^^^^^^^^^^^^^^^^^^^^^^^^^^^^^^^^

Error: Source "helpers/Helpers.sol" not found: File not found.
  --> sb/ReserveLogic_4.sol:15:1:
   |
15 | import {Helpers} from '../helpers/Helpers.sol';
   | ^^^^^^^^^^^^^^^^^^^^^^^^^^^^^^^^^^^^^^^^^^^^^^^

Error: Source "types/DataTypes.sol" not found: File not found.
  --> sb/ReserveLogic_4.sol:16:1:
   |
16 | import {DataTypes} from '../types/DataTypes.sol';
   | ^^^^^^^^^^^^^^^^^^^^^^^^^^^^^^^^^^^^^^^^^^^^^^^^^


. Solidity failed to generate bytecode for your contract. Check if all the abstract functions are implemented. 
Process Process-1:
Traceback (most recent call last):
  File "/usr/lib/python3.7/multiprocessing/process.py", line 297, in _bootstrap
    self.run()
  File "/usr/lib/python3.7/multiprocessing/process.py", line 99, in run
    self._target(*self._args, **self._kwargs)
  File "/usr/local/lib/python3.7/dist-packages/manticore/ethereum/manticore.py", line 1766, in worker_finalize
    finalizer(q.get_nowait())
  File "/usr/local/lib/python3.7/dist-packages/manticore/ethereum/manticore.py", line 1757, in finalizer
    if only_alive_states and last_tx.result in {"REVERT", "THROW", "TXERROR"}:
AttributeError: 'NoneType' object has no attribute 'result'
2023-07-03 16:16:27,361: [340] m.c.manticore:INFO: Results in /mcore_dcjzfw7_
2023-07-03 16:16:27,362: [340] m.c.manticore:WARNING: Manticore failed to run
2023-07-03 16:16:27,988: [365] m.main:INFO: Registered plugins: IntrospectionAPIPlugin, <class 'manticore.ethereum.plugins.SkipRevertBasicBlocks'>, <class 'manticore.ethereum.plugins.FilterFunctions'>
2023-07-03 16:16:27,988: [365] m.main:INFO: Beginning analysis
2023-07-03 16:16:27,990: [365] m.e.manticore:INFO: Starting symbolic create contract
2023-07-03 16:16:28,017: [365] m.e.manticore:INFO: Failed to build contract from Errors : Invalid solc compilation Error: Source "dependencies/openzeppelin/contracts/IERC20.sol" not found: File not found.
 --> sb/ReserveLogic_4.sol:4:1:
  |
4 | import {IERC20} from '../../../dependencies/openzeppelin/contracts/IERC20.sol';
  | ^^^^^^^^^^^^^^^^^^^^^^^^^^^^^^^^^^^^^^^^^^^^^^^^^^^^^^^^^^^^^^^^^^^^^^^^^^^^^^^

Error: Source "dependencies/openzeppelin/contracts/SafeERC20.sol" not found: File not found.
 --> sb/ReserveLogic_4.sol:5:1:
  |
5 | import {SafeERC20} from '../../../dependencies/openzeppelin/contracts/SafeERC20.sol';
  | ^^^^^^^^^^^^^^^^^^^^^^^^^^^^^^^^^^^^^^^^^^^^^^^^^^^^^^^^^^^^^^^^^^^^^^^^^^^^^^^^^^^^^

Error: Source "interfaces/IAToken.sol" not found: File not found.
 --> sb/ReserveLogic_4.sol:6:1:
  |
6 | import {IAToken} from '../../../interfaces/IAToken.sol';
  | ^^^^^^^^^^^^^^^^^^^^^^^^^^^^^^^^^^^^^^^^^^^^^^^^^^^^^^^^

Error: Source "interfaces/IStableDebtToken.sol" not found: File not found.
 --> sb/ReserveLogic_4.sol:7:1:
  |
7 | import {IStableDebtToken} from '../../../interfaces/IStableDebtToken.sol';
  | ^^^^^^^^^^^^^^^^^^^^^^^^^^^^^^^^^^^^^^^^^^^^^^^^^^^^^^^^^^^^^^^^^^^^^^^^^^

Error: Source "interfaces/IVariableDebtToken.sol" not found: File not found.
 --> sb/ReserveLogic_4.sol:8:1:
  |
8 | import {IVariableDebtToken} from '../../../interfaces/IVariableDebtToken.sol';
  | ^^^^^^^^^^^^^^^^^^^^^^^^^^^^^^^^^^^^^^^^^^^^^^^^^^^^^^^^^^^^^^^^^^^^^^^^^^^^^^

Error: Source "interfaces/IReserveInterestRateStrategy.sol" not found: File not found.
 --> sb/ReserveLogic_4.sol:9:1:
  |
9 | import {IReserveInterestRateStrategy} from '../../../interfaces/IReserveInterestRateStrategy.sol';
  | ^^^^^^^^^^^^^^^^^^^^^^^^^^^^^^^^^^^^^^^^^^^^^^^^^^^^^^^^^^^^^^^^^^^^^^^^^^^^^^^^^^^^^^^^^^^^^^^^^^

Error: Source "configuration/ReserveConfiguration.sol" not found: File not found.
  --> sb/ReserveLogic_4.sol:10:1:
   |
10 | import {ReserveConfiguration} from '../configuration/ReserveConfiguration.sol';
   | ^^^^^^^^^^^^^^^^^^^^^^^^^^^^^^^^^^^^^^^^^^^^^^^^^^^^^^^^^^^^^^^^^^^^^^^^^^^^^^^

Error: Source "math/MathUtils.sol" not found: File not found.
  --> sb/ReserveLogic_4.sol:11:1:
   |
11 | import {MathUtils} from '../math/MathUtils.sol';
   | ^^^^^^^^^^^^^^^^^^^^^^^^^^^^^^^^^^^^^^^^^^^^^^^^

Error: Source "math/WadRayMath.sol" not found: File not found.
  --> sb/ReserveLogic_4.sol:12:1:
   |
12 | import {WadRayMath} from '../math/WadRayMath.sol';
   | ^^^^^^^^^^^^^^^^^^^^^^^^^^^^^^^^^^^^^^^^^^^^^^^^^^

Error: Source "math/PercentageMath.sol" not found: File not found.
  --> sb/ReserveLogic_4.sol:13:1:
   |
13 | import {PercentageMath} from '../math/PercentageMath.sol';
   | ^^^^^^^^^^^^^^^^^^^^^^^^^^^^^^^^^^^^^^^^^^^^^^^^^^^^^^^^^^

Error: Source "helpers/Errors.sol" not found: File not found.
  --> sb/ReserveLogic_4.sol:14:1:
   |
14 | import {Errors} from '../helpers/Errors.sol';
   | ^^^^^^^^^^^^^^^^^^^^^^^^^^^^^^^^^^^^^^^^^^^^^

Error: Source "helpers/Helpers.sol" not found: File not found.
  --> sb/ReserveLogic_4.sol:15:1:
   |
15 | import {Helpers} from '../helpers/Helpers.sol';
   | ^^^^^^^^^^^^^^^^^^^^^^^^^^^^^^^^^^^^^^^^^^^^^^^

Error: Source "types/DataTypes.sol" not found: File not found.
  --> sb/ReserveLogic_4.sol:16:1:
   |
16 | import {DataTypes} from '../types/DataTypes.sol';
   | ^^^^^^^^^^^^^^^^^^^^^^^^^^^^^^^^^^^^^^^^^^^^^^^^^


. Solidity failed to generate bytecode for your contract. Check if all the abstract functions are implemented. 
Process Process-1:
Traceback (most recent call last):
  File "/usr/lib/python3.7/multiprocessing/process.py", line 297, in _bootstrap
    self.run()
  File "/usr/lib/python3.7/multiprocessing/process.py", line 99, in run
    self._target(*self._args, **self._kwargs)
  File "/usr/local/lib/python3.7/dist-packages/manticore/ethereum/manticore.py", line 1766, in worker_finalize
    finalizer(q.get_nowait())
  File "/usr/local/lib/python3.7/dist-packages/manticore/ethereum/manticore.py", line 1757, in finalizer
    if only_alive_states and last_tx.result in {"REVERT", "THROW", "TXERROR"}:
AttributeError: 'NoneType' object has no attribute 'result'
2023-07-03 16:16:28,099: [365] m.c.manticore:INFO: Results in /mcore_b1108ce_
2023-07-03 16:16:28,099: [365] m.c.manticore:WARNING: Manticore failed to run
2023-07-03 16:16:28,748: [390] m.main:INFO: Registered plugins: IntrospectionAPIPlugin, <class 'manticore.ethereum.plugins.SkipRevertBasicBlocks'>, <class 'manticore.ethereum.plugins.FilterFunctions'>
2023-07-03 16:16:28,749: [390] m.main:INFO: Beginning analysis
2023-07-03 16:16:28,751: [390] m.e.manticore:INFO: Starting symbolic create contract
2023-07-03 16:16:28,779: [390] m.e.manticore:INFO: Failed to build contract '../../../dependencies/openzeppelin/contracts/IERC20.sol'; Errors : Invalid solc compilation Error: Source "dependencies/openzeppelin/contracts/IERC20.sol" not found: File not found.
 --> sb/ReserveLogic_4.sol:4:1:
  |
4 | import {IERC20} from '../../../dependencies/openzeppelin/contracts/IERC20.sol';
  | ^^^^^^^^^^^^^^^^^^^^^^^^^^^^^^^^^^^^^^^^^^^^^^^^^^^^^^^^^^^^^^^^^^^^^^^^^^^^^^^

Error: Source "dependencies/openzeppelin/contracts/SafeERC20.sol" not found: File not found.
 --> sb/ReserveLogic_4.sol:5:1:
  |
5 | import {SafeERC20} from '../../../dependencies/openzeppelin/contracts/SafeERC20.sol';
  | ^^^^^^^^^^^^^^^^^^^^^^^^^^^^^^^^^^^^^^^^^^^^^^^^^^^^^^^^^^^^^^^^^^^^^^^^^^^^^^^^^^^^^

Error: Source "interfaces/IAToken.sol" not found: File not found.
 --> sb/ReserveLogic_4.sol:6:1:
  |
6 | import {IAToken} from '../../../interfaces/IAToken.sol';
  | ^^^^^^^^^^^^^^^^^^^^^^^^^^^^^^^^^^^^^^^^^^^^^^^^^^^^^^^^

Error: Source "interfaces/IStableDebtToken.sol" not found: File not found.
 --> sb/ReserveLogic_4.sol:7:1:
  |
7 | import {IStableDebtToken} from '../../../interfaces/IStableDebtToken.sol';
  | ^^^^^^^^^^^^^^^^^^^^^^^^^^^^^^^^^^^^^^^^^^^^^^^^^^^^^^^^^^^^^^^^^^^^^^^^^^

Error: Source "interfaces/IVariableDebtToken.sol" not found: File not found.
 --> sb/ReserveLogic_4.sol:8:1:
  |
8 | import {IVariableDebtToken} from '../../../interfaces/IVariableDebtToken.sol';
  | ^^^^^^^^^^^^^^^^^^^^^^^^^^^^^^^^^^^^^^^^^^^^^^^^^^^^^^^^^^^^^^^^^^^^^^^^^^^^^^

Error: Source "interfaces/IReserveInterestRateStrategy.sol" not found: File not found.
 --> sb/ReserveLogic_4.sol:9:1:
  |
9 | import {IReserveInterestRateStrategy} from '../../../interfaces/IReserveInterestRateStrategy.sol';
  | ^^^^^^^^^^^^^^^^^^^^^^^^^^^^^^^^^^^^^^^^^^^^^^^^^^^^^^^^^^^^^^^^^^^^^^^^^^^^^^^^^^^^^^^^^^^^^^^^^^

Error: Source "configuration/ReserveConfiguration.sol" not found: File not found.
  --> sb/ReserveLogic_4.sol:10:1:
   |
10 | import {ReserveConfiguration} from '../configuration/ReserveConfiguration.sol';
   | ^^^^^^^^^^^^^^^^^^^^^^^^^^^^^^^^^^^^^^^^^^^^^^^^^^^^^^^^^^^^^^^^^^^^^^^^^^^^^^^

Error: Source "math/MathUtils.sol" not found: File not found.
  --> sb/ReserveLogic_4.sol:11:1:
   |
11 | import {MathUtils} from '../math/MathUtils.sol';
   | ^^^^^^^^^^^^^^^^^^^^^^^^^^^^^^^^^^^^^^^^^^^^^^^^

Error: Source "math/WadRayMath.sol" not found: File not found.
  --> sb/ReserveLogic_4.sol:12:1:
   |
12 | import {WadRayMath} from '../math/WadRayMath.sol';
   | ^^^^^^^^^^^^^^^^^^^^^^^^^^^^^^^^^^^^^^^^^^^^^^^^^^

Error: Source "math/PercentageMath.sol" not found: File not found.
  --> sb/ReserveLogic_4.sol:13:1:
   |
13 | import {PercentageMath} from '../math/PercentageMath.sol';
   | ^^^^^^^^^^^^^^^^^^^^^^^^^^^^^^^^^^^^^^^^^^^^^^^^^^^^^^^^^^

Error: Source "helpers/Errors.sol" not found: File not found.
  --> sb/ReserveLogic_4.sol:14:1:
   |
14 | import {Errors} from '../helpers/Errors.sol';
   | ^^^^^^^^^^^^^^^^^^^^^^^^^^^^^^^^^^^^^^^^^^^^^

Error: Source "helpers/Helpers.sol" not found: File not found.
  --> sb/ReserveLogic_4.sol:15:1:
   |
15 | import {Helpers} from '../helpers/Helpers.sol';
   | ^^^^^^^^^^^^^^^^^^^^^^^^^^^^^^^^^^^^^^^^^^^^^^^

Error: Source "types/DataTypes.sol" not found: File not found.
  --> sb/ReserveLogic_4.sol:16:1:
   |
16 | import {DataTypes} from '../types/DataTypes.sol';
   | ^^^^^^^^^^^^^^^^^^^^^^^^^^^^^^^^^^^^^^^^^^^^^^^^^


. Solidity failed to generate bytecode for your contract. Check if all the abstract functions are implemented. 
Process Process-1:
Traceback (most recent call last):
  File "/usr/lib/python3.7/multiprocessing/process.py", line 297, in _bootstrap
    self.run()
  File "/usr/lib/python3.7/multiprocessing/process.py", line 99, in run
    self._target(*self._args, **self._kwargs)
  File "/usr/local/lib/python3.7/dist-packages/manticore/ethereum/manticore.py", line 1766, in worker_finalize
    finalizer(q.get_nowait())
  File "/usr/local/lib/python3.7/dist-packages/manticore/ethereum/manticore.py", line 1757, in finalizer
    if only_alive_states and last_tx.result in {"REVERT", "THROW", "TXERROR"}:
AttributeError: 'NoneType' object has no attribute 'result'
2023-07-03 16:16:28,863: [390] m.c.manticore:INFO: Results in /mcore_r_byylpa
2023-07-03 16:16:28,864: [390] m.c.manticore:WARNING: Manticore failed to run
2023-07-03 16:16:29,515: [415] m.main:INFO: Registered plugins: IntrospectionAPIPlugin, <class 'manticore.ethereum.plugins.SkipRevertBasicBlocks'>, <class 'manticore.ethereum.plugins.FilterFunctions'>
2023-07-03 16:16:29,516: [415] m.main:INFO: Beginning analysis
2023-07-03 16:16:29,518: [415] m.e.manticore:INFO: Starting symbolic create contract
2023-07-03 16:16:29,547: [415] m.e.manticore:INFO: Failed to build contract | Errors : Invalid solc compilation Error: Source "dependencies/openzeppelin/contracts/IERC20.sol" not found: File not found.
 --> sb/ReserveLogic_4.sol:4:1:
  |
4 | import {IERC20} from '../../../dependencies/openzeppelin/contracts/IERC20.sol';
  | ^^^^^^^^^^^^^^^^^^^^^^^^^^^^^^^^^^^^^^^^^^^^^^^^^^^^^^^^^^^^^^^^^^^^^^^^^^^^^^^

Error: Source "dependencies/openzeppelin/contracts/SafeERC20.sol" not found: File not found.
 --> sb/ReserveLogic_4.sol:5:1:
  |
5 | import {SafeERC20} from '../../../dependencies/openzeppelin/contracts/SafeERC20.sol';
  | ^^^^^^^^^^^^^^^^^^^^^^^^^^^^^^^^^^^^^^^^^^^^^^^^^^^^^^^^^^^^^^^^^^^^^^^^^^^^^^^^^^^^^

Error: Source "interfaces/IAToken.sol" not found: File not found.
 --> sb/ReserveLogic_4.sol:6:1:
  |
6 | import {IAToken} from '../../../interfaces/IAToken.sol';
  | ^^^^^^^^^^^^^^^^^^^^^^^^^^^^^^^^^^^^^^^^^^^^^^^^^^^^^^^^

Error: Source "interfaces/IStableDebtToken.sol" not found: File not found.
 --> sb/ReserveLogic_4.sol:7:1:
  |
7 | import {IStableDebtToken} from '../../../interfaces/IStableDebtToken.sol';
  | ^^^^^^^^^^^^^^^^^^^^^^^^^^^^^^^^^^^^^^^^^^^^^^^^^^^^^^^^^^^^^^^^^^^^^^^^^^

Error: Source "interfaces/IVariableDebtToken.sol" not found: File not found.
 --> sb/ReserveLogic_4.sol:8:1:
  |
8 | import {IVariableDebtToken} from '../../../interfaces/IVariableDebtToken.sol';
  | ^^^^^^^^^^^^^^^^^^^^^^^^^^^^^^^^^^^^^^^^^^^^^^^^^^^^^^^^^^^^^^^^^^^^^^^^^^^^^^

Error: Source "interfaces/IReserveInterestRateStrategy.sol" not found: File not found.
 --> sb/ReserveLogic_4.sol:9:1:
  |
9 | import {IReserveInterestRateStrategy} from '../../../interfaces/IReserveInterestRateStrategy.sol';
  | ^^^^^^^^^^^^^^^^^^^^^^^^^^^^^^^^^^^^^^^^^^^^^^^^^^^^^^^^^^^^^^^^^^^^^^^^^^^^^^^^^^^^^^^^^^^^^^^^^^

Error: Source "configuration/ReserveConfiguration.sol" not found: File not found.
  --> sb/ReserveLogic_4.sol:10:1:
   |
10 | import {ReserveConfiguration} from '../configuration/ReserveConfiguration.sol';
   | ^^^^^^^^^^^^^^^^^^^^^^^^^^^^^^^^^^^^^^^^^^^^^^^^^^^^^^^^^^^^^^^^^^^^^^^^^^^^^^^

Error: Source "math/MathUtils.sol" not found: File not found.
  --> sb/ReserveLogic_4.sol:11:1:
   |
11 | import {MathUtils} from '../math/MathUtils.sol';
   | ^^^^^^^^^^^^^^^^^^^^^^^^^^^^^^^^^^^^^^^^^^^^^^^^

Error: Source "math/WadRayMath.sol" not found: File not found.
  --> sb/ReserveLogic_4.sol:12:1:
   |
12 | import {WadRayMath} from '../math/WadRayMath.sol';
   | ^^^^^^^^^^^^^^^^^^^^^^^^^^^^^^^^^^^^^^^^^^^^^^^^^^

Error: Source "math/PercentageMath.sol" not found: File not found.
  --> sb/ReserveLogic_4.sol:13:1:
   |
13 | import {PercentageMath} from '../math/PercentageMath.sol';
   | ^^^^^^^^^^^^^^^^^^^^^^^^^^^^^^^^^^^^^^^^^^^^^^^^^^^^^^^^^^

Error: Source "helpers/Errors.sol" not found: File not found.
  --> sb/ReserveLogic_4.sol:14:1:
   |
14 | import {Errors} from '../helpers/Errors.sol';
   | ^^^^^^^^^^^^^^^^^^^^^^^^^^^^^^^^^^^^^^^^^^^^^

Error: Source "helpers/Helpers.sol" not found: File not found.
  --> sb/ReserveLogic_4.sol:15:1:
   |
15 | import {Helpers} from '../helpers/Helpers.sol';
   | ^^^^^^^^^^^^^^^^^^^^^^^^^^^^^^^^^^^^^^^^^^^^^^^

Error: Source "types/DataTypes.sol" not found: File not found.
  --> sb/ReserveLogic_4.sol:16:1:
   |
16 | import {DataTypes} from '../types/DataTypes.sol';
   | ^^^^^^^^^^^^^^^^^^^^^^^^^^^^^^^^^^^^^^^^^^^^^^^^^


. Solidity failed to generate bytecode for your contract. Check if all the abstract functions are implemented. 
Process Process-1:
Traceback (most recent call last):
  File "/usr/lib/python3.7/multiprocessing/process.py", line 297, in _bootstrap
    self.run()
  File "/usr/lib/python3.7/multiprocessing/process.py", line 99, in run
    self._target(*self._args, **self._kwargs)
  File "/usr/local/lib/python3.7/dist-packages/manticore/ethereum/manticore.py", line 1766, in worker_finalize
    finalizer(q.get_nowait())
  File "/usr/local/lib/python3.7/dist-packages/manticore/ethereum/manticore.py", line 1757, in finalizer
    if only_alive_states and last_tx.result in {"REVERT", "THROW", "TXERROR"}:
AttributeError: 'NoneType' object has no attribute 'result'
2023-07-03 16:16:29,626: [415] m.c.manticore:INFO: Results in /mcore_u5ncxefv
2023-07-03 16:16:29,626: [415] m.c.manticore:WARNING: Manticore failed to run
2023-07-03 16:16:30,301: [440] m.main:INFO: Registered plugins: IntrospectionAPIPlugin, <class 'manticore.ethereum.plugins.SkipRevertBasicBlocks'>, <class 'manticore.ethereum.plugins.FilterFunctions'>
2023-07-03 16:16:30,301: [440] m.main:INFO: Beginning analysis
2023-07-03 16:16:30,303: [440] m.e.manticore:INFO: Starting symbolic create contract
2023-07-03 16:16:30,320: [440] m.e.manticore:INFO: Failed to build contract ^^^^^^^^^^^^^^^^^^^^^^^^^^^^^^^^^^^^^^^^^^^^^^^^^^^^^^^^^^^^^^^^^^^^^^^^^^^^^^^ Errors : Invalid solc compilation Error: Source "dependencies/openzeppelin/contracts/IERC20.sol" not found: File not found.
 --> sb/ReserveLogic_4.sol:4:1:
  |
4 | import {IERC20} from '../../../dependencies/openzeppelin/contracts/IERC20.sol';
  | ^^^^^^^^^^^^^^^^^^^^^^^^^^^^^^^^^^^^^^^^^^^^^^^^^^^^^^^^^^^^^^^^^^^^^^^^^^^^^^^

Error: Source "dependencies/openzeppelin/contracts/SafeERC20.sol" not found: File not found.
 --> sb/ReserveLogic_4.sol:5:1:
  |
5 | import {SafeERC20} from '../../../dependencies/openzeppelin/contracts/SafeERC20.sol';
  | ^^^^^^^^^^^^^^^^^^^^^^^^^^^^^^^^^^^^^^^^^^^^^^^^^^^^^^^^^^^^^^^^^^^^^^^^^^^^^^^^^^^^^

Error: Source "interfaces/IAToken.sol" not found: File not found.
 --> sb/ReserveLogic_4.sol:6:1:
  |
6 | import {IAToken} from '../../../interfaces/IAToken.sol';
  | ^^^^^^^^^^^^^^^^^^^^^^^^^^^^^^^^^^^^^^^^^^^^^^^^^^^^^^^^

Error: Source "interfaces/IStableDebtToken.sol" not found: File not found.
 --> sb/ReserveLogic_4.sol:7:1:
  |
7 | import {IStableDebtToken} from '../../../interfaces/IStableDebtToken.sol';
  | ^^^^^^^^^^^^^^^^^^^^^^^^^^^^^^^^^^^^^^^^^^^^^^^^^^^^^^^^^^^^^^^^^^^^^^^^^^

Error: Source "interfaces/IVariableDebtToken.sol" not found: File not found.
 --> sb/ReserveLogic_4.sol:8:1:
  |
8 | import {IVariableDebtToken} from '../../../interfaces/IVariableDebtToken.sol';
  | ^^^^^^^^^^^^^^^^^^^^^^^^^^^^^^^^^^^^^^^^^^^^^^^^^^^^^^^^^^^^^^^^^^^^^^^^^^^^^^

Error: Source "interfaces/IReserveInterestRateStrategy.sol" not found: File not found.
 --> sb/ReserveLogic_4.sol:9:1:
  |
9 | import {IReserveInterestRateStrategy} from '../../../interfaces/IReserveInterestRateStrategy.sol';
  | ^^^^^^^^^^^^^^^^^^^^^^^^^^^^^^^^^^^^^^^^^^^^^^^^^^^^^^^^^^^^^^^^^^^^^^^^^^^^^^^^^^^^^^^^^^^^^^^^^^

Error: Source "configuration/ReserveConfiguration.sol" not found: File not found.
  --> sb/ReserveLogic_4.sol:10:1:
   |
10 | import {ReserveConfiguration} from '../configuration/ReserveConfiguration.sol';
   | ^^^^^^^^^^^^^^^^^^^^^^^^^^^^^^^^^^^^^^^^^^^^^^^^^^^^^^^^^^^^^^^^^^^^^^^^^^^^^^^

Error: Source "math/MathUtils.sol" not found: File not found.
  --> sb/ReserveLogic_4.sol:11:1:
   |
11 | import {MathUtils} from '../math/MathUtils.sol';
   | ^^^^^^^^^^^^^^^^^^^^^^^^^^^^^^^^^^^^^^^^^^^^^^^^

Error: Source "math/WadRayMath.sol" not found: File not found.
  --> sb/ReserveLogic_4.sol:12:1:
   |
12 | import {WadRayMath} from '../math/WadRayMath.sol';
   | ^^^^^^^^^^^^^^^^^^^^^^^^^^^^^^^^^^^^^^^^^^^^^^^^^^

Error: Source "math/PercentageMath.sol" not found: File not found.
  --> sb/ReserveLogic_4.sol:13:1:
   |
13 | import {PercentageMath} from '../math/PercentageMath.sol';
   | ^^^^^^^^^^^^^^^^^^^^^^^^^^^^^^^^^^^^^^^^^^^^^^^^^^^^^^^^^^

Error: Source "helpers/Errors.sol" not found: File not found.
  --> sb/ReserveLogic_4.sol:14:1:
   |
14 | import {Errors} from '../helpers/Errors.sol';
   | ^^^^^^^^^^^^^^^^^^^^^^^^^^^^^^^^^^^^^^^^^^^^^

Error: Source "helpers/Helpers.sol" not found: File not found.
  --> sb/ReserveLogic_4.sol:15:1:
   |
15 | import {Helpers} from '../helpers/Helpers.sol';
   | ^^^^^^^^^^^^^^^^^^^^^^^^^^^^^^^^^^^^^^^^^^^^^^^

Error: Source "types/DataTypes.sol" not found: File not found.
  --> sb/ReserveLogic_4.sol:16:1:
   |
16 | import {DataTypes} from '../types/DataTypes.sol';
   | ^^^^^^^^^^^^^^^^^^^^^^^^^^^^^^^^^^^^^^^^^^^^^^^^^


. Solidity failed to generate bytecode for your contract. Check if all the abstract functions are implemented. 
Process Process-1:
Traceback (most recent call last):
  File "/usr/lib/python3.7/multiprocessing/process.py", line 297, in _bootstrap
    self.run()
  File "/usr/lib/python3.7/multiprocessing/process.py", line 99, in run
    self._target(*self._args, **self._kwargs)
  File "/usr/local/lib/python3.7/dist-packages/manticore/ethereum/manticore.py", line 1766, in worker_finalize
    finalizer(q.get_nowait())
  File "/usr/local/lib/python3.7/dist-packages/manticore/ethereum/manticore.py", line 1757, in finalizer
    if only_alive_states and last_tx.result in {"REVERT", "THROW", "TXERROR"}:
AttributeError: 'NoneType' object has no attribute 'result'
2023-07-03 16:16:30,396: [440] m.c.manticore:INFO: Results in /mcore_42fmxttq
2023-07-03 16:16:30,397: [440] m.c.manticore:WARNING: Manticore failed to run
