2023-07-03 16:11:30,043: [11] m.main:INFO: Registered plugins: IntrospectionAPIPlugin, <class 'manticore.ethereum.plugins.SkipRevertBasicBlocks'>, <class 'manticore.ethereum.plugins.FilterFunctions'>
2023-07-03 16:11:30,044: [11] m.main:INFO: Beginning analysis
2023-07-03 16:11:30,047: [11] m.e.manticore:INFO: Starting symbolic create contract
2023-07-03 16:11:31,400: [11] m.e.manticore:INFO: Starting symbolic transaction: 0
2023-07-03 16:11:31,553: [11] m.e.manticore:INFO: 0 alive states, 1 terminated states
2023-07-03 16:11:31,615: [11] m.e.manticore:INFO: Starting symbolic transaction: 1
2023-07-03 16:11:31,905: [11] m.c.manticore:INFO: Results in /mcore_aehk4jjw
2023-07-03 16:11:31,906: [11] m.c.manticore:INFO: Total time: 0.5021121501922607
2023-07-03 16:11:32,629: [70] m.main:INFO: Registered plugins: IntrospectionAPIPlugin, <class 'manticore.ethereum.plugins.SkipRevertBasicBlocks'>, <class 'manticore.ethereum.plugins.FilterFunctions'>
2023-07-03 16:11:32,630: [70] m.main:INFO: Beginning analysis
2023-07-03 16:11:32,632: [70] m.e.manticore:INFO: Starting symbolic create contract
2023-07-03 16:11:34,136: [70] m.e.manticore:INFO: Starting symbolic transaction: 0
2023-07-03 16:11:34,271: [70] m.e.manticore:INFO: 0 alive states, 1 terminated states
2023-07-03 16:11:34,316: [70] m.e.manticore:INFO: Starting symbolic transaction: 1
2023-07-03 16:11:34,524: [70] m.c.manticore:INFO: Results in /mcore_mt_pespx
2023-07-03 16:11:34,524: [70] m.c.manticore:INFO: Total time: 0.3828270435333252
2023-07-03 16:11:35,200: [129] m.main:INFO: Registered plugins: IntrospectionAPIPlugin, <class 'manticore.ethereum.plugins.SkipRevertBasicBlocks'>, <class 'manticore.ethereum.plugins.FilterFunctions'>
2023-07-03 16:11:35,201: [129] m.main:INFO: Beginning analysis
2023-07-03 16:11:35,204: [129] m.e.manticore:INFO: Starting symbolic create contract
2023-07-03 16:11:37,673: [129] m.e.manticore:INFO: Starting symbolic transaction: 0
2023-07-03 16:11:43,203: [129] m.e.manticore:INFO: 0 alive states, 3 terminated states
2023-07-03 16:11:43,585: [129] m.c.manticore:INFO: Results in /mcore_zhzuzjir
2023-07-03 16:11:43,585: [129] m.c.manticore:INFO: Total time: 5.893574953079224
2023-07-03 16:11:44,316: [194] m.main:INFO: Registered plugins: IntrospectionAPIPlugin, <class 'manticore.ethereum.plugins.SkipRevertBasicBlocks'>, <class 'manticore.ethereum.plugins.FilterFunctions'>
2023-07-03 16:11:44,317: [194] m.main:INFO: Beginning analysis
2023-07-03 16:11:44,320: [194] m.e.manticore:INFO: Starting symbolic create contract
