2023-07-03 16:05:40,821: [11] m.main:INFO: Registered plugins: IntrospectionAPIPlugin, <class 'manticore.ethereum.plugins.SkipRevertBasicBlocks'>, <class 'manticore.ethereum.plugins.FilterFunctions'>
2023-07-03 16:05:40,821: [11] m.main:INFO: Beginning analysis
2023-07-03 16:05:40,824: [11] m.e.manticore:INFO: Starting symbolic create contract
2023-07-03 16:05:42,177: [11] m.e.manticore:INFO: Starting symbolic transaction: 0
2023-07-03 16:05:42,289: [11] m.e.manticore:INFO: 0 alive states, 1 terminated states
2023-07-03 16:05:42,338: [11] m.e.manticore:INFO: Starting symbolic transaction: 1
2023-07-03 16:05:42,554: [11] m.c.manticore:INFO: Results in /mcore_8gpgg5ut
2023-07-03 16:05:42,554: [11] m.c.manticore:INFO: Total time: 0.3738739490509033
2023-07-03 16:05:43,137: [70] m.main:INFO: Registered plugins: IntrospectionAPIPlugin, <class 'manticore.ethereum.plugins.SkipRevertBasicBlocks'>, <class 'manticore.ethereum.plugins.FilterFunctions'>
2023-07-03 16:05:43,137: [70] m.main:INFO: Beginning analysis
2023-07-03 16:05:43,140: [70] m.e.manticore:INFO: Starting symbolic create contract
2023-07-03 16:05:44,447: [70] m.e.manticore:INFO: Starting symbolic transaction: 0
2023-07-03 16:05:44,600: [70] m.e.manticore:INFO: 0 alive states, 1 terminated states
2023-07-03 16:05:44,662: [70] m.e.manticore:INFO: Starting symbolic transaction: 1
2023-07-03 16:05:44,937: [70] m.c.manticore:INFO: Results in /mcore_77uckfn3
2023-07-03 16:05:44,937: [70] m.c.manticore:INFO: Total time: 0.4866654872894287
2023-07-03 16:05:45,716: [129] m.main:INFO: Registered plugins: IntrospectionAPIPlugin, <class 'manticore.ethereum.plugins.SkipRevertBasicBlocks'>, <class 'manticore.ethereum.plugins.FilterFunctions'>
2023-07-03 16:05:45,716: [129] m.main:INFO: Beginning analysis
2023-07-03 16:05:45,719: [129] m.e.manticore:INFO: Starting symbolic create contract
2023-07-03 16:05:47,731: [129] m.e.manticore:INFO: Starting symbolic transaction: 0
2023-07-03 16:05:53,046: [129] m.e.manticore:INFO: 0 alive states, 3 terminated states
2023-07-03 16:05:53,353: [129] m.c.manticore:INFO: Results in /mcore_pibbaoth
2023-07-03 16:05:53,353: [129] m.c.manticore:INFO: Total time: 5.6044065952301025
2023-07-03 16:05:54,003: [200] m.main:INFO: Registered plugins: IntrospectionAPIPlugin, <class 'manticore.ethereum.plugins.SkipRevertBasicBlocks'>, <class 'manticore.ethereum.plugins.FilterFunctions'>
2023-07-03 16:05:54,004: [200] m.main:INFO: Beginning analysis
2023-07-03 16:05:54,007: [200] m.e.manticore:INFO: Starting symbolic create contract
