2023-07-03 16:16:33,621: [11] m.main:INFO: Registered plugins: IntrospectionAPIPlugin, <class 'manticore.ethereum.plugins.SkipRevertBasicBlocks'>, <class 'manticore.ethereum.plugins.FilterFunctions'>
2023-07-03 16:16:33,622: [11] m.main:INFO: Beginning analysis
2023-07-03 16:16:33,624: [11] m.e.manticore:INFO: Starting symbolic create contract
2023-07-03 16:16:35,091: [11] m.e.manticore:INFO: Starting symbolic transaction: 0
2023-07-03 16:16:35,238: [11] m.e.manticore:INFO: 0 alive states, 1 terminated states
2023-07-03 16:16:35,301: [11] m.e.manticore:INFO: Starting symbolic transaction: 1
2023-07-03 16:16:35,582: [11] m.c.manticore:INFO: Results in /mcore_nn1vtf9o
2023-07-03 16:16:35,583: [11] m.c.manticore:INFO: Total time: 0.48876285552978516
2023-07-03 16:16:36,302: [70] m.main:INFO: Registered plugins: IntrospectionAPIPlugin, <class 'manticore.ethereum.plugins.SkipRevertBasicBlocks'>, <class 'manticore.ethereum.plugins.FilterFunctions'>
2023-07-03 16:16:36,303: [70] m.main:INFO: Beginning analysis
2023-07-03 16:16:36,306: [70] m.e.manticore:INFO: Starting symbolic create contract
2023-07-03 16:16:37,937: [70] m.e.manticore:INFO: Starting symbolic transaction: 0
2023-07-03 16:16:38,089: [70] m.e.manticore:INFO: 0 alive states, 1 terminated states
2023-07-03 16:16:38,144: [70] m.e.manticore:INFO: Starting symbolic transaction: 1
2023-07-03 16:16:38,363: [70] m.c.manticore:INFO: Results in /mcore_4fgulcq5
2023-07-03 16:16:38,363: [70] m.c.manticore:INFO: Total time: 0.4212965965270996
2023-07-03 16:16:39,123: [129] m.main:INFO: Registered plugins: IntrospectionAPIPlugin, <class 'manticore.ethereum.plugins.SkipRevertBasicBlocks'>, <class 'manticore.ethereum.plugins.FilterFunctions'>
2023-07-03 16:16:39,123: [129] m.main:INFO: Beginning analysis
2023-07-03 16:16:39,126: [129] m.e.manticore:INFO: Starting symbolic create contract
2023-07-03 16:16:41,240: [129] m.e.manticore:INFO: Starting symbolic transaction: 0
2023-07-03 16:16:46,985: [129] m.e.manticore:INFO: 0 alive states, 3 terminated states
2023-07-03 16:16:47,364: [129] m.c.manticore:INFO: Results in /mcore_c3aouqk5
2023-07-03 16:16:47,364: [129] m.c.manticore:INFO: Total time: 6.113014221191406
2023-07-03 16:16:48,004: [200] m.main:INFO: Registered plugins: IntrospectionAPIPlugin, <class 'manticore.ethereum.plugins.SkipRevertBasicBlocks'>, <class 'manticore.ethereum.plugins.FilterFunctions'>
2023-07-03 16:16:48,004: [200] m.main:INFO: Beginning analysis
2023-07-03 16:16:48,007: [200] m.e.manticore:INFO: Starting symbolic create contract
