2023-07-03 16:32:55,841: [11] m.main:INFO: Registered plugins: IntrospectionAPIPlugin, <class 'manticore.ethereum.plugins.SkipRevertBasicBlocks'>, <class 'manticore.ethereum.plugins.FilterFunctions'>
2023-07-03 16:32:55,841: [11] m.main:INFO: Beginning analysis
2023-07-03 16:32:55,843: [11] m.e.manticore:INFO: Starting symbolic create contract
2023-07-03 16:32:56,711: [11] m.e.manticore:INFO: Starting symbolic transaction: 0
2023-07-03 16:32:56,841: [11] m.e.manticore:INFO: 0 alive states, 2 terminated states
2023-07-03 16:32:56,984: [11] m.c.manticore:INFO: Results in /mcore_1p2k5vm4
2023-07-03 16:32:56,985: [11] m.c.manticore:INFO: Total time: 0.268017053604126
2023-07-03 16:32:57,707: [76] m.main:INFO: Registered plugins: IntrospectionAPIPlugin, <class 'manticore.ethereum.plugins.SkipRevertBasicBlocks'>, <class 'manticore.ethereum.plugins.FilterFunctions'>
2023-07-03 16:32:57,707: [76] m.main:INFO: Beginning analysis
2023-07-03 16:32:57,711: [76] m.e.manticore:INFO: Starting symbolic create contract
2023-07-03 16:32:58,607: [76] m.e.manticore:INFO: Starting symbolic transaction: 0
2023-07-03 16:32:58,733: [76] m.e.manticore:INFO: 0 alive states, 2 terminated states
2023-07-03 16:32:58,865: [76] m.c.manticore:INFO: Results in /mcore_1_s26z_d
2023-07-03 16:32:58,865: [76] m.c.manticore:INFO: Total time: 0.2531697750091553
2023-07-03 16:32:59,524: [141] m.main:INFO: Registered plugins: IntrospectionAPIPlugin, <class 'manticore.ethereum.plugins.SkipRevertBasicBlocks'>, <class 'manticore.ethereum.plugins.FilterFunctions'>
2023-07-03 16:32:59,524: [141] m.main:INFO: Beginning analysis
2023-07-03 16:32:59,527: [141] m.e.manticore:INFO: Starting symbolic create contract
2023-07-03 16:33:00,350: [141] m.e.manticore:INFO: Starting symbolic transaction: 0
2023-07-03 16:33:00,456: [141] m.e.manticore:INFO: 0 alive states, 2 terminated states
2023-07-03 16:33:00,577: [141] m.c.manticore:INFO: Results in /mcore_pbl9_2ht
2023-07-03 16:33:00,578: [141] m.c.manticore:INFO: Total time: 0.22490239143371582
2023-07-03 16:33:01,322: [206] m.main:INFO: Registered plugins: IntrospectionAPIPlugin, <class 'manticore.ethereum.plugins.SkipRevertBasicBlocks'>, <class 'manticore.ethereum.plugins.FilterFunctions'>
2023-07-03 16:33:01,322: [206] m.main:INFO: Beginning analysis
2023-07-03 16:33:01,325: [206] m.e.manticore:INFO: Starting symbolic create contract
2023-07-03 16:33:02,168: [206] m.e.manticore:INFO: Starting symbolic transaction: 0
2023-07-03 16:33:02,335: [206] m.e.manticore:INFO: 0 alive states, 2 terminated states
2023-07-03 16:33:02,491: [206] m.c.manticore:INFO: Results in /mcore_1rhtb2gd
2023-07-03 16:33:02,491: [206] m.c.manticore:INFO: Total time: 0.3199431896209717
2023-07-03 16:33:03,209: [271] m.main:INFO: Registered plugins: IntrospectionAPIPlugin, <class 'manticore.ethereum.plugins.SkipRevertBasicBlocks'>, <class 'manticore.ethereum.plugins.FilterFunctions'>
2023-07-03 16:33:03,209: [271] m.main:INFO: Beginning analysis
2023-07-03 16:33:03,212: [271] m.e.manticore:INFO: Starting symbolic create contract
2023-07-03 16:33:04,149: [271] m.e.manticore:INFO: Starting symbolic transaction: 0
2023-07-03 16:33:04,744: [271] m.c.worker:ERROR: Exception in state 0: ManticoreError('Forking on unfeasible constraint set')
Traceback (most recent call last):
  File "/usr/local/lib/python3.7/dist-packages/manticore/core/worker.py", line 137, in run
    current_state.execute()
  File "/usr/local/lib/python3.7/dist-packages/manticore/ethereum/state.py", line 8, in execute
    return self._platform.execute()
  File "/usr/local/lib/python3.7/dist-packages/manticore/platforms/evm.py", line 3106, in execute
    self.current_vm.execute()
  File "/usr/local/lib/python3.7/dist-packages/manticore/platforms/evm.py", line 1322, in execute
    raise Concretize("Symbolic PC", expression=expression, setstate=setstate, policy="ALL")
manticore.core.state.Concretize

During handling of the above exception, another exception occurred:

Traceback (most recent call last):
  File "/usr/local/lib/python3.7/dist-packages/manticore/core/worker.py", line 158, in run
    m._fork(current_state, exc.expression, exc.policy, exc.setstate, exc.values)
  File "/usr/local/lib/python3.7/dist-packages/manticore/core/manticore.py", line 518, in _fork
    raise ManticoreError("Forking on unfeasible constraint set")
manticore.exceptions.ManticoreError: Forking on unfeasible constraint set
 
2023-07-03 16:33:04,750: [271] m.e.manticore:INFO: 0 alive states, 1 terminated states
2023-07-03 16:33:04,891: [271] m.c.manticore:INFO: Results in /mcore_toxuumnd
2023-07-03 16:33:04,891: [271] m.c.manticore:INFO: Total time: 0.737499475479126
2023-07-03 16:33:05,577: [333] m.main:INFO: Registered plugins: IntrospectionAPIPlugin, <class 'manticore.ethereum.plugins.SkipRevertBasicBlocks'>, <class 'manticore.ethereum.plugins.FilterFunctions'>
2023-07-03 16:33:05,577: [333] m.main:INFO: Beginning analysis
2023-07-03 16:33:05,580: [333] m.e.manticore:INFO: Starting symbolic create contract
