INFO:Detectors:[91m
EternalStorage._owner (/sb/RandomBase_1.sol#47) is never initialized. It is used in:
Reference: https://github.com/trailofbits/slither/wiki/Detectors-Documentation#uninitialized-state-variables[0m
INFO:Detectors:[92m
EternalStorage._owner should be constant (/sb/RandomBase_1.sol#47)
Reference: https://github.com/trailofbits/slither/wiki/Detectors-Documentation#state-variables-that-could-be-declared-constant[0m
INFO:Detectors:[92m
Detected issues with version pragma in /sb/RandomBase_1.sol:
	- pragma solidity0.5.9 (/sb/RandomBase_1.sol#1): it allows old versions
Reference: https://github.com/trailofbits/slither/wiki/Detectors-Documentation#incorrect-version-of-solidity[0m
INFO:Detectors:[92m
Parameter '' of IValidatorSet.initialize (/sb/RandomBase_1.sol#12) is not in mixedCase
Parameter '_scope_0' of IValidatorSet.initialize (/sb/RandomBase_1.sol#13) is not in mixedCase
Parameter '_scope_1' of IValidatorSet.initialize (/sb/RandomBase_1.sol#14) is not in mixedCase
Parameter '_scope_2' of IValidatorSet.initialize (/sb/RandomBase_1.sol#15) is not in mixedCase
Parameter '_scope_3' of IValidatorSet.initialize (/sb/RandomBase_1.sol#16) is not in mixedCase
Parameter '_scope_4' of IValidatorSet.initialize (/sb/RandomBase_1.sol#17) is not in mixedCase
Parameter '' of IValidatorSet.setStakingAddress (/sb/RandomBase_1.sol#20) is not in mixedCase
Parameter '_scope_0' of IValidatorSet.setStakingAddress (/sb/RandomBase_1.sol#20) is not in mixedCase
Parameter '' of IValidatorSet.isReportValidatorValid (/sb/RandomBase_1.sol#27) is not in mixedCase
Parameter '' of IValidatorSet.isValidator (/sb/RandomBase_1.sol#28) is not in mixedCase
Parameter '' of IValidatorSet.isValidatorBanned (/sb/RandomBase_1.sol#29) is not in mixedCase
Function 'IValidatorSet.MAX_VALIDATORS' (/sb/RandomBase_1.sol#30) is not in mixedCase
Parameter '' of IValidatorSet.miningByStakingAddress (/sb/RandomBase_1.sol#31) is not in mixedCase
Parameter '' of IValidatorSet.stakingByMiningAddress (/sb/RandomBase_1.sol#33) is not in mixedCase
Parameter '' of IValidatorSet.validatorIndex (/sb/RandomBase_1.sol#36) is not in mixedCase
Variable 'EternalStorage._owner' (/sb/RandomBase_1.sol#47) is not in mixedCase
Function 'RandomBase._initialize' (/sb/RandomBase_1.sol#164-168) is not in mixedCase
Parameter '_validatorSet' of RandomBase._initialize (/sb/RandomBase_1.sol#164) is not in mixedCase
Function 'RandomBase._setCurrentSeed' (/sb/RandomBase_1.sol#172-174) is not in mixedCase
Parameter '_seed' of RandomBase._setCurrentSeed (/sb/RandomBase_1.sol#172) is not in mixedCase
Function 'RandomBase._getCurrentSeed' (/sb/RandomBase_1.sol#177-179) is not in mixedCase
Reference: https://github.com/trailofbits/slither/wiki/Detectors-Documentation#conformance-to-solidity-naming-conventions[0m
INFO:Detectors:[92m
EternalStorage.stringStorage (/sb/RandomBase_1.sol#51) is never used in RandomBase
EternalStorage.bytesStorage (/sb/RandomBase_1.sol#53) is never used in RandomBase
EternalStorage.boolStorage (/sb/RandomBase_1.sol#54) is never used in RandomBase
EternalStorage.intStorage (/sb/RandomBase_1.sol#55) is never used in RandomBase
EternalStorage.bytes32Storage (/sb/RandomBase_1.sol#56) is never used in RandomBase
EternalStorage.uintArrayStorage (/sb/RandomBase_1.sol#58) is never used in RandomBase
EternalStorage.stringArrayStorage (/sb/RandomBase_1.sol#59) is never used in RandomBase
EternalStorage.addressArrayStorage (/sb/RandomBase_1.sol#60) is never used in RandomBase
EternalStorage.bytesArrayStorage (/sb/RandomBase_1.sol#61) is never used in RandomBase
EternalStorage.boolArrayStorage (/sb/RandomBase_1.sol#62) is never used in RandomBase
EternalStorage.intArrayStorage (/sb/RandomBase_1.sol#63) is never used in RandomBase
EternalStorage.bytes32ArrayStorage (/sb/RandomBase_1.sol#64) is never used in RandomBase
Reference: https://github.com/trailofbits/slither/wiki/Detectors-Documentation#unused-state-variables[0m
INFO:Slither:/sb/RandomBase_1.sol analyzed (6 contracts), 25 result(s) found
