2023-07-03 15:54:43,571: [11] m.main:INFO: Registered plugins: IntrospectionAPIPlugin, <class 'manticore.ethereum.plugins.SkipRevertBasicBlocks'>, <class 'manticore.ethereum.plugins.FilterFunctions'>
2023-07-03 15:54:43,571: [11] m.main:INFO: Beginning analysis
2023-07-03 15:54:43,574: [11] m.e.manticore:INFO: Starting symbolic create contract
2023-07-03 15:54:44,260: [11] m.e.manticore:INFO: Starting symbolic transaction: 0
2023-07-03 15:54:44,433: [11] m.e.manticore:INFO: 0 alive states, 1 terminated states
2023-07-03 15:54:44,479: [11] m.e.manticore:INFO: Starting symbolic transaction: 1
2023-07-03 15:54:44,638: [11] m.c.manticore:INFO: Results in /mcore_6syv1fpr
2023-07-03 15:54:44,638: [11] m.c.manticore:INFO: Total time: 0.3712468147277832
2023-07-03 15:54:45,393: [70] m.main:INFO: Registered plugins: IntrospectionAPIPlugin, <class 'manticore.ethereum.plugins.SkipRevertBasicBlocks'>, <class 'manticore.ethereum.plugins.FilterFunctions'>
2023-07-03 15:54:45,393: [70] m.main:INFO: Beginning analysis
2023-07-03 15:54:45,396: [70] m.e.manticore:INFO: Starting symbolic create contract
2023-07-03 15:54:47,420: [70] m.e.manticore:INFO: Starting symbolic transaction: 0
2023-07-03 15:55:08,097: [70] m.e.manticore:INFO: 1 alive states, 3 terminated states
2023-07-03 15:55:10,633: [70] m.e.manticore:INFO: Starting symbolic transaction: 1
2023-07-03 15:55:28,812: [70] m.e.manticore:INFO: 1 alive states, 5 terminated states
2023-07-03 15:55:31,431: [145] m.c.manticore:INFO: Generated testcase No. 0 - RETURN(3 txs)
2023-07-03 15:55:31,432: [145] m.c.plugin:WARNING: Caught will_solve in state None, but failed to capture its initialization
2023-07-03 15:55:39,306: [70] m.c.manticore:INFO: Results in /mcore_9gk2sykc
2023-07-03 15:55:39,306: [70] m.c.manticore:INFO: Total time: 28.578102111816406
2023-07-03 15:55:40,038: [176] m.main:INFO: Registered plugins: IntrospectionAPIPlugin, <class 'manticore.ethereum.plugins.SkipRevertBasicBlocks'>, <class 'manticore.ethereum.plugins.FilterFunctions'>
2023-07-03 15:55:40,038: [176] m.main:INFO: Beginning analysis
2023-07-03 15:55:40,041: [176] m.e.manticore:INFO: Starting symbolic create contract
2023-07-03 15:55:41,316: [176] m.e.manticore:INFO: Starting symbolic transaction: 0
2023-07-03 15:56:12,072: [176] m.e.manticore:INFO: 2 alive states, 3 terminated states
2023-07-03 15:56:12,777: [176] m.e.manticore:INFO: Starting symbolic transaction: 1
2023-07-03 15:57:19,636: [176] m.e.manticore:INFO: 4 alive states, 7 terminated states
2023-07-03 15:57:20,418: [257] m.c.manticore:INFO: Generated testcase No. 0 - RETURN(3 txs)
2023-07-03 15:57:20,419: [259] m.c.manticore:INFO: Generated testcase No. 1 - RETURN(3 txs)
2023-07-03 15:57:20,420: [257] m.c.plugin:WARNING: Caught will_solve in state None, but failed to capture its initialization
2023-07-03 15:57:20,420: [259] m.c.plugin:WARNING: Caught will_solve in state None, but failed to capture its initialization
2023-07-03 15:57:20,427: [260] m.c.manticore:INFO: Generated testcase No. 3 - RETURN(3 txs)
2023-07-03 15:57:20,428: [260] m.c.plugin:WARNING: Caught will_solve in state None, but failed to capture its initialization
2023-07-03 15:57:20,428: [258] m.c.manticore:INFO: Generated testcase No. 2 - RETURN(3 txs)
2023-07-03 15:57:20,429: [258] m.c.plugin:WARNING: Caught will_solve in state None, but failed to capture its initialization
2023-07-03 15:57:24,062: [176] m.c.manticore:INFO: Results in /mcore_z43jhd14
2023-07-03 15:57:24,062: [176] m.c.manticore:INFO: Total time: 71.20782136917114
2023-07-03 15:57:24,764: [303] m.main:INFO: Registered plugins: IntrospectionAPIPlugin, <class 'manticore.ethereum.plugins.SkipRevertBasicBlocks'>, <class 'manticore.ethereum.plugins.FilterFunctions'>
2023-07-03 15:57:24,764: [303] m.main:INFO: Beginning analysis
2023-07-03 15:57:24,766: [303] m.e.manticore:INFO: Starting symbolic create contract
2023-07-03 15:57:25,576: [303] m.e.manticore:INFO: Starting symbolic transaction: 0
2023-07-03 15:57:25,711: [303] m.e.manticore:INFO: 0 alive states, 1 terminated states
2023-07-03 15:57:25,766: [303] m.e.manticore:INFO: Starting symbolic transaction: 1
2023-07-03 15:57:25,945: [303] m.c.manticore:INFO: Results in /mcore_7di1igxd
2023-07-03 15:57:25,946: [303] m.c.manticore:INFO: Total time: 0.3674633502960205
2023-07-03 15:57:26,617: [362] m.main:INFO: Registered plugins: IntrospectionAPIPlugin, <class 'manticore.ethereum.plugins.SkipRevertBasicBlocks'>, <class 'manticore.ethereum.plugins.FilterFunctions'>
2023-07-03 15:57:26,618: [362] m.main:INFO: Beginning analysis
2023-07-03 15:57:26,623: [362] m.e.manticore:INFO: Starting symbolic create contract
2023-07-03 15:57:27,488: [362] m.e.manticore:INFO: Starting symbolic transaction: 0
2023-07-03 15:57:27,627: [362] m.e.manticore:INFO: 0 alive states, 1 terminated states
2023-07-03 15:57:27,692: [362] m.e.manticore:INFO: Starting symbolic transaction: 1
2023-07-03 15:57:27,911: [362] m.c.manticore:INFO: Results in /mcore_ryhdshmq
2023-07-03 15:57:27,911: [362] m.c.manticore:INFO: Total time: 0.41962313652038574
2023-07-03 15:57:28,545: [421] m.main:INFO: Registered plugins: IntrospectionAPIPlugin, <class 'manticore.ethereum.plugins.SkipRevertBasicBlocks'>, <class 'manticore.ethereum.plugins.FilterFunctions'>
2023-07-03 15:57:28,545: [421] m.main:INFO: Beginning analysis
2023-07-03 15:57:28,547: [421] m.e.manticore:INFO: Starting symbolic create contract
2023-07-03 15:57:30,866: [421] m.e.manticore:INFO: Found a concrete globalsha3 b'\x00\x00\x00\x00\x00\x00\x00\x00\x00\x00\x00\x00iX\xf5\xe9S2\xd9=!\xaf\r{\x9c\xa8[\x82\x12\xfe\xe0\xa5\x00\x00\x00\x00\x00\x00\x00\x00\x00\x00\x00\x00\x00\x00\x00\x00\x00\x00\x00\x00\x00\x00\x00\x00\x00\x00\x00\x00\x00\x00\x00\x00' -> 65996852654120923860279246334801467658524626686608937692467034848065199617553
2023-07-03 15:57:30,966: [421] m.e.manticore:INFO: Found a concrete globalsha3 b'\x00\x00\x00\x00\x00\x00\x00\x00\x00\x00\x00\x00a\x93\\\xbd\xd0"\x87\xb5\x11\x11\x9d\xdb\x11\xae\xb4/\x15\x93\xb7\xef\x00\x00\x00\x00\x00\x00\x00\x00\x00\x00\x00\x00\x00\x00\x00\x00\x00\x00\x00\x00\x00\x00\x00\x00\x00\x00\x00\x00\x00\x00\x00\x00' -> 48234541699611501452047111856531129941579077942995428692882847106635564020717
2023-07-03 15:57:31,171: [421] m.e.manticore:INFO: Found a concrete globalsha3 b"\x00\x00\x00\x00\x00\x00\x00\x00\x00\x00\x00\x00\xde\xf1\xc0\xde\xd9\xbe\xc7\xf1\xa1g\x08\x19\x832@\xf0'\xb2^\xff\x00\x00\x00\x00\x00\x00\x00\x00\x00\x00\x00\x00\x00\x00\x00\x00\x00\x00\x00\x00\x00\x00\x00\x00\x00\x00\x00\x00\x00\x00\x00\x00" -> 40639136009376366187398689060835235887199201919838513505795442313396275977038
2023-07-03 15:57:31,446: [421] m.e.manticore:INFO: Found a concrete globalsha3 b'\x00\x00\x00\x00\x00\x00\x00\x00\x00\x00\x00\x00\x08\x0b\xf5\x10\xfc\xbf\x18\xb9\x11\x05G\x069\xe9V\x10"\x93w\x12\x00\x00\x00\x00\x00\x00\x00\x00\x00\x00\x00\x00\x00\x00\x00\x00\x00\x00\x00\x00\x00\x00\x00\x00\x00\x00\x00\x00\x00\x00\x00\x00' -> 91221304762022283115950568436913994181756960273803506959061142703191905722456
2023-07-03 15:57:31,539: [421] m.e.manticore:INFO: Found a concrete globalsha3 b'\x00\x00\x00\x00\x00\x00\x00\x00\x00\x00\x00\x00\x08\x0b\xf5\x10\xfc\xbf\x18\xb9\x11\x05G\x069\xe9V\x10"\x93w\x12\x00\x00\x00\x00\x00\x00\x00\x00\x00\x00\x00\x00\x00\x00\x00\x00\x00\x00\x00\x00\x00\x00\x00\x00\x00\x00\x00\x00\x00\x00\x00\x01' -> 114819556720532588464857828708393114514149093319058453793538622723234046602431
2023-07-03 15:57:33,727: [421] m.e.manticore:INFO: Starting symbolic transaction: 0
