2023-07-03 15:43:59,008: [11] m.main:INFO: Registered plugins: IntrospectionAPIPlugin, <class 'manticore.ethereum.plugins.SkipRevertBasicBlocks'>, <class 'manticore.ethereum.plugins.FilterFunctions'>
2023-07-03 15:43:59,008: [11] m.main:INFO: Beginning analysis
2023-07-03 15:43:59,011: [11] m.e.manticore:INFO: Starting symbolic create contract
2023-07-03 15:44:00,474: [11] m.e.manticore:INFO: Starting symbolic transaction: 0
2023-07-03 15:44:00,638: [11] m.e.manticore:INFO: 0 alive states, 1 terminated states
2023-07-03 15:44:00,694: [11] m.e.manticore:INFO: Starting symbolic transaction: 1
2023-07-03 15:44:00,908: [11] m.c.manticore:INFO: Results in /mcore_2001vj95
2023-07-03 15:44:00,909: [11] m.c.manticore:INFO: Total time: 0.42784786224365234
2023-07-03 15:44:01,604: [70] m.main:INFO: Registered plugins: IntrospectionAPIPlugin, <class 'manticore.ethereum.plugins.SkipRevertBasicBlocks'>, <class 'manticore.ethereum.plugins.FilterFunctions'>
2023-07-03 15:44:01,604: [70] m.main:INFO: Beginning analysis
2023-07-03 15:44:01,607: [70] m.e.manticore:INFO: Starting symbolic create contract
2023-07-03 15:44:03,082: [70] m.e.manticore:INFO: Starting symbolic transaction: 0
2023-07-03 15:44:03,233: [70] m.e.manticore:INFO: 0 alive states, 1 terminated states
2023-07-03 15:44:03,299: [70] m.e.manticore:INFO: Starting symbolic transaction: 1
2023-07-03 15:44:03,578: [70] m.c.manticore:INFO: Results in /mcore_fw7u65a7
2023-07-03 15:44:03,578: [70] m.c.manticore:INFO: Total time: 0.49276280403137207
2023-07-03 15:44:04,296: [129] m.main:INFO: Registered plugins: IntrospectionAPIPlugin, <class 'manticore.ethereum.plugins.SkipRevertBasicBlocks'>, <class 'manticore.ethereum.plugins.FilterFunctions'>
2023-07-03 15:44:04,297: [129] m.main:INFO: Beginning analysis
2023-07-03 15:44:04,298: [129] m.e.manticore:INFO: Starting symbolic create contract
2023-07-03 15:44:06,496: [129] m.e.manticore:INFO: Starting symbolic transaction: 0
2023-07-03 15:44:11,820: [129] m.e.manticore:INFO: 0 alive states, 3 terminated states
2023-07-03 15:44:12,121: [129] m.c.manticore:INFO: Results in /mcore_dy3mc7en
2023-07-03 15:44:12,122: [129] m.c.manticore:INFO: Total time: 5.607787609100342
2023-07-03 15:44:12,838: [200] m.main:INFO: Registered plugins: IntrospectionAPIPlugin, <class 'manticore.ethereum.plugins.SkipRevertBasicBlocks'>, <class 'manticore.ethereum.plugins.FilterFunctions'>
2023-07-03 15:44:12,838: [200] m.main:INFO: Beginning analysis
2023-07-03 15:44:12,841: [200] m.e.manticore:INFO: Starting symbolic create contract
