2023-07-03 16:00:07,317: [11] m.main:INFO: Registered plugins: IntrospectionAPIPlugin, <class 'manticore.ethereum.plugins.SkipRevertBasicBlocks'>, <class 'manticore.ethereum.plugins.FilterFunctions'>
2023-07-03 16:00:07,317: [11] m.main:INFO: Beginning analysis
2023-07-03 16:00:07,320: [11] m.e.manticore:INFO: Starting symbolic create contract
2023-07-03 16:00:08,482: [11] m.e.manticore:INFO: Failed to create contract: exception in constructor
2023-07-03 16:00:08,574: [11] m.c.manticore:INFO: Results in /mcore_vxstw8q3
2023-07-03 16:00:08,575: [11] m.c.manticore:INFO: Total time: 0.7327141761779785
2023-07-03 16:00:09,300: [53] m.main:INFO: Registered plugins: IntrospectionAPIPlugin, <class 'manticore.ethereum.plugins.SkipRevertBasicBlocks'>, <class 'manticore.ethereum.plugins.FilterFunctions'>
2023-07-03 16:00:09,300: [53] m.main:INFO: Beginning analysis
2023-07-03 16:00:09,302: [53] m.e.manticore:INFO: Starting symbolic create contract
2023-07-03 16:04:16,162: [53] m.e.manticore:INFO: Failed to create contract: exception in constructor
2023-07-03 16:04:16,289: [53] m.c.manticore:INFO: Results in /mcore_lu8z99yc
2023-07-03 16:04:16,289: [53] m.c.manticore:INFO: Total time: 246.31425213813782
2023-07-03 16:04:18,223: [95] m.main:INFO: Registered plugins: IntrospectionAPIPlugin, <class 'manticore.ethereum.plugins.SkipRevertBasicBlocks'>, <class 'manticore.ethereum.plugins.FilterFunctions'>
2023-07-03 16:04:18,223: [95] m.main:INFO: Beginning analysis
2023-07-03 16:04:18,225: [95] m.e.manticore:INFO: Starting symbolic create contract
2023-07-03 16:04:32,017: [95] m.e.manticore:INFO: Failed to create contract: exception in constructor
2023-07-03 16:04:32,149: [95] m.c.manticore:INFO: Results in /mcore_r7n_t6ap
2023-07-03 16:04:32,149: [95] m.c.manticore:INFO: Total time: 13.067818403244019
2023-07-03 16:04:32,915: [143] m.main:INFO: Registered plugins: IntrospectionAPIPlugin, <class 'manticore.ethereum.plugins.SkipRevertBasicBlocks'>, <class 'manticore.ethereum.plugins.FilterFunctions'>
2023-07-03 16:04:32,916: [143] m.main:INFO: Beginning analysis
2023-07-03 16:04:32,918: [143] m.e.manticore:INFO: Starting symbolic create contract
2023-07-03 16:04:33,997: [143] m.e.manticore:INFO: Failed to create contract: exception in constructor
2023-07-03 16:04:34,108: [143] m.c.manticore:INFO: Results in /mcore_5s2idrwp
2023-07-03 16:04:34,108: [143] m.c.manticore:INFO: Total time: 0.647113561630249
2023-07-03 16:04:34,790: [185] m.main:INFO: Registered plugins: IntrospectionAPIPlugin, <class 'manticore.ethereum.plugins.SkipRevertBasicBlocks'>, <class 'manticore.ethereum.plugins.FilterFunctions'>
2023-07-03 16:04:34,790: [185] m.main:INFO: Beginning analysis
2023-07-03 16:04:34,793: [185] m.e.manticore:INFO: Starting symbolic create contract
2023-07-03 16:04:35,775: [185] m.e.manticore:INFO: Failed to create contract: exception in constructor
2023-07-03 16:04:35,882: [185] m.c.manticore:INFO: Results in /mcore_e04qauxh
2023-07-03 16:04:35,882: [185] m.c.manticore:INFO: Total time: 0.5712766647338867
2023-07-03 16:04:36,542: [227] m.main:INFO: Registered plugins: IntrospectionAPIPlugin, <class 'manticore.ethereum.plugins.SkipRevertBasicBlocks'>, <class 'manticore.ethereum.plugins.FilterFunctions'>
2023-07-03 16:04:36,542: [227] m.main:INFO: Beginning analysis
2023-07-03 16:04:36,544: [227] m.e.manticore:INFO: Starting symbolic create contract
2023-07-03 16:04:38,152: [227] m.e.manticore:INFO: Failed to create contract: exception in constructor
2023-07-03 16:04:38,256: [227] m.c.manticore:INFO: Results in /mcore_7lx7_tiu
2023-07-03 16:04:38,257: [227] m.c.manticore:INFO: Total time: 1.1618895530700684
