2023-07-13 02:44:28,515: [11] m.main:INFO: Registered plugins: IntrospectionAPIPlugin, <class 'manticore.ethereum.plugins.SkipRevertBasicBlocks'>, <class 'manticore.ethereum.plugins.FilterFunctions'>
2023-07-13 02:44:28,515: [11] m.main:INFO: Beginning analysis
2023-07-13 02:44:28,518: [11] m.e.manticore:INFO: Starting symbolic create contract
2023-07-13 02:44:29,467: [11] m.e.manticore:INFO: Starting symbolic transaction: 0
2023-07-13 02:44:38,261: [11] m.e.manticore:INFO: 2 alive states, 1 terminated states
2023-07-13 02:44:38,651: [11] m.e.manticore:INFO: Starting symbolic transaction: 1
2023-07-13 02:44:57,012: [11] m.e.manticore:INFO: 4 alive states, 1 terminated states
2023-07-13 02:44:57,487: [86] m.c.manticore:INFO: Generated testcase No. 0 - STOP(3 txs)
2023-07-13 02:44:57,488: [86] m.c.plugin:WARNING: Caught will_solve in state None, but failed to capture its initialization
2023-07-13 02:44:57,500: [87] m.c.manticore:INFO: Generated testcase No. 2 - STOP(3 txs)
2023-07-13 02:44:57,501: [87] m.c.plugin:WARNING: Caught will_solve in state None, but failed to capture its initialization
2023-07-13 02:44:57,503: [90] m.c.manticore:INFO: Generated testcase No. 1 - STOP(3 txs)
2023-07-13 02:44:57,504: [90] m.c.plugin:WARNING: Caught will_solve in state None, but failed to capture its initialization
2023-07-13 02:44:57,512: [88] m.c.manticore:INFO: Generated testcase No. 3 - STOP(3 txs)
2023-07-13 02:44:57,513: [88] m.c.plugin:WARNING: Caught will_solve in state None, but failed to capture its initialization
2023-07-13 02:44:59,347: [11] m.c.manticore:INFO: Results in /mcore_zf2o3kai
2023-07-13 02:44:59,348: [11] m.c.manticore:INFO: Total time: 20.660844087600708
2023-07-13 02:45:00,066: [114] m.main:INFO: Registered plugins: IntrospectionAPIPlugin, <class 'manticore.ethereum.plugins.SkipRevertBasicBlocks'>, <class 'manticore.ethereum.plugins.FilterFunctions'>
2023-07-13 02:45:00,067: [114] m.main:INFO: Beginning analysis
2023-07-13 02:45:00,072: [114] m.e.manticore:INFO: Starting symbolic create contract
2023-07-13 02:45:01,361: [114] m.e.manticore:INFO: Starting symbolic transaction: 0
2023-07-13 02:45:29,832: [114] m.e.manticore:INFO: 3 alive states, 1 terminated states
2023-07-13 02:45:30,539: [114] m.e.manticore:INFO: Starting symbolic transaction: 1
2023-07-13 02:47:22,636: [114] m.e.manticore:INFO: 9 alive states, 1 terminated states
2023-07-13 02:47:23,335: [201] m.c.manticore:INFO: Generated testcase No. 0 - STOP(3 txs)
2023-07-13 02:47:23,335: [201] m.c.plugin:WARNING: Caught will_solve in state None, but failed to capture its initialization
2023-07-13 02:47:23,358: [203] m.c.manticore:INFO: Generated testcase No. 1 - STOP(3 txs)
2023-07-13 02:47:23,359: [203] m.c.plugin:WARNING: Caught will_solve in state None, but failed to capture its initialization
2023-07-13 02:47:23,365: [205] m.c.manticore:INFO: Generated testcase No. 2 - STOP(3 txs)
2023-07-13 02:47:23,366: [205] m.c.plugin:WARNING: Caught will_solve in state None, but failed to capture its initialization
2023-07-13 02:47:23,372: [204] m.c.manticore:INFO: Generated testcase No. 3 - STOP(3 txs)
2023-07-13 02:47:23,373: [204] m.c.plugin:WARNING: Caught will_solve in state None, but failed to capture its initialization
2023-07-13 02:47:23,389: [208] m.c.manticore:INFO: Generated testcase No. 4 - STOP(3 txs)
2023-07-13 02:47:23,389: [208] m.c.plugin:WARNING: Caught will_solve in state None, but failed to capture its initialization
2023-07-13 02:47:23,391: [207] m.c.manticore:INFO: Generated testcase No. 5 - STOP(3 txs)
2023-07-13 02:47:23,391: [207] m.c.plugin:WARNING: Caught will_solve in state None, but failed to capture its initialization
2023-07-13 02:47:23,397: [212] m.c.manticore:INFO: Generated testcase No. 6 - STOP(3 txs)
2023-07-13 02:47:23,398: [212] m.c.plugin:WARNING: Caught will_solve in state None, but failed to capture its initialization
2023-07-13 02:47:23,409: [215] m.c.manticore:INFO: Generated testcase No. 7 - STOP(3 txs)
2023-07-13 02:47:23,410: [215] m.c.plugin:WARNING: Caught will_solve in state None, but failed to capture its initialization
2023-07-13 02:47:23,448: [211] m.c.manticore:INFO: Generated testcase No. 8 - STOP(3 txs)
2023-07-13 02:47:23,449: [211] m.c.plugin:WARNING: Caught will_solve in state None, but failed to capture its initialization
2023-07-13 02:47:27,120: [114] m.c.manticore:INFO: Results in /mcore_yn6is_eq
2023-07-13 02:47:27,120: [114] m.c.manticore:INFO: Total time: 116.4831063747406
2023-07-13 02:47:27,815: [241] m.main:INFO: Registered plugins: IntrospectionAPIPlugin, <class 'manticore.ethereum.plugins.SkipRevertBasicBlocks'>, <class 'manticore.ethereum.plugins.FilterFunctions'>
2023-07-13 02:47:27,816: [241] m.main:INFO: Beginning analysis
2023-07-13 02:47:27,819: [241] m.e.manticore:INFO: Starting symbolic create contract
2023-07-13 02:47:30,250: [241] m.e.manticore:INFO: Starting symbolic transaction: 0
2023-07-13 02:49:17,535: [241] m.e.manticore:INFO: Found a concrete globalsha3 b'\x00\x00\x00\x00\x00\x00\x00\x00\x00\x00\x00\x00\x00\x00\x00\x00\x00\x00\x00\x00\x00\x00\x00\x00\x00\x00\x00\x00\x00\x02\x00\x00\x00\x00\x00\x00\x00\x00\x00\x00\x00\x00\x00\x00\x00\x00\x00\x00\x00\x00\x00\x00\x00\x00\x00\x00\x00\x00\x00\x00\x00\x00\x00\x04' -> 93405925606848684242376394016972829529189361045273175667784367156876440055338
