2023-07-03 16:10:53,672: [11] m.main:INFO: Registered plugins: IntrospectionAPIPlugin, <class 'manticore.ethereum.plugins.SkipRevertBasicBlocks'>, <class 'manticore.ethereum.plugins.FilterFunctions'>
2023-07-03 16:10:53,672: [11] m.main:INFO: Beginning analysis
2023-07-03 16:10:53,675: [11] m.e.manticore:INFO: Starting symbolic create contract
2023-07-03 16:10:56,171: [11] m.e.manticore:INFO: Starting symbolic transaction: 0
2023-07-03 16:11:07,145: [11] m.e.manticore:INFO: 7 alive states, 2 terminated states
2023-07-03 16:11:07,421: [11] m.e.manticore:INFO: Starting symbolic transaction: 1
2023-07-03 16:12:31,538: [11] m.e.manticore:INFO: 49 alive states, 9 terminated states
2023-07-03 16:12:32,007: [101] m.c.manticore:INFO: Generated testcase No. 1 - RETURN(3 txs)
2023-07-03 16:12:32,007: [102] m.c.manticore:INFO: Generated testcase No. 0 - RETURN(3 txs)
2023-07-03 16:12:32,008: [101] m.c.plugin:WARNING: Caught will_solve in state None, but failed to capture its initialization
2023-07-03 16:12:32,008: [102] m.c.plugin:WARNING: Caught will_solve in state None, but failed to capture its initialization
2023-07-03 16:12:32,012: [107] m.c.manticore:INFO: Generated testcase No. 2 - RETURN(3 txs)
2023-07-03 16:12:32,013: [107] m.c.plugin:WARNING: Caught will_solve in state None, but failed to capture its initialization
2023-07-03 16:12:32,015: [104] m.c.manticore:INFO: Generated testcase No. 3 - RETURN(3 txs)
2023-07-03 16:12:32,016: [104] m.c.plugin:WARNING: Caught will_solve in state None, but failed to capture its initialization
2023-07-03 16:12:32,022: [109] m.c.manticore:INFO: Generated testcase No. 4 - RETURN(3 txs)
2023-07-03 16:12:32,023: [109] m.c.plugin:WARNING: Caught will_solve in state None, but failed to capture its initialization
2023-07-03 16:12:32,046: [115] m.c.manticore:INFO: Generated testcase No. 5 - RETURN(3 txs)
2023-07-03 16:12:32,047: [119] m.c.manticore:INFO: Generated testcase No. 6 - RETURN(3 txs)
2023-07-03 16:12:32,047: [115] m.c.plugin:WARNING: Caught will_solve in state None, but failed to capture its initialization
2023-07-03 16:12:32,049: [111] m.c.manticore:INFO: Generated testcase No. 7 - RETURN(3 txs)
2023-07-03 16:12:32,048: [119] m.c.plugin:WARNING: Caught will_solve in state None, but failed to capture its initialization
2023-07-03 16:12:32,050: [111] m.c.plugin:WARNING: Caught will_solve in state None, but failed to capture its initialization
2023-07-03 16:12:32,061: [120] m.c.manticore:INFO: Generated testcase No. 8 - RETURN(3 txs)
2023-07-03 16:12:32,063: [120] m.c.plugin:WARNING: Caught will_solve in state None, but failed to capture its initialization
2023-07-03 16:12:32,064: [123] m.c.manticore:INFO: Generated testcase No. 9 - RETURN(3 txs)
2023-07-03 16:12:32,065: [124] m.c.manticore:INFO: Generated testcase No. 11 - RETURN(3 txs)
2023-07-03 16:12:32,065: [123] m.c.plugin:WARNING: Caught will_solve in state None, but failed to capture its initialization
2023-07-03 16:12:32,066: [124] m.c.plugin:WARNING: Caught will_solve in state None, but failed to capture its initialization
2023-07-03 16:12:32,066: [103] m.c.manticore:INFO: Generated testcase No. 10 - RETURN(3 txs)
2023-07-03 16:12:32,067: [103] m.c.plugin:WARNING: Caught will_solve in state None, but failed to capture its initialization
2023-07-03 16:12:33,313: [101] m.c.manticore:INFO: Generated testcase No. 12 - RETURN(3 txs)
2023-07-03 16:12:33,422: [124] m.c.manticore:INFO: Generated testcase No. 13 - RETURN(3 txs)
2023-07-03 16:12:33,427: [109] m.c.manticore:INFO: Generated testcase No. 14 - RETURN(3 txs)
2023-07-03 16:12:33,432: [119] m.c.manticore:INFO: Generated testcase No. 15 - RETURN(3 txs)
2023-07-03 16:12:33,499: [111] m.c.manticore:INFO: Generated testcase No. 16 - RETURN(3 txs)
2023-07-03 16:12:33,561: [102] m.c.manticore:INFO: Generated testcase No. 17 - RETURN(3 txs)
2023-07-03 16:12:33,578: [123] m.c.manticore:INFO: Generated testcase No. 18 - RETURN(3 txs)
2023-07-03 16:12:33,581: [107] m.c.manticore:INFO: Generated testcase No. 19 - RETURN(3 txs)
2023-07-03 16:12:33,595: [103] m.c.manticore:INFO: Generated testcase No. 20 - RETURN(3 txs)
2023-07-03 16:12:33,655: [104] m.c.manticore:INFO: Generated testcase No. 21 - RETURN(3 txs)
2023-07-03 16:12:33,751: [120] m.c.manticore:INFO: Generated testcase No. 22 - RETURN(3 txs)
2023-07-03 16:12:33,756: [115] m.c.manticore:INFO: Generated testcase No. 23 - RETURN(3 txs)
2023-07-03 16:12:34,627: [101] m.c.manticore:INFO: Generated testcase No. 24 - RETURN(3 txs)
2023-07-03 16:12:34,820: [124] m.c.manticore:INFO: Generated testcase No. 25 - RETURN(3 txs)
2023-07-03 16:12:34,856: [104] m.c.manticore:INFO: Generated testcase No. 27 - RETURN(3 txs)
2023-07-03 16:12:34,924: [119] m.c.manticore:INFO: Generated testcase No. 26 - RETURN(3 txs)
2023-07-03 16:12:34,957: [109] m.c.manticore:INFO: Generated testcase No. 28 - RETURN(3 txs)
2023-07-03 16:12:34,965: [111] m.c.manticore:INFO: Generated testcase No. 29 - RETURN(3 txs)
2023-07-03 16:12:35,042: [107] m.c.manticore:INFO: Generated testcase No. 31 - RETURN(3 txs)
2023-07-03 16:12:35,062: [123] m.c.manticore:INFO: Generated testcase No. 30 - RETURN(3 txs)
2023-07-03 16:12:35,069: [102] m.c.manticore:INFO: Generated testcase No. 32 - RETURN(3 txs)
2023-07-03 16:12:35,114: [103] m.c.manticore:INFO: Generated testcase No. 34 - RETURN(3 txs)
2023-07-03 16:12:35,172: [120] m.c.manticore:INFO: Generated testcase No. 33 - RETURN(3 txs)
2023-07-03 16:12:35,293: [115] m.c.manticore:INFO: Generated testcase No. 35 - RETURN(3 txs)
2023-07-03 16:12:36,104: [101] m.c.manticore:INFO: Generated testcase No. 36 - RETURN(3 txs)
2023-07-03 16:12:36,244: [124] m.c.manticore:INFO: Generated testcase No. 37 - RETURN(3 txs)
2023-07-03 16:12:36,266: [119] m.c.manticore:INFO: Generated testcase No. 38 - RETURN(3 txs)
2023-07-03 16:12:36,326: [107] m.c.manticore:INFO: Generated testcase No. 39 - RETURN(3 txs)
2023-07-03 16:12:36,347: [104] m.c.manticore:INFO: Generated testcase No. 41 - RETURN(3 txs)
2023-07-03 16:12:36,356: [102] m.c.manticore:INFO: Generated testcase No. 40 - RETURN(3 txs)
2023-07-03 16:12:36,367: [111] m.c.manticore:INFO: Generated testcase No. 42 - RETURN(3 txs)
2023-07-03 16:12:36,472: [123] m.c.manticore:INFO: Generated testcase No. 43 - RETURN(3 txs)
2023-07-03 16:12:36,548: [109] m.c.manticore:INFO: Generated testcase No. 45 - RETURN(3 txs)
2023-07-03 16:12:36,569: [103] m.c.manticore:INFO: Generated testcase No. 44 - RETURN(3 txs)
2023-07-03 16:12:36,665: [120] m.c.manticore:INFO: Generated testcase No. 46 - RETURN(3 txs)
2023-07-03 16:12:36,779: [115] m.c.manticore:INFO: Generated testcase No. 47 - RETURN(3 txs)
2023-07-03 16:12:37,403: [107] m.c.manticore:INFO: Generated testcase No. 48 - RETURN(3 txs)
2023-07-03 16:12:41,504: [11] m.c.manticore:INFO: Results in /mcore_246cflie
2023-07-03 16:12:41,504: [11] m.c.manticore:INFO: Total time: 93.86388874053955
2023-07-03 16:12:42,238: [150] m.main:INFO: Registered plugins: IntrospectionAPIPlugin, <class 'manticore.ethereum.plugins.SkipRevertBasicBlocks'>, <class 'manticore.ethereum.plugins.FilterFunctions'>
2023-07-03 16:12:42,238: [150] m.main:INFO: Beginning analysis
2023-07-03 16:12:42,241: [150] m.e.manticore:INFO: Starting symbolic create contract
2023-07-03 16:12:44,543: [150] m.e.manticore:INFO: Starting symbolic transaction: 0
2023-07-03 16:12:44,701: [150] m.e.manticore:INFO: 0 alive states, 1 terminated states
2023-07-03 16:12:44,768: [150] m.e.manticore:INFO: Starting symbolic transaction: 1
2023-07-03 16:12:44,979: [150] m.c.manticore:INFO: Results in /mcore_o7ebuxxg
2023-07-03 16:12:44,979: [150] m.c.manticore:INFO: Total time: 0.43318772315979004
2023-07-03 16:12:45,656: [209] m.main:INFO: Registered plugins: IntrospectionAPIPlugin, <class 'manticore.ethereum.plugins.SkipRevertBasicBlocks'>, <class 'manticore.ethereum.plugins.FilterFunctions'>
2023-07-03 16:12:45,656: [209] m.main:INFO: Beginning analysis
2023-07-03 16:12:45,661: [209] m.e.manticore:INFO: Starting symbolic create contract
2023-07-03 16:12:47,879: [209] m.e.manticore:INFO: Starting symbolic transaction: 0
2023-07-03 16:12:48,050: [209] m.e.manticore:INFO: 0 alive states, 1 terminated states
2023-07-03 16:12:48,119: [209] m.e.manticore:INFO: Starting symbolic transaction: 1
2023-07-03 16:12:48,308: [209] m.c.manticore:INFO: Results in /mcore_udsty5ms
2023-07-03 16:12:48,309: [209] m.c.manticore:INFO: Total time: 0.4266963005065918
2023-07-03 16:12:49,078: [268] m.main:INFO: Registered plugins: IntrospectionAPIPlugin, <class 'manticore.ethereum.plugins.SkipRevertBasicBlocks'>, <class 'manticore.ethereum.plugins.FilterFunctions'>
2023-07-03 16:12:49,078: [268] m.main:INFO: Beginning analysis
2023-07-03 16:12:49,081: [268] m.e.manticore:INFO: Starting symbolic create contract
2023-07-03 16:13:25,885: [268] m.e.manticore:INFO: Starting symbolic transaction: 0
