2023-07-03 16:10:50,920: [11] m.main:INFO: Registered plugins: IntrospectionAPIPlugin, <class 'manticore.ethereum.plugins.SkipRevertBasicBlocks'>, <class 'manticore.ethereum.plugins.FilterFunctions'>
2023-07-03 16:10:50,921: [11] m.main:INFO: Beginning analysis
2023-07-03 16:10:50,923: [11] m.e.manticore:INFO: Starting symbolic create contract
2023-07-03 16:10:52,062: [11] m.e.manticore:INFO: Starting symbolic transaction: 0
2023-07-03 16:10:52,194: [11] m.e.manticore:INFO: 0 alive states, 1 terminated states
2023-07-03 16:10:52,247: [11] m.e.manticore:INFO: Starting symbolic transaction: 1
2023-07-03 16:10:52,467: [11] m.c.manticore:INFO: Results in /mcore_s_n3vj4w
2023-07-03 16:10:52,467: [11] m.c.manticore:INFO: Total time: 0.4018728733062744
2023-07-03 16:10:53,299: [70] m.main:INFO: Registered plugins: IntrospectionAPIPlugin, <class 'manticore.ethereum.plugins.SkipRevertBasicBlocks'>, <class 'manticore.ethereum.plugins.FilterFunctions'>
2023-07-03 16:10:53,299: [70] m.main:INFO: Beginning analysis
2023-07-03 16:10:53,302: [70] m.e.manticore:INFO: Starting symbolic create contract
2023-07-03 16:10:54,290: [70] m.e.manticore:INFO: Starting symbolic transaction: 0
2023-07-03 16:10:54,436: [70] m.e.manticore:INFO: 0 alive states, 1 terminated states
2023-07-03 16:10:54,492: [70] m.e.manticore:INFO: Starting symbolic transaction: 1
2023-07-03 16:10:54,683: [70] m.c.manticore:INFO: Results in /mcore_fotu2n_p
2023-07-03 16:10:54,683: [70] m.c.manticore:INFO: Total time: 0.3858785629272461
2023-07-03 16:10:55,455: [129] m.main:INFO: Registered plugins: IntrospectionAPIPlugin, <class 'manticore.ethereum.plugins.SkipRevertBasicBlocks'>, <class 'manticore.ethereum.plugins.FilterFunctions'>
2023-07-03 16:10:55,455: [129] m.main:INFO: Beginning analysis
2023-07-03 16:10:55,459: [129] m.e.manticore:INFO: Starting symbolic create contract
2023-07-03 16:11:00,548: [129] m.e.manticore:INFO: Starting symbolic transaction: 0
2023-07-03 16:12:12,641: [129] m.e.manticore:INFO: Found a concrete globalsha3 b'\x00\x00\x00\x00\x00\x00\x00\x00\x00\x00\x00\x00\x00\x00\x00\x00\x00\x00\x00\x00\x00\x00\x00\x00\x00\x00\x00\x00\x00\x02\x00\x00\x00\x00\x00\x00\x00\x00\x00\x00\x00\x00\x00\x00\x00\x00\x00\x00\x00\x00\x00\x00\x00\x00\x00\x00\x00\x00\x00\x00\x00\x00\x00\x01' -> 27376155845717860833342594873357525089589924219251518322086369159840883582034
2023-07-03 16:13:13,066: [129] m.e.manticore:INFO: Found a concrete globalsha3 b'\x00\x00\x00\x00\x00\x00\x00\x00\x00\x00\x00\x00\x00\x00\x00\x00\x00\x00\x00\x00\x00\x00\x00\x00\x00\x00\x00\x00\x00\x02\x00\x00\x00\x00\x00\x00\x00\x00\x00\x00\x00\x00\x00\x00\x00\x00\x00\x00\x00\x00\x00\x00\x00\x00\x00\x00\x00\x00\x00\x00\x00\x00\x00\x00' -> 73138091548938366139099779971772605061518111956507126412222883840269740007539
2023-07-03 16:13:20,106: [129] m.e.manticore:INFO: Found a concrete globalsha3 b'G\xe7\x954\xa2E\x95.\x8b\x16\x89:3k\x85\xa3\xd9\xea\x9f\xa8\xc5s\xf3\xd8\x03\xaf\xb9*yF\x92\x18\x00\x00\x00\x00\x00\x00\x00\x00\x00\x00\x00\x00\x00\x00\x00\x00\x00\x00\x00\x00\x00\x00\x00\x00\x00\x00\x00\x00\x00\x00\x00\x01\x00\x00\x00\x00\x00\x00\x00\x00\x00\x00\x00\x00\xcb7\xf40M\xe8\xd1\xca-\xf2GLn:\x00\xab>r\x04b' -> 102680494871436097697492698581013157927265582109000728777830494371384660095726
