2023-07-03 16:39:17,548: [11] m.main:INFO: Registered plugins: IntrospectionAPIPlugin, <class 'manticore.ethereum.plugins.SkipRevertBasicBlocks'>, <class 'manticore.ethereum.plugins.FilterFunctions'>
2023-07-03 16:39:17,549: [11] m.main:INFO: Beginning analysis
2023-07-03 16:39:17,554: [11] m.e.manticore:INFO: Starting symbolic create contract
2023-07-03 16:39:17,601: [11] m.e.manticore:INFO: Failed to build contract /sb/RocketTokenRETH_1.sol:668:5: Errors : Invalid solc compilation Error: No visibility specified. Did you intend to add "public"?
   --> sb/RocketTokenRETH_1.sol:668:5:
    |
668 |     constructor(address _rocketStorageAddress) {
    |     ^ (Relevant source part starts here and spans across multiple lines).

Error: No visibility specified. Did you intend to add "public"?
   --> sb/RocketTokenRETH_1.sol:808:5:
    |
808 |     constructor(address _rocketStorageAddress) RocketBase(_rocketStorageAddress) ERC20("Rocket Pool ETH", "rETH") {
    |     ^ (Relevant source part starts here and spans across multiple lines).


. Solidity failed to generate bytecode for your contract. Check if all the abstract functions are implemented. 
Process Process-1:
Traceback (most recent call last):
  File "/usr/lib/python3.7/multiprocessing/process.py", line 297, in _bootstrap
    self.run()
  File "/usr/lib/python3.7/multiprocessing/process.py", line 99, in run
    self._target(*self._args, **self._kwargs)
  File "/usr/local/lib/python3.7/dist-packages/manticore/ethereum/manticore.py", line 1766, in worker_finalize
    finalizer(q.get_nowait())
  File "/usr/local/lib/python3.7/dist-packages/manticore/ethereum/manticore.py", line 1757, in finalizer
    if only_alive_states and last_tx.result in {"REVERT", "THROW", "TXERROR"}:
AttributeError: 'NoneType' object has no attribute 'result'
2023-07-03 16:39:17,683: [11] m.c.manticore:INFO: Results in /mcore_ksmqxwjl
2023-07-03 16:39:17,683: [11] m.c.manticore:WARNING: Manticore failed to run
2023-07-03 16:39:18,387: [36] m.main:INFO: Registered plugins: IntrospectionAPIPlugin, <class 'manticore.ethereum.plugins.SkipRevertBasicBlocks'>, <class 'manticore.ethereum.plugins.FilterFunctions'>
2023-07-03 16:39:18,388: [36] m.main:INFO: Beginning analysis
2023-07-03 16:39:18,390: [36] m.e.manticore:INFO: Starting symbolic create contract
2023-07-03 16:39:18,436: [36] m.e.manticore:INFO: Failed to build contract SyntaxError: Errors : Invalid solc compilation Error: No visibility specified. Did you intend to add "public"?
   --> sb/RocketTokenRETH_1.sol:668:5:
    |
668 |     constructor(address _rocketStorageAddress) {
    |     ^ (Relevant source part starts here and spans across multiple lines).

Error: No visibility specified. Did you intend to add "public"?
   --> sb/RocketTokenRETH_1.sol:808:5:
    |
808 |     constructor(address _rocketStorageAddress) RocketBase(_rocketStorageAddress) ERC20("Rocket Pool ETH", "rETH") {
    |     ^ (Relevant source part starts here and spans across multiple lines).


. Solidity failed to generate bytecode for your contract. Check if all the abstract functions are implemented. 
Process Process-1:
Traceback (most recent call last):
  File "/usr/lib/python3.7/multiprocessing/process.py", line 297, in _bootstrap
    self.run()
  File "/usr/lib/python3.7/multiprocessing/process.py", line 99, in run
    self._target(*self._args, **self._kwargs)
  File "/usr/local/lib/python3.7/dist-packages/manticore/ethereum/manticore.py", line 1766, in worker_finalize
    finalizer(q.get_nowait())
  File "/usr/local/lib/python3.7/dist-packages/manticore/ethereum/manticore.py", line 1757, in finalizer
    if only_alive_states and last_tx.result in {"REVERT", "THROW", "TXERROR"}:
AttributeError: 'NoneType' object has no attribute 'result'
2023-07-03 16:39:18,520: [36] m.c.manticore:INFO: Results in /mcore_36j1t56n
2023-07-03 16:39:18,521: [36] m.c.manticore:WARNING: Manticore failed to run
2023-07-03 16:39:19,263: [61] m.main:INFO: Registered plugins: IntrospectionAPIPlugin, <class 'manticore.ethereum.plugins.SkipRevertBasicBlocks'>, <class 'manticore.ethereum.plugins.FilterFunctions'>
2023-07-03 16:39:19,263: [61] m.main:INFO: Beginning analysis
2023-07-03 16:39:19,265: [61] m.e.manticore:INFO: Starting symbolic create contract
2023-07-03 16:39:19,309: [61] m.e.manticore:INFO: Failed to build contract No Errors : Invalid solc compilation Error: No visibility specified. Did you intend to add "public"?
   --> sb/RocketTokenRETH_1.sol:668:5:
    |
668 |     constructor(address _rocketStorageAddress) {
    |     ^ (Relevant source part starts here and spans across multiple lines).

Error: No visibility specified. Did you intend to add "public"?
   --> sb/RocketTokenRETH_1.sol:808:5:
    |
808 |     constructor(address _rocketStorageAddress) RocketBase(_rocketStorageAddress) ERC20("Rocket Pool ETH", "rETH") {
    |     ^ (Relevant source part starts here and spans across multiple lines).


. Solidity failed to generate bytecode for your contract. Check if all the abstract functions are implemented. 
Process Process-1:
Traceback (most recent call last):
  File "/usr/lib/python3.7/multiprocessing/process.py", line 297, in _bootstrap
    self.run()
  File "/usr/lib/python3.7/multiprocessing/process.py", line 99, in run
    self._target(*self._args, **self._kwargs)
  File "/usr/local/lib/python3.7/dist-packages/manticore/ethereum/manticore.py", line 1766, in worker_finalize
    finalizer(q.get_nowait())
  File "/usr/local/lib/python3.7/dist-packages/manticore/ethereum/manticore.py", line 1757, in finalizer
    if only_alive_states and last_tx.result in {"REVERT", "THROW", "TXERROR"}:
AttributeError: 'NoneType' object has no attribute 'result'
2023-07-03 16:39:19,386: [61] m.c.manticore:INFO: Results in /mcore_pc4jktu3
2023-07-03 16:39:19,386: [61] m.c.manticore:WARNING: Manticore failed to run
2023-07-03 16:39:20,147: [86] m.main:INFO: Registered plugins: IntrospectionAPIPlugin, <class 'manticore.ethereum.plugins.SkipRevertBasicBlocks'>, <class 'manticore.ethereum.plugins.FilterFunctions'>
2023-07-03 16:39:20,148: [86] m.main:INFO: Beginning analysis
2023-07-03 16:39:20,150: [86] m.e.manticore:INFO: Starting symbolic create contract
2023-07-03 16:39:20,191: [86] m.e.manticore:INFO: Failed to build contract visibility Errors : Invalid solc compilation Error: No visibility specified. Did you intend to add "public"?
   --> sb/RocketTokenRETH_1.sol:668:5:
    |
668 |     constructor(address _rocketStorageAddress) {
    |     ^ (Relevant source part starts here and spans across multiple lines).

Error: No visibility specified. Did you intend to add "public"?
   --> sb/RocketTokenRETH_1.sol:808:5:
    |
808 |     constructor(address _rocketStorageAddress) RocketBase(_rocketStorageAddress) ERC20("Rocket Pool ETH", "rETH") {
    |     ^ (Relevant source part starts here and spans across multiple lines).


. Solidity failed to generate bytecode for your contract. Check if all the abstract functions are implemented. 
Process Process-1:
Traceback (most recent call last):
  File "/usr/lib/python3.7/multiprocessing/process.py", line 297, in _bootstrap
    self.run()
  File "/usr/lib/python3.7/multiprocessing/process.py", line 99, in run
    self._target(*self._args, **self._kwargs)
  File "/usr/local/lib/python3.7/dist-packages/manticore/ethereum/manticore.py", line 1766, in worker_finalize
    finalizer(q.get_nowait())
  File "/usr/local/lib/python3.7/dist-packages/manticore/ethereum/manticore.py", line 1757, in finalizer
    if only_alive_states and last_tx.result in {"REVERT", "THROW", "TXERROR"}:
AttributeError: 'NoneType' object has no attribute 'result'
2023-07-03 16:39:20,273: [86] m.c.manticore:INFO: Results in /mcore_gvzkcdyw
2023-07-03 16:39:20,273: [86] m.c.manticore:WARNING: Manticore failed to run
2023-07-03 16:39:20,963: [111] m.main:INFO: Registered plugins: IntrospectionAPIPlugin, <class 'manticore.ethereum.plugins.SkipRevertBasicBlocks'>, <class 'manticore.ethereum.plugins.FilterFunctions'>
2023-07-03 16:39:20,964: [111] m.main:INFO: Beginning analysis
2023-07-03 16:39:20,966: [111] m.e.manticore:INFO: Starting symbolic create contract
2023-07-03 16:39:20,994: [111] m.e.manticore:INFO: Failed to build contract specified. Errors : Invalid solc compilation Error: No visibility specified. Did you intend to add "public"?
   --> sb/RocketTokenRETH_1.sol:668:5:
    |
668 |     constructor(address _rocketStorageAddress) {
    |     ^ (Relevant source part starts here and spans across multiple lines).

Error: No visibility specified. Did you intend to add "public"?
   --> sb/RocketTokenRETH_1.sol:808:5:
    |
808 |     constructor(address _rocketStorageAddress) RocketBase(_rocketStorageAddress) ERC20("Rocket Pool ETH", "rETH") {
    |     ^ (Relevant source part starts here and spans across multiple lines).


. Solidity failed to generate bytecode for your contract. Check if all the abstract functions are implemented. 
Process Process-1:
Traceback (most recent call last):
  File "/usr/lib/python3.7/multiprocessing/process.py", line 297, in _bootstrap
    self.run()
  File "/usr/lib/python3.7/multiprocessing/process.py", line 99, in run
    self._target(*self._args, **self._kwargs)
  File "/usr/local/lib/python3.7/dist-packages/manticore/ethereum/manticore.py", line 1766, in worker_finalize
    finalizer(q.get_nowait())
  File "/usr/local/lib/python3.7/dist-packages/manticore/ethereum/manticore.py", line 1757, in finalizer
    if only_alive_states and last_tx.result in {"REVERT", "THROW", "TXERROR"}:
AttributeError: 'NoneType' object has no attribute 'result'
2023-07-03 16:39:21,075: [111] m.c.manticore:INFO: Results in /mcore_ttv5p3tf
2023-07-03 16:39:21,075: [111] m.c.manticore:WARNING: Manticore failed to run
2023-07-03 16:39:21,788: [136] m.main:INFO: Registered plugins: IntrospectionAPIPlugin, <class 'manticore.ethereum.plugins.SkipRevertBasicBlocks'>, <class 'manticore.ethereum.plugins.FilterFunctions'>
2023-07-03 16:39:21,789: [136] m.main:INFO: Beginning analysis
2023-07-03 16:39:21,791: [136] m.e.manticore:INFO: Starting symbolic create contract
2023-07-03 16:39:21,835: [136] m.e.manticore:INFO: Failed to build contract Did Errors : Invalid solc compilation Error: No visibility specified. Did you intend to add "public"?
   --> sb/RocketTokenRETH_1.sol:668:5:
    |
668 |     constructor(address _rocketStorageAddress) {
    |     ^ (Relevant source part starts here and spans across multiple lines).

Error: No visibility specified. Did you intend to add "public"?
   --> sb/RocketTokenRETH_1.sol:808:5:
    |
808 |     constructor(address _rocketStorageAddress) RocketBase(_rocketStorageAddress) ERC20("Rocket Pool ETH", "rETH") {
    |     ^ (Relevant source part starts here and spans across multiple lines).


. Solidity failed to generate bytecode for your contract. Check if all the abstract functions are implemented. 
Process Process-1:
Traceback (most recent call last):
  File "/usr/lib/python3.7/multiprocessing/process.py", line 297, in _bootstrap
    self.run()
  File "/usr/lib/python3.7/multiprocessing/process.py", line 99, in run
    self._target(*self._args, **self._kwargs)
  File "/usr/local/lib/python3.7/dist-packages/manticore/ethereum/manticore.py", line 1766, in worker_finalize
    finalizer(q.get_nowait())
  File "/usr/local/lib/python3.7/dist-packages/manticore/ethereum/manticore.py", line 1757, in finalizer
    if only_alive_states and last_tx.result in {"REVERT", "THROW", "TXERROR"}:
AttributeError: 'NoneType' object has no attribute 'result'
2023-07-03 16:39:21,929: [136] m.c.manticore:INFO: Results in /mcore_qs3rahzr
2023-07-03 16:39:21,929: [136] m.c.manticore:WARNING: Manticore failed to run
2023-07-03 16:39:22,565: [161] m.main:INFO: Registered plugins: IntrospectionAPIPlugin, <class 'manticore.ethereum.plugins.SkipRevertBasicBlocks'>, <class 'manticore.ethereum.plugins.FilterFunctions'>
2023-07-03 16:39:22,566: [161] m.main:INFO: Beginning analysis
2023-07-03 16:39:22,570: [161] m.e.manticore:INFO: Starting symbolic create contract
2023-07-03 16:39:22,600: [161] m.e.manticore:INFO: Failed to build contract you Errors : Invalid solc compilation Error: No visibility specified. Did you intend to add "public"?
   --> sb/RocketTokenRETH_1.sol:668:5:
    |
668 |     constructor(address _rocketStorageAddress) {
    |     ^ (Relevant source part starts here and spans across multiple lines).

Error: No visibility specified. Did you intend to add "public"?
   --> sb/RocketTokenRETH_1.sol:808:5:
    |
808 |     constructor(address _rocketStorageAddress) RocketBase(_rocketStorageAddress) ERC20("Rocket Pool ETH", "rETH") {
    |     ^ (Relevant source part starts here and spans across multiple lines).


. Solidity failed to generate bytecode for your contract. Check if all the abstract functions are implemented. 
Process Process-1:
Traceback (most recent call last):
  File "/usr/lib/python3.7/multiprocessing/process.py", line 297, in _bootstrap
    self.run()
  File "/usr/lib/python3.7/multiprocessing/process.py", line 99, in run
    self._target(*self._args, **self._kwargs)
  File "/usr/local/lib/python3.7/dist-packages/manticore/ethereum/manticore.py", line 1766, in worker_finalize
    finalizer(q.get_nowait())
  File "/usr/local/lib/python3.7/dist-packages/manticore/ethereum/manticore.py", line 1757, in finalizer
    if only_alive_states and last_tx.result in {"REVERT", "THROW", "TXERROR"}:
AttributeError: 'NoneType' object has no attribute 'result'
2023-07-03 16:39:22,674: [161] m.c.manticore:INFO: Results in /mcore_m0wzkb1b
2023-07-03 16:39:22,675: [161] m.c.manticore:WARNING: Manticore failed to run
2023-07-03 16:39:23,520: [186] m.main:INFO: Registered plugins: IntrospectionAPIPlugin, <class 'manticore.ethereum.plugins.SkipRevertBasicBlocks'>, <class 'manticore.ethereum.plugins.FilterFunctions'>
2023-07-03 16:39:23,520: [186] m.main:INFO: Beginning analysis
2023-07-03 16:39:23,523: [186] m.e.manticore:INFO: Starting symbolic create contract
2023-07-03 16:39:23,573: [186] m.e.manticore:INFO: Failed to build contract intend Errors : Invalid solc compilation Error: No visibility specified. Did you intend to add "public"?
   --> sb/RocketTokenRETH_1.sol:668:5:
    |
668 |     constructor(address _rocketStorageAddress) {
    |     ^ (Relevant source part starts here and spans across multiple lines).

Error: No visibility specified. Did you intend to add "public"?
   --> sb/RocketTokenRETH_1.sol:808:5:
    |
808 |     constructor(address _rocketStorageAddress) RocketBase(_rocketStorageAddress) ERC20("Rocket Pool ETH", "rETH") {
    |     ^ (Relevant source part starts here and spans across multiple lines).


. Solidity failed to generate bytecode for your contract. Check if all the abstract functions are implemented. 
Process Process-1:
Traceback (most recent call last):
  File "/usr/lib/python3.7/multiprocessing/process.py", line 297, in _bootstrap
    self.run()
  File "/usr/lib/python3.7/multiprocessing/process.py", line 99, in run
    self._target(*self._args, **self._kwargs)
  File "/usr/local/lib/python3.7/dist-packages/manticore/ethereum/manticore.py", line 1766, in worker_finalize
    finalizer(q.get_nowait())
  File "/usr/local/lib/python3.7/dist-packages/manticore/ethereum/manticore.py", line 1757, in finalizer
    if only_alive_states and last_tx.result in {"REVERT", "THROW", "TXERROR"}:
AttributeError: 'NoneType' object has no attribute 'result'
2023-07-03 16:39:23,650: [186] m.c.manticore:INFO: Results in /mcore_evgcd_eo
2023-07-03 16:39:23,650: [186] m.c.manticore:WARNING: Manticore failed to run
2023-07-03 16:39:24,387: [211] m.main:INFO: Registered plugins: IntrospectionAPIPlugin, <class 'manticore.ethereum.plugins.SkipRevertBasicBlocks'>, <class 'manticore.ethereum.plugins.FilterFunctions'>
2023-07-03 16:39:24,387: [211] m.main:INFO: Beginning analysis
2023-07-03 16:39:24,390: [211] m.e.manticore:INFO: Starting symbolic create contract
2023-07-03 16:39:24,438: [211] m.e.manticore:INFO: Failed to build contract to Errors : Invalid solc compilation Error: No visibility specified. Did you intend to add "public"?
   --> sb/RocketTokenRETH_1.sol:668:5:
    |
668 |     constructor(address _rocketStorageAddress) {
    |     ^ (Relevant source part starts here and spans across multiple lines).

Error: No visibility specified. Did you intend to add "public"?
   --> sb/RocketTokenRETH_1.sol:808:5:
    |
808 |     constructor(address _rocketStorageAddress) RocketBase(_rocketStorageAddress) ERC20("Rocket Pool ETH", "rETH") {
    |     ^ (Relevant source part starts here and spans across multiple lines).


. Solidity failed to generate bytecode for your contract. Check if all the abstract functions are implemented. 
Process Process-2:
Traceback (most recent call last):
  File "/usr/lib/python3.7/multiprocessing/process.py", line 297, in _bootstrap
    self.run()
  File "/usr/lib/python3.7/multiprocessing/process.py", line 99, in run
    self._target(*self._args, **self._kwargs)
  File "/usr/local/lib/python3.7/dist-packages/manticore/ethereum/manticore.py", line 1766, in worker_finalize
    finalizer(q.get_nowait())
  File "/usr/local/lib/python3.7/dist-packages/manticore/ethereum/manticore.py", line 1757, in finalizer
    if only_alive_states and last_tx.result in {"REVERT", "THROW", "TXERROR"}:
AttributeError: 'NoneType' object has no attribute 'result'
2023-07-03 16:39:24,517: [211] m.c.manticore:INFO: Results in /mcore_erg_od6j
2023-07-03 16:39:24,518: [211] m.c.manticore:WARNING: Manticore failed to run
2023-07-03 16:39:25,300: [236] m.main:INFO: Registered plugins: IntrospectionAPIPlugin, <class 'manticore.ethereum.plugins.SkipRevertBasicBlocks'>, <class 'manticore.ethereum.plugins.FilterFunctions'>
2023-07-03 16:39:25,301: [236] m.main:INFO: Beginning analysis
2023-07-03 16:39:25,304: [236] m.e.manticore:INFO: Starting symbolic create contract
2023-07-03 16:39:25,354: [236] m.e.manticore:INFO: Failed to build contract add Errors : Invalid solc compilation Error: No visibility specified. Did you intend to add "public"?
   --> sb/RocketTokenRETH_1.sol:668:5:
    |
668 |     constructor(address _rocketStorageAddress) {
    |     ^ (Relevant source part starts here and spans across multiple lines).

Error: No visibility specified. Did you intend to add "public"?
   --> sb/RocketTokenRETH_1.sol:808:5:
    |
808 |     constructor(address _rocketStorageAddress) RocketBase(_rocketStorageAddress) ERC20("Rocket Pool ETH", "rETH") {
    |     ^ (Relevant source part starts here and spans across multiple lines).


. Solidity failed to generate bytecode for your contract. Check if all the abstract functions are implemented. 
Process Process-1:
Traceback (most recent call last):
  File "/usr/lib/python3.7/multiprocessing/process.py", line 297, in _bootstrap
    self.run()
  File "/usr/lib/python3.7/multiprocessing/process.py", line 99, in run
    self._target(*self._args, **self._kwargs)
  File "/usr/local/lib/python3.7/dist-packages/manticore/ethereum/manticore.py", line 1766, in worker_finalize
    finalizer(q.get_nowait())
  File "/usr/local/lib/python3.7/dist-packages/manticore/ethereum/manticore.py", line 1757, in finalizer
    if only_alive_states and last_tx.result in {"REVERT", "THROW", "TXERROR"}:
AttributeError: 'NoneType' object has no attribute 'result'
2023-07-03 16:39:25,419: [236] m.c.manticore:INFO: Results in /mcore_sbwefmb0
2023-07-03 16:39:25,419: [236] m.c.manticore:WARNING: Manticore failed to run
2023-07-03 16:39:26,179: [261] m.main:INFO: Registered plugins: IntrospectionAPIPlugin, <class 'manticore.ethereum.plugins.SkipRevertBasicBlocks'>, <class 'manticore.ethereum.plugins.FilterFunctions'>
2023-07-03 16:39:26,179: [261] m.main:INFO: Beginning analysis
2023-07-03 16:39:26,182: [261] m.e.manticore:INFO: Starting symbolic create contract
2023-07-03 16:39:26,230: [261] m.e.manticore:INFO: Failed to build contract "public"? Errors : Invalid solc compilation Error: No visibility specified. Did you intend to add "public"?
   --> sb/RocketTokenRETH_1.sol:668:5:
    |
668 |     constructor(address _rocketStorageAddress) {
    |     ^ (Relevant source part starts here and spans across multiple lines).

Error: No visibility specified. Did you intend to add "public"?
   --> sb/RocketTokenRETH_1.sol:808:5:
    |
808 |     constructor(address _rocketStorageAddress) RocketBase(_rocketStorageAddress) ERC20("Rocket Pool ETH", "rETH") {
    |     ^ (Relevant source part starts here and spans across multiple lines).


. Solidity failed to generate bytecode for your contract. Check if all the abstract functions are implemented. 
Process Process-1:
Traceback (most recent call last):
  File "/usr/lib/python3.7/multiprocessing/process.py", line 297, in _bootstrap
    self.run()
  File "/usr/lib/python3.7/multiprocessing/process.py", line 99, in run
    self._target(*self._args, **self._kwargs)
  File "/usr/local/lib/python3.7/dist-packages/manticore/ethereum/manticore.py", line 1766, in worker_finalize
    finalizer(q.get_nowait())
  File "/usr/local/lib/python3.7/dist-packages/manticore/ethereum/manticore.py", line 1757, in finalizer
    if only_alive_states and last_tx.result in {"REVERT", "THROW", "TXERROR"}:
AttributeError: 'NoneType' object has no attribute 'result'
2023-07-03 16:39:26,319: [261] m.c.manticore:INFO: Results in /mcore_b3rm4rot
2023-07-03 16:39:26,320: [261] m.c.manticore:WARNING: Manticore failed to run
2023-07-03 16:39:27,082: [286] m.main:INFO: Registered plugins: IntrospectionAPIPlugin, <class 'manticore.ethereum.plugins.SkipRevertBasicBlocks'>, <class 'manticore.ethereum.plugins.FilterFunctions'>
2023-07-03 16:39:27,082: [286] m.main:INFO: Beginning analysis
2023-07-03 16:39:27,084: [286] m.e.manticore:INFO: Starting symbolic create contract
2023-07-03 16:39:27,107: [286] m.e.manticore:INFO: Failed to build contract constructor(address Errors : Invalid solc compilation Error: No visibility specified. Did you intend to add "public"?
   --> sb/RocketTokenRETH_1.sol:668:5:
    |
668 |     constructor(address _rocketStorageAddress) {
    |     ^ (Relevant source part starts here and spans across multiple lines).

Error: No visibility specified. Did you intend to add "public"?
   --> sb/RocketTokenRETH_1.sol:808:5:
    |
808 |     constructor(address _rocketStorageAddress) RocketBase(_rocketStorageAddress) ERC20("Rocket Pool ETH", "rETH") {
    |     ^ (Relevant source part starts here and spans across multiple lines).


. Solidity failed to generate bytecode for your contract. Check if all the abstract functions are implemented. 
Process Process-1:
Traceback (most recent call last):
  File "/usr/lib/python3.7/multiprocessing/process.py", line 297, in _bootstrap
    self.run()
  File "/usr/lib/python3.7/multiprocessing/process.py", line 99, in run
    self._target(*self._args, **self._kwargs)
  File "/usr/local/lib/python3.7/dist-packages/manticore/ethereum/manticore.py", line 1766, in worker_finalize
    finalizer(q.get_nowait())
  File "/usr/local/lib/python3.7/dist-packages/manticore/ethereum/manticore.py", line 1757, in finalizer
    if only_alive_states and last_tx.result in {"REVERT", "THROW", "TXERROR"}:
AttributeError: 'NoneType' object has no attribute 'result'
2023-07-03 16:39:27,184: [286] m.c.manticore:INFO: Results in /mcore_4k0dbnmi
2023-07-03 16:39:27,184: [286] m.c.manticore:WARNING: Manticore failed to run
2023-07-03 16:39:27,886: [311] m.main:INFO: Registered plugins: IntrospectionAPIPlugin, <class 'manticore.ethereum.plugins.SkipRevertBasicBlocks'>, <class 'manticore.ethereum.plugins.FilterFunctions'>
2023-07-03 16:39:27,886: [311] m.main:INFO: Beginning analysis
2023-07-03 16:39:27,888: [311] m.e.manticore:INFO: Starting symbolic create contract
2023-07-03 16:39:27,929: [311] m.e.manticore:INFO: Failed to build contract _rocketStorageAddress) Errors : Invalid solc compilation Error: No visibility specified. Did you intend to add "public"?
   --> sb/RocketTokenRETH_1.sol:668:5:
    |
668 |     constructor(address _rocketStorageAddress) {
    |     ^ (Relevant source part starts here and spans across multiple lines).

Error: No visibility specified. Did you intend to add "public"?
   --> sb/RocketTokenRETH_1.sol:808:5:
    |
808 |     constructor(address _rocketStorageAddress) RocketBase(_rocketStorageAddress) ERC20("Rocket Pool ETH", "rETH") {
    |     ^ (Relevant source part starts here and spans across multiple lines).


. Solidity failed to generate bytecode for your contract. Check if all the abstract functions are implemented. 
Process Process-2:
Traceback (most recent call last):
  File "/usr/lib/python3.7/multiprocessing/process.py", line 297, in _bootstrap
    self.run()
  File "/usr/lib/python3.7/multiprocessing/process.py", line 99, in run
    self._target(*self._args, **self._kwargs)
  File "/usr/local/lib/python3.7/dist-packages/manticore/ethereum/manticore.py", line 1766, in worker_finalize
    finalizer(q.get_nowait())
  File "/usr/local/lib/python3.7/dist-packages/manticore/ethereum/manticore.py", line 1757, in finalizer
    if only_alive_states and last_tx.result in {"REVERT", "THROW", "TXERROR"}:
AttributeError: 'NoneType' object has no attribute 'result'
2023-07-03 16:39:28,007: [311] m.c.manticore:INFO: Results in /mcore_pxuu8d1b
2023-07-03 16:39:28,007: [311] m.c.manticore:WARNING: Manticore failed to run
2023-07-03 16:39:28,666: [336] m.main:INFO: Registered plugins: IntrospectionAPIPlugin, <class 'manticore.ethereum.plugins.SkipRevertBasicBlocks'>, <class 'manticore.ethereum.plugins.FilterFunctions'>
2023-07-03 16:39:28,667: [336] m.main:INFO: Beginning analysis
2023-07-03 16:39:28,669: [336] m.e.manticore:INFO: Starting symbolic create contract
2023-07-03 16:39:28,697: [336] m.e.manticore:INFO: Failed to build contract { Errors : Invalid solc compilation Error: No visibility specified. Did you intend to add "public"?
   --> sb/RocketTokenRETH_1.sol:668:5:
    |
668 |     constructor(address _rocketStorageAddress) {
    |     ^ (Relevant source part starts here and spans across multiple lines).

Error: No visibility specified. Did you intend to add "public"?
   --> sb/RocketTokenRETH_1.sol:808:5:
    |
808 |     constructor(address _rocketStorageAddress) RocketBase(_rocketStorageAddress) ERC20("Rocket Pool ETH", "rETH") {
    |     ^ (Relevant source part starts here and spans across multiple lines).


. Solidity failed to generate bytecode for your contract. Check if all the abstract functions are implemented. 
Process Process-1:
Traceback (most recent call last):
  File "/usr/lib/python3.7/multiprocessing/process.py", line 297, in _bootstrap
    self.run()
  File "/usr/lib/python3.7/multiprocessing/process.py", line 99, in run
    self._target(*self._args, **self._kwargs)
  File "/usr/local/lib/python3.7/dist-packages/manticore/ethereum/manticore.py", line 1766, in worker_finalize
    finalizer(q.get_nowait())
  File "/usr/local/lib/python3.7/dist-packages/manticore/ethereum/manticore.py", line 1757, in finalizer
    if only_alive_states and last_tx.result in {"REVERT", "THROW", "TXERROR"}:
AttributeError: 'NoneType' object has no attribute 'result'
2023-07-03 16:39:28,777: [336] m.c.manticore:INFO: Results in /mcore_w344mrgx
2023-07-03 16:39:28,778: [336] m.c.manticore:WARNING: Manticore failed to run
2023-07-03 16:39:29,368: [361] m.main:INFO: Registered plugins: IntrospectionAPIPlugin, <class 'manticore.ethereum.plugins.SkipRevertBasicBlocks'>, <class 'manticore.ethereum.plugins.FilterFunctions'>
2023-07-03 16:39:29,368: [361] m.main:INFO: Beginning analysis
2023-07-03 16:39:29,371: [361] m.e.manticore:INFO: Starting symbolic create contract
2023-07-03 16:39:29,418: [361] m.e.manticore:INFO: Failed to build contract ^ Errors : Invalid solc compilation Error: No visibility specified. Did you intend to add "public"?
   --> sb/RocketTokenRETH_1.sol:668:5:
    |
668 |     constructor(address _rocketStorageAddress) {
    |     ^ (Relevant source part starts here and spans across multiple lines).

Error: No visibility specified. Did you intend to add "public"?
   --> sb/RocketTokenRETH_1.sol:808:5:
    |
808 |     constructor(address _rocketStorageAddress) RocketBase(_rocketStorageAddress) ERC20("Rocket Pool ETH", "rETH") {
    |     ^ (Relevant source part starts here and spans across multiple lines).


. Solidity failed to generate bytecode for your contract. Check if all the abstract functions are implemented. 
Process Process-1:
Traceback (most recent call last):
  File "/usr/lib/python3.7/multiprocessing/process.py", line 297, in _bootstrap
    self.run()
  File "/usr/lib/python3.7/multiprocessing/process.py", line 99, in run
    self._target(*self._args, **self._kwargs)
  File "/usr/local/lib/python3.7/dist-packages/manticore/ethereum/manticore.py", line 1766, in worker_finalize
    finalizer(q.get_nowait())
  File "/usr/local/lib/python3.7/dist-packages/manticore/ethereum/manticore.py", line 1757, in finalizer
    if only_alive_states and last_tx.result in {"REVERT", "THROW", "TXERROR"}:
AttributeError: 'NoneType' object has no attribute 'result'
2023-07-03 16:39:29,507: [361] m.c.manticore:INFO: Results in /mcore_jughjn2l
2023-07-03 16:39:29,507: [361] m.c.manticore:WARNING: Manticore failed to run
2023-07-03 16:39:30,168: [386] m.main:INFO: Registered plugins: IntrospectionAPIPlugin, <class 'manticore.ethereum.plugins.SkipRevertBasicBlocks'>, <class 'manticore.ethereum.plugins.FilterFunctions'>
2023-07-03 16:39:30,169: [386] m.main:INFO: Beginning analysis
2023-07-03 16:39:30,172: [386] m.e.manticore:INFO: Starting symbolic create contract
2023-07-03 16:39:30,209: [386] m.e.manticore:INFO: Failed to build contract (Relevant Errors : Invalid solc compilation Error: No visibility specified. Did you intend to add "public"?
   --> sb/RocketTokenRETH_1.sol:668:5:
    |
668 |     constructor(address _rocketStorageAddress) {
    |     ^ (Relevant source part starts here and spans across multiple lines).

Error: No visibility specified. Did you intend to add "public"?
   --> sb/RocketTokenRETH_1.sol:808:5:
    |
808 |     constructor(address _rocketStorageAddress) RocketBase(_rocketStorageAddress) ERC20("Rocket Pool ETH", "rETH") {
    |     ^ (Relevant source part starts here and spans across multiple lines).


. Solidity failed to generate bytecode for your contract. Check if all the abstract functions are implemented. 
Process Process-1:
Traceback (most recent call last):
  File "/usr/lib/python3.7/multiprocessing/process.py", line 297, in _bootstrap
    self.run()
  File "/usr/lib/python3.7/multiprocessing/process.py", line 99, in run
    self._target(*self._args, **self._kwargs)
  File "/usr/local/lib/python3.7/dist-packages/manticore/ethereum/manticore.py", line 1766, in worker_finalize
    finalizer(q.get_nowait())
  File "/usr/local/lib/python3.7/dist-packages/manticore/ethereum/manticore.py", line 1757, in finalizer
    if only_alive_states and last_tx.result in {"REVERT", "THROW", "TXERROR"}:
AttributeError: 'NoneType' object has no attribute 'result'
2023-07-03 16:39:30,289: [386] m.c.manticore:INFO: Results in /mcore_upfv1xw_
2023-07-03 16:39:30,290: [386] m.c.manticore:WARNING: Manticore failed to run
2023-07-03 16:39:31,210: [411] m.main:INFO: Registered plugins: IntrospectionAPIPlugin, <class 'manticore.ethereum.plugins.SkipRevertBasicBlocks'>, <class 'manticore.ethereum.plugins.FilterFunctions'>
2023-07-03 16:39:31,211: [411] m.main:INFO: Beginning analysis
2023-07-03 16:39:31,214: [411] m.e.manticore:INFO: Starting symbolic create contract
2023-07-03 16:39:31,250: [411] m.e.manticore:INFO: Failed to build contract source Errors : Invalid solc compilation Error: No visibility specified. Did you intend to add "public"?
   --> sb/RocketTokenRETH_1.sol:668:5:
    |
668 |     constructor(address _rocketStorageAddress) {
    |     ^ (Relevant source part starts here and spans across multiple lines).

Error: No visibility specified. Did you intend to add "public"?
   --> sb/RocketTokenRETH_1.sol:808:5:
    |
808 |     constructor(address _rocketStorageAddress) RocketBase(_rocketStorageAddress) ERC20("Rocket Pool ETH", "rETH") {
    |     ^ (Relevant source part starts here and spans across multiple lines).


. Solidity failed to generate bytecode for your contract. Check if all the abstract functions are implemented. 
Process Process-1:
Traceback (most recent call last):
  File "/usr/lib/python3.7/multiprocessing/process.py", line 297, in _bootstrap
    self.run()
  File "/usr/lib/python3.7/multiprocessing/process.py", line 99, in run
    self._target(*self._args, **self._kwargs)
  File "/usr/local/lib/python3.7/dist-packages/manticore/ethereum/manticore.py", line 1766, in worker_finalize
    finalizer(q.get_nowait())
  File "/usr/local/lib/python3.7/dist-packages/manticore/ethereum/manticore.py", line 1757, in finalizer
    if only_alive_states and last_tx.result in {"REVERT", "THROW", "TXERROR"}:
AttributeError: 'NoneType' object has no attribute 'result'
2023-07-03 16:39:31,329: [411] m.c.manticore:INFO: Results in /mcore_ovc_ydvj
2023-07-03 16:39:31,329: [411] m.c.manticore:WARNING: Manticore failed to run
2023-07-03 16:39:32,153: [436] m.main:INFO: Registered plugins: IntrospectionAPIPlugin, <class 'manticore.ethereum.plugins.SkipRevertBasicBlocks'>, <class 'manticore.ethereum.plugins.FilterFunctions'>
2023-07-03 16:39:32,153: [436] m.main:INFO: Beginning analysis
2023-07-03 16:39:32,155: [436] m.e.manticore:INFO: Starting symbolic create contract
2023-07-03 16:39:32,202: [436] m.e.manticore:INFO: Failed to build contract part Errors : Invalid solc compilation Error: No visibility specified. Did you intend to add "public"?
   --> sb/RocketTokenRETH_1.sol:668:5:
    |
668 |     constructor(address _rocketStorageAddress) {
    |     ^ (Relevant source part starts here and spans across multiple lines).

Error: No visibility specified. Did you intend to add "public"?
   --> sb/RocketTokenRETH_1.sol:808:5:
    |
808 |     constructor(address _rocketStorageAddress) RocketBase(_rocketStorageAddress) ERC20("Rocket Pool ETH", "rETH") {
    |     ^ (Relevant source part starts here and spans across multiple lines).


. Solidity failed to generate bytecode for your contract. Check if all the abstract functions are implemented. 
Process Process-1:
Traceback (most recent call last):
  File "/usr/lib/python3.7/multiprocessing/process.py", line 297, in _bootstrap
    self.run()
  File "/usr/lib/python3.7/multiprocessing/process.py", line 99, in run
    self._target(*self._args, **self._kwargs)
  File "/usr/local/lib/python3.7/dist-packages/manticore/ethereum/manticore.py", line 1766, in worker_finalize
    finalizer(q.get_nowait())
  File "/usr/local/lib/python3.7/dist-packages/manticore/ethereum/manticore.py", line 1757, in finalizer
    if only_alive_states and last_tx.result in {"REVERT", "THROW", "TXERROR"}:
AttributeError: 'NoneType' object has no attribute 'result'
2023-07-03 16:39:32,279: [436] m.c.manticore:INFO: Results in /mcore_8r864d3c
2023-07-03 16:39:32,279: [436] m.c.manticore:WARNING: Manticore failed to run
2023-07-03 16:39:33,009: [461] m.main:INFO: Registered plugins: IntrospectionAPIPlugin, <class 'manticore.ethereum.plugins.SkipRevertBasicBlocks'>, <class 'manticore.ethereum.plugins.FilterFunctions'>
2023-07-03 16:39:33,010: [461] m.main:INFO: Beginning analysis
2023-07-03 16:39:33,012: [461] m.e.manticore:INFO: Starting symbolic create contract
2023-07-03 16:39:33,061: [461] m.e.manticore:INFO: Failed to build contract starts Errors : Invalid solc compilation Error: No visibility specified. Did you intend to add "public"?
   --> sb/RocketTokenRETH_1.sol:668:5:
    |
668 |     constructor(address _rocketStorageAddress) {
    |     ^ (Relevant source part starts here and spans across multiple lines).

Error: No visibility specified. Did you intend to add "public"?
   --> sb/RocketTokenRETH_1.sol:808:5:
    |
808 |     constructor(address _rocketStorageAddress) RocketBase(_rocketStorageAddress) ERC20("Rocket Pool ETH", "rETH") {
    |     ^ (Relevant source part starts here and spans across multiple lines).


. Solidity failed to generate bytecode for your contract. Check if all the abstract functions are implemented. 
Process Process-1:
Traceback (most recent call last):
  File "/usr/lib/python3.7/multiprocessing/process.py", line 297, in _bootstrap
    self.run()
  File "/usr/lib/python3.7/multiprocessing/process.py", line 99, in run
    self._target(*self._args, **self._kwargs)
  File "/usr/local/lib/python3.7/dist-packages/manticore/ethereum/manticore.py", line 1766, in worker_finalize
    finalizer(q.get_nowait())
  File "/usr/local/lib/python3.7/dist-packages/manticore/ethereum/manticore.py", line 1757, in finalizer
    if only_alive_states and last_tx.result in {"REVERT", "THROW", "TXERROR"}:
AttributeError: 'NoneType' object has no attribute 'result'
2023-07-03 16:39:33,136: [461] m.c.manticore:INFO: Results in /mcore_5q4rk05z
2023-07-03 16:39:33,137: [461] m.c.manticore:WARNING: Manticore failed to run
2023-07-03 16:39:33,861: [486] m.main:INFO: Registered plugins: IntrospectionAPIPlugin, <class 'manticore.ethereum.plugins.SkipRevertBasicBlocks'>, <class 'manticore.ethereum.plugins.FilterFunctions'>
2023-07-03 16:39:33,862: [486] m.main:INFO: Beginning analysis
2023-07-03 16:39:33,864: [486] m.e.manticore:INFO: Starting symbolic create contract
2023-07-03 16:39:33,906: [486] m.e.manticore:INFO: Failed to build contract here Errors : Invalid solc compilation Error: No visibility specified. Did you intend to add "public"?
   --> sb/RocketTokenRETH_1.sol:668:5:
    |
668 |     constructor(address _rocketStorageAddress) {
    |     ^ (Relevant source part starts here and spans across multiple lines).

Error: No visibility specified. Did you intend to add "public"?
   --> sb/RocketTokenRETH_1.sol:808:5:
    |
808 |     constructor(address _rocketStorageAddress) RocketBase(_rocketStorageAddress) ERC20("Rocket Pool ETH", "rETH") {
    |     ^ (Relevant source part starts here and spans across multiple lines).


. Solidity failed to generate bytecode for your contract. Check if all the abstract functions are implemented. 
Process Process-1:
Traceback (most recent call last):
  File "/usr/lib/python3.7/multiprocessing/process.py", line 297, in _bootstrap
    self.run()
  File "/usr/lib/python3.7/multiprocessing/process.py", line 99, in run
    self._target(*self._args, **self._kwargs)
  File "/usr/local/lib/python3.7/dist-packages/manticore/ethereum/manticore.py", line 1766, in worker_finalize
    finalizer(q.get_nowait())
  File "/usr/local/lib/python3.7/dist-packages/manticore/ethereum/manticore.py", line 1757, in finalizer
    if only_alive_states and last_tx.result in {"REVERT", "THROW", "TXERROR"}:
AttributeError: 'NoneType' object has no attribute 'result'
2023-07-03 16:39:33,996: [486] m.c.manticore:INFO: Results in /mcore_z14fnvff
2023-07-03 16:39:33,997: [486] m.c.manticore:WARNING: Manticore failed to run
2023-07-03 16:39:34,813: [511] m.main:INFO: Registered plugins: IntrospectionAPIPlugin, <class 'manticore.ethereum.plugins.SkipRevertBasicBlocks'>, <class 'manticore.ethereum.plugins.FilterFunctions'>
2023-07-03 16:39:34,813: [511] m.main:INFO: Beginning analysis
2023-07-03 16:39:34,816: [511] m.e.manticore:INFO: Starting symbolic create contract
2023-07-03 16:39:34,846: [511] m.e.manticore:INFO: Failed to build contract and Errors : Invalid solc compilation Error: No visibility specified. Did you intend to add "public"?
   --> sb/RocketTokenRETH_1.sol:668:5:
    |
668 |     constructor(address _rocketStorageAddress) {
    |     ^ (Relevant source part starts here and spans across multiple lines).

Error: No visibility specified. Did you intend to add "public"?
   --> sb/RocketTokenRETH_1.sol:808:5:
    |
808 |     constructor(address _rocketStorageAddress) RocketBase(_rocketStorageAddress) ERC20("Rocket Pool ETH", "rETH") {
    |     ^ (Relevant source part starts here and spans across multiple lines).


. Solidity failed to generate bytecode for your contract. Check if all the abstract functions are implemented. 
Process Process-1:
Traceback (most recent call last):
  File "/usr/lib/python3.7/multiprocessing/process.py", line 297, in _bootstrap
    self.run()
  File "/usr/lib/python3.7/multiprocessing/process.py", line 99, in run
    self._target(*self._args, **self._kwargs)
  File "/usr/local/lib/python3.7/dist-packages/manticore/ethereum/manticore.py", line 1766, in worker_finalize
    finalizer(q.get_nowait())
  File "/usr/local/lib/python3.7/dist-packages/manticore/ethereum/manticore.py", line 1757, in finalizer
    if only_alive_states and last_tx.result in {"REVERT", "THROW", "TXERROR"}:
AttributeError: 'NoneType' object has no attribute 'result'
2023-07-03 16:39:34,930: [511] m.c.manticore:INFO: Results in /mcore_2cys27wj
2023-07-03 16:39:34,930: [511] m.c.manticore:WARNING: Manticore failed to run
2023-07-03 16:39:35,787: [536] m.main:INFO: Registered plugins: IntrospectionAPIPlugin, <class 'manticore.ethereum.plugins.SkipRevertBasicBlocks'>, <class 'manticore.ethereum.plugins.FilterFunctions'>
2023-07-03 16:39:35,787: [536] m.main:INFO: Beginning analysis
2023-07-03 16:39:35,789: [536] m.e.manticore:INFO: Starting symbolic create contract
2023-07-03 16:39:35,828: [536] m.e.manticore:INFO: Failed to build contract spans Errors : Invalid solc compilation Error: No visibility specified. Did you intend to add "public"?
   --> sb/RocketTokenRETH_1.sol:668:5:
    |
668 |     constructor(address _rocketStorageAddress) {
    |     ^ (Relevant source part starts here and spans across multiple lines).

Error: No visibility specified. Did you intend to add "public"?
   --> sb/RocketTokenRETH_1.sol:808:5:
    |
808 |     constructor(address _rocketStorageAddress) RocketBase(_rocketStorageAddress) ERC20("Rocket Pool ETH", "rETH") {
    |     ^ (Relevant source part starts here and spans across multiple lines).


. Solidity failed to generate bytecode for your contract. Check if all the abstract functions are implemented. 
Process Process-1:
Traceback (most recent call last):
  File "/usr/lib/python3.7/multiprocessing/process.py", line 297, in _bootstrap
    self.run()
  File "/usr/lib/python3.7/multiprocessing/process.py", line 99, in run
    self._target(*self._args, **self._kwargs)
  File "/usr/local/lib/python3.7/dist-packages/manticore/ethereum/manticore.py", line 1766, in worker_finalize
    finalizer(q.get_nowait())
  File "/usr/local/lib/python3.7/dist-packages/manticore/ethereum/manticore.py", line 1757, in finalizer
    if only_alive_states and last_tx.result in {"REVERT", "THROW", "TXERROR"}:
AttributeError: 'NoneType' object has no attribute 'result'
2023-07-03 16:39:35,903: [536] m.c.manticore:INFO: Results in /mcore_uobck2mm
2023-07-03 16:39:35,904: [536] m.c.manticore:WARNING: Manticore failed to run
2023-07-03 16:39:36,539: [561] m.main:INFO: Registered plugins: IntrospectionAPIPlugin, <class 'manticore.ethereum.plugins.SkipRevertBasicBlocks'>, <class 'manticore.ethereum.plugins.FilterFunctions'>
2023-07-03 16:39:36,539: [561] m.main:INFO: Beginning analysis
2023-07-03 16:39:36,541: [561] m.e.manticore:INFO: Starting symbolic create contract
2023-07-03 16:39:36,584: [561] m.e.manticore:INFO: Failed to build contract across Errors : Invalid solc compilation Error: No visibility specified. Did you intend to add "public"?
   --> sb/RocketTokenRETH_1.sol:668:5:
    |
668 |     constructor(address _rocketStorageAddress) {
    |     ^ (Relevant source part starts here and spans across multiple lines).

Error: No visibility specified. Did you intend to add "public"?
   --> sb/RocketTokenRETH_1.sol:808:5:
    |
808 |     constructor(address _rocketStorageAddress) RocketBase(_rocketStorageAddress) ERC20("Rocket Pool ETH", "rETH") {
    |     ^ (Relevant source part starts here and spans across multiple lines).


. Solidity failed to generate bytecode for your contract. Check if all the abstract functions are implemented. 
Process Process-2:
Traceback (most recent call last):
  File "/usr/lib/python3.7/multiprocessing/process.py", line 297, in _bootstrap
    self.run()
  File "/usr/lib/python3.7/multiprocessing/process.py", line 99, in run
    self._target(*self._args, **self._kwargs)
  File "/usr/local/lib/python3.7/dist-packages/manticore/ethereum/manticore.py", line 1766, in worker_finalize
    finalizer(q.get_nowait())
  File "/usr/local/lib/python3.7/dist-packages/manticore/ethereum/manticore.py", line 1757, in finalizer
    if only_alive_states and last_tx.result in {"REVERT", "THROW", "TXERROR"}:
AttributeError: 'NoneType' object has no attribute 'result'
2023-07-03 16:39:36,670: [561] m.c.manticore:INFO: Results in /mcore_4y2yadzv
2023-07-03 16:39:36,670: [561] m.c.manticore:WARNING: Manticore failed to run
2023-07-03 16:39:37,495: [586] m.main:INFO: Registered plugins: IntrospectionAPIPlugin, <class 'manticore.ethereum.plugins.SkipRevertBasicBlocks'>, <class 'manticore.ethereum.plugins.FilterFunctions'>
2023-07-03 16:39:37,495: [586] m.main:INFO: Beginning analysis
2023-07-03 16:39:37,497: [586] m.e.manticore:INFO: Starting symbolic create contract
2023-07-03 16:39:37,535: [586] m.e.manticore:INFO: Failed to build contract multiple Errors : Invalid solc compilation Error: No visibility specified. Did you intend to add "public"?
   --> sb/RocketTokenRETH_1.sol:668:5:
    |
668 |     constructor(address _rocketStorageAddress) {
    |     ^ (Relevant source part starts here and spans across multiple lines).

Error: No visibility specified. Did you intend to add "public"?
   --> sb/RocketTokenRETH_1.sol:808:5:
    |
808 |     constructor(address _rocketStorageAddress) RocketBase(_rocketStorageAddress) ERC20("Rocket Pool ETH", "rETH") {
    |     ^ (Relevant source part starts here and spans across multiple lines).


. Solidity failed to generate bytecode for your contract. Check if all the abstract functions are implemented. 
Process Process-1:
Traceback (most recent call last):
  File "/usr/lib/python3.7/multiprocessing/process.py", line 297, in _bootstrap
    self.run()
  File "/usr/lib/python3.7/multiprocessing/process.py", line 99, in run
    self._target(*self._args, **self._kwargs)
  File "/usr/local/lib/python3.7/dist-packages/manticore/ethereum/manticore.py", line 1766, in worker_finalize
    finalizer(q.get_nowait())
  File "/usr/local/lib/python3.7/dist-packages/manticore/ethereum/manticore.py", line 1757, in finalizer
    if only_alive_states and last_tx.result in {"REVERT", "THROW", "TXERROR"}:
AttributeError: 'NoneType' object has no attribute 'result'
2023-07-03 16:39:37,612: [586] m.c.manticore:INFO: Results in /mcore_3i3bdk2x
2023-07-03 16:39:37,612: [586] m.c.manticore:WARNING: Manticore failed to run
2023-07-03 16:39:38,538: [611] m.main:INFO: Registered plugins: IntrospectionAPIPlugin, <class 'manticore.ethereum.plugins.SkipRevertBasicBlocks'>, <class 'manticore.ethereum.plugins.FilterFunctions'>
2023-07-03 16:39:38,538: [611] m.main:INFO: Beginning analysis
2023-07-03 16:39:38,540: [611] m.e.manticore:INFO: Starting symbolic create contract
2023-07-03 16:39:38,564: [611] m.e.manticore:INFO: Failed to build contract lines). Errors : Invalid solc compilation Error: No visibility specified. Did you intend to add "public"?
   --> sb/RocketTokenRETH_1.sol:668:5:
    |
668 |     constructor(address _rocketStorageAddress) {
    |     ^ (Relevant source part starts here and spans across multiple lines).

Error: No visibility specified. Did you intend to add "public"?
   --> sb/RocketTokenRETH_1.sol:808:5:
    |
808 |     constructor(address _rocketStorageAddress) RocketBase(_rocketStorageAddress) ERC20("Rocket Pool ETH", "rETH") {
    |     ^ (Relevant source part starts here and spans across multiple lines).


. Solidity failed to generate bytecode for your contract. Check if all the abstract functions are implemented. 
Process Process-1:
Traceback (most recent call last):
  File "/usr/lib/python3.7/multiprocessing/process.py", line 297, in _bootstrap
    self.run()
  File "/usr/lib/python3.7/multiprocessing/process.py", line 99, in run
    self._target(*self._args, **self._kwargs)
  File "/usr/local/lib/python3.7/dist-packages/manticore/ethereum/manticore.py", line 1766, in worker_finalize
    finalizer(q.get_nowait())
  File "/usr/local/lib/python3.7/dist-packages/manticore/ethereum/manticore.py", line 1757, in finalizer
    if only_alive_states and last_tx.result in {"REVERT", "THROW", "TXERROR"}:
AttributeError: 'NoneType' object has no attribute 'result'
2023-07-03 16:39:38,643: [611] m.c.manticore:INFO: Results in /mcore_7tl2my0x
2023-07-03 16:39:38,643: [611] m.c.manticore:WARNING: Manticore failed to run
