2023-07-03 16:49:12,099: [11] m.main:INFO: Registered plugins: IntrospectionAPIPlugin, <class 'manticore.ethereum.plugins.SkipRevertBasicBlocks'>, <class 'manticore.ethereum.plugins.FilterFunctions'>
2023-07-03 16:49:12,099: [11] m.main:INFO: Beginning analysis
2023-07-03 16:49:12,102: [11] m.e.manticore:INFO: Starting symbolic create contract
2023-07-03 16:49:13,532: [11] m.e.manticore:INFO: Starting symbolic transaction: 0
2023-07-03 16:49:13,695: [11] m.e.manticore:INFO: 0 alive states, 1 terminated states
2023-07-03 16:49:13,761: [11] m.e.manticore:INFO: Starting symbolic transaction: 1
2023-07-03 16:49:14,020: [11] m.c.manticore:INFO: Results in /mcore_3qe8y0eh
2023-07-03 16:49:14,020: [11] m.c.manticore:INFO: Total time: 0.48471903800964355
2023-07-03 16:49:14,685: [70] m.main:INFO: Registered plugins: IntrospectionAPIPlugin, <class 'manticore.ethereum.plugins.SkipRevertBasicBlocks'>, <class 'manticore.ethereum.plugins.FilterFunctions'>
2023-07-03 16:49:14,686: [70] m.main:INFO: Beginning analysis
2023-07-03 16:49:14,689: [70] m.e.manticore:INFO: Starting symbolic create contract
2023-07-03 16:49:16,268: [70] m.e.manticore:INFO: Starting symbolic transaction: 0
2023-07-03 16:49:16,404: [70] m.e.manticore:INFO: 0 alive states, 1 terminated states
2023-07-03 16:49:16,471: [70] m.e.manticore:INFO: Starting symbolic transaction: 1
2023-07-03 16:49:16,709: [70] m.c.manticore:INFO: Results in /mcore_q0t4yts8
2023-07-03 16:49:16,709: [70] m.c.manticore:INFO: Total time: 0.4377927780151367
2023-07-03 16:49:17,396: [129] m.main:INFO: Registered plugins: IntrospectionAPIPlugin, <class 'manticore.ethereum.plugins.SkipRevertBasicBlocks'>, <class 'manticore.ethereum.plugins.FilterFunctions'>
2023-07-03 16:49:17,396: [129] m.main:INFO: Beginning analysis
2023-07-03 16:49:17,398: [129] m.e.manticore:INFO: Starting symbolic create contract
2023-07-03 16:49:19,531: [129] m.e.manticore:INFO: Starting symbolic transaction: 0
2023-07-03 16:49:24,968: [129] m.e.manticore:INFO: 0 alive states, 3 terminated states
2023-07-03 16:49:25,368: [129] m.c.manticore:INFO: Results in /mcore_sm31jge9
2023-07-03 16:49:25,368: [129] m.c.manticore:INFO: Total time: 5.816117525100708
2023-07-03 16:49:25,978: [200] m.main:INFO: Registered plugins: IntrospectionAPIPlugin, <class 'manticore.ethereum.plugins.SkipRevertBasicBlocks'>, <class 'manticore.ethereum.plugins.FilterFunctions'>
2023-07-03 16:49:25,978: [200] m.main:INFO: Beginning analysis
2023-07-03 16:49:25,980: [200] m.e.manticore:INFO: Starting symbolic create contract
