INFO:Detectors:[91m
Claimable._claim (/sb/licence_1.sol#248-257) sends eth to arbitrary user
	Dangerous calls:
	- _to.transfer(_amount) (/sb/licence_1.sol#251)
Reference: https://github.com/trailofbits/slither/wiki/Detectors-Documentation#functions-that-send-ether-to-arbitrary-destinations[0m
INFO:Detectors:[92m
Ownable.owner (/sb/licence_1.sol#207-209) should be declared external
Reference: https://github.com/trailofbits/slither/wiki/Detectors-Documentation#public-function-that-could-be-declared-as-external[0m
INFO:Detectors:[92m
Parameter '' of ERC20.approve (/sb/licence_1.sol#114) is not in mixedCase
Parameter '_scope_0' of ERC20.approve (/sb/licence_1.sol#114) is not in mixedCase
Parameter '' of ERC20.balanceOf (/sb/licence_1.sol#115) is not in mixedCase
Parameter '' of ERC20.transfer (/sb/licence_1.sol#116) is not in mixedCase
Parameter '_scope_0' of ERC20.transfer (/sb/licence_1.sol#116) is not in mixedCase
Parameter '_account_' of Ownable. (/sb/licence_1.sol#151) is not in mixedCase
Parameter '_transferable_' of Ownable. (/sb/licence_1.sol#151) is not in mixedCase
Parameter '_account' of Ownable.transferOwnership (/sb/licence_1.sol#170) is not in mixedCase
Parameter '_transferable' of Ownable.transferOwnership (/sb/licence_1.sol#170) is not in mixedCase
Function 'Ownable._isOwner' (/sb/licence_1.sol#213-215) is not in mixedCase
Parameter '_address' of Ownable._isOwner (/sb/licence_1.sol#213) is not in mixedCase
Function 'Claimable._claim' (/sb/licence_1.sol#248-257) is not in mixedCase
Parameter '_to' of Claimable._claim (/sb/licence_1.sol#248) is not in mixedCase
Parameter '_asset' of Claimable._claim (/sb/licence_1.sol#248) is not in mixedCase
Parameter '_amount' of Claimable._claim (/sb/licence_1.sol#248) is not in mixedCase
Parameter '' of ILicence.load (/sb/licence_1.sol#262) is not in mixedCase
Parameter '_scope_0' of ILicence.load (/sb/licence_1.sol#262) is not in mixedCase
Parameter '' of ILicence.updateLicenceAmount (/sb/licence_1.sol#263) is not in mixedCase
Parameter '_licence_' of Licence. (/sb/licence_1.sol#320) is not in mixedCase
Parameter '_float_' of Licence. (/sb/licence_1.sol#320) is not in mixedCase
Parameter '_holder_' of Licence. (/sb/licence_1.sol#320) is not in mixedCase
Parameter '_tknAddress_' of Licence. (/sb/licence_1.sol#320) is not in mixedCase
Parameter '_newFloat' of Licence.updateFloat (/sb/licence_1.sol#391) is not in mixedCase
Parameter '_newHolder' of Licence.updateHolder (/sb/licence_1.sol#399) is not in mixedCase
Parameter '_newDAO' of Licence.updateLicenceDAO (/sb/licence_1.sol#407) is not in mixedCase
Parameter '_newTKN' of Licence.updateTKNContractAddress (/sb/licence_1.sol#415) is not in mixedCase
Parameter '_newAmount' of Licence.updateLicenceAmount (/sb/licence_1.sol#423) is not in mixedCase
Parameter '_asset' of Licence.load (/sb/licence_1.sol#432) is not in mixedCase
Parameter '_amount' of Licence.load (/sb/licence_1.sol#432) is not in mixedCase
Parameter '_to' of Licence.claim (/sb/licence_1.sol#457) is not in mixedCase
Parameter '_asset' of Licence.claim (/sb/licence_1.sol#457) is not in mixedCase
Parameter '_amount' of Licence.claim (/sb/licence_1.sol#457) is not in mixedCase
Reference: https://github.com/trailofbits/slither/wiki/Detectors-Documentation#conformance-to-solidity-naming-conventions[0m
INFO:Slither:/sb/licence_1.sol analyzed (6 contracts), 34 result(s) found
