2023-07-03 16:31:53,823: [11] m.main:INFO: Registered plugins: IntrospectionAPIPlugin, <class 'manticore.ethereum.plugins.SkipRevertBasicBlocks'>, <class 'manticore.ethereum.plugins.FilterFunctions'>
2023-07-03 16:31:53,824: [11] m.main:INFO: Beginning analysis
2023-07-03 16:31:53,828: [11] m.e.manticore:INFO: Starting symbolic create contract
2023-07-03 16:31:55,300: [11] m.e.manticore:INFO: Starting symbolic transaction: 0
2023-07-03 16:31:55,460: [11] m.e.manticore:INFO: 0 alive states, 1 terminated states
2023-07-03 16:31:55,531: [11] m.e.manticore:INFO: Starting symbolic transaction: 1
2023-07-03 16:31:55,793: [11] m.c.manticore:INFO: Results in /mcore_dofxhqwj
2023-07-03 16:31:55,793: [11] m.c.manticore:INFO: Total time: 0.4901731014251709
2023-07-03 16:31:56,458: [70] m.main:INFO: Registered plugins: IntrospectionAPIPlugin, <class 'manticore.ethereum.plugins.SkipRevertBasicBlocks'>, <class 'manticore.ethereum.plugins.FilterFunctions'>
2023-07-03 16:31:56,459: [70] m.main:INFO: Beginning analysis
2023-07-03 16:31:56,461: [70] m.e.manticore:INFO: Starting symbolic create contract
2023-07-03 16:31:58,313: [70] m.e.manticore:INFO: Starting symbolic transaction: 0
2023-07-03 16:31:58,456: [70] m.e.manticore:INFO: 0 alive states, 1 terminated states
2023-07-03 16:31:58,498: [70] m.e.manticore:INFO: Starting symbolic transaction: 1
2023-07-03 16:31:58,766: [70] m.c.manticore:INFO: Results in /mcore_6nwid7s6
2023-07-03 16:31:58,766: [70] m.c.manticore:INFO: Total time: 0.449277400970459
2023-07-03 16:31:59,570: [129] m.main:INFO: Registered plugins: IntrospectionAPIPlugin, <class 'manticore.ethereum.plugins.SkipRevertBasicBlocks'>, <class 'manticore.ethereum.plugins.FilterFunctions'>
2023-07-03 16:31:59,571: [129] m.main:INFO: Beginning analysis
2023-07-03 16:31:59,573: [129] m.e.manticore:INFO: Starting symbolic create contract
2023-07-03 16:32:01,631: [129] m.e.manticore:INFO: Starting symbolic transaction: 0
2023-07-03 16:32:07,843: [129] m.e.manticore:INFO: 0 alive states, 3 terminated states
2023-07-03 16:32:08,163: [129] m.c.manticore:INFO: Results in /mcore_zgrakojk
2023-07-03 16:32:08,163: [129] m.c.manticore:INFO: Total time: 6.505289793014526
2023-07-03 16:32:08,990: [200] m.main:INFO: Registered plugins: IntrospectionAPIPlugin, <class 'manticore.ethereum.plugins.SkipRevertBasicBlocks'>, <class 'manticore.ethereum.plugins.FilterFunctions'>
2023-07-03 16:32:08,990: [200] m.main:INFO: Beginning analysis
2023-07-03 16:32:08,994: [200] m.e.manticore:INFO: Starting symbolic create contract
