2023-07-03 16:22:51,402: [11] m.main:INFO: Registered plugins: IntrospectionAPIPlugin, <class 'manticore.ethereum.plugins.SkipRevertBasicBlocks'>, <class 'manticore.ethereum.plugins.FilterFunctions'>
2023-07-03 16:22:51,402: [11] m.main:INFO: Beginning analysis
2023-07-03 16:22:51,406: [11] m.e.manticore:INFO: Starting symbolic create contract
2023-07-03 16:22:52,220: [11] m.e.manticore:INFO: Starting symbolic transaction: 0
2023-07-03 16:22:52,320: [11] m.e.manticore:INFO: 0 alive states, 2 terminated states
2023-07-03 16:22:52,462: [11] m.c.manticore:INFO: Results in /mcore_tokhi64f
2023-07-03 16:22:52,462: [11] m.c.manticore:INFO: Total time: 0.23868894577026367
2023-07-03 16:22:53,113: [76] m.main:INFO: Registered plugins: IntrospectionAPIPlugin, <class 'manticore.ethereum.plugins.SkipRevertBasicBlocks'>, <class 'manticore.ethereum.plugins.FilterFunctions'>
2023-07-03 16:22:53,114: [76] m.main:INFO: Beginning analysis
2023-07-03 16:22:53,118: [76] m.e.manticore:INFO: Starting symbolic create contract
2023-07-03 16:22:53,977: [76] m.e.manticore:INFO: Starting symbolic transaction: 0
2023-07-03 16:22:54,102: [76] m.e.manticore:INFO: 0 alive states, 2 terminated states
2023-07-03 16:22:54,227: [76] m.c.manticore:INFO: Results in /mcore_m3ykx0n4
2023-07-03 16:22:54,228: [76] m.c.manticore:INFO: Total time: 0.24784636497497559
2023-07-03 16:22:55,043: [141] m.main:INFO: Registered plugins: IntrospectionAPIPlugin, <class 'manticore.ethereum.plugins.SkipRevertBasicBlocks'>, <class 'manticore.ethereum.plugins.FilterFunctions'>
2023-07-03 16:22:55,043: [141] m.main:INFO: Beginning analysis
2023-07-03 16:22:55,045: [141] m.e.manticore:INFO: Starting symbolic create contract
2023-07-03 16:22:55,871: [141] m.e.manticore:INFO: Starting symbolic transaction: 0
2023-07-03 16:22:55,980: [141] m.e.manticore:INFO: 0 alive states, 2 terminated states
2023-07-03 16:22:56,146: [141] m.c.manticore:INFO: Results in /mcore_becl19uh
2023-07-03 16:22:56,147: [141] m.c.manticore:INFO: Total time: 0.2726311683654785
2023-07-03 16:22:56,954: [206] m.main:INFO: Registered plugins: IntrospectionAPIPlugin, <class 'manticore.ethereum.plugins.SkipRevertBasicBlocks'>, <class 'manticore.ethereum.plugins.FilterFunctions'>
2023-07-03 16:22:56,955: [206] m.main:INFO: Beginning analysis
2023-07-03 16:22:56,957: [206] m.e.manticore:INFO: Starting symbolic create contract
2023-07-03 16:22:57,772: [206] m.e.manticore:INFO: Starting symbolic transaction: 0
2023-07-03 16:22:57,879: [206] m.e.manticore:INFO: 0 alive states, 2 terminated states
2023-07-03 16:22:58,009: [206] m.c.manticore:INFO: Results in /mcore_ej0kqn_k
2023-07-03 16:22:58,009: [206] m.c.manticore:INFO: Total time: 0.23428702354431152
2023-07-03 16:22:58,742: [271] m.main:INFO: Registered plugins: IntrospectionAPIPlugin, <class 'manticore.ethereum.plugins.SkipRevertBasicBlocks'>, <class 'manticore.ethereum.plugins.FilterFunctions'>
2023-07-03 16:22:58,742: [271] m.main:INFO: Beginning analysis
2023-07-03 16:22:58,745: [271] m.e.manticore:INFO: Starting symbolic create contract
2023-07-03 16:22:59,795: [271] m.e.manticore:INFO: Starting symbolic transaction: 0
2023-07-03 16:23:00,358: [271] m.c.worker:ERROR: Exception in state 0: ManticoreError('Forking on unfeasible constraint set')
Traceback (most recent call last):
  File "/usr/local/lib/python3.7/dist-packages/manticore/core/worker.py", line 137, in run
    current_state.execute()
  File "/usr/local/lib/python3.7/dist-packages/manticore/ethereum/state.py", line 8, in execute
    return self._platform.execute()
  File "/usr/local/lib/python3.7/dist-packages/manticore/platforms/evm.py", line 3106, in execute
    self.current_vm.execute()
  File "/usr/local/lib/python3.7/dist-packages/manticore/platforms/evm.py", line 1322, in execute
    raise Concretize("Symbolic PC", expression=expression, setstate=setstate, policy="ALL")
manticore.core.state.Concretize

During handling of the above exception, another exception occurred:

Traceback (most recent call last):
  File "/usr/local/lib/python3.7/dist-packages/manticore/core/worker.py", line 158, in run
    m._fork(current_state, exc.expression, exc.policy, exc.setstate, exc.values)
  File "/usr/local/lib/python3.7/dist-packages/manticore/core/manticore.py", line 518, in _fork
    raise ManticoreError("Forking on unfeasible constraint set")
manticore.exceptions.ManticoreError: Forking on unfeasible constraint set
 
2023-07-03 16:23:00,364: [271] m.e.manticore:INFO: 0 alive states, 1 terminated states
2023-07-03 16:23:00,488: [271] m.c.manticore:INFO: Results in /mcore_es89_2ze
2023-07-03 16:23:00,488: [271] m.c.manticore:INFO: Total time: 0.6858725547790527
2023-07-03 16:23:01,170: [333] m.main:INFO: Registered plugins: IntrospectionAPIPlugin, <class 'manticore.ethereum.plugins.SkipRevertBasicBlocks'>, <class 'manticore.ethereum.plugins.FilterFunctions'>
2023-07-03 16:23:01,171: [333] m.main:INFO: Beginning analysis
2023-07-03 16:23:01,175: [333] m.e.manticore:INFO: Starting symbolic create contract
