2023-07-03 16:21:52,750: [11] m.main:INFO: Registered plugins: IntrospectionAPIPlugin, <class 'manticore.ethereum.plugins.SkipRevertBasicBlocks'>, <class 'manticore.ethereum.plugins.FilterFunctions'>
2023-07-03 16:21:52,751: [11] m.main:INFO: Beginning analysis
2023-07-03 16:21:52,753: [11] m.e.manticore:INFO: Starting symbolic create contract
2023-07-03 16:21:54,279: [11] m.e.manticore:INFO: Starting symbolic transaction: 0
2023-07-03 16:21:54,432: [11] m.e.manticore:INFO: 0 alive states, 1 terminated states
2023-07-03 16:21:54,497: [11] m.e.manticore:INFO: Starting symbolic transaction: 1
2023-07-03 16:21:54,729: [11] m.c.manticore:INFO: Results in /mcore_iyzm50vy
2023-07-03 16:21:54,729: [11] m.c.manticore:INFO: Total time: 0.447340726852417
2023-07-03 16:21:55,482: [70] m.main:INFO: Registered plugins: IntrospectionAPIPlugin, <class 'manticore.ethereum.plugins.SkipRevertBasicBlocks'>, <class 'manticore.ethereum.plugins.FilterFunctions'>
2023-07-03 16:21:55,482: [70] m.main:INFO: Beginning analysis
2023-07-03 16:21:55,485: [70] m.e.manticore:INFO: Starting symbolic create contract
2023-07-03 16:21:56,890: [70] m.e.manticore:INFO: Starting symbolic transaction: 0
2023-07-03 16:21:57,013: [70] m.e.manticore:INFO: 0 alive states, 1 terminated states
2023-07-03 16:21:57,060: [70] m.e.manticore:INFO: Starting symbolic transaction: 1
2023-07-03 16:21:57,349: [70] m.c.manticore:INFO: Results in /mcore_rdrnchcu
2023-07-03 16:21:57,349: [70] m.c.manticore:INFO: Total time: 0.45578670501708984
2023-07-03 16:21:58,072: [129] m.main:INFO: Registered plugins: IntrospectionAPIPlugin, <class 'manticore.ethereum.plugins.SkipRevertBasicBlocks'>, <class 'manticore.ethereum.plugins.FilterFunctions'>
2023-07-03 16:21:58,072: [129] m.main:INFO: Beginning analysis
2023-07-03 16:21:58,076: [129] m.e.manticore:INFO: Starting symbolic create contract
2023-07-03 16:22:00,072: [129] m.e.manticore:INFO: Starting symbolic transaction: 0
2023-07-03 16:22:05,653: [129] m.e.manticore:INFO: 0 alive states, 3 terminated states
2023-07-03 16:22:05,988: [129] m.c.manticore:INFO: Results in /mcore_rzp1nj0y
2023-07-03 16:22:05,988: [129] m.c.manticore:INFO: Total time: 5.897022008895874
2023-07-03 16:22:06,721: [200] m.main:INFO: Registered plugins: IntrospectionAPIPlugin, <class 'manticore.ethereum.plugins.SkipRevertBasicBlocks'>, <class 'manticore.ethereum.plugins.FilterFunctions'>
2023-07-03 16:22:06,721: [200] m.main:INFO: Beginning analysis
2023-07-03 16:22:06,723: [200] m.e.manticore:INFO: Starting symbolic create contract
