2023-07-03 16:15:32,408: [11] m.main:INFO: Registered plugins: IntrospectionAPIPlugin, <class 'manticore.ethereum.plugins.SkipRevertBasicBlocks'>, <class 'manticore.ethereum.plugins.FilterFunctions'>
2023-07-03 16:15:32,408: [11] m.main:INFO: Beginning analysis
2023-07-03 16:15:32,410: [11] m.e.manticore:INFO: Starting symbolic create contract
2023-07-03 16:15:33,903: [11] m.e.manticore:INFO: Starting symbolic transaction: 0
2023-07-03 16:15:34,066: [11] m.e.manticore:INFO: 0 alive states, 1 terminated states
2023-07-03 16:15:34,129: [11] m.e.manticore:INFO: Starting symbolic transaction: 1
2023-07-03 16:15:34,375: [11] m.c.manticore:INFO: Results in /mcore_a7l985qo
2023-07-03 16:15:34,375: [11] m.c.manticore:INFO: Total time: 0.4678225517272949
2023-07-03 16:15:35,066: [70] m.main:INFO: Registered plugins: IntrospectionAPIPlugin, <class 'manticore.ethereum.plugins.SkipRevertBasicBlocks'>, <class 'manticore.ethereum.plugins.FilterFunctions'>
2023-07-03 16:15:35,066: [70] m.main:INFO: Beginning analysis
2023-07-03 16:15:35,068: [70] m.e.manticore:INFO: Starting symbolic create contract
2023-07-03 16:15:36,495: [70] m.e.manticore:INFO: Starting symbolic transaction: 0
2023-07-03 16:15:36,663: [70] m.e.manticore:INFO: 0 alive states, 1 terminated states
2023-07-03 16:15:36,726: [70] m.e.manticore:INFO: Starting symbolic transaction: 1
2023-07-03 16:15:36,982: [70] m.c.manticore:INFO: Results in /mcore_ay9jbfu0
2023-07-03 16:15:36,983: [70] m.c.manticore:INFO: Total time: 0.48332691192626953
2023-07-03 16:15:37,695: [129] m.main:INFO: Registered plugins: IntrospectionAPIPlugin, <class 'manticore.ethereum.plugins.SkipRevertBasicBlocks'>, <class 'manticore.ethereum.plugins.FilterFunctions'>
2023-07-03 16:15:37,695: [129] m.main:INFO: Beginning analysis
2023-07-03 16:15:37,698: [129] m.e.manticore:INFO: Starting symbolic create contract
2023-07-03 16:15:39,847: [129] m.e.manticore:INFO: Starting symbolic transaction: 0
2023-07-03 16:15:45,419: [129] m.e.manticore:INFO: 0 alive states, 3 terminated states
2023-07-03 16:15:45,742: [129] m.c.manticore:INFO: Results in /mcore_8o6c8j_f
2023-07-03 16:15:45,743: [129] m.c.manticore:INFO: Total time: 5.86858344078064
2023-07-03 16:15:46,526: [197] m.main:INFO: Registered plugins: IntrospectionAPIPlugin, <class 'manticore.ethereum.plugins.SkipRevertBasicBlocks'>, <class 'manticore.ethereum.plugins.FilterFunctions'>
2023-07-03 16:15:46,526: [197] m.main:INFO: Beginning analysis
2023-07-03 16:15:46,530: [197] m.e.manticore:INFO: Starting symbolic create contract
