2023-07-03 16:43:35,754: [11] m.main:INFO: Registered plugins: IntrospectionAPIPlugin, <class 'manticore.ethereum.plugins.SkipRevertBasicBlocks'>, <class 'manticore.ethereum.plugins.FilterFunctions'>
2023-07-03 16:43:35,755: [11] m.main:INFO: Beginning analysis
2023-07-03 16:43:35,757: [11] m.e.manticore:INFO: Starting symbolic create contract
2023-07-03 16:43:36,667: [11] m.e.manticore:INFO: Starting symbolic transaction: 0
2023-07-03 16:43:36,782: [11] m.e.manticore:INFO: 0 alive states, 2 terminated states
2023-07-03 16:43:36,913: [11] m.c.manticore:INFO: Results in /mcore_oflyyasf
2023-07-03 16:43:36,913: [11] m.c.manticore:INFO: Total time: 0.24391961097717285
2023-07-03 16:43:37,576: [76] m.main:INFO: Registered plugins: IntrospectionAPIPlugin, <class 'manticore.ethereum.plugins.SkipRevertBasicBlocks'>, <class 'manticore.ethereum.plugins.FilterFunctions'>
2023-07-03 16:43:37,576: [76] m.main:INFO: Beginning analysis
2023-07-03 16:43:37,578: [76] m.e.manticore:INFO: Starting symbolic create contract
2023-07-03 16:43:38,443: [76] m.e.manticore:INFO: Starting symbolic transaction: 0
2023-07-03 16:43:38,576: [76] m.e.manticore:INFO: 0 alive states, 2 terminated states
2023-07-03 16:43:38,729: [76] m.c.manticore:INFO: Results in /mcore_r5drwyk_
2023-07-03 16:43:38,729: [76] m.c.manticore:INFO: Total time: 0.28261709213256836
2023-07-03 16:43:39,521: [141] m.main:INFO: Registered plugins: IntrospectionAPIPlugin, <class 'manticore.ethereum.plugins.SkipRevertBasicBlocks'>, <class 'manticore.ethereum.plugins.FilterFunctions'>
2023-07-03 16:43:39,521: [141] m.main:INFO: Beginning analysis
2023-07-03 16:43:39,524: [141] m.e.manticore:INFO: Starting symbolic create contract
2023-07-03 16:43:40,447: [141] m.e.manticore:INFO: Starting symbolic transaction: 0
2023-07-03 16:43:40,561: [141] m.e.manticore:INFO: 0 alive states, 2 terminated states
2023-07-03 16:43:40,748: [141] m.c.manticore:INFO: Results in /mcore_dkz13kr4
2023-07-03 16:43:40,749: [141] m.c.manticore:INFO: Total time: 0.2996988296508789
2023-07-03 16:43:41,470: [206] m.main:INFO: Registered plugins: IntrospectionAPIPlugin, <class 'manticore.ethereum.plugins.SkipRevertBasicBlocks'>, <class 'manticore.ethereum.plugins.FilterFunctions'>
2023-07-03 16:43:41,470: [206] m.main:INFO: Beginning analysis
2023-07-03 16:43:41,472: [206] m.e.manticore:INFO: Starting symbolic create contract
2023-07-03 16:43:42,264: [206] m.e.manticore:INFO: Starting symbolic transaction: 0
2023-07-03 16:43:42,378: [206] m.e.manticore:INFO: 0 alive states, 2 terminated states
2023-07-03 16:43:42,517: [206] m.c.manticore:INFO: Results in /mcore_xmrvpp5v
2023-07-03 16:43:42,517: [206] m.c.manticore:INFO: Total time: 0.250180721282959
2023-07-03 16:43:43,185: [271] m.main:INFO: Registered plugins: IntrospectionAPIPlugin, <class 'manticore.ethereum.plugins.SkipRevertBasicBlocks'>, <class 'manticore.ethereum.plugins.FilterFunctions'>
2023-07-03 16:43:43,185: [271] m.main:INFO: Beginning analysis
2023-07-03 16:43:43,187: [271] m.e.manticore:INFO: Starting symbolic create contract
2023-07-03 16:43:44,167: [271] m.e.manticore:INFO: Starting symbolic transaction: 0
2023-07-03 16:43:44,820: [271] m.c.worker:ERROR: Exception in state 0: ManticoreError('Forking on unfeasible constraint set')
Traceback (most recent call last):
  File "/usr/local/lib/python3.7/dist-packages/manticore/core/worker.py", line 137, in run
    current_state.execute()
  File "/usr/local/lib/python3.7/dist-packages/manticore/ethereum/state.py", line 8, in execute
    return self._platform.execute()
  File "/usr/local/lib/python3.7/dist-packages/manticore/platforms/evm.py", line 3106, in execute
    self.current_vm.execute()
  File "/usr/local/lib/python3.7/dist-packages/manticore/platforms/evm.py", line 1322, in execute
    raise Concretize("Symbolic PC", expression=expression, setstate=setstate, policy="ALL")
manticore.core.state.Concretize

During handling of the above exception, another exception occurred:

Traceback (most recent call last):
  File "/usr/local/lib/python3.7/dist-packages/manticore/core/worker.py", line 158, in run
    m._fork(current_state, exc.expression, exc.policy, exc.setstate, exc.values)
  File "/usr/local/lib/python3.7/dist-packages/manticore/core/manticore.py", line 518, in _fork
    raise ManticoreError("Forking on unfeasible constraint set")
manticore.exceptions.ManticoreError: Forking on unfeasible constraint set
 
2023-07-03 16:43:44,828: [271] m.e.manticore:INFO: 0 alive states, 1 terminated states
2023-07-03 16:43:44,950: [271] m.c.manticore:INFO: Results in /mcore_hcb4fot2
2023-07-03 16:43:44,951: [271] m.c.manticore:INFO: Total time: 0.7784686088562012
2023-07-03 16:43:45,769: [333] m.main:INFO: Registered plugins: IntrospectionAPIPlugin, <class 'manticore.ethereum.plugins.SkipRevertBasicBlocks'>, <class 'manticore.ethereum.plugins.FilterFunctions'>
2023-07-03 16:43:45,769: [333] m.main:INFO: Beginning analysis
2023-07-03 16:43:45,772: [333] m.e.manticore:INFO: Starting symbolic create contract
