2023-07-03 16:26:35,825: [10] m.main:INFO: Registered plugins: IntrospectionAPIPlugin, <class 'manticore.ethereum.plugins.SkipRevertBasicBlocks'>, <class 'manticore.ethereum.plugins.FilterFunctions'>
2023-07-03 16:26:35,826: [10] m.main:INFO: Beginning analysis
2023-07-03 16:26:35,828: [10] m.e.manticore:INFO: Starting symbolic create contract
2023-07-03 16:26:37,519: [10] m.e.manticore:INFO: Starting symbolic transaction: 0
2023-07-03 16:26:37,642: [10] m.e.manticore:INFO: 0 alive states, 1 terminated states
2023-07-03 16:26:37,701: [10] m.e.manticore:INFO: Starting symbolic transaction: 1
2023-07-03 16:26:37,907: [10] m.c.manticore:INFO: Results in /mcore_7i8mfas_
2023-07-03 16:26:37,908: [10] m.c.manticore:INFO: Total time: 0.38495373725891113
2023-07-03 16:26:38,664: [69] m.main:INFO: Registered plugins: IntrospectionAPIPlugin, <class 'manticore.ethereum.plugins.SkipRevertBasicBlocks'>, <class 'manticore.ethereum.plugins.FilterFunctions'>
2023-07-03 16:26:38,664: [69] m.main:INFO: Beginning analysis
2023-07-03 16:26:38,667: [69] m.e.manticore:INFO: Starting symbolic create contract
2023-07-03 16:26:40,363: [69] m.e.manticore:INFO: Starting symbolic transaction: 0
2023-07-03 16:26:40,499: [69] m.e.manticore:INFO: 0 alive states, 1 terminated states
2023-07-03 16:26:40,559: [69] m.e.manticore:INFO: Starting symbolic transaction: 1
2023-07-03 16:26:40,736: [69] m.c.manticore:INFO: Results in /mcore_j7nmb_oi
2023-07-03 16:26:40,736: [69] m.c.manticore:INFO: Total time: 0.36997246742248535
2023-07-03 16:26:41,579: [128] m.main:INFO: Registered plugins: IntrospectionAPIPlugin, <class 'manticore.ethereum.plugins.SkipRevertBasicBlocks'>, <class 'manticore.ethereum.plugins.FilterFunctions'>
2023-07-03 16:26:41,579: [128] m.main:INFO: Beginning analysis
2023-07-03 16:26:41,582: [128] m.e.manticore:INFO: Starting symbolic create contract
2023-07-03 16:26:43,967: [128] m.e.manticore:INFO: Starting symbolic transaction: 0
2023-07-03 16:26:49,478: [128] m.e.manticore:INFO: 0 alive states, 3 terminated states
2023-07-03 16:26:49,931: [128] m.c.manticore:INFO: Results in /mcore_3msfwt19
2023-07-03 16:26:49,931: [128] m.c.manticore:INFO: Total time: 5.934525489807129
2023-07-03 16:26:50,674: [196] m.main:INFO: Registered plugins: IntrospectionAPIPlugin, <class 'manticore.ethereum.plugins.SkipRevertBasicBlocks'>, <class 'manticore.ethereum.plugins.FilterFunctions'>
2023-07-03 16:26:50,675: [196] m.main:INFO: Beginning analysis
2023-07-03 16:26:50,679: [196] m.e.manticore:INFO: Starting symbolic create contract
