2023-07-03 15:59:55,530: [11] m.main:INFO: Registered plugins: IntrospectionAPIPlugin, <class 'manticore.ethereum.plugins.SkipRevertBasicBlocks'>, <class 'manticore.ethereum.plugins.FilterFunctions'>
2023-07-03 15:59:55,531: [11] m.main:INFO: Beginning analysis
2023-07-03 15:59:55,533: [11] m.e.manticore:INFO: Starting symbolic create contract
2023-07-03 15:59:55,586: [11] m.e.manticore:INFO: Failed to build contract /sb/MasterChef_1.sol:702:5: Errors : Invalid solc compilation Warning: SPDX license identifier not provided in source file. Before publishing, consider adding a comment containing "SPDX-License-Identifier: <SPDX-License>" to each source file. Use "SPDX-License-Identifier: UNLICENSED" for non-open-source code. Please see https://spdx.org for more information.
--> sb/MasterChef_1.sol

Error: No visibility specified. Did you intend to add "public"?
   --> sb/MasterChef_1.sol:702:5:
    |
702 |     constructor() {
    |     ^ (Relevant source part starts here and spans across multiple lines).

Error: No visibility specified. Did you intend to add "public"?
   --> sb/MasterChef_1.sol:783:5:
    |
783 |     constructor () {
    |     ^ (Relevant source part starts here and spans across multiple lines).

Warning: Documentation tag on non-public state variables will be disallowed in 0.7.0. You will need to use the @dev tag explicitly.
    --> sb/MasterChef_1.sol:1150:5:
     |
1150 |     /// @notice A record of each accounts delegate
     |     ^^^^^^^^^^^^^^^^^^^^^^^^^^^^^^^^^^^^^^^^^^^^^^


. Solidity failed to generate bytecode for your contract. Check if all the abstract functions are implemented. 
Process Process-1:
Traceback (most recent call last):
  File "/usr/lib/python3.7/multiprocessing/process.py", line 297, in _bootstrap
    self.run()
  File "/usr/lib/python3.7/multiprocessing/process.py", line 99, in run
    self._target(*self._args, **self._kwargs)
  File "/usr/local/lib/python3.7/dist-packages/manticore/ethereum/manticore.py", line 1766, in worker_finalize
    finalizer(q.get_nowait())
  File "/usr/local/lib/python3.7/dist-packages/manticore/ethereum/manticore.py", line 1757, in finalizer
    if only_alive_states and last_tx.result in {"REVERT", "THROW", "TXERROR"}:
AttributeError: 'NoneType' object has no attribute 'result'
2023-07-03 15:59:55,681: [11] m.c.manticore:INFO: Results in /mcore_xtu74low
2023-07-03 15:59:55,682: [11] m.c.manticore:WARNING: Manticore failed to run
2023-07-03 15:59:56,309: [36] m.main:INFO: Registered plugins: IntrospectionAPIPlugin, <class 'manticore.ethereum.plugins.SkipRevertBasicBlocks'>, <class 'manticore.ethereum.plugins.FilterFunctions'>
2023-07-03 15:59:56,309: [36] m.main:INFO: Beginning analysis
2023-07-03 15:59:56,311: [36] m.e.manticore:INFO: Starting symbolic create contract
2023-07-03 15:59:56,349: [36] m.e.manticore:INFO: Failed to build contract SyntaxError: Errors : Invalid solc compilation Warning: SPDX license identifier not provided in source file. Before publishing, consider adding a comment containing "SPDX-License-Identifier: <SPDX-License>" to each source file. Use "SPDX-License-Identifier: UNLICENSED" for non-open-source code. Please see https://spdx.org for more information.
--> sb/MasterChef_1.sol

Error: No visibility specified. Did you intend to add "public"?
   --> sb/MasterChef_1.sol:702:5:
    |
702 |     constructor() {
    |     ^ (Relevant source part starts here and spans across multiple lines).

Error: No visibility specified. Did you intend to add "public"?
   --> sb/MasterChef_1.sol:783:5:
    |
783 |     constructor () {
    |     ^ (Relevant source part starts here and spans across multiple lines).

Warning: Documentation tag on non-public state variables will be disallowed in 0.7.0. You will need to use the @dev tag explicitly.
    --> sb/MasterChef_1.sol:1150:5:
     |
1150 |     /// @notice A record of each accounts delegate
     |     ^^^^^^^^^^^^^^^^^^^^^^^^^^^^^^^^^^^^^^^^^^^^^^


. Solidity failed to generate bytecode for your contract. Check if all the abstract functions are implemented. 
Process Process-1:
Traceback (most recent call last):
  File "/usr/lib/python3.7/multiprocessing/process.py", line 297, in _bootstrap
    self.run()
  File "/usr/lib/python3.7/multiprocessing/process.py", line 99, in run
    self._target(*self._args, **self._kwargs)
  File "/usr/local/lib/python3.7/dist-packages/manticore/ethereum/manticore.py", line 1766, in worker_finalize
    finalizer(q.get_nowait())
  File "/usr/local/lib/python3.7/dist-packages/manticore/ethereum/manticore.py", line 1757, in finalizer
    if only_alive_states and last_tx.result in {"REVERT", "THROW", "TXERROR"}:
AttributeError: 'NoneType' object has no attribute 'result'
2023-07-03 15:59:56,410: [36] m.c.manticore:INFO: Results in /mcore_l5pol7hq
2023-07-03 15:59:56,411: [36] m.c.manticore:WARNING: Manticore failed to run
2023-07-03 15:59:57,139: [61] m.main:INFO: Registered plugins: IntrospectionAPIPlugin, <class 'manticore.ethereum.plugins.SkipRevertBasicBlocks'>, <class 'manticore.ethereum.plugins.FilterFunctions'>
2023-07-03 15:59:57,139: [61] m.main:INFO: Beginning analysis
2023-07-03 15:59:57,141: [61] m.e.manticore:INFO: Starting symbolic create contract
2023-07-03 15:59:57,174: [61] m.e.manticore:INFO: Failed to build contract No Errors : Invalid solc compilation Warning: SPDX license identifier not provided in source file. Before publishing, consider adding a comment containing "SPDX-License-Identifier: <SPDX-License>" to each source file. Use "SPDX-License-Identifier: UNLICENSED" for non-open-source code. Please see https://spdx.org for more information.
--> sb/MasterChef_1.sol

Error: No visibility specified. Did you intend to add "public"?
   --> sb/MasterChef_1.sol:702:5:
    |
702 |     constructor() {
    |     ^ (Relevant source part starts here and spans across multiple lines).

Error: No visibility specified. Did you intend to add "public"?
   --> sb/MasterChef_1.sol:783:5:
    |
783 |     constructor () {
    |     ^ (Relevant source part starts here and spans across multiple lines).

Warning: Documentation tag on non-public state variables will be disallowed in 0.7.0. You will need to use the @dev tag explicitly.
    --> sb/MasterChef_1.sol:1150:5:
     |
1150 |     /// @notice A record of each accounts delegate
     |     ^^^^^^^^^^^^^^^^^^^^^^^^^^^^^^^^^^^^^^^^^^^^^^


. Solidity failed to generate bytecode for your contract. Check if all the abstract functions are implemented. 
Process Process-1:
Traceback (most recent call last):
  File "/usr/lib/python3.7/multiprocessing/process.py", line 297, in _bootstrap
    self.run()
  File "/usr/lib/python3.7/multiprocessing/process.py", line 99, in run
    self._target(*self._args, **self._kwargs)
  File "/usr/local/lib/python3.7/dist-packages/manticore/ethereum/manticore.py", line 1766, in worker_finalize
    finalizer(q.get_nowait())
  File "/usr/local/lib/python3.7/dist-packages/manticore/ethereum/manticore.py", line 1757, in finalizer
    if only_alive_states and last_tx.result in {"REVERT", "THROW", "TXERROR"}:
AttributeError: 'NoneType' object has no attribute 'result'
2023-07-03 15:59:57,248: [61] m.c.manticore:INFO: Results in /mcore_n0vvpqs0
2023-07-03 15:59:57,248: [61] m.c.manticore:WARNING: Manticore failed to run
2023-07-03 15:59:57,898: [86] m.main:INFO: Registered plugins: IntrospectionAPIPlugin, <class 'manticore.ethereum.plugins.SkipRevertBasicBlocks'>, <class 'manticore.ethereum.plugins.FilterFunctions'>
2023-07-03 15:59:57,899: [86] m.main:INFO: Beginning analysis
2023-07-03 15:59:57,900: [86] m.e.manticore:INFO: Starting symbolic create contract
2023-07-03 15:59:57,933: [86] m.e.manticore:INFO: Failed to build contract visibility Errors : Invalid solc compilation Warning: SPDX license identifier not provided in source file. Before publishing, consider adding a comment containing "SPDX-License-Identifier: <SPDX-License>" to each source file. Use "SPDX-License-Identifier: UNLICENSED" for non-open-source code. Please see https://spdx.org for more information.
--> sb/MasterChef_1.sol

Error: No visibility specified. Did you intend to add "public"?
   --> sb/MasterChef_1.sol:702:5:
    |
702 |     constructor() {
    |     ^ (Relevant source part starts here and spans across multiple lines).

Error: No visibility specified. Did you intend to add "public"?
   --> sb/MasterChef_1.sol:783:5:
    |
783 |     constructor () {
    |     ^ (Relevant source part starts here and spans across multiple lines).

Warning: Documentation tag on non-public state variables will be disallowed in 0.7.0. You will need to use the @dev tag explicitly.
    --> sb/MasterChef_1.sol:1150:5:
     |
1150 |     /// @notice A record of each accounts delegate
     |     ^^^^^^^^^^^^^^^^^^^^^^^^^^^^^^^^^^^^^^^^^^^^^^


. Solidity failed to generate bytecode for your contract. Check if all the abstract functions are implemented. 
Process Process-1:
Traceback (most recent call last):
  File "/usr/lib/python3.7/multiprocessing/process.py", line 297, in _bootstrap
    self.run()
  File "/usr/lib/python3.7/multiprocessing/process.py", line 99, in run
    self._target(*self._args, **self._kwargs)
  File "/usr/local/lib/python3.7/dist-packages/manticore/ethereum/manticore.py", line 1766, in worker_finalize
    finalizer(q.get_nowait())
  File "/usr/local/lib/python3.7/dist-packages/manticore/ethereum/manticore.py", line 1757, in finalizer
    if only_alive_states and last_tx.result in {"REVERT", "THROW", "TXERROR"}:
AttributeError: 'NoneType' object has no attribute 'result'
2023-07-03 15:59:58,012: [86] m.c.manticore:INFO: Results in /mcore__lv7rd4t
2023-07-03 15:59:58,012: [86] m.c.manticore:WARNING: Manticore failed to run
2023-07-03 15:59:58,656: [111] m.main:INFO: Registered plugins: IntrospectionAPIPlugin, <class 'manticore.ethereum.plugins.SkipRevertBasicBlocks'>, <class 'manticore.ethereum.plugins.FilterFunctions'>
2023-07-03 15:59:58,657: [111] m.main:INFO: Beginning analysis
2023-07-03 15:59:58,659: [111] m.e.manticore:INFO: Starting symbolic create contract
2023-07-03 15:59:58,691: [111] m.e.manticore:INFO: Failed to build contract specified. Errors : Invalid solc compilation Warning: SPDX license identifier not provided in source file. Before publishing, consider adding a comment containing "SPDX-License-Identifier: <SPDX-License>" to each source file. Use "SPDX-License-Identifier: UNLICENSED" for non-open-source code. Please see https://spdx.org for more information.
--> sb/MasterChef_1.sol

Error: No visibility specified. Did you intend to add "public"?
   --> sb/MasterChef_1.sol:702:5:
    |
702 |     constructor() {
    |     ^ (Relevant source part starts here and spans across multiple lines).

Error: No visibility specified. Did you intend to add "public"?
   --> sb/MasterChef_1.sol:783:5:
    |
783 |     constructor () {
    |     ^ (Relevant source part starts here and spans across multiple lines).

Warning: Documentation tag on non-public state variables will be disallowed in 0.7.0. You will need to use the @dev tag explicitly.
    --> sb/MasterChef_1.sol:1150:5:
     |
1150 |     /// @notice A record of each accounts delegate
     |     ^^^^^^^^^^^^^^^^^^^^^^^^^^^^^^^^^^^^^^^^^^^^^^


. Solidity failed to generate bytecode for your contract. Check if all the abstract functions are implemented. 
Process Process-1:
Traceback (most recent call last):
  File "/usr/lib/python3.7/multiprocessing/process.py", line 297, in _bootstrap
    self.run()
  File "/usr/lib/python3.7/multiprocessing/process.py", line 99, in run
    self._target(*self._args, **self._kwargs)
  File "/usr/local/lib/python3.7/dist-packages/manticore/ethereum/manticore.py", line 1766, in worker_finalize
    finalizer(q.get_nowait())
  File "/usr/local/lib/python3.7/dist-packages/manticore/ethereum/manticore.py", line 1757, in finalizer
    if only_alive_states and last_tx.result in {"REVERT", "THROW", "TXERROR"}:
AttributeError: 'NoneType' object has no attribute 'result'
2023-07-03 15:59:58,766: [111] m.c.manticore:INFO: Results in /mcore_tjk5hyvk
2023-07-03 15:59:58,767: [111] m.c.manticore:WARNING: Manticore failed to run
2023-07-03 15:59:59,418: [136] m.main:INFO: Registered plugins: IntrospectionAPIPlugin, <class 'manticore.ethereum.plugins.SkipRevertBasicBlocks'>, <class 'manticore.ethereum.plugins.FilterFunctions'>
2023-07-03 15:59:59,418: [136] m.main:INFO: Beginning analysis
2023-07-03 15:59:59,421: [136] m.e.manticore:INFO: Starting symbolic create contract
2023-07-03 15:59:59,503: [136] m.e.manticore:INFO: Failed to build contract Did Errors : Invalid solc compilation Warning: SPDX license identifier not provided in source file. Before publishing, consider adding a comment containing "SPDX-License-Identifier: <SPDX-License>" to each source file. Use "SPDX-License-Identifier: UNLICENSED" for non-open-source code. Please see https://spdx.org for more information.
--> sb/MasterChef_1.sol

Error: No visibility specified. Did you intend to add "public"?
   --> sb/MasterChef_1.sol:702:5:
    |
702 |     constructor() {
    |     ^ (Relevant source part starts here and spans across multiple lines).

Error: No visibility specified. Did you intend to add "public"?
   --> sb/MasterChef_1.sol:783:5:
    |
783 |     constructor () {
    |     ^ (Relevant source part starts here and spans across multiple lines).

Warning: Documentation tag on non-public state variables will be disallowed in 0.7.0. You will need to use the @dev tag explicitly.
    --> sb/MasterChef_1.sol:1150:5:
     |
1150 |     /// @notice A record of each accounts delegate
     |     ^^^^^^^^^^^^^^^^^^^^^^^^^^^^^^^^^^^^^^^^^^^^^^


. Solidity failed to generate bytecode for your contract. Check if all the abstract functions are implemented. 
Process Process-1:
Traceback (most recent call last):
  File "/usr/lib/python3.7/multiprocessing/process.py", line 297, in _bootstrap
    self.run()
  File "/usr/lib/python3.7/multiprocessing/process.py", line 99, in run
    self._target(*self._args, **self._kwargs)
  File "/usr/local/lib/python3.7/dist-packages/manticore/ethereum/manticore.py", line 1766, in worker_finalize
    finalizer(q.get_nowait())
  File "/usr/local/lib/python3.7/dist-packages/manticore/ethereum/manticore.py", line 1757, in finalizer
    if only_alive_states and last_tx.result in {"REVERT", "THROW", "TXERROR"}:
AttributeError: 'NoneType' object has no attribute 'result'
2023-07-03 15:59:59,583: [136] m.c.manticore:INFO: Results in /mcore_6969yye_
2023-07-03 15:59:59,583: [136] m.c.manticore:WARNING: Manticore failed to run
2023-07-03 16:00:00,339: [161] m.main:INFO: Registered plugins: IntrospectionAPIPlugin, <class 'manticore.ethereum.plugins.SkipRevertBasicBlocks'>, <class 'manticore.ethereum.plugins.FilterFunctions'>
2023-07-03 16:00:00,339: [161] m.main:INFO: Beginning analysis
2023-07-03 16:00:00,342: [161] m.e.manticore:INFO: Starting symbolic create contract
2023-07-03 16:00:00,374: [161] m.e.manticore:INFO: Failed to build contract you Errors : Invalid solc compilation Warning: SPDX license identifier not provided in source file. Before publishing, consider adding a comment containing "SPDX-License-Identifier: <SPDX-License>" to each source file. Use "SPDX-License-Identifier: UNLICENSED" for non-open-source code. Please see https://spdx.org for more information.
--> sb/MasterChef_1.sol

Error: No visibility specified. Did you intend to add "public"?
   --> sb/MasterChef_1.sol:702:5:
    |
702 |     constructor() {
    |     ^ (Relevant source part starts here and spans across multiple lines).

Error: No visibility specified. Did you intend to add "public"?
   --> sb/MasterChef_1.sol:783:5:
    |
783 |     constructor () {
    |     ^ (Relevant source part starts here and spans across multiple lines).

Warning: Documentation tag on non-public state variables will be disallowed in 0.7.0. You will need to use the @dev tag explicitly.
    --> sb/MasterChef_1.sol:1150:5:
     |
1150 |     /// @notice A record of each accounts delegate
     |     ^^^^^^^^^^^^^^^^^^^^^^^^^^^^^^^^^^^^^^^^^^^^^^


. Solidity failed to generate bytecode for your contract. Check if all the abstract functions are implemented. 
Process Process-1:
Traceback (most recent call last):
  File "/usr/lib/python3.7/multiprocessing/process.py", line 297, in _bootstrap
    self.run()
  File "/usr/lib/python3.7/multiprocessing/process.py", line 99, in run
    self._target(*self._args, **self._kwargs)
  File "/usr/local/lib/python3.7/dist-packages/manticore/ethereum/manticore.py", line 1766, in worker_finalize
    finalizer(q.get_nowait())
  File "/usr/local/lib/python3.7/dist-packages/manticore/ethereum/manticore.py", line 1757, in finalizer
    if only_alive_states and last_tx.result in {"REVERT", "THROW", "TXERROR"}:
AttributeError: 'NoneType' object has no attribute 'result'
2023-07-03 16:00:00,437: [161] m.c.manticore:INFO: Results in /mcore_ljfbe6j6
2023-07-03 16:00:00,438: [161] m.c.manticore:WARNING: Manticore failed to run
2023-07-03 16:00:01,174: [186] m.main:INFO: Registered plugins: IntrospectionAPIPlugin, <class 'manticore.ethereum.plugins.SkipRevertBasicBlocks'>, <class 'manticore.ethereum.plugins.FilterFunctions'>
2023-07-03 16:00:01,174: [186] m.main:INFO: Beginning analysis
2023-07-03 16:00:01,177: [186] m.e.manticore:INFO: Starting symbolic create contract
2023-07-03 16:00:01,231: [186] m.e.manticore:INFO: Failed to build contract intend Errors : Invalid solc compilation Warning: SPDX license identifier not provided in source file. Before publishing, consider adding a comment containing "SPDX-License-Identifier: <SPDX-License>" to each source file. Use "SPDX-License-Identifier: UNLICENSED" for non-open-source code. Please see https://spdx.org for more information.
--> sb/MasterChef_1.sol

Error: No visibility specified. Did you intend to add "public"?
   --> sb/MasterChef_1.sol:702:5:
    |
702 |     constructor() {
    |     ^ (Relevant source part starts here and spans across multiple lines).

Error: No visibility specified. Did you intend to add "public"?
   --> sb/MasterChef_1.sol:783:5:
    |
783 |     constructor () {
    |     ^ (Relevant source part starts here and spans across multiple lines).

Warning: Documentation tag on non-public state variables will be disallowed in 0.7.0. You will need to use the @dev tag explicitly.
    --> sb/MasterChef_1.sol:1150:5:
     |
1150 |     /// @notice A record of each accounts delegate
     |     ^^^^^^^^^^^^^^^^^^^^^^^^^^^^^^^^^^^^^^^^^^^^^^


. Solidity failed to generate bytecode for your contract. Check if all the abstract functions are implemented. 
Process Process-1:
Traceback (most recent call last):
  File "/usr/lib/python3.7/multiprocessing/process.py", line 297, in _bootstrap
    self.run()
  File "/usr/lib/python3.7/multiprocessing/process.py", line 99, in run
    self._target(*self._args, **self._kwargs)
  File "/usr/local/lib/python3.7/dist-packages/manticore/ethereum/manticore.py", line 1766, in worker_finalize
    finalizer(q.get_nowait())
  File "/usr/local/lib/python3.7/dist-packages/manticore/ethereum/manticore.py", line 1757, in finalizer
    if only_alive_states and last_tx.result in {"REVERT", "THROW", "TXERROR"}:
AttributeError: 'NoneType' object has no attribute 'result'
2023-07-03 16:00:01,306: [186] m.c.manticore:INFO: Results in /mcore_gdirb9fg
2023-07-03 16:00:01,307: [186] m.c.manticore:WARNING: Manticore failed to run
2023-07-03 16:00:02,040: [211] m.main:INFO: Registered plugins: IntrospectionAPIPlugin, <class 'manticore.ethereum.plugins.SkipRevertBasicBlocks'>, <class 'manticore.ethereum.plugins.FilterFunctions'>
2023-07-03 16:00:02,041: [211] m.main:INFO: Beginning analysis
2023-07-03 16:00:02,047: [211] m.e.manticore:INFO: Starting symbolic create contract
2023-07-03 16:00:02,082: [211] m.e.manticore:INFO: Failed to build contract to Errors : Invalid solc compilation Warning: SPDX license identifier not provided in source file. Before publishing, consider adding a comment containing "SPDX-License-Identifier: <SPDX-License>" to each source file. Use "SPDX-License-Identifier: UNLICENSED" for non-open-source code. Please see https://spdx.org for more information.
--> sb/MasterChef_1.sol

Error: No visibility specified. Did you intend to add "public"?
   --> sb/MasterChef_1.sol:702:5:
    |
702 |     constructor() {
    |     ^ (Relevant source part starts here and spans across multiple lines).

Error: No visibility specified. Did you intend to add "public"?
   --> sb/MasterChef_1.sol:783:5:
    |
783 |     constructor () {
    |     ^ (Relevant source part starts here and spans across multiple lines).

Warning: Documentation tag on non-public state variables will be disallowed in 0.7.0. You will need to use the @dev tag explicitly.
    --> sb/MasterChef_1.sol:1150:5:
     |
1150 |     /// @notice A record of each accounts delegate
     |     ^^^^^^^^^^^^^^^^^^^^^^^^^^^^^^^^^^^^^^^^^^^^^^


. Solidity failed to generate bytecode for your contract. Check if all the abstract functions are implemented. 
Process Process-1:
Traceback (most recent call last):
  File "/usr/lib/python3.7/multiprocessing/process.py", line 297, in _bootstrap
    self.run()
  File "/usr/lib/python3.7/multiprocessing/process.py", line 99, in run
    self._target(*self._args, **self._kwargs)
  File "/usr/local/lib/python3.7/dist-packages/manticore/ethereum/manticore.py", line 1766, in worker_finalize
    finalizer(q.get_nowait())
  File "/usr/local/lib/python3.7/dist-packages/manticore/ethereum/manticore.py", line 1757, in finalizer
    if only_alive_states and last_tx.result in {"REVERT", "THROW", "TXERROR"}:
AttributeError: 'NoneType' object has no attribute 'result'
2023-07-03 16:00:02,176: [211] m.c.manticore:INFO: Results in /mcore_pyjoaz11
2023-07-03 16:00:02,177: [211] m.c.manticore:WARNING: Manticore failed to run
2023-07-03 16:00:02,865: [236] m.main:INFO: Registered plugins: IntrospectionAPIPlugin, <class 'manticore.ethereum.plugins.SkipRevertBasicBlocks'>, <class 'manticore.ethereum.plugins.FilterFunctions'>
2023-07-03 16:00:02,865: [236] m.main:INFO: Beginning analysis
2023-07-03 16:00:02,867: [236] m.e.manticore:INFO: Starting symbolic create contract
2023-07-03 16:00:02,916: [236] m.e.manticore:INFO: Failed to build contract add Errors : Invalid solc compilation Warning: SPDX license identifier not provided in source file. Before publishing, consider adding a comment containing "SPDX-License-Identifier: <SPDX-License>" to each source file. Use "SPDX-License-Identifier: UNLICENSED" for non-open-source code. Please see https://spdx.org for more information.
--> sb/MasterChef_1.sol

Error: No visibility specified. Did you intend to add "public"?
   --> sb/MasterChef_1.sol:702:5:
    |
702 |     constructor() {
    |     ^ (Relevant source part starts here and spans across multiple lines).

Error: No visibility specified. Did you intend to add "public"?
   --> sb/MasterChef_1.sol:783:5:
    |
783 |     constructor () {
    |     ^ (Relevant source part starts here and spans across multiple lines).

Warning: Documentation tag on non-public state variables will be disallowed in 0.7.0. You will need to use the @dev tag explicitly.
    --> sb/MasterChef_1.sol:1150:5:
     |
1150 |     /// @notice A record of each accounts delegate
     |     ^^^^^^^^^^^^^^^^^^^^^^^^^^^^^^^^^^^^^^^^^^^^^^


. Solidity failed to generate bytecode for your contract. Check if all the abstract functions are implemented. 
Process Process-1:
Traceback (most recent call last):
  File "/usr/lib/python3.7/multiprocessing/process.py", line 297, in _bootstrap
    self.run()
  File "/usr/lib/python3.7/multiprocessing/process.py", line 99, in run
    self._target(*self._args, **self._kwargs)
  File "/usr/local/lib/python3.7/dist-packages/manticore/ethereum/manticore.py", line 1766, in worker_finalize
    finalizer(q.get_nowait())
  File "/usr/local/lib/python3.7/dist-packages/manticore/ethereum/manticore.py", line 1757, in finalizer
    if only_alive_states and last_tx.result in {"REVERT", "THROW", "TXERROR"}:
AttributeError: 'NoneType' object has no attribute 'result'
2023-07-03 16:00:03,035: [236] m.c.manticore:INFO: Results in /mcore_ovctv9_6
2023-07-03 16:00:03,036: [236] m.c.manticore:WARNING: Manticore failed to run
2023-07-03 16:00:03,731: [261] m.main:INFO: Registered plugins: IntrospectionAPIPlugin, <class 'manticore.ethereum.plugins.SkipRevertBasicBlocks'>, <class 'manticore.ethereum.plugins.FilterFunctions'>
2023-07-03 16:00:03,732: [261] m.main:INFO: Beginning analysis
2023-07-03 16:00:03,734: [261] m.e.manticore:INFO: Starting symbolic create contract
2023-07-03 16:00:03,764: [261] m.e.manticore:INFO: Failed to build contract "public"? Errors : Invalid solc compilation Warning: SPDX license identifier not provided in source file. Before publishing, consider adding a comment containing "SPDX-License-Identifier: <SPDX-License>" to each source file. Use "SPDX-License-Identifier: UNLICENSED" for non-open-source code. Please see https://spdx.org for more information.
--> sb/MasterChef_1.sol

Error: No visibility specified. Did you intend to add "public"?
   --> sb/MasterChef_1.sol:702:5:
    |
702 |     constructor() {
    |     ^ (Relevant source part starts here and spans across multiple lines).

Error: No visibility specified. Did you intend to add "public"?
   --> sb/MasterChef_1.sol:783:5:
    |
783 |     constructor () {
    |     ^ (Relevant source part starts here and spans across multiple lines).

Warning: Documentation tag on non-public state variables will be disallowed in 0.7.0. You will need to use the @dev tag explicitly.
    --> sb/MasterChef_1.sol:1150:5:
     |
1150 |     /// @notice A record of each accounts delegate
     |     ^^^^^^^^^^^^^^^^^^^^^^^^^^^^^^^^^^^^^^^^^^^^^^


. Solidity failed to generate bytecode for your contract. Check if all the abstract functions are implemented. 
Process Process-1:
Traceback (most recent call last):
  File "/usr/lib/python3.7/multiprocessing/process.py", line 297, in _bootstrap
    self.run()
  File "/usr/lib/python3.7/multiprocessing/process.py", line 99, in run
    self._target(*self._args, **self._kwargs)
  File "/usr/local/lib/python3.7/dist-packages/manticore/ethereum/manticore.py", line 1766, in worker_finalize
    finalizer(q.get_nowait())
  File "/usr/local/lib/python3.7/dist-packages/manticore/ethereum/manticore.py", line 1757, in finalizer
    if only_alive_states and last_tx.result in {"REVERT", "THROW", "TXERROR"}:
AttributeError: 'NoneType' object has no attribute 'result'
2023-07-03 16:00:03,835: [261] m.c.manticore:INFO: Results in /mcore_s79ifhr9
2023-07-03 16:00:03,835: [261] m.c.manticore:WARNING: Manticore failed to run
2023-07-03 16:00:04,506: [286] m.main:INFO: Registered plugins: IntrospectionAPIPlugin, <class 'manticore.ethereum.plugins.SkipRevertBasicBlocks'>, <class 'manticore.ethereum.plugins.FilterFunctions'>
2023-07-03 16:00:04,507: [286] m.main:INFO: Beginning analysis
2023-07-03 16:00:04,510: [286] m.e.manticore:INFO: Starting symbolic create contract
2023-07-03 16:00:04,549: [286] m.e.manticore:INFO: Failed to build contract constructor() Errors : Invalid solc compilation Warning: SPDX license identifier not provided in source file. Before publishing, consider adding a comment containing "SPDX-License-Identifier: <SPDX-License>" to each source file. Use "SPDX-License-Identifier: UNLICENSED" for non-open-source code. Please see https://spdx.org for more information.
--> sb/MasterChef_1.sol

Error: No visibility specified. Did you intend to add "public"?
   --> sb/MasterChef_1.sol:702:5:
    |
702 |     constructor() {
    |     ^ (Relevant source part starts here and spans across multiple lines).

Error: No visibility specified. Did you intend to add "public"?
   --> sb/MasterChef_1.sol:783:5:
    |
783 |     constructor () {
    |     ^ (Relevant source part starts here and spans across multiple lines).

Warning: Documentation tag on non-public state variables will be disallowed in 0.7.0. You will need to use the @dev tag explicitly.
    --> sb/MasterChef_1.sol:1150:5:
     |
1150 |     /// @notice A record of each accounts delegate
     |     ^^^^^^^^^^^^^^^^^^^^^^^^^^^^^^^^^^^^^^^^^^^^^^


. Solidity failed to generate bytecode for your contract. Check if all the abstract functions are implemented. 
Process Process-1:
Traceback (most recent call last):
  File "/usr/lib/python3.7/multiprocessing/process.py", line 297, in _bootstrap
    self.run()
  File "/usr/lib/python3.7/multiprocessing/process.py", line 99, in run
    self._target(*self._args, **self._kwargs)
  File "/usr/local/lib/python3.7/dist-packages/manticore/ethereum/manticore.py", line 1766, in worker_finalize
    finalizer(q.get_nowait())
  File "/usr/local/lib/python3.7/dist-packages/manticore/ethereum/manticore.py", line 1757, in finalizer
    if only_alive_states and last_tx.result in {"REVERT", "THROW", "TXERROR"}:
AttributeError: 'NoneType' object has no attribute 'result'
2023-07-03 16:00:04,612: [286] m.c.manticore:INFO: Results in /mcore_3jr1d2gu
2023-07-03 16:00:04,612: [286] m.c.manticore:WARNING: Manticore failed to run
2023-07-03 16:00:05,331: [311] m.main:INFO: Registered plugins: IntrospectionAPIPlugin, <class 'manticore.ethereum.plugins.SkipRevertBasicBlocks'>, <class 'manticore.ethereum.plugins.FilterFunctions'>
2023-07-03 16:00:05,332: [311] m.main:INFO: Beginning analysis
2023-07-03 16:00:05,334: [311] m.e.manticore:INFO: Starting symbolic create contract
2023-07-03 16:00:05,368: [311] m.e.manticore:INFO: Failed to build contract { Errors : Invalid solc compilation Warning: SPDX license identifier not provided in source file. Before publishing, consider adding a comment containing "SPDX-License-Identifier: <SPDX-License>" to each source file. Use "SPDX-License-Identifier: UNLICENSED" for non-open-source code. Please see https://spdx.org for more information.
--> sb/MasterChef_1.sol

Error: No visibility specified. Did you intend to add "public"?
   --> sb/MasterChef_1.sol:702:5:
    |
702 |     constructor() {
    |     ^ (Relevant source part starts here and spans across multiple lines).

Error: No visibility specified. Did you intend to add "public"?
   --> sb/MasterChef_1.sol:783:5:
    |
783 |     constructor () {
    |     ^ (Relevant source part starts here and spans across multiple lines).

Warning: Documentation tag on non-public state variables will be disallowed in 0.7.0. You will need to use the @dev tag explicitly.
    --> sb/MasterChef_1.sol:1150:5:
     |
1150 |     /// @notice A record of each accounts delegate
     |     ^^^^^^^^^^^^^^^^^^^^^^^^^^^^^^^^^^^^^^^^^^^^^^


. Solidity failed to generate bytecode for your contract. Check if all the abstract functions are implemented. 
Process Process-1:
Traceback (most recent call last):
  File "/usr/lib/python3.7/multiprocessing/process.py", line 297, in _bootstrap
    self.run()
  File "/usr/lib/python3.7/multiprocessing/process.py", line 99, in run
    self._target(*self._args, **self._kwargs)
  File "/usr/local/lib/python3.7/dist-packages/manticore/ethereum/manticore.py", line 1766, in worker_finalize
    finalizer(q.get_nowait())
  File "/usr/local/lib/python3.7/dist-packages/manticore/ethereum/manticore.py", line 1757, in finalizer
    if only_alive_states and last_tx.result in {"REVERT", "THROW", "TXERROR"}:
AttributeError: 'NoneType' object has no attribute 'result'
2023-07-03 16:00:05,448: [311] m.c.manticore:INFO: Results in /mcore__mjwgu_e
2023-07-03 16:00:05,449: [311] m.c.manticore:WARNING: Manticore failed to run
2023-07-03 16:00:06,115: [336] m.main:INFO: Registered plugins: IntrospectionAPIPlugin, <class 'manticore.ethereum.plugins.SkipRevertBasicBlocks'>, <class 'manticore.ethereum.plugins.FilterFunctions'>
2023-07-03 16:00:06,116: [336] m.main:INFO: Beginning analysis
2023-07-03 16:00:06,119: [336] m.e.manticore:INFO: Starting symbolic create contract
2023-07-03 16:00:06,161: [336] m.e.manticore:INFO: Failed to build contract ^ Errors : Invalid solc compilation Warning: SPDX license identifier not provided in source file. Before publishing, consider adding a comment containing "SPDX-License-Identifier: <SPDX-License>" to each source file. Use "SPDX-License-Identifier: UNLICENSED" for non-open-source code. Please see https://spdx.org for more information.
--> sb/MasterChef_1.sol

Error: No visibility specified. Did you intend to add "public"?
   --> sb/MasterChef_1.sol:702:5:
    |
702 |     constructor() {
    |     ^ (Relevant source part starts here and spans across multiple lines).

Error: No visibility specified. Did you intend to add "public"?
   --> sb/MasterChef_1.sol:783:5:
    |
783 |     constructor () {
    |     ^ (Relevant source part starts here and spans across multiple lines).

Warning: Documentation tag on non-public state variables will be disallowed in 0.7.0. You will need to use the @dev tag explicitly.
    --> sb/MasterChef_1.sol:1150:5:
     |
1150 |     /// @notice A record of each accounts delegate
     |     ^^^^^^^^^^^^^^^^^^^^^^^^^^^^^^^^^^^^^^^^^^^^^^


. Solidity failed to generate bytecode for your contract. Check if all the abstract functions are implemented. 
Process Process-1:
Traceback (most recent call last):
  File "/usr/lib/python3.7/multiprocessing/process.py", line 297, in _bootstrap
    self.run()
  File "/usr/lib/python3.7/multiprocessing/process.py", line 99, in run
    self._target(*self._args, **self._kwargs)
  File "/usr/local/lib/python3.7/dist-packages/manticore/ethereum/manticore.py", line 1766, in worker_finalize
    finalizer(q.get_nowait())
  File "/usr/local/lib/python3.7/dist-packages/manticore/ethereum/manticore.py", line 1757, in finalizer
    if only_alive_states and last_tx.result in {"REVERT", "THROW", "TXERROR"}:
AttributeError: 'NoneType' object has no attribute 'result'
2023-07-03 16:00:06,232: [336] m.c.manticore:INFO: Results in /mcore_v1x99hlu
2023-07-03 16:00:06,232: [336] m.c.manticore:WARNING: Manticore failed to run
2023-07-03 16:00:06,943: [361] m.main:INFO: Registered plugins: IntrospectionAPIPlugin, <class 'manticore.ethereum.plugins.SkipRevertBasicBlocks'>, <class 'manticore.ethereum.plugins.FilterFunctions'>
2023-07-03 16:00:06,943: [361] m.main:INFO: Beginning analysis
2023-07-03 16:00:06,945: [361] m.e.manticore:INFO: Starting symbolic create contract
2023-07-03 16:00:06,974: [361] m.e.manticore:INFO: Failed to build contract (Relevant Errors : Invalid solc compilation Warning: SPDX license identifier not provided in source file. Before publishing, consider adding a comment containing "SPDX-License-Identifier: <SPDX-License>" to each source file. Use "SPDX-License-Identifier: UNLICENSED" for non-open-source code. Please see https://spdx.org for more information.
--> sb/MasterChef_1.sol

Error: No visibility specified. Did you intend to add "public"?
   --> sb/MasterChef_1.sol:702:5:
    |
702 |     constructor() {
    |     ^ (Relevant source part starts here and spans across multiple lines).

Error: No visibility specified. Did you intend to add "public"?
   --> sb/MasterChef_1.sol:783:5:
    |
783 |     constructor () {
    |     ^ (Relevant source part starts here and spans across multiple lines).

Warning: Documentation tag on non-public state variables will be disallowed in 0.7.0. You will need to use the @dev tag explicitly.
    --> sb/MasterChef_1.sol:1150:5:
     |
1150 |     /// @notice A record of each accounts delegate
     |     ^^^^^^^^^^^^^^^^^^^^^^^^^^^^^^^^^^^^^^^^^^^^^^


. Solidity failed to generate bytecode for your contract. Check if all the abstract functions are implemented. 
Process Process-1:
Traceback (most recent call last):
  File "/usr/lib/python3.7/multiprocessing/process.py", line 297, in _bootstrap
    self.run()
  File "/usr/lib/python3.7/multiprocessing/process.py", line 99, in run
    self._target(*self._args, **self._kwargs)
  File "/usr/local/lib/python3.7/dist-packages/manticore/ethereum/manticore.py", line 1766, in worker_finalize
    finalizer(q.get_nowait())
  File "/usr/local/lib/python3.7/dist-packages/manticore/ethereum/manticore.py", line 1757, in finalizer
    if only_alive_states and last_tx.result in {"REVERT", "THROW", "TXERROR"}:
AttributeError: 'NoneType' object has no attribute 'result'
2023-07-03 16:00:07,049: [361] m.c.manticore:INFO: Results in /mcore_dmz7my1c
2023-07-03 16:00:07,049: [361] m.c.manticore:WARNING: Manticore failed to run
2023-07-03 16:00:07,730: [386] m.main:INFO: Registered plugins: IntrospectionAPIPlugin, <class 'manticore.ethereum.plugins.SkipRevertBasicBlocks'>, <class 'manticore.ethereum.plugins.FilterFunctions'>
2023-07-03 16:00:07,731: [386] m.main:INFO: Beginning analysis
2023-07-03 16:00:07,734: [386] m.e.manticore:INFO: Starting symbolic create contract
2023-07-03 16:00:07,794: [386] m.e.manticore:INFO: Failed to build contract source Errors : Invalid solc compilation Warning: SPDX license identifier not provided in source file. Before publishing, consider adding a comment containing "SPDX-License-Identifier: <SPDX-License>" to each source file. Use "SPDX-License-Identifier: UNLICENSED" for non-open-source code. Please see https://spdx.org for more information.
--> sb/MasterChef_1.sol

Error: No visibility specified. Did you intend to add "public"?
   --> sb/MasterChef_1.sol:702:5:
    |
702 |     constructor() {
    |     ^ (Relevant source part starts here and spans across multiple lines).

Error: No visibility specified. Did you intend to add "public"?
   --> sb/MasterChef_1.sol:783:5:
    |
783 |     constructor () {
    |     ^ (Relevant source part starts here and spans across multiple lines).

Warning: Documentation tag on non-public state variables will be disallowed in 0.7.0. You will need to use the @dev tag explicitly.
    --> sb/MasterChef_1.sol:1150:5:
     |
1150 |     /// @notice A record of each accounts delegate
     |     ^^^^^^^^^^^^^^^^^^^^^^^^^^^^^^^^^^^^^^^^^^^^^^


. Solidity failed to generate bytecode for your contract. Check if all the abstract functions are implemented. 
Process Process-1:
Traceback (most recent call last):
  File "/usr/lib/python3.7/multiprocessing/process.py", line 297, in _bootstrap
    self.run()
  File "/usr/lib/python3.7/multiprocessing/process.py", line 99, in run
    self._target(*self._args, **self._kwargs)
  File "/usr/local/lib/python3.7/dist-packages/manticore/ethereum/manticore.py", line 1766, in worker_finalize
    finalizer(q.get_nowait())
  File "/usr/local/lib/python3.7/dist-packages/manticore/ethereum/manticore.py", line 1757, in finalizer
    if only_alive_states and last_tx.result in {"REVERT", "THROW", "TXERROR"}:
AttributeError: 'NoneType' object has no attribute 'result'
2023-07-03 16:00:07,870: [386] m.c.manticore:INFO: Results in /mcore_xfko7_zl
2023-07-03 16:00:07,870: [386] m.c.manticore:WARNING: Manticore failed to run
2023-07-03 16:00:08,556: [411] m.main:INFO: Registered plugins: IntrospectionAPIPlugin, <class 'manticore.ethereum.plugins.SkipRevertBasicBlocks'>, <class 'manticore.ethereum.plugins.FilterFunctions'>
2023-07-03 16:00:08,556: [411] m.main:INFO: Beginning analysis
2023-07-03 16:00:08,558: [411] m.e.manticore:INFO: Starting symbolic create contract
2023-07-03 16:00:08,610: [411] m.e.manticore:INFO: Failed to build contract part Errors : Invalid solc compilation Warning: SPDX license identifier not provided in source file. Before publishing, consider adding a comment containing "SPDX-License-Identifier: <SPDX-License>" to each source file. Use "SPDX-License-Identifier: UNLICENSED" for non-open-source code. Please see https://spdx.org for more information.
--> sb/MasterChef_1.sol

Error: No visibility specified. Did you intend to add "public"?
   --> sb/MasterChef_1.sol:702:5:
    |
702 |     constructor() {
    |     ^ (Relevant source part starts here and spans across multiple lines).

Error: No visibility specified. Did you intend to add "public"?
   --> sb/MasterChef_1.sol:783:5:
    |
783 |     constructor () {
    |     ^ (Relevant source part starts here and spans across multiple lines).

Warning: Documentation tag on non-public state variables will be disallowed in 0.7.0. You will need to use the @dev tag explicitly.
    --> sb/MasterChef_1.sol:1150:5:
     |
1150 |     /// @notice A record of each accounts delegate
     |     ^^^^^^^^^^^^^^^^^^^^^^^^^^^^^^^^^^^^^^^^^^^^^^


. Solidity failed to generate bytecode for your contract. Check if all the abstract functions are implemented. 
Process Process-2:
Traceback (most recent call last):
  File "/usr/lib/python3.7/multiprocessing/process.py", line 297, in _bootstrap
    self.run()
  File "/usr/lib/python3.7/multiprocessing/process.py", line 99, in run
    self._target(*self._args, **self._kwargs)
  File "/usr/local/lib/python3.7/dist-packages/manticore/ethereum/manticore.py", line 1766, in worker_finalize
    finalizer(q.get_nowait())
  File "/usr/local/lib/python3.7/dist-packages/manticore/ethereum/manticore.py", line 1757, in finalizer
    if only_alive_states and last_tx.result in {"REVERT", "THROW", "TXERROR"}:
AttributeError: 'NoneType' object has no attribute 'result'
2023-07-03 16:00:08,695: [411] m.c.manticore:INFO: Results in /mcore_y2wgw3wn
2023-07-03 16:00:08,695: [411] m.c.manticore:WARNING: Manticore failed to run
2023-07-03 16:00:09,377: [436] m.main:INFO: Registered plugins: IntrospectionAPIPlugin, <class 'manticore.ethereum.plugins.SkipRevertBasicBlocks'>, <class 'manticore.ethereum.plugins.FilterFunctions'>
2023-07-03 16:00:09,377: [436] m.main:INFO: Beginning analysis
2023-07-03 16:00:09,380: [436] m.e.manticore:INFO: Starting symbolic create contract
2023-07-03 16:00:09,421: [436] m.e.manticore:INFO: Failed to build contract starts Errors : Invalid solc compilation Warning: SPDX license identifier not provided in source file. Before publishing, consider adding a comment containing "SPDX-License-Identifier: <SPDX-License>" to each source file. Use "SPDX-License-Identifier: UNLICENSED" for non-open-source code. Please see https://spdx.org for more information.
--> sb/MasterChef_1.sol

Error: No visibility specified. Did you intend to add "public"?
   --> sb/MasterChef_1.sol:702:5:
    |
702 |     constructor() {
    |     ^ (Relevant source part starts here and spans across multiple lines).

Error: No visibility specified. Did you intend to add "public"?
   --> sb/MasterChef_1.sol:783:5:
    |
783 |     constructor () {
    |     ^ (Relevant source part starts here and spans across multiple lines).

Warning: Documentation tag on non-public state variables will be disallowed in 0.7.0. You will need to use the @dev tag explicitly.
    --> sb/MasterChef_1.sol:1150:5:
     |
1150 |     /// @notice A record of each accounts delegate
     |     ^^^^^^^^^^^^^^^^^^^^^^^^^^^^^^^^^^^^^^^^^^^^^^


. Solidity failed to generate bytecode for your contract. Check if all the abstract functions are implemented. 
Process Process-1:
Traceback (most recent call last):
  File "/usr/lib/python3.7/multiprocessing/process.py", line 297, in _bootstrap
    self.run()
  File "/usr/lib/python3.7/multiprocessing/process.py", line 99, in run
    self._target(*self._args, **self._kwargs)
  File "/usr/local/lib/python3.7/dist-packages/manticore/ethereum/manticore.py", line 1766, in worker_finalize
    finalizer(q.get_nowait())
  File "/usr/local/lib/python3.7/dist-packages/manticore/ethereum/manticore.py", line 1757, in finalizer
    if only_alive_states and last_tx.result in {"REVERT", "THROW", "TXERROR"}:
AttributeError: 'NoneType' object has no attribute 'result'
2023-07-03 16:00:09,488: [436] m.c.manticore:INFO: Results in /mcore_sq5e4gya
2023-07-03 16:00:09,488: [436] m.c.manticore:WARNING: Manticore failed to run
2023-07-03 16:00:10,176: [461] m.main:INFO: Registered plugins: IntrospectionAPIPlugin, <class 'manticore.ethereum.plugins.SkipRevertBasicBlocks'>, <class 'manticore.ethereum.plugins.FilterFunctions'>
2023-07-03 16:00:10,177: [461] m.main:INFO: Beginning analysis
2023-07-03 16:00:10,179: [461] m.e.manticore:INFO: Starting symbolic create contract
2023-07-03 16:00:10,240: [461] m.e.manticore:INFO: Failed to build contract here Errors : Invalid solc compilation Warning: SPDX license identifier not provided in source file. Before publishing, consider adding a comment containing "SPDX-License-Identifier: <SPDX-License>" to each source file. Use "SPDX-License-Identifier: UNLICENSED" for non-open-source code. Please see https://spdx.org for more information.
--> sb/MasterChef_1.sol

Error: No visibility specified. Did you intend to add "public"?
   --> sb/MasterChef_1.sol:702:5:
    |
702 |     constructor() {
    |     ^ (Relevant source part starts here and spans across multiple lines).

Error: No visibility specified. Did you intend to add "public"?
   --> sb/MasterChef_1.sol:783:5:
    |
783 |     constructor () {
    |     ^ (Relevant source part starts here and spans across multiple lines).

Warning: Documentation tag on non-public state variables will be disallowed in 0.7.0. You will need to use the @dev tag explicitly.
    --> sb/MasterChef_1.sol:1150:5:
     |
1150 |     /// @notice A record of each accounts delegate
     |     ^^^^^^^^^^^^^^^^^^^^^^^^^^^^^^^^^^^^^^^^^^^^^^


. Solidity failed to generate bytecode for your contract. Check if all the abstract functions are implemented. 
Process Process-1:
Traceback (most recent call last):
  File "/usr/lib/python3.7/multiprocessing/process.py", line 297, in _bootstrap
    self.run()
  File "/usr/lib/python3.7/multiprocessing/process.py", line 99, in run
    self._target(*self._args, **self._kwargs)
  File "/usr/local/lib/python3.7/dist-packages/manticore/ethereum/manticore.py", line 1766, in worker_finalize
    finalizer(q.get_nowait())
  File "/usr/local/lib/python3.7/dist-packages/manticore/ethereum/manticore.py", line 1757, in finalizer
    if only_alive_states and last_tx.result in {"REVERT", "THROW", "TXERROR"}:
AttributeError: 'NoneType' object has no attribute 'result'
2023-07-03 16:00:10,361: [461] m.c.manticore:INFO: Results in /mcore_iyqsw_i2
2023-07-03 16:00:10,362: [461] m.c.manticore:WARNING: Manticore failed to run
2023-07-03 16:00:11,113: [486] m.main:INFO: Registered plugins: IntrospectionAPIPlugin, <class 'manticore.ethereum.plugins.SkipRevertBasicBlocks'>, <class 'manticore.ethereum.plugins.FilterFunctions'>
2023-07-03 16:00:11,113: [486] m.main:INFO: Beginning analysis
2023-07-03 16:00:11,116: [486] m.e.manticore:INFO: Starting symbolic create contract
2023-07-03 16:00:11,158: [486] m.e.manticore:INFO: Failed to build contract and Errors : Invalid solc compilation Warning: SPDX license identifier not provided in source file. Before publishing, consider adding a comment containing "SPDX-License-Identifier: <SPDX-License>" to each source file. Use "SPDX-License-Identifier: UNLICENSED" for non-open-source code. Please see https://spdx.org for more information.
--> sb/MasterChef_1.sol

Error: No visibility specified. Did you intend to add "public"?
   --> sb/MasterChef_1.sol:702:5:
    |
702 |     constructor() {
    |     ^ (Relevant source part starts here and spans across multiple lines).

Error: No visibility specified. Did you intend to add "public"?
   --> sb/MasterChef_1.sol:783:5:
    |
783 |     constructor () {
    |     ^ (Relevant source part starts here and spans across multiple lines).

Warning: Documentation tag on non-public state variables will be disallowed in 0.7.0. You will need to use the @dev tag explicitly.
    --> sb/MasterChef_1.sol:1150:5:
     |
1150 |     /// @notice A record of each accounts delegate
     |     ^^^^^^^^^^^^^^^^^^^^^^^^^^^^^^^^^^^^^^^^^^^^^^


. Solidity failed to generate bytecode for your contract. Check if all the abstract functions are implemented. 
Process Process-1:
Traceback (most recent call last):
  File "/usr/lib/python3.7/multiprocessing/process.py", line 297, in _bootstrap
    self.run()
  File "/usr/lib/python3.7/multiprocessing/process.py", line 99, in run
    self._target(*self._args, **self._kwargs)
  File "/usr/local/lib/python3.7/dist-packages/manticore/ethereum/manticore.py", line 1766, in worker_finalize
    finalizer(q.get_nowait())
  File "/usr/local/lib/python3.7/dist-packages/manticore/ethereum/manticore.py", line 1757, in finalizer
    if only_alive_states and last_tx.result in {"REVERT", "THROW", "TXERROR"}:
AttributeError: 'NoneType' object has no attribute 'result'
2023-07-03 16:00:11,217: [486] m.c.manticore:INFO: Results in /mcore_n49xuyje
2023-07-03 16:00:11,217: [486] m.c.manticore:WARNING: Manticore failed to run
2023-07-03 16:00:11,876: [511] m.main:INFO: Registered plugins: IntrospectionAPIPlugin, <class 'manticore.ethereum.plugins.SkipRevertBasicBlocks'>, <class 'manticore.ethereum.plugins.FilterFunctions'>
2023-07-03 16:00:11,876: [511] m.main:INFO: Beginning analysis
2023-07-03 16:00:11,880: [511] m.e.manticore:INFO: Starting symbolic create contract
2023-07-03 16:00:11,922: [511] m.e.manticore:INFO: Failed to build contract spans Errors : Invalid solc compilation Warning: SPDX license identifier not provided in source file. Before publishing, consider adding a comment containing "SPDX-License-Identifier: <SPDX-License>" to each source file. Use "SPDX-License-Identifier: UNLICENSED" for non-open-source code. Please see https://spdx.org for more information.
--> sb/MasterChef_1.sol

Error: No visibility specified. Did you intend to add "public"?
   --> sb/MasterChef_1.sol:702:5:
    |
702 |     constructor() {
    |     ^ (Relevant source part starts here and spans across multiple lines).

Error: No visibility specified. Did you intend to add "public"?
   --> sb/MasterChef_1.sol:783:5:
    |
783 |     constructor () {
    |     ^ (Relevant source part starts here and spans across multiple lines).

Warning: Documentation tag on non-public state variables will be disallowed in 0.7.0. You will need to use the @dev tag explicitly.
    --> sb/MasterChef_1.sol:1150:5:
     |
1150 |     /// @notice A record of each accounts delegate
     |     ^^^^^^^^^^^^^^^^^^^^^^^^^^^^^^^^^^^^^^^^^^^^^^


. Solidity failed to generate bytecode for your contract. Check if all the abstract functions are implemented. 
Process Process-1:
Traceback (most recent call last):
  File "/usr/lib/python3.7/multiprocessing/process.py", line 297, in _bootstrap
    self.run()
  File "/usr/lib/python3.7/multiprocessing/process.py", line 99, in run
    self._target(*self._args, **self._kwargs)
  File "/usr/local/lib/python3.7/dist-packages/manticore/ethereum/manticore.py", line 1766, in worker_finalize
    finalizer(q.get_nowait())
  File "/usr/local/lib/python3.7/dist-packages/manticore/ethereum/manticore.py", line 1757, in finalizer
    if only_alive_states and last_tx.result in {"REVERT", "THROW", "TXERROR"}:
AttributeError: 'NoneType' object has no attribute 'result'
2023-07-03 16:00:11,998: [511] m.c.manticore:INFO: Results in /mcore_74cywsgi
2023-07-03 16:00:11,998: [511] m.c.manticore:WARNING: Manticore failed to run
2023-07-03 16:00:12,755: [536] m.main:INFO: Registered plugins: IntrospectionAPIPlugin, <class 'manticore.ethereum.plugins.SkipRevertBasicBlocks'>, <class 'manticore.ethereum.plugins.FilterFunctions'>
2023-07-03 16:00:12,756: [536] m.main:INFO: Beginning analysis
2023-07-03 16:00:12,759: [536] m.e.manticore:INFO: Starting symbolic create contract
2023-07-03 16:00:12,798: [536] m.e.manticore:INFO: Failed to build contract across Errors : Invalid solc compilation Warning: SPDX license identifier not provided in source file. Before publishing, consider adding a comment containing "SPDX-License-Identifier: <SPDX-License>" to each source file. Use "SPDX-License-Identifier: UNLICENSED" for non-open-source code. Please see https://spdx.org for more information.
--> sb/MasterChef_1.sol

Error: No visibility specified. Did you intend to add "public"?
   --> sb/MasterChef_1.sol:702:5:
    |
702 |     constructor() {
    |     ^ (Relevant source part starts here and spans across multiple lines).

Error: No visibility specified. Did you intend to add "public"?
   --> sb/MasterChef_1.sol:783:5:
    |
783 |     constructor () {
    |     ^ (Relevant source part starts here and spans across multiple lines).

Warning: Documentation tag on non-public state variables will be disallowed in 0.7.0. You will need to use the @dev tag explicitly.
    --> sb/MasterChef_1.sol:1150:5:
     |
1150 |     /// @notice A record of each accounts delegate
     |     ^^^^^^^^^^^^^^^^^^^^^^^^^^^^^^^^^^^^^^^^^^^^^^


. Solidity failed to generate bytecode for your contract. Check if all the abstract functions are implemented. 
Process Process-1:
Traceback (most recent call last):
  File "/usr/lib/python3.7/multiprocessing/process.py", line 297, in _bootstrap
    self.run()
  File "/usr/lib/python3.7/multiprocessing/process.py", line 99, in run
    self._target(*self._args, **self._kwargs)
  File "/usr/local/lib/python3.7/dist-packages/manticore/ethereum/manticore.py", line 1766, in worker_finalize
    finalizer(q.get_nowait())
  File "/usr/local/lib/python3.7/dist-packages/manticore/ethereum/manticore.py", line 1757, in finalizer
    if only_alive_states and last_tx.result in {"REVERT", "THROW", "TXERROR"}:
AttributeError: 'NoneType' object has no attribute 'result'
2023-07-03 16:00:12,873: [536] m.c.manticore:INFO: Results in /mcore_9_ty9m17
2023-07-03 16:00:12,874: [536] m.c.manticore:WARNING: Manticore failed to run
2023-07-03 16:00:13,576: [561] m.main:INFO: Registered plugins: IntrospectionAPIPlugin, <class 'manticore.ethereum.plugins.SkipRevertBasicBlocks'>, <class 'manticore.ethereum.plugins.FilterFunctions'>
2023-07-03 16:00:13,576: [561] m.main:INFO: Beginning analysis
2023-07-03 16:00:13,579: [561] m.e.manticore:INFO: Starting symbolic create contract
2023-07-03 16:00:13,629: [561] m.e.manticore:INFO: Failed to build contract multiple Errors : Invalid solc compilation Warning: SPDX license identifier not provided in source file. Before publishing, consider adding a comment containing "SPDX-License-Identifier: <SPDX-License>" to each source file. Use "SPDX-License-Identifier: UNLICENSED" for non-open-source code. Please see https://spdx.org for more information.
--> sb/MasterChef_1.sol

Error: No visibility specified. Did you intend to add "public"?
   --> sb/MasterChef_1.sol:702:5:
    |
702 |     constructor() {
    |     ^ (Relevant source part starts here and spans across multiple lines).

Error: No visibility specified. Did you intend to add "public"?
   --> sb/MasterChef_1.sol:783:5:
    |
783 |     constructor () {
    |     ^ (Relevant source part starts here and spans across multiple lines).

Warning: Documentation tag on non-public state variables will be disallowed in 0.7.0. You will need to use the @dev tag explicitly.
    --> sb/MasterChef_1.sol:1150:5:
     |
1150 |     /// @notice A record of each accounts delegate
     |     ^^^^^^^^^^^^^^^^^^^^^^^^^^^^^^^^^^^^^^^^^^^^^^


. Solidity failed to generate bytecode for your contract. Check if all the abstract functions are implemented. 
Process Process-1:
Traceback (most recent call last):
  File "/usr/lib/python3.7/multiprocessing/process.py", line 297, in _bootstrap
    self.run()
  File "/usr/lib/python3.7/multiprocessing/process.py", line 99, in run
    self._target(*self._args, **self._kwargs)
  File "/usr/local/lib/python3.7/dist-packages/manticore/ethereum/manticore.py", line 1766, in worker_finalize
    finalizer(q.get_nowait())
  File "/usr/local/lib/python3.7/dist-packages/manticore/ethereum/manticore.py", line 1757, in finalizer
    if only_alive_states and last_tx.result in {"REVERT", "THROW", "TXERROR"}:
AttributeError: 'NoneType' object has no attribute 'result'
2023-07-03 16:00:13,702: [561] m.c.manticore:INFO: Results in /mcore__qr60iwe
2023-07-03 16:00:13,702: [561] m.c.manticore:WARNING: Manticore failed to run
2023-07-03 16:00:14,566: [586] m.main:INFO: Registered plugins: IntrospectionAPIPlugin, <class 'manticore.ethereum.plugins.SkipRevertBasicBlocks'>, <class 'manticore.ethereum.plugins.FilterFunctions'>
2023-07-03 16:00:14,566: [586] m.main:INFO: Beginning analysis
2023-07-03 16:00:14,568: [586] m.e.manticore:INFO: Starting symbolic create contract
2023-07-03 16:00:14,602: [586] m.e.manticore:INFO: Failed to build contract lines). Errors : Invalid solc compilation Warning: SPDX license identifier not provided in source file. Before publishing, consider adding a comment containing "SPDX-License-Identifier: <SPDX-License>" to each source file. Use "SPDX-License-Identifier: UNLICENSED" for non-open-source code. Please see https://spdx.org for more information.
--> sb/MasterChef_1.sol

Error: No visibility specified. Did you intend to add "public"?
   --> sb/MasterChef_1.sol:702:5:
    |
702 |     constructor() {
    |     ^ (Relevant source part starts here and spans across multiple lines).

Error: No visibility specified. Did you intend to add "public"?
   --> sb/MasterChef_1.sol:783:5:
    |
783 |     constructor () {
    |     ^ (Relevant source part starts here and spans across multiple lines).

Warning: Documentation tag on non-public state variables will be disallowed in 0.7.0. You will need to use the @dev tag explicitly.
    --> sb/MasterChef_1.sol:1150:5:
     |
1150 |     /// @notice A record of each accounts delegate
     |     ^^^^^^^^^^^^^^^^^^^^^^^^^^^^^^^^^^^^^^^^^^^^^^


. Solidity failed to generate bytecode for your contract. Check if all the abstract functions are implemented. 
Process Process-1:
Traceback (most recent call last):
  File "/usr/lib/python3.7/multiprocessing/process.py", line 297, in _bootstrap
    self.run()
  File "/usr/lib/python3.7/multiprocessing/process.py", line 99, in run
    self._target(*self._args, **self._kwargs)
  File "/usr/local/lib/python3.7/dist-packages/manticore/ethereum/manticore.py", line 1766, in worker_finalize
    finalizer(q.get_nowait())
  File "/usr/local/lib/python3.7/dist-packages/manticore/ethereum/manticore.py", line 1757, in finalizer
    if only_alive_states and last_tx.result in {"REVERT", "THROW", "TXERROR"}:
AttributeError: 'NoneType' object has no attribute 'result'
2023-07-03 16:00:14,685: [586] m.c.manticore:INFO: Results in /mcore_7osbyg3g
2023-07-03 16:00:14,685: [586] m.c.manticore:WARNING: Manticore failed to run
