2023-07-03 16:15:59,317: [11] m.main:INFO: Registered plugins: IntrospectionAPIPlugin, <class 'manticore.ethereum.plugins.SkipRevertBasicBlocks'>, <class 'manticore.ethereum.plugins.FilterFunctions'>
2023-07-03 16:15:59,317: [11] m.main:INFO: Beginning analysis
2023-07-03 16:15:59,320: [11] m.e.manticore:INFO: Starting symbolic create contract
2023-07-03 16:16:00,171: [11] m.e.manticore:INFO: Starting symbolic transaction: 0
2023-07-03 16:16:00,281: [11] m.e.manticore:INFO: 0 alive states, 2 terminated states
2023-07-03 16:16:00,421: [11] m.c.manticore:INFO: Results in /mcore__j6xlm61
2023-07-03 16:16:00,421: [11] m.c.manticore:INFO: Total time: 0.2465686798095703
2023-07-03 16:16:01,148: [76] m.main:INFO: Registered plugins: IntrospectionAPIPlugin, <class 'manticore.ethereum.plugins.SkipRevertBasicBlocks'>, <class 'manticore.ethereum.plugins.FilterFunctions'>
2023-07-03 16:16:01,148: [76] m.main:INFO: Beginning analysis
2023-07-03 16:16:01,150: [76] m.e.manticore:INFO: Starting symbolic create contract
2023-07-03 16:16:02,028: [76] m.e.manticore:INFO: Starting symbolic transaction: 0
2023-07-03 16:16:02,159: [76] m.e.manticore:INFO: 0 alive states, 2 terminated states
2023-07-03 16:16:02,307: [76] m.c.manticore:INFO: Results in /mcore_7dwa33ah
2023-07-03 16:16:02,307: [76] m.c.manticore:INFO: Total time: 0.27330899238586426
2023-07-03 16:16:03,112: [141] m.main:INFO: Registered plugins: IntrospectionAPIPlugin, <class 'manticore.ethereum.plugins.SkipRevertBasicBlocks'>, <class 'manticore.ethereum.plugins.FilterFunctions'>
2023-07-03 16:16:03,112: [141] m.main:INFO: Beginning analysis
2023-07-03 16:16:03,116: [141] m.e.manticore:INFO: Starting symbolic create contract
2023-07-03 16:16:03,929: [141] m.e.manticore:INFO: Starting symbolic transaction: 0
2023-07-03 16:16:04,053: [141] m.e.manticore:INFO: 0 alive states, 2 terminated states
2023-07-03 16:16:04,195: [141] m.c.manticore:INFO: Results in /mcore_b0tzkups
2023-07-03 16:16:04,195: [141] m.c.manticore:INFO: Total time: 0.26244020462036133
2023-07-03 16:16:05,022: [206] m.main:INFO: Registered plugins: IntrospectionAPIPlugin, <class 'manticore.ethereum.plugins.SkipRevertBasicBlocks'>, <class 'manticore.ethereum.plugins.FilterFunctions'>
2023-07-03 16:16:05,023: [206] m.main:INFO: Beginning analysis
2023-07-03 16:16:05,025: [206] m.e.manticore:INFO: Starting symbolic create contract
2023-07-03 16:16:05,881: [206] m.e.manticore:INFO: Starting symbolic transaction: 0
2023-07-03 16:16:06,002: [206] m.e.manticore:INFO: 0 alive states, 2 terminated states
2023-07-03 16:16:06,158: [206] m.c.manticore:INFO: Results in /mcore_psk3hoq6
2023-07-03 16:16:06,158: [206] m.c.manticore:INFO: Total time: 0.26727914810180664
2023-07-03 16:16:06,816: [271] m.main:INFO: Registered plugins: IntrospectionAPIPlugin, <class 'manticore.ethereum.plugins.SkipRevertBasicBlocks'>, <class 'manticore.ethereum.plugins.FilterFunctions'>
2023-07-03 16:16:06,816: [271] m.main:INFO: Beginning analysis
2023-07-03 16:16:06,819: [271] m.e.manticore:INFO: Starting symbolic create contract
2023-07-03 16:16:07,945: [271] m.e.manticore:INFO: Starting symbolic transaction: 0
2023-07-03 16:16:08,527: [271] m.c.worker:ERROR: Exception in state 0: ManticoreError('Forking on unfeasible constraint set')
Traceback (most recent call last):
  File "/usr/local/lib/python3.7/dist-packages/manticore/core/worker.py", line 137, in run
    current_state.execute()
  File "/usr/local/lib/python3.7/dist-packages/manticore/ethereum/state.py", line 8, in execute
    return self._platform.execute()
  File "/usr/local/lib/python3.7/dist-packages/manticore/platforms/evm.py", line 3106, in execute
    self.current_vm.execute()
  File "/usr/local/lib/python3.7/dist-packages/manticore/platforms/evm.py", line 1322, in execute
    raise Concretize("Symbolic PC", expression=expression, setstate=setstate, policy="ALL")
manticore.core.state.Concretize

During handling of the above exception, another exception occurred:

Traceback (most recent call last):
  File "/usr/local/lib/python3.7/dist-packages/manticore/core/worker.py", line 158, in run
    m._fork(current_state, exc.expression, exc.policy, exc.setstate, exc.values)
  File "/usr/local/lib/python3.7/dist-packages/manticore/core/manticore.py", line 518, in _fork
    raise ManticoreError("Forking on unfeasible constraint set")
manticore.exceptions.ManticoreError: Forking on unfeasible constraint set
 
2023-07-03 16:16:08,535: [271] m.e.manticore:INFO: 0 alive states, 1 terminated states
2023-07-03 16:16:08,653: [271] m.c.manticore:INFO: Results in /mcore_daeclx5c
2023-07-03 16:16:08,653: [271] m.c.manticore:INFO: Total time: 0.7007608413696289
2023-07-03 16:16:09,408: [330] m.main:INFO: Registered plugins: IntrospectionAPIPlugin, <class 'manticore.ethereum.plugins.SkipRevertBasicBlocks'>, <class 'manticore.ethereum.plugins.FilterFunctions'>
2023-07-03 16:16:09,409: [330] m.main:INFO: Beginning analysis
2023-07-03 16:16:09,411: [330] m.e.manticore:INFO: Starting symbolic create contract
