2023-07-03 16:49:30,027: [11] m.main:INFO: Registered plugins: IntrospectionAPIPlugin, <class 'manticore.ethereum.plugins.SkipRevertBasicBlocks'>, <class 'manticore.ethereum.plugins.FilterFunctions'>
2023-07-03 16:49:30,028: [11] m.main:INFO: Beginning analysis
2023-07-03 16:49:30,030: [11] m.e.manticore:INFO: Starting symbolic create contract
2023-07-03 16:49:30,047: [11] m.e.manticore:INFO: Failed to build contract ParserError: Errors : Invalid solc compilation Error: Source "interfaces/IOracleWrapper.sol" not found: File not found.
 --> sb/SMAOracle_1.sol:3:1:
  |
3 | import "../interfaces/IOracleWrapper.sol";
  | ^^^^^^^^^^^^^^^^^^^^^^^^^^^^^^^^^^^^^^^^^^

Error: Source "interfaces/IPriceObserver.sol" not found: File not found.
 --> sb/SMAOracle_1.sol:4:1:
  |
4 | import "../interfaces/IPriceObserver.sol";
  | ^^^^^^^^^^^^^^^^^^^^^^^^^^^^^^^^^^^^^^^^^^

Error: Source "implementation/PriceObserver.sol" not found: File not found.
 --> sb/SMAOracle_1.sol:5:1:
  |
5 | import "../implementation/PriceObserver.sol";
  | ^^^^^^^^^^^^^^^^^^^^^^^^^^^^^^^^^^^^^^^^^^^^^

Error: Source "prb-math/contracts/PRBMathSD59x18.sol" not found: File not found.
 --> sb/SMAOracle_1.sol:6:1:
  |
6 | import "prb-math/contracts/PRBMathSD59x18.sol";
  | ^^^^^^^^^^^^^^^^^^^^^^^^^^^^^^^^^^^^^^^^^^^^^^^


. Solidity failed to generate bytecode for your contract. Check if all the abstract functions are implemented. 
Process Process-1:
Traceback (most recent call last):
  File "/usr/lib/python3.7/multiprocessing/process.py", line 297, in _bootstrap
    self.run()
  File "/usr/lib/python3.7/multiprocessing/process.py", line 99, in run
    self._target(*self._args, **self._kwargs)
  File "/usr/local/lib/python3.7/dist-packages/manticore/ethereum/manticore.py", line 1766, in worker_finalize
    finalizer(q.get_nowait())
  File "/usr/local/lib/python3.7/dist-packages/manticore/ethereum/manticore.py", line 1757, in finalizer
    if only_alive_states and last_tx.result in {"REVERT", "THROW", "TXERROR"}:
AttributeError: 'NoneType' object has no attribute 'result'
2023-07-03 16:49:30,131: [11] m.c.manticore:INFO: Results in /mcore_4i5e2fwg
2023-07-03 16:49:30,131: [11] m.c.manticore:WARNING: Manticore failed to run
2023-07-03 16:49:30,784: [36] m.main:INFO: Registered plugins: IntrospectionAPIPlugin, <class 'manticore.ethereum.plugins.SkipRevertBasicBlocks'>, <class 'manticore.ethereum.plugins.FilterFunctions'>
2023-07-03 16:49:30,785: [36] m.main:INFO: Beginning analysis
2023-07-03 16:49:30,787: [36] m.e.manticore:INFO: Starting symbolic create contract
2023-07-03 16:49:30,814: [36] m.e.manticore:INFO: Failed to build contract Source Errors : Invalid solc compilation Error: Source "interfaces/IOracleWrapper.sol" not found: File not found.
 --> sb/SMAOracle_1.sol:3:1:
  |
3 | import "../interfaces/IOracleWrapper.sol";
  | ^^^^^^^^^^^^^^^^^^^^^^^^^^^^^^^^^^^^^^^^^^

Error: Source "interfaces/IPriceObserver.sol" not found: File not found.
 --> sb/SMAOracle_1.sol:4:1:
  |
4 | import "../interfaces/IPriceObserver.sol";
  | ^^^^^^^^^^^^^^^^^^^^^^^^^^^^^^^^^^^^^^^^^^

Error: Source "implementation/PriceObserver.sol" not found: File not found.
 --> sb/SMAOracle_1.sol:5:1:
  |
5 | import "../implementation/PriceObserver.sol";
  | ^^^^^^^^^^^^^^^^^^^^^^^^^^^^^^^^^^^^^^^^^^^^^

Error: Source "prb-math/contracts/PRBMathSD59x18.sol" not found: File not found.
 --> sb/SMAOracle_1.sol:6:1:
  |
6 | import "prb-math/contracts/PRBMathSD59x18.sol";
  | ^^^^^^^^^^^^^^^^^^^^^^^^^^^^^^^^^^^^^^^^^^^^^^^


. Solidity failed to generate bytecode for your contract. Check if all the abstract functions are implemented. 
Process Process-1:
Traceback (most recent call last):
  File "/usr/lib/python3.7/multiprocessing/process.py", line 297, in _bootstrap
    self.run()
  File "/usr/lib/python3.7/multiprocessing/process.py", line 99, in run
    self._target(*self._args, **self._kwargs)
  File "/usr/local/lib/python3.7/dist-packages/manticore/ethereum/manticore.py", line 1766, in worker_finalize
    finalizer(q.get_nowait())
  File "/usr/local/lib/python3.7/dist-packages/manticore/ethereum/manticore.py", line 1757, in finalizer
    if only_alive_states and last_tx.result in {"REVERT", "THROW", "TXERROR"}:
AttributeError: 'NoneType' object has no attribute 'result'
2023-07-03 16:49:30,893: [36] m.c.manticore:INFO: Results in /mcore_pgteownb
2023-07-03 16:49:30,893: [36] m.c.manticore:WARNING: Manticore failed to run
2023-07-03 16:49:31,562: [61] m.main:INFO: Registered plugins: IntrospectionAPIPlugin, <class 'manticore.ethereum.plugins.SkipRevertBasicBlocks'>, <class 'manticore.ethereum.plugins.FilterFunctions'>
2023-07-03 16:49:31,562: [61] m.main:INFO: Beginning analysis
2023-07-03 16:49:31,566: [61] m.e.manticore:INFO: Starting symbolic create contract
2023-07-03 16:49:31,589: [61] m.e.manticore:INFO: Failed to build contract "/interfaces/IOracleWrapper.sol" Errors : Invalid solc compilation Error: Source "interfaces/IOracleWrapper.sol" not found: File not found.
 --> sb/SMAOracle_1.sol:3:1:
  |
3 | import "../interfaces/IOracleWrapper.sol";
  | ^^^^^^^^^^^^^^^^^^^^^^^^^^^^^^^^^^^^^^^^^^

Error: Source "interfaces/IPriceObserver.sol" not found: File not found.
 --> sb/SMAOracle_1.sol:4:1:
  |
4 | import "../interfaces/IPriceObserver.sol";
  | ^^^^^^^^^^^^^^^^^^^^^^^^^^^^^^^^^^^^^^^^^^

Error: Source "implementation/PriceObserver.sol" not found: File not found.
 --> sb/SMAOracle_1.sol:5:1:
  |
5 | import "../implementation/PriceObserver.sol";
  | ^^^^^^^^^^^^^^^^^^^^^^^^^^^^^^^^^^^^^^^^^^^^^

Error: Source "prb-math/contracts/PRBMathSD59x18.sol" not found: File not found.
 --> sb/SMAOracle_1.sol:6:1:
  |
6 | import "prb-math/contracts/PRBMathSD59x18.sol";
  | ^^^^^^^^^^^^^^^^^^^^^^^^^^^^^^^^^^^^^^^^^^^^^^^


. Solidity failed to generate bytecode for your contract. Check if all the abstract functions are implemented. 
Process Process-1:
Traceback (most recent call last):
  File "/usr/lib/python3.7/multiprocessing/process.py", line 297, in _bootstrap
    self.run()
  File "/usr/lib/python3.7/multiprocessing/process.py", line 99, in run
    self._target(*self._args, **self._kwargs)
  File "/usr/local/lib/python3.7/dist-packages/manticore/ethereum/manticore.py", line 1766, in worker_finalize
    finalizer(q.get_nowait())
  File "/usr/local/lib/python3.7/dist-packages/manticore/ethereum/manticore.py", line 1757, in finalizer
    if only_alive_states and last_tx.result in {"REVERT", "THROW", "TXERROR"}:
AttributeError: 'NoneType' object has no attribute 'result'
2023-07-03 16:49:31,678: [61] m.c.manticore:INFO: Results in /mcore_ma_z0h2j
2023-07-03 16:49:31,678: [61] m.c.manticore:WARNING: Manticore failed to run
2023-07-03 16:49:32,402: [86] m.main:INFO: Registered plugins: IntrospectionAPIPlugin, <class 'manticore.ethereum.plugins.SkipRevertBasicBlocks'>, <class 'manticore.ethereum.plugins.FilterFunctions'>
2023-07-03 16:49:32,402: [86] m.main:INFO: Beginning analysis
2023-07-03 16:49:32,406: [86] m.e.manticore:INFO: Starting symbolic create contract
2023-07-03 16:49:32,434: [86] m.e.manticore:INFO: Failed to build contract not Errors : Invalid solc compilation Error: Source "interfaces/IOracleWrapper.sol" not found: File not found.
 --> sb/SMAOracle_1.sol:3:1:
  |
3 | import "../interfaces/IOracleWrapper.sol";
  | ^^^^^^^^^^^^^^^^^^^^^^^^^^^^^^^^^^^^^^^^^^

Error: Source "interfaces/IPriceObserver.sol" not found: File not found.
 --> sb/SMAOracle_1.sol:4:1:
  |
4 | import "../interfaces/IPriceObserver.sol";
  | ^^^^^^^^^^^^^^^^^^^^^^^^^^^^^^^^^^^^^^^^^^

Error: Source "implementation/PriceObserver.sol" not found: File not found.
 --> sb/SMAOracle_1.sol:5:1:
  |
5 | import "../implementation/PriceObserver.sol";
  | ^^^^^^^^^^^^^^^^^^^^^^^^^^^^^^^^^^^^^^^^^^^^^

Error: Source "prb-math/contracts/PRBMathSD59x18.sol" not found: File not found.
 --> sb/SMAOracle_1.sol:6:1:
  |
6 | import "prb-math/contracts/PRBMathSD59x18.sol";
  | ^^^^^^^^^^^^^^^^^^^^^^^^^^^^^^^^^^^^^^^^^^^^^^^


. Solidity failed to generate bytecode for your contract. Check if all the abstract functions are implemented. 
Process Process-1:
Traceback (most recent call last):
  File "/usr/lib/python3.7/multiprocessing/process.py", line 297, in _bootstrap
    self.run()
  File "/usr/lib/python3.7/multiprocessing/process.py", line 99, in run
    self._target(*self._args, **self._kwargs)
  File "/usr/local/lib/python3.7/dist-packages/manticore/ethereum/manticore.py", line 1766, in worker_finalize
    finalizer(q.get_nowait())
  File "/usr/local/lib/python3.7/dist-packages/manticore/ethereum/manticore.py", line 1757, in finalizer
    if only_alive_states and last_tx.result in {"REVERT", "THROW", "TXERROR"}:
AttributeError: 'NoneType' object has no attribute 'result'
2023-07-03 16:49:32,513: [86] m.c.manticore:INFO: Results in /mcore_2lfupnkb
2023-07-03 16:49:32,514: [86] m.c.manticore:WARNING: Manticore failed to run
2023-07-03 16:49:33,256: [111] m.main:INFO: Registered plugins: IntrospectionAPIPlugin, <class 'manticore.ethereum.plugins.SkipRevertBasicBlocks'>, <class 'manticore.ethereum.plugins.FilterFunctions'>
2023-07-03 16:49:33,257: [111] m.main:INFO: Beginning analysis
2023-07-03 16:49:33,260: [111] m.e.manticore:INFO: Starting symbolic create contract
2023-07-03 16:49:33,280: [111] m.e.manticore:INFO: Failed to build contract found: Errors : Invalid solc compilation Error: Source "interfaces/IOracleWrapper.sol" not found: File not found.
 --> sb/SMAOracle_1.sol:3:1:
  |
3 | import "../interfaces/IOracleWrapper.sol";
  | ^^^^^^^^^^^^^^^^^^^^^^^^^^^^^^^^^^^^^^^^^^

Error: Source "interfaces/IPriceObserver.sol" not found: File not found.
 --> sb/SMAOracle_1.sol:4:1:
  |
4 | import "../interfaces/IPriceObserver.sol";
  | ^^^^^^^^^^^^^^^^^^^^^^^^^^^^^^^^^^^^^^^^^^

Error: Source "implementation/PriceObserver.sol" not found: File not found.
 --> sb/SMAOracle_1.sol:5:1:
  |
5 | import "../implementation/PriceObserver.sol";
  | ^^^^^^^^^^^^^^^^^^^^^^^^^^^^^^^^^^^^^^^^^^^^^

Error: Source "prb-math/contracts/PRBMathSD59x18.sol" not found: File not found.
 --> sb/SMAOracle_1.sol:6:1:
  |
6 | import "prb-math/contracts/PRBMathSD59x18.sol";
  | ^^^^^^^^^^^^^^^^^^^^^^^^^^^^^^^^^^^^^^^^^^^^^^^


. Solidity failed to generate bytecode for your contract. Check if all the abstract functions are implemented. 
Process Process-1:
Traceback (most recent call last):
  File "/usr/lib/python3.7/multiprocessing/process.py", line 297, in _bootstrap
    self.run()
  File "/usr/lib/python3.7/multiprocessing/process.py", line 99, in run
    self._target(*self._args, **self._kwargs)
  File "/usr/local/lib/python3.7/dist-packages/manticore/ethereum/manticore.py", line 1766, in worker_finalize
    finalizer(q.get_nowait())
  File "/usr/local/lib/python3.7/dist-packages/manticore/ethereum/manticore.py", line 1757, in finalizer
    if only_alive_states and last_tx.result in {"REVERT", "THROW", "TXERROR"}:
AttributeError: 'NoneType' object has no attribute 'result'
2023-07-03 16:49:33,361: [111] m.c.manticore:INFO: Results in /mcore_xcxotycy
2023-07-03 16:49:33,361: [111] m.c.manticore:WARNING: Manticore failed to run
2023-07-03 16:49:34,043: [136] m.main:INFO: Registered plugins: IntrospectionAPIPlugin, <class 'manticore.ethereum.plugins.SkipRevertBasicBlocks'>, <class 'manticore.ethereum.plugins.FilterFunctions'>
2023-07-03 16:49:34,044: [136] m.main:INFO: Beginning analysis
2023-07-03 16:49:34,047: [136] m.e.manticore:INFO: Starting symbolic create contract
2023-07-03 16:49:34,072: [136] m.e.manticore:INFO: Failed to build contract File Errors : Invalid solc compilation Error: Source "interfaces/IOracleWrapper.sol" not found: File not found.
 --> sb/SMAOracle_1.sol:3:1:
  |
3 | import "../interfaces/IOracleWrapper.sol";
  | ^^^^^^^^^^^^^^^^^^^^^^^^^^^^^^^^^^^^^^^^^^

Error: Source "interfaces/IPriceObserver.sol" not found: File not found.
 --> sb/SMAOracle_1.sol:4:1:
  |
4 | import "../interfaces/IPriceObserver.sol";
  | ^^^^^^^^^^^^^^^^^^^^^^^^^^^^^^^^^^^^^^^^^^

Error: Source "implementation/PriceObserver.sol" not found: File not found.
 --> sb/SMAOracle_1.sol:5:1:
  |
5 | import "../implementation/PriceObserver.sol";
  | ^^^^^^^^^^^^^^^^^^^^^^^^^^^^^^^^^^^^^^^^^^^^^

Error: Source "prb-math/contracts/PRBMathSD59x18.sol" not found: File not found.
 --> sb/SMAOracle_1.sol:6:1:
  |
6 | import "prb-math/contracts/PRBMathSD59x18.sol";
  | ^^^^^^^^^^^^^^^^^^^^^^^^^^^^^^^^^^^^^^^^^^^^^^^


. Solidity failed to generate bytecode for your contract. Check if all the abstract functions are implemented. 
Process Process-1:
Traceback (most recent call last):
  File "/usr/lib/python3.7/multiprocessing/process.py", line 297, in _bootstrap
    self.run()
  File "/usr/lib/python3.7/multiprocessing/process.py", line 99, in run
    self._target(*self._args, **self._kwargs)
  File "/usr/local/lib/python3.7/dist-packages/manticore/ethereum/manticore.py", line 1766, in worker_finalize
    finalizer(q.get_nowait())
  File "/usr/local/lib/python3.7/dist-packages/manticore/ethereum/manticore.py", line 1757, in finalizer
    if only_alive_states and last_tx.result in {"REVERT", "THROW", "TXERROR"}:
AttributeError: 'NoneType' object has no attribute 'result'
2023-07-03 16:49:34,141: [136] m.c.manticore:INFO: Results in /mcore_7ny34crh
2023-07-03 16:49:34,142: [136] m.c.manticore:WARNING: Manticore failed to run
2023-07-03 16:49:34,839: [161] m.main:INFO: Registered plugins: IntrospectionAPIPlugin, <class 'manticore.ethereum.plugins.SkipRevertBasicBlocks'>, <class 'manticore.ethereum.plugins.FilterFunctions'>
2023-07-03 16:49:34,839: [161] m.main:INFO: Beginning analysis
2023-07-03 16:49:34,842: [161] m.e.manticore:INFO: Starting symbolic create contract
2023-07-03 16:49:34,868: [161] m.e.manticore:INFO: Failed to build contract not Errors : Invalid solc compilation Error: Source "interfaces/IOracleWrapper.sol" not found: File not found.
 --> sb/SMAOracle_1.sol:3:1:
  |
3 | import "../interfaces/IOracleWrapper.sol";
  | ^^^^^^^^^^^^^^^^^^^^^^^^^^^^^^^^^^^^^^^^^^

Error: Source "interfaces/IPriceObserver.sol" not found: File not found.
 --> sb/SMAOracle_1.sol:4:1:
  |
4 | import "../interfaces/IPriceObserver.sol";
  | ^^^^^^^^^^^^^^^^^^^^^^^^^^^^^^^^^^^^^^^^^^

Error: Source "implementation/PriceObserver.sol" not found: File not found.
 --> sb/SMAOracle_1.sol:5:1:
  |
5 | import "../implementation/PriceObserver.sol";
  | ^^^^^^^^^^^^^^^^^^^^^^^^^^^^^^^^^^^^^^^^^^^^^

Error: Source "prb-math/contracts/PRBMathSD59x18.sol" not found: File not found.
 --> sb/SMAOracle_1.sol:6:1:
  |
6 | import "prb-math/contracts/PRBMathSD59x18.sol";
  | ^^^^^^^^^^^^^^^^^^^^^^^^^^^^^^^^^^^^^^^^^^^^^^^


. Solidity failed to generate bytecode for your contract. Check if all the abstract functions are implemented. 
Process Process-1:
Traceback (most recent call last):
  File "/usr/lib/python3.7/multiprocessing/process.py", line 297, in _bootstrap
    self.run()
  File "/usr/lib/python3.7/multiprocessing/process.py", line 99, in run
    self._target(*self._args, **self._kwargs)
  File "/usr/local/lib/python3.7/dist-packages/manticore/ethereum/manticore.py", line 1766, in worker_finalize
    finalizer(q.get_nowait())
  File "/usr/local/lib/python3.7/dist-packages/manticore/ethereum/manticore.py", line 1757, in finalizer
    if only_alive_states and last_tx.result in {"REVERT", "THROW", "TXERROR"}:
AttributeError: 'NoneType' object has no attribute 'result'
2023-07-03 16:49:34,955: [161] m.c.manticore:INFO: Results in /mcore_3e_ut_rm
2023-07-03 16:49:34,955: [161] m.c.manticore:WARNING: Manticore failed to run
2023-07-03 16:49:35,719: [186] m.main:INFO: Registered plugins: IntrospectionAPIPlugin, <class 'manticore.ethereum.plugins.SkipRevertBasicBlocks'>, <class 'manticore.ethereum.plugins.FilterFunctions'>
2023-07-03 16:49:35,719: [186] m.main:INFO: Beginning analysis
2023-07-03 16:49:35,722: [186] m.e.manticore:INFO: Starting symbolic create contract
2023-07-03 16:49:35,740: [186] m.e.manticore:INFO: Failed to build contract found. Errors : Invalid solc compilation Error: Source "interfaces/IOracleWrapper.sol" not found: File not found.
 --> sb/SMAOracle_1.sol:3:1:
  |
3 | import "../interfaces/IOracleWrapper.sol";
  | ^^^^^^^^^^^^^^^^^^^^^^^^^^^^^^^^^^^^^^^^^^

Error: Source "interfaces/IPriceObserver.sol" not found: File not found.
 --> sb/SMAOracle_1.sol:4:1:
  |
4 | import "../interfaces/IPriceObserver.sol";
  | ^^^^^^^^^^^^^^^^^^^^^^^^^^^^^^^^^^^^^^^^^^

Error: Source "implementation/PriceObserver.sol" not found: File not found.
 --> sb/SMAOracle_1.sol:5:1:
  |
5 | import "../implementation/PriceObserver.sol";
  | ^^^^^^^^^^^^^^^^^^^^^^^^^^^^^^^^^^^^^^^^^^^^^

Error: Source "prb-math/contracts/PRBMathSD59x18.sol" not found: File not found.
 --> sb/SMAOracle_1.sol:6:1:
  |
6 | import "prb-math/contracts/PRBMathSD59x18.sol";
  | ^^^^^^^^^^^^^^^^^^^^^^^^^^^^^^^^^^^^^^^^^^^^^^^


. Solidity failed to generate bytecode for your contract. Check if all the abstract functions are implemented. 
Process Process-1:
Traceback (most recent call last):
  File "/usr/lib/python3.7/multiprocessing/process.py", line 297, in _bootstrap
    self.run()
  File "/usr/lib/python3.7/multiprocessing/process.py", line 99, in run
    self._target(*self._args, **self._kwargs)
  File "/usr/local/lib/python3.7/dist-packages/manticore/ethereum/manticore.py", line 1766, in worker_finalize
    finalizer(q.get_nowait())
  File "/usr/local/lib/python3.7/dist-packages/manticore/ethereum/manticore.py", line 1757, in finalizer
    if only_alive_states and last_tx.result in {"REVERT", "THROW", "TXERROR"}:
AttributeError: 'NoneType' object has no attribute 'result'
2023-07-03 16:49:35,822: [186] m.c.manticore:INFO: Results in /mcore_9lsvcb6i
2023-07-03 16:49:35,822: [186] m.c.manticore:WARNING: Manticore failed to run
usage: manticore [-h] [--compile-force-framework COMPILE_FORCE_FRAMEWORK]
                 [--compile-remove-metadata]
                 [--compile-custom-build COMPILE_CUSTOM_BUILD]
                 [--ignore-compile] [--solc SOLC] [--solc-remaps SOLC_REMAPS]
                 [--solc-args SOLC_ARGS] [--solc-disable-warnings]
                 [--solc-working-dir SOLC_WORKING_DIR]
                 [--solc-solcs-select SOLC_SOLCS_SELECT]
                 [--solc-solcs-bin SOLC_SOLCS_BIN] [--solc-standard-json]
                 [--solc-force-legacy-json] [--truffle-ignore-compile]
                 [--truffle-build-directory TRUFFLE_BUILD_DIRECTORY]
                 [--truffle-version TRUFFLE_VERSION]
                 [--truffle-overwrite-config]
                 [--truffle-overwrite-version TRUFFLE_OVERWRITE_VERSION]
                 [--embark-ignore-compile] [--embark-overwrite-config]
                 [--dapp-ignore-compile] [--etherlime-ignore-compile]
                 [--etherlime-compile-arguments]
                 [--etherscan-only-source-code] [--etherscan-only-bytecode]
                 [--etherscan-apikey ETHERSCAN_API_KEY]
                 [--arbiscan-apikey ARBISCAN_API_KEY]
                 [--polygonscan-apikey POLYGONSCAN_API_KEY]
                 [--avax-apikey AVAX_API_KEY]
                 [--ftmscan-apikey FTMSCAN_API_KEY]
                 [--bscan-apikey BSCAN_API_KEY]
                 [--etherscan-export-directory ETHERSCAN_EXPORT_DIR]
                 [--waffle-ignore-compile]
                 [--waffle-config-file WAFFLE_CONFIG_FILE] [--npx-disable]
                 [--buidler-ignore-compile]
                 [--buidler-cache-directory BUIDLER_CACHE_DIRECTORY]
                 [--buidler-skip-directory-name-fix]
                 [--hardhat-ignore-compile]
                 [--hardhat-cache-directory HARDHAT_CACHE_DIRECTORY]
                 [--hardhat-artifacts-directory HARDHAT_ARTIFACTS_DIRECTORY]
                 [--coverage COVERAGE] [--no-colors] [--policy POLICY] [-v]
                 [--workspace WORKSPACE] [--version] [--config CONFIG]
                 [--entrysymbol ENTRYSYMBOL] [--data DATA] [--file FILES]
                 [--env ENV] [--pure-symbolic] [--verbose-trace]
                 [--txlimit TXLIMIT] [--txnocoverage] [--txnoether]
                 [--txaccount TXACCOUNT] [--txpreconstrain]
                 [--contract CONTRACT] [--list-detectors]
                 [--exclude DETECTORS_TO_EXCLUDE] [--exclude-all]
                 [--avoid-constant] [--limit-loops] [--no-testcases]
                 [--only-alive-testcases] [--thorough-mode]
                 [--core.compress_states CORE.COMPRESS_STATES]
                 [--core.execs_per_intermittent_cb CORE.EXECS_PER_INTERMITTENT_CB]
                 [--core.HOST CORE.HOST] [--core.PORT CORE.PORT]
                 [--core.fast_fail CORE.FAST_FAIL]
                 [--core.timeout CORE.TIMEOUT] [--core.cluster CORE.CLUSTER]
                 [--core.procs CORE.PROCS]
                 [--core.mprocessing CORE.MPROCESSING] [--core.seed CORE.SEED]
                 [--smt.timeout SMT.TIMEOUT] [--smt.memory SMT.MEMORY]
                 [--smt.maxsolutions SMT.MAXSOLUTIONS]
                 [--smt.z3_bin SMT.Z3_BIN] [--smt.cvc4_bin SMT.CVC4_BIN]
                 [--smt.yices_bin SMT.YICES_BIN]
                 [--smt.boolector_bin SMT.BOOLECTOR_BIN]
                 [--smt.defaultunsat SMT.DEFAULTUNSAT]
                 [--smt.optimize SMT.OPTIMIZE] [--smt.solver SMT.SOLVER]
                 [--workspace.prefix WORKSPACE.PREFIX]
                 [--workspace.dir WORKSPACE.DIR] [--evm.oog EVM.OOG]
                 [--evm.txfail EVM.TXFAIL]
                 [--evm.calldata_max_offset EVM.CALLDATA_MAX_OFFSET]
                 [--evm.calldata_max_size EVM.CALLDATA_MAX_SIZE]
                 [--evm.ignore_balance EVM.IGNORE_BALANCE]
                 [--evm.defaultgas EVM.DEFAULTGAS] [--evm.sha3 EVM.SHA3]
                 [--evm.sha3timeout EVM.SHA3TIMEOUT] [--evm.events EVM.EVENTS]
                 [--cli.profile CLI.PROFILE]
                 [--cli.explore_balance CLI.EXPLORE_BALANCE]
                 [--cli.skip_reverts CLI.SKIP_REVERTS]
                 [--cli.target_func CLI.TARGET_FUNC]
                 [--wasm.decode_names WASM.DECODE_NAMES]
                 [--main.recursionlimit MAIN.RECURSIONLIMIT]
                 [--native.fast_crash NATIVE.FAST_CRASH]
                 [--native.stdin_size NATIVE.STDIN_SIZE]
                 [argv [argv ...]]
manticore: error: argument --contract: expected one argument
mv: cannot stat '/mcore_*': No such file or directory
2023-07-03 16:49:37,122: [215] m.main:INFO: Registered plugins: IntrospectionAPIPlugin, <class 'manticore.ethereum.plugins.SkipRevertBasicBlocks'>, <class 'manticore.ethereum.plugins.FilterFunctions'>
2023-07-03 16:49:37,123: [215] m.main:INFO: Beginning analysis
2023-07-03 16:49:37,128: [215] m.e.manticore:INFO: Starting symbolic create contract
2023-07-03 16:49:37,156: [215] m.e.manticore:INFO: Failed to build contract /sb/SMAOracle_1.sol:3:1: Errors : Invalid solc compilation Error: Source "interfaces/IOracleWrapper.sol" not found: File not found.
 --> sb/SMAOracle_1.sol:3:1:
  |
3 | import "../interfaces/IOracleWrapper.sol";
  | ^^^^^^^^^^^^^^^^^^^^^^^^^^^^^^^^^^^^^^^^^^

Error: Source "interfaces/IPriceObserver.sol" not found: File not found.
 --> sb/SMAOracle_1.sol:4:1:
  |
4 | import "../interfaces/IPriceObserver.sol";
  | ^^^^^^^^^^^^^^^^^^^^^^^^^^^^^^^^^^^^^^^^^^

Error: Source "implementation/PriceObserver.sol" not found: File not found.
 --> sb/SMAOracle_1.sol:5:1:
  |
5 | import "../implementation/PriceObserver.sol";
  | ^^^^^^^^^^^^^^^^^^^^^^^^^^^^^^^^^^^^^^^^^^^^^

Error: Source "prb-math/contracts/PRBMathSD59x18.sol" not found: File not found.
 --> sb/SMAOracle_1.sol:6:1:
  |
6 | import "prb-math/contracts/PRBMathSD59x18.sol";
  | ^^^^^^^^^^^^^^^^^^^^^^^^^^^^^^^^^^^^^^^^^^^^^^^


. Solidity failed to generate bytecode for your contract. Check if all the abstract functions are implemented. 
Process Process-1:
Traceback (most recent call last):
  File "/usr/lib/python3.7/multiprocessing/process.py", line 297, in _bootstrap
    self.run()
  File "/usr/lib/python3.7/multiprocessing/process.py", line 99, in run
    self._target(*self._args, **self._kwargs)
  File "/usr/local/lib/python3.7/dist-packages/manticore/ethereum/manticore.py", line 1766, in worker_finalize
    finalizer(q.get_nowait())
  File "/usr/local/lib/python3.7/dist-packages/manticore/ethereum/manticore.py", line 1757, in finalizer
    if only_alive_states and last_tx.result in {"REVERT", "THROW", "TXERROR"}:
AttributeError: 'NoneType' object has no attribute 'result'
2023-07-03 16:49:37,291: [215] m.c.manticore:INFO: Results in /mcore_pnv2ohqo
2023-07-03 16:49:37,292: [215] m.c.manticore:WARNING: Manticore failed to run
2023-07-03 16:49:38,046: [240] m.main:INFO: Registered plugins: IntrospectionAPIPlugin, <class 'manticore.ethereum.plugins.SkipRevertBasicBlocks'>, <class 'manticore.ethereum.plugins.FilterFunctions'>
2023-07-03 16:49:38,046: [240] m.main:INFO: Beginning analysis
2023-07-03 16:49:38,048: [240] m.e.manticore:INFO: Starting symbolic create contract
2023-07-03 16:49:38,075: [240] m.e.manticore:INFO: Failed to build contract | Errors : Invalid solc compilation Error: Source "interfaces/IOracleWrapper.sol" not found: File not found.
 --> sb/SMAOracle_1.sol:3:1:
  |
3 | import "../interfaces/IOracleWrapper.sol";
  | ^^^^^^^^^^^^^^^^^^^^^^^^^^^^^^^^^^^^^^^^^^

Error: Source "interfaces/IPriceObserver.sol" not found: File not found.
 --> sb/SMAOracle_1.sol:4:1:
  |
4 | import "../interfaces/IPriceObserver.sol";
  | ^^^^^^^^^^^^^^^^^^^^^^^^^^^^^^^^^^^^^^^^^^

Error: Source "implementation/PriceObserver.sol" not found: File not found.
 --> sb/SMAOracle_1.sol:5:1:
  |
5 | import "../implementation/PriceObserver.sol";
  | ^^^^^^^^^^^^^^^^^^^^^^^^^^^^^^^^^^^^^^^^^^^^^

Error: Source "prb-math/contracts/PRBMathSD59x18.sol" not found: File not found.
 --> sb/SMAOracle_1.sol:6:1:
  |
6 | import "prb-math/contracts/PRBMathSD59x18.sol";
  | ^^^^^^^^^^^^^^^^^^^^^^^^^^^^^^^^^^^^^^^^^^^^^^^


. Solidity failed to generate bytecode for your contract. Check if all the abstract functions are implemented. 
Process Process-1:
Traceback (most recent call last):
  File "/usr/lib/python3.7/multiprocessing/process.py", line 297, in _bootstrap
    self.run()
  File "/usr/lib/python3.7/multiprocessing/process.py", line 99, in run
    self._target(*self._args, **self._kwargs)
  File "/usr/local/lib/python3.7/dist-packages/manticore/ethereum/manticore.py", line 1766, in worker_finalize
    finalizer(q.get_nowait())
  File "/usr/local/lib/python3.7/dist-packages/manticore/ethereum/manticore.py", line 1757, in finalizer
    if only_alive_states and last_tx.result in {"REVERT", "THROW", "TXERROR"}:
AttributeError: 'NoneType' object has no attribute 'result'
2023-07-03 16:49:38,158: [240] m.c.manticore:INFO: Results in /mcore__yw8ssp7
2023-07-03 16:49:38,159: [240] m.c.manticore:WARNING: Manticore failed to run
2023-07-03 16:49:39,006: [265] m.main:INFO: Registered plugins: IntrospectionAPIPlugin, <class 'manticore.ethereum.plugins.SkipRevertBasicBlocks'>, <class 'manticore.ethereum.plugins.FilterFunctions'>
2023-07-03 16:49:39,006: [265] m.main:INFO: Beginning analysis
2023-07-03 16:49:39,008: [265] m.e.manticore:INFO: Starting symbolic create contract
2023-07-03 16:49:39,028: [265] m.e.manticore:INFO: Failed to build contract 3 Errors : Invalid solc compilation Error: Source "interfaces/IOracleWrapper.sol" not found: File not found.
 --> sb/SMAOracle_1.sol:3:1:
  |
3 | import "../interfaces/IOracleWrapper.sol";
  | ^^^^^^^^^^^^^^^^^^^^^^^^^^^^^^^^^^^^^^^^^^

Error: Source "interfaces/IPriceObserver.sol" not found: File not found.
 --> sb/SMAOracle_1.sol:4:1:
  |
4 | import "../interfaces/IPriceObserver.sol";
  | ^^^^^^^^^^^^^^^^^^^^^^^^^^^^^^^^^^^^^^^^^^

Error: Source "implementation/PriceObserver.sol" not found: File not found.
 --> sb/SMAOracle_1.sol:5:1:
  |
5 | import "../implementation/PriceObserver.sol";
  | ^^^^^^^^^^^^^^^^^^^^^^^^^^^^^^^^^^^^^^^^^^^^^

Error: Source "prb-math/contracts/PRBMathSD59x18.sol" not found: File not found.
 --> sb/SMAOracle_1.sol:6:1:
  |
6 | import "prb-math/contracts/PRBMathSD59x18.sol";
  | ^^^^^^^^^^^^^^^^^^^^^^^^^^^^^^^^^^^^^^^^^^^^^^^


. Solidity failed to generate bytecode for your contract. Check if all the abstract functions are implemented. 
Process Process-1:
Traceback (most recent call last):
  File "/usr/lib/python3.7/multiprocessing/process.py", line 297, in _bootstrap
    self.run()
  File "/usr/lib/python3.7/multiprocessing/process.py", line 99, in run
    self._target(*self._args, **self._kwargs)
  File "/usr/local/lib/python3.7/dist-packages/manticore/ethereum/manticore.py", line 1766, in worker_finalize
    finalizer(q.get_nowait())
  File "/usr/local/lib/python3.7/dist-packages/manticore/ethereum/manticore.py", line 1757, in finalizer
    if only_alive_states and last_tx.result in {"REVERT", "THROW", "TXERROR"}:
AttributeError: 'NoneType' object has no attribute 'result'
2023-07-03 16:49:39,109: [265] m.c.manticore:INFO: Results in /mcore_qoq8mdou
2023-07-03 16:49:39,109: [265] m.c.manticore:WARNING: Manticore failed to run
2023-07-03 16:49:39,741: [290] m.main:INFO: Registered plugins: IntrospectionAPIPlugin, <class 'manticore.ethereum.plugins.SkipRevertBasicBlocks'>, <class 'manticore.ethereum.plugins.FilterFunctions'>
2023-07-03 16:49:39,742: [290] m.main:INFO: Beginning analysis
2023-07-03 16:49:39,745: [290] m.e.manticore:INFO: Starting symbolic create contract
2023-07-03 16:49:39,823: [290] m.e.manticore:INFO: Failed to build contract | Errors : Invalid solc compilation Error: Source "interfaces/IOracleWrapper.sol" not found: File not found.
 --> sb/SMAOracle_1.sol:3:1:
  |
3 | import "../interfaces/IOracleWrapper.sol";
  | ^^^^^^^^^^^^^^^^^^^^^^^^^^^^^^^^^^^^^^^^^^

Error: Source "interfaces/IPriceObserver.sol" not found: File not found.
 --> sb/SMAOracle_1.sol:4:1:
  |
4 | import "../interfaces/IPriceObserver.sol";
  | ^^^^^^^^^^^^^^^^^^^^^^^^^^^^^^^^^^^^^^^^^^

Error: Source "implementation/PriceObserver.sol" not found: File not found.
 --> sb/SMAOracle_1.sol:5:1:
  |
5 | import "../implementation/PriceObserver.sol";
  | ^^^^^^^^^^^^^^^^^^^^^^^^^^^^^^^^^^^^^^^^^^^^^

Error: Source "prb-math/contracts/PRBMathSD59x18.sol" not found: File not found.
 --> sb/SMAOracle_1.sol:6:1:
  |
6 | import "prb-math/contracts/PRBMathSD59x18.sol";
  | ^^^^^^^^^^^^^^^^^^^^^^^^^^^^^^^^^^^^^^^^^^^^^^^


. Solidity failed to generate bytecode for your contract. Check if all the abstract functions are implemented. 
Process Process-1:
Traceback (most recent call last):
  File "/usr/lib/python3.7/multiprocessing/process.py", line 297, in _bootstrap
    self.run()
  File "/usr/lib/python3.7/multiprocessing/process.py", line 99, in run
    self._target(*self._args, **self._kwargs)
  File "/usr/local/lib/python3.7/dist-packages/manticore/ethereum/manticore.py", line 1766, in worker_finalize
    finalizer(q.get_nowait())
  File "/usr/local/lib/python3.7/dist-packages/manticore/ethereum/manticore.py", line 1757, in finalizer
    if only_alive_states and last_tx.result in {"REVERT", "THROW", "TXERROR"}:
AttributeError: 'NoneType' object has no attribute 'result'
2023-07-03 16:49:39,896: [290] m.c.manticore:INFO: Results in /mcore_e2bs1icn
2023-07-03 16:49:39,896: [290] m.c.manticore:WARNING: Manticore failed to run
2023-07-03 16:49:40,601: [315] m.main:INFO: Registered plugins: IntrospectionAPIPlugin, <class 'manticore.ethereum.plugins.SkipRevertBasicBlocks'>, <class 'manticore.ethereum.plugins.FilterFunctions'>
2023-07-03 16:49:40,602: [315] m.main:INFO: Beginning analysis
2023-07-03 16:49:40,604: [315] m.e.manticore:INFO: Starting symbolic create contract
2023-07-03 16:49:40,630: [315] m.e.manticore:INFO: Failed to build contract import Errors : Invalid solc compilation Error: Source "interfaces/IOracleWrapper.sol" not found: File not found.
 --> sb/SMAOracle_1.sol:3:1:
  |
3 | import "../interfaces/IOracleWrapper.sol";
  | ^^^^^^^^^^^^^^^^^^^^^^^^^^^^^^^^^^^^^^^^^^

Error: Source "interfaces/IPriceObserver.sol" not found: File not found.
 --> sb/SMAOracle_1.sol:4:1:
  |
4 | import "../interfaces/IPriceObserver.sol";
  | ^^^^^^^^^^^^^^^^^^^^^^^^^^^^^^^^^^^^^^^^^^

Error: Source "implementation/PriceObserver.sol" not found: File not found.
 --> sb/SMAOracle_1.sol:5:1:
  |
5 | import "../implementation/PriceObserver.sol";
  | ^^^^^^^^^^^^^^^^^^^^^^^^^^^^^^^^^^^^^^^^^^^^^

Error: Source "prb-math/contracts/PRBMathSD59x18.sol" not found: File not found.
 --> sb/SMAOracle_1.sol:6:1:
  |
6 | import "prb-math/contracts/PRBMathSD59x18.sol";
  | ^^^^^^^^^^^^^^^^^^^^^^^^^^^^^^^^^^^^^^^^^^^^^^^


. Solidity failed to generate bytecode for your contract. Check if all the abstract functions are implemented. 
Process Process-1:
Traceback (most recent call last):
  File "/usr/lib/python3.7/multiprocessing/process.py", line 297, in _bootstrap
    self.run()
  File "/usr/lib/python3.7/multiprocessing/process.py", line 99, in run
    self._target(*self._args, **self._kwargs)
  File "/usr/local/lib/python3.7/dist-packages/manticore/ethereum/manticore.py", line 1766, in worker_finalize
    finalizer(q.get_nowait())
  File "/usr/local/lib/python3.7/dist-packages/manticore/ethereum/manticore.py", line 1757, in finalizer
    if only_alive_states and last_tx.result in {"REVERT", "THROW", "TXERROR"}:
AttributeError: 'NoneType' object has no attribute 'result'
2023-07-03 16:49:40,711: [315] m.c.manticore:INFO: Results in /mcore_rmbuwf9q
2023-07-03 16:49:40,711: [315] m.c.manticore:WARNING: Manticore failed to run
2023-07-03 16:49:41,418: [340] m.main:INFO: Registered plugins: IntrospectionAPIPlugin, <class 'manticore.ethereum.plugins.SkipRevertBasicBlocks'>, <class 'manticore.ethereum.plugins.FilterFunctions'>
2023-07-03 16:49:41,419: [340] m.main:INFO: Beginning analysis
2023-07-03 16:49:41,423: [340] m.e.manticore:INFO: Starting symbolic create contract
2023-07-03 16:49:41,442: [340] m.e.manticore:INFO: Failed to build contract "../interfaces/IOracleWrapper.sol"; Errors : Invalid solc compilation Error: Source "interfaces/IOracleWrapper.sol" not found: File not found.
 --> sb/SMAOracle_1.sol:3:1:
  |
3 | import "../interfaces/IOracleWrapper.sol";
  | ^^^^^^^^^^^^^^^^^^^^^^^^^^^^^^^^^^^^^^^^^^

Error: Source "interfaces/IPriceObserver.sol" not found: File not found.
 --> sb/SMAOracle_1.sol:4:1:
  |
4 | import "../interfaces/IPriceObserver.sol";
  | ^^^^^^^^^^^^^^^^^^^^^^^^^^^^^^^^^^^^^^^^^^

Error: Source "implementation/PriceObserver.sol" not found: File not found.
 --> sb/SMAOracle_1.sol:5:1:
  |
5 | import "../implementation/PriceObserver.sol";
  | ^^^^^^^^^^^^^^^^^^^^^^^^^^^^^^^^^^^^^^^^^^^^^

Error: Source "prb-math/contracts/PRBMathSD59x18.sol" not found: File not found.
 --> sb/SMAOracle_1.sol:6:1:
  |
6 | import "prb-math/contracts/PRBMathSD59x18.sol";
  | ^^^^^^^^^^^^^^^^^^^^^^^^^^^^^^^^^^^^^^^^^^^^^^^


. Solidity failed to generate bytecode for your contract. Check if all the abstract functions are implemented. 
Process Process-1:
Traceback (most recent call last):
  File "/usr/lib/python3.7/multiprocessing/process.py", line 297, in _bootstrap
    self.run()
  File "/usr/lib/python3.7/multiprocessing/process.py", line 99, in run
    self._target(*self._args, **self._kwargs)
  File "/usr/local/lib/python3.7/dist-packages/manticore/ethereum/manticore.py", line 1766, in worker_finalize
    finalizer(q.get_nowait())
  File "/usr/local/lib/python3.7/dist-packages/manticore/ethereum/manticore.py", line 1757, in finalizer
    if only_alive_states and last_tx.result in {"REVERT", "THROW", "TXERROR"}:
AttributeError: 'NoneType' object has no attribute 'result'
2023-07-03 16:49:41,507: [340] m.c.manticore:INFO: Results in /mcore_7wz9m2sq
2023-07-03 16:49:41,507: [340] m.c.manticore:WARNING: Manticore failed to run
2023-07-03 16:49:42,145: [365] m.main:INFO: Registered plugins: IntrospectionAPIPlugin, <class 'manticore.ethereum.plugins.SkipRevertBasicBlocks'>, <class 'manticore.ethereum.plugins.FilterFunctions'>
2023-07-03 16:49:42,145: [365] m.main:INFO: Beginning analysis
2023-07-03 16:49:42,148: [365] m.e.manticore:INFO: Starting symbolic create contract
2023-07-03 16:49:42,173: [365] m.e.manticore:INFO: Failed to build contract | Errors : Invalid solc compilation Error: Source "interfaces/IOracleWrapper.sol" not found: File not found.
 --> sb/SMAOracle_1.sol:3:1:
  |
3 | import "../interfaces/IOracleWrapper.sol";
  | ^^^^^^^^^^^^^^^^^^^^^^^^^^^^^^^^^^^^^^^^^^

Error: Source "interfaces/IPriceObserver.sol" not found: File not found.
 --> sb/SMAOracle_1.sol:4:1:
  |
4 | import "../interfaces/IPriceObserver.sol";
  | ^^^^^^^^^^^^^^^^^^^^^^^^^^^^^^^^^^^^^^^^^^

Error: Source "implementation/PriceObserver.sol" not found: File not found.
 --> sb/SMAOracle_1.sol:5:1:
  |
5 | import "../implementation/PriceObserver.sol";
  | ^^^^^^^^^^^^^^^^^^^^^^^^^^^^^^^^^^^^^^^^^^^^^

Error: Source "prb-math/contracts/PRBMathSD59x18.sol" not found: File not found.
 --> sb/SMAOracle_1.sol:6:1:
  |
6 | import "prb-math/contracts/PRBMathSD59x18.sol";
  | ^^^^^^^^^^^^^^^^^^^^^^^^^^^^^^^^^^^^^^^^^^^^^^^


. Solidity failed to generate bytecode for your contract. Check if all the abstract functions are implemented. 
Process Process-1:
Traceback (most recent call last):
  File "/usr/lib/python3.7/multiprocessing/process.py", line 297, in _bootstrap
    self.run()
  File "/usr/lib/python3.7/multiprocessing/process.py", line 99, in run
    self._target(*self._args, **self._kwargs)
  File "/usr/local/lib/python3.7/dist-packages/manticore/ethereum/manticore.py", line 1766, in worker_finalize
    finalizer(q.get_nowait())
  File "/usr/local/lib/python3.7/dist-packages/manticore/ethereum/manticore.py", line 1757, in finalizer
    if only_alive_states and last_tx.result in {"REVERT", "THROW", "TXERROR"}:
AttributeError: 'NoneType' object has no attribute 'result'
2023-07-03 16:49:42,250: [365] m.c.manticore:INFO: Results in /mcore_n410mu8e
2023-07-03 16:49:42,250: [365] m.c.manticore:WARNING: Manticore failed to run
2023-07-03 16:49:42,895: [390] m.main:INFO: Registered plugins: IntrospectionAPIPlugin, <class 'manticore.ethereum.plugins.SkipRevertBasicBlocks'>, <class 'manticore.ethereum.plugins.FilterFunctions'>
2023-07-03 16:49:42,895: [390] m.main:INFO: Beginning analysis
2023-07-03 16:49:42,899: [390] m.e.manticore:INFO: Starting symbolic create contract
2023-07-03 16:49:42,928: [390] m.e.manticore:INFO: Failed to build contract ^^^^^^^^^^^^^^^^^^^^^^^^^^^^^^^^^^^^^^^^^^ Errors : Invalid solc compilation Error: Source "interfaces/IOracleWrapper.sol" not found: File not found.
 --> sb/SMAOracle_1.sol:3:1:
  |
3 | import "../interfaces/IOracleWrapper.sol";
  | ^^^^^^^^^^^^^^^^^^^^^^^^^^^^^^^^^^^^^^^^^^

Error: Source "interfaces/IPriceObserver.sol" not found: File not found.
 --> sb/SMAOracle_1.sol:4:1:
  |
4 | import "../interfaces/IPriceObserver.sol";
  | ^^^^^^^^^^^^^^^^^^^^^^^^^^^^^^^^^^^^^^^^^^

Error: Source "implementation/PriceObserver.sol" not found: File not found.
 --> sb/SMAOracle_1.sol:5:1:
  |
5 | import "../implementation/PriceObserver.sol";
  | ^^^^^^^^^^^^^^^^^^^^^^^^^^^^^^^^^^^^^^^^^^^^^

Error: Source "prb-math/contracts/PRBMathSD59x18.sol" not found: File not found.
 --> sb/SMAOracle_1.sol:6:1:
  |
6 | import "prb-math/contracts/PRBMathSD59x18.sol";
  | ^^^^^^^^^^^^^^^^^^^^^^^^^^^^^^^^^^^^^^^^^^^^^^^


. Solidity failed to generate bytecode for your contract. Check if all the abstract functions are implemented. 
Process Process-1:
Traceback (most recent call last):
  File "/usr/lib/python3.7/multiprocessing/process.py", line 297, in _bootstrap
    self.run()
  File "/usr/lib/python3.7/multiprocessing/process.py", line 99, in run
    self._target(*self._args, **self._kwargs)
  File "/usr/local/lib/python3.7/dist-packages/manticore/ethereum/manticore.py", line 1766, in worker_finalize
    finalizer(q.get_nowait())
  File "/usr/local/lib/python3.7/dist-packages/manticore/ethereum/manticore.py", line 1757, in finalizer
    if only_alive_states and last_tx.result in {"REVERT", "THROW", "TXERROR"}:
AttributeError: 'NoneType' object has no attribute 'result'
2023-07-03 16:49:43,021: [390] m.c.manticore:INFO: Results in /mcore_3v77y39d
2023-07-03 16:49:43,022: [390] m.c.manticore:WARNING: Manticore failed to run
