[INFO] | 2023-07-06 06:35:01 AM | analyzer.Migrations_2 | Analysis started at: 2023-07-06 06:35:01 AM
[INFO] | 2023-07-06 06:35:01 AM | analyzer.Migrations_2 | Version constraints: ['>=0.4.24']
[INFO] | 2023-07-06 06:35:01 AM | analyzer.Migrations_2 | solc version: v0.4.24
[INFO] | 2023-07-06 06:35:01 AM | analyzer.Migrations_2 | Callgraph generation started!
[INFO] | 2023-07-06 06:35:01 AM | analyzer.Migrations_2 | Callgraph generation finished!
[INFO] | 2023-07-06 06:35:01 AM | analyzer.Migrations_2 | Interprocedural CFG generation started!
[INFO] | 2023-07-06 06:35:01 AM | analyzer.Migrations_2 | Interprocedural CFG generation finished!
[INFO] | 2023-07-06 06:35:01 AM | analyzer.Migrations_2 | Storage dependency graph generation started!
[INFO] | 2023-07-06 06:35:01 AM | analyzer.Migrations_2 | Storage dependency graph generation finished!
[INFO] | 2023-07-06 06:35:01 AM | analyzer.Migrations_2 | Value Range Analysis started
[INFO] | 2023-07-06 06:35:01 AM | analyzer.Migrations_2 | Generating return summary for constructor
[INFO] | 2023-07-06 06:35:01 AM | analyzer.Migrations_2 | Return summary generated for constructor
[INFO] | 2023-07-06 06:35:01 AM | analyzer.Migrations_2 | Range graph generated
[INFO] | 2023-07-06 06:35:01 AM | analyzer.Migrations_2 | Processed function constructor
[INFO] | 2023-07-06 06:35:01 AM | analyzer.Migrations_2 | Generating return summary for restricted
[INFO] | 2023-07-06 06:35:01 AM | analyzer.Migrations_2 | Return summary generated for restricted
[INFO] | 2023-07-06 06:35:01 AM | analyzer.Migrations_2 | State variable assignement do not exist
[INFO] | 2023-07-06 06:35:01 AM | analyzer.Migrations_2 | Processed function restricted
[INFO] | 2023-07-06 06:35:01 AM | analyzer.Migrations_2 | Generating return summary for setCompleted
[INFO] | 2023-07-06 06:35:01 AM | analyzer.Migrations_2 | Return summary generated for setCompleted
[INFO] | 2023-07-06 06:35:01 AM | analyzer.Migrations_2 | Range graph generated
[INFO] | 2023-07-06 06:35:01 AM | analyzer.Migrations_2 | Processed function setCompleted
[INFO] | 2023-07-06 06:35:01 AM | analyzer.Migrations_2 | Generating return summary for upgrade
[INFO] | 2023-07-06 06:35:01 AM | analyzer.Migrations_2 | Return summary generated for upgrade
[INFO] | 2023-07-06 06:35:01 AM | analyzer.Migrations_2 | Range graph generated
[INFO] | 2023-07-06 06:35:01 AM | analyzer.Migrations_2 | Processed function upgrade
[INFO] | 2023-07-06 06:35:01 AM | analyzer.Migrations_2 | Value Range Analysis took 0.001131 seconds
[INFO] | 2023-07-06 06:35:01 AM | analyzer.Migrations_2 | Value Range Analysis finished
[INFO] | 2023-07-06 06:35:01 AM | analyzer.Migrations_2 | Storage dependency graph compostion started!
[INFO] | 2023-07-06 06:35:01 AM | analyzer.Migrations_2 | Storage dependency graph compostion finished!
[INFO] | 2023-07-06 06:35:01 AM | analyzer.Migrations_2 | Dependency detection started!
[INFO] | 2023-07-06 06:35:01 AM | analyzer.Migrations_2 | Dependency detection finished!
[INFO] | 2023-07-06 06:35:01 AM | analyzer.Migrations_2 | Static Analysis took 0.183541 seconds
[INFO] | 2023-07-06 06:35:01 AM | analyzer.Migrations_2 | Dependency does not exist
[INFO] | 2023-07-06 06:35:01 AM | analyzer.Migrations_2 | Symbolic execution is not needed!
[INFO] | 2023-07-06 06:35:01 AM | analyzer.Migrations_2 | Analysis finished!
[INFO] | 2023-07-06 06:35:01 AM | analyzer.Migrations_2 | Analysis took 0.183686 seconds
[INFO] | 2023-07-06 06:35:01 AM | analyzer.Migrations_2 | Analysis finished at: 2023-07-06 06:35:01 AM
