2023-07-03 16:37:09,759: [11] m.main:INFO: Registered plugins: IntrospectionAPIPlugin, <class 'manticore.ethereum.plugins.SkipRevertBasicBlocks'>, <class 'manticore.ethereum.plugins.FilterFunctions'>
2023-07-03 16:37:09,760: [11] m.main:INFO: Beginning analysis
2023-07-03 16:37:09,763: [11] m.e.manticore:INFO: Starting symbolic create contract
2023-07-03 16:37:10,572: [11] m.e.manticore:INFO: Starting symbolic transaction: 0
2023-07-03 16:37:10,672: [11] m.e.manticore:INFO: 0 alive states, 2 terminated states
2023-07-03 16:37:10,827: [11] m.c.manticore:INFO: Results in /mcore_sd9m6ioq
2023-07-03 16:37:10,827: [11] m.c.manticore:INFO: Total time: 0.25185656547546387
2023-07-03 16:37:11,573: [76] m.main:INFO: Registered plugins: IntrospectionAPIPlugin, <class 'manticore.ethereum.plugins.SkipRevertBasicBlocks'>, <class 'manticore.ethereum.plugins.FilterFunctions'>
2023-07-03 16:37:11,573: [76] m.main:INFO: Beginning analysis
2023-07-03 16:37:11,575: [76] m.e.manticore:INFO: Starting symbolic create contract
2023-07-03 16:37:12,384: [76] m.e.manticore:INFO: Starting symbolic transaction: 0
2023-07-03 16:37:12,457: [76] m.e.manticore:INFO: 0 alive states, 2 terminated states
2023-07-03 16:37:12,626: [76] m.c.manticore:INFO: Results in /mcore_0f52hezo
2023-07-03 16:37:12,627: [76] m.c.manticore:INFO: Total time: 0.23641538619995117
2023-07-03 16:37:13,273: [138] m.main:INFO: Registered plugins: IntrospectionAPIPlugin, <class 'manticore.ethereum.plugins.SkipRevertBasicBlocks'>, <class 'manticore.ethereum.plugins.FilterFunctions'>
2023-07-03 16:37:13,274: [138] m.main:INFO: Beginning analysis
2023-07-03 16:37:13,276: [138] m.e.manticore:INFO: Starting symbolic create contract
2023-07-03 16:37:14,004: [138] m.e.manticore:INFO: Starting symbolic transaction: 0
2023-07-03 16:37:14,122: [138] m.e.manticore:INFO: 0 alive states, 2 terminated states
2023-07-03 16:37:14,259: [138] m.c.manticore:INFO: Results in /mcore_3w5m809o
2023-07-03 16:37:14,259: [138] m.c.manticore:INFO: Total time: 0.2514231204986572
2023-07-03 16:37:15,069: [203] m.main:INFO: Registered plugins: IntrospectionAPIPlugin, <class 'manticore.ethereum.plugins.SkipRevertBasicBlocks'>, <class 'manticore.ethereum.plugins.FilterFunctions'>
2023-07-03 16:37:15,069: [203] m.main:INFO: Beginning analysis
2023-07-03 16:37:15,071: [203] m.e.manticore:INFO: Starting symbolic create contract
2023-07-03 16:37:15,864: [203] m.e.manticore:INFO: Starting symbolic transaction: 0
2023-07-03 16:37:15,978: [203] m.e.manticore:INFO: 0 alive states, 2 terminated states
2023-07-03 16:37:16,115: [203] m.c.manticore:INFO: Results in /mcore_hza0feg3
2023-07-03 16:37:16,115: [203] m.c.manticore:INFO: Total time: 0.2479393482208252
2023-07-03 16:37:16,787: [268] m.main:INFO: Registered plugins: IntrospectionAPIPlugin, <class 'manticore.ethereum.plugins.SkipRevertBasicBlocks'>, <class 'manticore.ethereum.plugins.FilterFunctions'>
2023-07-03 16:37:16,788: [268] m.main:INFO: Beginning analysis
2023-07-03 16:37:16,790: [268] m.e.manticore:INFO: Starting symbolic create contract
2023-07-03 16:37:17,608: [268] m.e.manticore:INFO: Starting symbolic transaction: 0
2023-07-03 16:37:17,721: [268] m.e.manticore:INFO: 0 alive states, 2 terminated states
2023-07-03 16:37:17,854: [268] m.c.manticore:INFO: Results in /mcore_fjo6nh8p
2023-07-03 16:37:17,855: [268] m.c.manticore:INFO: Total time: 0.24334049224853516
2023-07-03 16:37:18,581: [333] m.main:INFO: Registered plugins: IntrospectionAPIPlugin, <class 'manticore.ethereum.plugins.SkipRevertBasicBlocks'>, <class 'manticore.ethereum.plugins.FilterFunctions'>
2023-07-03 16:37:18,581: [333] m.main:INFO: Beginning analysis
2023-07-03 16:37:18,585: [333] m.e.manticore:INFO: Starting symbolic create contract
2023-07-03 16:37:19,338: [333] m.e.manticore:INFO: Starting symbolic transaction: 0
2023-07-03 16:37:19,466: [333] m.e.manticore:INFO: 0 alive states, 2 terminated states
2023-07-03 16:37:19,608: [333] m.c.manticore:INFO: Results in /mcore_9ieb4gn7
2023-07-03 16:37:19,608: [333] m.c.manticore:INFO: Total time: 0.2663702964782715
2023-07-03 16:37:20,305: [398] m.main:INFO: Registered plugins: IntrospectionAPIPlugin, <class 'manticore.ethereum.plugins.SkipRevertBasicBlocks'>, <class 'manticore.ethereum.plugins.FilterFunctions'>
2023-07-03 16:37:20,306: [398] m.main:INFO: Beginning analysis
2023-07-03 16:37:20,310: [398] m.e.manticore:INFO: Starting symbolic create contract
2023-07-03 16:37:21,313: [398] m.e.manticore:INFO: Starting symbolic transaction: 0
2023-07-03 16:37:21,923: [398] m.c.worker:ERROR: Exception in state 0: ManticoreError('Forking on unfeasible constraint set')
Traceback (most recent call last):
  File "/usr/local/lib/python3.7/dist-packages/manticore/core/worker.py", line 137, in run
    current_state.execute()
  File "/usr/local/lib/python3.7/dist-packages/manticore/ethereum/state.py", line 8, in execute
    return self._platform.execute()
  File "/usr/local/lib/python3.7/dist-packages/manticore/platforms/evm.py", line 3106, in execute
    self.current_vm.execute()
  File "/usr/local/lib/python3.7/dist-packages/manticore/platforms/evm.py", line 1322, in execute
    raise Concretize("Symbolic PC", expression=expression, setstate=setstate, policy="ALL")
manticore.core.state.Concretize

During handling of the above exception, another exception occurred:

Traceback (most recent call last):
  File "/usr/local/lib/python3.7/dist-packages/manticore/core/worker.py", line 158, in run
    m._fork(current_state, exc.expression, exc.policy, exc.setstate, exc.values)
  File "/usr/local/lib/python3.7/dist-packages/manticore/core/manticore.py", line 518, in _fork
    raise ManticoreError("Forking on unfeasible constraint set")
manticore.exceptions.ManticoreError: Forking on unfeasible constraint set
 
2023-07-03 16:37:21,931: [398] m.e.manticore:INFO: 0 alive states, 1 terminated states
2023-07-03 16:37:22,039: [398] m.c.manticore:INFO: Results in /mcore_eaoku1ic
2023-07-03 16:37:22,039: [398] m.c.manticore:INFO: Total time: 0.7196619510650635
2023-07-03 16:37:22,765: [460] m.main:INFO: Registered plugins: IntrospectionAPIPlugin, <class 'manticore.ethereum.plugins.SkipRevertBasicBlocks'>, <class 'manticore.ethereum.plugins.FilterFunctions'>
2023-07-03 16:37:22,766: [460] m.main:INFO: Beginning analysis
2023-07-03 16:37:22,768: [460] m.e.manticore:INFO: Starting symbolic create contract
2023-07-03 16:37:23,693: [460] m.e.manticore:INFO: Starting symbolic transaction: 0
2023-07-03 16:37:24,277: [460] m.c.worker:ERROR: Exception in state 0: ManticoreError('Forking on unfeasible constraint set')
Traceback (most recent call last):
  File "/usr/local/lib/python3.7/dist-packages/manticore/core/worker.py", line 137, in run
    current_state.execute()
  File "/usr/local/lib/python3.7/dist-packages/manticore/ethereum/state.py", line 8, in execute
    return self._platform.execute()
  File "/usr/local/lib/python3.7/dist-packages/manticore/platforms/evm.py", line 3106, in execute
    self.current_vm.execute()
  File "/usr/local/lib/python3.7/dist-packages/manticore/platforms/evm.py", line 1322, in execute
    raise Concretize("Symbolic PC", expression=expression, setstate=setstate, policy="ALL")
manticore.core.state.Concretize

During handling of the above exception, another exception occurred:

Traceback (most recent call last):
  File "/usr/local/lib/python3.7/dist-packages/manticore/core/worker.py", line 158, in run
    m._fork(current_state, exc.expression, exc.policy, exc.setstate, exc.values)
  File "/usr/local/lib/python3.7/dist-packages/manticore/core/manticore.py", line 518, in _fork
    raise ManticoreError("Forking on unfeasible constraint set")
manticore.exceptions.ManticoreError: Forking on unfeasible constraint set
 
2023-07-03 16:37:24,285: [460] m.e.manticore:INFO: 0 alive states, 1 terminated states
2023-07-03 16:37:24,399: [460] m.c.manticore:INFO: Results in /mcore_y706fa_4
2023-07-03 16:37:24,400: [460] m.c.manticore:INFO: Total time: 0.6952455043792725
2023-07-03 16:37:25,045: [522] m.main:INFO: Registered plugins: IntrospectionAPIPlugin, <class 'manticore.ethereum.plugins.SkipRevertBasicBlocks'>, <class 'manticore.ethereum.plugins.FilterFunctions'>
2023-07-03 16:37:25,045: [522] m.main:INFO: Beginning analysis
2023-07-03 16:37:25,049: [522] m.e.manticore:INFO: Starting symbolic create contract
2023-07-03 16:37:26,981: [522] m.e.manticore:INFO: Starting symbolic transaction: 0
2023-07-03 16:37:50,001: [522] m.c.worker:ERROR: Exception in state 7: ManticoreError('Forking on unfeasible constraint set')
Traceback (most recent call last):
  File "/usr/local/lib/python3.7/dist-packages/manticore/core/worker.py", line 137, in run
    current_state.execute()
  File "/usr/local/lib/python3.7/dist-packages/manticore/ethereum/state.py", line 8, in execute
    return self._platform.execute()
  File "/usr/local/lib/python3.7/dist-packages/manticore/platforms/evm.py", line 3106, in execute
    self.current_vm.execute()
  File "/usr/local/lib/python3.7/dist-packages/manticore/platforms/evm.py", line 1322, in execute
    raise Concretize("Symbolic PC", expression=expression, setstate=setstate, policy="ALL")
manticore.core.state.Concretize

During handling of the above exception, another exception occurred:

Traceback (most recent call last):
  File "/usr/local/lib/python3.7/dist-packages/manticore/core/worker.py", line 158, in run
    m._fork(current_state, exc.expression, exc.policy, exc.setstate, exc.values)
  File "/usr/local/lib/python3.7/dist-packages/manticore/core/manticore.py", line 518, in _fork
    raise ManticoreError("Forking on unfeasible constraint set")
manticore.exceptions.ManticoreError: Forking on unfeasible constraint set
 
2023-07-03 16:37:50,033: [522] m.e.manticore:INFO: 0 alive states, 3 terminated states
2023-07-03 16:37:50,610: [522] m.c.manticore:INFO: Results in /mcore_mc0t7boo
2023-07-03 16:37:50,610: [522] m.c.manticore:INFO: Total time: 23.593048572540283
