2023-07-03 15:49:48,623: [11] m.main:INFO: Registered plugins: IntrospectionAPIPlugin, <class 'manticore.ethereum.plugins.SkipRevertBasicBlocks'>, <class 'manticore.ethereum.plugins.FilterFunctions'>
2023-07-03 15:49:48,623: [11] m.main:INFO: Beginning analysis
2023-07-03 15:49:48,625: [11] m.e.manticore:INFO: Starting symbolic create contract
2023-07-03 15:49:49,507: [11] m.e.manticore:INFO: Starting symbolic transaction: 0
2023-07-03 15:49:49,652: [11] m.e.manticore:INFO: 0 alive states, 1 terminated states
2023-07-03 15:49:49,724: [11] m.e.manticore:INFO: Starting symbolic transaction: 1
2023-07-03 15:49:49,898: [11] m.c.manticore:INFO: Results in /mcore_ba4osjtf
2023-07-03 15:49:49,898: [11] m.c.manticore:INFO: Total time: 0.38837742805480957
2023-07-03 15:49:50,594: [70] m.main:INFO: Registered plugins: IntrospectionAPIPlugin, <class 'manticore.ethereum.plugins.SkipRevertBasicBlocks'>, <class 'manticore.ethereum.plugins.FilterFunctions'>
2023-07-03 15:49:50,594: [70] m.main:INFO: Beginning analysis
2023-07-03 15:49:50,597: [70] m.e.manticore:INFO: Starting symbolic create contract
2023-07-03 15:49:51,556: [70] m.e.manticore:INFO: Starting symbolic transaction: 0
2023-07-03 15:49:51,684: [70] m.e.manticore:INFO: 0 alive states, 1 terminated states
2023-07-03 15:49:51,745: [70] m.e.manticore:INFO: Starting symbolic transaction: 1
2023-07-03 15:49:51,946: [70] m.c.manticore:INFO: Results in /mcore_6s2d2x6v
2023-07-03 15:49:51,946: [70] m.c.manticore:INFO: Total time: 0.38655638694763184
2023-07-03 15:49:52,728: [129] m.main:INFO: Registered plugins: IntrospectionAPIPlugin, <class 'manticore.ethereum.plugins.SkipRevertBasicBlocks'>, <class 'manticore.ethereum.plugins.FilterFunctions'>
2023-07-03 15:49:52,728: [129] m.main:INFO: Beginning analysis
2023-07-03 15:49:52,731: [129] m.e.manticore:INFO: Starting symbolic create contract
2023-07-03 15:49:53,309: [129] m.e.manticore:INFO: Starting symbolic transaction: 0
2023-07-03 15:49:53,431: [129] m.e.manticore:INFO: 0 alive states, 2 terminated states
2023-07-03 15:49:53,589: [129] m.c.manticore:INFO: Results in /mcore_793gdg6q
2023-07-03 15:49:53,590: [129] m.c.manticore:INFO: Total time: 0.2764608860015869
2023-07-03 15:49:54,312: [194] m.main:INFO: Registered plugins: IntrospectionAPIPlugin, <class 'manticore.ethereum.plugins.SkipRevertBasicBlocks'>, <class 'manticore.ethereum.plugins.FilterFunctions'>
2023-07-03 15:49:54,312: [194] m.main:INFO: Beginning analysis
2023-07-03 15:49:54,316: [194] m.e.manticore:INFO: Starting symbolic create contract
