2023-07-03 16:45:09,559: [11] m.main:INFO: Registered plugins: IntrospectionAPIPlugin, <class 'manticore.ethereum.plugins.SkipRevertBasicBlocks'>, <class 'manticore.ethereum.plugins.FilterFunctions'>
2023-07-03 16:45:09,559: [11] m.main:INFO: Beginning analysis
2023-07-03 16:45:09,562: [11] m.e.manticore:INFO: Starting symbolic create contract
2023-07-03 16:45:10,370: [11] m.e.manticore:INFO: Starting symbolic transaction: 0
2023-07-03 16:45:10,466: [11] m.e.manticore:INFO: 0 alive states, 2 terminated states
2023-07-03 16:45:10,599: [11] m.c.manticore:INFO: Results in /mcore_r0f2423y
2023-07-03 16:45:10,600: [11] m.c.manticore:INFO: Total time: 0.22631549835205078
2023-07-03 16:45:11,300: [76] m.main:INFO: Registered plugins: IntrospectionAPIPlugin, <class 'manticore.ethereum.plugins.SkipRevertBasicBlocks'>, <class 'manticore.ethereum.plugins.FilterFunctions'>
2023-07-03 16:45:11,300: [76] m.main:INFO: Beginning analysis
2023-07-03 16:45:11,303: [76] m.e.manticore:INFO: Starting symbolic create contract
2023-07-03 16:45:12,109: [76] m.e.manticore:INFO: Starting symbolic transaction: 0
2023-07-03 16:45:12,233: [76] m.e.manticore:INFO: 0 alive states, 2 terminated states
2023-07-03 16:45:12,383: [76] m.c.manticore:INFO: Results in /mcore_20lt5d6t
2023-07-03 16:45:12,383: [76] m.c.manticore:INFO: Total time: 0.27110862731933594
2023-07-03 16:45:13,078: [141] m.main:INFO: Registered plugins: IntrospectionAPIPlugin, <class 'manticore.ethereum.plugins.SkipRevertBasicBlocks'>, <class 'manticore.ethereum.plugins.FilterFunctions'>
2023-07-03 16:45:13,078: [141] m.main:INFO: Beginning analysis
2023-07-03 16:45:13,080: [141] m.e.manticore:INFO: Starting symbolic create contract
2023-07-03 16:45:13,932: [141] m.e.manticore:INFO: Starting symbolic transaction: 0
2023-07-03 16:45:14,053: [141] m.e.manticore:INFO: 0 alive states, 2 terminated states
2023-07-03 16:45:14,187: [141] m.c.manticore:INFO: Results in /mcore_01gx269j
2023-07-03 16:45:14,187: [141] m.c.manticore:INFO: Total time: 0.25119566917419434
2023-07-03 16:45:14,857: [206] m.main:INFO: Registered plugins: IntrospectionAPIPlugin, <class 'manticore.ethereum.plugins.SkipRevertBasicBlocks'>, <class 'manticore.ethereum.plugins.FilterFunctions'>
2023-07-03 16:45:14,857: [206] m.main:INFO: Beginning analysis
2023-07-03 16:45:14,860: [206] m.e.manticore:INFO: Starting symbolic create contract
2023-07-03 16:45:15,667: [206] m.e.manticore:INFO: Starting symbolic transaction: 0
2023-07-03 16:45:15,775: [206] m.e.manticore:INFO: 0 alive states, 2 terminated states
2023-07-03 16:45:15,921: [206] m.c.manticore:INFO: Results in /mcore_y2x86lf6
2023-07-03 16:45:15,921: [206] m.c.manticore:INFO: Total time: 0.2509753704071045
2023-07-03 16:45:16,728: [271] m.main:INFO: Registered plugins: IntrospectionAPIPlugin, <class 'manticore.ethereum.plugins.SkipRevertBasicBlocks'>, <class 'manticore.ethereum.plugins.FilterFunctions'>
2023-07-03 16:45:16,728: [271] m.main:INFO: Beginning analysis
2023-07-03 16:45:16,732: [271] m.e.manticore:INFO: Starting symbolic create contract
2023-07-03 16:45:17,838: [271] m.e.manticore:INFO: Starting symbolic transaction: 0
2023-07-03 16:45:18,611: [271] m.c.worker:ERROR: Exception in state 0: ManticoreError('Forking on unfeasible constraint set')
Traceback (most recent call last):
  File "/usr/local/lib/python3.7/dist-packages/manticore/core/worker.py", line 137, in run
    current_state.execute()
  File "/usr/local/lib/python3.7/dist-packages/manticore/ethereum/state.py", line 8, in execute
    return self._platform.execute()
  File "/usr/local/lib/python3.7/dist-packages/manticore/platforms/evm.py", line 3106, in execute
    self.current_vm.execute()
  File "/usr/local/lib/python3.7/dist-packages/manticore/platforms/evm.py", line 1322, in execute
    raise Concretize("Symbolic PC", expression=expression, setstate=setstate, policy="ALL")
manticore.core.state.Concretize

During handling of the above exception, another exception occurred:

Traceback (most recent call last):
  File "/usr/local/lib/python3.7/dist-packages/manticore/core/worker.py", line 158, in run
    m._fork(current_state, exc.expression, exc.policy, exc.setstate, exc.values)
  File "/usr/local/lib/python3.7/dist-packages/manticore/core/manticore.py", line 518, in _fork
    raise ManticoreError("Forking on unfeasible constraint set")
manticore.exceptions.ManticoreError: Forking on unfeasible constraint set
 
2023-07-03 16:45:18,619: [271] m.e.manticore:INFO: 0 alive states, 1 terminated states
2023-07-03 16:45:18,740: [271] m.c.manticore:INFO: Results in /mcore_93sno4cw
2023-07-03 16:45:18,741: [271] m.c.manticore:INFO: Total time: 0.8972971439361572
2023-07-03 16:45:19,400: [330] m.main:INFO: Registered plugins: IntrospectionAPIPlugin, <class 'manticore.ethereum.plugins.SkipRevertBasicBlocks'>, <class 'manticore.ethereum.plugins.FilterFunctions'>
2023-07-03 16:45:19,400: [330] m.main:INFO: Beginning analysis
2023-07-03 16:45:19,402: [330] m.e.manticore:INFO: Starting symbolic create contract
