2023-07-03 16:47:26,315: [11] m.main:INFO: Registered plugins: IntrospectionAPIPlugin, <class 'manticore.ethereum.plugins.SkipRevertBasicBlocks'>, <class 'manticore.ethereum.plugins.FilterFunctions'>
2023-07-03 16:47:26,316: [11] m.main:INFO: Beginning analysis
2023-07-03 16:47:26,319: [11] m.e.manticore:INFO: Starting symbolic create contract
2023-07-03 16:47:27,726: [11] m.e.manticore:INFO: Starting symbolic transaction: 0
2023-07-03 16:47:27,867: [11] m.e.manticore:INFO: 0 alive states, 1 terminated states
2023-07-03 16:47:27,925: [11] m.e.manticore:INFO: Starting symbolic transaction: 1
2023-07-03 16:47:28,188: [11] m.c.manticore:INFO: Results in /mcore_ktohvkh8
2023-07-03 16:47:28,189: [11] m.c.manticore:INFO: Total time: 0.45362401008605957
2023-07-03 16:47:28,914: [70] m.main:INFO: Registered plugins: IntrospectionAPIPlugin, <class 'manticore.ethereum.plugins.SkipRevertBasicBlocks'>, <class 'manticore.ethereum.plugins.FilterFunctions'>
2023-07-03 16:47:28,915: [70] m.main:INFO: Beginning analysis
2023-07-03 16:47:28,917: [70] m.e.manticore:INFO: Starting symbolic create contract
2023-07-03 16:47:30,267: [70] m.e.manticore:INFO: Starting symbolic transaction: 0
2023-07-03 16:47:30,395: [70] m.e.manticore:INFO: 0 alive states, 1 terminated states
2023-07-03 16:47:30,445: [70] m.e.manticore:INFO: Starting symbolic transaction: 1
2023-07-03 16:47:30,676: [70] m.c.manticore:INFO: Results in /mcore_y8u2aaiu
2023-07-03 16:47:30,676: [70] m.c.manticore:INFO: Total time: 0.4066455364227295
2023-07-03 16:47:31,418: [129] m.main:INFO: Registered plugins: IntrospectionAPIPlugin, <class 'manticore.ethereum.plugins.SkipRevertBasicBlocks'>, <class 'manticore.ethereum.plugins.FilterFunctions'>
2023-07-03 16:47:31,419: [129] m.main:INFO: Beginning analysis
2023-07-03 16:47:31,421: [129] m.e.manticore:INFO: Starting symbolic create contract
2023-07-03 16:47:33,613: [129] m.e.manticore:INFO: Starting symbolic transaction: 0
2023-07-03 16:47:39,424: [129] m.e.manticore:INFO: 0 alive states, 3 terminated states
2023-07-03 16:47:39,844: [129] m.c.manticore:INFO: Results in /mcore_juiyizfz
2023-07-03 16:47:39,844: [129] m.c.manticore:INFO: Total time: 6.21244478225708
2023-07-03 16:47:40,587: [197] m.main:INFO: Registered plugins: IntrospectionAPIPlugin, <class 'manticore.ethereum.plugins.SkipRevertBasicBlocks'>, <class 'manticore.ethereum.plugins.FilterFunctions'>
2023-07-03 16:47:40,588: [197] m.main:INFO: Beginning analysis
2023-07-03 16:47:40,591: [197] m.e.manticore:INFO: Starting symbolic create contract
