[INFO] | 2023-07-06 05:47:57 AM | analyzer.AddressResolver_6 | Analysis started at: 2023-07-06 05:47:57 AM
[INFO] | 2023-07-06 05:47:57 AM | analyzer.AddressResolver_6 | Version constraints: ['^0.5.16']
[INFO] | 2023-07-06 05:47:57 AM | analyzer.AddressResolver_6 | solc version: v0.5.16
[INFO] | 2023-07-06 05:47:58 AM | analyzer.AddressResolver_6 | Callgraph generation started!
[INFO] | 2023-07-06 05:47:58 AM | analyzer.AddressResolver_6 | Callgraph generation finished!
[INFO] | 2023-07-06 05:47:58 AM | analyzer.AddressResolver_6 | Interprocedural CFG generation started!
[INFO] | 2023-07-06 05:47:58 AM | analyzer.AddressResolver_6 | Interprocedural CFG generation finished!
[INFO] | 2023-07-06 05:47:58 AM | analyzer.AddressResolver_6 | Storage dependency graph generation started!
[INFO] | 2023-07-06 05:47:58 AM | analyzer.AddressResolver_6 | Storage dependency graph generation finished!
[INFO] | 2023-07-06 05:47:58 AM | analyzer.AddressResolver_6 | Value Range Analysis started
[INFO] | 2023-07-06 05:47:58 AM | analyzer.AddressResolver_6 | Generating return summary for constructor
[INFO] | 2023-07-06 05:47:58 AM | analyzer.AddressResolver_6 | Return summary generated for constructor
[INFO] | 2023-07-06 05:47:58 AM | analyzer.AddressResolver_6 | Range graph generated
[INFO] | 2023-07-06 05:47:58 AM | analyzer.AddressResolver_6 | Processed function constructor
[INFO] | 2023-07-06 05:47:58 AM | analyzer.AddressResolver_6 | Generating return summary for acceptOwnership
[INFO] | 2023-07-06 05:47:58 AM | analyzer.AddressResolver_6 | Return summary generated for acceptOwnership
[INFO] | 2023-07-06 05:47:58 AM | analyzer.AddressResolver_6 | Range graph generated
[INFO] | 2023-07-06 05:47:58 AM | analyzer.AddressResolver_6 | Processed function acceptOwnership
[INFO] | 2023-07-06 05:47:58 AM | analyzer.AddressResolver_6 | Generating return summary for _onlyOwner
[INFO] | 2023-07-06 05:47:58 AM | analyzer.AddressResolver_6 | Return summary generated for _onlyOwner
[INFO] | 2023-07-06 05:47:58 AM | analyzer.AddressResolver_6 | State variable assignement do not exist
[INFO] | 2023-07-06 05:47:58 AM | analyzer.AddressResolver_6 | Processed function _onlyOwner
[INFO] | 2023-07-06 05:47:58 AM | analyzer.AddressResolver_6 | Generating return summary for onlyOwner
[INFO] | 2023-07-06 05:47:58 AM | analyzer.AddressResolver_6 | Return summary generated for onlyOwner
[INFO] | 2023-07-06 05:47:58 AM | analyzer.AddressResolver_6 | State variable assignement do not exist
[INFO] | 2023-07-06 05:47:58 AM | analyzer.AddressResolver_6 | Processed function onlyOwner
[INFO] | 2023-07-06 05:47:58 AM | analyzer.AddressResolver_6 | Generating return summary for getAddress
[INFO] | 2023-07-06 05:47:58 AM | analyzer.AddressResolver_6 | Return summary generated for getAddress
[INFO] | 2023-07-06 05:47:58 AM | analyzer.AddressResolver_6 | State variable assignement do not exist
[INFO] | 2023-07-06 05:47:58 AM | analyzer.AddressResolver_6 | Processed function getAddress
[INFO] | 2023-07-06 05:47:58 AM | analyzer.AddressResolver_6 | Generating return summary for getSynth
[INFO] | 2023-07-06 05:47:58 AM | analyzer.AddressResolver_6 | Return summary generated for getSynth
[INFO] | 2023-07-06 05:47:58 AM | analyzer.AddressResolver_6 | State variable assignement do not exist
[INFO] | 2023-07-06 05:47:58 AM | analyzer.AddressResolver_6 | Processed function getSynth
[INFO] | 2023-07-06 05:47:58 AM | analyzer.AddressResolver_6 | Generating return summary for requireAndGetAddress
[INFO] | 2023-07-06 05:47:58 AM | analyzer.AddressResolver_6 | Return summary generated for requireAndGetAddress
[INFO] | 2023-07-06 05:47:58 AM | analyzer.AddressResolver_6 | State variable assignement do not exist
[INFO] | 2023-07-06 05:47:58 AM | analyzer.AddressResolver_6 | Processed function requireAndGetAddress
[INFO] | 2023-07-06 05:47:58 AM | analyzer.AddressResolver_6 | Generating return summary for currencyKey
[INFO] | 2023-07-06 05:47:58 AM | analyzer.AddressResolver_6 | Return summary generated for currencyKey
[INFO] | 2023-07-06 05:47:58 AM | analyzer.AddressResolver_6 | State variable assignement do not exist
[INFO] | 2023-07-06 05:47:58 AM | analyzer.AddressResolver_6 | Processed function currencyKey
[INFO] | 2023-07-06 05:47:58 AM | analyzer.AddressResolver_6 | Generating return summary for transferableSynths
[INFO] | 2023-07-06 05:47:58 AM | analyzer.AddressResolver_6 | Return summary generated for transferableSynths
[INFO] | 2023-07-06 05:47:58 AM | analyzer.AddressResolver_6 | State variable assignement do not exist
[INFO] | 2023-07-06 05:47:58 AM | analyzer.AddressResolver_6 | Processed function transferableSynths
[INFO] | 2023-07-06 05:47:58 AM | analyzer.AddressResolver_6 | Generating return summary for transferAndSettle
[INFO] | 2023-07-06 05:47:58 AM | analyzer.AddressResolver_6 | Return summary generated for transferAndSettle
[INFO] | 2023-07-06 05:47:58 AM | analyzer.AddressResolver_6 | State variable assignement do not exist
[INFO] | 2023-07-06 05:47:58 AM | analyzer.AddressResolver_6 | Processed function transferAndSettle
[INFO] | 2023-07-06 05:47:58 AM | analyzer.AddressResolver_6 | Generating return summary for transferFromAndSettle
[INFO] | 2023-07-06 05:47:58 AM | analyzer.AddressResolver_6 | Return summary generated for transferFromAndSettle
[INFO] | 2023-07-06 05:47:58 AM | analyzer.AddressResolver_6 | State variable assignement do not exist
[INFO] | 2023-07-06 05:47:58 AM | analyzer.AddressResolver_6 | Processed function transferFromAndSettle
[INFO] | 2023-07-06 05:47:58 AM | analyzer.AddressResolver_6 | Generating return summary for burn
[INFO] | 2023-07-06 05:47:58 AM | analyzer.AddressResolver_6 | Return summary generated for burn
[INFO] | 2023-07-06 05:47:58 AM | analyzer.AddressResolver_6 | State variable assignement do not exist
[INFO] | 2023-07-06 05:47:58 AM | analyzer.AddressResolver_6 | Processed function burn
[INFO] | 2023-07-06 05:47:58 AM | analyzer.AddressResolver_6 | Generating return summary for issue
[INFO] | 2023-07-06 05:47:58 AM | analyzer.AddressResolver_6 | Return summary generated for issue
[INFO] | 2023-07-06 05:47:58 AM | analyzer.AddressResolver_6 | State variable assignement do not exist
[INFO] | 2023-07-06 05:47:58 AM | analyzer.AddressResolver_6 | Processed function issue
[INFO] | 2023-07-06 05:47:58 AM | analyzer.AddressResolver_6 | Generating return summary for allNetworksDebtInfo
[INFO] | 2023-07-06 05:47:58 AM | analyzer.AddressResolver_6 | Return summary generated for allNetworksDebtInfo
[INFO] | 2023-07-06 05:47:58 AM | analyzer.AddressResolver_6 | State variable assignement do not exist
[INFO] | 2023-07-06 05:47:58 AM | analyzer.AddressResolver_6 | Processed function allNetworksDebtInfo
[INFO] | 2023-07-06 05:47:58 AM | analyzer.AddressResolver_6 | Generating return summary for anySynthOrSNXRateIsInvalid
[INFO] | 2023-07-06 05:47:58 AM | analyzer.AddressResolver_6 | Return summary generated for anySynthOrSNXRateIsInvalid
[INFO] | 2023-07-06 05:47:58 AM | analyzer.AddressResolver_6 | State variable assignement do not exist
[INFO] | 2023-07-06 05:47:58 AM | analyzer.AddressResolver_6 | Processed function anySynthOrSNXRateIsInvalid
[INFO] | 2023-07-06 05:47:58 AM | analyzer.AddressResolver_6 | Generating return summary for availableCurrencyKeys
[INFO] | 2023-07-06 05:47:58 AM | analyzer.AddressResolver_6 | Return summary generated for availableCurrencyKeys
[INFO] | 2023-07-06 05:47:58 AM | analyzer.AddressResolver_6 | State variable assignement do not exist
[INFO] | 2023-07-06 05:47:58 AM | analyzer.AddressResolver_6 | Processed function availableCurrencyKeys
[INFO] | 2023-07-06 05:47:58 AM | analyzer.AddressResolver_6 | Generating return summary for availableSynthCount
[INFO] | 2023-07-06 05:47:58 AM | analyzer.AddressResolver_6 | Return summary generated for availableSynthCount
[INFO] | 2023-07-06 05:47:58 AM | analyzer.AddressResolver_6 | State variable assignement do not exist
[INFO] | 2023-07-06 05:47:58 AM | analyzer.AddressResolver_6 | Processed function availableSynthCount
[INFO] | 2023-07-06 05:47:58 AM | analyzer.AddressResolver_6 | Generating return summary for availableSynths
[INFO] | 2023-07-06 05:47:58 AM | analyzer.AddressResolver_6 | Return summary generated for availableSynths
[INFO] | 2023-07-06 05:47:58 AM | analyzer.AddressResolver_6 | State variable assignement do not exist
[INFO] | 2023-07-06 05:47:58 AM | analyzer.AddressResolver_6 | Processed function availableSynths
[INFO] | 2023-07-06 05:47:58 AM | analyzer.AddressResolver_6 | Generating return summary for canBurnSynths
[INFO] | 2023-07-06 05:47:58 AM | analyzer.AddressResolver_6 | Return summary generated for canBurnSynths
[INFO] | 2023-07-06 05:47:58 AM | analyzer.AddressResolver_6 | State variable assignement do not exist
[INFO] | 2023-07-06 05:47:58 AM | analyzer.AddressResolver_6 | Processed function canBurnSynths
[INFO] | 2023-07-06 05:47:58 AM | analyzer.AddressResolver_6 | Generating return summary for collateral
[INFO] | 2023-07-06 05:47:58 AM | analyzer.AddressResolver_6 | Return summary generated for collateral
[INFO] | 2023-07-06 05:47:58 AM | analyzer.AddressResolver_6 | State variable assignement do not exist
[INFO] | 2023-07-06 05:47:58 AM | analyzer.AddressResolver_6 | Processed function collateral
[INFO] | 2023-07-06 05:47:58 AM | analyzer.AddressResolver_6 | Generating return summary for collateralisationRatio
[INFO] | 2023-07-06 05:47:58 AM | analyzer.AddressResolver_6 | Return summary generated for collateralisationRatio
[INFO] | 2023-07-06 05:47:58 AM | analyzer.AddressResolver_6 | State variable assignement do not exist
[INFO] | 2023-07-06 05:47:58 AM | analyzer.AddressResolver_6 | Processed function collateralisationRatio
[INFO] | 2023-07-06 05:47:58 AM | analyzer.AddressResolver_6 | Generating return summary for collateralisationRatioAndAnyRatesInvalid
[INFO] | 2023-07-06 05:47:58 AM | analyzer.AddressResolver_6 | Return summary generated for collateralisationRatioAndAnyRatesInvalid
[INFO] | 2023-07-06 05:47:58 AM | analyzer.AddressResolver_6 | State variable assignement do not exist
[INFO] | 2023-07-06 05:47:58 AM | analyzer.AddressResolver_6 | Processed function collateralisationRatioAndAnyRatesInvalid
[INFO] | 2023-07-06 05:47:58 AM | analyzer.AddressResolver_6 | Generating return summary for debtBalanceOf
[INFO] | 2023-07-06 05:47:58 AM | analyzer.AddressResolver_6 | Return summary generated for debtBalanceOf
[INFO] | 2023-07-06 05:47:58 AM | analyzer.AddressResolver_6 | State variable assignement do not exist
[INFO] | 2023-07-06 05:47:58 AM | analyzer.AddressResolver_6 | Processed function debtBalanceOf
[INFO] | 2023-07-06 05:47:58 AM | analyzer.AddressResolver_6 | Generating return summary for issuanceRatio
[INFO] | 2023-07-06 05:47:58 AM | analyzer.AddressResolver_6 | Return summary generated for issuanceRatio
[INFO] | 2023-07-06 05:47:58 AM | analyzer.AddressResolver_6 | State variable assignement do not exist
[INFO] | 2023-07-06 05:47:58 AM | analyzer.AddressResolver_6 | Processed function issuanceRatio
[INFO] | 2023-07-06 05:47:58 AM | analyzer.AddressResolver_6 | Generating return summary for lastIssueEvent
[INFO] | 2023-07-06 05:47:58 AM | analyzer.AddressResolver_6 | Return summary generated for lastIssueEvent
[INFO] | 2023-07-06 05:47:58 AM | analyzer.AddressResolver_6 | State variable assignement do not exist
[INFO] | 2023-07-06 05:47:58 AM | analyzer.AddressResolver_6 | Processed function lastIssueEvent
[INFO] | 2023-07-06 05:47:58 AM | analyzer.AddressResolver_6 | Generating return summary for maxIssuableSynths
[INFO] | 2023-07-06 05:47:58 AM | analyzer.AddressResolver_6 | Return summary generated for maxIssuableSynths
[INFO] | 2023-07-06 05:47:58 AM | analyzer.AddressResolver_6 | State variable assignement do not exist
[INFO] | 2023-07-06 05:47:58 AM | analyzer.AddressResolver_6 | Processed function maxIssuableSynths
[INFO] | 2023-07-06 05:47:58 AM | analyzer.AddressResolver_6 | Generating return summary for minimumStakeTime
[INFO] | 2023-07-06 05:47:58 AM | analyzer.AddressResolver_6 | Return summary generated for minimumStakeTime
[INFO] | 2023-07-06 05:47:58 AM | analyzer.AddressResolver_6 | State variable assignement do not exist
[INFO] | 2023-07-06 05:47:58 AM | analyzer.AddressResolver_6 | Processed function minimumStakeTime
[INFO] | 2023-07-06 05:47:58 AM | analyzer.AddressResolver_6 | Generating return summary for remainingIssuableSynths
[INFO] | 2023-07-06 05:47:58 AM | analyzer.AddressResolver_6 | Return summary generated for remainingIssuableSynths
[INFO] | 2023-07-06 05:47:58 AM | analyzer.AddressResolver_6 | State variable assignement do not exist
[INFO] | 2023-07-06 05:47:58 AM | analyzer.AddressResolver_6 | Processed function remainingIssuableSynths
[INFO] | 2023-07-06 05:47:58 AM | analyzer.AddressResolver_6 | Generating return summary for synths
[INFO] | 2023-07-06 05:47:58 AM | analyzer.AddressResolver_6 | Return summary generated for synths
[INFO] | 2023-07-06 05:47:58 AM | analyzer.AddressResolver_6 | State variable assignement do not exist
[INFO] | 2023-07-06 05:47:58 AM | analyzer.AddressResolver_6 | Processed function synths
[INFO] | 2023-07-06 05:47:58 AM | analyzer.AddressResolver_6 | Generating return summary for getSynths
[INFO] | 2023-07-06 05:47:58 AM | analyzer.AddressResolver_6 | Return summary generated for getSynths
[INFO] | 2023-07-06 05:47:58 AM | analyzer.AddressResolver_6 | State variable assignement do not exist
[INFO] | 2023-07-06 05:47:58 AM | analyzer.AddressResolver_6 | Processed function getSynths
[INFO] | 2023-07-06 05:47:58 AM | analyzer.AddressResolver_6 | Generating return summary for synthsByAddress
[INFO] | 2023-07-06 05:47:58 AM | analyzer.AddressResolver_6 | Return summary generated for synthsByAddress
[INFO] | 2023-07-06 05:47:58 AM | analyzer.AddressResolver_6 | State variable assignement do not exist
[INFO] | 2023-07-06 05:47:58 AM | analyzer.AddressResolver_6 | Processed function synthsByAddress
[INFO] | 2023-07-06 05:47:58 AM | analyzer.AddressResolver_6 | Generating return summary for totalIssuedSynths
[INFO] | 2023-07-06 05:47:58 AM | analyzer.AddressResolver_6 | Return summary generated for totalIssuedSynths
[INFO] | 2023-07-06 05:47:58 AM | analyzer.AddressResolver_6 | State variable assignement do not exist
[INFO] | 2023-07-06 05:47:58 AM | analyzer.AddressResolver_6 | Processed function totalIssuedSynths
[INFO] | 2023-07-06 05:47:58 AM | analyzer.AddressResolver_6 | Generating return summary for transferableSynthetixAndAnyRateIsInvalid
[INFO] | 2023-07-06 05:47:58 AM | analyzer.AddressResolver_6 | Return summary generated for transferableSynthetixAndAnyRateIsInvalid
[INFO] | 2023-07-06 05:47:58 AM | analyzer.AddressResolver_6 | State variable assignement do not exist
[INFO] | 2023-07-06 05:47:58 AM | analyzer.AddressResolver_6 | Processed function transferableSynthetixAndAnyRateIsInvalid
[INFO] | 2023-07-06 05:47:58 AM | analyzer.AddressResolver_6 | Generating return summary for addSynths
[INFO] | 2023-07-06 05:47:58 AM | analyzer.AddressResolver_6 | Return summary generated for addSynths
[INFO] | 2023-07-06 05:47:58 AM | analyzer.AddressResolver_6 | State variable assignement do not exist
[INFO] | 2023-07-06 05:47:58 AM | analyzer.AddressResolver_6 | Processed function addSynths
[INFO] | 2023-07-06 05:47:58 AM | analyzer.AddressResolver_6 | Generating return summary for issueSynths
[INFO] | 2023-07-06 05:47:58 AM | analyzer.AddressResolver_6 | Return summary generated for issueSynths
[INFO] | 2023-07-06 05:47:58 AM | analyzer.AddressResolver_6 | State variable assignement do not exist
[INFO] | 2023-07-06 05:47:58 AM | analyzer.AddressResolver_6 | Processed function issueSynths
[INFO] | 2023-07-06 05:47:58 AM | analyzer.AddressResolver_6 | Generating return summary for issueSynthsOnBehalf
[INFO] | 2023-07-06 05:47:58 AM | analyzer.AddressResolver_6 | Return summary generated for issueSynthsOnBehalf
[INFO] | 2023-07-06 05:47:58 AM | analyzer.AddressResolver_6 | State variable assignement do not exist
[INFO] | 2023-07-06 05:47:58 AM | analyzer.AddressResolver_6 | Processed function issueSynthsOnBehalf
[INFO] | 2023-07-06 05:47:58 AM | analyzer.AddressResolver_6 | Generating return summary for issueMaxSynths
[INFO] | 2023-07-06 05:47:58 AM | analyzer.AddressResolver_6 | Return summary generated for issueMaxSynths
[INFO] | 2023-07-06 05:47:58 AM | analyzer.AddressResolver_6 | State variable assignement do not exist
[INFO] | 2023-07-06 05:47:58 AM | analyzer.AddressResolver_6 | Processed function issueMaxSynths
[INFO] | 2023-07-06 05:47:58 AM | analyzer.AddressResolver_6 | Generating return summary for issueMaxSynthsOnBehalf
[INFO] | 2023-07-06 05:47:58 AM | analyzer.AddressResolver_6 | Return summary generated for issueMaxSynthsOnBehalf
[INFO] | 2023-07-06 05:47:58 AM | analyzer.AddressResolver_6 | State variable assignement do not exist
[INFO] | 2023-07-06 05:47:58 AM | analyzer.AddressResolver_6 | Processed function issueMaxSynthsOnBehalf
[INFO] | 2023-07-06 05:47:58 AM | analyzer.AddressResolver_6 | Generating return summary for burnSynths
[INFO] | 2023-07-06 05:47:58 AM | analyzer.AddressResolver_6 | Return summary generated for burnSynths
[INFO] | 2023-07-06 05:47:58 AM | analyzer.AddressResolver_6 | State variable assignement do not exist
[INFO] | 2023-07-06 05:47:58 AM | analyzer.AddressResolver_6 | Processed function burnSynths
[INFO] | 2023-07-06 05:47:58 AM | analyzer.AddressResolver_6 | Generating return summary for burnSynthsOnBehalf
[INFO] | 2023-07-06 05:47:58 AM | analyzer.AddressResolver_6 | Return summary generated for burnSynthsOnBehalf
[INFO] | 2023-07-06 05:47:58 AM | analyzer.AddressResolver_6 | State variable assignement do not exist
[INFO] | 2023-07-06 05:47:58 AM | analyzer.AddressResolver_6 | Processed function burnSynthsOnBehalf
[INFO] | 2023-07-06 05:47:58 AM | analyzer.AddressResolver_6 | Generating return summary for burnSynthsToTarget
[INFO] | 2023-07-06 05:47:58 AM | analyzer.AddressResolver_6 | Return summary generated for burnSynthsToTarget
[INFO] | 2023-07-06 05:47:58 AM | analyzer.AddressResolver_6 | State variable assignement do not exist
[INFO] | 2023-07-06 05:47:58 AM | analyzer.AddressResolver_6 | Processed function burnSynthsToTarget
[INFO] | 2023-07-06 05:47:58 AM | analyzer.AddressResolver_6 | Generating return summary for burnSynthsToTargetOnBehalf
[INFO] | 2023-07-06 05:47:58 AM | analyzer.AddressResolver_6 | Return summary generated for burnSynthsToTargetOnBehalf
[INFO] | 2023-07-06 05:47:58 AM | analyzer.AddressResolver_6 | State variable assignement do not exist
[INFO] | 2023-07-06 05:47:58 AM | analyzer.AddressResolver_6 | Processed function burnSynthsToTargetOnBehalf
[INFO] | 2023-07-06 05:47:58 AM | analyzer.AddressResolver_6 | Generating return summary for burnForRedemption
[INFO] | 2023-07-06 05:47:58 AM | analyzer.AddressResolver_6 | Return summary generated for burnForRedemption
[INFO] | 2023-07-06 05:47:58 AM | analyzer.AddressResolver_6 | State variable assignement do not exist
[INFO] | 2023-07-06 05:47:58 AM | analyzer.AddressResolver_6 | Processed function burnForRedemption
[INFO] | 2023-07-06 05:47:58 AM | analyzer.AddressResolver_6 | Generating return summary for setCurrentPeriodId
[INFO] | 2023-07-06 05:47:58 AM | analyzer.AddressResolver_6 | Return summary generated for setCurrentPeriodId
[INFO] | 2023-07-06 05:47:58 AM | analyzer.AddressResolver_6 | State variable assignement do not exist
[INFO] | 2023-07-06 05:47:58 AM | analyzer.AddressResolver_6 | Processed function setCurrentPeriodId
[INFO] | 2023-07-06 05:47:58 AM | analyzer.AddressResolver_6 | Generating return summary for liquidateAccount
[INFO] | 2023-07-06 05:47:58 AM | analyzer.AddressResolver_6 | Return summary generated for liquidateAccount
[INFO] | 2023-07-06 05:47:58 AM | analyzer.AddressResolver_6 | State variable assignement do not exist
[INFO] | 2023-07-06 05:47:58 AM | analyzer.AddressResolver_6 | Processed function liquidateAccount
[INFO] | 2023-07-06 05:47:58 AM | analyzer.AddressResolver_6 | Generating return summary for issueSynthsWithoutDebt
[INFO] | 2023-07-06 05:47:58 AM | analyzer.AddressResolver_6 | Return summary generated for issueSynthsWithoutDebt
[INFO] | 2023-07-06 05:47:58 AM | analyzer.AddressResolver_6 | State variable assignement do not exist
[INFO] | 2023-07-06 05:47:58 AM | analyzer.AddressResolver_6 | Processed function issueSynthsWithoutDebt
[INFO] | 2023-07-06 05:47:58 AM | analyzer.AddressResolver_6 | Generating return summary for burnSynthsWithoutDebt
[INFO] | 2023-07-06 05:47:58 AM | analyzer.AddressResolver_6 | Return summary generated for burnSynthsWithoutDebt
[INFO] | 2023-07-06 05:47:58 AM | analyzer.AddressResolver_6 | State variable assignement do not exist
[INFO] | 2023-07-06 05:47:58 AM | analyzer.AddressResolver_6 | Processed function burnSynthsWithoutDebt
[INFO] | 2023-07-06 05:47:58 AM | analyzer.AddressResolver_6 | Generating return summary for constructor
[INFO] | 2023-07-06 05:47:58 AM | analyzer.AddressResolver_6 | Return summary generated for constructor
[INFO] | 2023-07-06 05:47:58 AM | analyzer.AddressResolver_6 | Range graph generated
[INFO] | 2023-07-06 05:47:58 AM | analyzer.AddressResolver_6 | Processed function constructor
[INFO] | 2023-07-06 05:47:58 AM | analyzer.AddressResolver_6 | Generating return summary for combineArrays
[INFO] | 2023-07-06 05:47:58 AM | analyzer.AddressResolver_6 | Return summary generated for combineArrays
[INFO] | 2023-07-06 05:47:58 AM | analyzer.AddressResolver_6 | State variable assignement do not exist
[INFO] | 2023-07-06 05:47:58 AM | analyzer.AddressResolver_6 | Processed function combineArrays
[INFO] | 2023-07-06 05:47:58 AM | analyzer.AddressResolver_6 | Generating return summary for resolverAddressesRequired
[INFO] | 2023-07-06 05:47:58 AM | analyzer.AddressResolver_6 | Return summary generated for resolverAddressesRequired
[INFO] | 2023-07-06 05:47:58 AM | analyzer.AddressResolver_6 | State variable assignement do not exist
[INFO] | 2023-07-06 05:47:58 AM | analyzer.AddressResolver_6 | Processed function resolverAddressesRequired
[INFO] | 2023-07-06 05:47:58 AM | analyzer.AddressResolver_6 | Generating return summary for requireAndGetAddress
[INFO] | 2023-07-06 05:47:58 AM | analyzer.AddressResolver_6 | Return summary generated for requireAndGetAddress
[INFO] | 2023-07-06 05:47:58 AM | analyzer.AddressResolver_6 | State variable assignement do not exist
[INFO] | 2023-07-06 05:47:58 AM | analyzer.AddressResolver_6 | Processed function requireAndGetAddress
[INFO] | 2023-07-06 05:47:58 AM | analyzer.AddressResolver_6 | Generating return summary for requireAndGetAddress
[INFO] | 2023-07-06 05:47:58 AM | analyzer.AddressResolver_6 | Return summary generated for requireAndGetAddress
[INFO] | 2023-07-06 05:47:58 AM | analyzer.AddressResolver_6 | State variable assignement do not exist
[INFO] | 2023-07-06 05:47:58 AM | analyzer.AddressResolver_6 | Processed function requireAndGetAddress
[INFO] | 2023-07-06 05:47:58 AM | analyzer.AddressResolver_6 | Generating return summary for getAddress
[INFO] | 2023-07-06 05:47:58 AM | analyzer.AddressResolver_6 | Return summary generated for getAddress
[INFO] | 2023-07-06 05:47:58 AM | analyzer.AddressResolver_6 | State variable assignement do not exist
[INFO] | 2023-07-06 05:47:58 AM | analyzer.AddressResolver_6 | Processed function getAddress
[INFO] | 2023-07-06 05:47:58 AM | analyzer.AddressResolver_6 | Generating return summary for getAddress
[INFO] | 2023-07-06 05:47:58 AM | analyzer.AddressResolver_6 | Return summary generated for getAddress
[INFO] | 2023-07-06 05:47:58 AM | analyzer.AddressResolver_6 | State variable assignement do not exist
[INFO] | 2023-07-06 05:47:58 AM | analyzer.AddressResolver_6 | Processed function getAddress
[INFO] | 2023-07-06 05:47:58 AM | analyzer.AddressResolver_6 | Generating return summary for getSynth
[INFO] | 2023-07-06 05:47:58 AM | analyzer.AddressResolver_6 | Return summary generated for getSynth
[INFO] | 2023-07-06 05:47:58 AM | analyzer.AddressResolver_6 | State variable assignement do not exist
[INFO] | 2023-07-06 05:47:58 AM | analyzer.AddressResolver_6 | Processed function getSynth
[INFO] | 2023-07-06 05:47:58 AM | analyzer.AddressResolver_6 | Generating return summary for requireAndGetAddress
[INFO] | 2023-07-06 05:47:58 AM | analyzer.AddressResolver_6 | Return summary generated for requireAndGetAddress
[INFO] | 2023-07-06 05:47:58 AM | analyzer.AddressResolver_6 | State variable assignement do not exist
[INFO] | 2023-07-06 05:47:58 AM | analyzer.AddressResolver_6 | Processed function requireAndGetAddress
[INFO] | 2023-07-06 05:47:58 AM | analyzer.AddressResolver_6 | Generating return summary for constructor
[INFO] | 2023-07-06 05:47:58 AM | analyzer.AddressResolver_6 | Return summary generated for constructor
[INFO] | 2023-07-06 05:47:58 AM | analyzer.AddressResolver_6 | Range graph generated
[INFO] | 2023-07-06 05:47:58 AM | analyzer.AddressResolver_6 | Processed function constructor
[INFO] | 2023-07-06 05:47:58 AM | analyzer.AddressResolver_6 | Generating return summary for acceptOwnership
[INFO] | 2023-07-06 05:47:58 AM | analyzer.AddressResolver_6 | Return summary generated for acceptOwnership
[INFO] | 2023-07-06 05:47:58 AM | analyzer.AddressResolver_6 | Range graph generated
[INFO] | 2023-07-06 05:47:58 AM | analyzer.AddressResolver_6 | Processed function acceptOwnership
[INFO] | 2023-07-06 05:47:58 AM | analyzer.AddressResolver_6 | Generating return summary for _onlyOwner
[INFO] | 2023-07-06 05:47:58 AM | analyzer.AddressResolver_6 | Return summary generated for _onlyOwner
[INFO] | 2023-07-06 05:47:58 AM | analyzer.AddressResolver_6 | State variable assignement do not exist
[INFO] | 2023-07-06 05:47:58 AM | analyzer.AddressResolver_6 | Processed function _onlyOwner
[INFO] | 2023-07-06 05:47:58 AM | analyzer.AddressResolver_6 | Generating return summary for areAddressesImported
[INFO] | 2023-07-06 05:47:58 AM | analyzer.AddressResolver_6 | Return summary generated for areAddressesImported
[INFO] | 2023-07-06 05:47:58 AM | analyzer.AddressResolver_6 | State variable assignement do not exist
[INFO] | 2023-07-06 05:47:58 AM | analyzer.AddressResolver_6 | Processed function areAddressesImported
[INFO] | 2023-07-06 05:47:58 AM | analyzer.AddressResolver_6 | Generating return summary for onlyOwner
[INFO] | 2023-07-06 05:47:58 AM | analyzer.AddressResolver_6 | Return summary generated for onlyOwner
[INFO] | 2023-07-06 05:47:58 AM | analyzer.AddressResolver_6 | State variable assignement do not exist
[INFO] | 2023-07-06 05:47:58 AM | analyzer.AddressResolver_6 | Processed function onlyOwner
[INFO] | 2023-07-06 05:47:58 AM | analyzer.AddressResolver_6 | Generating return summary for constructor
[INFO] | 2023-07-06 05:47:58 AM | analyzer.AddressResolver_6 | Return summary generated for constructor
[INFO] | 2023-07-06 05:47:58 AM | analyzer.AddressResolver_6 | Range graph generated
[INFO] | 2023-07-06 05:47:58 AM | analyzer.AddressResolver_6 | Processed function constructor
[INFO] | 2023-07-06 05:47:58 AM | analyzer.AddressResolver_6 | Generating return summary for nominateNewOwner
[INFO] | 2023-07-06 05:47:58 AM | analyzer.AddressResolver_6 | Return summary generated for nominateNewOwner
[INFO] | 2023-07-06 05:47:58 AM | analyzer.AddressResolver_6 | Range graph generated
[INFO] | 2023-07-06 05:47:58 AM | analyzer.AddressResolver_6 | Processed function nominateNewOwner
[INFO] | 2023-07-06 05:47:58 AM | analyzer.AddressResolver_6 | Generating return summary for getSynth
[INFO] | 2023-07-06 05:47:58 AM | analyzer.AddressResolver_6 | Return summary generated for getSynth
[INFO] | 2023-07-06 05:47:58 AM | analyzer.AddressResolver_6 | State variable assignement do not exist
[INFO] | 2023-07-06 05:47:58 AM | analyzer.AddressResolver_6 | Processed function getSynth
[INFO] | 2023-07-06 05:47:58 AM | analyzer.AddressResolver_6 | Generating return summary for rebuildCache
[INFO] | 2023-07-06 05:47:58 AM | analyzer.AddressResolver_6 | Return summary generated for rebuildCache
[INFO] | 2023-07-06 05:47:58 AM | analyzer.AddressResolver_6 | Generating return summary for resolverAddressesRequired
[INFO] | 2023-07-06 05:47:58 AM | analyzer.AddressResolver_6 | Return summary generated for resolverAddressesRequired
[INFO] | 2023-07-06 05:47:58 AM | analyzer.AddressResolver_6 | Range graph generated
[INFO] | 2023-07-06 05:47:58 AM | analyzer.AddressResolver_6 | Processed function rebuildCache
[INFO] | 2023-07-06 05:47:58 AM | analyzer.AddressResolver_6 | Generating return summary for isResolverCached
[INFO] | 2023-07-06 05:47:58 AM | analyzer.AddressResolver_6 | Return summary generated for isResolverCached
[INFO] | 2023-07-06 05:47:58 AM | analyzer.AddressResolver_6 | State variable assignement do not exist
[INFO] | 2023-07-06 05:47:58 AM | analyzer.AddressResolver_6 | Processed function isResolverCached
[INFO] | 2023-07-06 05:47:58 AM | analyzer.AddressResolver_6 | Generating return summary for nominateNewOwner
[INFO] | 2023-07-06 05:47:58 AM | analyzer.AddressResolver_6 | Return summary generated for nominateNewOwner
[INFO] | 2023-07-06 05:47:58 AM | analyzer.AddressResolver_6 | Range graph generated
[INFO] | 2023-07-06 05:47:58 AM | analyzer.AddressResolver_6 | Processed function nominateNewOwner
[INFO] | 2023-07-06 05:47:58 AM | analyzer.AddressResolver_6 | Generating return summary for importAddresses
[INFO] | 2023-07-06 05:47:58 AM | analyzer.AddressResolver_6 | Return summary generated for importAddresses
[INFO] | 2023-07-06 05:47:58 AM | analyzer.AddressResolver_6 | Range graph generated
[INFO] | 2023-07-06 05:47:58 AM | analyzer.AddressResolver_6 | Processed function importAddresses
[INFO] | 2023-07-06 05:47:58 AM | analyzer.AddressResolver_6 | Generating return summary for rebuildCaches
[INFO] | 2023-07-06 05:47:58 AM | analyzer.AddressResolver_6 | Return summary generated for rebuildCaches
[INFO] | 2023-07-06 05:47:58 AM | analyzer.AddressResolver_6 | Range graph generated
[INFO] | 2023-07-06 05:47:58 AM | analyzer.AddressResolver_6 | Processed function rebuildCaches
[INFO] | 2023-07-06 05:47:58 AM | analyzer.AddressResolver_6 | Value Range Analysis took 0.012869 seconds
[INFO] | 2023-07-06 05:47:58 AM | analyzer.AddressResolver_6 | Value Range Analysis finished
[INFO] | 2023-07-06 05:47:58 AM | analyzer.AddressResolver_6 | Storage dependency graph compostion started!
[INFO] | 2023-07-06 05:47:58 AM | analyzer.AddressResolver_6 | Storage dependency graph compostion finished!
[INFO] | 2023-07-06 05:47:58 AM | analyzer.AddressResolver_6 | Dependency detection started!
[INFO] | 2023-07-06 05:47:58 AM | analyzer.AddressResolver_6 | Dependency detection finished!
[INFO] | 2023-07-06 05:47:58 AM | analyzer.AddressResolver_6 | Static Analysis took 0.969026 seconds
[INFO] | 2023-07-06 05:47:58 AM | analyzer.AddressResolver_6 | Dependency does not exist
[INFO] | 2023-07-06 05:47:58 AM | analyzer.AddressResolver_6 | Symbolic execution is not needed!
[INFO] | 2023-07-06 05:47:58 AM | analyzer.AddressResolver_6 | Analysis finished!
[INFO] | 2023-07-06 05:47:58 AM | analyzer.AddressResolver_6 | Analysis took 0.969176 seconds
[INFO] | 2023-07-06 05:47:58 AM | analyzer.AddressResolver_6 | Analysis finished at: 2023-07-06 05:47:58 AM
