2023-07-03 16:27:33,429: [11] m.main:INFO: Registered plugins: IntrospectionAPIPlugin, <class 'manticore.ethereum.plugins.SkipRevertBasicBlocks'>, <class 'manticore.ethereum.plugins.FilterFunctions'>
2023-07-03 16:27:33,430: [11] m.main:INFO: Beginning analysis
2023-07-03 16:27:33,432: [11] m.e.manticore:INFO: Starting symbolic create contract
2023-07-03 16:27:34,995: [11] m.e.manticore:INFO: Starting symbolic transaction: 0
2023-07-03 16:27:35,132: [11] m.e.manticore:INFO: 0 alive states, 1 terminated states
2023-07-03 16:27:35,191: [11] m.e.manticore:INFO: Starting symbolic transaction: 1
2023-07-03 16:27:35,451: [11] m.c.manticore:INFO: Results in /mcore_x_smfz79
2023-07-03 16:27:35,451: [11] m.c.manticore:INFO: Total time: 0.4529836177825928
2023-07-03 16:27:36,177: [70] m.main:INFO: Registered plugins: IntrospectionAPIPlugin, <class 'manticore.ethereum.plugins.SkipRevertBasicBlocks'>, <class 'manticore.ethereum.plugins.FilterFunctions'>
2023-07-03 16:27:36,178: [70] m.main:INFO: Beginning analysis
2023-07-03 16:27:36,181: [70] m.e.manticore:INFO: Starting symbolic create contract
2023-07-03 16:27:37,528: [70] m.e.manticore:INFO: Starting symbolic transaction: 0
2023-07-03 16:27:37,718: [70] m.e.manticore:INFO: 0 alive states, 1 terminated states
2023-07-03 16:27:37,777: [70] m.e.manticore:INFO: Starting symbolic transaction: 1
2023-07-03 16:27:38,042: [70] m.c.manticore:INFO: Results in /mcore_lij0z6gp
2023-07-03 16:27:38,042: [70] m.c.manticore:INFO: Total time: 0.5104444026947021
2023-07-03 16:27:38,714: [129] m.main:INFO: Registered plugins: IntrospectionAPIPlugin, <class 'manticore.ethereum.plugins.SkipRevertBasicBlocks'>, <class 'manticore.ethereum.plugins.FilterFunctions'>
2023-07-03 16:27:38,715: [129] m.main:INFO: Beginning analysis
2023-07-03 16:27:38,720: [129] m.e.manticore:INFO: Starting symbolic create contract
2023-07-03 16:27:40,944: [129] m.e.manticore:INFO: Starting symbolic transaction: 0
2023-07-03 16:27:46,713: [129] m.e.manticore:INFO: 0 alive states, 3 terminated states
2023-07-03 16:27:47,120: [129] m.c.manticore:INFO: Results in /mcore_adh2b8kr
2023-07-03 16:27:47,121: [129] m.c.manticore:INFO: Total time: 6.158825635910034
2023-07-03 16:27:47,921: [200] m.main:INFO: Registered plugins: IntrospectionAPIPlugin, <class 'manticore.ethereum.plugins.SkipRevertBasicBlocks'>, <class 'manticore.ethereum.plugins.FilterFunctions'>
2023-07-03 16:27:47,921: [200] m.main:INFO: Beginning analysis
2023-07-03 16:27:47,923: [200] m.e.manticore:INFO: Starting symbolic create contract
