2023-07-03 16:33:11,589: [11] m.main:INFO: Registered plugins: IntrospectionAPIPlugin, <class 'manticore.ethereum.plugins.SkipRevertBasicBlocks'>, <class 'manticore.ethereum.plugins.FilterFunctions'>
2023-07-03 16:33:11,589: [11] m.main:INFO: Beginning analysis
2023-07-03 16:33:11,592: [11] m.e.manticore:INFO: Starting symbolic create contract
2023-07-03 16:33:13,007: [11] m.e.manticore:INFO: Starting symbolic transaction: 0
2023-07-03 16:33:13,154: [11] m.e.manticore:INFO: 0 alive states, 1 terminated states
2023-07-03 16:33:13,195: [11] m.e.manticore:INFO: Starting symbolic transaction: 1
2023-07-03 16:33:13,420: [11] m.c.manticore:INFO: Results in /mcore_zr57b0cb
2023-07-03 16:33:13,420: [11] m.c.manticore:INFO: Total time: 0.41028380393981934
2023-07-03 16:33:14,152: [70] m.main:INFO: Registered plugins: IntrospectionAPIPlugin, <class 'manticore.ethereum.plugins.SkipRevertBasicBlocks'>, <class 'manticore.ethereum.plugins.FilterFunctions'>
2023-07-03 16:33:14,152: [70] m.main:INFO: Beginning analysis
2023-07-03 16:33:14,154: [70] m.e.manticore:INFO: Starting symbolic create contract
2023-07-03 16:33:15,628: [70] m.e.manticore:INFO: Starting symbolic transaction: 0
2023-07-03 16:33:15,772: [70] m.e.manticore:INFO: 0 alive states, 1 terminated states
2023-07-03 16:33:15,838: [70] m.e.manticore:INFO: Starting symbolic transaction: 1
2023-07-03 16:33:16,080: [70] m.c.manticore:INFO: Results in /mcore_quxu32sb
2023-07-03 16:33:16,080: [70] m.c.manticore:INFO: Total time: 0.44864344596862793
2023-07-03 16:33:16,816: [129] m.main:INFO: Registered plugins: IntrospectionAPIPlugin, <class 'manticore.ethereum.plugins.SkipRevertBasicBlocks'>, <class 'manticore.ethereum.plugins.FilterFunctions'>
2023-07-03 16:33:16,816: [129] m.main:INFO: Beginning analysis
2023-07-03 16:33:16,819: [129] m.e.manticore:INFO: Starting symbolic create contract
2023-07-03 16:33:19,244: [129] m.e.manticore:INFO: Starting symbolic transaction: 0
2023-07-03 16:33:25,523: [129] m.e.manticore:INFO: 0 alive states, 3 terminated states
2023-07-03 16:33:25,786: [129] m.c.manticore:INFO: Results in /mcore_a5d6vy4_
2023-07-03 16:33:25,786: [129] m.c.manticore:INFO: Total time: 6.52079963684082
2023-07-03 16:33:26,478: [200] m.main:INFO: Registered plugins: IntrospectionAPIPlugin, <class 'manticore.ethereum.plugins.SkipRevertBasicBlocks'>, <class 'manticore.ethereum.plugins.FilterFunctions'>
2023-07-03 16:33:26,478: [200] m.main:INFO: Beginning analysis
2023-07-03 16:33:26,481: [200] m.e.manticore:INFO: Starting symbolic create contract
