2023-07-03 16:32:10,134: [11] m.main:INFO: Registered plugins: IntrospectionAPIPlugin, <class 'manticore.ethereum.plugins.SkipRevertBasicBlocks'>, <class 'manticore.ethereum.plugins.FilterFunctions'>
2023-07-03 16:32:10,134: [11] m.main:INFO: Beginning analysis
2023-07-03 16:32:10,137: [11] m.e.manticore:INFO: Starting symbolic create contract
2023-07-03 16:32:11,294: [11] m.e.manticore:INFO: Starting symbolic transaction: 0
2023-07-03 16:32:11,443: [11] m.e.manticore:INFO: 0 alive states, 1 terminated states
2023-07-03 16:32:11,504: [11] m.e.manticore:INFO: Starting symbolic transaction: 1
2023-07-03 16:32:11,688: [11] m.c.manticore:INFO: Results in /mcore_ndevrxnq
2023-07-03 16:32:11,689: [11] m.c.manticore:INFO: Total time: 0.38979029655456543
2023-07-03 16:32:12,378: [70] m.main:INFO: Registered plugins: IntrospectionAPIPlugin, <class 'manticore.ethereum.plugins.SkipRevertBasicBlocks'>, <class 'manticore.ethereum.plugins.FilterFunctions'>
2023-07-03 16:32:12,379: [70] m.main:INFO: Beginning analysis
2023-07-03 16:32:12,381: [70] m.e.manticore:INFO: Starting symbolic create contract
2023-07-03 16:32:13,679: [70] m.e.manticore:INFO: Starting symbolic transaction: 0
2023-07-03 16:32:13,821: [70] m.e.manticore:INFO: 0 alive states, 1 terminated states
2023-07-03 16:32:13,887: [70] m.e.manticore:INFO: Starting symbolic transaction: 1
2023-07-03 16:32:14,072: [70] m.c.manticore:INFO: Results in /mcore__pg9ah7e
2023-07-03 16:32:14,073: [70] m.c.manticore:INFO: Total time: 0.3845980167388916
2023-07-03 16:32:14,780: [129] m.main:INFO: Registered plugins: IntrospectionAPIPlugin, <class 'manticore.ethereum.plugins.SkipRevertBasicBlocks'>, <class 'manticore.ethereum.plugins.FilterFunctions'>
2023-07-03 16:32:14,780: [129] m.main:INFO: Beginning analysis
2023-07-03 16:32:14,782: [129] m.e.manticore:INFO: Starting symbolic create contract
2023-07-03 16:32:39,390: [129] m.e.manticore:INFO: Starting symbolic transaction: 0
