2023-07-03 16:37:21,116: [11] m.main:INFO: Registered plugins: IntrospectionAPIPlugin, <class 'manticore.ethereum.plugins.SkipRevertBasicBlocks'>, <class 'manticore.ethereum.plugins.FilterFunctions'>
2023-07-03 16:37:21,116: [11] m.main:INFO: Beginning analysis
2023-07-03 16:37:21,119: [11] m.e.manticore:INFO: Starting symbolic create contract
2023-07-03 16:37:21,939: [11] m.e.manticore:INFO: Starting symbolic transaction: 0
2023-07-03 16:37:22,066: [11] m.e.manticore:INFO: 0 alive states, 1 terminated states
2023-07-03 16:37:22,138: [11] m.e.manticore:INFO: Starting symbolic transaction: 1
2023-07-03 16:37:22,331: [11] m.c.manticore:INFO: Results in /mcore_thl6xfx2
2023-07-03 16:37:22,331: [11] m.c.manticore:INFO: Total time: 0.38936495780944824
2023-07-03 16:37:23,080: [70] m.main:INFO: Registered plugins: IntrospectionAPIPlugin, <class 'manticore.ethereum.plugins.SkipRevertBasicBlocks'>, <class 'manticore.ethereum.plugins.FilterFunctions'>
2023-07-03 16:37:23,080: [70] m.main:INFO: Beginning analysis
2023-07-03 16:37:23,083: [70] m.e.manticore:INFO: Starting symbolic create contract
2023-07-03 16:37:23,905: [70] m.e.manticore:INFO: Starting symbolic transaction: 0
2023-07-03 16:37:24,051: [70] m.e.manticore:INFO: 0 alive states, 1 terminated states
2023-07-03 16:37:24,116: [70] m.e.manticore:INFO: Starting symbolic transaction: 1
2023-07-03 16:37:24,281: [70] m.c.manticore:INFO: Results in /mcore_wp189ii8
2023-07-03 16:37:24,281: [70] m.c.manticore:INFO: Total time: 0.3725016117095947
2023-07-03 16:37:24,985: [129] m.main:INFO: Registered plugins: IntrospectionAPIPlugin, <class 'manticore.ethereum.plugins.SkipRevertBasicBlocks'>, <class 'manticore.ethereum.plugins.FilterFunctions'>
2023-07-03 16:37:24,985: [129] m.main:INFO: Beginning analysis
2023-07-03 16:37:24,989: [129] m.e.manticore:INFO: Starting symbolic create contract
2023-07-03 16:37:25,598: [129] m.e.manticore:INFO: Starting symbolic transaction: 0
2023-07-03 16:37:25,720: [129] m.e.manticore:INFO: 0 alive states, 2 terminated states
2023-07-03 16:37:25,879: [129] m.c.manticore:INFO: Results in /mcore_1vvgqhtd
2023-07-03 16:37:25,879: [129] m.c.manticore:INFO: Total time: 0.2773005962371826
2023-07-03 16:37:26,514: [194] m.main:INFO: Registered plugins: IntrospectionAPIPlugin, <class 'manticore.ethereum.plugins.SkipRevertBasicBlocks'>, <class 'manticore.ethereum.plugins.FilterFunctions'>
2023-07-03 16:37:26,514: [194] m.main:INFO: Beginning analysis
2023-07-03 16:37:26,517: [194] m.e.manticore:INFO: Starting symbolic create contract
