2023-07-03 15:43:53,918: [11] m.main:INFO: Registered plugins: IntrospectionAPIPlugin, <class 'manticore.ethereum.plugins.SkipRevertBasicBlocks'>, <class 'manticore.ethereum.plugins.FilterFunctions'>
2023-07-03 15:43:53,918: [11] m.main:INFO: Beginning analysis
2023-07-03 15:43:53,921: [11] m.e.manticore:INFO: Starting symbolic create contract
2023-07-03 15:43:54,667: [11] m.e.manticore:INFO: Starting symbolic transaction: 0
2023-07-03 15:43:54,790: [11] m.e.manticore:INFO: 0 alive states, 2 terminated states
2023-07-03 15:43:54,931: [11] m.c.manticore:INFO: Results in /mcore_utwnr_1n
2023-07-03 15:43:54,931: [11] m.c.manticore:INFO: Total time: 0.257735013961792
2023-07-03 15:43:55,791: [76] m.main:INFO: Registered plugins: IntrospectionAPIPlugin, <class 'manticore.ethereum.plugins.SkipRevertBasicBlocks'>, <class 'manticore.ethereum.plugins.FilterFunctions'>
2023-07-03 15:43:55,791: [76] m.main:INFO: Beginning analysis
2023-07-03 15:43:55,794: [76] m.e.manticore:INFO: Starting symbolic create contract
2023-07-03 15:43:56,588: [76] m.e.manticore:INFO: Starting symbolic transaction: 0
2023-07-03 15:43:56,710: [76] m.e.manticore:INFO: 0 alive states, 2 terminated states
2023-07-03 15:43:56,833: [76] m.c.manticore:INFO: Results in /mcore_hmcm6gim
2023-07-03 15:43:56,833: [76] m.c.manticore:INFO: Total time: 0.23926186561584473
2023-07-03 15:43:57,525: [141] m.main:INFO: Registered plugins: IntrospectionAPIPlugin, <class 'manticore.ethereum.plugins.SkipRevertBasicBlocks'>, <class 'manticore.ethereum.plugins.FilterFunctions'>
2023-07-03 15:43:57,525: [141] m.main:INFO: Beginning analysis
2023-07-03 15:43:57,527: [141] m.e.manticore:INFO: Starting symbolic create contract
2023-07-03 15:43:58,329: [141] m.e.manticore:INFO: Starting symbolic transaction: 0
2023-07-03 15:43:58,423: [141] m.e.manticore:INFO: 0 alive states, 2 terminated states
2023-07-03 15:43:58,556: [141] m.c.manticore:INFO: Results in /mcore_26qrs172
2023-07-03 15:43:58,557: [141] m.c.manticore:INFO: Total time: 0.2224414348602295
2023-07-03 15:43:59,240: [206] m.main:INFO: Registered plugins: IntrospectionAPIPlugin, <class 'manticore.ethereum.plugins.SkipRevertBasicBlocks'>, <class 'manticore.ethereum.plugins.FilterFunctions'>
2023-07-03 15:43:59,240: [206] m.main:INFO: Beginning analysis
2023-07-03 15:43:59,242: [206] m.e.manticore:INFO: Starting symbolic create contract
2023-07-03 15:43:59,995: [206] m.e.manticore:INFO: Starting symbolic transaction: 0
2023-07-03 15:44:00,113: [206] m.e.manticore:INFO: 0 alive states, 2 terminated states
2023-07-03 15:44:00,248: [206] m.c.manticore:INFO: Results in /mcore_uwswwvr6
2023-07-03 15:44:00,249: [206] m.c.manticore:INFO: Total time: 0.24940872192382812
2023-07-03 15:44:00,962: [271] m.main:INFO: Registered plugins: IntrospectionAPIPlugin, <class 'manticore.ethereum.plugins.SkipRevertBasicBlocks'>, <class 'manticore.ethereum.plugins.FilterFunctions'>
2023-07-03 15:44:00,963: [271] m.main:INFO: Beginning analysis
2023-07-03 15:44:00,965: [271] m.e.manticore:INFO: Starting symbolic create contract
2023-07-03 15:44:01,763: [271] m.e.manticore:INFO: Starting symbolic transaction: 0
2023-07-03 15:44:01,873: [271] m.e.manticore:INFO: 0 alive states, 2 terminated states
2023-07-03 15:44:01,995: [271] m.c.manticore:INFO: Results in /mcore_18eutabw
2023-07-03 15:44:01,996: [271] m.c.manticore:INFO: Total time: 0.22934651374816895
2023-07-03 15:44:02,715: [336] m.main:INFO: Registered plugins: IntrospectionAPIPlugin, <class 'manticore.ethereum.plugins.SkipRevertBasicBlocks'>, <class 'manticore.ethereum.plugins.FilterFunctions'>
2023-07-03 15:44:02,716: [336] m.main:INFO: Beginning analysis
2023-07-03 15:44:02,719: [336] m.e.manticore:INFO: Starting symbolic create contract
2023-07-03 15:44:03,517: [336] m.e.manticore:INFO: Starting symbolic transaction: 0
2023-07-03 15:44:03,642: [336] m.e.manticore:INFO: 0 alive states, 2 terminated states
2023-07-03 15:44:03,784: [336] m.c.manticore:INFO: Results in /mcore_21xctnez
2023-07-03 15:44:03,785: [336] m.c.manticore:INFO: Total time: 0.2647724151611328
2023-07-03 15:44:04,483: [401] m.main:INFO: Registered plugins: IntrospectionAPIPlugin, <class 'manticore.ethereum.plugins.SkipRevertBasicBlocks'>, <class 'manticore.ethereum.plugins.FilterFunctions'>
2023-07-03 15:44:04,483: [401] m.main:INFO: Beginning analysis
2023-07-03 15:44:04,487: [401] m.e.manticore:INFO: Starting symbolic create contract
2023-07-03 15:44:05,431: [401] m.e.manticore:INFO: Starting symbolic transaction: 0
2023-07-03 15:44:05,905: [401] m.c.worker:ERROR: Exception in state 0: ManticoreError('Forking on unfeasible constraint set')
Traceback (most recent call last):
  File "/usr/local/lib/python3.7/dist-packages/manticore/core/worker.py", line 137, in run
    current_state.execute()
  File "/usr/local/lib/python3.7/dist-packages/manticore/ethereum/state.py", line 8, in execute
    return self._platform.execute()
  File "/usr/local/lib/python3.7/dist-packages/manticore/platforms/evm.py", line 3106, in execute
    self.current_vm.execute()
  File "/usr/local/lib/python3.7/dist-packages/manticore/platforms/evm.py", line 1322, in execute
    raise Concretize("Symbolic PC", expression=expression, setstate=setstate, policy="ALL")
manticore.core.state.Concretize

During handling of the above exception, another exception occurred:

Traceback (most recent call last):
  File "/usr/local/lib/python3.7/dist-packages/manticore/core/worker.py", line 158, in run
    m._fork(current_state, exc.expression, exc.policy, exc.setstate, exc.values)
  File "/usr/local/lib/python3.7/dist-packages/manticore/core/manticore.py", line 518, in _fork
    raise ManticoreError("Forking on unfeasible constraint set")
manticore.exceptions.ManticoreError: Forking on unfeasible constraint set
 
2023-07-03 15:44:05,910: [401] m.e.manticore:INFO: 0 alive states, 1 terminated states
2023-07-03 15:44:06,048: [401] m.c.manticore:INFO: Results in /mcore_8xf47sr8
2023-07-03 15:44:06,049: [401] m.c.manticore:INFO: Total time: 0.6120223999023438
2023-07-03 15:44:06,726: [460] m.main:INFO: Registered plugins: IntrospectionAPIPlugin, <class 'manticore.ethereum.plugins.SkipRevertBasicBlocks'>, <class 'manticore.ethereum.plugins.FilterFunctions'>
2023-07-03 15:44:06,727: [460] m.main:INFO: Beginning analysis
2023-07-03 15:44:06,730: [460] m.e.manticore:INFO: Starting symbolic create contract
2023-07-03 15:44:07,741: [460] m.e.manticore:INFO: Starting symbolic transaction: 0
2023-07-03 15:44:08,215: [460] m.c.worker:ERROR: Exception in state 0: ManticoreError('Forking on unfeasible constraint set')
Traceback (most recent call last):
  File "/usr/local/lib/python3.7/dist-packages/manticore/core/worker.py", line 137, in run
    current_state.execute()
  File "/usr/local/lib/python3.7/dist-packages/manticore/ethereum/state.py", line 8, in execute
    return self._platform.execute()
  File "/usr/local/lib/python3.7/dist-packages/manticore/platforms/evm.py", line 3106, in execute
    self.current_vm.execute()
  File "/usr/local/lib/python3.7/dist-packages/manticore/platforms/evm.py", line 1322, in execute
    raise Concretize("Symbolic PC", expression=expression, setstate=setstate, policy="ALL")
manticore.core.state.Concretize

During handling of the above exception, another exception occurred:

Traceback (most recent call last):
  File "/usr/local/lib/python3.7/dist-packages/manticore/core/worker.py", line 158, in run
    m._fork(current_state, exc.expression, exc.policy, exc.setstate, exc.values)
  File "/usr/local/lib/python3.7/dist-packages/manticore/core/manticore.py", line 518, in _fork
    raise ManticoreError("Forking on unfeasible constraint set")
manticore.exceptions.ManticoreError: Forking on unfeasible constraint set
 
2023-07-03 15:44:08,221: [460] m.e.manticore:INFO: 0 alive states, 1 terminated states
2023-07-03 15:44:08,345: [460] m.c.manticore:INFO: Results in /mcore_ptvri0es
2023-07-03 15:44:08,346: [460] m.c.manticore:INFO: Total time: 0.5985567569732666
2023-07-03 15:44:09,093: [519] m.main:INFO: Registered plugins: IntrospectionAPIPlugin, <class 'manticore.ethereum.plugins.SkipRevertBasicBlocks'>, <class 'manticore.ethereum.plugins.FilterFunctions'>
2023-07-03 15:44:09,093: [519] m.main:INFO: Beginning analysis
2023-07-03 15:44:09,096: [519] m.e.manticore:INFO: Starting symbolic create contract
2023-07-03 15:44:10,979: [519] m.e.manticore:INFO: Starting symbolic transaction: 0
2023-07-03 15:44:34,034: [519] m.c.worker:ERROR: Exception in state 2: ManticoreError('Forking on unfeasible constraint set')
Traceback (most recent call last):
  File "/usr/local/lib/python3.7/dist-packages/manticore/core/worker.py", line 137, in run
    current_state.execute()
  File "/usr/local/lib/python3.7/dist-packages/manticore/ethereum/state.py", line 8, in execute
    return self._platform.execute()
  File "/usr/local/lib/python3.7/dist-packages/manticore/platforms/evm.py", line 3106, in execute
    self.current_vm.execute()
  File "/usr/local/lib/python3.7/dist-packages/manticore/platforms/evm.py", line 1322, in execute
    raise Concretize("Symbolic PC", expression=expression, setstate=setstate, policy="ALL")
manticore.core.state.Concretize

During handling of the above exception, another exception occurred:

Traceback (most recent call last):
  File "/usr/local/lib/python3.7/dist-packages/manticore/core/worker.py", line 158, in run
    m._fork(current_state, exc.expression, exc.policy, exc.setstate, exc.values)
  File "/usr/local/lib/python3.7/dist-packages/manticore/core/manticore.py", line 518, in _fork
    raise ManticoreError("Forking on unfeasible constraint set")
manticore.exceptions.ManticoreError: Forking on unfeasible constraint set
 
2023-07-03 15:44:34,121: [519] m.e.manticore:INFO: 0 alive states, 3 terminated states
2023-07-03 15:44:34,493: [519] m.c.manticore:INFO: Results in /mcore_6owcyhqi
2023-07-03 15:44:34,495: [519] m.c.manticore:INFO: Total time: 23.48189401626587
