2023-07-03 16:09:54,232: [11] m.main:INFO: Registered plugins: IntrospectionAPIPlugin, <class 'manticore.ethereum.plugins.SkipRevertBasicBlocks'>, <class 'manticore.ethereum.plugins.FilterFunctions'>
2023-07-03 16:09:54,233: [11] m.main:INFO: Beginning analysis
2023-07-03 16:09:54,235: [11] m.e.manticore:INFO: Starting symbolic create contract
2023-07-03 16:09:55,140: [11] m.e.manticore:INFO: Failed to create contract: exception in constructor
2023-07-03 16:09:55,241: [11] m.c.manticore:INFO: Results in /mcore_joul9vfr
2023-07-03 16:09:55,241: [11] m.c.manticore:INFO: Total time: 0.6055302619934082
2023-07-03 16:09:56,164: [53] m.main:INFO: Registered plugins: IntrospectionAPIPlugin, <class 'manticore.ethereum.plugins.SkipRevertBasicBlocks'>, <class 'manticore.ethereum.plugins.FilterFunctions'>
2023-07-03 16:09:56,164: [53] m.main:INFO: Beginning analysis
2023-07-03 16:09:56,167: [53] m.e.manticore:INFO: Starting symbolic create contract
2023-07-03 16:09:57,105: [53] m.e.manticore:INFO: Failed to create contract: exception in constructor
2023-07-03 16:09:57,204: [53] m.c.manticore:INFO: Results in /mcore_v3u5wijk
2023-07-03 16:09:57,205: [53] m.c.manticore:INFO: Total time: 0.6714656352996826
2023-07-03 16:09:57,935: [95] m.main:INFO: Registered plugins: IntrospectionAPIPlugin, <class 'manticore.ethereum.plugins.SkipRevertBasicBlocks'>, <class 'manticore.ethereum.plugins.FilterFunctions'>
2023-07-03 16:09:57,936: [95] m.main:INFO: Beginning analysis
2023-07-03 16:09:57,938: [95] m.e.manticore:INFO: Starting symbolic create contract
2023-07-03 16:09:58,783: [95] m.e.manticore:INFO: Failed to create contract: exception in constructor
2023-07-03 16:09:58,884: [95] m.c.manticore:INFO: Results in /mcore_fpip_f6y
2023-07-03 16:09:58,885: [95] m.c.manticore:INFO: Total time: 0.6579744815826416
2023-07-03 16:09:59,631: [137] m.main:INFO: Registered plugins: IntrospectionAPIPlugin, <class 'manticore.ethereum.plugins.SkipRevertBasicBlocks'>, <class 'manticore.ethereum.plugins.FilterFunctions'>
2023-07-03 16:09:59,631: [137] m.main:INFO: Beginning analysis
2023-07-03 16:09:59,634: [137] m.e.manticore:INFO: Starting symbolic create contract
2023-07-03 16:10:01,304: [137] m.e.manticore:INFO: Failed to create contract: exception in constructor
2023-07-03 16:10:01,412: [137] m.c.manticore:INFO: Results in /mcore_iwglxdhw
2023-07-03 16:10:01,412: [137] m.c.manticore:INFO: Total time: 1.4789836406707764
2023-07-03 16:10:02,041: [185] m.main:INFO: Registered plugins: IntrospectionAPIPlugin, <class 'manticore.ethereum.plugins.SkipRevertBasicBlocks'>, <class 'manticore.ethereum.plugins.FilterFunctions'>
2023-07-03 16:10:02,041: [185] m.main:INFO: Beginning analysis
2023-07-03 16:10:02,043: [185] m.e.manticore:INFO: Starting symbolic create contract
2023-07-03 16:10:07,062: [185] m.e.manticore:INFO: Failed to create contract: exception in constructor
2023-07-03 16:10:07,192: [185] m.c.manticore:INFO: Results in /mcore_vhty6_mc
2023-07-03 16:10:07,193: [185] m.c.manticore:INFO: Total time: 4.716299772262573
