2023-07-03 15:43:54,007: [11] m.main:INFO: Registered plugins: IntrospectionAPIPlugin, <class 'manticore.ethereum.plugins.SkipRevertBasicBlocks'>, <class 'manticore.ethereum.plugins.FilterFunctions'>
2023-07-03 15:43:54,008: [11] m.main:INFO: Beginning analysis
2023-07-03 15:43:54,012: [11] m.e.manticore:INFO: Starting symbolic create contract
2023-07-03 15:43:55,375: [11] m.e.manticore:INFO: Starting symbolic transaction: 0
2023-07-03 15:43:55,517: [11] m.e.manticore:INFO: 0 alive states, 1 terminated states
2023-07-03 15:43:55,582: [11] m.e.manticore:INFO: Starting symbolic transaction: 1
2023-07-03 15:43:55,799: [11] m.c.manticore:INFO: Results in /mcore_psoxm_6n
2023-07-03 15:43:55,800: [11] m.c.manticore:INFO: Total time: 0.42203545570373535
2023-07-03 15:43:56,498: [70] m.main:INFO: Registered plugins: IntrospectionAPIPlugin, <class 'manticore.ethereum.plugins.SkipRevertBasicBlocks'>, <class 'manticore.ethereum.plugins.FilterFunctions'>
2023-07-03 15:43:56,498: [70] m.main:INFO: Beginning analysis
2023-07-03 15:43:56,501: [70] m.e.manticore:INFO: Starting symbolic create contract
2023-07-03 15:43:58,073: [70] m.e.manticore:INFO: Starting symbolic transaction: 0
2023-07-03 15:43:58,225: [70] m.e.manticore:INFO: 0 alive states, 1 terminated states
2023-07-03 15:43:58,280: [70] m.e.manticore:INFO: Starting symbolic transaction: 1
2023-07-03 15:43:58,501: [70] m.c.manticore:INFO: Results in /mcore_g3wzk6yx
2023-07-03 15:43:58,502: [70] m.c.manticore:INFO: Total time: 0.42555809020996094
2023-07-03 15:43:59,127: [129] m.main:INFO: Registered plugins: IntrospectionAPIPlugin, <class 'manticore.ethereum.plugins.SkipRevertBasicBlocks'>, <class 'manticore.ethereum.plugins.FilterFunctions'>
2023-07-03 15:43:59,127: [129] m.main:INFO: Beginning analysis
2023-07-03 15:43:59,129: [129] m.e.manticore:INFO: Starting symbolic create contract
2023-07-03 15:44:01,138: [129] m.e.manticore:INFO: Starting symbolic transaction: 0
2023-07-03 15:44:06,869: [129] m.e.manticore:INFO: 0 alive states, 3 terminated states
2023-07-03 15:44:07,198: [129] m.c.manticore:INFO: Results in /mcore_5w97rcds
2023-07-03 15:44:07,198: [129] m.c.manticore:INFO: Total time: 6.0422890186309814
2023-07-03 15:44:07,994: [200] m.main:INFO: Registered plugins: IntrospectionAPIPlugin, <class 'manticore.ethereum.plugins.SkipRevertBasicBlocks'>, <class 'manticore.ethereum.plugins.FilterFunctions'>
2023-07-03 15:44:07,995: [200] m.main:INFO: Beginning analysis
2023-07-03 15:44:07,997: [200] m.e.manticore:INFO: Starting symbolic create contract
