WARNING:root:You are using solc version 0.4.26. The supported version is 0.4.21.
INFO:root:Contract /sb/MultiSigWallet_1.sol:MultiSigWallet:
INFO:symExec:Running, please wait...
INFO:symExec:	============ Results ===========
INFO:symExec:	  EVM code coverage: 	 55.3%
INFO:symExec:	  Arithmetic bugs: 	 True
INFO:symExec:	  └> Overflow bugs: 	 True
/sb/MultiSigWallet_1.sol:MultiSigWallet:356:27
new uint[](to - from)
^
/sb/MultiSigWallet_1.sol:MultiSigWallet:346:44
new uint[](transactionCount)
^
/sb/MultiSigWallet_1.sol:MultiSigWallet:306:5
function getOwners()
^
/sb/MultiSigWallet_1.sol:MultiSigWallet:346:44
new uint[](transactionCount)
^
/sb/MultiSigWallet_1.sol:MultiSigWallet:311:9
return owners
^
/sb/MultiSigWallet_1.sol:MultiSigWallet:356:27
new uint[](to - from)
^
/sb/MultiSigWallet_1.sol:MultiSigWallet:341:5
function getTransactionIds(uint from, uint to, bool pending, bool executed)
^
/sb/MultiSigWallet_1.sol:MultiSigWallet:311:9
return owners
^
INFO:symExec:	  └> Underflow bugs: 	 True
/sb/MultiSigWallet_1.sol:MultiSigWallet:356:38
to - from
^
INFO:symExec:	  └> Division bugs: 	 False
INFO:symExec:	  └> Modulo bugs:   	 False
INFO:symExec:	  └> Truncation bugs: 	 True
/sb/MultiSigWallet_1.sol:MultiSigWallet:24:5
mapping (uint => Transaction) public transactions
^
INFO:symExec:	  └> Signedness bugs: 	 False
INFO:symExec:	  Callstack bug: 	 False
INFO:symExec:	  Concurrency bug: 	 False
INFO:symExec:	  Time dependency bug: 	 False
INFO:symExec:	  Reentrancy bug: 	 False
INFO:symExec:	 --- 480.617099762 seconds ---
INFO:symExec:	====== Analysis Completed ======

  .oooooo.             o8o            o8o          
 d8P'  `Y8b            `"'            `"'          
888      888  .oooo.o oooo  oooo d8b oooo   .oooo.o
888      888 d88(  "8 `888  `888""8P `888  d88(  "8
888      888 `"Y88b.   888   888      888  `"Y88b. 
`88b    d88' o.  )88b  888   888      888  o.  )88b
 `Y8bood8P'  8""888P' o888o d888b    o888o 8""888P'


!!! SYMBOLIC EXECUTION TIMEOUT !!!
