2023-07-03 16:48:54,940: [11] m.main:INFO: Registered plugins: IntrospectionAPIPlugin, <class 'manticore.ethereum.plugins.SkipRevertBasicBlocks'>, <class 'manticore.ethereum.plugins.FilterFunctions'>
2023-07-03 16:48:54,940: [11] m.main:INFO: Beginning analysis
2023-07-03 16:48:54,942: [11] m.e.manticore:INFO: Starting symbolic create contract
2023-07-03 16:48:56,467: [11] m.e.manticore:INFO: Starting symbolic transaction: 0
2023-07-03 16:48:56,627: [11] m.e.manticore:INFO: 0 alive states, 1 terminated states
2023-07-03 16:48:56,678: [11] m.e.manticore:INFO: Starting symbolic transaction: 1
2023-07-03 16:48:56,888: [11] m.c.manticore:INFO: Results in /mcore_dg65gji_
2023-07-03 16:48:56,888: [11] m.c.manticore:INFO: Total time: 0.4172701835632324
2023-07-03 16:48:57,546: [70] m.main:INFO: Registered plugins: IntrospectionAPIPlugin, <class 'manticore.ethereum.plugins.SkipRevertBasicBlocks'>, <class 'manticore.ethereum.plugins.FilterFunctions'>
2023-07-03 16:48:57,547: [70] m.main:INFO: Beginning analysis
2023-07-03 16:48:57,549: [70] m.e.manticore:INFO: Starting symbolic create contract
2023-07-03 16:48:58,955: [70] m.e.manticore:INFO: Starting symbolic transaction: 0
2023-07-03 16:48:59,092: [70] m.e.manticore:INFO: 0 alive states, 1 terminated states
2023-07-03 16:48:59,158: [70] m.e.manticore:INFO: Starting symbolic transaction: 1
2023-07-03 16:48:59,451: [70] m.c.manticore:INFO: Results in /mcore_9bllqosn
2023-07-03 16:48:59,451: [70] m.c.manticore:INFO: Total time: 0.49263954162597656
2023-07-03 16:49:00,354: [129] m.main:INFO: Registered plugins: IntrospectionAPIPlugin, <class 'manticore.ethereum.plugins.SkipRevertBasicBlocks'>, <class 'manticore.ethereum.plugins.FilterFunctions'>
2023-07-03 16:49:00,354: [129] m.main:INFO: Beginning analysis
2023-07-03 16:49:00,356: [129] m.e.manticore:INFO: Starting symbolic create contract
2023-07-03 16:49:02,576: [129] m.e.manticore:INFO: Starting symbolic transaction: 0
2023-07-03 16:49:07,813: [129] m.e.manticore:INFO: 0 alive states, 3 terminated states
2023-07-03 16:49:08,077: [129] m.c.manticore:INFO: Results in /mcore_b8mw7cvk
2023-07-03 16:49:08,077: [129] m.c.manticore:INFO: Total time: 5.481201887130737
2023-07-03 16:49:08,709: [197] m.main:INFO: Registered plugins: IntrospectionAPIPlugin, <class 'manticore.ethereum.plugins.SkipRevertBasicBlocks'>, <class 'manticore.ethereum.plugins.FilterFunctions'>
2023-07-03 16:49:08,709: [197] m.main:INFO: Beginning analysis
2023-07-03 16:49:08,711: [197] m.e.manticore:INFO: Starting symbolic create contract
