2023-07-03 16:11:28,571: [11] m.main:INFO: Registered plugins: IntrospectionAPIPlugin, <class 'manticore.ethereum.plugins.SkipRevertBasicBlocks'>, <class 'manticore.ethereum.plugins.FilterFunctions'>
2023-07-03 16:11:28,571: [11] m.main:INFO: Beginning analysis
2023-07-03 16:11:28,573: [11] m.e.manticore:INFO: Starting symbolic create contract
2023-07-03 16:11:28,597: [11] m.e.manticore:INFO: Failed to build contract ParserError: Errors : Invalid solc compilation Error: Expected identifier but got ','
   --> sb/Consideration_1.sol:377:27:
    |
377 |     ProxyRegistryInterface,
    |                           ^


. Solidity failed to generate bytecode for your contract. Check if all the abstract functions are implemented. 
Process Process-1:
Traceback (most recent call last):
  File "/usr/lib/python3.7/multiprocessing/process.py", line 297, in _bootstrap
    self.run()
  File "/usr/lib/python3.7/multiprocessing/process.py", line 99, in run
    self._target(*self._args, **self._kwargs)
  File "/usr/local/lib/python3.7/dist-packages/manticore/ethereum/manticore.py", line 1766, in worker_finalize
    finalizer(q.get_nowait())
  File "/usr/local/lib/python3.7/dist-packages/manticore/ethereum/manticore.py", line 1757, in finalizer
    if only_alive_states and last_tx.result in {"REVERT", "THROW", "TXERROR"}:
AttributeError: 'NoneType' object has no attribute 'result'
2023-07-03 16:11:28,687: [11] m.c.manticore:INFO: Results in /mcore_6b4tux88
2023-07-03 16:11:28,687: [11] m.c.manticore:WARNING: Manticore failed to run
2023-07-03 16:11:29,302: [36] m.main:INFO: Registered plugins: IntrospectionAPIPlugin, <class 'manticore.ethereum.plugins.SkipRevertBasicBlocks'>, <class 'manticore.ethereum.plugins.FilterFunctions'>
2023-07-03 16:11:29,302: [36] m.main:INFO: Beginning analysis
2023-07-03 16:11:29,304: [36] m.e.manticore:INFO: Starting symbolic create contract
2023-07-03 16:11:29,325: [36] m.e.manticore:INFO: Failed to build contract Expected Errors : Invalid solc compilation Error: Expected identifier but got ','
   --> sb/Consideration_1.sol:377:27:
    |
377 |     ProxyRegistryInterface,
    |                           ^


. Solidity failed to generate bytecode for your contract. Check if all the abstract functions are implemented. 
Process Process-1:
Traceback (most recent call last):
  File "/usr/lib/python3.7/multiprocessing/process.py", line 297, in _bootstrap
    self.run()
  File "/usr/lib/python3.7/multiprocessing/process.py", line 99, in run
    self._target(*self._args, **self._kwargs)
  File "/usr/local/lib/python3.7/dist-packages/manticore/ethereum/manticore.py", line 1766, in worker_finalize
    finalizer(q.get_nowait())
  File "/usr/local/lib/python3.7/dist-packages/manticore/ethereum/manticore.py", line 1757, in finalizer
    if only_alive_states and last_tx.result in {"REVERT", "THROW", "TXERROR"}:
AttributeError: 'NoneType' object has no attribute 'result'
2023-07-03 16:11:29,416: [36] m.c.manticore:INFO: Results in /mcore_5men_5dm
2023-07-03 16:11:29,416: [36] m.c.manticore:WARNING: Manticore failed to run
2023-07-03 16:11:30,127: [61] m.main:INFO: Registered plugins: IntrospectionAPIPlugin, <class 'manticore.ethereum.plugins.SkipRevertBasicBlocks'>, <class 'manticore.ethereum.plugins.FilterFunctions'>
2023-07-03 16:11:30,127: [61] m.main:INFO: Beginning analysis
2023-07-03 16:11:30,130: [61] m.e.manticore:INFO: Starting symbolic create contract
2023-07-03 16:11:30,150: [61] m.e.manticore:INFO: Failed to build contract identifier Errors : Invalid solc compilation Error: Expected identifier but got ','
   --> sb/Consideration_1.sol:377:27:
    |
377 |     ProxyRegistryInterface,
    |                           ^


. Solidity failed to generate bytecode for your contract. Check if all the abstract functions are implemented. 
Process Process-1:
Traceback (most recent call last):
  File "/usr/lib/python3.7/multiprocessing/process.py", line 297, in _bootstrap
    self.run()
  File "/usr/lib/python3.7/multiprocessing/process.py", line 99, in run
    self._target(*self._args, **self._kwargs)
  File "/usr/local/lib/python3.7/dist-packages/manticore/ethereum/manticore.py", line 1766, in worker_finalize
    finalizer(q.get_nowait())
  File "/usr/local/lib/python3.7/dist-packages/manticore/ethereum/manticore.py", line 1757, in finalizer
    if only_alive_states and last_tx.result in {"REVERT", "THROW", "TXERROR"}:
AttributeError: 'NoneType' object has no attribute 'result'
2023-07-03 16:11:30,222: [61] m.c.manticore:INFO: Results in /mcore_o9q4j8t8
2023-07-03 16:11:30,222: [61] m.c.manticore:WARNING: Manticore failed to run
2023-07-03 16:11:30,937: [86] m.main:INFO: Registered plugins: IntrospectionAPIPlugin, <class 'manticore.ethereum.plugins.SkipRevertBasicBlocks'>, <class 'manticore.ethereum.plugins.FilterFunctions'>
2023-07-03 16:11:30,938: [86] m.main:INFO: Beginning analysis
2023-07-03 16:11:30,941: [86] m.e.manticore:INFO: Starting symbolic create contract
2023-07-03 16:11:30,971: [86] m.e.manticore:INFO: Failed to build contract but Errors : Invalid solc compilation Error: Expected identifier but got ','
   --> sb/Consideration_1.sol:377:27:
    |
377 |     ProxyRegistryInterface,
    |                           ^


. Solidity failed to generate bytecode for your contract. Check if all the abstract functions are implemented. 
Process Process-1:
Traceback (most recent call last):
  File "/usr/lib/python3.7/multiprocessing/process.py", line 297, in _bootstrap
    self.run()
  File "/usr/lib/python3.7/multiprocessing/process.py", line 99, in run
    self._target(*self._args, **self._kwargs)
  File "/usr/local/lib/python3.7/dist-packages/manticore/ethereum/manticore.py", line 1766, in worker_finalize
    finalizer(q.get_nowait())
  File "/usr/local/lib/python3.7/dist-packages/manticore/ethereum/manticore.py", line 1757, in finalizer
    if only_alive_states and last_tx.result in {"REVERT", "THROW", "TXERROR"}:
AttributeError: 'NoneType' object has no attribute 'result'
2023-07-03 16:11:31,057: [86] m.c.manticore:INFO: Results in /mcore_3qs4ba4m
2023-07-03 16:11:31,058: [86] m.c.manticore:WARNING: Manticore failed to run
2023-07-03 16:11:31,770: [111] m.main:INFO: Registered plugins: IntrospectionAPIPlugin, <class 'manticore.ethereum.plugins.SkipRevertBasicBlocks'>, <class 'manticore.ethereum.plugins.FilterFunctions'>
2023-07-03 16:11:31,771: [111] m.main:INFO: Beginning analysis
2023-07-03 16:11:31,776: [111] m.e.manticore:INFO: Starting symbolic create contract
2023-07-03 16:11:31,803: [111] m.e.manticore:INFO: Failed to build contract got Errors : Invalid solc compilation Error: Expected identifier but got ','
   --> sb/Consideration_1.sol:377:27:
    |
377 |     ProxyRegistryInterface,
    |                           ^


. Solidity failed to generate bytecode for your contract. Check if all the abstract functions are implemented. 
Process Process-1:
Traceback (most recent call last):
  File "/usr/lib/python3.7/multiprocessing/process.py", line 297, in _bootstrap
    self.run()
  File "/usr/lib/python3.7/multiprocessing/process.py", line 99, in run
    self._target(*self._args, **self._kwargs)
  File "/usr/local/lib/python3.7/dist-packages/manticore/ethereum/manticore.py", line 1766, in worker_finalize
    finalizer(q.get_nowait())
  File "/usr/local/lib/python3.7/dist-packages/manticore/ethereum/manticore.py", line 1757, in finalizer
    if only_alive_states and last_tx.result in {"REVERT", "THROW", "TXERROR"}:
AttributeError: 'NoneType' object has no attribute 'result'
2023-07-03 16:11:31,890: [111] m.c.manticore:INFO: Results in /mcore_8m2fjjxp
2023-07-03 16:11:31,890: [111] m.c.manticore:WARNING: Manticore failed to run
2023-07-03 16:11:32,586: [136] m.main:INFO: Registered plugins: IntrospectionAPIPlugin, <class 'manticore.ethereum.plugins.SkipRevertBasicBlocks'>, <class 'manticore.ethereum.plugins.FilterFunctions'>
2023-07-03 16:11:32,587: [136] m.main:INFO: Beginning analysis
2023-07-03 16:11:32,590: [136] m.e.manticore:INFO: Starting symbolic create contract
2023-07-03 16:11:32,619: [136] m.e.manticore:INFO: Failed to build contract ',' Errors : Invalid solc compilation Error: Expected identifier but got ','
   --> sb/Consideration_1.sol:377:27:
    |
377 |     ProxyRegistryInterface,
    |                           ^


. Solidity failed to generate bytecode for your contract. Check if all the abstract functions are implemented. 
Process Process-1:
Traceback (most recent call last):
  File "/usr/lib/python3.7/multiprocessing/process.py", line 297, in _bootstrap
    self.run()
  File "/usr/lib/python3.7/multiprocessing/process.py", line 99, in run
    self._target(*self._args, **self._kwargs)
  File "/usr/local/lib/python3.7/dist-packages/manticore/ethereum/manticore.py", line 1766, in worker_finalize
    finalizer(q.get_nowait())
  File "/usr/local/lib/python3.7/dist-packages/manticore/ethereum/manticore.py", line 1757, in finalizer
    if only_alive_states and last_tx.result in {"REVERT", "THROW", "TXERROR"}:
AttributeError: 'NoneType' object has no attribute 'result'
2023-07-03 16:11:32,707: [136] m.c.manticore:INFO: Results in /mcore__yb1816z
2023-07-03 16:11:32,707: [136] m.c.manticore:WARNING: Manticore failed to run
usage: manticore [-h] [--compile-force-framework COMPILE_FORCE_FRAMEWORK]
                 [--compile-remove-metadata]
                 [--compile-custom-build COMPILE_CUSTOM_BUILD]
                 [--ignore-compile] [--solc SOLC] [--solc-remaps SOLC_REMAPS]
                 [--solc-args SOLC_ARGS] [--solc-disable-warnings]
                 [--solc-working-dir SOLC_WORKING_DIR]
                 [--solc-solcs-select SOLC_SOLCS_SELECT]
                 [--solc-solcs-bin SOLC_SOLCS_BIN] [--solc-standard-json]
                 [--solc-force-legacy-json] [--truffle-ignore-compile]
                 [--truffle-build-directory TRUFFLE_BUILD_DIRECTORY]
                 [--truffle-version TRUFFLE_VERSION]
                 [--truffle-overwrite-config]
                 [--truffle-overwrite-version TRUFFLE_OVERWRITE_VERSION]
                 [--embark-ignore-compile] [--embark-overwrite-config]
                 [--dapp-ignore-compile] [--etherlime-ignore-compile]
                 [--etherlime-compile-arguments]
                 [--etherscan-only-source-code] [--etherscan-only-bytecode]
                 [--etherscan-apikey ETHERSCAN_API_KEY]
                 [--arbiscan-apikey ARBISCAN_API_KEY]
                 [--polygonscan-apikey POLYGONSCAN_API_KEY]
                 [--avax-apikey AVAX_API_KEY]
                 [--ftmscan-apikey FTMSCAN_API_KEY]
                 [--bscan-apikey BSCAN_API_KEY]
                 [--etherscan-export-directory ETHERSCAN_EXPORT_DIR]
                 [--waffle-ignore-compile]
                 [--waffle-config-file WAFFLE_CONFIG_FILE] [--npx-disable]
                 [--buidler-ignore-compile]
                 [--buidler-cache-directory BUIDLER_CACHE_DIRECTORY]
                 [--buidler-skip-directory-name-fix]
                 [--hardhat-ignore-compile]
                 [--hardhat-cache-directory HARDHAT_CACHE_DIRECTORY]
                 [--hardhat-artifacts-directory HARDHAT_ARTIFACTS_DIRECTORY]
                 [--coverage COVERAGE] [--no-colors] [--policy POLICY] [-v]
                 [--workspace WORKSPACE] [--version] [--config CONFIG]
                 [--entrysymbol ENTRYSYMBOL] [--data DATA] [--file FILES]
                 [--env ENV] [--pure-symbolic] [--verbose-trace]
                 [--txlimit TXLIMIT] [--txnocoverage] [--txnoether]
                 [--txaccount TXACCOUNT] [--txpreconstrain]
                 [--contract CONTRACT] [--list-detectors]
                 [--exclude DETECTORS_TO_EXCLUDE] [--exclude-all]
                 [--avoid-constant] [--limit-loops] [--no-testcases]
                 [--only-alive-testcases] [--thorough-mode]
                 [--core.compress_states CORE.COMPRESS_STATES]
                 [--core.execs_per_intermittent_cb CORE.EXECS_PER_INTERMITTENT_CB]
                 [--core.HOST CORE.HOST] [--core.PORT CORE.PORT]
                 [--core.fast_fail CORE.FAST_FAIL]
                 [--core.timeout CORE.TIMEOUT] [--core.cluster CORE.CLUSTER]
                 [--core.procs CORE.PROCS]
                 [--core.mprocessing CORE.MPROCESSING] [--core.seed CORE.SEED]
                 [--smt.timeout SMT.TIMEOUT] [--smt.memory SMT.MEMORY]
                 [--smt.maxsolutions SMT.MAXSOLUTIONS]
                 [--smt.z3_bin SMT.Z3_BIN] [--smt.cvc4_bin SMT.CVC4_BIN]
                 [--smt.yices_bin SMT.YICES_BIN]
                 [--smt.boolector_bin SMT.BOOLECTOR_BIN]
                 [--smt.defaultunsat SMT.DEFAULTUNSAT]
                 [--smt.optimize SMT.OPTIMIZE] [--smt.solver SMT.SOLVER]
                 [--workspace.prefix WORKSPACE.PREFIX]
                 [--workspace.dir WORKSPACE.DIR] [--evm.oog EVM.OOG]
                 [--evm.txfail EVM.TXFAIL]
                 [--evm.calldata_max_offset EVM.CALLDATA_MAX_OFFSET]
                 [--evm.calldata_max_size EVM.CALLDATA_MAX_SIZE]
                 [--evm.ignore_balance EVM.IGNORE_BALANCE]
                 [--evm.defaultgas EVM.DEFAULTGAS] [--evm.sha3 EVM.SHA3]
                 [--evm.sha3timeout EVM.SHA3TIMEOUT] [--evm.events EVM.EVENTS]
                 [--cli.profile CLI.PROFILE]
                 [--cli.explore_balance CLI.EXPLORE_BALANCE]
                 [--cli.skip_reverts CLI.SKIP_REVERTS]
                 [--cli.target_func CLI.TARGET_FUNC]
                 [--wasm.decode_names WASM.DECODE_NAMES]
                 [--main.recursionlimit MAIN.RECURSIONLIMIT]
                 [--native.fast_crash NATIVE.FAST_CRASH]
                 [--native.stdin_size NATIVE.STDIN_SIZE]
                 [argv [argv ...]]
manticore: error: argument --contract: expected one argument
mv: cannot stat '/mcore_*': No such file or directory
2023-07-03 16:11:34,191: [165] m.main:INFO: Registered plugins: IntrospectionAPIPlugin, <class 'manticore.ethereum.plugins.SkipRevertBasicBlocks'>, <class 'manticore.ethereum.plugins.FilterFunctions'>
2023-07-03 16:11:34,192: [165] m.main:INFO: Beginning analysis
2023-07-03 16:11:34,195: [165] m.e.manticore:INFO: Starting symbolic create contract
2023-07-03 16:11:34,223: [165] m.e.manticore:INFO: Failed to build contract /sb/Consideration_1.sol:377:27: Errors : Invalid solc compilation Error: Expected identifier but got ','
   --> sb/Consideration_1.sol:377:27:
    |
377 |     ProxyRegistryInterface,
    |                           ^


. Solidity failed to generate bytecode for your contract. Check if all the abstract functions are implemented. 
Process Process-1:
Traceback (most recent call last):
  File "/usr/lib/python3.7/multiprocessing/process.py", line 297, in _bootstrap
    self.run()
  File "/usr/lib/python3.7/multiprocessing/process.py", line 99, in run
    self._target(*self._args, **self._kwargs)
  File "/usr/local/lib/python3.7/dist-packages/manticore/ethereum/manticore.py", line 1766, in worker_finalize
    finalizer(q.get_nowait())
  File "/usr/local/lib/python3.7/dist-packages/manticore/ethereum/manticore.py", line 1757, in finalizer
    if only_alive_states and last_tx.result in {"REVERT", "THROW", "TXERROR"}:
AttributeError: 'NoneType' object has no attribute 'result'
2023-07-03 16:11:34,293: [165] m.c.manticore:INFO: Results in /mcore_foqv1ctm
2023-07-03 16:11:34,294: [165] m.c.manticore:WARNING: Manticore failed to run
2023-07-03 16:11:34,913: [190] m.main:INFO: Registered plugins: IntrospectionAPIPlugin, <class 'manticore.ethereum.plugins.SkipRevertBasicBlocks'>, <class 'manticore.ethereum.plugins.FilterFunctions'>
2023-07-03 16:11:34,914: [190] m.main:INFO: Beginning analysis
2023-07-03 16:11:34,918: [190] m.e.manticore:INFO: Starting symbolic create contract
2023-07-03 16:11:34,952: [190] m.e.manticore:INFO: Failed to build contract | Errors : Invalid solc compilation Error: Expected identifier but got ','
   --> sb/Consideration_1.sol:377:27:
    |
377 |     ProxyRegistryInterface,
    |                           ^


. Solidity failed to generate bytecode for your contract. Check if all the abstract functions are implemented. 
Process Process-1:
Traceback (most recent call last):
  File "/usr/lib/python3.7/multiprocessing/process.py", line 297, in _bootstrap
    self.run()
  File "/usr/lib/python3.7/multiprocessing/process.py", line 99, in run
    self._target(*self._args, **self._kwargs)
  File "/usr/local/lib/python3.7/dist-packages/manticore/ethereum/manticore.py", line 1766, in worker_finalize
    finalizer(q.get_nowait())
  File "/usr/local/lib/python3.7/dist-packages/manticore/ethereum/manticore.py", line 1757, in finalizer
    if only_alive_states and last_tx.result in {"REVERT", "THROW", "TXERROR"}:
AttributeError: 'NoneType' object has no attribute 'result'
2023-07-03 16:11:35,033: [190] m.c.manticore:INFO: Results in /mcore_2bled1qy
2023-07-03 16:11:35,034: [190] m.c.manticore:WARNING: Manticore failed to run
2023-07-03 16:11:35,654: [215] m.main:INFO: Registered plugins: IntrospectionAPIPlugin, <class 'manticore.ethereum.plugins.SkipRevertBasicBlocks'>, <class 'manticore.ethereum.plugins.FilterFunctions'>
2023-07-03 16:11:35,654: [215] m.main:INFO: Beginning analysis
2023-07-03 16:11:35,656: [215] m.e.manticore:INFO: Starting symbolic create contract
2023-07-03 16:11:35,681: [215] m.e.manticore:INFO: Failed to build contract 377 Errors : Invalid solc compilation Error: Expected identifier but got ','
   --> sb/Consideration_1.sol:377:27:
    |
377 |     ProxyRegistryInterface,
    |                           ^


. Solidity failed to generate bytecode for your contract. Check if all the abstract functions are implemented. 
Process Process-1:
Traceback (most recent call last):
  File "/usr/lib/python3.7/multiprocessing/process.py", line 297, in _bootstrap
    self.run()
  File "/usr/lib/python3.7/multiprocessing/process.py", line 99, in run
    self._target(*self._args, **self._kwargs)
  File "/usr/local/lib/python3.7/dist-packages/manticore/ethereum/manticore.py", line 1766, in worker_finalize
    finalizer(q.get_nowait())
  File "/usr/local/lib/python3.7/dist-packages/manticore/ethereum/manticore.py", line 1757, in finalizer
    if only_alive_states and last_tx.result in {"REVERT", "THROW", "TXERROR"}:
AttributeError: 'NoneType' object has no attribute 'result'
2023-07-03 16:11:35,764: [215] m.c.manticore:INFO: Results in /mcore_h2okuhm9
2023-07-03 16:11:35,764: [215] m.c.manticore:WARNING: Manticore failed to run
2023-07-03 16:11:36,507: [240] m.main:INFO: Registered plugins: IntrospectionAPIPlugin, <class 'manticore.ethereum.plugins.SkipRevertBasicBlocks'>, <class 'manticore.ethereum.plugins.FilterFunctions'>
2023-07-03 16:11:36,508: [240] m.main:INFO: Beginning analysis
2023-07-03 16:11:36,513: [240] m.e.manticore:INFO: Starting symbolic create contract
2023-07-03 16:11:36,537: [240] m.e.manticore:INFO: Failed to build contract | Errors : Invalid solc compilation Error: Expected identifier but got ','
   --> sb/Consideration_1.sol:377:27:
    |
377 |     ProxyRegistryInterface,
    |                           ^


. Solidity failed to generate bytecode for your contract. Check if all the abstract functions are implemented. 
Process Process-1:
Traceback (most recent call last):
  File "/usr/lib/python3.7/multiprocessing/process.py", line 297, in _bootstrap
    self.run()
  File "/usr/lib/python3.7/multiprocessing/process.py", line 99, in run
    self._target(*self._args, **self._kwargs)
  File "/usr/local/lib/python3.7/dist-packages/manticore/ethereum/manticore.py", line 1766, in worker_finalize
    finalizer(q.get_nowait())
  File "/usr/local/lib/python3.7/dist-packages/manticore/ethereum/manticore.py", line 1757, in finalizer
    if only_alive_states and last_tx.result in {"REVERT", "THROW", "TXERROR"}:
AttributeError: 'NoneType' object has no attribute 'result'
2023-07-03 16:11:36,616: [240] m.c.manticore:INFO: Results in /mcore_ygt7xqt3
2023-07-03 16:11:36,617: [240] m.c.manticore:WARNING: Manticore failed to run
2023-07-03 16:11:37,387: [265] m.main:INFO: Registered plugins: IntrospectionAPIPlugin, <class 'manticore.ethereum.plugins.SkipRevertBasicBlocks'>, <class 'manticore.ethereum.plugins.FilterFunctions'>
2023-07-03 16:11:37,388: [265] m.main:INFO: Beginning analysis
2023-07-03 16:11:37,390: [265] m.e.manticore:INFO: Starting symbolic create contract
2023-07-03 16:11:37,415: [265] m.e.manticore:INFO: Failed to build contract ProxyRegistryInterface, Errors : Invalid solc compilation Error: Expected identifier but got ','
   --> sb/Consideration_1.sol:377:27:
    |
377 |     ProxyRegistryInterface,
    |                           ^


. Solidity failed to generate bytecode for your contract. Check if all the abstract functions are implemented. 
Process Process-1:
Traceback (most recent call last):
  File "/usr/lib/python3.7/multiprocessing/process.py", line 297, in _bootstrap
    self.run()
  File "/usr/lib/python3.7/multiprocessing/process.py", line 99, in run
    self._target(*self._args, **self._kwargs)
  File "/usr/local/lib/python3.7/dist-packages/manticore/ethereum/manticore.py", line 1766, in worker_finalize
    finalizer(q.get_nowait())
  File "/usr/local/lib/python3.7/dist-packages/manticore/ethereum/manticore.py", line 1757, in finalizer
    if only_alive_states and last_tx.result in {"REVERT", "THROW", "TXERROR"}:
AttributeError: 'NoneType' object has no attribute 'result'
2023-07-03 16:11:37,507: [265] m.c.manticore:INFO: Results in /mcore_nezol56k
2023-07-03 16:11:37,508: [265] m.c.manticore:WARNING: Manticore failed to run
2023-07-03 16:11:38,327: [290] m.main:INFO: Registered plugins: IntrospectionAPIPlugin, <class 'manticore.ethereum.plugins.SkipRevertBasicBlocks'>, <class 'manticore.ethereum.plugins.FilterFunctions'>
2023-07-03 16:11:38,328: [290] m.main:INFO: Beginning analysis
2023-07-03 16:11:38,332: [290] m.e.manticore:INFO: Starting symbolic create contract
2023-07-03 16:11:38,361: [290] m.e.manticore:INFO: Failed to build contract | Errors : Invalid solc compilation Error: Expected identifier but got ','
   --> sb/Consideration_1.sol:377:27:
    |
377 |     ProxyRegistryInterface,
    |                           ^


. Solidity failed to generate bytecode for your contract. Check if all the abstract functions are implemented. 
Process Process-1:
Traceback (most recent call last):
  File "/usr/lib/python3.7/multiprocessing/process.py", line 297, in _bootstrap
    self.run()
  File "/usr/lib/python3.7/multiprocessing/process.py", line 99, in run
    self._target(*self._args, **self._kwargs)
  File "/usr/local/lib/python3.7/dist-packages/manticore/ethereum/manticore.py", line 1766, in worker_finalize
    finalizer(q.get_nowait())
  File "/usr/local/lib/python3.7/dist-packages/manticore/ethereum/manticore.py", line 1757, in finalizer
    if only_alive_states and last_tx.result in {"REVERT", "THROW", "TXERROR"}:
AttributeError: 'NoneType' object has no attribute 'result'
2023-07-03 16:11:38,437: [290] m.c.manticore:INFO: Results in /mcore_e5hz7lbd
2023-07-03 16:11:38,438: [290] m.c.manticore:WARNING: Manticore failed to run
2023-07-03 16:11:39,148: [315] m.main:INFO: Registered plugins: IntrospectionAPIPlugin, <class 'manticore.ethereum.plugins.SkipRevertBasicBlocks'>, <class 'manticore.ethereum.plugins.FilterFunctions'>
2023-07-03 16:11:39,148: [315] m.main:INFO: Beginning analysis
2023-07-03 16:11:39,150: [315] m.e.manticore:INFO: Starting symbolic create contract
2023-07-03 16:11:39,177: [315] m.e.manticore:INFO: Failed to build contract ^ Errors : Invalid solc compilation Error: Expected identifier but got ','
   --> sb/Consideration_1.sol:377:27:
    |
377 |     ProxyRegistryInterface,
    |                           ^


. Solidity failed to generate bytecode for your contract. Check if all the abstract functions are implemented. 
Process Process-1:
Traceback (most recent call last):
  File "/usr/lib/python3.7/multiprocessing/process.py", line 297, in _bootstrap
    self.run()
  File "/usr/lib/python3.7/multiprocessing/process.py", line 99, in run
    self._target(*self._args, **self._kwargs)
  File "/usr/local/lib/python3.7/dist-packages/manticore/ethereum/manticore.py", line 1766, in worker_finalize
    finalizer(q.get_nowait())
  File "/usr/local/lib/python3.7/dist-packages/manticore/ethereum/manticore.py", line 1757, in finalizer
    if only_alive_states and last_tx.result in {"REVERT", "THROW", "TXERROR"}:
AttributeError: 'NoneType' object has no attribute 'result'
2023-07-03 16:11:39,245: [315] m.c.manticore:INFO: Results in /mcore_7g5_n99q
2023-07-03 16:11:39,245: [315] m.c.manticore:WARNING: Manticore failed to run
