2023-07-03 16:22:47,526: [12] m.main:INFO: Registered plugins: IntrospectionAPIPlugin, <class 'manticore.ethereum.plugins.SkipRevertBasicBlocks'>, <class 'manticore.ethereum.plugins.FilterFunctions'>
2023-07-03 16:22:47,526: [12] m.main:INFO: Beginning analysis
2023-07-03 16:22:47,530: [12] m.e.manticore:INFO: Starting symbolic create contract
2023-07-03 16:22:48,365: [12] m.e.manticore:INFO: Starting symbolic transaction: 0
2023-07-03 16:22:48,485: [12] m.e.manticore:INFO: 0 alive states, 2 terminated states
2023-07-03 16:22:48,650: [12] m.c.manticore:INFO: Results in /mcore_jr4otedx
2023-07-03 16:22:48,650: [12] m.c.manticore:INFO: Total time: 0.28222012519836426
2023-07-03 16:22:49,335: [77] m.main:INFO: Registered plugins: IntrospectionAPIPlugin, <class 'manticore.ethereum.plugins.SkipRevertBasicBlocks'>, <class 'manticore.ethereum.plugins.FilterFunctions'>
2023-07-03 16:22:49,336: [77] m.main:INFO: Beginning analysis
2023-07-03 16:22:49,340: [77] m.e.manticore:INFO: Starting symbolic create contract
2023-07-03 16:22:50,249: [77] m.e.manticore:INFO: Starting symbolic transaction: 0
2023-07-03 16:22:50,370: [77] m.e.manticore:INFO: 0 alive states, 2 terminated states
2023-07-03 16:22:50,502: [77] m.c.manticore:INFO: Results in /mcore_7dlh3cka
2023-07-03 16:22:50,503: [77] m.c.manticore:INFO: Total time: 0.2484581470489502
2023-07-03 16:22:51,176: [142] m.main:INFO: Registered plugins: IntrospectionAPIPlugin, <class 'manticore.ethereum.plugins.SkipRevertBasicBlocks'>, <class 'manticore.ethereum.plugins.FilterFunctions'>
2023-07-03 16:22:51,177: [142] m.main:INFO: Beginning analysis
2023-07-03 16:22:51,179: [142] m.e.manticore:INFO: Starting symbolic create contract
2023-07-03 16:22:52,018: [142] m.e.manticore:INFO: Starting symbolic transaction: 0
2023-07-03 16:22:52,130: [142] m.e.manticore:INFO: 0 alive states, 2 terminated states
2023-07-03 16:22:52,267: [142] m.c.manticore:INFO: Results in /mcore_aemoppl4
2023-07-03 16:22:52,267: [142] m.c.manticore:INFO: Total time: 0.2459397315979004
2023-07-03 16:22:52,965: [207] m.main:INFO: Registered plugins: IntrospectionAPIPlugin, <class 'manticore.ethereum.plugins.SkipRevertBasicBlocks'>, <class 'manticore.ethereum.plugins.FilterFunctions'>
2023-07-03 16:22:52,965: [207] m.main:INFO: Beginning analysis
2023-07-03 16:22:52,968: [207] m.e.manticore:INFO: Starting symbolic create contract
2023-07-03 16:22:53,939: [207] m.e.manticore:INFO: Starting symbolic transaction: 0
2023-07-03 16:22:54,062: [207] m.e.manticore:INFO: 0 alive states, 2 terminated states
2023-07-03 16:22:54,210: [207] m.c.manticore:INFO: Results in /mcore_0piug1sb
2023-07-03 16:22:54,211: [207] m.c.manticore:INFO: Total time: 0.2681543827056885
2023-07-03 16:22:54,945: [272] m.main:INFO: Registered plugins: IntrospectionAPIPlugin, <class 'manticore.ethereum.plugins.SkipRevertBasicBlocks'>, <class 'manticore.ethereum.plugins.FilterFunctions'>
2023-07-03 16:22:54,946: [272] m.main:INFO: Beginning analysis
2023-07-03 16:22:54,948: [272] m.e.manticore:INFO: Starting symbolic create contract
2023-07-03 16:22:55,910: [272] m.e.manticore:INFO: Starting symbolic transaction: 0
2023-07-03 16:22:56,600: [272] m.c.worker:ERROR: Exception in state 0: ManticoreError('Forking on unfeasible constraint set')
Traceback (most recent call last):
  File "/usr/local/lib/python3.7/dist-packages/manticore/core/worker.py", line 137, in run
    current_state.execute()
  File "/usr/local/lib/python3.7/dist-packages/manticore/ethereum/state.py", line 8, in execute
    return self._platform.execute()
  File "/usr/local/lib/python3.7/dist-packages/manticore/platforms/evm.py", line 3106, in execute
    self.current_vm.execute()
  File "/usr/local/lib/python3.7/dist-packages/manticore/platforms/evm.py", line 1322, in execute
    raise Concretize("Symbolic PC", expression=expression, setstate=setstate, policy="ALL")
manticore.core.state.Concretize

During handling of the above exception, another exception occurred:

Traceback (most recent call last):
  File "/usr/local/lib/python3.7/dist-packages/manticore/core/worker.py", line 158, in run
    m._fork(current_state, exc.expression, exc.policy, exc.setstate, exc.values)
  File "/usr/local/lib/python3.7/dist-packages/manticore/core/manticore.py", line 518, in _fork
    raise ManticoreError("Forking on unfeasible constraint set")
manticore.exceptions.ManticoreError: Forking on unfeasible constraint set
 
2023-07-03 16:22:56,607: [272] m.e.manticore:INFO: 0 alive states, 1 terminated states
2023-07-03 16:22:56,736: [272] m.c.manticore:INFO: Results in /mcore_vnoguqf4
2023-07-03 16:22:56,736: [272] m.c.manticore:INFO: Total time: 0.8207190036773682
2023-07-03 16:22:57,399: [331] m.main:INFO: Registered plugins: IntrospectionAPIPlugin, <class 'manticore.ethereum.plugins.SkipRevertBasicBlocks'>, <class 'manticore.ethereum.plugins.FilterFunctions'>
2023-07-03 16:22:57,399: [331] m.main:INFO: Beginning analysis
2023-07-03 16:22:57,404: [331] m.e.manticore:INFO: Starting symbolic create contract
