WARNING:root:You are using solc version 0.5.0. The supported version is 0.4.21.
INFO:root:Contract /sb/StandardBounties_1.sol:AddressUtils:
INFO:symExec:Running, please wait...
Traceback (most recent call last):
  File "osiris/osiris.py", line 325, in <module>

  .oooooo.             o8o            o8o          
 d8P'  `Y8b            `"'            `"'          
888      888  .oooo.o oooo  oooo d8b oooo   .oooo.o
888      888 d88(  "8 `888  `888""8P `888  d88(  "8
888      888 `"Y88b.   888   888      888  `"Y88b. 
`88b    d88' o.  )88b  888   888      888  o.  )88b
 `Y8bood8P'  8""888P' o888o d888b    o888o 8""888P'


    main()
  File "osiris/osiris.py", line 308, in main
    analyze(processed_evm_file, disasm_file, SourceMap(cname, args.source))
  File "osiris/osiris.py", line 137, in analyze
    symExec.main(disasm_file, args.source, source_map)
  File "/root/osiris/symExec.py", line 2916, in main
    raise e
IndexError: pop from empty list
