2023-07-03 16:47:54,766: [11] m.main:INFO: Registered plugins: IntrospectionAPIPlugin, <class 'manticore.ethereum.plugins.SkipRevertBasicBlocks'>, <class 'manticore.ethereum.plugins.FilterFunctions'>
2023-07-03 16:47:54,767: [11] m.main:INFO: Beginning analysis
2023-07-03 16:47:54,769: [11] m.e.manticore:INFO: Starting symbolic create contract
2023-07-03 16:47:55,269: [11] m.e.manticore:INFO: Starting symbolic transaction: 0
2023-07-03 16:47:55,358: [11] m.e.manticore:INFO: 0 alive states, 2 terminated states
2023-07-03 16:47:55,498: [11] m.c.manticore:INFO: Results in /mcore__vpl8ij_
2023-07-03 16:47:55,498: [11] m.c.manticore:INFO: Total time: 0.22577714920043945
2023-07-03 16:47:56,198: [73] m.main:INFO: Registered plugins: IntrospectionAPIPlugin, <class 'manticore.ethereum.plugins.SkipRevertBasicBlocks'>, <class 'manticore.ethereum.plugins.FilterFunctions'>
2023-07-03 16:47:56,199: [73] m.main:INFO: Beginning analysis
2023-07-03 16:47:56,201: [73] m.e.manticore:INFO: Starting symbolic create contract
2023-07-03 16:47:56,681: [73] m.e.manticore:INFO: Starting symbolic transaction: 0
2023-07-03 16:47:56,797: [73] m.e.manticore:INFO: 0 alive states, 2 terminated states
2023-07-03 16:47:56,933: [73] m.c.manticore:INFO: Results in /mcore_xqc47m_e
2023-07-03 16:47:56,934: [73] m.c.manticore:INFO: Total time: 0.2502608299255371
2023-07-03 16:47:57,635: [138] m.main:INFO: Registered plugins: IntrospectionAPIPlugin, <class 'manticore.ethereum.plugins.SkipRevertBasicBlocks'>, <class 'manticore.ethereum.plugins.FilterFunctions'>
2023-07-03 16:47:57,635: [138] m.main:INFO: Beginning analysis
2023-07-03 16:47:57,638: [138] m.e.manticore:INFO: Starting symbolic create contract
2023-07-03 16:47:58,994: [138] m.e.manticore:INFO: Starting symbolic transaction: 0
2023-07-03 16:48:36,055: [138] m.e.manticore:INFO: 1 alive states, 3 terminated states
2023-07-03 16:48:37,328: [138] m.e.manticore:INFO: Starting symbolic transaction: 1
2023-07-03 16:49:15,063: [138] m.e.manticore:INFO: 1 alive states, 5 terminated states
2023-07-03 16:49:16,102: [210] m.c.manticore:INFO: Generated testcase No. 0 - RETURN(3 txs)
2023-07-03 16:49:16,103: [210] m.c.plugin:WARNING: Caught will_solve in state None, but failed to capture its initialization
2023-07-03 16:49:19,794: [138] m.c.manticore:INFO: Results in /mcore_3ik5c_7g
2023-07-03 16:49:19,795: [138] m.c.manticore:INFO: Total time: 42.40422296524048
2023-07-03 16:49:20,496: [241] m.main:INFO: Registered plugins: IntrospectionAPIPlugin, <class 'manticore.ethereum.plugins.SkipRevertBasicBlocks'>, <class 'manticore.ethereum.plugins.FilterFunctions'>
2023-07-03 16:49:20,496: [241] m.main:INFO: Beginning analysis
2023-07-03 16:49:20,498: [241] m.e.manticore:INFO: Starting symbolic create contract
2023-07-03 16:49:33,325: [241] m.e.manticore:INFO: Starting symbolic transaction: 0
