2023-07-03 15:54:38,900: [12] m.main:INFO: Registered plugins: IntrospectionAPIPlugin, <class 'manticore.ethereum.plugins.SkipRevertBasicBlocks'>, <class 'manticore.ethereum.plugins.FilterFunctions'>
2023-07-03 15:54:38,900: [12] m.main:INFO: Beginning analysis
2023-07-03 15:54:38,902: [12] m.e.manticore:INFO: Starting symbolic create contract
2023-07-03 15:54:40,288: [12] m.e.manticore:INFO: Starting symbolic transaction: 0
2023-07-03 15:54:40,492: [12] m.e.manticore:INFO: 0 alive states, 1 terminated states
2023-07-03 15:54:40,539: [12] m.e.manticore:INFO: Starting symbolic transaction: 1
2023-07-03 15:54:40,781: [12] m.c.manticore:INFO: Results in /mcore_7mkaxk59
2023-07-03 15:54:40,781: [12] m.c.manticore:INFO: Total time: 0.49088025093078613
2023-07-03 15:54:41,556: [71] m.main:INFO: Registered plugins: IntrospectionAPIPlugin, <class 'manticore.ethereum.plugins.SkipRevertBasicBlocks'>, <class 'manticore.ethereum.plugins.FilterFunctions'>
2023-07-03 15:54:41,556: [71] m.main:INFO: Beginning analysis
2023-07-03 15:54:41,558: [71] m.e.manticore:INFO: Starting symbolic create contract
2023-07-03 15:54:43,116: [71] m.e.manticore:INFO: Starting symbolic transaction: 0
2023-07-03 15:54:43,293: [71] m.e.manticore:INFO: 0 alive states, 1 terminated states
2023-07-03 15:54:43,358: [71] m.e.manticore:INFO: Starting symbolic transaction: 1
2023-07-03 15:54:43,650: [71] m.c.manticore:INFO: Results in /mcore_zb360ytt
2023-07-03 15:54:43,652: [71] m.c.manticore:INFO: Total time: 0.5272238254547119
2023-07-03 15:54:44,333: [130] m.main:INFO: Registered plugins: IntrospectionAPIPlugin, <class 'manticore.ethereum.plugins.SkipRevertBasicBlocks'>, <class 'manticore.ethereum.plugins.FilterFunctions'>
2023-07-03 15:54:44,334: [130] m.main:INFO: Beginning analysis
2023-07-03 15:54:44,336: [130] m.e.manticore:INFO: Starting symbolic create contract
2023-07-03 15:54:46,535: [130] m.e.manticore:INFO: Starting symbolic transaction: 0
2023-07-03 15:54:52,617: [130] m.e.manticore:INFO: 0 alive states, 3 terminated states
2023-07-03 15:54:52,904: [130] m.c.manticore:INFO: Results in /mcore__8sykjs2
2023-07-03 15:54:52,905: [130] m.c.manticore:INFO: Total time: 6.353718280792236
2023-07-03 15:54:53,734: [198] m.main:INFO: Registered plugins: IntrospectionAPIPlugin, <class 'manticore.ethereum.plugins.SkipRevertBasicBlocks'>, <class 'manticore.ethereum.plugins.FilterFunctions'>
2023-07-03 15:54:53,734: [198] m.main:INFO: Beginning analysis
2023-07-03 15:54:53,740: [198] m.e.manticore:INFO: Starting symbolic create contract
