2023-07-03 16:06:07,786: [11] m.main:INFO: Registered plugins: IntrospectionAPIPlugin, <class 'manticore.ethereum.plugins.SkipRevertBasicBlocks'>, <class 'manticore.ethereum.plugins.FilterFunctions'>
2023-07-03 16:06:07,786: [11] m.main:INFO: Beginning analysis
2023-07-03 16:06:07,788: [11] m.e.manticore:INFO: Starting symbolic create contract
2023-07-03 16:06:09,205: [11] m.e.manticore:INFO: Starting symbolic transaction: 0
2023-07-03 16:06:09,325: [11] m.e.manticore:INFO: 0 alive states, 1 terminated states
2023-07-03 16:06:09,385: [11] m.e.manticore:INFO: Starting symbolic transaction: 1
2023-07-03 16:06:09,626: [11] m.c.manticore:INFO: Results in /mcore_gjnnjijv
2023-07-03 16:06:09,626: [11] m.c.manticore:INFO: Total time: 0.415982723236084
2023-07-03 16:06:10,305: [70] m.main:INFO: Registered plugins: IntrospectionAPIPlugin, <class 'manticore.ethereum.plugins.SkipRevertBasicBlocks'>, <class 'manticore.ethereum.plugins.FilterFunctions'>
2023-07-03 16:06:10,305: [70] m.main:INFO: Beginning analysis
2023-07-03 16:06:10,309: [70] m.e.manticore:INFO: Starting symbolic create contract
2023-07-03 16:06:11,667: [70] m.e.manticore:INFO: Starting symbolic transaction: 0
2023-07-03 16:06:11,799: [70] m.e.manticore:INFO: 0 alive states, 1 terminated states
2023-07-03 16:06:11,859: [70] m.e.manticore:INFO: Starting symbolic transaction: 1
2023-07-03 16:06:12,057: [70] m.c.manticore:INFO: Results in /mcore_99ql5guc
2023-07-03 16:06:12,057: [70] m.c.manticore:INFO: Total time: 0.3867783546447754
2023-07-03 16:06:12,713: [129] m.main:INFO: Registered plugins: IntrospectionAPIPlugin, <class 'manticore.ethereum.plugins.SkipRevertBasicBlocks'>, <class 'manticore.ethereum.plugins.FilterFunctions'>
2023-07-03 16:06:12,714: [129] m.main:INFO: Beginning analysis
2023-07-03 16:06:12,716: [129] m.e.manticore:INFO: Starting symbolic create contract
2023-07-03 16:06:14,750: [129] m.e.manticore:INFO: Starting symbolic transaction: 0
2023-07-03 16:06:20,736: [129] m.e.manticore:INFO: 0 alive states, 3 terminated states
2023-07-03 16:06:21,019: [129] m.c.manticore:INFO: Results in /mcore_mwvsvqop
2023-07-03 16:06:21,020: [129] m.c.manticore:INFO: Total time: 6.250267028808594
2023-07-03 16:06:21,671: [200] m.main:INFO: Registered plugins: IntrospectionAPIPlugin, <class 'manticore.ethereum.plugins.SkipRevertBasicBlocks'>, <class 'manticore.ethereum.plugins.FilterFunctions'>
2023-07-03 16:06:21,671: [200] m.main:INFO: Beginning analysis
2023-07-03 16:06:21,673: [200] m.e.manticore:INFO: Starting symbolic create contract
