WARNING:root:You are using solc version 0.6.12, The latest supported version is 0.4.19
INFO:CryticCompile:Compilation warnings/errors on /sb/SchainsInternal_3.sol:
Warning: Function state mutability can be restricted to pure
    --> /sb/SchainsInternal_3.sol:3738:5:
     |
3738 |     function timestampToDay(uint timestamp) external view returns (uint) {
     |     ^ (Relevant source part starts here and spans across multiple lines).

Warning: Function state mutability can be restricted to pure
    --> /sb/SchainsInternal_3.sol:3746:5:
     |
3746 |     function timestampToYear(uint timestamp) external view virtual returns (uint) {
     |     ^ (Relevant source part starts here and spans across multiple lines).

Warning: Function state mutability can be restricted to pure
    --> /sb/SchainsInternal_3.sol:3753:5:
     |
3753 |     function timestampToMonth(uint timestamp) public view virtual returns (uint) {
     |     ^ (Relevant source part starts here and spans across multiple lines).

Warning: Function state mutability can be restricted to pure
    --> /sb/SchainsInternal_3.sol:3763:5:
     |
3763 |     function monthToTimestamp(uint month) public view virtual returns (uint timestamp) {
     |     ^ (Relevant source part starts here and spans across multiple lines).

Warning: Contract code size exceeds 24576 bytes (a limit introduced in Spurious Dragon). This contract may not be deployable on mainnet. Consider enabling the optimizer (with a low "runs" value!), turning off revert strings, or using libraries.
    --> /sb/SchainsInternal_3.sol:4640:1:
     |
4640 | contract DelegationController is Permissions, ILocker {
     | ^ (Relevant source part starts here and spans across multiple lines).

Warning: Contract code size exceeds 24576 bytes (a limit introduced in Spurious Dragon). This contract may not be deployable on mainnet. Consider enabling the optimizer (with a low "runs" value!), turning off revert strings, or using libraries.
    --> /sb/SchainsInternal_3.sol:6755:1:
     |
6755 | contract Nodes is Permissions {
     | ^ (Relevant source part starts here and spans across multiple lines).

Warning: Contract code size exceeds 24576 bytes (a limit introduced in Spurious Dragon). This contract may not be deployable on mainnet. Consider enabling the optimizer (with a low "runs" value!), turning off revert strings, or using libraries.
    --> /sb/SchainsInternal_3.sol:7676:1:
     |
7676 | contract SchainsInternal is Permissions {
     | ^ (Relevant source part starts here and spans across multiple lines).


incomplete push instruction at 13969
incomplete push instruction at 72
incomplete push instruction at 44
incomplete push instruction at 72
incomplete push instruction at 6185
incomplete push instruction at 5082
incomplete push instruction at 72
incomplete push instruction at 9291
incomplete push instruction at 40
incomplete push instruction at 68
INFO:root:contract /sb/SchainsInternal_3.sol:TokenLaunchLocker:
INFO:symExec:	============ Results ===========
Traceback (most recent call last):
  File "/oyente/oyente/oyente.py", line 232, in <module>
    main()
  File "/oyente/oyente/oyente.py", line 227, in main
    exit_code = analyze_solidity()
  File "/oyente/oyente/oyente.py", line 110, in analyze_solidity
    results, exit_code = run_solidity_analysis(inputs)
  File "/oyente/oyente/oyente.py", line 87, in run_solidity_analysis
    result, return_code = symExec.run(disasm_file=inp['disasm_file'], source_map=inp['source_map'], source_file=inp['source'])
  File "/oyente/oyente/symExec.py", line 2458, in run
    analyze()
  File "/oyente/oyente/symExec.py", line 2441, in analyze
    run_build_cfg_and_analyze(timeout_cb=timeout_cb)
  File "/oyente/oyente/symExec.py", line 2398, in run_build_cfg_and_analyze
    build_cfg_and_analyze()
  File "/oyente/oyente/symExec.py", line 225, in build_cfg_and_analyze
    collect_vertices(tokens)
  File "/oyente/oyente/symExec.py", line 341, in collect_vertices
    idx = mapping_non_push_instruction(current_line_content, current_ins_address, idx, positions, length) if g_src_map else None
  File "/oyente/oyente/symExec.py", line 281, in mapping_non_push_instruction
    raise RuntimeError(F"Source map error, unknown name({name}) or instr_name({instr_name})")
RuntimeError: Source map error, unknown name(SHR) or instr_name(INVALID)
