2023-07-03 16:27:31,803: [11] m.main:INFO: Registered plugins: IntrospectionAPIPlugin, <class 'manticore.ethereum.plugins.SkipRevertBasicBlocks'>, <class 'manticore.ethereum.plugins.FilterFunctions'>
2023-07-03 16:27:31,803: [11] m.main:INFO: Beginning analysis
2023-07-03 16:27:31,806: [11] m.e.manticore:INFO: Starting symbolic create contract
2023-07-03 16:27:35,124: [11] m.e.manticore:INFO: Starting symbolic transaction: 0
2023-07-03 16:27:35,300: [11] m.e.manticore:INFO: 0 alive states, 1 terminated states
2023-07-03 16:27:35,368: [11] m.e.manticore:INFO: Starting symbolic transaction: 1
2023-07-03 16:27:35,564: [11] m.c.manticore:INFO: Results in /mcore_ew8bxk4k
2023-07-03 16:27:35,564: [11] m.c.manticore:INFO: Total time: 0.43651676177978516
2023-07-03 16:27:36,378: [70] m.main:INFO: Registered plugins: IntrospectionAPIPlugin, <class 'manticore.ethereum.plugins.SkipRevertBasicBlocks'>, <class 'manticore.ethereum.plugins.FilterFunctions'>
2023-07-03 16:27:36,378: [70] m.main:INFO: Beginning analysis
2023-07-03 16:27:36,381: [70] m.e.manticore:INFO: Starting symbolic create contract
2023-07-03 16:27:39,807: [70] m.e.manticore:INFO: Starting symbolic transaction: 0
2023-07-03 16:27:39,968: [70] m.e.manticore:INFO: 0 alive states, 1 terminated states
2023-07-03 16:27:40,024: [70] m.e.manticore:INFO: Starting symbolic transaction: 1
2023-07-03 16:27:40,251: [70] m.c.manticore:INFO: Results in /mcore_rfwv5jcq
2023-07-03 16:27:40,251: [70] m.c.manticore:INFO: Total time: 0.4372682571411133
2023-07-03 16:27:41,102: [129] m.main:INFO: Registered plugins: IntrospectionAPIPlugin, <class 'manticore.ethereum.plugins.SkipRevertBasicBlocks'>, <class 'manticore.ethereum.plugins.FilterFunctions'>
2023-07-03 16:27:41,102: [129] m.main:INFO: Beginning analysis
2023-07-03 16:27:41,105: [129] m.e.manticore:INFO: Starting symbolic create contract
2023-07-03 16:28:03,522: [129] m.e.manticore:INFO: Starting symbolic transaction: 0
