2023-07-03 16:22:02,507: [11] m.main:INFO: Registered plugins: IntrospectionAPIPlugin, <class 'manticore.ethereum.plugins.SkipRevertBasicBlocks'>, <class 'manticore.ethereum.plugins.FilterFunctions'>
2023-07-03 16:22:02,507: [11] m.main:INFO: Beginning analysis
2023-07-03 16:22:02,510: [11] m.e.manticore:INFO: Starting symbolic create contract
2023-07-03 16:22:03,920: [11] m.e.manticore:INFO: Starting symbolic transaction: 0
2023-07-03 16:22:04,058: [11] m.e.manticore:INFO: 0 alive states, 1 terminated states
2023-07-03 16:22:04,123: [11] m.e.manticore:INFO: Starting symbolic transaction: 1
2023-07-03 16:22:04,375: [11] m.c.manticore:INFO: Results in /mcore_22af4hui
2023-07-03 16:22:04,375: [11] m.c.manticore:INFO: Total time: 0.45260095596313477
2023-07-03 16:22:05,158: [70] m.main:INFO: Registered plugins: IntrospectionAPIPlugin, <class 'manticore.ethereum.plugins.SkipRevertBasicBlocks'>, <class 'manticore.ethereum.plugins.FilterFunctions'>
2023-07-03 16:22:05,159: [70] m.main:INFO: Beginning analysis
2023-07-03 16:22:05,161: [70] m.e.manticore:INFO: Starting symbolic create contract
2023-07-03 16:22:06,654: [70] m.e.manticore:INFO: Starting symbolic transaction: 0
2023-07-03 16:22:06,791: [70] m.e.manticore:INFO: 0 alive states, 1 terminated states
2023-07-03 16:22:06,833: [70] m.e.manticore:INFO: Starting symbolic transaction: 1
2023-07-03 16:22:07,061: [70] m.c.manticore:INFO: Results in /mcore_y18bp0vr
2023-07-03 16:22:07,061: [70] m.c.manticore:INFO: Total time: 0.405195951461792
2023-07-03 16:22:07,826: [129] m.main:INFO: Registered plugins: IntrospectionAPIPlugin, <class 'manticore.ethereum.plugins.SkipRevertBasicBlocks'>, <class 'manticore.ethereum.plugins.FilterFunctions'>
2023-07-03 16:22:07,827: [129] m.main:INFO: Beginning analysis
2023-07-03 16:22:07,829: [129] m.e.manticore:INFO: Starting symbolic create contract
2023-07-03 16:22:09,956: [129] m.e.manticore:INFO: Starting symbolic transaction: 0
2023-07-03 16:22:15,711: [129] m.e.manticore:INFO: 0 alive states, 3 terminated states
2023-07-03 16:22:16,020: [129] m.c.manticore:INFO: Results in /mcore_6bhkt5qi
2023-07-03 16:22:16,020: [129] m.c.manticore:INFO: Total time: 6.044936418533325
2023-07-03 16:22:16,887: [200] m.main:INFO: Registered plugins: IntrospectionAPIPlugin, <class 'manticore.ethereum.plugins.SkipRevertBasicBlocks'>, <class 'manticore.ethereum.plugins.FilterFunctions'>
2023-07-03 16:22:16,887: [200] m.main:INFO: Beginning analysis
2023-07-03 16:22:16,890: [200] m.e.manticore:INFO: Starting symbolic create contract
