2023-07-03 16:31:04,521: [11] m.main:INFO: Registered plugins: IntrospectionAPIPlugin, <class 'manticore.ethereum.plugins.SkipRevertBasicBlocks'>, <class 'manticore.ethereum.plugins.FilterFunctions'>
2023-07-03 16:31:04,521: [11] m.main:INFO: Beginning analysis
2023-07-03 16:31:04,524: [11] m.e.manticore:INFO: Starting symbolic create contract
2023-07-03 16:31:04,554: [11] m.e.manticore:INFO: Failed to build contract /sb/UniswapV3Pool_10.sol:558:1: Errors : Invalid solc compilation sb/UniswapV3Pool_10.sol:558:1: Error: Expected pragma, import directive or contract/interface/library definition.
abstract contract NoDelegateCall {
^------^

. Solidity failed to generate bytecode for your contract. Check if all the abstract functions are implemented. 
Process Process-1:
Traceback (most recent call last):
  File "/usr/lib/python3.7/multiprocessing/process.py", line 297, in _bootstrap
    self.run()
  File "/usr/lib/python3.7/multiprocessing/process.py", line 99, in run
    self._target(*self._args, **self._kwargs)
  File "/usr/local/lib/python3.7/dist-packages/manticore/ethereum/manticore.py", line 1766, in worker_finalize
    finalizer(q.get_nowait())
  File "/usr/local/lib/python3.7/dist-packages/manticore/ethereum/manticore.py", line 1757, in finalizer
    if only_alive_states and last_tx.result in {"REVERT", "THROW", "TXERROR"}:
AttributeError: 'NoneType' object has no attribute 'result'
2023-07-03 16:31:04,637: [11] m.c.manticore:INFO: Results in /mcore_hr7ifsq2
2023-07-03 16:31:04,638: [11] m.c.manticore:WARNING: Manticore failed to run
2023-07-03 16:31:05,329: [36] m.main:INFO: Registered plugins: IntrospectionAPIPlugin, <class 'manticore.ethereum.plugins.SkipRevertBasicBlocks'>, <class 'manticore.ethereum.plugins.FilterFunctions'>
2023-07-03 16:31:05,330: [36] m.main:INFO: Beginning analysis
2023-07-03 16:31:05,332: [36] m.e.manticore:INFO: Starting symbolic create contract
2023-07-03 16:31:05,375: [36] m.e.manticore:INFO: Failed to build contract ParserError: Errors : Invalid solc compilation sb/UniswapV3Pool_10.sol:558:1: Error: Expected pragma, import directive or contract/interface/library definition.
abstract contract NoDelegateCall {
^------^

. Solidity failed to generate bytecode for your contract. Check if all the abstract functions are implemented. 
Process Process-1:
Traceback (most recent call last):
  File "/usr/lib/python3.7/multiprocessing/process.py", line 297, in _bootstrap
    self.run()
  File "/usr/lib/python3.7/multiprocessing/process.py", line 99, in run
    self._target(*self._args, **self._kwargs)
  File "/usr/local/lib/python3.7/dist-packages/manticore/ethereum/manticore.py", line 1766, in worker_finalize
    finalizer(q.get_nowait())
  File "/usr/local/lib/python3.7/dist-packages/manticore/ethereum/manticore.py", line 1757, in finalizer
    if only_alive_states and last_tx.result in {"REVERT", "THROW", "TXERROR"}:
AttributeError: 'NoneType' object has no attribute 'result'
2023-07-03 16:31:05,447: [36] m.c.manticore:INFO: Results in /mcore_wz_nprhm
2023-07-03 16:31:05,447: [36] m.c.manticore:WARNING: Manticore failed to run
2023-07-03 16:31:06,122: [61] m.main:INFO: Registered plugins: IntrospectionAPIPlugin, <class 'manticore.ethereum.plugins.SkipRevertBasicBlocks'>, <class 'manticore.ethereum.plugins.FilterFunctions'>
2023-07-03 16:31:06,122: [61] m.main:INFO: Beginning analysis
2023-07-03 16:31:06,125: [61] m.e.manticore:INFO: Starting symbolic create contract
2023-07-03 16:31:06,170: [61] m.e.manticore:INFO: Failed to build contract Expected Errors : Invalid solc compilation sb/UniswapV3Pool_10.sol:558:1: Error: Expected pragma, import directive or contract/interface/library definition.
abstract contract NoDelegateCall {
^------^

. Solidity failed to generate bytecode for your contract. Check if all the abstract functions are implemented. 
Process Process-1:
Traceback (most recent call last):
  File "/usr/lib/python3.7/multiprocessing/process.py", line 297, in _bootstrap
    self.run()
  File "/usr/lib/python3.7/multiprocessing/process.py", line 99, in run
    self._target(*self._args, **self._kwargs)
  File "/usr/local/lib/python3.7/dist-packages/manticore/ethereum/manticore.py", line 1766, in worker_finalize
    finalizer(q.get_nowait())
  File "/usr/local/lib/python3.7/dist-packages/manticore/ethereum/manticore.py", line 1757, in finalizer
    if only_alive_states and last_tx.result in {"REVERT", "THROW", "TXERROR"}:
AttributeError: 'NoneType' object has no attribute 'result'
2023-07-03 16:31:06,262: [61] m.c.manticore:INFO: Results in /mcore_4h0f9v09
2023-07-03 16:31:06,262: [61] m.c.manticore:WARNING: Manticore failed to run
2023-07-03 16:31:06,871: [86] m.main:INFO: Registered plugins: IntrospectionAPIPlugin, <class 'manticore.ethereum.plugins.SkipRevertBasicBlocks'>, <class 'manticore.ethereum.plugins.FilterFunctions'>
2023-07-03 16:31:06,872: [86] m.main:INFO: Beginning analysis
2023-07-03 16:31:06,874: [86] m.e.manticore:INFO: Starting symbolic create contract
2023-07-03 16:31:06,904: [86] m.e.manticore:INFO: Failed to build contract pragma, Errors : Invalid solc compilation sb/UniswapV3Pool_10.sol:558:1: Error: Expected pragma, import directive or contract/interface/library definition.
abstract contract NoDelegateCall {
^------^

. Solidity failed to generate bytecode for your contract. Check if all the abstract functions are implemented. 
Process Process-1:
Traceback (most recent call last):
  File "/usr/lib/python3.7/multiprocessing/process.py", line 297, in _bootstrap
    self.run()
  File "/usr/lib/python3.7/multiprocessing/process.py", line 99, in run
    self._target(*self._args, **self._kwargs)
  File "/usr/local/lib/python3.7/dist-packages/manticore/ethereum/manticore.py", line 1766, in worker_finalize
    finalizer(q.get_nowait())
  File "/usr/local/lib/python3.7/dist-packages/manticore/ethereum/manticore.py", line 1757, in finalizer
    if only_alive_states and last_tx.result in {"REVERT", "THROW", "TXERROR"}:
AttributeError: 'NoneType' object has no attribute 'result'
2023-07-03 16:31:06,985: [86] m.c.manticore:INFO: Results in /mcore_y1qfnuay
2023-07-03 16:31:06,985: [86] m.c.manticore:WARNING: Manticore failed to run
2023-07-03 16:31:07,658: [111] m.main:INFO: Registered plugins: IntrospectionAPIPlugin, <class 'manticore.ethereum.plugins.SkipRevertBasicBlocks'>, <class 'manticore.ethereum.plugins.FilterFunctions'>
2023-07-03 16:31:07,658: [111] m.main:INFO: Beginning analysis
2023-07-03 16:31:07,660: [111] m.e.manticore:INFO: Starting symbolic create contract
2023-07-03 16:31:07,695: [111] m.e.manticore:INFO: Failed to build contract import Errors : Invalid solc compilation sb/UniswapV3Pool_10.sol:558:1: Error: Expected pragma, import directive or contract/interface/library definition.
abstract contract NoDelegateCall {
^------^

. Solidity failed to generate bytecode for your contract. Check if all the abstract functions are implemented. 
Process Process-1:
Traceback (most recent call last):
  File "/usr/lib/python3.7/multiprocessing/process.py", line 297, in _bootstrap
    self.run()
  File "/usr/lib/python3.7/multiprocessing/process.py", line 99, in run
    self._target(*self._args, **self._kwargs)
  File "/usr/local/lib/python3.7/dist-packages/manticore/ethereum/manticore.py", line 1766, in worker_finalize
    finalizer(q.get_nowait())
  File "/usr/local/lib/python3.7/dist-packages/manticore/ethereum/manticore.py", line 1757, in finalizer
    if only_alive_states and last_tx.result in {"REVERT", "THROW", "TXERROR"}:
AttributeError: 'NoneType' object has no attribute 'result'
2023-07-03 16:31:07,778: [111] m.c.manticore:INFO: Results in /mcore_qsyzmvv3
2023-07-03 16:31:07,779: [111] m.c.manticore:WARNING: Manticore failed to run
2023-07-03 16:31:08,523: [136] m.main:INFO: Registered plugins: IntrospectionAPIPlugin, <class 'manticore.ethereum.plugins.SkipRevertBasicBlocks'>, <class 'manticore.ethereum.plugins.FilterFunctions'>
2023-07-03 16:31:08,524: [136] m.main:INFO: Beginning analysis
2023-07-03 16:31:08,526: [136] m.e.manticore:INFO: Starting symbolic create contract
2023-07-03 16:31:08,562: [136] m.e.manticore:INFO: Failed to build contract directive Errors : Invalid solc compilation sb/UniswapV3Pool_10.sol:558:1: Error: Expected pragma, import directive or contract/interface/library definition.
abstract contract NoDelegateCall {
^------^

. Solidity failed to generate bytecode for your contract. Check if all the abstract functions are implemented. 
Process Process-1:
Traceback (most recent call last):
  File "/usr/lib/python3.7/multiprocessing/process.py", line 297, in _bootstrap
    self.run()
  File "/usr/lib/python3.7/multiprocessing/process.py", line 99, in run
    self._target(*self._args, **self._kwargs)
  File "/usr/local/lib/python3.7/dist-packages/manticore/ethereum/manticore.py", line 1766, in worker_finalize
    finalizer(q.get_nowait())
  File "/usr/local/lib/python3.7/dist-packages/manticore/ethereum/manticore.py", line 1757, in finalizer
    if only_alive_states and last_tx.result in {"REVERT", "THROW", "TXERROR"}:
AttributeError: 'NoneType' object has no attribute 'result'
2023-07-03 16:31:08,646: [136] m.c.manticore:INFO: Results in /mcore_1eb_7w8t
2023-07-03 16:31:08,646: [136] m.c.manticore:WARNING: Manticore failed to run
2023-07-03 16:31:09,340: [161] m.main:INFO: Registered plugins: IntrospectionAPIPlugin, <class 'manticore.ethereum.plugins.SkipRevertBasicBlocks'>, <class 'manticore.ethereum.plugins.FilterFunctions'>
2023-07-03 16:31:09,340: [161] m.main:INFO: Beginning analysis
2023-07-03 16:31:09,343: [161] m.e.manticore:INFO: Starting symbolic create contract
2023-07-03 16:31:09,387: [161] m.e.manticore:INFO: Failed to build contract or Errors : Invalid solc compilation sb/UniswapV3Pool_10.sol:558:1: Error: Expected pragma, import directive or contract/interface/library definition.
abstract contract NoDelegateCall {
^------^

. Solidity failed to generate bytecode for your contract. Check if all the abstract functions are implemented. 
Process Process-1:
Traceback (most recent call last):
  File "/usr/lib/python3.7/multiprocessing/process.py", line 297, in _bootstrap
    self.run()
  File "/usr/lib/python3.7/multiprocessing/process.py", line 99, in run
    self._target(*self._args, **self._kwargs)
  File "/usr/local/lib/python3.7/dist-packages/manticore/ethereum/manticore.py", line 1766, in worker_finalize
    finalizer(q.get_nowait())
  File "/usr/local/lib/python3.7/dist-packages/manticore/ethereum/manticore.py", line 1757, in finalizer
    if only_alive_states and last_tx.result in {"REVERT", "THROW", "TXERROR"}:
AttributeError: 'NoneType' object has no attribute 'result'
2023-07-03 16:31:09,471: [161] m.c.manticore:INFO: Results in /mcore_9fv_515q
2023-07-03 16:31:09,471: [161] m.c.manticore:WARNING: Manticore failed to run
2023-07-03 16:31:10,125: [186] m.main:INFO: Registered plugins: IntrospectionAPIPlugin, <class 'manticore.ethereum.plugins.SkipRevertBasicBlocks'>, <class 'manticore.ethereum.plugins.FilterFunctions'>
2023-07-03 16:31:10,125: [186] m.main:INFO: Beginning analysis
2023-07-03 16:31:10,128: [186] m.e.manticore:INFO: Starting symbolic create contract
2023-07-03 16:31:10,160: [186] m.e.manticore:INFO: Failed to build contract contract/interface/library Errors : Invalid solc compilation sb/UniswapV3Pool_10.sol:558:1: Error: Expected pragma, import directive or contract/interface/library definition.
abstract contract NoDelegateCall {
^------^

. Solidity failed to generate bytecode for your contract. Check if all the abstract functions are implemented. 
Process Process-1:
Traceback (most recent call last):
  File "/usr/lib/python3.7/multiprocessing/process.py", line 297, in _bootstrap
    self.run()
  File "/usr/lib/python3.7/multiprocessing/process.py", line 99, in run
    self._target(*self._args, **self._kwargs)
  File "/usr/local/lib/python3.7/dist-packages/manticore/ethereum/manticore.py", line 1766, in worker_finalize
    finalizer(q.get_nowait())
  File "/usr/local/lib/python3.7/dist-packages/manticore/ethereum/manticore.py", line 1757, in finalizer
    if only_alive_states and last_tx.result in {"REVERT", "THROW", "TXERROR"}:
AttributeError: 'NoneType' object has no attribute 'result'
2023-07-03 16:31:10,240: [186] m.c.manticore:INFO: Results in /mcore_u9rkz__a
2023-07-03 16:31:10,240: [186] m.c.manticore:WARNING: Manticore failed to run
2023-07-03 16:31:10,938: [211] m.main:INFO: Registered plugins: IntrospectionAPIPlugin, <class 'manticore.ethereum.plugins.SkipRevertBasicBlocks'>, <class 'manticore.ethereum.plugins.FilterFunctions'>
2023-07-03 16:31:10,939: [211] m.main:INFO: Beginning analysis
2023-07-03 16:31:10,941: [211] m.e.manticore:INFO: Starting symbolic create contract
2023-07-03 16:31:10,981: [211] m.e.manticore:INFO: Failed to build contract definition. Errors : Invalid solc compilation sb/UniswapV3Pool_10.sol:558:1: Error: Expected pragma, import directive or contract/interface/library definition.
abstract contract NoDelegateCall {
^------^

. Solidity failed to generate bytecode for your contract. Check if all the abstract functions are implemented. 
Process Process-1:
Traceback (most recent call last):
  File "/usr/lib/python3.7/multiprocessing/process.py", line 297, in _bootstrap
    self.run()
  File "/usr/lib/python3.7/multiprocessing/process.py", line 99, in run
    self._target(*self._args, **self._kwargs)
  File "/usr/local/lib/python3.7/dist-packages/manticore/ethereum/manticore.py", line 1766, in worker_finalize
    finalizer(q.get_nowait())
  File "/usr/local/lib/python3.7/dist-packages/manticore/ethereum/manticore.py", line 1757, in finalizer
    if only_alive_states and last_tx.result in {"REVERT", "THROW", "TXERROR"}:
AttributeError: 'NoneType' object has no attribute 'result'
2023-07-03 16:31:11,081: [211] m.c.manticore:INFO: Results in /mcore_oqo37ay1
2023-07-03 16:31:11,081: [211] m.c.manticore:WARNING: Manticore failed to run
2023-07-03 16:31:11,721: [236] m.main:INFO: Registered plugins: IntrospectionAPIPlugin, <class 'manticore.ethereum.plugins.SkipRevertBasicBlocks'>, <class 'manticore.ethereum.plugins.FilterFunctions'>
2023-07-03 16:31:11,722: [236] m.main:INFO: Beginning analysis
2023-07-03 16:31:11,725: [236] m.e.manticore:INFO: Starting symbolic create contract
2023-07-03 16:31:11,767: [236] m.e.manticore:INFO: Failed to build contract abstract Errors : Invalid solc compilation sb/UniswapV3Pool_10.sol:558:1: Error: Expected pragma, import directive or contract/interface/library definition.
abstract contract NoDelegateCall {
^------^

. Solidity failed to generate bytecode for your contract. Check if all the abstract functions are implemented. 
Process Process-1:
Traceback (most recent call last):
  File "/usr/lib/python3.7/multiprocessing/process.py", line 297, in _bootstrap
    self.run()
  File "/usr/lib/python3.7/multiprocessing/process.py", line 99, in run
    self._target(*self._args, **self._kwargs)
  File "/usr/local/lib/python3.7/dist-packages/manticore/ethereum/manticore.py", line 1766, in worker_finalize
    finalizer(q.get_nowait())
  File "/usr/local/lib/python3.7/dist-packages/manticore/ethereum/manticore.py", line 1757, in finalizer
    if only_alive_states and last_tx.result in {"REVERT", "THROW", "TXERROR"}:
AttributeError: 'NoneType' object has no attribute 'result'
2023-07-03 16:31:11,851: [236] m.c.manticore:INFO: Results in /mcore_rmybvbkv
2023-07-03 16:31:11,852: [236] m.c.manticore:WARNING: Manticore failed to run
2023-07-03 16:31:12,512: [261] m.main:INFO: Registered plugins: IntrospectionAPIPlugin, <class 'manticore.ethereum.plugins.SkipRevertBasicBlocks'>, <class 'manticore.ethereum.plugins.FilterFunctions'>
2023-07-03 16:31:12,512: [261] m.main:INFO: Beginning analysis
2023-07-03 16:31:12,515: [261] m.e.manticore:INFO: Starting symbolic create contract
2023-07-03 16:31:12,541: [261] m.e.manticore:INFO: Failed to build contract contract Errors : Invalid solc compilation sb/UniswapV3Pool_10.sol:558:1: Error: Expected pragma, import directive or contract/interface/library definition.
abstract contract NoDelegateCall {
^------^

. Solidity failed to generate bytecode for your contract. Check if all the abstract functions are implemented. 
Process Process-1:
Traceback (most recent call last):
  File "/usr/lib/python3.7/multiprocessing/process.py", line 297, in _bootstrap
    self.run()
  File "/usr/lib/python3.7/multiprocessing/process.py", line 99, in run
    self._target(*self._args, **self._kwargs)
  File "/usr/local/lib/python3.7/dist-packages/manticore/ethereum/manticore.py", line 1766, in worker_finalize
    finalizer(q.get_nowait())
  File "/usr/local/lib/python3.7/dist-packages/manticore/ethereum/manticore.py", line 1757, in finalizer
    if only_alive_states and last_tx.result in {"REVERT", "THROW", "TXERROR"}:
AttributeError: 'NoneType' object has no attribute 'result'
2023-07-03 16:31:12,614: [261] m.c.manticore:INFO: Results in /mcore_ynl0hkqr
2023-07-03 16:31:12,615: [261] m.c.manticore:WARNING: Manticore failed to run
2023-07-03 16:31:13,428: [286] m.main:INFO: Registered plugins: IntrospectionAPIPlugin, <class 'manticore.ethereum.plugins.SkipRevertBasicBlocks'>, <class 'manticore.ethereum.plugins.FilterFunctions'>
2023-07-03 16:31:13,428: [286] m.main:INFO: Beginning analysis
2023-07-03 16:31:13,430: [286] m.e.manticore:INFO: Starting symbolic create contract
2023-07-03 16:31:13,468: [286] m.e.manticore:INFO: Failed to build contract NoDelegateCall Errors : Invalid solc compilation sb/UniswapV3Pool_10.sol:558:1: Error: Expected pragma, import directive or contract/interface/library definition.
abstract contract NoDelegateCall {
^------^

. Solidity failed to generate bytecode for your contract. Check if all the abstract functions are implemented. 
Process Process-2:
Traceback (most recent call last):
  File "/usr/lib/python3.7/multiprocessing/process.py", line 297, in _bootstrap
    self.run()
  File "/usr/lib/python3.7/multiprocessing/process.py", line 99, in run
    self._target(*self._args, **self._kwargs)
  File "/usr/local/lib/python3.7/dist-packages/manticore/ethereum/manticore.py", line 1766, in worker_finalize
    finalizer(q.get_nowait())
  File "/usr/local/lib/python3.7/dist-packages/manticore/ethereum/manticore.py", line 1757, in finalizer
    if only_alive_states and last_tx.result in {"REVERT", "THROW", "TXERROR"}:
AttributeError: 'NoneType' object has no attribute 'result'
2023-07-03 16:31:13,541: [286] m.c.manticore:INFO: Results in /mcore_yv_g6hjq
2023-07-03 16:31:13,542: [286] m.c.manticore:WARNING: Manticore failed to run
2023-07-03 16:31:14,154: [311] m.main:INFO: Registered plugins: IntrospectionAPIPlugin, <class 'manticore.ethereum.plugins.SkipRevertBasicBlocks'>, <class 'manticore.ethereum.plugins.FilterFunctions'>
2023-07-03 16:31:14,154: [311] m.main:INFO: Beginning analysis
2023-07-03 16:31:14,159: [311] m.e.manticore:INFO: Starting symbolic create contract
2023-07-03 16:31:14,199: [311] m.e.manticore:INFO: Failed to build contract { Errors : Invalid solc compilation sb/UniswapV3Pool_10.sol:558:1: Error: Expected pragma, import directive or contract/interface/library definition.
abstract contract NoDelegateCall {
^------^

. Solidity failed to generate bytecode for your contract. Check if all the abstract functions are implemented. 
Process Process-1:
Traceback (most recent call last):
  File "/usr/lib/python3.7/multiprocessing/process.py", line 297, in _bootstrap
    self.run()
  File "/usr/lib/python3.7/multiprocessing/process.py", line 99, in run
    self._target(*self._args, **self._kwargs)
  File "/usr/local/lib/python3.7/dist-packages/manticore/ethereum/manticore.py", line 1766, in worker_finalize
    finalizer(q.get_nowait())
  File "/usr/local/lib/python3.7/dist-packages/manticore/ethereum/manticore.py", line 1757, in finalizer
    if only_alive_states and last_tx.result in {"REVERT", "THROW", "TXERROR"}:
AttributeError: 'NoneType' object has no attribute 'result'
2023-07-03 16:31:14,276: [311] m.c.manticore:INFO: Results in /mcore_cat7a_g6
2023-07-03 16:31:14,277: [311] m.c.manticore:WARNING: Manticore failed to run
2023-07-03 16:31:14,950: [336] m.main:INFO: Registered plugins: IntrospectionAPIPlugin, <class 'manticore.ethereum.plugins.SkipRevertBasicBlocks'>, <class 'manticore.ethereum.plugins.FilterFunctions'>
2023-07-03 16:31:14,951: [336] m.main:INFO: Beginning analysis
2023-07-03 16:31:14,954: [336] m.e.manticore:INFO: Starting symbolic create contract
2023-07-03 16:31:14,985: [336] m.e.manticore:INFO: Failed to build contract ^------^ Errors : Invalid solc compilation sb/UniswapV3Pool_10.sol:558:1: Error: Expected pragma, import directive or contract/interface/library definition.
abstract contract NoDelegateCall {
^------^

. Solidity failed to generate bytecode for your contract. Check if all the abstract functions are implemented. 
Process Process-1:
Traceback (most recent call last):
  File "/usr/lib/python3.7/multiprocessing/process.py", line 297, in _bootstrap
    self.run()
  File "/usr/lib/python3.7/multiprocessing/process.py", line 99, in run
    self._target(*self._args, **self._kwargs)
  File "/usr/local/lib/python3.7/dist-packages/manticore/ethereum/manticore.py", line 1766, in worker_finalize
    finalizer(q.get_nowait())
  File "/usr/local/lib/python3.7/dist-packages/manticore/ethereum/manticore.py", line 1757, in finalizer
    if only_alive_states and last_tx.result in {"REVERT", "THROW", "TXERROR"}:
AttributeError: 'NoneType' object has no attribute 'result'
2023-07-03 16:31:15,062: [336] m.c.manticore:INFO: Results in /mcore_bjdok57h
2023-07-03 16:31:15,062: [336] m.c.manticore:WARNING: Manticore failed to run
