2023-07-03 16:00:16,512: [11] m.main:INFO: Registered plugins: IntrospectionAPIPlugin, <class 'manticore.ethereum.plugins.SkipRevertBasicBlocks'>, <class 'manticore.ethereum.plugins.FilterFunctions'>
2023-07-03 16:00:16,513: [11] m.main:INFO: Beginning analysis
2023-07-03 16:00:16,516: [11] m.e.manticore:INFO: Starting symbolic create contract
2023-07-03 16:00:16,587: [11] m.e.manticore:INFO: Failed to build contract /sb/Hypervisor_5.sol:2279:1: Errors : Invalid solc compilation Error: Unknown pragma "abicoder"
    --> sb/Hypervisor_5.sol:2279:1:
     |
2279 | pragma abicoder v2;
     | ^^^^^^^^^^^^^^^^^^^

Error: No visibility specified. Did you intend to add "public"?
    --> sb/Hypervisor_5.sol:2398:5:
     |
2398 |     constructor(
     |     ^ (Relevant source part starts here and spans across multiple lines).

Warning: This declaration shadows an existing declaration.
    --> sb/Hypervisor_5.sol:2496:10:
     |
2496 |         (uint256 base0, uint256 base1) = _burnLiquidity(
     |          ^^^^^^^^^^^^^
Note: The shadowed declaration is here:
    --> sb/Hypervisor_5.sol:2490:9:
     |
2490 |         uint256 base0,
     |         ^^^^^^^^^^^^^

Warning: This declaration shadows an existing declaration.
    --> sb/Hypervisor_5.sol:2496:25:
     |
2496 |         (uint256 base0, uint256 base1) = _burnLiquidity(
     |                         ^^^^^^^^^^^^^
Note: The shadowed declaration is here:
    --> sb/Hypervisor_5.sol:2491:9:
     |
2491 |         uint256 base1,
     |         ^^^^^^^^^^^^^

Warning: This declaration shadows an existing declaration.
    --> sb/Hypervisor_5.sol:2503:10:
     |
2503 |         (uint256 limit0, uint256 limit1) = _burnLiquidity(
     |          ^^^^^^^^^^^^^^
Note: The shadowed declaration is here:
    --> sb/Hypervisor_5.sol:2492:9:
     |
2492 |         uint256 limit0,
     |         ^^^^^^^^^^^^^^

Warning: This declaration shadows an existing declaration.
    --> sb/Hypervisor_5.sol:2503:26:
     |
2503 |         (uint256 limit0, uint256 limit1) = _burnLiquidity(
     |                          ^^^^^^^^^^^^^^
Note: The shadowed declaration is here:
    --> sb/Hypervisor_5.sol:2493:9:
     |
2493 |         uint256 limit1
     |         ^^^^^^^^^^^^^^

Error: This type is only supported in ABIEncoderV2. Use "pragma experimental ABIEncoderV2;" to enable the feature.
    --> sb/Hypervisor_5.sol:2349:62:
     |
2349 |     function getLockAt(uint256 index) external view returns (LockData memory lockData);
     |                                                              ^^^^^^^^^^^^^^^^^^^^^^^^


. Solidity failed to generate bytecode for your contract. Check if all the abstract functions are implemented. 
Process Process-1:
Traceback (most recent call last):
  File "/usr/lib/python3.7/multiprocessing/process.py", line 297, in _bootstrap
    self.run()
  File "/usr/lib/python3.7/multiprocessing/process.py", line 99, in run
    self._target(*self._args, **self._kwargs)
  File "/usr/local/lib/python3.7/dist-packages/manticore/ethereum/manticore.py", line 1766, in worker_finalize
    finalizer(q.get_nowait())
  File "/usr/local/lib/python3.7/dist-packages/manticore/ethereum/manticore.py", line 1757, in finalizer
    if only_alive_states and last_tx.result in {"REVERT", "THROW", "TXERROR"}:
AttributeError: 'NoneType' object has no attribute 'result'
2023-07-03 16:00:16,658: [11] m.c.manticore:INFO: Results in /mcore_y5ddvphq
2023-07-03 16:00:16,658: [11] m.c.manticore:WARNING: Manticore failed to run
2023-07-03 16:00:17,348: [36] m.main:INFO: Registered plugins: IntrospectionAPIPlugin, <class 'manticore.ethereum.plugins.SkipRevertBasicBlocks'>, <class 'manticore.ethereum.plugins.FilterFunctions'>
2023-07-03 16:00:17,348: [36] m.main:INFO: Beginning analysis
2023-07-03 16:00:17,350: [36] m.e.manticore:INFO: Starting symbolic create contract
2023-07-03 16:00:17,400: [36] m.e.manticore:INFO: Failed to build contract SyntaxError: Errors : Invalid solc compilation Error: Unknown pragma "abicoder"
    --> sb/Hypervisor_5.sol:2279:1:
     |
2279 | pragma abicoder v2;
     | ^^^^^^^^^^^^^^^^^^^

Error: No visibility specified. Did you intend to add "public"?
    --> sb/Hypervisor_5.sol:2398:5:
     |
2398 |     constructor(
     |     ^ (Relevant source part starts here and spans across multiple lines).

Warning: This declaration shadows an existing declaration.
    --> sb/Hypervisor_5.sol:2496:10:
     |
2496 |         (uint256 base0, uint256 base1) = _burnLiquidity(
     |          ^^^^^^^^^^^^^
Note: The shadowed declaration is here:
    --> sb/Hypervisor_5.sol:2490:9:
     |
2490 |         uint256 base0,
     |         ^^^^^^^^^^^^^

Warning: This declaration shadows an existing declaration.
    --> sb/Hypervisor_5.sol:2496:25:
     |
2496 |         (uint256 base0, uint256 base1) = _burnLiquidity(
     |                         ^^^^^^^^^^^^^
Note: The shadowed declaration is here:
    --> sb/Hypervisor_5.sol:2491:9:
     |
2491 |         uint256 base1,
     |         ^^^^^^^^^^^^^

Warning: This declaration shadows an existing declaration.
    --> sb/Hypervisor_5.sol:2503:10:
     |
2503 |         (uint256 limit0, uint256 limit1) = _burnLiquidity(
     |          ^^^^^^^^^^^^^^
Note: The shadowed declaration is here:
    --> sb/Hypervisor_5.sol:2492:9:
     |
2492 |         uint256 limit0,
     |         ^^^^^^^^^^^^^^

Warning: This declaration shadows an existing declaration.
    --> sb/Hypervisor_5.sol:2503:26:
     |
2503 |         (uint256 limit0, uint256 limit1) = _burnLiquidity(
     |                          ^^^^^^^^^^^^^^
Note: The shadowed declaration is here:
    --> sb/Hypervisor_5.sol:2493:9:
     |
2493 |         uint256 limit1
     |         ^^^^^^^^^^^^^^

Error: This type is only supported in ABIEncoderV2. Use "pragma experimental ABIEncoderV2;" to enable the feature.
    --> sb/Hypervisor_5.sol:2349:62:
     |
2349 |     function getLockAt(uint256 index) external view returns (LockData memory lockData);
     |                                                              ^^^^^^^^^^^^^^^^^^^^^^^^


. Solidity failed to generate bytecode for your contract. Check if all the abstract functions are implemented. 
Process Process-1:
Traceback (most recent call last):
  File "/usr/lib/python3.7/multiprocessing/process.py", line 297, in _bootstrap
    self.run()
  File "/usr/lib/python3.7/multiprocessing/process.py", line 99, in run
    self._target(*self._args, **self._kwargs)
  File "/usr/local/lib/python3.7/dist-packages/manticore/ethereum/manticore.py", line 1766, in worker_finalize
    finalizer(q.get_nowait())
  File "/usr/local/lib/python3.7/dist-packages/manticore/ethereum/manticore.py", line 1757, in finalizer
    if only_alive_states and last_tx.result in {"REVERT", "THROW", "TXERROR"}:
AttributeError: 'NoneType' object has no attribute 'result'
2023-07-03 16:00:17,476: [36] m.c.manticore:INFO: Results in /mcore_rjvenur3
2023-07-03 16:00:17,476: [36] m.c.manticore:WARNING: Manticore failed to run
2023-07-03 16:00:18,123: [61] m.main:INFO: Registered plugins: IntrospectionAPIPlugin, <class 'manticore.ethereum.plugins.SkipRevertBasicBlocks'>, <class 'manticore.ethereum.plugins.FilterFunctions'>
2023-07-03 16:00:18,123: [61] m.main:INFO: Beginning analysis
2023-07-03 16:00:18,125: [61] m.e.manticore:INFO: Starting symbolic create contract
2023-07-03 16:00:18,175: [61] m.e.manticore:INFO: Failed to build contract Unknown Errors : Invalid solc compilation Error: Unknown pragma "abicoder"
    --> sb/Hypervisor_5.sol:2279:1:
     |
2279 | pragma abicoder v2;
     | ^^^^^^^^^^^^^^^^^^^

Error: No visibility specified. Did you intend to add "public"?
    --> sb/Hypervisor_5.sol:2398:5:
     |
2398 |     constructor(
     |     ^ (Relevant source part starts here and spans across multiple lines).

Warning: This declaration shadows an existing declaration.
    --> sb/Hypervisor_5.sol:2496:10:
     |
2496 |         (uint256 base0, uint256 base1) = _burnLiquidity(
     |          ^^^^^^^^^^^^^
Note: The shadowed declaration is here:
    --> sb/Hypervisor_5.sol:2490:9:
     |
2490 |         uint256 base0,
     |         ^^^^^^^^^^^^^

Warning: This declaration shadows an existing declaration.
    --> sb/Hypervisor_5.sol:2496:25:
     |
2496 |         (uint256 base0, uint256 base1) = _burnLiquidity(
     |                         ^^^^^^^^^^^^^
Note: The shadowed declaration is here:
    --> sb/Hypervisor_5.sol:2491:9:
     |
2491 |         uint256 base1,
     |         ^^^^^^^^^^^^^

Warning: This declaration shadows an existing declaration.
    --> sb/Hypervisor_5.sol:2503:10:
     |
2503 |         (uint256 limit0, uint256 limit1) = _burnLiquidity(
     |          ^^^^^^^^^^^^^^
Note: The shadowed declaration is here:
    --> sb/Hypervisor_5.sol:2492:9:
     |
2492 |         uint256 limit0,
     |         ^^^^^^^^^^^^^^

Warning: This declaration shadows an existing declaration.
    --> sb/Hypervisor_5.sol:2503:26:
     |
2503 |         (uint256 limit0, uint256 limit1) = _burnLiquidity(
     |                          ^^^^^^^^^^^^^^
Note: The shadowed declaration is here:
    --> sb/Hypervisor_5.sol:2493:9:
     |
2493 |         uint256 limit1
     |         ^^^^^^^^^^^^^^

Error: This type is only supported in ABIEncoderV2. Use "pragma experimental ABIEncoderV2;" to enable the feature.
    --> sb/Hypervisor_5.sol:2349:62:
     |
2349 |     function getLockAt(uint256 index) external view returns (LockData memory lockData);
     |                                                              ^^^^^^^^^^^^^^^^^^^^^^^^


. Solidity failed to generate bytecode for your contract. Check if all the abstract functions are implemented. 
Process Process-1:
Traceback (most recent call last):
  File "/usr/lib/python3.7/multiprocessing/process.py", line 297, in _bootstrap
    self.run()
  File "/usr/lib/python3.7/multiprocessing/process.py", line 99, in run
    self._target(*self._args, **self._kwargs)
  File "/usr/local/lib/python3.7/dist-packages/manticore/ethereum/manticore.py", line 1766, in worker_finalize
    finalizer(q.get_nowait())
  File "/usr/local/lib/python3.7/dist-packages/manticore/ethereum/manticore.py", line 1757, in finalizer
    if only_alive_states and last_tx.result in {"REVERT", "THROW", "TXERROR"}:
AttributeError: 'NoneType' object has no attribute 'result'
2023-07-03 16:00:18,263: [61] m.c.manticore:INFO: Results in /mcore_mi0_xi40
2023-07-03 16:00:18,263: [61] m.c.manticore:WARNING: Manticore failed to run
2023-07-03 16:00:18,983: [86] m.main:INFO: Registered plugins: IntrospectionAPIPlugin, <class 'manticore.ethereum.plugins.SkipRevertBasicBlocks'>, <class 'manticore.ethereum.plugins.FilterFunctions'>
2023-07-03 16:00:18,984: [86] m.main:INFO: Beginning analysis
2023-07-03 16:00:18,987: [86] m.e.manticore:INFO: Starting symbolic create contract
2023-07-03 16:00:19,067: [86] m.e.manticore:INFO: Failed to build contract pragma Errors : Invalid solc compilation Error: Unknown pragma "abicoder"
    --> sb/Hypervisor_5.sol:2279:1:
     |
2279 | pragma abicoder v2;
     | ^^^^^^^^^^^^^^^^^^^

Error: No visibility specified. Did you intend to add "public"?
    --> sb/Hypervisor_5.sol:2398:5:
     |
2398 |     constructor(
     |     ^ (Relevant source part starts here and spans across multiple lines).

Warning: This declaration shadows an existing declaration.
    --> sb/Hypervisor_5.sol:2496:10:
     |
2496 |         (uint256 base0, uint256 base1) = _burnLiquidity(
     |          ^^^^^^^^^^^^^
Note: The shadowed declaration is here:
    --> sb/Hypervisor_5.sol:2490:9:
     |
2490 |         uint256 base0,
     |         ^^^^^^^^^^^^^

Warning: This declaration shadows an existing declaration.
    --> sb/Hypervisor_5.sol:2496:25:
     |
2496 |         (uint256 base0, uint256 base1) = _burnLiquidity(
     |                         ^^^^^^^^^^^^^
Note: The shadowed declaration is here:
    --> sb/Hypervisor_5.sol:2491:9:
     |
2491 |         uint256 base1,
     |         ^^^^^^^^^^^^^

Warning: This declaration shadows an existing declaration.
    --> sb/Hypervisor_5.sol:2503:10:
     |
2503 |         (uint256 limit0, uint256 limit1) = _burnLiquidity(
     |          ^^^^^^^^^^^^^^
Note: The shadowed declaration is here:
    --> sb/Hypervisor_5.sol:2492:9:
     |
2492 |         uint256 limit0,
     |         ^^^^^^^^^^^^^^

Warning: This declaration shadows an existing declaration.
    --> sb/Hypervisor_5.sol:2503:26:
     |
2503 |         (uint256 limit0, uint256 limit1) = _burnLiquidity(
     |                          ^^^^^^^^^^^^^^
Note: The shadowed declaration is here:
    --> sb/Hypervisor_5.sol:2493:9:
     |
2493 |         uint256 limit1
     |         ^^^^^^^^^^^^^^

Error: This type is only supported in ABIEncoderV2. Use "pragma experimental ABIEncoderV2;" to enable the feature.
    --> sb/Hypervisor_5.sol:2349:62:
     |
2349 |     function getLockAt(uint256 index) external view returns (LockData memory lockData);
     |                                                              ^^^^^^^^^^^^^^^^^^^^^^^^


. Solidity failed to generate bytecode for your contract. Check if all the abstract functions are implemented. 
Process Process-1:
Traceback (most recent call last):
  File "/usr/lib/python3.7/multiprocessing/process.py", line 297, in _bootstrap
    self.run()
  File "/usr/lib/python3.7/multiprocessing/process.py", line 99, in run
    self._target(*self._args, **self._kwargs)
  File "/usr/local/lib/python3.7/dist-packages/manticore/ethereum/manticore.py", line 1766, in worker_finalize
    finalizer(q.get_nowait())
  File "/usr/local/lib/python3.7/dist-packages/manticore/ethereum/manticore.py", line 1757, in finalizer
    if only_alive_states and last_tx.result in {"REVERT", "THROW", "TXERROR"}:
AttributeError: 'NoneType' object has no attribute 'result'
2023-07-03 16:00:19,144: [86] m.c.manticore:INFO: Results in /mcore_xaqc01di
2023-07-03 16:00:19,145: [86] m.c.manticore:WARNING: Manticore failed to run
2023-07-03 16:00:19,833: [111] m.main:INFO: Registered plugins: IntrospectionAPIPlugin, <class 'manticore.ethereum.plugins.SkipRevertBasicBlocks'>, <class 'manticore.ethereum.plugins.FilterFunctions'>
2023-07-03 16:00:19,834: [111] m.main:INFO: Beginning analysis
2023-07-03 16:00:19,836: [111] m.e.manticore:INFO: Starting symbolic create contract
2023-07-03 16:00:19,894: [111] m.e.manticore:INFO: Failed to build contract "abicoder" Errors : Invalid solc compilation Error: Unknown pragma "abicoder"
    --> sb/Hypervisor_5.sol:2279:1:
     |
2279 | pragma abicoder v2;
     | ^^^^^^^^^^^^^^^^^^^

Error: No visibility specified. Did you intend to add "public"?
    --> sb/Hypervisor_5.sol:2398:5:
     |
2398 |     constructor(
     |     ^ (Relevant source part starts here and spans across multiple lines).

Warning: This declaration shadows an existing declaration.
    --> sb/Hypervisor_5.sol:2496:10:
     |
2496 |         (uint256 base0, uint256 base1) = _burnLiquidity(
     |          ^^^^^^^^^^^^^
Note: The shadowed declaration is here:
    --> sb/Hypervisor_5.sol:2490:9:
     |
2490 |         uint256 base0,
     |         ^^^^^^^^^^^^^

Warning: This declaration shadows an existing declaration.
    --> sb/Hypervisor_5.sol:2496:25:
     |
2496 |         (uint256 base0, uint256 base1) = _burnLiquidity(
     |                         ^^^^^^^^^^^^^
Note: The shadowed declaration is here:
    --> sb/Hypervisor_5.sol:2491:9:
     |
2491 |         uint256 base1,
     |         ^^^^^^^^^^^^^

Warning: This declaration shadows an existing declaration.
    --> sb/Hypervisor_5.sol:2503:10:
     |
2503 |         (uint256 limit0, uint256 limit1) = _burnLiquidity(
     |          ^^^^^^^^^^^^^^
Note: The shadowed declaration is here:
    --> sb/Hypervisor_5.sol:2492:9:
     |
2492 |         uint256 limit0,
     |         ^^^^^^^^^^^^^^

Warning: This declaration shadows an existing declaration.
    --> sb/Hypervisor_5.sol:2503:26:
     |
2503 |         (uint256 limit0, uint256 limit1) = _burnLiquidity(
     |                          ^^^^^^^^^^^^^^
Note: The shadowed declaration is here:
    --> sb/Hypervisor_5.sol:2493:9:
     |
2493 |         uint256 limit1
     |         ^^^^^^^^^^^^^^

Error: This type is only supported in ABIEncoderV2. Use "pragma experimental ABIEncoderV2;" to enable the feature.
    --> sb/Hypervisor_5.sol:2349:62:
     |
2349 |     function getLockAt(uint256 index) external view returns (LockData memory lockData);
     |                                                              ^^^^^^^^^^^^^^^^^^^^^^^^


. Solidity failed to generate bytecode for your contract. Check if all the abstract functions are implemented. 
Process Process-1:
Traceback (most recent call last):
  File "/usr/lib/python3.7/multiprocessing/process.py", line 297, in _bootstrap
    self.run()
  File "/usr/lib/python3.7/multiprocessing/process.py", line 99, in run
    self._target(*self._args, **self._kwargs)
  File "/usr/local/lib/python3.7/dist-packages/manticore/ethereum/manticore.py", line 1766, in worker_finalize
    finalizer(q.get_nowait())
  File "/usr/local/lib/python3.7/dist-packages/manticore/ethereum/manticore.py", line 1757, in finalizer
    if only_alive_states and last_tx.result in {"REVERT", "THROW", "TXERROR"}:
AttributeError: 'NoneType' object has no attribute 'result'
2023-07-03 16:00:19,962: [111] m.c.manticore:INFO: Results in /mcore_gwshnndy
2023-07-03 16:00:19,963: [111] m.c.manticore:WARNING: Manticore failed to run
2023-07-03 16:00:20,620: [136] m.main:INFO: Registered plugins: IntrospectionAPIPlugin, <class 'manticore.ethereum.plugins.SkipRevertBasicBlocks'>, <class 'manticore.ethereum.plugins.FilterFunctions'>
2023-07-03 16:00:20,621: [136] m.main:INFO: Beginning analysis
2023-07-03 16:00:20,623: [136] m.e.manticore:INFO: Starting symbolic create contract
2023-07-03 16:00:20,669: [136] m.e.manticore:INFO: Failed to build contract pragma Errors : Invalid solc compilation Error: Unknown pragma "abicoder"
    --> sb/Hypervisor_5.sol:2279:1:
     |
2279 | pragma abicoder v2;
     | ^^^^^^^^^^^^^^^^^^^

Error: No visibility specified. Did you intend to add "public"?
    --> sb/Hypervisor_5.sol:2398:5:
     |
2398 |     constructor(
     |     ^ (Relevant source part starts here and spans across multiple lines).

Warning: This declaration shadows an existing declaration.
    --> sb/Hypervisor_5.sol:2496:10:
     |
2496 |         (uint256 base0, uint256 base1) = _burnLiquidity(
     |          ^^^^^^^^^^^^^
Note: The shadowed declaration is here:
    --> sb/Hypervisor_5.sol:2490:9:
     |
2490 |         uint256 base0,
     |         ^^^^^^^^^^^^^

Warning: This declaration shadows an existing declaration.
    --> sb/Hypervisor_5.sol:2496:25:
     |
2496 |         (uint256 base0, uint256 base1) = _burnLiquidity(
     |                         ^^^^^^^^^^^^^
Note: The shadowed declaration is here:
    --> sb/Hypervisor_5.sol:2491:9:
     |
2491 |         uint256 base1,
     |         ^^^^^^^^^^^^^

Warning: This declaration shadows an existing declaration.
    --> sb/Hypervisor_5.sol:2503:10:
     |
2503 |         (uint256 limit0, uint256 limit1) = _burnLiquidity(
     |          ^^^^^^^^^^^^^^
Note: The shadowed declaration is here:
    --> sb/Hypervisor_5.sol:2492:9:
     |
2492 |         uint256 limit0,
     |         ^^^^^^^^^^^^^^

Warning: This declaration shadows an existing declaration.
    --> sb/Hypervisor_5.sol:2503:26:
     |
2503 |         (uint256 limit0, uint256 limit1) = _burnLiquidity(
     |                          ^^^^^^^^^^^^^^
Note: The shadowed declaration is here:
    --> sb/Hypervisor_5.sol:2493:9:
     |
2493 |         uint256 limit1
     |         ^^^^^^^^^^^^^^

Error: This type is only supported in ABIEncoderV2. Use "pragma experimental ABIEncoderV2;" to enable the feature.
    --> sb/Hypervisor_5.sol:2349:62:
     |
2349 |     function getLockAt(uint256 index) external view returns (LockData memory lockData);
     |                                                              ^^^^^^^^^^^^^^^^^^^^^^^^


. Solidity failed to generate bytecode for your contract. Check if all the abstract functions are implemented. 
Process Process-1:
Traceback (most recent call last):
  File "/usr/lib/python3.7/multiprocessing/process.py", line 297, in _bootstrap
    self.run()
  File "/usr/lib/python3.7/multiprocessing/process.py", line 99, in run
    self._target(*self._args, **self._kwargs)
  File "/usr/local/lib/python3.7/dist-packages/manticore/ethereum/manticore.py", line 1766, in worker_finalize
    finalizer(q.get_nowait())
  File "/usr/local/lib/python3.7/dist-packages/manticore/ethereum/manticore.py", line 1757, in finalizer
    if only_alive_states and last_tx.result in {"REVERT", "THROW", "TXERROR"}:
AttributeError: 'NoneType' object has no attribute 'result'
2023-07-03 16:00:20,752: [136] m.c.manticore:INFO: Results in /mcore_pbpi18g2
2023-07-03 16:00:20,752: [136] m.c.manticore:WARNING: Manticore failed to run
2023-07-03 16:00:21,503: [161] m.main:INFO: Registered plugins: IntrospectionAPIPlugin, <class 'manticore.ethereum.plugins.SkipRevertBasicBlocks'>, <class 'manticore.ethereum.plugins.FilterFunctions'>
2023-07-03 16:00:21,503: [161] m.main:INFO: Beginning analysis
2023-07-03 16:00:21,506: [161] m.e.manticore:INFO: Starting symbolic create contract
2023-07-03 16:00:21,568: [161] m.e.manticore:INFO: Failed to build contract abicoder Errors : Invalid solc compilation Error: Unknown pragma "abicoder"
    --> sb/Hypervisor_5.sol:2279:1:
     |
2279 | pragma abicoder v2;
     | ^^^^^^^^^^^^^^^^^^^

Error: No visibility specified. Did you intend to add "public"?
    --> sb/Hypervisor_5.sol:2398:5:
     |
2398 |     constructor(
     |     ^ (Relevant source part starts here and spans across multiple lines).

Warning: This declaration shadows an existing declaration.
    --> sb/Hypervisor_5.sol:2496:10:
     |
2496 |         (uint256 base0, uint256 base1) = _burnLiquidity(
     |          ^^^^^^^^^^^^^
Note: The shadowed declaration is here:
    --> sb/Hypervisor_5.sol:2490:9:
     |
2490 |         uint256 base0,
     |         ^^^^^^^^^^^^^

Warning: This declaration shadows an existing declaration.
    --> sb/Hypervisor_5.sol:2496:25:
     |
2496 |         (uint256 base0, uint256 base1) = _burnLiquidity(
     |                         ^^^^^^^^^^^^^
Note: The shadowed declaration is here:
    --> sb/Hypervisor_5.sol:2491:9:
     |
2491 |         uint256 base1,
     |         ^^^^^^^^^^^^^

Warning: This declaration shadows an existing declaration.
    --> sb/Hypervisor_5.sol:2503:10:
     |
2503 |         (uint256 limit0, uint256 limit1) = _burnLiquidity(
     |          ^^^^^^^^^^^^^^
Note: The shadowed declaration is here:
    --> sb/Hypervisor_5.sol:2492:9:
     |
2492 |         uint256 limit0,
     |         ^^^^^^^^^^^^^^

Warning: This declaration shadows an existing declaration.
    --> sb/Hypervisor_5.sol:2503:26:
     |
2503 |         (uint256 limit0, uint256 limit1) = _burnLiquidity(
     |                          ^^^^^^^^^^^^^^
Note: The shadowed declaration is here:
    --> sb/Hypervisor_5.sol:2493:9:
     |
2493 |         uint256 limit1
     |         ^^^^^^^^^^^^^^

Error: This type is only supported in ABIEncoderV2. Use "pragma experimental ABIEncoderV2;" to enable the feature.
    --> sb/Hypervisor_5.sol:2349:62:
     |
2349 |     function getLockAt(uint256 index) external view returns (LockData memory lockData);
     |                                                              ^^^^^^^^^^^^^^^^^^^^^^^^


. Solidity failed to generate bytecode for your contract. Check if all the abstract functions are implemented. 
Process Process-1:
Traceback (most recent call last):
  File "/usr/lib/python3.7/multiprocessing/process.py", line 297, in _bootstrap
    self.run()
  File "/usr/lib/python3.7/multiprocessing/process.py", line 99, in run
    self._target(*self._args, **self._kwargs)
  File "/usr/local/lib/python3.7/dist-packages/manticore/ethereum/manticore.py", line 1766, in worker_finalize
    finalizer(q.get_nowait())
  File "/usr/local/lib/python3.7/dist-packages/manticore/ethereum/manticore.py", line 1757, in finalizer
    if only_alive_states and last_tx.result in {"REVERT", "THROW", "TXERROR"}:
AttributeError: 'NoneType' object has no attribute 'result'
2023-07-03 16:00:21,643: [161] m.c.manticore:INFO: Results in /mcore_r4r56gye
2023-07-03 16:00:21,643: [161] m.c.manticore:WARNING: Manticore failed to run
2023-07-03 16:00:22,273: [186] m.main:INFO: Registered plugins: IntrospectionAPIPlugin, <class 'manticore.ethereum.plugins.SkipRevertBasicBlocks'>, <class 'manticore.ethereum.plugins.FilterFunctions'>
2023-07-03 16:00:22,273: [186] m.main:INFO: Beginning analysis
2023-07-03 16:00:22,275: [186] m.e.manticore:INFO: Starting symbolic create contract
2023-07-03 16:00:22,321: [186] m.e.manticore:INFO: Failed to build contract v2; Errors : Invalid solc compilation Error: Unknown pragma "abicoder"
    --> sb/Hypervisor_5.sol:2279:1:
     |
2279 | pragma abicoder v2;
     | ^^^^^^^^^^^^^^^^^^^

Error: No visibility specified. Did you intend to add "public"?
    --> sb/Hypervisor_5.sol:2398:5:
     |
2398 |     constructor(
     |     ^ (Relevant source part starts here and spans across multiple lines).

Warning: This declaration shadows an existing declaration.
    --> sb/Hypervisor_5.sol:2496:10:
     |
2496 |         (uint256 base0, uint256 base1) = _burnLiquidity(
     |          ^^^^^^^^^^^^^
Note: The shadowed declaration is here:
    --> sb/Hypervisor_5.sol:2490:9:
     |
2490 |         uint256 base0,
     |         ^^^^^^^^^^^^^

Warning: This declaration shadows an existing declaration.
    --> sb/Hypervisor_5.sol:2496:25:
     |
2496 |         (uint256 base0, uint256 base1) = _burnLiquidity(
     |                         ^^^^^^^^^^^^^
Note: The shadowed declaration is here:
    --> sb/Hypervisor_5.sol:2491:9:
     |
2491 |         uint256 base1,
     |         ^^^^^^^^^^^^^

Warning: This declaration shadows an existing declaration.
    --> sb/Hypervisor_5.sol:2503:10:
     |
2503 |         (uint256 limit0, uint256 limit1) = _burnLiquidity(
     |          ^^^^^^^^^^^^^^
Note: The shadowed declaration is here:
    --> sb/Hypervisor_5.sol:2492:9:
     |
2492 |         uint256 limit0,
     |         ^^^^^^^^^^^^^^

Warning: This declaration shadows an existing declaration.
    --> sb/Hypervisor_5.sol:2503:26:
     |
2503 |         (uint256 limit0, uint256 limit1) = _burnLiquidity(
     |                          ^^^^^^^^^^^^^^
Note: The shadowed declaration is here:
    --> sb/Hypervisor_5.sol:2493:9:
     |
2493 |         uint256 limit1
     |         ^^^^^^^^^^^^^^

Error: This type is only supported in ABIEncoderV2. Use "pragma experimental ABIEncoderV2;" to enable the feature.
    --> sb/Hypervisor_5.sol:2349:62:
     |
2349 |     function getLockAt(uint256 index) external view returns (LockData memory lockData);
     |                                                              ^^^^^^^^^^^^^^^^^^^^^^^^


. Solidity failed to generate bytecode for your contract. Check if all the abstract functions are implemented. 
Process Process-1:
Traceback (most recent call last):
  File "/usr/lib/python3.7/multiprocessing/process.py", line 297, in _bootstrap
    self.run()
  File "/usr/lib/python3.7/multiprocessing/process.py", line 99, in run
    self._target(*self._args, **self._kwargs)
  File "/usr/local/lib/python3.7/dist-packages/manticore/ethereum/manticore.py", line 1766, in worker_finalize
    finalizer(q.get_nowait())
  File "/usr/local/lib/python3.7/dist-packages/manticore/ethereum/manticore.py", line 1757, in finalizer
    if only_alive_states and last_tx.result in {"REVERT", "THROW", "TXERROR"}:
AttributeError: 'NoneType' object has no attribute 'result'
2023-07-03 16:00:22,411: [186] m.c.manticore:INFO: Results in /mcore_pmsmkryv
2023-07-03 16:00:22,412: [186] m.c.manticore:WARNING: Manticore failed to run
2023-07-03 16:00:23,025: [211] m.main:INFO: Registered plugins: IntrospectionAPIPlugin, <class 'manticore.ethereum.plugins.SkipRevertBasicBlocks'>, <class 'manticore.ethereum.plugins.FilterFunctions'>
2023-07-03 16:00:23,025: [211] m.main:INFO: Beginning analysis
2023-07-03 16:00:23,027: [211] m.e.manticore:INFO: Starting symbolic create contract
2023-07-03 16:00:23,079: [211] m.e.manticore:INFO: Failed to build contract ^-----------------^ Errors : Invalid solc compilation Error: Unknown pragma "abicoder"
    --> sb/Hypervisor_5.sol:2279:1:
     |
2279 | pragma abicoder v2;
     | ^^^^^^^^^^^^^^^^^^^

Error: No visibility specified. Did you intend to add "public"?
    --> sb/Hypervisor_5.sol:2398:5:
     |
2398 |     constructor(
     |     ^ (Relevant source part starts here and spans across multiple lines).

Warning: This declaration shadows an existing declaration.
    --> sb/Hypervisor_5.sol:2496:10:
     |
2496 |         (uint256 base0, uint256 base1) = _burnLiquidity(
     |          ^^^^^^^^^^^^^
Note: The shadowed declaration is here:
    --> sb/Hypervisor_5.sol:2490:9:
     |
2490 |         uint256 base0,
     |         ^^^^^^^^^^^^^

Warning: This declaration shadows an existing declaration.
    --> sb/Hypervisor_5.sol:2496:25:
     |
2496 |         (uint256 base0, uint256 base1) = _burnLiquidity(
     |                         ^^^^^^^^^^^^^
Note: The shadowed declaration is here:
    --> sb/Hypervisor_5.sol:2491:9:
     |
2491 |         uint256 base1,
     |         ^^^^^^^^^^^^^

Warning: This declaration shadows an existing declaration.
    --> sb/Hypervisor_5.sol:2503:10:
     |
2503 |         (uint256 limit0, uint256 limit1) = _burnLiquidity(
     |          ^^^^^^^^^^^^^^
Note: The shadowed declaration is here:
    --> sb/Hypervisor_5.sol:2492:9:
     |
2492 |         uint256 limit0,
     |         ^^^^^^^^^^^^^^

Warning: This declaration shadows an existing declaration.
    --> sb/Hypervisor_5.sol:2503:26:
     |
2503 |         (uint256 limit0, uint256 limit1) = _burnLiquidity(
     |                          ^^^^^^^^^^^^^^
Note: The shadowed declaration is here:
    --> sb/Hypervisor_5.sol:2493:9:
     |
2493 |         uint256 limit1
     |         ^^^^^^^^^^^^^^

Error: This type is only supported in ABIEncoderV2. Use "pragma experimental ABIEncoderV2;" to enable the feature.
    --> sb/Hypervisor_5.sol:2349:62:
     |
2349 |     function getLockAt(uint256 index) external view returns (LockData memory lockData);
     |                                                              ^^^^^^^^^^^^^^^^^^^^^^^^


. Solidity failed to generate bytecode for your contract. Check if all the abstract functions are implemented. 
Process Process-1:
Traceback (most recent call last):
  File "/usr/lib/python3.7/multiprocessing/process.py", line 297, in _bootstrap
    self.run()
  File "/usr/lib/python3.7/multiprocessing/process.py", line 99, in run
    self._target(*self._args, **self._kwargs)
  File "/usr/local/lib/python3.7/dist-packages/manticore/ethereum/manticore.py", line 1766, in worker_finalize
    finalizer(q.get_nowait())
  File "/usr/local/lib/python3.7/dist-packages/manticore/ethereum/manticore.py", line 1757, in finalizer
    if only_alive_states and last_tx.result in {"REVERT", "THROW", "TXERROR"}:
AttributeError: 'NoneType' object has no attribute 'result'
2023-07-03 16:00:23,151: [211] m.c.manticore:INFO: Results in /mcore_xwt553om
2023-07-03 16:00:23,151: [211] m.c.manticore:WARNING: Manticore failed to run
