2023-07-03 16:39:57,579: [11] m.main:INFO: Registered plugins: IntrospectionAPIPlugin, <class 'manticore.ethereum.plugins.SkipRevertBasicBlocks'>, <class 'manticore.ethereum.plugins.FilterFunctions'>
2023-07-03 16:39:57,579: [11] m.main:INFO: Beginning analysis
2023-07-03 16:39:57,583: [11] m.e.manticore:INFO: Starting symbolic create contract
2023-07-03 16:39:59,384: [11] m.e.manticore:INFO: Starting symbolic transaction: 0
2023-07-03 16:39:59,537: [11] m.e.manticore:INFO: 0 alive states, 1 terminated states
2023-07-03 16:39:59,601: [11] m.e.manticore:INFO: Starting symbolic transaction: 1
2023-07-03 16:39:59,851: [11] m.c.manticore:INFO: Results in /mcore_1e3v4ip7
2023-07-03 16:39:59,852: [11] m.c.manticore:INFO: Total time: 0.4638967514038086
2023-07-03 16:40:00,604: [70] m.main:INFO: Registered plugins: IntrospectionAPIPlugin, <class 'manticore.ethereum.plugins.SkipRevertBasicBlocks'>, <class 'manticore.ethereum.plugins.FilterFunctions'>
2023-07-03 16:40:00,605: [70] m.main:INFO: Beginning analysis
2023-07-03 16:40:00,608: [70] m.e.manticore:INFO: Starting symbolic create contract
2023-07-03 16:40:02,515: [70] m.e.manticore:INFO: Starting symbolic transaction: 0
2023-07-03 16:40:02,652: [70] m.e.manticore:INFO: 0 alive states, 1 terminated states
2023-07-03 16:40:02,714: [70] m.e.manticore:INFO: Starting symbolic transaction: 1
2023-07-03 16:40:02,981: [70] m.c.manticore:INFO: Results in /mcore_iat1t71k
2023-07-03 16:40:02,982: [70] m.c.manticore:INFO: Total time: 0.46272826194763184
2023-07-03 16:40:03,806: [129] m.main:INFO: Registered plugins: IntrospectionAPIPlugin, <class 'manticore.ethereum.plugins.SkipRevertBasicBlocks'>, <class 'manticore.ethereum.plugins.FilterFunctions'>
2023-07-03 16:40:03,806: [129] m.main:INFO: Beginning analysis
2023-07-03 16:40:03,809: [129] m.e.manticore:INFO: Starting symbolic create contract
2023-07-03 16:40:06,381: [129] m.e.manticore:INFO: Starting symbolic transaction: 0
2023-07-03 16:40:12,957: [129] m.e.manticore:INFO: 0 alive states, 3 terminated states
2023-07-03 16:40:13,306: [129] m.c.manticore:INFO: Results in /mcore_phrw9l0w
2023-07-03 16:40:13,307: [129] m.c.manticore:INFO: Total time: 6.90836238861084
2023-07-03 16:40:14,180: [200] m.main:INFO: Registered plugins: IntrospectionAPIPlugin, <class 'manticore.ethereum.plugins.SkipRevertBasicBlocks'>, <class 'manticore.ethereum.plugins.FilterFunctions'>
2023-07-03 16:40:14,180: [200] m.main:INFO: Beginning analysis
2023-07-03 16:40:14,184: [200] m.e.manticore:INFO: Starting symbolic create contract
