2023-07-03 16:05:22,945: [11] m.main:INFO: Registered plugins: IntrospectionAPIPlugin, <class 'manticore.ethereum.plugins.SkipRevertBasicBlocks'>, <class 'manticore.ethereum.plugins.FilterFunctions'>
2023-07-03 16:05:22,945: [11] m.main:INFO: Beginning analysis
2023-07-03 16:05:22,948: [11] m.e.manticore:INFO: Starting symbolic create contract
2023-07-03 16:05:24,462: [11] m.e.manticore:INFO: Starting symbolic transaction: 0
2023-07-03 16:05:24,592: [11] m.e.manticore:INFO: 0 alive states, 1 terminated states
2023-07-03 16:05:24,655: [11] m.e.manticore:INFO: Starting symbolic transaction: 1
2023-07-03 16:05:24,958: [11] m.c.manticore:INFO: Results in /mcore_vxioooo1
2023-07-03 16:05:24,958: [11] m.c.manticore:INFO: Total time: 0.493121862411499
2023-07-03 16:05:25,767: [70] m.main:INFO: Registered plugins: IntrospectionAPIPlugin, <class 'manticore.ethereum.plugins.SkipRevertBasicBlocks'>, <class 'manticore.ethereum.plugins.FilterFunctions'>
2023-07-03 16:05:25,767: [70] m.main:INFO: Beginning analysis
2023-07-03 16:05:25,769: [70] m.e.manticore:INFO: Starting symbolic create contract
2023-07-03 16:05:27,212: [70] m.e.manticore:INFO: Starting symbolic transaction: 0
2023-07-03 16:05:27,360: [70] m.e.manticore:INFO: 0 alive states, 1 terminated states
2023-07-03 16:05:27,401: [70] m.e.manticore:INFO: Starting symbolic transaction: 1
2023-07-03 16:05:27,623: [70] m.c.manticore:INFO: Results in /mcore_ye6vng59
2023-07-03 16:05:27,624: [70] m.c.manticore:INFO: Total time: 0.40863561630249023
2023-07-03 16:05:28,308: [129] m.main:INFO: Registered plugins: IntrospectionAPIPlugin, <class 'manticore.ethereum.plugins.SkipRevertBasicBlocks'>, <class 'manticore.ethereum.plugins.FilterFunctions'>
2023-07-03 16:05:28,308: [129] m.main:INFO: Beginning analysis
2023-07-03 16:05:28,315: [129] m.e.manticore:INFO: Starting symbolic create contract
2023-07-03 16:05:30,688: [129] m.e.manticore:INFO: Starting symbolic transaction: 0
2023-07-03 16:05:36,106: [129] m.e.manticore:INFO: 0 alive states, 3 terminated states
2023-07-03 16:05:36,386: [129] m.c.manticore:INFO: Results in /mcore_vjj43jtz
2023-07-03 16:05:36,387: [129] m.c.manticore:INFO: Total time: 5.6804986000061035
2023-07-03 16:05:37,142: [200] m.main:INFO: Registered plugins: IntrospectionAPIPlugin, <class 'manticore.ethereum.plugins.SkipRevertBasicBlocks'>, <class 'manticore.ethereum.plugins.FilterFunctions'>
2023-07-03 16:05:37,142: [200] m.main:INFO: Beginning analysis
2023-07-03 16:05:37,144: [200] m.e.manticore:INFO: Starting symbolic create contract
