2023-07-03 16:15:56,847: [11] m.main:INFO: Registered plugins: IntrospectionAPIPlugin, <class 'manticore.ethereum.plugins.SkipRevertBasicBlocks'>, <class 'manticore.ethereum.plugins.FilterFunctions'>
2023-07-03 16:15:56,848: [11] m.main:INFO: Beginning analysis
2023-07-03 16:15:56,850: [11] m.e.manticore:INFO: Starting symbolic create contract
2023-07-03 16:15:59,093: [11] m.e.manticore:INFO: Starting symbolic transaction: 0
2023-07-03 16:16:13,241: [11] m.c.worker:ERROR: Exception in state 4: ManticoreError('Forking on unfeasible constraint set')
Traceback (most recent call last):
  File "/usr/local/lib/python3.7/dist-packages/manticore/core/worker.py", line 137, in run
    current_state.execute()
  File "/usr/local/lib/python3.7/dist-packages/manticore/ethereum/state.py", line 8, in execute
    return self._platform.execute()
  File "/usr/local/lib/python3.7/dist-packages/manticore/platforms/evm.py", line 3106, in execute
    self.current_vm.execute()
  File "/usr/local/lib/python3.7/dist-packages/manticore/platforms/evm.py", line 1322, in execute
    raise Concretize("Symbolic PC", expression=expression, setstate=setstate, policy="ALL")
manticore.core.state.Concretize

During handling of the above exception, another exception occurred:

Traceback (most recent call last):
  File "/usr/local/lib/python3.7/dist-packages/manticore/core/worker.py", line 158, in run
    m._fork(current_state, exc.expression, exc.policy, exc.setstate, exc.values)
  File "/usr/local/lib/python3.7/dist-packages/manticore/core/manticore.py", line 518, in _fork
    raise ManticoreError("Forking on unfeasible constraint set")
manticore.exceptions.ManticoreError: Forking on unfeasible constraint set
 
2023-07-03 16:18:15,633: [11] m.e.manticore:INFO: 0 alive states, 3 terminated states
2023-07-03 16:18:16,028: [11] m.c.manticore:INFO: Results in /mcore_vb39v_0j
2023-07-03 16:18:16,028: [11] m.c.manticore:INFO: Total time: 136.8996136188507
2023-07-03 16:18:16,735: [83] m.main:INFO: Registered plugins: IntrospectionAPIPlugin, <class 'manticore.ethereum.plugins.SkipRevertBasicBlocks'>, <class 'manticore.ethereum.plugins.FilterFunctions'>
2023-07-03 16:18:16,735: [83] m.main:INFO: Beginning analysis
2023-07-03 16:18:16,738: [83] m.e.manticore:INFO: Starting symbolic create contract
