[INFO] | 2023-07-06 05:55:17 AM | analyzer.DFStore_1 | Analysis started at: 2023-07-06 05:55:17 AM
[INFO] | 2023-07-06 05:55:19 AM | analyzer.DFStore_1 | Version constraints: ['^0.5.2']
[INFO] | 2023-07-06 05:55:19 AM | analyzer.DFStore_1 | solc version: v0.5.2
[INFO] | 2023-07-06 05:55:20 AM | analyzer.DFStore_1 | Callgraph generation started!
[INFO] | 2023-07-06 05:55:20 AM | analyzer.DFStore_1 | Callgraph generation finished!
[INFO] | 2023-07-06 05:55:20 AM | analyzer.DFStore_1 | Interprocedural CFG generation started!
[INFO] | 2023-07-06 05:55:20 AM | analyzer.DFStore_1 | Interprocedural CFG generation finished!
[INFO] | 2023-07-06 05:55:20 AM | analyzer.DFStore_1 | Storage dependency graph generation started!
[INFO] | 2023-07-06 05:55:20 AM | analyzer.DFStore_1 | Storage dependency graph generation finished!
[INFO] | 2023-07-06 05:55:20 AM | analyzer.DFStore_1 | Value Range Analysis started
[INFO] | 2023-07-06 05:55:20 AM | analyzer.DFStore_1 | Generating return summary for slitherConstructorConstantVariables
[INFO] | 2023-07-06 05:55:20 AM | analyzer.DFStore_1 | Return summary generated for slitherConstructorConstantVariables
[INFO] | 2023-07-06 05:55:20 AM | analyzer.DFStore_1 | Range graph generated
[INFO] | 2023-07-06 05:55:20 AM | analyzer.DFStore_1 | Processed function slitherConstructorConstantVariables
[INFO] | 2023-07-06 05:55:20 AM | analyzer.DFStore_1 | Generating return summary for slitherConstructorConstantVariables
[INFO] | 2023-07-06 05:55:20 AM | analyzer.DFStore_1 | Return summary generated for slitherConstructorConstantVariables
[INFO] | 2023-07-06 05:55:20 AM | analyzer.DFStore_1 | Range graph generated
[INFO] | 2023-07-06 05:55:20 AM | analyzer.DFStore_1 | Processed function slitherConstructorConstantVariables
[INFO] | 2023-07-06 05:55:20 AM | analyzer.DFStore_1 | Generating return summary for canCall
[INFO] | 2023-07-06 05:55:20 AM | analyzer.DFStore_1 | Return summary generated for canCall
[INFO] | 2023-07-06 05:55:20 AM | analyzer.DFStore_1 | State variable assignement do not exist
[INFO] | 2023-07-06 05:55:20 AM | analyzer.DFStore_1 | Processed function canCall
[INFO] | 2023-07-06 05:55:20 AM | analyzer.DFStore_1 | Generating return summary for constructor
[INFO] | 2023-07-06 05:55:20 AM | analyzer.DFStore_1 | Return summary generated for constructor
[INFO] | 2023-07-06 05:55:20 AM | analyzer.DFStore_1 | Range graph generated
[INFO] | 2023-07-06 05:55:20 AM | analyzer.DFStore_1 | Processed function constructor
[INFO] | 2023-07-06 05:55:20 AM | analyzer.DFStore_1 | Generating return summary for acceptOwnership
[INFO] | 2023-07-06 05:55:20 AM | analyzer.DFStore_1 | Return summary generated for acceptOwnership
[INFO] | 2023-07-06 05:55:20 AM | analyzer.DFStore_1 | Range graph generated
[INFO] | 2023-07-06 05:55:20 AM | analyzer.DFStore_1 | Processed function acceptOwnership
[INFO] | 2023-07-06 05:55:20 AM | analyzer.DFStore_1 | Generating return summary for isOwner
[INFO] | 2023-07-06 05:55:20 AM | analyzer.DFStore_1 | Return summary generated for isOwner
[INFO] | 2023-07-06 05:55:20 AM | analyzer.DFStore_1 | State variable assignement do not exist
[INFO] | 2023-07-06 05:55:20 AM | analyzer.DFStore_1 | Processed function isOwner
[INFO] | 2023-07-06 05:55:20 AM | analyzer.DFStore_1 | Generating return summary for onlyOwner
[INFO] | 2023-07-06 05:55:20 AM | analyzer.DFStore_1 | Return summary generated for onlyOwner
[INFO] | 2023-07-06 05:55:20 AM | analyzer.DFStore_1 | State variable assignement do not exist
[INFO] | 2023-07-06 05:55:20 AM | analyzer.DFStore_1 | Processed function onlyOwner
[INFO] | 2023-07-06 05:55:20 AM | analyzer.DFStore_1 | Generating return summary for add
[INFO] | 2023-07-06 05:55:20 AM | analyzer.DFStore_1 | Return summary generated for add
[INFO] | 2023-07-06 05:55:20 AM | analyzer.DFStore_1 | State variable assignement do not exist
[INFO] | 2023-07-06 05:55:20 AM | analyzer.DFStore_1 | Processed function add
[INFO] | 2023-07-06 05:55:20 AM | analyzer.DFStore_1 | Generating return summary for sub
[INFO] | 2023-07-06 05:55:20 AM | analyzer.DFStore_1 | Return summary generated for sub
[INFO] | 2023-07-06 05:55:20 AM | analyzer.DFStore_1 | State variable assignement do not exist
[INFO] | 2023-07-06 05:55:20 AM | analyzer.DFStore_1 | Processed function sub
[INFO] | 2023-07-06 05:55:20 AM | analyzer.DFStore_1 | Generating return summary for mul
[INFO] | 2023-07-06 05:55:20 AM | analyzer.DFStore_1 | Return summary generated for mul
[INFO] | 2023-07-06 05:55:20 AM | analyzer.DFStore_1 | State variable assignement do not exist
[INFO] | 2023-07-06 05:55:20 AM | analyzer.DFStore_1 | Processed function mul
[INFO] | 2023-07-06 05:55:20 AM | analyzer.DFStore_1 | Generating return summary for div
[WARNING] | 2023-07-06 05:55:20 AM | analyzer.DFStore_1 | No lvalue eligible assignment, is this some bug!
[INFO] | 2023-07-06 05:55:20 AM | analyzer.DFStore_1 | Return summary generated for div
[INFO] | 2023-07-06 05:55:20 AM | analyzer.DFStore_1 | State variable assignement do not exist
[INFO] | 2023-07-06 05:55:20 AM | analyzer.DFStore_1 | Processed function div
[INFO] | 2023-07-06 05:55:20 AM | analyzer.DFStore_1 | Generating return summary for min
[INFO] | 2023-07-06 05:55:20 AM | analyzer.DFStore_1 | Return summary generated for min
[INFO] | 2023-07-06 05:55:20 AM | analyzer.DFStore_1 | State variable assignement do not exist
[INFO] | 2023-07-06 05:55:20 AM | analyzer.DFStore_1 | Processed function min
[INFO] | 2023-07-06 05:55:20 AM | analyzer.DFStore_1 | Generating return summary for max
[INFO] | 2023-07-06 05:55:20 AM | analyzer.DFStore_1 | Return summary generated for max
[INFO] | 2023-07-06 05:55:20 AM | analyzer.DFStore_1 | State variable assignement do not exist
[INFO] | 2023-07-06 05:55:20 AM | analyzer.DFStore_1 | Processed function max
[INFO] | 2023-07-06 05:55:20 AM | analyzer.DFStore_1 | Generating return summary for balanceOf
[INFO] | 2023-07-06 05:55:20 AM | analyzer.DFStore_1 | Return summary generated for balanceOf
[INFO] | 2023-07-06 05:55:20 AM | analyzer.DFStore_1 | State variable assignement do not exist
[INFO] | 2023-07-06 05:55:20 AM | analyzer.DFStore_1 | Processed function balanceOf
[INFO] | 2023-07-06 05:55:20 AM | analyzer.DFStore_1 | Generating return summary for allowance
[INFO] | 2023-07-06 05:55:20 AM | analyzer.DFStore_1 | Return summary generated for allowance
[INFO] | 2023-07-06 05:55:20 AM | analyzer.DFStore_1 | State variable assignement do not exist
[INFO] | 2023-07-06 05:55:20 AM | analyzer.DFStore_1 | Processed function allowance
[INFO] | 2023-07-06 05:55:20 AM | analyzer.DFStore_1 | Generating return summary for transfer
[INFO] | 2023-07-06 05:55:20 AM | analyzer.DFStore_1 | Return summary generated for transfer
[INFO] | 2023-07-06 05:55:20 AM | analyzer.DFStore_1 | State variable assignement do not exist
[INFO] | 2023-07-06 05:55:20 AM | analyzer.DFStore_1 | Processed function transfer
[INFO] | 2023-07-06 05:55:20 AM | analyzer.DFStore_1 | Generating return summary for transferFrom
[INFO] | 2023-07-06 05:55:20 AM | analyzer.DFStore_1 | Return summary generated for transferFrom
[INFO] | 2023-07-06 05:55:20 AM | analyzer.DFStore_1 | State variable assignement do not exist
[INFO] | 2023-07-06 05:55:20 AM | analyzer.DFStore_1 | Processed function transferFrom
[INFO] | 2023-07-06 05:55:20 AM | analyzer.DFStore_1 | Generating return summary for approve
[INFO] | 2023-07-06 05:55:20 AM | analyzer.DFStore_1 | Return summary generated for approve
[INFO] | 2023-07-06 05:55:20 AM | analyzer.DFStore_1 | State variable assignement do not exist
[INFO] | 2023-07-06 05:55:20 AM | analyzer.DFStore_1 | Processed function approve
[INFO] | 2023-07-06 05:55:20 AM | analyzer.DFStore_1 | Generating return summary for totalSupply
[INFO] | 2023-07-06 05:55:20 AM | analyzer.DFStore_1 | Return summary generated for totalSupply
[INFO] | 2023-07-06 05:55:20 AM | analyzer.DFStore_1 | State variable assignement do not exist
[INFO] | 2023-07-06 05:55:20 AM | analyzer.DFStore_1 | Processed function totalSupply
[INFO] | 2023-07-06 05:55:20 AM | analyzer.DFStore_1 | Generating return summary for balanceOf
[INFO] | 2023-07-06 05:55:20 AM | analyzer.DFStore_1 | Return summary generated for balanceOf
[INFO] | 2023-07-06 05:55:20 AM | analyzer.DFStore_1 | State variable assignement do not exist
[INFO] | 2023-07-06 05:55:20 AM | analyzer.DFStore_1 | Processed function balanceOf
[INFO] | 2023-07-06 05:55:20 AM | analyzer.DFStore_1 | Generating return summary for allowance
[INFO] | 2023-07-06 05:55:20 AM | analyzer.DFStore_1 | Return summary generated for allowance
[INFO] | 2023-07-06 05:55:20 AM | analyzer.DFStore_1 | State variable assignement do not exist
[INFO] | 2023-07-06 05:55:20 AM | analyzer.DFStore_1 | Processed function allowance
[INFO] | 2023-07-06 05:55:20 AM | analyzer.DFStore_1 | Generating return summary for transfer
[INFO] | 2023-07-06 05:55:20 AM | analyzer.DFStore_1 | Return summary generated for transfer
[INFO] | 2023-07-06 05:55:20 AM | analyzer.DFStore_1 | State variable assignement do not exist
[INFO] | 2023-07-06 05:55:20 AM | analyzer.DFStore_1 | Processed function transfer
[INFO] | 2023-07-06 05:55:20 AM | analyzer.DFStore_1 | Generating return summary for transferFrom
[INFO] | 2023-07-06 05:55:20 AM | analyzer.DFStore_1 | Return summary generated for transferFrom
[INFO] | 2023-07-06 05:55:20 AM | analyzer.DFStore_1 | State variable assignement do not exist
[INFO] | 2023-07-06 05:55:20 AM | analyzer.DFStore_1 | Processed function transferFrom
[INFO] | 2023-07-06 05:55:20 AM | analyzer.DFStore_1 | Generating return summary for approve
[INFO] | 2023-07-06 05:55:20 AM | analyzer.DFStore_1 | Return summary generated for approve
[INFO] | 2023-07-06 05:55:20 AM | analyzer.DFStore_1 | State variable assignement do not exist
[INFO] | 2023-07-06 05:55:20 AM | analyzer.DFStore_1 | Processed function approve
[INFO] | 2023-07-06 05:55:20 AM | analyzer.DFStore_1 | Generating return summary for totalSupply
[INFO] | 2023-07-06 05:55:20 AM | analyzer.DFStore_1 | Return summary generated for totalSupply
[INFO] | 2023-07-06 05:55:20 AM | analyzer.DFStore_1 | State variable assignement do not exist
[INFO] | 2023-07-06 05:55:20 AM | analyzer.DFStore_1 | Processed function totalSupply
[INFO] | 2023-07-06 05:55:20 AM | analyzer.DFStore_1 | Generating return summary for mint
[INFO] | 2023-07-06 05:55:20 AM | analyzer.DFStore_1 | Return summary generated for mint
[INFO] | 2023-07-06 05:55:20 AM | analyzer.DFStore_1 | State variable assignement do not exist
[INFO] | 2023-07-06 05:55:20 AM | analyzer.DFStore_1 | Processed function mint
[INFO] | 2023-07-06 05:55:20 AM | analyzer.DFStore_1 | Generating return summary for burn
[INFO] | 2023-07-06 05:55:20 AM | analyzer.DFStore_1 | Return summary generated for burn
[INFO] | 2023-07-06 05:55:20 AM | analyzer.DFStore_1 | State variable assignement do not exist
[INFO] | 2023-07-06 05:55:20 AM | analyzer.DFStore_1 | Processed function burn
[INFO] | 2023-07-06 05:55:20 AM | analyzer.DFStore_1 | Generating return summary for wrap
[INFO] | 2023-07-06 05:55:20 AM | analyzer.DFStore_1 | Return summary generated for wrap
[INFO] | 2023-07-06 05:55:20 AM | analyzer.DFStore_1 | State variable assignement do not exist
[INFO] | 2023-07-06 05:55:20 AM | analyzer.DFStore_1 | Processed function wrap
[INFO] | 2023-07-06 05:55:20 AM | analyzer.DFStore_1 | Generating return summary for unwrap
[INFO] | 2023-07-06 05:55:20 AM | analyzer.DFStore_1 | Return summary generated for unwrap
[INFO] | 2023-07-06 05:55:20 AM | analyzer.DFStore_1 | State variable assignement do not exist
[INFO] | 2023-07-06 05:55:20 AM | analyzer.DFStore_1 | Processed function unwrap
[INFO] | 2023-07-06 05:55:20 AM | analyzer.DFStore_1 | Generating return summary for changeByMultiple
[INFO] | 2023-07-06 05:55:20 AM | analyzer.DFStore_1 | Return summary generated for changeByMultiple
[INFO] | 2023-07-06 05:55:20 AM | analyzer.DFStore_1 | State variable assignement do not exist
[INFO] | 2023-07-06 05:55:20 AM | analyzer.DFStore_1 | Processed function changeByMultiple
[INFO] | 2023-07-06 05:55:20 AM | analyzer.DFStore_1 | Generating return summary for reverseByMultiple
[INFO] | 2023-07-06 05:55:20 AM | analyzer.DFStore_1 | Return summary generated for reverseByMultiple
[INFO] | 2023-07-06 05:55:20 AM | analyzer.DFStore_1 | State variable assignement do not exist
[INFO] | 2023-07-06 05:55:20 AM | analyzer.DFStore_1 | Processed function reverseByMultiple
[INFO] | 2023-07-06 05:55:20 AM | analyzer.DFStore_1 | Generating return summary for getSrcERC20
[INFO] | 2023-07-06 05:55:20 AM | analyzer.DFStore_1 | Return summary generated for getSrcERC20
[INFO] | 2023-07-06 05:55:20 AM | analyzer.DFStore_1 | State variable assignement do not exist
[INFO] | 2023-07-06 05:55:20 AM | analyzer.DFStore_1 | Processed function getSrcERC20
[INFO] | 2023-07-06 05:55:20 AM | analyzer.DFStore_1 | Generating return summary for constructor
[INFO] | 2023-07-06 05:55:20 AM | analyzer.DFStore_1 | Return summary generated for constructor
[INFO] | 2023-07-06 05:55:20 AM | analyzer.DFStore_1 | Range graph generated
[INFO] | 2023-07-06 05:55:20 AM | analyzer.DFStore_1 | Processed function constructor
[INFO] | 2023-07-06 05:55:20 AM | analyzer.DFStore_1 | Generating return summary for acceptOwnership
[INFO] | 2023-07-06 05:55:20 AM | analyzer.DFStore_1 | Return summary generated for acceptOwnership
[INFO] | 2023-07-06 05:55:20 AM | analyzer.DFStore_1 | Range graph generated
[INFO] | 2023-07-06 05:55:20 AM | analyzer.DFStore_1 | Processed function acceptOwnership
[INFO] | 2023-07-06 05:55:20 AM | analyzer.DFStore_1 | Generating return summary for isOwner
[INFO] | 2023-07-06 05:55:20 AM | analyzer.DFStore_1 | Return summary generated for isOwner
[INFO] | 2023-07-06 05:55:20 AM | analyzer.DFStore_1 | State variable assignement do not exist
[INFO] | 2023-07-06 05:55:20 AM | analyzer.DFStore_1 | Processed function isOwner
[INFO] | 2023-07-06 05:55:20 AM | analyzer.DFStore_1 | Generating return summary for add
[INFO] | 2023-07-06 05:55:20 AM | analyzer.DFStore_1 | Return summary generated for add
[INFO] | 2023-07-06 05:55:20 AM | analyzer.DFStore_1 | State variable assignement do not exist
[INFO] | 2023-07-06 05:55:20 AM | analyzer.DFStore_1 | Processed function add
[INFO] | 2023-07-06 05:55:20 AM | analyzer.DFStore_1 | Generating return summary for sub
[INFO] | 2023-07-06 05:55:20 AM | analyzer.DFStore_1 | Return summary generated for sub
[INFO] | 2023-07-06 05:55:20 AM | analyzer.DFStore_1 | State variable assignement do not exist
[INFO] | 2023-07-06 05:55:20 AM | analyzer.DFStore_1 | Processed function sub
[INFO] | 2023-07-06 05:55:20 AM | analyzer.DFStore_1 | Generating return summary for mul
[INFO] | 2023-07-06 05:55:20 AM | analyzer.DFStore_1 | Return summary generated for mul
[INFO] | 2023-07-06 05:55:20 AM | analyzer.DFStore_1 | State variable assignement do not exist
[INFO] | 2023-07-06 05:55:20 AM | analyzer.DFStore_1 | Processed function mul
[INFO] | 2023-07-06 05:55:20 AM | analyzer.DFStore_1 | Generating return summary for div
[WARNING] | 2023-07-06 05:55:20 AM | analyzer.DFStore_1 | No lvalue eligible assignment, is this some bug!
[INFO] | 2023-07-06 05:55:20 AM | analyzer.DFStore_1 | Return summary generated for div
[INFO] | 2023-07-06 05:55:20 AM | analyzer.DFStore_1 | State variable assignement do not exist
[INFO] | 2023-07-06 05:55:20 AM | analyzer.DFStore_1 | Processed function div
[INFO] | 2023-07-06 05:55:20 AM | analyzer.DFStore_1 | Generating return summary for min
[INFO] | 2023-07-06 05:55:20 AM | analyzer.DFStore_1 | Return summary generated for min
[INFO] | 2023-07-06 05:55:20 AM | analyzer.DFStore_1 | State variable assignement do not exist
[INFO] | 2023-07-06 05:55:20 AM | analyzer.DFStore_1 | Processed function min
[INFO] | 2023-07-06 05:55:20 AM | analyzer.DFStore_1 | Generating return summary for max
[INFO] | 2023-07-06 05:55:20 AM | analyzer.DFStore_1 | Return summary generated for max
[INFO] | 2023-07-06 05:55:20 AM | analyzer.DFStore_1 | State variable assignement do not exist
[INFO] | 2023-07-06 05:55:20 AM | analyzer.DFStore_1 | Processed function max
[INFO] | 2023-07-06 05:55:20 AM | analyzer.DFStore_1 | Generating return summary for getSectionMinted
[INFO] | 2023-07-06 05:55:20 AM | analyzer.DFStore_1 | Return summary generated for getSectionMinted
[INFO] | 2023-07-06 05:55:20 AM | analyzer.DFStore_1 | State variable assignement do not exist
[INFO] | 2023-07-06 05:55:20 AM | analyzer.DFStore_1 | Processed function getSectionMinted
[INFO] | 2023-07-06 05:55:20 AM | analyzer.DFStore_1 | Generating return summary for getSectionBurned
[INFO] | 2023-07-06 05:55:20 AM | analyzer.DFStore_1 | Return summary generated for getSectionBurned
[INFO] | 2023-07-06 05:55:20 AM | analyzer.DFStore_1 | State variable assignement do not exist
[INFO] | 2023-07-06 05:55:20 AM | analyzer.DFStore_1 | Processed function getSectionBurned
[INFO] | 2023-07-06 05:55:20 AM | analyzer.DFStore_1 | Generating return summary for getSectionToken
[INFO] | 2023-07-06 05:55:20 AM | analyzer.DFStore_1 | Return summary generated for getSectionToken
[INFO] | 2023-07-06 05:55:20 AM | analyzer.DFStore_1 | State variable assignement do not exist
[INFO] | 2023-07-06 05:55:20 AM | analyzer.DFStore_1 | Processed function getSectionToken
[INFO] | 2023-07-06 05:55:20 AM | analyzer.DFStore_1 | Generating return summary for getSectionWeight
[INFO] | 2023-07-06 05:55:20 AM | analyzer.DFStore_1 | Return summary generated for getSectionWeight
[INFO] | 2023-07-06 05:55:20 AM | analyzer.DFStore_1 | State variable assignement do not exist
[INFO] | 2023-07-06 05:55:20 AM | analyzer.DFStore_1 | Processed function getSectionWeight
[INFO] | 2023-07-06 05:55:20 AM | analyzer.DFStore_1 | Generating return summary for getSectionData
[INFO] | 2023-07-06 05:55:20 AM | analyzer.DFStore_1 | Return summary generated for getSectionData
[INFO] | 2023-07-06 05:55:20 AM | analyzer.DFStore_1 | State variable assignement do not exist
[INFO] | 2023-07-06 05:55:20 AM | analyzer.DFStore_1 | Processed function getSectionData
[INFO] | 2023-07-06 05:55:20 AM | analyzer.DFStore_1 | Generating return summary for getBackupSectionIndex
[INFO] | 2023-07-06 05:55:20 AM | analyzer.DFStore_1 | Return summary generated for getBackupSectionIndex
[INFO] | 2023-07-06 05:55:20 AM | analyzer.DFStore_1 | State variable assignement do not exist
[INFO] | 2023-07-06 05:55:20 AM | analyzer.DFStore_1 | Processed function getBackupSectionIndex
[INFO] | 2023-07-06 05:55:20 AM | analyzer.DFStore_1 | Generating return summary for getMintingToken
[INFO] | 2023-07-06 05:55:20 AM | analyzer.DFStore_1 | Return summary generated for getMintingToken
[INFO] | 2023-07-06 05:55:20 AM | analyzer.DFStore_1 | State variable assignement do not exist
[INFO] | 2023-07-06 05:55:20 AM | analyzer.DFStore_1 | Processed function getMintingToken
[INFO] | 2023-07-06 05:55:20 AM | analyzer.DFStore_1 | Generating return summary for getMintedToken
[INFO] | 2023-07-06 05:55:20 AM | analyzer.DFStore_1 | Return summary generated for getMintedToken
[INFO] | 2023-07-06 05:55:20 AM | analyzer.DFStore_1 | State variable assignement do not exist
[INFO] | 2023-07-06 05:55:20 AM | analyzer.DFStore_1 | Processed function getMintedToken
[INFO] | 2023-07-06 05:55:20 AM | analyzer.DFStore_1 | Generating return summary for getBackupToken
[INFO] | 2023-07-06 05:55:20 AM | analyzer.DFStore_1 | Return summary generated for getBackupToken
[INFO] | 2023-07-06 05:55:20 AM | analyzer.DFStore_1 | State variable assignement do not exist
[INFO] | 2023-07-06 05:55:20 AM | analyzer.DFStore_1 | Processed function getBackupToken
[INFO] | 2023-07-06 05:55:20 AM | analyzer.DFStore_1 | Generating return summary for getMintedTokenList
[INFO] | 2023-07-06 05:55:20 AM | analyzer.DFStore_1 | Return summary generated for getMintedTokenList
[INFO] | 2023-07-06 05:55:20 AM | analyzer.DFStore_1 | State variable assignement do not exist
[INFO] | 2023-07-06 05:55:20 AM | analyzer.DFStore_1 | Processed function getMintedTokenList
[INFO] | 2023-07-06 05:55:20 AM | analyzer.DFStore_1 | Generating return summary for getMintPosition
[INFO] | 2023-07-06 05:55:20 AM | analyzer.DFStore_1 | Return summary generated for getMintPosition
[INFO] | 2023-07-06 05:55:20 AM | analyzer.DFStore_1 | State variable assignement do not exist
[INFO] | 2023-07-06 05:55:20 AM | analyzer.DFStore_1 | Processed function getMintPosition
[INFO] | 2023-07-06 05:55:20 AM | analyzer.DFStore_1 | Generating return summary for getBurnPosition
[INFO] | 2023-07-06 05:55:20 AM | analyzer.DFStore_1 | Return summary generated for getBurnPosition
[INFO] | 2023-07-06 05:55:20 AM | analyzer.DFStore_1 | State variable assignement do not exist
[INFO] | 2023-07-06 05:55:20 AM | analyzer.DFStore_1 | Processed function getBurnPosition
[INFO] | 2023-07-06 05:55:20 AM | analyzer.DFStore_1 | Generating return summary for getTotalMinted
[INFO] | 2023-07-06 05:55:20 AM | analyzer.DFStore_1 | Return summary generated for getTotalMinted
[INFO] | 2023-07-06 05:55:20 AM | analyzer.DFStore_1 | State variable assignement do not exist
[INFO] | 2023-07-06 05:55:20 AM | analyzer.DFStore_1 | Processed function getTotalMinted
[INFO] | 2023-07-06 05:55:20 AM | analyzer.DFStore_1 | Generating return summary for getTotalBurned
[INFO] | 2023-07-06 05:55:20 AM | analyzer.DFStore_1 | Return summary generated for getTotalBurned
[INFO] | 2023-07-06 05:55:20 AM | analyzer.DFStore_1 | State variable assignement do not exist
[INFO] | 2023-07-06 05:55:20 AM | analyzer.DFStore_1 | Processed function getTotalBurned
[INFO] | 2023-07-06 05:55:20 AM | analyzer.DFStore_1 | Generating return summary for getMinBurnAmount
[INFO] | 2023-07-06 05:55:20 AM | analyzer.DFStore_1 | Return summary generated for getMinBurnAmount
[INFO] | 2023-07-06 05:55:20 AM | analyzer.DFStore_1 | State variable assignement do not exist
[INFO] | 2023-07-06 05:55:20 AM | analyzer.DFStore_1 | Processed function getMinBurnAmount
[INFO] | 2023-07-06 05:55:20 AM | analyzer.DFStore_1 | Generating return summary for _setMinBurnAmount
[INFO] | 2023-07-06 05:55:20 AM | analyzer.DFStore_1 | Return summary generated for _setMinBurnAmount
[INFO] | 2023-07-06 05:55:20 AM | analyzer.DFStore_1 | Range graph generated
[INFO] | 2023-07-06 05:55:20 AM | analyzer.DFStore_1 | Processed function _setMinBurnAmount
[INFO] | 2023-07-06 05:55:20 AM | analyzer.DFStore_1 | Generating return summary for getTokenBalance
[INFO] | 2023-07-06 05:55:20 AM | analyzer.DFStore_1 | Return summary generated for getTokenBalance
[INFO] | 2023-07-06 05:55:20 AM | analyzer.DFStore_1 | State variable assignement do not exist
[INFO] | 2023-07-06 05:55:20 AM | analyzer.DFStore_1 | Processed function getTokenBalance
[INFO] | 2023-07-06 05:55:20 AM | analyzer.DFStore_1 | Generating return summary for getResUSDXBalance
[INFO] | 2023-07-06 05:55:20 AM | analyzer.DFStore_1 | Return summary generated for getResUSDXBalance
[INFO] | 2023-07-06 05:55:20 AM | analyzer.DFStore_1 | State variable assignement do not exist
[INFO] | 2023-07-06 05:55:20 AM | analyzer.DFStore_1 | Processed function getResUSDXBalance
[INFO] | 2023-07-06 05:55:20 AM | analyzer.DFStore_1 | Generating return summary for getDepositorBalance
[INFO] | 2023-07-06 05:55:20 AM | analyzer.DFStore_1 | Return summary generated for getDepositorBalance
[INFO] | 2023-07-06 05:55:20 AM | analyzer.DFStore_1 | State variable assignement do not exist
[INFO] | 2023-07-06 05:55:20 AM | analyzer.DFStore_1 | Processed function getDepositorBalance
[INFO] | 2023-07-06 05:55:20 AM | analyzer.DFStore_1 | Generating return summary for getFeeRate
[INFO] | 2023-07-06 05:55:20 AM | analyzer.DFStore_1 | Return summary generated for getFeeRate
[INFO] | 2023-07-06 05:55:20 AM | analyzer.DFStore_1 | State variable assignement do not exist
[INFO] | 2023-07-06 05:55:20 AM | analyzer.DFStore_1 | Processed function getFeeRate
[INFO] | 2023-07-06 05:55:20 AM | analyzer.DFStore_1 | Generating return summary for getTypeToken
[INFO] | 2023-07-06 05:55:20 AM | analyzer.DFStore_1 | Return summary generated for getTypeToken
[INFO] | 2023-07-06 05:55:20 AM | analyzer.DFStore_1 | State variable assignement do not exist
[INFO] | 2023-07-06 05:55:20 AM | analyzer.DFStore_1 | Processed function getTypeToken
[INFO] | 2023-07-06 05:55:20 AM | analyzer.DFStore_1 | Generating return summary for getTokenMedian
[INFO] | 2023-07-06 05:55:20 AM | analyzer.DFStore_1 | Return summary generated for getTokenMedian
[INFO] | 2023-07-06 05:55:20 AM | analyzer.DFStore_1 | State variable assignement do not exist
[INFO] | 2023-07-06 05:55:20 AM | analyzer.DFStore_1 | Processed function getTokenMedian
[INFO] | 2023-07-06 05:55:20 AM | analyzer.DFStore_1 | Generating return summary for getTotalCol
[INFO] | 2023-07-06 05:55:20 AM | analyzer.DFStore_1 | Return summary generated for getTotalCol
[INFO] | 2023-07-06 05:55:20 AM | analyzer.DFStore_1 | State variable assignement do not exist
[INFO] | 2023-07-06 05:55:20 AM | analyzer.DFStore_1 | Processed function getTotalCol
[INFO] | 2023-07-06 05:55:20 AM | analyzer.DFStore_1 | Generating return summary for getWrappedToken
[INFO] | 2023-07-06 05:55:20 AM | analyzer.DFStore_1 | Return summary generated for getWrappedToken
[INFO] | 2023-07-06 05:55:20 AM | analyzer.DFStore_1 | State variable assignement do not exist
[INFO] | 2023-07-06 05:55:20 AM | analyzer.DFStore_1 | Processed function getWrappedToken
[INFO] | 2023-07-06 05:55:20 AM | analyzer.DFStore_1 | Generating return summary for slitherConstructorVariables
[INFO] | 2023-07-06 05:55:20 AM | analyzer.DFStore_1 | Return summary generated for slitherConstructorVariables
[INFO] | 2023-07-06 05:55:20 AM | analyzer.DFStore_1 | Range graph generated
[INFO] | 2023-07-06 05:55:20 AM | analyzer.DFStore_1 | Processed function slitherConstructorVariables
[INFO] | 2023-07-06 05:55:20 AM | analyzer.DFStore_1 | Generating return summary for onlyOwner
[INFO] | 2023-07-06 05:55:20 AM | analyzer.DFStore_1 | Return summary generated for onlyOwner
[INFO] | 2023-07-06 05:55:20 AM | analyzer.DFStore_1 | State variable assignement do not exist
[INFO] | 2023-07-06 05:55:20 AM | analyzer.DFStore_1 | Processed function onlyOwner
[INFO] | 2023-07-06 05:55:20 AM | analyzer.DFStore_1 | Generating return summary for auth
[INFO] | 2023-07-06 05:55:20 AM | analyzer.DFStore_1 | Return summary generated for auth
[INFO] | 2023-07-06 05:55:20 AM | analyzer.DFStore_1 | State variable assignement do not exist
[INFO] | 2023-07-06 05:55:20 AM | analyzer.DFStore_1 | Processed function auth
[INFO] | 2023-07-06 05:55:20 AM | analyzer.DFStore_1 | Generating return summary for isAuthorized
[INFO] | 2023-07-06 05:55:20 AM | analyzer.DFStore_1 | Return summary generated for isAuthorized
[INFO] | 2023-07-06 05:55:20 AM | analyzer.DFStore_1 | State variable assignement do not exist
[INFO] | 2023-07-06 05:55:20 AM | analyzer.DFStore_1 | Processed function isAuthorized
[INFO] | 2023-07-06 05:55:20 AM | analyzer.DFStore_1 | Generating return summary for isAuthorized
[INFO] | 2023-07-06 05:55:20 AM | analyzer.DFStore_1 | Return summary generated for isAuthorized
[INFO] | 2023-07-06 05:55:20 AM | analyzer.DFStore_1 | State variable assignement do not exist
[INFO] | 2023-07-06 05:55:20 AM | analyzer.DFStore_1 | Processed function isAuthorized
[INFO] | 2023-07-06 05:55:20 AM | analyzer.DFStore_1 | Generating return summary for disableOwnership
[INFO] | 2023-07-06 05:55:20 AM | analyzer.DFStore_1 | Return summary generated for disableOwnership
[INFO] | 2023-07-06 05:55:20 AM | analyzer.DFStore_1 | Range graph generated
[INFO] | 2023-07-06 05:55:20 AM | analyzer.DFStore_1 | Processed function disableOwnership
[INFO] | 2023-07-06 05:55:20 AM | analyzer.DFStore_1 | Generating return summary for transferOwnership
[INFO] | 2023-07-06 05:55:20 AM | analyzer.DFStore_1 | Return summary generated for transferOwnership
[INFO] | 2023-07-06 05:55:20 AM | analyzer.DFStore_1 | Range graph generated
[INFO] | 2023-07-06 05:55:20 AM | analyzer.DFStore_1 | Processed function transferOwnership
[INFO] | 2023-07-06 05:55:20 AM | analyzer.DFStore_1 | Generating return summary for setAuthority
[INFO] | 2023-07-06 05:55:20 AM | analyzer.DFStore_1 | Return summary generated for setAuthority
[INFO] | 2023-07-06 05:55:20 AM | analyzer.DFStore_1 | Range graph generated
[INFO] | 2023-07-06 05:55:20 AM | analyzer.DFStore_1 | Processed function setAuthority
[INFO] | 2023-07-06 05:55:20 AM | analyzer.DFStore_1 | Generating return summary for wdiv
[WARNING] | 2023-07-06 05:55:20 AM | analyzer.DFStore_1 | No lvalue eligible assignment, is this some bug!
[INFO] | 2023-07-06 05:55:20 AM | analyzer.DFStore_1 | Return summary generated for wdiv
[INFO] | 2023-07-06 05:55:20 AM | analyzer.DFStore_1 | State variable assignement do not exist
[INFO] | 2023-07-06 05:55:20 AM | analyzer.DFStore_1 | Processed function wdiv
[INFO] | 2023-07-06 05:55:20 AM | analyzer.DFStore_1 | Generating return summary for pow
[INFO] | 2023-07-06 05:55:20 AM | analyzer.DFStore_1 | Return summary generated for pow
[INFO] | 2023-07-06 05:55:20 AM | analyzer.DFStore_1 | State variable assignement do not exist
[INFO] | 2023-07-06 05:55:20 AM | analyzer.DFStore_1 | Processed function pow
[INFO] | 2023-07-06 05:55:20 AM | analyzer.DFStore_1 | Generating return summary for _setSection
[INFO] | 2023-07-06 05:55:20 AM | analyzer.DFStore_1 | Return summary generated for _setSection
[INFO] | 2023-07-06 05:55:20 AM | analyzer.DFStore_1 | Range graph generated
[INFO] | 2023-07-06 05:55:20 AM | analyzer.DFStore_1 | Processed function _setSection
[INFO] | 2023-07-06 05:55:20 AM | analyzer.DFStore_1 | Generating return summary for wdiv
[WARNING] | 2023-07-06 05:55:20 AM | analyzer.DFStore_1 | No lvalue eligible assignment, is this some bug!
[INFO] | 2023-07-06 05:55:20 AM | analyzer.DFStore_1 | Return summary generated for wdiv
[INFO] | 2023-07-06 05:55:20 AM | analyzer.DFStore_1 | State variable assignement do not exist
[INFO] | 2023-07-06 05:55:20 AM | analyzer.DFStore_1 | Processed function wdiv
[INFO] | 2023-07-06 05:55:20 AM | analyzer.DFStore_1 | Generating return summary for addSectionMinted
[INFO] | 2023-07-06 05:55:20 AM | analyzer.DFStore_1 | Return summary generated for addSectionMinted
[WARNING] | 2023-07-06 05:55:20 AM | analyzer.DFStore_1 | Can there be this kind of variables
[WARNING] | 2023-07-06 05:55:20 AM | analyzer.DFStore_1 | Can there be this kind of variables
[INFO] | 2023-07-06 05:55:20 AM | analyzer.DFStore_1 | Range graph generated
[INFO] | 2023-07-06 05:55:20 AM | analyzer.DFStore_1 | Processed function addSectionMinted
[INFO] | 2023-07-06 05:55:20 AM | analyzer.DFStore_1 | Generating return summary for addSectionMinted
[INFO] | 2023-07-06 05:55:20 AM | analyzer.DFStore_1 | Return summary generated for addSectionMinted
[WARNING] | 2023-07-06 05:55:20 AM | analyzer.DFStore_1 | Can there be this kind of variables
[WARNING] | 2023-07-06 05:55:20 AM | analyzer.DFStore_1 | Can there be this kind of variables
[INFO] | 2023-07-06 05:55:20 AM | analyzer.DFStore_1 | Range graph generated
[INFO] | 2023-07-06 05:55:20 AM | analyzer.DFStore_1 | Processed function addSectionMinted
[INFO] | 2023-07-06 05:55:20 AM | analyzer.DFStore_1 | Generating return summary for addSectionBurned
[INFO] | 2023-07-06 05:55:20 AM | analyzer.DFStore_1 | Return summary generated for addSectionBurned
[WARNING] | 2023-07-06 05:55:20 AM | analyzer.DFStore_1 | Can there be this kind of variables
[WARNING] | 2023-07-06 05:55:20 AM | analyzer.DFStore_1 | Can there be this kind of variables
[INFO] | 2023-07-06 05:55:20 AM | analyzer.DFStore_1 | Range graph generated
[INFO] | 2023-07-06 05:55:20 AM | analyzer.DFStore_1 | Processed function addSectionBurned
[INFO] | 2023-07-06 05:55:20 AM | analyzer.DFStore_1 | Generating return summary for addSectionBurned
[INFO] | 2023-07-06 05:55:20 AM | analyzer.DFStore_1 | Return summary generated for addSectionBurned
[WARNING] | 2023-07-06 05:55:20 AM | analyzer.DFStore_1 | Can there be this kind of variables
[WARNING] | 2023-07-06 05:55:20 AM | analyzer.DFStore_1 | Can there be this kind of variables
[INFO] | 2023-07-06 05:55:20 AM | analyzer.DFStore_1 | Range graph generated
[INFO] | 2023-07-06 05:55:20 AM | analyzer.DFStore_1 | Processed function addSectionBurned
[INFO] | 2023-07-06 05:55:20 AM | analyzer.DFStore_1 | Generating return summary for setBackupSection
[INFO] | 2023-07-06 05:55:20 AM | analyzer.DFStore_1 | Return summary generated for setBackupSection
[WARNING] | 2023-07-06 05:55:20 AM | analyzer.DFStore_1 | Can there be this kind of variables
[WARNING] | 2023-07-06 05:55:20 AM | analyzer.DFStore_1 | Can there be this kind of variables
[WARNING] | 2023-07-06 05:55:20 AM | analyzer.DFStore_1 | Can there be this kind of variables
[WARNING] | 2023-07-06 05:55:20 AM | analyzer.DFStore_1 | Can there be this kind of variables
[WARNING] | 2023-07-06 05:55:20 AM | analyzer.DFStore_1 | Can there be this kind of variables
[WARNING] | 2023-07-06 05:55:20 AM | analyzer.DFStore_1 | Can there be this kind of variables
[WARNING] | 2023-07-06 05:55:20 AM | analyzer.DFStore_1 | Can there be this kind of variables
[WARNING] | 2023-07-06 05:55:20 AM | analyzer.DFStore_1 | Can there be this kind of variables
[WARNING] | 2023-07-06 05:55:20 AM | analyzer.DFStore_1 | Can there be this kind of variables
[WARNING] | 2023-07-06 05:55:20 AM | analyzer.DFStore_1 | Can there be this kind of variables
[WARNING] | 2023-07-06 05:55:20 AM | analyzer.DFStore_1 | Can there be this kind of variables
[WARNING] | 2023-07-06 05:55:20 AM | analyzer.DFStore_1 | Can there be this kind of variables
[INFO] | 2023-07-06 05:55:20 AM | analyzer.DFStore_1 | Range graph generated
[INFO] | 2023-07-06 05:55:20 AM | analyzer.DFStore_1 | Processed function setBackupSection
[INFO] | 2023-07-06 05:55:20 AM | analyzer.DFStore_1 | Generating return summary for burnSectionMoveon
[INFO] | 2023-07-06 05:55:20 AM | analyzer.DFStore_1 | Return summary generated for burnSectionMoveon
[WARNING] | 2023-07-06 05:55:20 AM | analyzer.DFStore_1 | Can there be this kind of variables
[WARNING] | 2023-07-06 05:55:20 AM | analyzer.DFStore_1 | Can there be this kind of variables
[INFO] | 2023-07-06 05:55:20 AM | analyzer.DFStore_1 | Range graph generated
[INFO] | 2023-07-06 05:55:20 AM | analyzer.DFStore_1 | Processed function burnSectionMoveon
[INFO] | 2023-07-06 05:55:20 AM | analyzer.DFStore_1 | Generating return summary for addTotalMinted
[INFO] | 2023-07-06 05:55:20 AM | analyzer.DFStore_1 | Return summary generated for addTotalMinted
[WARNING] | 2023-07-06 05:55:20 AM | analyzer.DFStore_1 | Can there be this kind of variables
[WARNING] | 2023-07-06 05:55:20 AM | analyzer.DFStore_1 | Can there be this kind of variables
[INFO] | 2023-07-06 05:55:20 AM | analyzer.DFStore_1 | Range graph generated
[INFO] | 2023-07-06 05:55:20 AM | analyzer.DFStore_1 | Processed function addTotalMinted
[INFO] | 2023-07-06 05:55:20 AM | analyzer.DFStore_1 | Generating return summary for addTotalBurned
[INFO] | 2023-07-06 05:55:20 AM | analyzer.DFStore_1 | Return summary generated for addTotalBurned
[WARNING] | 2023-07-06 05:55:20 AM | analyzer.DFStore_1 | Can there be this kind of variables
[WARNING] | 2023-07-06 05:55:20 AM | analyzer.DFStore_1 | Can there be this kind of variables
[INFO] | 2023-07-06 05:55:20 AM | analyzer.DFStore_1 | Range graph generated
[INFO] | 2023-07-06 05:55:20 AM | analyzer.DFStore_1 | Processed function addTotalBurned
[INFO] | 2023-07-06 05:55:20 AM | analyzer.DFStore_1 | Generating return summary for pow
[INFO] | 2023-07-06 05:55:20 AM | analyzer.DFStore_1 | Return summary generated for pow
[INFO] | 2023-07-06 05:55:20 AM | analyzer.DFStore_1 | State variable assignement do not exist
[INFO] | 2023-07-06 05:55:20 AM | analyzer.DFStore_1 | Processed function pow
[INFO] | 2023-07-06 05:55:20 AM | analyzer.DFStore_1 | Generating return summary for getBackupSectionData
[INFO] | 2023-07-06 05:55:20 AM | analyzer.DFStore_1 | Return summary generated for getBackupSectionData
[INFO] | 2023-07-06 05:55:20 AM | analyzer.DFStore_1 | State variable assignement do not exist
[INFO] | 2023-07-06 05:55:20 AM | analyzer.DFStore_1 | Processed function getBackupSectionData
[INFO] | 2023-07-06 05:55:20 AM | analyzer.DFStore_1 | Generating return summary for setMinBurnAmount
[INFO] | 2023-07-06 05:55:20 AM | analyzer.DFStore_1 | Return summary generated for setMinBurnAmount
[WARNING] | 2023-07-06 05:55:20 AM | analyzer.DFStore_1 | Can there be this kind of variables
[WARNING] | 2023-07-06 05:55:20 AM | analyzer.DFStore_1 | Can there be this kind of variables
[INFO] | 2023-07-06 05:55:20 AM | analyzer.DFStore_1 | Range graph generated
[INFO] | 2023-07-06 05:55:20 AM | analyzer.DFStore_1 | Processed function setMinBurnAmount
[INFO] | 2023-07-06 05:55:20 AM | analyzer.DFStore_1 | Generating return summary for disableOwnership
[INFO] | 2023-07-06 05:55:20 AM | analyzer.DFStore_1 | Return summary generated for disableOwnership
[INFO] | 2023-07-06 05:55:20 AM | analyzer.DFStore_1 | Range graph generated
[INFO] | 2023-07-06 05:55:20 AM | analyzer.DFStore_1 | Processed function disableOwnership
[INFO] | 2023-07-06 05:55:20 AM | analyzer.DFStore_1 | Generating return summary for transferOwnership
[INFO] | 2023-07-06 05:55:20 AM | analyzer.DFStore_1 | Return summary generated for transferOwnership
[INFO] | 2023-07-06 05:55:20 AM | analyzer.DFStore_1 | Range graph generated
[INFO] | 2023-07-06 05:55:20 AM | analyzer.DFStore_1 | Processed function transferOwnership
[INFO] | 2023-07-06 05:55:20 AM | analyzer.DFStore_1 | Generating return summary for setAuthority
[INFO] | 2023-07-06 05:55:20 AM | analyzer.DFStore_1 | Return summary generated for setAuthority
[INFO] | 2023-07-06 05:55:20 AM | analyzer.DFStore_1 | Range graph generated
[INFO] | 2023-07-06 05:55:20 AM | analyzer.DFStore_1 | Processed function setAuthority
[INFO] | 2023-07-06 05:55:20 AM | analyzer.DFStore_1 | Generating return summary for setSectionMinted
[INFO] | 2023-07-06 05:55:20 AM | analyzer.DFStore_1 | Return summary generated for setSectionMinted
[WARNING] | 2023-07-06 05:55:20 AM | analyzer.DFStore_1 | Can there be this kind of variables
[WARNING] | 2023-07-06 05:55:20 AM | analyzer.DFStore_1 | Can there be this kind of variables
[INFO] | 2023-07-06 05:55:20 AM | analyzer.DFStore_1 | Range graph generated
[INFO] | 2023-07-06 05:55:20 AM | analyzer.DFStore_1 | Processed function setSectionMinted
[INFO] | 2023-07-06 05:55:20 AM | analyzer.DFStore_1 | Generating return summary for setSectionMinted
[INFO] | 2023-07-06 05:55:20 AM | analyzer.DFStore_1 | Return summary generated for setSectionMinted
[WARNING] | 2023-07-06 05:55:20 AM | analyzer.DFStore_1 | Can there be this kind of variables
[WARNING] | 2023-07-06 05:55:20 AM | analyzer.DFStore_1 | Can there be this kind of variables
[INFO] | 2023-07-06 05:55:20 AM | analyzer.DFStore_1 | Range graph generated
[INFO] | 2023-07-06 05:55:20 AM | analyzer.DFStore_1 | Processed function setSectionMinted
[INFO] | 2023-07-06 05:55:20 AM | analyzer.DFStore_1 | Generating return summary for setSectionBurned
[INFO] | 2023-07-06 05:55:20 AM | analyzer.DFStore_1 | Return summary generated for setSectionBurned
[WARNING] | 2023-07-06 05:55:20 AM | analyzer.DFStore_1 | Can there be this kind of variables
[WARNING] | 2023-07-06 05:55:20 AM | analyzer.DFStore_1 | Can there be this kind of variables
[INFO] | 2023-07-06 05:55:20 AM | analyzer.DFStore_1 | Range graph generated
[INFO] | 2023-07-06 05:55:20 AM | analyzer.DFStore_1 | Processed function setSectionBurned
[INFO] | 2023-07-06 05:55:20 AM | analyzer.DFStore_1 | Generating return summary for setSectionBurned
[INFO] | 2023-07-06 05:55:20 AM | analyzer.DFStore_1 | Return summary generated for setSectionBurned
[WARNING] | 2023-07-06 05:55:20 AM | analyzer.DFStore_1 | Can there be this kind of variables
[WARNING] | 2023-07-06 05:55:20 AM | analyzer.DFStore_1 | Can there be this kind of variables
[INFO] | 2023-07-06 05:55:20 AM | analyzer.DFStore_1 | Range graph generated
[INFO] | 2023-07-06 05:55:20 AM | analyzer.DFStore_1 | Processed function setSectionBurned
[INFO] | 2023-07-06 05:55:20 AM | analyzer.DFStore_1 | Generating return summary for setBackupSectionIndex
[INFO] | 2023-07-06 05:55:20 AM | analyzer.DFStore_1 | Return summary generated for setBackupSectionIndex
[WARNING] | 2023-07-06 05:55:20 AM | analyzer.DFStore_1 | Can there be this kind of variables
[WARNING] | 2023-07-06 05:55:20 AM | analyzer.DFStore_1 | Can there be this kind of variables
[INFO] | 2023-07-06 05:55:20 AM | analyzer.DFStore_1 | Range graph generated
[INFO] | 2023-07-06 05:55:20 AM | analyzer.DFStore_1 | Processed function setBackupSectionIndex
[INFO] | 2023-07-06 05:55:20 AM | analyzer.DFStore_1 | Generating return summary for setMintingToken
[INFO] | 2023-07-06 05:55:20 AM | analyzer.DFStore_1 | Return summary generated for setMintingToken
[WARNING] | 2023-07-06 05:55:20 AM | analyzer.DFStore_1 | Can there be this kind of variables
[WARNING] | 2023-07-06 05:55:20 AM | analyzer.DFStore_1 | Can there be this kind of variables
[INFO] | 2023-07-06 05:55:20 AM | analyzer.DFStore_1 | Range graph generated
[INFO] | 2023-07-06 05:55:20 AM | analyzer.DFStore_1 | Processed function setMintingToken
[INFO] | 2023-07-06 05:55:20 AM | analyzer.DFStore_1 | Generating return summary for setMintedToken
[INFO] | 2023-07-06 05:55:20 AM | analyzer.DFStore_1 | Return summary generated for setMintedToken
[WARNING] | 2023-07-06 05:55:20 AM | analyzer.DFStore_1 | Can there be this kind of variables
[WARNING] | 2023-07-06 05:55:20 AM | analyzer.DFStore_1 | Can there be this kind of variables
[INFO] | 2023-07-06 05:55:20 AM | analyzer.DFStore_1 | Range graph generated
[INFO] | 2023-07-06 05:55:20 AM | analyzer.DFStore_1 | Processed function setMintedToken
[INFO] | 2023-07-06 05:55:20 AM | analyzer.DFStore_1 | Generating return summary for setBackupToken
[INFO] | 2023-07-06 05:55:20 AM | analyzer.DFStore_1 | Return summary generated for setBackupToken
[WARNING] | 2023-07-06 05:55:20 AM | analyzer.DFStore_1 | Can there be this kind of variables
[WARNING] | 2023-07-06 05:55:20 AM | analyzer.DFStore_1 | Can there be this kind of variables
[INFO] | 2023-07-06 05:55:20 AM | analyzer.DFStore_1 | Range graph generated
[INFO] | 2023-07-06 05:55:20 AM | analyzer.DFStore_1 | Processed function setBackupToken
[INFO] | 2023-07-06 05:55:20 AM | analyzer.DFStore_1 | Generating return summary for setTotalMinted
[INFO] | 2023-07-06 05:55:20 AM | analyzer.DFStore_1 | Return summary generated for setTotalMinted
[WARNING] | 2023-07-06 05:55:20 AM | analyzer.DFStore_1 | Can there be this kind of variables
[WARNING] | 2023-07-06 05:55:20 AM | analyzer.DFStore_1 | Can there be this kind of variables
[INFO] | 2023-07-06 05:55:20 AM | analyzer.DFStore_1 | Range graph generated
[INFO] | 2023-07-06 05:55:20 AM | analyzer.DFStore_1 | Processed function setTotalMinted
[INFO] | 2023-07-06 05:55:20 AM | analyzer.DFStore_1 | Generating return summary for setTotalBurned
[INFO] | 2023-07-06 05:55:20 AM | analyzer.DFStore_1 | Return summary generated for setTotalBurned
[WARNING] | 2023-07-06 05:55:20 AM | analyzer.DFStore_1 | Can there be this kind of variables
[WARNING] | 2023-07-06 05:55:20 AM | analyzer.DFStore_1 | Can there be this kind of variables
[INFO] | 2023-07-06 05:55:20 AM | analyzer.DFStore_1 | Range graph generated
[INFO] | 2023-07-06 05:55:20 AM | analyzer.DFStore_1 | Processed function setTotalBurned
[INFO] | 2023-07-06 05:55:20 AM | analyzer.DFStore_1 | Generating return summary for setTokenBalance
[INFO] | 2023-07-06 05:55:20 AM | analyzer.DFStore_1 | Return summary generated for setTokenBalance
[WARNING] | 2023-07-06 05:55:20 AM | analyzer.DFStore_1 | Can there be this kind of variables
[WARNING] | 2023-07-06 05:55:20 AM | analyzer.DFStore_1 | Can there be this kind of variables
[INFO] | 2023-07-06 05:55:20 AM | analyzer.DFStore_1 | Range graph generated
[INFO] | 2023-07-06 05:55:20 AM | analyzer.DFStore_1 | Processed function setTokenBalance
[INFO] | 2023-07-06 05:55:20 AM | analyzer.DFStore_1 | Generating return summary for setResUSDXBalance
[INFO] | 2023-07-06 05:55:20 AM | analyzer.DFStore_1 | Return summary generated for setResUSDXBalance
[WARNING] | 2023-07-06 05:55:20 AM | analyzer.DFStore_1 | Can there be this kind of variables
[WARNING] | 2023-07-06 05:55:20 AM | analyzer.DFStore_1 | Can there be this kind of variables
[INFO] | 2023-07-06 05:55:20 AM | analyzer.DFStore_1 | Range graph generated
[INFO] | 2023-07-06 05:55:20 AM | analyzer.DFStore_1 | Processed function setResUSDXBalance
[INFO] | 2023-07-06 05:55:20 AM | analyzer.DFStore_1 | Generating return summary for setDepositorBalance
[INFO] | 2023-07-06 05:55:20 AM | analyzer.DFStore_1 | Return summary generated for setDepositorBalance
[WARNING] | 2023-07-06 05:55:20 AM | analyzer.DFStore_1 | Can there be this kind of variables
[WARNING] | 2023-07-06 05:55:20 AM | analyzer.DFStore_1 | Can there be this kind of variables
[INFO] | 2023-07-06 05:55:20 AM | analyzer.DFStore_1 | Range graph generated
[INFO] | 2023-07-06 05:55:20 AM | analyzer.DFStore_1 | Processed function setDepositorBalance
[INFO] | 2023-07-06 05:55:20 AM | analyzer.DFStore_1 | Generating return summary for setFeeRate
[INFO] | 2023-07-06 05:55:20 AM | analyzer.DFStore_1 | Return summary generated for setFeeRate
[WARNING] | 2023-07-06 05:55:20 AM | analyzer.DFStore_1 | Can there be this kind of variables
[WARNING] | 2023-07-06 05:55:20 AM | analyzer.DFStore_1 | Can there be this kind of variables
[INFO] | 2023-07-06 05:55:20 AM | analyzer.DFStore_1 | Range graph generated
[INFO] | 2023-07-06 05:55:20 AM | analyzer.DFStore_1 | Processed function setFeeRate
[INFO] | 2023-07-06 05:55:20 AM | analyzer.DFStore_1 | Generating return summary for setTypeToken
[INFO] | 2023-07-06 05:55:20 AM | analyzer.DFStore_1 | Return summary generated for setTypeToken
[WARNING] | 2023-07-06 05:55:20 AM | analyzer.DFStore_1 | Can there be this kind of variables
[WARNING] | 2023-07-06 05:55:20 AM | analyzer.DFStore_1 | Can there be this kind of variables
[INFO] | 2023-07-06 05:55:20 AM | analyzer.DFStore_1 | Range graph generated
[INFO] | 2023-07-06 05:55:20 AM | analyzer.DFStore_1 | Processed function setTypeToken
[INFO] | 2023-07-06 05:55:20 AM | analyzer.DFStore_1 | Generating return summary for setTokenMedian
[INFO] | 2023-07-06 05:55:20 AM | analyzer.DFStore_1 | Return summary generated for setTokenMedian
[WARNING] | 2023-07-06 05:55:20 AM | analyzer.DFStore_1 | Can there be this kind of variables
[WARNING] | 2023-07-06 05:55:20 AM | analyzer.DFStore_1 | Can there be this kind of variables
[INFO] | 2023-07-06 05:55:20 AM | analyzer.DFStore_1 | Range graph generated
[INFO] | 2023-07-06 05:55:20 AM | analyzer.DFStore_1 | Processed function setTokenMedian
[INFO] | 2023-07-06 05:55:20 AM | analyzer.DFStore_1 | Generating return summary for setTotalCol
[INFO] | 2023-07-06 05:55:20 AM | analyzer.DFStore_1 | Return summary generated for setTotalCol
[WARNING] | 2023-07-06 05:55:20 AM | analyzer.DFStore_1 | Can there be this kind of variables
[WARNING] | 2023-07-06 05:55:20 AM | analyzer.DFStore_1 | Can there be this kind of variables
[INFO] | 2023-07-06 05:55:20 AM | analyzer.DFStore_1 | Range graph generated
[INFO] | 2023-07-06 05:55:20 AM | analyzer.DFStore_1 | Processed function setTotalCol
[INFO] | 2023-07-06 05:55:20 AM | analyzer.DFStore_1 | Generating return summary for setWrappedToken
[INFO] | 2023-07-06 05:55:20 AM | analyzer.DFStore_1 | Return summary generated for setWrappedToken
[WARNING] | 2023-07-06 05:55:20 AM | analyzer.DFStore_1 | Can there be this kind of variables
[WARNING] | 2023-07-06 05:55:20 AM | analyzer.DFStore_1 | Can there be this kind of variables
[INFO] | 2023-07-06 05:55:20 AM | analyzer.DFStore_1 | Range graph generated
[INFO] | 2023-07-06 05:55:20 AM | analyzer.DFStore_1 | Processed function setWrappedToken
[INFO] | 2023-07-06 05:55:20 AM | analyzer.DFStore_1 | Generating return summary for constructor
[INFO] | 2023-07-06 05:55:20 AM | analyzer.DFStore_1 | Return summary generated for constructor
[INFO] | 2023-07-06 05:55:20 AM | analyzer.DFStore_1 | Range graph generated
[INFO] | 2023-07-06 05:55:20 AM | analyzer.DFStore_1 | Processed function constructor
[INFO] | 2023-07-06 05:55:20 AM | analyzer.DFStore_1 | Generating return summary for setSection
[INFO] | 2023-07-06 05:55:20 AM | analyzer.DFStore_1 | Return summary generated for setSection
[WARNING] | 2023-07-06 05:55:20 AM | analyzer.DFStore_1 | Can there be this kind of variables
[WARNING] | 2023-07-06 05:55:20 AM | analyzer.DFStore_1 | Can there be this kind of variables
[WARNING] | 2023-07-06 05:55:20 AM | analyzer.DFStore_1 | Can there be this kind of variables
[WARNING] | 2023-07-06 05:55:20 AM | analyzer.DFStore_1 | Can there be this kind of variables
[WARNING] | 2023-07-06 05:55:20 AM | analyzer.DFStore_1 | Can there be this kind of variables
[WARNING] | 2023-07-06 05:55:20 AM | analyzer.DFStore_1 | Can there be this kind of variables
[WARNING] | 2023-07-06 05:55:20 AM | analyzer.DFStore_1 | Can there be this kind of variables
[WARNING] | 2023-07-06 05:55:20 AM | analyzer.DFStore_1 | Can there be this kind of variables
[WARNING] | 2023-07-06 05:55:20 AM | analyzer.DFStore_1 | Can there be this kind of variables
[WARNING] | 2023-07-06 05:55:20 AM | analyzer.DFStore_1 | Can there be this kind of variables
[WARNING] | 2023-07-06 05:55:20 AM | analyzer.DFStore_1 | Can there be this kind of variables
[WARNING] | 2023-07-06 05:55:20 AM | analyzer.DFStore_1 | Can there be this kind of variables
[WARNING] | 2023-07-06 05:55:20 AM | analyzer.DFStore_1 | Can there be this kind of variables
[WARNING] | 2023-07-06 05:55:20 AM | analyzer.DFStore_1 | Can there be this kind of variables
[WARNING] | 2023-07-06 05:55:20 AM | analyzer.DFStore_1 | Can there be this kind of variables
[WARNING] | 2023-07-06 05:55:20 AM | analyzer.DFStore_1 | Can there be this kind of variables
[INFO] | 2023-07-06 05:55:20 AM | analyzer.DFStore_1 | Range graph generated
[INFO] | 2023-07-06 05:55:20 AM | analyzer.DFStore_1 | Processed function setSection
[INFO] | 2023-07-06 05:55:20 AM | analyzer.DFStore_1 | Value Range Analysis took 0.039745 seconds
[INFO] | 2023-07-06 05:55:20 AM | analyzer.DFStore_1 | Value Range Analysis finished
[INFO] | 2023-07-06 05:55:20 AM | analyzer.DFStore_1 | Storage dependency graph compostion started!
[INFO] | 2023-07-06 05:55:20 AM | analyzer.DFStore_1 | Storage dependency graph compostion finished!
[INFO] | 2023-07-06 05:55:20 AM | analyzer.DFStore_1 | Dependency detection started!
[INFO] | 2023-07-06 05:55:20 AM | analyzer.DFStore_1 | Dependency detection finished!
[INFO] | 2023-07-06 05:55:20 AM | analyzer.DFStore_1 | Static Analysis took 2.862095 seconds
[INFO] | 2023-07-06 05:55:20 AM | analyzer.DFStore_1 | Dependency does not exist
[INFO] | 2023-07-06 05:55:20 AM | analyzer.DFStore_1 | Symbolic execution is not needed!
[INFO] | 2023-07-06 05:55:20 AM | analyzer.DFStore_1 | Analysis finished!
[INFO] | 2023-07-06 05:55:20 AM | analyzer.DFStore_1 | Analysis took 2.862270 seconds
[INFO] | 2023-07-06 05:55:20 AM | analyzer.DFStore_1 | Analysis finished at: 2023-07-06 05:55:20 AM
