2023-07-03 15:59:56,570: [11] m.main:INFO: Registered plugins: IntrospectionAPIPlugin, <class 'manticore.ethereum.plugins.SkipRevertBasicBlocks'>, <class 'manticore.ethereum.plugins.FilterFunctions'>
2023-07-03 15:59:56,571: [11] m.main:INFO: Beginning analysis
2023-07-03 15:59:56,575: [11] m.e.manticore:INFO: Starting symbolic create contract
2023-07-03 15:59:57,950: [11] m.e.manticore:INFO: Starting symbolic transaction: 0
2023-07-03 15:59:58,080: [11] m.e.manticore:INFO: 0 alive states, 1 terminated states
2023-07-03 15:59:58,142: [11] m.e.manticore:INFO: Starting symbolic transaction: 1
2023-07-03 15:59:58,335: [11] m.c.manticore:INFO: Results in /mcore_ea88gfr6
2023-07-03 15:59:58,335: [11] m.c.manticore:INFO: Total time: 0.38149499893188477
2023-07-03 15:59:58,969: [70] m.main:INFO: Registered plugins: IntrospectionAPIPlugin, <class 'manticore.ethereum.plugins.SkipRevertBasicBlocks'>, <class 'manticore.ethereum.plugins.FilterFunctions'>
2023-07-03 15:59:58,969: [70] m.main:INFO: Beginning analysis
2023-07-03 15:59:58,971: [70] m.e.manticore:INFO: Starting symbolic create contract
2023-07-03 16:00:00,478: [70] m.e.manticore:INFO: Starting symbolic transaction: 0
2023-07-03 16:00:00,610: [70] m.e.manticore:INFO: 0 alive states, 1 terminated states
2023-07-03 16:00:00,667: [70] m.e.manticore:INFO: Starting symbolic transaction: 1
2023-07-03 16:00:00,908: [70] m.c.manticore:INFO: Results in /mcore_bw_5_7un
2023-07-03 16:00:00,908: [70] m.c.manticore:INFO: Total time: 0.4275994300842285
2023-07-03 16:00:01,660: [129] m.main:INFO: Registered plugins: IntrospectionAPIPlugin, <class 'manticore.ethereum.plugins.SkipRevertBasicBlocks'>, <class 'manticore.ethereum.plugins.FilterFunctions'>
2023-07-03 16:00:01,660: [129] m.main:INFO: Beginning analysis
2023-07-03 16:00:01,662: [129] m.e.manticore:INFO: Starting symbolic create contract
2023-07-03 16:00:03,765: [129] m.e.manticore:INFO: Starting symbolic transaction: 0
2023-07-03 16:00:09,963: [129] m.e.manticore:INFO: 0 alive states, 3 terminated states
2023-07-03 16:00:10,263: [129] m.c.manticore:INFO: Results in /mcore_lipuga8d
2023-07-03 16:00:10,263: [129] m.c.manticore:INFO: Total time: 6.484598398208618
2023-07-03 16:00:10,971: [200] m.main:INFO: Registered plugins: IntrospectionAPIPlugin, <class 'manticore.ethereum.plugins.SkipRevertBasicBlocks'>, <class 'manticore.ethereum.plugins.FilterFunctions'>
2023-07-03 16:00:10,971: [200] m.main:INFO: Beginning analysis
2023-07-03 16:00:10,974: [200] m.e.manticore:INFO: Starting symbolic create contract
