2023-07-03 16:32:48,572: [11] m.main:INFO: Registered plugins: IntrospectionAPIPlugin, <class 'manticore.ethereum.plugins.SkipRevertBasicBlocks'>, <class 'manticore.ethereum.plugins.FilterFunctions'>
2023-07-03 16:32:48,573: [11] m.main:INFO: Beginning analysis
2023-07-03 16:32:48,580: [11] m.e.manticore:INFO: Starting symbolic create contract
2023-07-03 16:32:49,465: [11] m.e.manticore:INFO: Starting symbolic transaction: 0
2023-07-03 16:32:49,587: [11] m.e.manticore:INFO: 0 alive states, 2 terminated states
2023-07-03 16:32:49,726: [11] m.c.manticore:INFO: Results in /mcore_rjzzippe
2023-07-03 16:32:49,727: [11] m.c.manticore:INFO: Total time: 0.25502896308898926
2023-07-03 16:32:50,443: [76] m.main:INFO: Registered plugins: IntrospectionAPIPlugin, <class 'manticore.ethereum.plugins.SkipRevertBasicBlocks'>, <class 'manticore.ethereum.plugins.FilterFunctions'>
2023-07-03 16:32:50,444: [76] m.main:INFO: Beginning analysis
2023-07-03 16:32:50,448: [76] m.e.manticore:INFO: Starting symbolic create contract
2023-07-03 16:32:51,241: [76] m.e.manticore:INFO: Starting symbolic transaction: 0
2023-07-03 16:32:51,362: [76] m.e.manticore:INFO: 0 alive states, 2 terminated states
2023-07-03 16:32:51,492: [76] m.c.manticore:INFO: Results in /mcore_kyxhr_m2
2023-07-03 16:32:51,492: [76] m.c.manticore:INFO: Total time: 0.24819231033325195
2023-07-03 16:32:52,217: [141] m.main:INFO: Registered plugins: IntrospectionAPIPlugin, <class 'manticore.ethereum.plugins.SkipRevertBasicBlocks'>, <class 'manticore.ethereum.plugins.FilterFunctions'>
2023-07-03 16:32:52,217: [141] m.main:INFO: Beginning analysis
2023-07-03 16:32:52,222: [141] m.e.manticore:INFO: Starting symbolic create contract
2023-07-03 16:32:53,118: [141] m.e.manticore:INFO: Starting symbolic transaction: 0
2023-07-03 16:32:53,245: [141] m.e.manticore:INFO: 0 alive states, 2 terminated states
2023-07-03 16:32:53,406: [141] m.c.manticore:INFO: Results in /mcore_boxi7h8p
2023-07-03 16:32:53,407: [141] m.c.manticore:INFO: Total time: 0.2820885181427002
2023-07-03 16:32:54,117: [206] m.main:INFO: Registered plugins: IntrospectionAPIPlugin, <class 'manticore.ethereum.plugins.SkipRevertBasicBlocks'>, <class 'manticore.ethereum.plugins.FilterFunctions'>
2023-07-03 16:32:54,117: [206] m.main:INFO: Beginning analysis
2023-07-03 16:32:54,120: [206] m.e.manticore:INFO: Starting symbolic create contract
2023-07-03 16:32:54,988: [206] m.e.manticore:INFO: Starting symbolic transaction: 0
2023-07-03 16:32:55,104: [206] m.e.manticore:INFO: 0 alive states, 2 terminated states
2023-07-03 16:32:55,256: [206] m.c.manticore:INFO: Results in /mcore_d6xhyc23
2023-07-03 16:32:55,256: [206] m.c.manticore:INFO: Total time: 0.2610602378845215
2023-07-03 16:32:55,917: [271] m.main:INFO: Registered plugins: IntrospectionAPIPlugin, <class 'manticore.ethereum.plugins.SkipRevertBasicBlocks'>, <class 'manticore.ethereum.plugins.FilterFunctions'>
2023-07-03 16:32:55,918: [271] m.main:INFO: Beginning analysis
2023-07-03 16:32:55,920: [271] m.e.manticore:INFO: Starting symbolic create contract
2023-07-03 16:32:56,897: [271] m.e.manticore:INFO: Starting symbolic transaction: 0
2023-07-03 16:32:57,605: [271] m.c.worker:ERROR: Exception in state 0: ManticoreError('Forking on unfeasible constraint set')
Traceback (most recent call last):
  File "/usr/local/lib/python3.7/dist-packages/manticore/core/worker.py", line 137, in run
    current_state.execute()
  File "/usr/local/lib/python3.7/dist-packages/manticore/ethereum/state.py", line 8, in execute
    return self._platform.execute()
  File "/usr/local/lib/python3.7/dist-packages/manticore/platforms/evm.py", line 3106, in execute
    self.current_vm.execute()
  File "/usr/local/lib/python3.7/dist-packages/manticore/platforms/evm.py", line 1322, in execute
    raise Concretize("Symbolic PC", expression=expression, setstate=setstate, policy="ALL")
manticore.core.state.Concretize

During handling of the above exception, another exception occurred:

Traceback (most recent call last):
  File "/usr/local/lib/python3.7/dist-packages/manticore/core/worker.py", line 158, in run
    m._fork(current_state, exc.expression, exc.policy, exc.setstate, exc.values)
  File "/usr/local/lib/python3.7/dist-packages/manticore/core/manticore.py", line 518, in _fork
    raise ManticoreError("Forking on unfeasible constraint set")
manticore.exceptions.ManticoreError: Forking on unfeasible constraint set
 
2023-07-03 16:32:57,613: [271] m.e.manticore:INFO: 0 alive states, 1 terminated states
2023-07-03 16:32:57,746: [271] m.c.manticore:INFO: Results in /mcore_649844im
2023-07-03 16:32:57,746: [271] m.c.manticore:INFO: Total time: 0.8428835868835449
2023-07-03 16:32:58,436: [333] m.main:INFO: Registered plugins: IntrospectionAPIPlugin, <class 'manticore.ethereum.plugins.SkipRevertBasicBlocks'>, <class 'manticore.ethereum.plugins.FilterFunctions'>
2023-07-03 16:32:58,436: [333] m.main:INFO: Beginning analysis
2023-07-03 16:32:58,439: [333] m.e.manticore:INFO: Starting symbolic create contract
