2023-07-03 15:43:50,686: [11] m.main:INFO: Registered plugins: IntrospectionAPIPlugin, <class 'manticore.ethereum.plugins.SkipRevertBasicBlocks'>, <class 'manticore.ethereum.plugins.FilterFunctions'>
2023-07-03 15:43:50,687: [11] m.main:INFO: Beginning analysis
2023-07-03 15:43:50,688: [11] m.e.manticore:INFO: Starting symbolic create contract
2023-07-03 15:43:51,949: [11] m.e.manticore:INFO: Starting symbolic transaction: 0
2023-07-03 15:43:52,094: [11] m.e.manticore:INFO: 0 alive states, 1 terminated states
2023-07-03 15:43:52,159: [11] m.e.manticore:INFO: Starting symbolic transaction: 1
2023-07-03 15:43:52,365: [11] m.c.manticore:INFO: Results in /mcore_ocl83dp6
2023-07-03 15:43:52,365: [11] m.c.manticore:INFO: Total time: 0.409529447555542
2023-07-03 15:43:52,974: [70] m.main:INFO: Registered plugins: IntrospectionAPIPlugin, <class 'manticore.ethereum.plugins.SkipRevertBasicBlocks'>, <class 'manticore.ethereum.plugins.FilterFunctions'>
2023-07-03 15:43:52,974: [70] m.main:INFO: Beginning analysis
2023-07-03 15:43:52,977: [70] m.e.manticore:INFO: Starting symbolic create contract
2023-07-03 15:43:54,443: [70] m.e.manticore:INFO: Starting symbolic transaction: 0
2023-07-03 15:43:54,563: [70] m.e.manticore:INFO: 0 alive states, 1 terminated states
2023-07-03 15:43:54,629: [70] m.e.manticore:INFO: Starting symbolic transaction: 1
2023-07-03 15:43:54,859: [70] m.c.manticore:INFO: Results in /mcore_3nko6fl0
2023-07-03 15:43:54,859: [70] m.c.manticore:INFO: Total time: 0.4127163887023926
2023-07-03 15:43:55,527: [129] m.main:INFO: Registered plugins: IntrospectionAPIPlugin, <class 'manticore.ethereum.plugins.SkipRevertBasicBlocks'>, <class 'manticore.ethereum.plugins.FilterFunctions'>
2023-07-03 15:43:55,527: [129] m.main:INFO: Beginning analysis
2023-07-03 15:43:55,529: [129] m.e.manticore:INFO: Starting symbolic create contract
2023-07-03 15:43:57,756: [129] m.e.manticore:INFO: Starting symbolic transaction: 0
2023-07-03 15:44:03,084: [129] m.e.manticore:INFO: 0 alive states, 3 terminated states
2023-07-03 15:44:03,374: [129] m.c.manticore:INFO: Results in /mcore_18bcl5e2
2023-07-03 15:44:03,374: [129] m.c.manticore:INFO: Total time: 5.597062826156616
2023-07-03 15:44:04,159: [200] m.main:INFO: Registered plugins: IntrospectionAPIPlugin, <class 'manticore.ethereum.plugins.SkipRevertBasicBlocks'>, <class 'manticore.ethereum.plugins.FilterFunctions'>
2023-07-03 15:44:04,159: [200] m.main:INFO: Beginning analysis
2023-07-03 15:44:04,161: [200] m.e.manticore:INFO: Starting symbolic create contract
