INFO:Slither:Compilation warnings/errors on /sb/BurnableToken_1.sol:
/sb/BurnableToken_1.sol:279:9: Warning: Invoking events without "emit" prefix is deprecated.
        Burn(msg.sender, _value);
        ^----------------------^
/sb/BurnableToken_1.sol:275:5: Warning: No visibility specified. Defaulting to "public". 
    function burn(uint256 _value) {
    ^ (Relevant source part starts here and spans across multiple lines).

INFO:Detectors:[92m
ERC20Basic.totalSupply (/sb/BurnableToken_1.sol#63) should be declared external
BasicToken.totalSupply (/sb/BurnableToken_1.sol#87-89) should be declared external
ERC20Basic.balanceOf (/sb/BurnableToken_1.sol#64) should be declared external
BasicToken.balanceOf (/sb/BurnableToken_1.sol#111-113) should be declared external
BasicToken.transfer (/sb/BurnableToken_1.sol#96-104) should be declared external
ERC20Basic.transfer (/sb/BurnableToken_1.sol#65) should be declared external
StandardToken.allowance (/sb/BurnableToken_1.sol#200-209) should be declared external
ERC20.allowance (/sb/BurnableToken_1.sol#125-126) should be declared external
ERC20.transferFrom (/sb/BurnableToken_1.sol#128-129) should be declared external
StandardToken.transferFrom (/sb/BurnableToken_1.sol#160-177) should be declared external
StandardToken.approve (/sb/BurnableToken_1.sol#188-192) should be declared external
ERC20.approve (/sb/BurnableToken_1.sol#131) should be declared external
StandardToken.increaseApproval (/sb/BurnableToken_1.sol#220-231) should be declared external
StandardToken.decreaseApproval (/sb/BurnableToken_1.sol#242-257) should be declared external
BurnableToken.burn (/sb/BurnableToken_1.sol#275-280) should be declared external
Reference: https://github.com/trailofbits/slither/wiki/Detectors-Documentation#public-function-that-could-be-declared-as-external[0m
INFO:Detectors:[92m
Parameter '_a' of SafeMath.mul (/sb/BurnableToken_1.sol#14) is not in mixedCase
Parameter '_b' of SafeMath.mul (/sb/BurnableToken_1.sol#14) is not in mixedCase
Parameter '_a' of SafeMath.div (/sb/BurnableToken_1.sol#30) is not in mixedCase
Parameter '_b' of SafeMath.div (/sb/BurnableToken_1.sol#30) is not in mixedCase
Parameter '_a' of SafeMath.sub (/sb/BurnableToken_1.sol#40) is not in mixedCase
Parameter '_b' of SafeMath.sub (/sb/BurnableToken_1.sol#40) is not in mixedCase
Parameter '_a' of SafeMath.add (/sb/BurnableToken_1.sol#48) is not in mixedCase
Parameter '_b' of SafeMath.add (/sb/BurnableToken_1.sol#48) is not in mixedCase
Parameter '_owner' of BasicToken.balanceOf (/sb/BurnableToken_1.sol#111) is not in mixedCase
Parameter '_to' of BasicToken.transfer (/sb/BurnableToken_1.sol#96) is not in mixedCase
Parameter '_value' of BasicToken.transfer (/sb/BurnableToken_1.sol#96) is not in mixedCase
Parameter '_owner' of StandardToken.allowance (/sb/BurnableToken_1.sol#201) is not in mixedCase
Parameter '_spender' of StandardToken.allowance (/sb/BurnableToken_1.sol#202) is not in mixedCase
Parameter '_from' of StandardToken.transferFrom (/sb/BurnableToken_1.sol#161) is not in mixedCase
Parameter '_to' of StandardToken.transferFrom (/sb/BurnableToken_1.sol#162) is not in mixedCase
Parameter '_value' of StandardToken.transferFrom (/sb/BurnableToken_1.sol#163) is not in mixedCase
Parameter '_spender' of StandardToken.approve (/sb/BurnableToken_1.sol#188) is not in mixedCase
Parameter '_value' of StandardToken.approve (/sb/BurnableToken_1.sol#188) is not in mixedCase
Parameter '_spender' of StandardToken.increaseApproval (/sb/BurnableToken_1.sol#221) is not in mixedCase
Parameter '_addedValue' of StandardToken.increaseApproval (/sb/BurnableToken_1.sol#222) is not in mixedCase
Parameter '_spender' of StandardToken.decreaseApproval (/sb/BurnableToken_1.sol#243) is not in mixedCase
Parameter '_subtractedValue' of StandardToken.decreaseApproval (/sb/BurnableToken_1.sol#244) is not in mixedCase
Parameter '_value' of BurnableToken.burn (/sb/BurnableToken_1.sol#275) is not in mixedCase
Reference: https://github.com/trailofbits/slither/wiki/Detectors-Documentation#conformance-to-solidity-naming-conventions[0m
INFO:Slither:/sb/BurnableToken_1.sol analyzed (6 contracts), 38 result(s) found
