2023-07-03 16:17:01,470: [11] m.main:INFO: Registered plugins: IntrospectionAPIPlugin, <class 'manticore.ethereum.plugins.SkipRevertBasicBlocks'>, <class 'manticore.ethereum.plugins.FilterFunctions'>
2023-07-03 16:17:01,470: [11] m.main:INFO: Beginning analysis
2023-07-03 16:17:01,472: [11] m.e.manticore:INFO: Starting symbolic create contract
2023-07-03 16:17:02,443: [11] m.e.manticore:INFO: Starting symbolic transaction: 0
2023-07-03 16:17:02,565: [11] m.e.manticore:INFO: 0 alive states, 1 terminated states
2023-07-03 16:17:02,629: [11] m.e.manticore:INFO: Starting symbolic transaction: 1
2023-07-03 16:17:02,825: [11] m.c.manticore:INFO: Results in /mcore_28y6m7qd
2023-07-03 16:17:02,826: [11] m.c.manticore:INFO: Total time: 0.37840914726257324
2023-07-03 16:17:03,709: [70] m.main:INFO: Registered plugins: IntrospectionAPIPlugin, <class 'manticore.ethereum.plugins.SkipRevertBasicBlocks'>, <class 'manticore.ethereum.plugins.FilterFunctions'>
2023-07-03 16:17:03,709: [70] m.main:INFO: Beginning analysis
2023-07-03 16:17:03,711: [70] m.e.manticore:INFO: Starting symbolic create contract
2023-07-03 16:17:04,582: [70] m.e.manticore:INFO: Starting symbolic transaction: 0
2023-07-03 16:17:04,742: [70] m.e.manticore:INFO: 0 alive states, 1 terminated states
2023-07-03 16:17:04,804: [70] m.e.manticore:INFO: Starting symbolic transaction: 1
2023-07-03 16:17:05,005: [70] m.c.manticore:INFO: Results in /mcore_ta1b8elo
2023-07-03 16:17:05,005: [70] m.c.manticore:INFO: Total time: 0.4204418659210205
2023-07-03 16:17:05,766: [129] m.main:INFO: Registered plugins: IntrospectionAPIPlugin, <class 'manticore.ethereum.plugins.SkipRevertBasicBlocks'>, <class 'manticore.ethereum.plugins.FilterFunctions'>
2023-07-03 16:17:05,767: [129] m.main:INFO: Beginning analysis
2023-07-03 16:17:05,769: [129] m.e.manticore:INFO: Starting symbolic create contract
2023-07-03 16:17:14,600: [129] m.e.manticore:INFO: Found a concrete globalsha3 b'\x00\x00\x00\x00\x00\x00\x00\x00\x00\x00\x00\x00\x00\x00\x00\x00\x00\x00\x00\x00\x00\x00\x00\x00\x00\x00\x00\x00\x00\x00\x00\r' -> 97569884605916225051403212656556507955018248777258318895762758024193532305077
2023-07-03 16:17:17,927: [129] m.e.manticore:INFO: Found a concrete globalsha3 b'\x00\x00\x00\x00\x00\x00\x00\x00\x00\x00\x00\x00\x00\x00\x00\x00\x00\x00\x00\x00\x00\x00\x00\x00\x00\x00\x00\x00\x00\x00\x00\x0e' -> 84800337471693920904250232874319843718400766719524250287777680170677855896573
2023-07-03 16:17:26,684: [129] m.e.manticore:INFO: Found a concrete globalsha3 b'\x00\x00\x00\x00\x00\x00\x00\x00\x00\x00\x00\x00\x00\x00\x00\x00\x00\x00\x00\x00\x00\x00\x00\x00\x00\x00\x00\x00\x00\x01\x00\x00\x00\x00\x00\x00\x00\x00\x00\x00\x00\x00\x00\x00\x00\x00\x00\x00\x00\x00\x00\x00\x00\x00\x00\x00\x00\x00\x00\x00\x00\x00\x00\x03' -> 13264339330973834875841351272333727808356279760246006731133112282086498643982
2023-07-03 16:17:32,583: [129] m.e.manticore:INFO: Failed to create contract: exception in constructor
2023-07-03 16:17:32,723: [129] m.c.manticore:INFO: Results in /mcore_d5kfgyo6
2023-07-03 16:17:32,723: [129] m.c.manticore:INFO: Total time: 26.35187792778015
