2023-07-03 16:31:59,155: [11] m.main:INFO: Registered plugins: IntrospectionAPIPlugin, <class 'manticore.ethereum.plugins.SkipRevertBasicBlocks'>, <class 'manticore.ethereum.plugins.FilterFunctions'>
2023-07-03 16:31:59,155: [11] m.main:INFO: Beginning analysis
2023-07-03 16:31:59,157: [11] m.e.manticore:INFO: Starting symbolic create contract
2023-07-03 16:31:59,179: [11] m.e.manticore:INFO: Failed to build contract ParserError: Errors : Invalid solc compilation Error: Expected identifier but got ','
   --> sb/ConsiderationPure_1.sol:820:27:
    |
820 |     ProxyRegistryInterface,
    |                           ^


. Solidity failed to generate bytecode for your contract. Check if all the abstract functions are implemented. 
Process Process-1:
Traceback (most recent call last):
  File "/usr/lib/python3.7/multiprocessing/process.py", line 297, in _bootstrap
    self.run()
  File "/usr/lib/python3.7/multiprocessing/process.py", line 99, in run
    self._target(*self._args, **self._kwargs)
  File "/usr/local/lib/python3.7/dist-packages/manticore/ethereum/manticore.py", line 1766, in worker_finalize
    finalizer(q.get_nowait())
  File "/usr/local/lib/python3.7/dist-packages/manticore/ethereum/manticore.py", line 1757, in finalizer
    if only_alive_states and last_tx.result in {"REVERT", "THROW", "TXERROR"}:
AttributeError: 'NoneType' object has no attribute 'result'
2023-07-03 16:31:59,256: [11] m.c.manticore:INFO: Results in /mcore_zesgaptx
2023-07-03 16:31:59,256: [11] m.c.manticore:WARNING: Manticore failed to run
2023-07-03 16:31:59,930: [36] m.main:INFO: Registered plugins: IntrospectionAPIPlugin, <class 'manticore.ethereum.plugins.SkipRevertBasicBlocks'>, <class 'manticore.ethereum.plugins.FilterFunctions'>
2023-07-03 16:31:59,930: [36] m.main:INFO: Beginning analysis
2023-07-03 16:31:59,933: [36] m.e.manticore:INFO: Starting symbolic create contract
2023-07-03 16:32:00,003: [36] m.e.manticore:INFO: Failed to build contract Expected Errors : Invalid solc compilation Error: Expected identifier but got ','
   --> sb/ConsiderationPure_1.sol:820:27:
    |
820 |     ProxyRegistryInterface,
    |                           ^


. Solidity failed to generate bytecode for your contract. Check if all the abstract functions are implemented. 
Process Process-1:
Traceback (most recent call last):
  File "/usr/lib/python3.7/multiprocessing/process.py", line 297, in _bootstrap
    self.run()
  File "/usr/lib/python3.7/multiprocessing/process.py", line 99, in run
    self._target(*self._args, **self._kwargs)
  File "/usr/local/lib/python3.7/dist-packages/manticore/ethereum/manticore.py", line 1766, in worker_finalize
    finalizer(q.get_nowait())
  File "/usr/local/lib/python3.7/dist-packages/manticore/ethereum/manticore.py", line 1757, in finalizer
    if only_alive_states and last_tx.result in {"REVERT", "THROW", "TXERROR"}:
AttributeError: 'NoneType' object has no attribute 'result'
2023-07-03 16:32:00,082: [36] m.c.manticore:INFO: Results in /mcore__y72in05
2023-07-03 16:32:00,083: [36] m.c.manticore:WARNING: Manticore failed to run
2023-07-03 16:32:00,818: [61] m.main:INFO: Registered plugins: IntrospectionAPIPlugin, <class 'manticore.ethereum.plugins.SkipRevertBasicBlocks'>, <class 'manticore.ethereum.plugins.FilterFunctions'>
2023-07-03 16:32:00,819: [61] m.main:INFO: Beginning analysis
2023-07-03 16:32:00,822: [61] m.e.manticore:INFO: Starting symbolic create contract
2023-07-03 16:32:00,847: [61] m.e.manticore:INFO: Failed to build contract identifier Errors : Invalid solc compilation Error: Expected identifier but got ','
   --> sb/ConsiderationPure_1.sol:820:27:
    |
820 |     ProxyRegistryInterface,
    |                           ^


. Solidity failed to generate bytecode for your contract. Check if all the abstract functions are implemented. 
Process Process-1:
Traceback (most recent call last):
  File "/usr/lib/python3.7/multiprocessing/process.py", line 297, in _bootstrap
    self.run()
  File "/usr/lib/python3.7/multiprocessing/process.py", line 99, in run
    self._target(*self._args, **self._kwargs)
  File "/usr/local/lib/python3.7/dist-packages/manticore/ethereum/manticore.py", line 1766, in worker_finalize
    finalizer(q.get_nowait())
  File "/usr/local/lib/python3.7/dist-packages/manticore/ethereum/manticore.py", line 1757, in finalizer
    if only_alive_states and last_tx.result in {"REVERT", "THROW", "TXERROR"}:
AttributeError: 'NoneType' object has no attribute 'result'
2023-07-03 16:32:00,938: [61] m.c.manticore:INFO: Results in /mcore_vn36mpel
2023-07-03 16:32:00,939: [61] m.c.manticore:WARNING: Manticore failed to run
2023-07-03 16:32:01,671: [86] m.main:INFO: Registered plugins: IntrospectionAPIPlugin, <class 'manticore.ethereum.plugins.SkipRevertBasicBlocks'>, <class 'manticore.ethereum.plugins.FilterFunctions'>
2023-07-03 16:32:01,671: [86] m.main:INFO: Beginning analysis
2023-07-03 16:32:01,674: [86] m.e.manticore:INFO: Starting symbolic create contract
2023-07-03 16:32:01,696: [86] m.e.manticore:INFO: Failed to build contract but Errors : Invalid solc compilation Error: Expected identifier but got ','
   --> sb/ConsiderationPure_1.sol:820:27:
    |
820 |     ProxyRegistryInterface,
    |                           ^


. Solidity failed to generate bytecode for your contract. Check if all the abstract functions are implemented. 
Process Process-1:
Traceback (most recent call last):
  File "/usr/lib/python3.7/multiprocessing/process.py", line 297, in _bootstrap
    self.run()
  File "/usr/lib/python3.7/multiprocessing/process.py", line 99, in run
    self._target(*self._args, **self._kwargs)
  File "/usr/local/lib/python3.7/dist-packages/manticore/ethereum/manticore.py", line 1766, in worker_finalize
    finalizer(q.get_nowait())
  File "/usr/local/lib/python3.7/dist-packages/manticore/ethereum/manticore.py", line 1757, in finalizer
    if only_alive_states and last_tx.result in {"REVERT", "THROW", "TXERROR"}:
AttributeError: 'NoneType' object has no attribute 'result'
2023-07-03 16:32:01,771: [86] m.c.manticore:INFO: Results in /mcore_wd7y8sek
2023-07-03 16:32:01,771: [86] m.c.manticore:WARNING: Manticore failed to run
2023-07-03 16:32:02,413: [111] m.main:INFO: Registered plugins: IntrospectionAPIPlugin, <class 'manticore.ethereum.plugins.SkipRevertBasicBlocks'>, <class 'manticore.ethereum.plugins.FilterFunctions'>
2023-07-03 16:32:02,413: [111] m.main:INFO: Beginning analysis
2023-07-03 16:32:02,416: [111] m.e.manticore:INFO: Starting symbolic create contract
2023-07-03 16:32:02,447: [111] m.e.manticore:INFO: Failed to build contract got Errors : Invalid solc compilation Error: Expected identifier but got ','
   --> sb/ConsiderationPure_1.sol:820:27:
    |
820 |     ProxyRegistryInterface,
    |                           ^


. Solidity failed to generate bytecode for your contract. Check if all the abstract functions are implemented. 
Process Process-1:
Traceback (most recent call last):
  File "/usr/lib/python3.7/multiprocessing/process.py", line 297, in _bootstrap
    self.run()
  File "/usr/lib/python3.7/multiprocessing/process.py", line 99, in run
    self._target(*self._args, **self._kwargs)
  File "/usr/local/lib/python3.7/dist-packages/manticore/ethereum/manticore.py", line 1766, in worker_finalize
    finalizer(q.get_nowait())
  File "/usr/local/lib/python3.7/dist-packages/manticore/ethereum/manticore.py", line 1757, in finalizer
    if only_alive_states and last_tx.result in {"REVERT", "THROW", "TXERROR"}:
AttributeError: 'NoneType' object has no attribute 'result'
2023-07-03 16:32:02,537: [111] m.c.manticore:INFO: Results in /mcore_x8lwjbwg
2023-07-03 16:32:02,537: [111] m.c.manticore:WARNING: Manticore failed to run
2023-07-03 16:32:03,273: [136] m.main:INFO: Registered plugins: IntrospectionAPIPlugin, <class 'manticore.ethereum.plugins.SkipRevertBasicBlocks'>, <class 'manticore.ethereum.plugins.FilterFunctions'>
2023-07-03 16:32:03,273: [136] m.main:INFO: Beginning analysis
2023-07-03 16:32:03,276: [136] m.e.manticore:INFO: Starting symbolic create contract
2023-07-03 16:32:03,309: [136] m.e.manticore:INFO: Failed to build contract ',' Errors : Invalid solc compilation Error: Expected identifier but got ','
   --> sb/ConsiderationPure_1.sol:820:27:
    |
820 |     ProxyRegistryInterface,
    |                           ^


. Solidity failed to generate bytecode for your contract. Check if all the abstract functions are implemented. 
Process Process-1:
Traceback (most recent call last):
  File "/usr/lib/python3.7/multiprocessing/process.py", line 297, in _bootstrap
    self.run()
  File "/usr/lib/python3.7/multiprocessing/process.py", line 99, in run
    self._target(*self._args, **self._kwargs)
  File "/usr/local/lib/python3.7/dist-packages/manticore/ethereum/manticore.py", line 1766, in worker_finalize
    finalizer(q.get_nowait())
  File "/usr/local/lib/python3.7/dist-packages/manticore/ethereum/manticore.py", line 1757, in finalizer
    if only_alive_states and last_tx.result in {"REVERT", "THROW", "TXERROR"}:
AttributeError: 'NoneType' object has no attribute 'result'
2023-07-03 16:32:03,391: [136] m.c.manticore:INFO: Results in /mcore_emzo3dq_
2023-07-03 16:32:03,392: [136] m.c.manticore:WARNING: Manticore failed to run
usage: manticore [-h] [--compile-force-framework COMPILE_FORCE_FRAMEWORK]
                 [--compile-remove-metadata]
                 [--compile-custom-build COMPILE_CUSTOM_BUILD]
                 [--ignore-compile] [--solc SOLC] [--solc-remaps SOLC_REMAPS]
                 [--solc-args SOLC_ARGS] [--solc-disable-warnings]
                 [--solc-working-dir SOLC_WORKING_DIR]
                 [--solc-solcs-select SOLC_SOLCS_SELECT]
                 [--solc-solcs-bin SOLC_SOLCS_BIN] [--solc-standard-json]
                 [--solc-force-legacy-json] [--truffle-ignore-compile]
                 [--truffle-build-directory TRUFFLE_BUILD_DIRECTORY]
                 [--truffle-version TRUFFLE_VERSION]
                 [--truffle-overwrite-config]
                 [--truffle-overwrite-version TRUFFLE_OVERWRITE_VERSION]
                 [--embark-ignore-compile] [--embark-overwrite-config]
                 [--dapp-ignore-compile] [--etherlime-ignore-compile]
                 [--etherlime-compile-arguments]
                 [--etherscan-only-source-code] [--etherscan-only-bytecode]
                 [--etherscan-apikey ETHERSCAN_API_KEY]
                 [--arbiscan-apikey ARBISCAN_API_KEY]
                 [--polygonscan-apikey POLYGONSCAN_API_KEY]
                 [--avax-apikey AVAX_API_KEY]
                 [--ftmscan-apikey FTMSCAN_API_KEY]
                 [--bscan-apikey BSCAN_API_KEY]
                 [--etherscan-export-directory ETHERSCAN_EXPORT_DIR]
                 [--waffle-ignore-compile]
                 [--waffle-config-file WAFFLE_CONFIG_FILE] [--npx-disable]
                 [--buidler-ignore-compile]
                 [--buidler-cache-directory BUIDLER_CACHE_DIRECTORY]
                 [--buidler-skip-directory-name-fix]
                 [--hardhat-ignore-compile]
                 [--hardhat-cache-directory HARDHAT_CACHE_DIRECTORY]
                 [--hardhat-artifacts-directory HARDHAT_ARTIFACTS_DIRECTORY]
                 [--coverage COVERAGE] [--no-colors] [--policy POLICY] [-v]
                 [--workspace WORKSPACE] [--version] [--config CONFIG]
                 [--entrysymbol ENTRYSYMBOL] [--data DATA] [--file FILES]
                 [--env ENV] [--pure-symbolic] [--verbose-trace]
                 [--txlimit TXLIMIT] [--txnocoverage] [--txnoether]
                 [--txaccount TXACCOUNT] [--txpreconstrain]
                 [--contract CONTRACT] [--list-detectors]
                 [--exclude DETECTORS_TO_EXCLUDE] [--exclude-all]
                 [--avoid-constant] [--limit-loops] [--no-testcases]
                 [--only-alive-testcases] [--thorough-mode]
                 [--core.compress_states CORE.COMPRESS_STATES]
                 [--core.execs_per_intermittent_cb CORE.EXECS_PER_INTERMITTENT_CB]
                 [--core.HOST CORE.HOST] [--core.PORT CORE.PORT]
                 [--core.fast_fail CORE.FAST_FAIL]
                 [--core.timeout CORE.TIMEOUT] [--core.cluster CORE.CLUSTER]
                 [--core.procs CORE.PROCS]
                 [--core.mprocessing CORE.MPROCESSING] [--core.seed CORE.SEED]
                 [--smt.timeout SMT.TIMEOUT] [--smt.memory SMT.MEMORY]
                 [--smt.maxsolutions SMT.MAXSOLUTIONS]
                 [--smt.z3_bin SMT.Z3_BIN] [--smt.cvc4_bin SMT.CVC4_BIN]
                 [--smt.yices_bin SMT.YICES_BIN]
                 [--smt.boolector_bin SMT.BOOLECTOR_BIN]
                 [--smt.defaultunsat SMT.DEFAULTUNSAT]
                 [--smt.optimize SMT.OPTIMIZE] [--smt.solver SMT.SOLVER]
                 [--workspace.prefix WORKSPACE.PREFIX]
                 [--workspace.dir WORKSPACE.DIR] [--evm.oog EVM.OOG]
                 [--evm.txfail EVM.TXFAIL]
                 [--evm.calldata_max_offset EVM.CALLDATA_MAX_OFFSET]
                 [--evm.calldata_max_size EVM.CALLDATA_MAX_SIZE]
                 [--evm.ignore_balance EVM.IGNORE_BALANCE]
                 [--evm.defaultgas EVM.DEFAULTGAS] [--evm.sha3 EVM.SHA3]
                 [--evm.sha3timeout EVM.SHA3TIMEOUT] [--evm.events EVM.EVENTS]
                 [--cli.profile CLI.PROFILE]
                 [--cli.explore_balance CLI.EXPLORE_BALANCE]
                 [--cli.skip_reverts CLI.SKIP_REVERTS]
                 [--cli.target_func CLI.TARGET_FUNC]
                 [--wasm.decode_names WASM.DECODE_NAMES]
                 [--main.recursionlimit MAIN.RECURSIONLIMIT]
                 [--native.fast_crash NATIVE.FAST_CRASH]
                 [--native.stdin_size NATIVE.STDIN_SIZE]
                 [argv [argv ...]]
manticore: error: argument --contract: expected one argument
mv: cannot stat '/mcore_*': No such file or directory
2023-07-03 16:32:04,675: [165] m.main:INFO: Registered plugins: IntrospectionAPIPlugin, <class 'manticore.ethereum.plugins.SkipRevertBasicBlocks'>, <class 'manticore.ethereum.plugins.FilterFunctions'>
2023-07-03 16:32:04,675: [165] m.main:INFO: Beginning analysis
2023-07-03 16:32:04,679: [165] m.e.manticore:INFO: Starting symbolic create contract
2023-07-03 16:32:04,706: [165] m.e.manticore:INFO: Failed to build contract /sb/ConsiderationPure_1.sol:820:27: Errors : Invalid solc compilation Error: Expected identifier but got ','
   --> sb/ConsiderationPure_1.sol:820:27:
    |
820 |     ProxyRegistryInterface,
    |                           ^


. Solidity failed to generate bytecode for your contract. Check if all the abstract functions are implemented. 
Process Process-1:
Traceback (most recent call last):
  File "/usr/lib/python3.7/multiprocessing/process.py", line 297, in _bootstrap
    self.run()
  File "/usr/lib/python3.7/multiprocessing/process.py", line 99, in run
    self._target(*self._args, **self._kwargs)
  File "/usr/local/lib/python3.7/dist-packages/manticore/ethereum/manticore.py", line 1766, in worker_finalize
    finalizer(q.get_nowait())
  File "/usr/local/lib/python3.7/dist-packages/manticore/ethereum/manticore.py", line 1757, in finalizer
    if only_alive_states and last_tx.result in {"REVERT", "THROW", "TXERROR"}:
AttributeError: 'NoneType' object has no attribute 'result'
2023-07-03 16:32:04,787: [165] m.c.manticore:INFO: Results in /mcore_fk5_d9cs
2023-07-03 16:32:04,787: [165] m.c.manticore:WARNING: Manticore failed to run
2023-07-03 16:32:05,468: [190] m.main:INFO: Registered plugins: IntrospectionAPIPlugin, <class 'manticore.ethereum.plugins.SkipRevertBasicBlocks'>, <class 'manticore.ethereum.plugins.FilterFunctions'>
2023-07-03 16:32:05,468: [190] m.main:INFO: Beginning analysis
2023-07-03 16:32:05,471: [190] m.e.manticore:INFO: Starting symbolic create contract
2023-07-03 16:32:05,492: [190] m.e.manticore:INFO: Failed to build contract | Errors : Invalid solc compilation Error: Expected identifier but got ','
   --> sb/ConsiderationPure_1.sol:820:27:
    |
820 |     ProxyRegistryInterface,
    |                           ^


. Solidity failed to generate bytecode for your contract. Check if all the abstract functions are implemented. 
Process Process-2:
Traceback (most recent call last):
  File "/usr/lib/python3.7/multiprocessing/process.py", line 297, in _bootstrap
    self.run()
  File "/usr/lib/python3.7/multiprocessing/process.py", line 99, in run
    self._target(*self._args, **self._kwargs)
  File "/usr/local/lib/python3.7/dist-packages/manticore/ethereum/manticore.py", line 1766, in worker_finalize
    finalizer(q.get_nowait())
  File "/usr/local/lib/python3.7/dist-packages/manticore/ethereum/manticore.py", line 1757, in finalizer
    if only_alive_states and last_tx.result in {"REVERT", "THROW", "TXERROR"}:
AttributeError: 'NoneType' object has no attribute 'result'
2023-07-03 16:32:05,558: [190] m.c.manticore:INFO: Results in /mcore_3tiiuupj
2023-07-03 16:32:05,559: [190] m.c.manticore:WARNING: Manticore failed to run
2023-07-03 16:32:06,195: [215] m.main:INFO: Registered plugins: IntrospectionAPIPlugin, <class 'manticore.ethereum.plugins.SkipRevertBasicBlocks'>, <class 'manticore.ethereum.plugins.FilterFunctions'>
2023-07-03 16:32:06,195: [215] m.main:INFO: Beginning analysis
2023-07-03 16:32:06,197: [215] m.e.manticore:INFO: Starting symbolic create contract
2023-07-03 16:32:06,217: [215] m.e.manticore:INFO: Failed to build contract 820 Errors : Invalid solc compilation Error: Expected identifier but got ','
   --> sb/ConsiderationPure_1.sol:820:27:
    |
820 |     ProxyRegistryInterface,
    |                           ^


. Solidity failed to generate bytecode for your contract. Check if all the abstract functions are implemented. 
Process Process-1:
Traceback (most recent call last):
  File "/usr/lib/python3.7/multiprocessing/process.py", line 297, in _bootstrap
    self.run()
  File "/usr/lib/python3.7/multiprocessing/process.py", line 99, in run
    self._target(*self._args, **self._kwargs)
  File "/usr/local/lib/python3.7/dist-packages/manticore/ethereum/manticore.py", line 1766, in worker_finalize
    finalizer(q.get_nowait())
  File "/usr/local/lib/python3.7/dist-packages/manticore/ethereum/manticore.py", line 1757, in finalizer
    if only_alive_states and last_tx.result in {"REVERT", "THROW", "TXERROR"}:
AttributeError: 'NoneType' object has no attribute 'result'
2023-07-03 16:32:06,295: [215] m.c.manticore:INFO: Results in /mcore_2axu6wdz
2023-07-03 16:32:06,295: [215] m.c.manticore:WARNING: Manticore failed to run
2023-07-03 16:32:06,982: [240] m.main:INFO: Registered plugins: IntrospectionAPIPlugin, <class 'manticore.ethereum.plugins.SkipRevertBasicBlocks'>, <class 'manticore.ethereum.plugins.FilterFunctions'>
2023-07-03 16:32:06,982: [240] m.main:INFO: Beginning analysis
2023-07-03 16:32:06,986: [240] m.e.manticore:INFO: Starting symbolic create contract
2023-07-03 16:32:07,012: [240] m.e.manticore:INFO: Failed to build contract | Errors : Invalid solc compilation Error: Expected identifier but got ','
   --> sb/ConsiderationPure_1.sol:820:27:
    |
820 |     ProxyRegistryInterface,
    |                           ^


. Solidity failed to generate bytecode for your contract. Check if all the abstract functions are implemented. 
Process Process-1:
Traceback (most recent call last):
  File "/usr/lib/python3.7/multiprocessing/process.py", line 297, in _bootstrap
    self.run()
  File "/usr/lib/python3.7/multiprocessing/process.py", line 99, in run
    self._target(*self._args, **self._kwargs)
  File "/usr/local/lib/python3.7/dist-packages/manticore/ethereum/manticore.py", line 1766, in worker_finalize
    finalizer(q.get_nowait())
  File "/usr/local/lib/python3.7/dist-packages/manticore/ethereum/manticore.py", line 1757, in finalizer
    if only_alive_states and last_tx.result in {"REVERT", "THROW", "TXERROR"}:
AttributeError: 'NoneType' object has no attribute 'result'
2023-07-03 16:32:07,081: [240] m.c.manticore:INFO: Results in /mcore_uehoy_oz
2023-07-03 16:32:07,082: [240] m.c.manticore:WARNING: Manticore failed to run
2023-07-03 16:32:07,762: [265] m.main:INFO: Registered plugins: IntrospectionAPIPlugin, <class 'manticore.ethereum.plugins.SkipRevertBasicBlocks'>, <class 'manticore.ethereum.plugins.FilterFunctions'>
2023-07-03 16:32:07,762: [265] m.main:INFO: Beginning analysis
2023-07-03 16:32:07,766: [265] m.e.manticore:INFO: Starting symbolic create contract
2023-07-03 16:32:07,797: [265] m.e.manticore:INFO: Failed to build contract ProxyRegistryInterface, Errors : Invalid solc compilation Error: Expected identifier but got ','
   --> sb/ConsiderationPure_1.sol:820:27:
    |
820 |     ProxyRegistryInterface,
    |                           ^


. Solidity failed to generate bytecode for your contract. Check if all the abstract functions are implemented. 
Process Process-1:
Traceback (most recent call last):
  File "/usr/lib/python3.7/multiprocessing/process.py", line 297, in _bootstrap
    self.run()
  File "/usr/lib/python3.7/multiprocessing/process.py", line 99, in run
    self._target(*self._args, **self._kwargs)
  File "/usr/local/lib/python3.7/dist-packages/manticore/ethereum/manticore.py", line 1766, in worker_finalize
    finalizer(q.get_nowait())
  File "/usr/local/lib/python3.7/dist-packages/manticore/ethereum/manticore.py", line 1757, in finalizer
    if only_alive_states and last_tx.result in {"REVERT", "THROW", "TXERROR"}:
AttributeError: 'NoneType' object has no attribute 'result'
2023-07-03 16:32:07,874: [265] m.c.manticore:INFO: Results in /mcore_yt36h77c
2023-07-03 16:32:07,875: [265] m.c.manticore:WARNING: Manticore failed to run
2023-07-03 16:32:08,535: [290] m.main:INFO: Registered plugins: IntrospectionAPIPlugin, <class 'manticore.ethereum.plugins.SkipRevertBasicBlocks'>, <class 'manticore.ethereum.plugins.FilterFunctions'>
2023-07-03 16:32:08,536: [290] m.main:INFO: Beginning analysis
2023-07-03 16:32:08,538: [290] m.e.manticore:INFO: Starting symbolic create contract
2023-07-03 16:32:08,568: [290] m.e.manticore:INFO: Failed to build contract | Errors : Invalid solc compilation Error: Expected identifier but got ','
   --> sb/ConsiderationPure_1.sol:820:27:
    |
820 |     ProxyRegistryInterface,
    |                           ^


. Solidity failed to generate bytecode for your contract. Check if all the abstract functions are implemented. 
Process Process-1:
Traceback (most recent call last):
  File "/usr/lib/python3.7/multiprocessing/process.py", line 297, in _bootstrap
    self.run()
  File "/usr/lib/python3.7/multiprocessing/process.py", line 99, in run
    self._target(*self._args, **self._kwargs)
  File "/usr/local/lib/python3.7/dist-packages/manticore/ethereum/manticore.py", line 1766, in worker_finalize
    finalizer(q.get_nowait())
  File "/usr/local/lib/python3.7/dist-packages/manticore/ethereum/manticore.py", line 1757, in finalizer
    if only_alive_states and last_tx.result in {"REVERT", "THROW", "TXERROR"}:
AttributeError: 'NoneType' object has no attribute 'result'
2023-07-03 16:32:08,649: [290] m.c.manticore:INFO: Results in /mcore_f1qwnafa
2023-07-03 16:32:08,650: [290] m.c.manticore:WARNING: Manticore failed to run
2023-07-03 16:32:09,355: [315] m.main:INFO: Registered plugins: IntrospectionAPIPlugin, <class 'manticore.ethereum.plugins.SkipRevertBasicBlocks'>, <class 'manticore.ethereum.plugins.FilterFunctions'>
2023-07-03 16:32:09,355: [315] m.main:INFO: Beginning analysis
2023-07-03 16:32:09,358: [315] m.e.manticore:INFO: Starting symbolic create contract
2023-07-03 16:32:09,391: [315] m.e.manticore:INFO: Failed to build contract ^ Errors : Invalid solc compilation Error: Expected identifier but got ','
   --> sb/ConsiderationPure_1.sol:820:27:
    |
820 |     ProxyRegistryInterface,
    |                           ^


. Solidity failed to generate bytecode for your contract. Check if all the abstract functions are implemented. 
Process Process-1:
Traceback (most recent call last):
  File "/usr/lib/python3.7/multiprocessing/process.py", line 297, in _bootstrap
    self.run()
  File "/usr/lib/python3.7/multiprocessing/process.py", line 99, in run
    self._target(*self._args, **self._kwargs)
  File "/usr/local/lib/python3.7/dist-packages/manticore/ethereum/manticore.py", line 1766, in worker_finalize
    finalizer(q.get_nowait())
  File "/usr/local/lib/python3.7/dist-packages/manticore/ethereum/manticore.py", line 1757, in finalizer
    if only_alive_states and last_tx.result in {"REVERT", "THROW", "TXERROR"}:
AttributeError: 'NoneType' object has no attribute 'result'
2023-07-03 16:32:09,474: [315] m.c.manticore:INFO: Results in /mcore_i5axpdv6
2023-07-03 16:32:09,474: [315] m.c.manticore:WARNING: Manticore failed to run
