2023-07-03 16:05:10,471: [11] m.main:INFO: Registered plugins: IntrospectionAPIPlugin, <class 'manticore.ethereum.plugins.SkipRevertBasicBlocks'>, <class 'manticore.ethereum.plugins.FilterFunctions'>
2023-07-03 16:05:10,471: [11] m.main:INFO: Beginning analysis
2023-07-03 16:05:10,473: [11] m.e.manticore:INFO: Starting symbolic create contract
2023-07-03 16:05:11,931: [11] m.e.manticore:INFO: Starting symbolic transaction: 0
2023-07-03 16:05:12,070: [11] m.e.manticore:INFO: 0 alive states, 1 terminated states
2023-07-03 16:05:12,127: [11] m.e.manticore:INFO: Starting symbolic transaction: 1
2023-07-03 16:05:12,361: [11] m.c.manticore:INFO: Results in /mcore_8mzfnpvm
2023-07-03 16:05:12,361: [11] m.c.manticore:INFO: Total time: 0.4222712516784668
2023-07-03 16:05:13,061: [70] m.main:INFO: Registered plugins: IntrospectionAPIPlugin, <class 'manticore.ethereum.plugins.SkipRevertBasicBlocks'>, <class 'manticore.ethereum.plugins.FilterFunctions'>
2023-07-03 16:05:13,061: [70] m.main:INFO: Beginning analysis
2023-07-03 16:05:13,064: [70] m.e.manticore:INFO: Starting symbolic create contract
2023-07-03 16:05:14,479: [70] m.e.manticore:INFO: Starting symbolic transaction: 0
2023-07-03 16:05:14,615: [70] m.e.manticore:INFO: 0 alive states, 1 terminated states
2023-07-03 16:05:14,668: [70] m.e.manticore:INFO: Starting symbolic transaction: 1
2023-07-03 16:05:14,895: [70] m.c.manticore:INFO: Results in /mcore_2z9gqdu5
2023-07-03 16:05:14,895: [70] m.c.manticore:INFO: Total time: 0.4098389148712158
2023-07-03 16:05:15,724: [129] m.main:INFO: Registered plugins: IntrospectionAPIPlugin, <class 'manticore.ethereum.plugins.SkipRevertBasicBlocks'>, <class 'manticore.ethereum.plugins.FilterFunctions'>
2023-07-03 16:05:15,725: [129] m.main:INFO: Beginning analysis
2023-07-03 16:05:15,729: [129] m.e.manticore:INFO: Starting symbolic create contract
2023-07-03 16:05:17,634: [129] m.e.manticore:INFO: Starting symbolic transaction: 0
2023-07-03 16:05:22,859: [129] m.e.manticore:INFO: 0 alive states, 3 terminated states
2023-07-03 16:05:23,153: [129] m.c.manticore:INFO: Results in /mcore_2aumgj4f
2023-07-03 16:05:23,153: [129] m.c.manticore:INFO: Total time: 5.502401828765869
2023-07-03 16:05:23,772: [200] m.main:INFO: Registered plugins: IntrospectionAPIPlugin, <class 'manticore.ethereum.plugins.SkipRevertBasicBlocks'>, <class 'manticore.ethereum.plugins.FilterFunctions'>
2023-07-03 16:05:23,772: [200] m.main:INFO: Beginning analysis
2023-07-03 16:05:23,774: [200] m.e.manticore:INFO: Starting symbolic create contract
