INFO:Slither:Compilation warnings/errors on /sb/OneSwapBuyback_1.sol:
Warning: SPDX license identifier not provided in source file. Before publishing, consider adding a comment containing "SPDX-License-Identifier: <SPDX-License>" to each source file. Use "SPDX-License-Identifier: UNLICENSED" for non-open-source code. Please see https://spdx.org for more information.
--> /sb/OneSwapBuyback_1.sol


INFO:Detectors:[93m
OneSwapBuyback.removeMainToken (/sb/OneSwapBuyback_1.sol#206-221) does not use the value returned by external calls:
	-_mainTokenArr.pop() (/sb/OneSwapBuyback_1.sol#219)
OneSwapBuyback._removeLiquidity (/sb/OneSwapBuyback_1.sol#238-255) does not use the value returned by external calls:
	-IERC20(pair).approve(router,amt) (/sb/OneSwapBuyback_1.sol#245)
	-IOneSwapRouter(router).removeLiquidity(pair,amt,0,0,address(this),_MAX_UINT256) (/sb/OneSwapBuyback_1.sol#246-247)
OneSwapBuyback._swapForMainToken (/sb/OneSwapBuyback_1.sol#263-287) does not use the value returned by external calls:
	-IERC20(minorToken).approve(router,minorTokenAmt) (/sb/OneSwapBuyback_1.sol#284)
	-IOneSwapRouter(router).swapToken(minorToken,minorTokenAmt,0,path,address(this),_MAX_UINT256) (/sb/OneSwapBuyback_1.sol#285-286)
OneSwapBuyback._swapForOnesAndBurn (/sb/OneSwapBuyback_1.sol#300-317) does not use the value returned by external calls:
	-IERC20(token).approve(router,tokenAmt) (/sb/OneSwapBuyback_1.sol#314)
	-IOneSwapRouter(router).swapToken(token,tokenAmt,0,path,address(this),_MAX_UINT256) (/sb/OneSwapBuyback_1.sol#315-316)
Reference: https://github.com/trailofbits/slither/wiki/Detectors-Documentation#unused-return[0m
INFO:Detectors:[92m
Reentrancy in OneSwapBuyback.addMainToken (/sb/OneSwapBuyback_1.sol#197-203):
	External calls:
	- require(bool,string)(msg.sender == IOneSwapToken(ones).owner(),OneSwapBuyback: NOT_ONES_OWNER) (/sb/OneSwapBuyback_1.sol#198)
	State variables written after the call(s):
	- _mainTokenArr (/sb/OneSwapBuyback_1.sol#201)
	- _mainTokens (/sb/OneSwapBuyback_1.sol#200)
Reentrancy in OneSwapBuyback.removeMainToken (/sb/OneSwapBuyback_1.sol#206-221):
	External calls:
	- require(bool,string)(msg.sender == IOneSwapToken(ones).owner(),OneSwapBuyback: NOT_ONES_OWNER) (/sb/OneSwapBuyback_1.sol#207)
	State variables written after the call(s):
	- _mainTokenArr (/sb/OneSwapBuyback_1.sol#215)
	- _mainTokens (/sb/OneSwapBuyback_1.sol#211)
Reference: https://github.com/trailofbits/slither/wiki/Detectors-Documentation#reentrancy-vulnerabilities-2[0m
INFO:Detectors:[92m
Detected issues with version pragma in /sb/OneSwapBuyback_1.sol:
	- pragma solidity^0.6.6 (/sb/OneSwapBuyback_1.sol#1): it allows old versions
Reference: https://github.com/trailofbits/slither/wiki/Detectors-Documentation#incorrect-version-of-solidity[0m
INFO:Detectors:[92m
Parameter '' of IOneSwapBlackList.isBlackListed (/sb/OneSwapBuyback_1.sol#30) is not in mixedCase
Parameter '' of IOneSwapFactory.setFeeTo (/sb/OneSwapBuyback_1.sol#50) is not in mixedCase
Parameter '' of IOneSwapFactory.setFeeToSetter (/sb/OneSwapBuyback_1.sol#51) is not in mixedCase
Parameter '_weth' of OneSwapBuyback. (/sb/OneSwapBuyback_1.sol#183) is not in mixedCase
Parameter '_ones' of OneSwapBuyback. (/sb/OneSwapBuyback_1.sol#183) is not in mixedCase
Parameter '_router' of OneSwapBuyback. (/sb/OneSwapBuyback_1.sol#183) is not in mixedCase
Parameter '_factory' of OneSwapBuyback. (/sb/OneSwapBuyback_1.sol#183) is not in mixedCase
Function 'OneSwapBuyback._removeLiquidity' (/sb/OneSwapBuyback_1.sol#238-255) is not in mixedCase
Function 'OneSwapBuyback._swapForMainToken' (/sb/OneSwapBuyback_1.sol#263-287) is not in mixedCase
Function 'OneSwapBuyback._swapForOnesAndBurn' (/sb/OneSwapBuyback_1.sol#300-317) is not in mixedCase
Reference: https://github.com/trailofbits/slither/wiki/Detectors-Documentation#conformance-to-solidity-naming-conventions[0m
INFO:Slither:/sb/OneSwapBuyback_1.sol analyzed (7 contracts), 17 result(s) found
