2023-07-03 15:49:26,095: [11] m.main:INFO: Registered plugins: IntrospectionAPIPlugin, <class 'manticore.ethereum.plugins.SkipRevertBasicBlocks'>, <class 'manticore.ethereum.plugins.FilterFunctions'>
2023-07-03 15:49:26,095: [11] m.main:INFO: Beginning analysis
2023-07-03 15:49:26,098: [11] m.e.manticore:INFO: Starting symbolic create contract
2023-07-03 15:49:27,567: [11] m.e.manticore:INFO: Starting symbolic transaction: 0
2023-07-03 15:49:27,676: [11] m.e.manticore:INFO: 0 alive states, 1 terminated states
2023-07-03 15:49:27,724: [11] m.e.manticore:INFO: Starting symbolic transaction: 1
2023-07-03 15:49:27,950: [11] m.c.manticore:INFO: Results in /mcore_mnb22_17
2023-07-03 15:49:27,950: [11] m.c.manticore:INFO: Total time: 0.379608154296875
2023-07-03 15:49:28,619: [70] m.main:INFO: Registered plugins: IntrospectionAPIPlugin, <class 'manticore.ethereum.plugins.SkipRevertBasicBlocks'>, <class 'manticore.ethereum.plugins.FilterFunctions'>
2023-07-03 15:49:28,619: [70] m.main:INFO: Beginning analysis
2023-07-03 15:49:28,622: [70] m.e.manticore:INFO: Starting symbolic create contract
2023-07-03 15:49:30,165: [70] m.e.manticore:INFO: Starting symbolic transaction: 0
2023-07-03 15:49:30,303: [70] m.e.manticore:INFO: 0 alive states, 1 terminated states
2023-07-03 15:49:30,343: [70] m.e.manticore:INFO: Starting symbolic transaction: 1
2023-07-03 15:49:30,589: [70] m.c.manticore:INFO: Results in /mcore_y46_6611
2023-07-03 15:49:30,590: [70] m.c.manticore:INFO: Total time: 0.42099690437316895
2023-07-03 15:49:31,258: [129] m.main:INFO: Registered plugins: IntrospectionAPIPlugin, <class 'manticore.ethereum.plugins.SkipRevertBasicBlocks'>, <class 'manticore.ethereum.plugins.FilterFunctions'>
2023-07-03 15:49:31,259: [129] m.main:INFO: Beginning analysis
2023-07-03 15:49:31,261: [129] m.e.manticore:INFO: Starting symbolic create contract
2023-07-03 15:49:33,568: [129] m.e.manticore:INFO: Starting symbolic transaction: 0
2023-07-03 15:49:39,244: [129] m.e.manticore:INFO: 0 alive states, 3 terminated states
2023-07-03 15:49:39,630: [129] m.c.manticore:INFO: Results in /mcore_9uhm8gwr
2023-07-03 15:49:39,631: [129] m.c.manticore:INFO: Total time: 6.043909788131714
2023-07-03 15:49:40,291: [200] m.main:INFO: Registered plugins: IntrospectionAPIPlugin, <class 'manticore.ethereum.plugins.SkipRevertBasicBlocks'>, <class 'manticore.ethereum.plugins.FilterFunctions'>
2023-07-03 15:49:40,292: [200] m.main:INFO: Beginning analysis
2023-07-03 15:49:40,294: [200] m.e.manticore:INFO: Starting symbolic create contract
