INFO:Slither:Compilation warnings/errors on /sb/BalanceSheet_1.sol:
[91mError: Source "@paulrberg/contracts/access/Admin.sol" not found: File not found.[0m
 --> /sb/BalanceSheet_1.sol:5:1:
  |
5 | import "@paulrberg/contracts/access/Admin.sol";
  | ^^^^^^^^^^^^^^^^^^^^^^^^^^^^^^^^^^^^^^^^^^^^^^^

[91mError: Source "@paulrberg/contracts/math/Exponential.sol" not found: File not found.[0m
 --> /sb/BalanceSheet_1.sol:6:1:
  |
6 | import "@paulrberg/contracts/math/Exponential.sol";
  | ^^^^^^^^^^^^^^^^^^^^^^^^^^^^^^^^^^^^^^^^^^^^^^^^^^^

[91mError: Source "@paulrberg/contracts/token/erc20/Erc20Interface.sol" not found: File not found.[0m
 --> /sb/BalanceSheet_1.sol:7:1:
  |
7 | import "@paulrberg/contracts/token/erc20/Erc20Interface.sol";
  | ^^^^^^^^^^^^^^^^^^^^^^^^^^^^^^^^^^^^^^^^^^^^^^^^^^^^^^^^^^^^^

[91mError: Source "@paulrberg/contracts/token/erc20/SafeErc20.sol" not found: File not found.[0m
 --> /sb/BalanceSheet_1.sol:8:1:
  |
8 | import "@paulrberg/contracts/token/erc20/SafeErc20.sol";
  | ^^^^^^^^^^^^^^^^^^^^^^^^^^^^^^^^^^^^^^^^^^^^^^^^^^^^^^^^

[91mError: Source "@paulrberg/contracts/utils/ReentrancyGuard.sol" not found: File not found.[0m
 --> /sb/BalanceSheet_1.sol:9:1:
  |
9 | import "@paulrberg/contracts/utils/ReentrancyGuard.sol";
  | ^^^^^^^^^^^^^^^^^^^^^^^^^^^^^^^^^^^^^^^^^^^^^^^^^^^^^^^^

[91mError: Source "/sb/BalanceSheetInterface.sol" not found: File not found.[0m
  --> /sb/BalanceSheet_1.sol:11:1:
   |
11 | import "./BalanceSheetInterface.sol";
   | ^^^^^^^^^^^^^^^^^^^^^^^^^^^^^^^^^^^^^

[91mError: Source "/sb/FintrollerInterface.sol" not found: File not found.[0m
  --> /sb/BalanceSheet_1.sol:12:1:
   |
12 | import "./FintrollerInterface.sol";
   | ^^^^^^^^^^^^^^^^^^^^^^^^^^^^^^^^^^^

[91mError: Source "/sb/FyTokenInterface.sol" not found: File not found.[0m
  --> /sb/BalanceSheet_1.sol:13:1:
   |
13 | import "./FyTokenInterface.sol";
   | ^^^^^^^^^^^^^^^^^^^^^^^^^^^^^^^^

[91mError: Source "/sb/oracles/OraclePriceUtils.sol" not found: File not found.[0m
  --> /sb/BalanceSheet_1.sol:14:1:
   |
14 | import "./oracles/OraclePriceUtils.sol";
   | ^^^^^^^^^^^^^^^^^^^^^^^^^^^^^^^^^^^^^^^^

[91mError: Source "/sb/oracles/UniswapAnchoredViewInterface.sol" not found: File not found.[0m
  --> /sb/BalanceSheet_1.sol:15:1:
   |
15 | import "./oracles/UniswapAnchoredViewInterface.sol";
   | ^^^^^^^^^^^^^^^^^^^^^^^^^^^^^^^^^^^^^^^^^^^^^^^^^^^^


INFO:SlitherSolcParsing:No contract were found in /sb/BalanceSheet_1.sol, check the correct compilation
WARNING:Slither:[91mNo contract was analyzed[0m
INFO:Slither:/sb/BalanceSheet_1.sol analyzed (0 contracts), 0 result(s) found
