2023-07-03 16:10:55,902: [11] m.main:INFO: Registered plugins: IntrospectionAPIPlugin, <class 'manticore.ethereum.plugins.SkipRevertBasicBlocks'>, <class 'manticore.ethereum.plugins.FilterFunctions'>
2023-07-03 16:10:55,903: [11] m.main:INFO: Beginning analysis
2023-07-03 16:10:55,905: [11] m.e.manticore:INFO: Starting symbolic create contract
2023-07-03 16:10:57,256: [11] m.e.manticore:INFO: Starting symbolic transaction: 0
2023-07-03 16:10:57,433: [11] m.e.manticore:INFO: 0 alive states, 1 terminated states
2023-07-03 16:10:57,494: [11] m.e.manticore:INFO: Starting symbolic transaction: 1
2023-07-03 16:10:57,725: [11] m.c.manticore:INFO: Results in /mcore_ht54eoja
2023-07-03 16:10:57,725: [11] m.c.manticore:INFO: Total time: 0.46544671058654785
2023-07-03 16:10:58,384: [70] m.main:INFO: Registered plugins: IntrospectionAPIPlugin, <class 'manticore.ethereum.plugins.SkipRevertBasicBlocks'>, <class 'manticore.ethereum.plugins.FilterFunctions'>
2023-07-03 16:10:58,384: [70] m.main:INFO: Beginning analysis
2023-07-03 16:10:58,387: [70] m.e.manticore:INFO: Starting symbolic create contract
2023-07-03 16:10:59,888: [70] m.e.manticore:INFO: Starting symbolic transaction: 0
2023-07-03 16:11:00,015: [70] m.e.manticore:INFO: 0 alive states, 1 terminated states
2023-07-03 16:11:00,059: [70] m.e.manticore:INFO: Starting symbolic transaction: 1
2023-07-03 16:11:00,299: [70] m.c.manticore:INFO: Results in /mcore_x5p_lycg
2023-07-03 16:11:00,300: [70] m.c.manticore:INFO: Total time: 0.4090595245361328
2023-07-03 16:11:01,195: [129] m.main:INFO: Registered plugins: IntrospectionAPIPlugin, <class 'manticore.ethereum.plugins.SkipRevertBasicBlocks'>, <class 'manticore.ethereum.plugins.FilterFunctions'>
2023-07-03 16:11:01,195: [129] m.main:INFO: Beginning analysis
2023-07-03 16:11:01,198: [129] m.e.manticore:INFO: Starting symbolic create contract
2023-07-03 16:11:03,359: [129] m.e.manticore:INFO: Starting symbolic transaction: 0
2023-07-03 16:11:09,028: [129] m.e.manticore:INFO: 0 alive states, 3 terminated states
2023-07-03 16:11:09,408: [129] m.c.manticore:INFO: Results in /mcore_21305a3k
2023-07-03 16:11:09,408: [129] m.c.manticore:INFO: Total time: 6.032291650772095
2023-07-03 16:11:10,081: [197] m.main:INFO: Registered plugins: IntrospectionAPIPlugin, <class 'manticore.ethereum.plugins.SkipRevertBasicBlocks'>, <class 'manticore.ethereum.plugins.FilterFunctions'>
2023-07-03 16:11:10,081: [197] m.main:INFO: Beginning analysis
2023-07-03 16:11:10,083: [197] m.e.manticore:INFO: Starting symbolic create contract
