2023-07-03 16:38:29,143: [11] m.main:INFO: Registered plugins: IntrospectionAPIPlugin, <class 'manticore.ethereum.plugins.SkipRevertBasicBlocks'>, <class 'manticore.ethereum.plugins.FilterFunctions'>
2023-07-03 16:38:29,143: [11] m.main:INFO: Beginning analysis
2023-07-03 16:38:29,147: [11] m.e.manticore:INFO: Starting symbolic create contract
2023-07-03 16:38:29,184: [11] m.e.manticore:INFO: Failed to build contract /sb/GoodGhosting_1.sol:51:5: Errors : Invalid solc compilation Warning: SPDX license identifier not provided in source file. Before publishing, consider adding a comment containing "SPDX-License-Identifier: <SPDX-License>" to each source file. Use "SPDX-License-Identifier: UNLICENSED" for non-open-source code. Please see https://spdx.org for more information.
--> sb/GoodGhosting_1.sol

Error: No visibility specified. Did you intend to add "public"?
  --> sb/GoodGhosting_1.sol:51:5:
   |
51 |     constructor() {
   |     ^ (Relevant source part starts here and spans across multiple lines).

Error: No visibility specified. Did you intend to add "public"?
   --> sb/GoodGhosting_1.sol:125:5:
    |
125 |     constructor () {
    |     ^ (Relevant source part starts here and spans across multiple lines).


. Solidity failed to generate bytecode for your contract. Check if all the abstract functions are implemented. 
Process Process-1:
Traceback (most recent call last):
  File "/usr/lib/python3.7/multiprocessing/process.py", line 297, in _bootstrap
    self.run()
  File "/usr/lib/python3.7/multiprocessing/process.py", line 99, in run
    self._target(*self._args, **self._kwargs)
  File "/usr/local/lib/python3.7/dist-packages/manticore/ethereum/manticore.py", line 1766, in worker_finalize
    finalizer(q.get_nowait())
  File "/usr/local/lib/python3.7/dist-packages/manticore/ethereum/manticore.py", line 1757, in finalizer
    if only_alive_states and last_tx.result in {"REVERT", "THROW", "TXERROR"}:
AttributeError: 'NoneType' object has no attribute 'result'
2023-07-03 16:38:29,250: [11] m.c.manticore:INFO: Results in /mcore_nsw53c54
2023-07-03 16:38:29,250: [11] m.c.manticore:WARNING: Manticore failed to run
2023-07-03 16:38:29,937: [36] m.main:INFO: Registered plugins: IntrospectionAPIPlugin, <class 'manticore.ethereum.plugins.SkipRevertBasicBlocks'>, <class 'manticore.ethereum.plugins.FilterFunctions'>
2023-07-03 16:38:29,937: [36] m.main:INFO: Beginning analysis
2023-07-03 16:38:29,941: [36] m.e.manticore:INFO: Starting symbolic create contract
2023-07-03 16:38:29,971: [36] m.e.manticore:INFO: Failed to build contract SyntaxError: Errors : Invalid solc compilation Warning: SPDX license identifier not provided in source file. Before publishing, consider adding a comment containing "SPDX-License-Identifier: <SPDX-License>" to each source file. Use "SPDX-License-Identifier: UNLICENSED" for non-open-source code. Please see https://spdx.org for more information.
--> sb/GoodGhosting_1.sol

Error: No visibility specified. Did you intend to add "public"?
  --> sb/GoodGhosting_1.sol:51:5:
   |
51 |     constructor() {
   |     ^ (Relevant source part starts here and spans across multiple lines).

Error: No visibility specified. Did you intend to add "public"?
   --> sb/GoodGhosting_1.sol:125:5:
    |
125 |     constructor () {
    |     ^ (Relevant source part starts here and spans across multiple lines).


. Solidity failed to generate bytecode for your contract. Check if all the abstract functions are implemented. 
Process Process-1:
Traceback (most recent call last):
  File "/usr/lib/python3.7/multiprocessing/process.py", line 297, in _bootstrap
    self.run()
  File "/usr/lib/python3.7/multiprocessing/process.py", line 99, in run
    self._target(*self._args, **self._kwargs)
  File "/usr/local/lib/python3.7/dist-packages/manticore/ethereum/manticore.py", line 1766, in worker_finalize
    finalizer(q.get_nowait())
  File "/usr/local/lib/python3.7/dist-packages/manticore/ethereum/manticore.py", line 1757, in finalizer
    if only_alive_states and last_tx.result in {"REVERT", "THROW", "TXERROR"}:
AttributeError: 'NoneType' object has no attribute 'result'
2023-07-03 16:38:30,051: [36] m.c.manticore:INFO: Results in /mcore_7qf_bw91
2023-07-03 16:38:30,052: [36] m.c.manticore:WARNING: Manticore failed to run
2023-07-03 16:38:30,787: [61] m.main:INFO: Registered plugins: IntrospectionAPIPlugin, <class 'manticore.ethereum.plugins.SkipRevertBasicBlocks'>, <class 'manticore.ethereum.plugins.FilterFunctions'>
2023-07-03 16:38:30,787: [61] m.main:INFO: Beginning analysis
2023-07-03 16:38:30,792: [61] m.e.manticore:INFO: Starting symbolic create contract
2023-07-03 16:38:30,825: [61] m.e.manticore:INFO: Failed to build contract No Errors : Invalid solc compilation Warning: SPDX license identifier not provided in source file. Before publishing, consider adding a comment containing "SPDX-License-Identifier: <SPDX-License>" to each source file. Use "SPDX-License-Identifier: UNLICENSED" for non-open-source code. Please see https://spdx.org for more information.
--> sb/GoodGhosting_1.sol

Error: No visibility specified. Did you intend to add "public"?
  --> sb/GoodGhosting_1.sol:51:5:
   |
51 |     constructor() {
   |     ^ (Relevant source part starts here and spans across multiple lines).

Error: No visibility specified. Did you intend to add "public"?
   --> sb/GoodGhosting_1.sol:125:5:
    |
125 |     constructor () {
    |     ^ (Relevant source part starts here and spans across multiple lines).


. Solidity failed to generate bytecode for your contract. Check if all the abstract functions are implemented. 
Process Process-1:
Traceback (most recent call last):
  File "/usr/lib/python3.7/multiprocessing/process.py", line 297, in _bootstrap
    self.run()
  File "/usr/lib/python3.7/multiprocessing/process.py", line 99, in run
    self._target(*self._args, **self._kwargs)
  File "/usr/local/lib/python3.7/dist-packages/manticore/ethereum/manticore.py", line 1766, in worker_finalize
    finalizer(q.get_nowait())
  File "/usr/local/lib/python3.7/dist-packages/manticore/ethereum/manticore.py", line 1757, in finalizer
    if only_alive_states and last_tx.result in {"REVERT", "THROW", "TXERROR"}:
AttributeError: 'NoneType' object has no attribute 'result'
2023-07-03 16:38:30,896: [61] m.c.manticore:INFO: Results in /mcore_5dp2m_w4
2023-07-03 16:38:30,896: [61] m.c.manticore:WARNING: Manticore failed to run
2023-07-03 16:38:31,553: [86] m.main:INFO: Registered plugins: IntrospectionAPIPlugin, <class 'manticore.ethereum.plugins.SkipRevertBasicBlocks'>, <class 'manticore.ethereum.plugins.FilterFunctions'>
2023-07-03 16:38:31,553: [86] m.main:INFO: Beginning analysis
2023-07-03 16:38:31,556: [86] m.e.manticore:INFO: Starting symbolic create contract
2023-07-03 16:38:31,602: [86] m.e.manticore:INFO: Failed to build contract visibility Errors : Invalid solc compilation Warning: SPDX license identifier not provided in source file. Before publishing, consider adding a comment containing "SPDX-License-Identifier: <SPDX-License>" to each source file. Use "SPDX-License-Identifier: UNLICENSED" for non-open-source code. Please see https://spdx.org for more information.
--> sb/GoodGhosting_1.sol

Error: No visibility specified. Did you intend to add "public"?
  --> sb/GoodGhosting_1.sol:51:5:
   |
51 |     constructor() {
   |     ^ (Relevant source part starts here and spans across multiple lines).

Error: No visibility specified. Did you intend to add "public"?
   --> sb/GoodGhosting_1.sol:125:5:
    |
125 |     constructor () {
    |     ^ (Relevant source part starts here and spans across multiple lines).


. Solidity failed to generate bytecode for your contract. Check if all the abstract functions are implemented. 
Process Process-1:
Traceback (most recent call last):
  File "/usr/lib/python3.7/multiprocessing/process.py", line 297, in _bootstrap
    self.run()
  File "/usr/lib/python3.7/multiprocessing/process.py", line 99, in run
    self._target(*self._args, **self._kwargs)
  File "/usr/local/lib/python3.7/dist-packages/manticore/ethereum/manticore.py", line 1766, in worker_finalize
    finalizer(q.get_nowait())
  File "/usr/local/lib/python3.7/dist-packages/manticore/ethereum/manticore.py", line 1757, in finalizer
    if only_alive_states and last_tx.result in {"REVERT", "THROW", "TXERROR"}:
AttributeError: 'NoneType' object has no attribute 'result'
2023-07-03 16:38:31,685: [86] m.c.manticore:INFO: Results in /mcore_uzwna__9
2023-07-03 16:38:31,685: [86] m.c.manticore:WARNING: Manticore failed to run
2023-07-03 16:38:32,406: [111] m.main:INFO: Registered plugins: IntrospectionAPIPlugin, <class 'manticore.ethereum.plugins.SkipRevertBasicBlocks'>, <class 'manticore.ethereum.plugins.FilterFunctions'>
2023-07-03 16:38:32,406: [111] m.main:INFO: Beginning analysis
2023-07-03 16:38:32,410: [111] m.e.manticore:INFO: Starting symbolic create contract
2023-07-03 16:38:32,448: [111] m.e.manticore:INFO: Failed to build contract specified. Errors : Invalid solc compilation Warning: SPDX license identifier not provided in source file. Before publishing, consider adding a comment containing "SPDX-License-Identifier: <SPDX-License>" to each source file. Use "SPDX-License-Identifier: UNLICENSED" for non-open-source code. Please see https://spdx.org for more information.
--> sb/GoodGhosting_1.sol

Error: No visibility specified. Did you intend to add "public"?
  --> sb/GoodGhosting_1.sol:51:5:
   |
51 |     constructor() {
   |     ^ (Relevant source part starts here and spans across multiple lines).

Error: No visibility specified. Did you intend to add "public"?
   --> sb/GoodGhosting_1.sol:125:5:
    |
125 |     constructor () {
    |     ^ (Relevant source part starts here and spans across multiple lines).


. Solidity failed to generate bytecode for your contract. Check if all the abstract functions are implemented. 
Process Process-1:
Traceback (most recent call last):
  File "/usr/lib/python3.7/multiprocessing/process.py", line 297, in _bootstrap
    self.run()
  File "/usr/lib/python3.7/multiprocessing/process.py", line 99, in run
    self._target(*self._args, **self._kwargs)
  File "/usr/local/lib/python3.7/dist-packages/manticore/ethereum/manticore.py", line 1766, in worker_finalize
    finalizer(q.get_nowait())
  File "/usr/local/lib/python3.7/dist-packages/manticore/ethereum/manticore.py", line 1757, in finalizer
    if only_alive_states and last_tx.result in {"REVERT", "THROW", "TXERROR"}:
AttributeError: 'NoneType' object has no attribute 'result'
2023-07-03 16:38:32,512: [111] m.c.manticore:INFO: Results in /mcore_0f86zn15
2023-07-03 16:38:32,512: [111] m.c.manticore:WARNING: Manticore failed to run
2023-07-03 16:38:33,257: [136] m.main:INFO: Registered plugins: IntrospectionAPIPlugin, <class 'manticore.ethereum.plugins.SkipRevertBasicBlocks'>, <class 'manticore.ethereum.plugins.FilterFunctions'>
2023-07-03 16:38:33,257: [136] m.main:INFO: Beginning analysis
2023-07-03 16:38:33,260: [136] m.e.manticore:INFO: Starting symbolic create contract
2023-07-03 16:38:33,286: [136] m.e.manticore:INFO: Failed to build contract Did Errors : Invalid solc compilation Warning: SPDX license identifier not provided in source file. Before publishing, consider adding a comment containing "SPDX-License-Identifier: <SPDX-License>" to each source file. Use "SPDX-License-Identifier: UNLICENSED" for non-open-source code. Please see https://spdx.org for more information.
--> sb/GoodGhosting_1.sol

Error: No visibility specified. Did you intend to add "public"?
  --> sb/GoodGhosting_1.sol:51:5:
   |
51 |     constructor() {
   |     ^ (Relevant source part starts here and spans across multiple lines).

Error: No visibility specified. Did you intend to add "public"?
   --> sb/GoodGhosting_1.sol:125:5:
    |
125 |     constructor () {
    |     ^ (Relevant source part starts here and spans across multiple lines).


. Solidity failed to generate bytecode for your contract. Check if all the abstract functions are implemented. 
Process Process-1:
Traceback (most recent call last):
  File "/usr/lib/python3.7/multiprocessing/process.py", line 297, in _bootstrap
    self.run()
  File "/usr/lib/python3.7/multiprocessing/process.py", line 99, in run
    self._target(*self._args, **self._kwargs)
  File "/usr/local/lib/python3.7/dist-packages/manticore/ethereum/manticore.py", line 1766, in worker_finalize
    finalizer(q.get_nowait())
  File "/usr/local/lib/python3.7/dist-packages/manticore/ethereum/manticore.py", line 1757, in finalizer
    if only_alive_states and last_tx.result in {"REVERT", "THROW", "TXERROR"}:
AttributeError: 'NoneType' object has no attribute 'result'
2023-07-03 16:38:33,351: [136] m.c.manticore:INFO: Results in /mcore__vdltfe2
2023-07-03 16:38:33,352: [136] m.c.manticore:WARNING: Manticore failed to run
2023-07-03 16:38:34,010: [161] m.main:INFO: Registered plugins: IntrospectionAPIPlugin, <class 'manticore.ethereum.plugins.SkipRevertBasicBlocks'>, <class 'manticore.ethereum.plugins.FilterFunctions'>
2023-07-03 16:38:34,011: [161] m.main:INFO: Beginning analysis
2023-07-03 16:38:34,015: [161] m.e.manticore:INFO: Starting symbolic create contract
2023-07-03 16:38:34,039: [161] m.e.manticore:INFO: Failed to build contract you Errors : Invalid solc compilation Warning: SPDX license identifier not provided in source file. Before publishing, consider adding a comment containing "SPDX-License-Identifier: <SPDX-License>" to each source file. Use "SPDX-License-Identifier: UNLICENSED" for non-open-source code. Please see https://spdx.org for more information.
--> sb/GoodGhosting_1.sol

Error: No visibility specified. Did you intend to add "public"?
  --> sb/GoodGhosting_1.sol:51:5:
   |
51 |     constructor() {
   |     ^ (Relevant source part starts here and spans across multiple lines).

Error: No visibility specified. Did you intend to add "public"?
   --> sb/GoodGhosting_1.sol:125:5:
    |
125 |     constructor () {
    |     ^ (Relevant source part starts here and spans across multiple lines).


. Solidity failed to generate bytecode for your contract. Check if all the abstract functions are implemented. 
Process Process-1:
Traceback (most recent call last):
  File "/usr/lib/python3.7/multiprocessing/process.py", line 297, in _bootstrap
    self.run()
  File "/usr/lib/python3.7/multiprocessing/process.py", line 99, in run
    self._target(*self._args, **self._kwargs)
  File "/usr/local/lib/python3.7/dist-packages/manticore/ethereum/manticore.py", line 1766, in worker_finalize
    finalizer(q.get_nowait())
  File "/usr/local/lib/python3.7/dist-packages/manticore/ethereum/manticore.py", line 1757, in finalizer
    if only_alive_states and last_tx.result in {"REVERT", "THROW", "TXERROR"}:
AttributeError: 'NoneType' object has no attribute 'result'
2023-07-03 16:38:34,116: [161] m.c.manticore:INFO: Results in /mcore_qgto0wd1
2023-07-03 16:38:34,116: [161] m.c.manticore:WARNING: Manticore failed to run
2023-07-03 16:38:34,755: [186] m.main:INFO: Registered plugins: IntrospectionAPIPlugin, <class 'manticore.ethereum.plugins.SkipRevertBasicBlocks'>, <class 'manticore.ethereum.plugins.FilterFunctions'>
2023-07-03 16:38:34,755: [186] m.main:INFO: Beginning analysis
2023-07-03 16:38:34,758: [186] m.e.manticore:INFO: Starting symbolic create contract
2023-07-03 16:38:34,815: [186] m.e.manticore:INFO: Failed to build contract intend Errors : Invalid solc compilation Warning: SPDX license identifier not provided in source file. Before publishing, consider adding a comment containing "SPDX-License-Identifier: <SPDX-License>" to each source file. Use "SPDX-License-Identifier: UNLICENSED" for non-open-source code. Please see https://spdx.org for more information.
--> sb/GoodGhosting_1.sol

Error: No visibility specified. Did you intend to add "public"?
  --> sb/GoodGhosting_1.sol:51:5:
   |
51 |     constructor() {
   |     ^ (Relevant source part starts here and spans across multiple lines).

Error: No visibility specified. Did you intend to add "public"?
   --> sb/GoodGhosting_1.sol:125:5:
    |
125 |     constructor () {
    |     ^ (Relevant source part starts here and spans across multiple lines).


. Solidity failed to generate bytecode for your contract. Check if all the abstract functions are implemented. 
Process Process-1:
Traceback (most recent call last):
  File "/usr/lib/python3.7/multiprocessing/process.py", line 297, in _bootstrap
    self.run()
  File "/usr/lib/python3.7/multiprocessing/process.py", line 99, in run
    self._target(*self._args, **self._kwargs)
  File "/usr/local/lib/python3.7/dist-packages/manticore/ethereum/manticore.py", line 1766, in worker_finalize
    finalizer(q.get_nowait())
  File "/usr/local/lib/python3.7/dist-packages/manticore/ethereum/manticore.py", line 1757, in finalizer
    if only_alive_states and last_tx.result in {"REVERT", "THROW", "TXERROR"}:
AttributeError: 'NoneType' object has no attribute 'result'
2023-07-03 16:38:34,888: [186] m.c.manticore:INFO: Results in /mcore_ku3mhoe9
2023-07-03 16:38:34,888: [186] m.c.manticore:WARNING: Manticore failed to run
2023-07-03 16:38:35,594: [211] m.main:INFO: Registered plugins: IntrospectionAPIPlugin, <class 'manticore.ethereum.plugins.SkipRevertBasicBlocks'>, <class 'manticore.ethereum.plugins.FilterFunctions'>
2023-07-03 16:38:35,594: [211] m.main:INFO: Beginning analysis
2023-07-03 16:38:35,596: [211] m.e.manticore:INFO: Starting symbolic create contract
2023-07-03 16:38:35,635: [211] m.e.manticore:INFO: Failed to build contract to Errors : Invalid solc compilation Warning: SPDX license identifier not provided in source file. Before publishing, consider adding a comment containing "SPDX-License-Identifier: <SPDX-License>" to each source file. Use "SPDX-License-Identifier: UNLICENSED" for non-open-source code. Please see https://spdx.org for more information.
--> sb/GoodGhosting_1.sol

Error: No visibility specified. Did you intend to add "public"?
  --> sb/GoodGhosting_1.sol:51:5:
   |
51 |     constructor() {
   |     ^ (Relevant source part starts here and spans across multiple lines).

Error: No visibility specified. Did you intend to add "public"?
   --> sb/GoodGhosting_1.sol:125:5:
    |
125 |     constructor () {
    |     ^ (Relevant source part starts here and spans across multiple lines).


. Solidity failed to generate bytecode for your contract. Check if all the abstract functions are implemented. 
Process Process-1:
Traceback (most recent call last):
  File "/usr/lib/python3.7/multiprocessing/process.py", line 297, in _bootstrap
    self.run()
  File "/usr/lib/python3.7/multiprocessing/process.py", line 99, in run
    self._target(*self._args, **self._kwargs)
  File "/usr/local/lib/python3.7/dist-packages/manticore/ethereum/manticore.py", line 1766, in worker_finalize
    finalizer(q.get_nowait())
  File "/usr/local/lib/python3.7/dist-packages/manticore/ethereum/manticore.py", line 1757, in finalizer
    if only_alive_states and last_tx.result in {"REVERT", "THROW", "TXERROR"}:
AttributeError: 'NoneType' object has no attribute 'result'
2023-07-03 16:38:35,707: [211] m.c.manticore:INFO: Results in /mcore_xw_udodo
2023-07-03 16:38:35,707: [211] m.c.manticore:WARNING: Manticore failed to run
2023-07-03 16:38:36,398: [236] m.main:INFO: Registered plugins: IntrospectionAPIPlugin, <class 'manticore.ethereum.plugins.SkipRevertBasicBlocks'>, <class 'manticore.ethereum.plugins.FilterFunctions'>
2023-07-03 16:38:36,398: [236] m.main:INFO: Beginning analysis
2023-07-03 16:38:36,400: [236] m.e.manticore:INFO: Starting symbolic create contract
2023-07-03 16:38:36,436: [236] m.e.manticore:INFO: Failed to build contract add Errors : Invalid solc compilation Warning: SPDX license identifier not provided in source file. Before publishing, consider adding a comment containing "SPDX-License-Identifier: <SPDX-License>" to each source file. Use "SPDX-License-Identifier: UNLICENSED" for non-open-source code. Please see https://spdx.org for more information.
--> sb/GoodGhosting_1.sol

Error: No visibility specified. Did you intend to add "public"?
  --> sb/GoodGhosting_1.sol:51:5:
   |
51 |     constructor() {
   |     ^ (Relevant source part starts here and spans across multiple lines).

Error: No visibility specified. Did you intend to add "public"?
   --> sb/GoodGhosting_1.sol:125:5:
    |
125 |     constructor () {
    |     ^ (Relevant source part starts here and spans across multiple lines).


. Solidity failed to generate bytecode for your contract. Check if all the abstract functions are implemented. 
Process Process-1:
Traceback (most recent call last):
  File "/usr/lib/python3.7/multiprocessing/process.py", line 297, in _bootstrap
    self.run()
  File "/usr/lib/python3.7/multiprocessing/process.py", line 99, in run
    self._target(*self._args, **self._kwargs)
  File "/usr/local/lib/python3.7/dist-packages/manticore/ethereum/manticore.py", line 1766, in worker_finalize
    finalizer(q.get_nowait())
  File "/usr/local/lib/python3.7/dist-packages/manticore/ethereum/manticore.py", line 1757, in finalizer
    if only_alive_states and last_tx.result in {"REVERT", "THROW", "TXERROR"}:
AttributeError: 'NoneType' object has no attribute 'result'
2023-07-03 16:38:36,524: [236] m.c.manticore:INFO: Results in /mcore_k5jjcnsz
2023-07-03 16:38:36,524: [236] m.c.manticore:WARNING: Manticore failed to run
2023-07-03 16:38:37,179: [261] m.main:INFO: Registered plugins: IntrospectionAPIPlugin, <class 'manticore.ethereum.plugins.SkipRevertBasicBlocks'>, <class 'manticore.ethereum.plugins.FilterFunctions'>
2023-07-03 16:38:37,179: [261] m.main:INFO: Beginning analysis
2023-07-03 16:38:37,181: [261] m.e.manticore:INFO: Starting symbolic create contract
2023-07-03 16:38:37,207: [261] m.e.manticore:INFO: Failed to build contract "public"? Errors : Invalid solc compilation Warning: SPDX license identifier not provided in source file. Before publishing, consider adding a comment containing "SPDX-License-Identifier: <SPDX-License>" to each source file. Use "SPDX-License-Identifier: UNLICENSED" for non-open-source code. Please see https://spdx.org for more information.
--> sb/GoodGhosting_1.sol

Error: No visibility specified. Did you intend to add "public"?
  --> sb/GoodGhosting_1.sol:51:5:
   |
51 |     constructor() {
   |     ^ (Relevant source part starts here and spans across multiple lines).

Error: No visibility specified. Did you intend to add "public"?
   --> sb/GoodGhosting_1.sol:125:5:
    |
125 |     constructor () {
    |     ^ (Relevant source part starts here and spans across multiple lines).


. Solidity failed to generate bytecode for your contract. Check if all the abstract functions are implemented. 
Process Process-1:
Traceback (most recent call last):
  File "/usr/lib/python3.7/multiprocessing/process.py", line 297, in _bootstrap
    self.run()
  File "/usr/lib/python3.7/multiprocessing/process.py", line 99, in run
    self._target(*self._args, **self._kwargs)
  File "/usr/local/lib/python3.7/dist-packages/manticore/ethereum/manticore.py", line 1766, in worker_finalize
    finalizer(q.get_nowait())
  File "/usr/local/lib/python3.7/dist-packages/manticore/ethereum/manticore.py", line 1757, in finalizer
    if only_alive_states and last_tx.result in {"REVERT", "THROW", "TXERROR"}:
AttributeError: 'NoneType' object has no attribute 'result'
2023-07-03 16:38:37,279: [261] m.c.manticore:INFO: Results in /mcore_85mq6qag
2023-07-03 16:38:37,279: [261] m.c.manticore:WARNING: Manticore failed to run
2023-07-03 16:38:38,086: [286] m.main:INFO: Registered plugins: IntrospectionAPIPlugin, <class 'manticore.ethereum.plugins.SkipRevertBasicBlocks'>, <class 'manticore.ethereum.plugins.FilterFunctions'>
2023-07-03 16:38:38,087: [286] m.main:INFO: Beginning analysis
2023-07-03 16:38:38,090: [286] m.e.manticore:INFO: Starting symbolic create contract
2023-07-03 16:38:38,132: [286] m.e.manticore:INFO: Failed to build contract constructor() Errors : Invalid solc compilation Warning: SPDX license identifier not provided in source file. Before publishing, consider adding a comment containing "SPDX-License-Identifier: <SPDX-License>" to each source file. Use "SPDX-License-Identifier: UNLICENSED" for non-open-source code. Please see https://spdx.org for more information.
--> sb/GoodGhosting_1.sol

Error: No visibility specified. Did you intend to add "public"?
  --> sb/GoodGhosting_1.sol:51:5:
   |
51 |     constructor() {
   |     ^ (Relevant source part starts here and spans across multiple lines).

Error: No visibility specified. Did you intend to add "public"?
   --> sb/GoodGhosting_1.sol:125:5:
    |
125 |     constructor () {
    |     ^ (Relevant source part starts here and spans across multiple lines).


. Solidity failed to generate bytecode for your contract. Check if all the abstract functions are implemented. 
Process Process-1:
Traceback (most recent call last):
  File "/usr/lib/python3.7/multiprocessing/process.py", line 297, in _bootstrap
    self.run()
  File "/usr/lib/python3.7/multiprocessing/process.py", line 99, in run
    self._target(*self._args, **self._kwargs)
  File "/usr/local/lib/python3.7/dist-packages/manticore/ethereum/manticore.py", line 1766, in worker_finalize
    finalizer(q.get_nowait())
  File "/usr/local/lib/python3.7/dist-packages/manticore/ethereum/manticore.py", line 1757, in finalizer
    if only_alive_states and last_tx.result in {"REVERT", "THROW", "TXERROR"}:
AttributeError: 'NoneType' object has no attribute 'result'
2023-07-03 16:38:38,202: [286] m.c.manticore:INFO: Results in /mcore_gow5qxig
2023-07-03 16:38:38,202: [286] m.c.manticore:WARNING: Manticore failed to run
2023-07-03 16:38:38,977: [311] m.main:INFO: Registered plugins: IntrospectionAPIPlugin, <class 'manticore.ethereum.plugins.SkipRevertBasicBlocks'>, <class 'manticore.ethereum.plugins.FilterFunctions'>
2023-07-03 16:38:38,977: [311] m.main:INFO: Beginning analysis
2023-07-03 16:38:38,980: [311] m.e.manticore:INFO: Starting symbolic create contract
2023-07-03 16:38:39,023: [311] m.e.manticore:INFO: Failed to build contract { Errors : Invalid solc compilation Warning: SPDX license identifier not provided in source file. Before publishing, consider adding a comment containing "SPDX-License-Identifier: <SPDX-License>" to each source file. Use "SPDX-License-Identifier: UNLICENSED" for non-open-source code. Please see https://spdx.org for more information.
--> sb/GoodGhosting_1.sol

Error: No visibility specified. Did you intend to add "public"?
  --> sb/GoodGhosting_1.sol:51:5:
   |
51 |     constructor() {
   |     ^ (Relevant source part starts here and spans across multiple lines).

Error: No visibility specified. Did you intend to add "public"?
   --> sb/GoodGhosting_1.sol:125:5:
    |
125 |     constructor () {
    |     ^ (Relevant source part starts here and spans across multiple lines).


. Solidity failed to generate bytecode for your contract. Check if all the abstract functions are implemented. 
Process Process-1:
Traceback (most recent call last):
  File "/usr/lib/python3.7/multiprocessing/process.py", line 297, in _bootstrap
    self.run()
  File "/usr/lib/python3.7/multiprocessing/process.py", line 99, in run
    self._target(*self._args, **self._kwargs)
  File "/usr/local/lib/python3.7/dist-packages/manticore/ethereum/manticore.py", line 1766, in worker_finalize
    finalizer(q.get_nowait())
  File "/usr/local/lib/python3.7/dist-packages/manticore/ethereum/manticore.py", line 1757, in finalizer
    if only_alive_states and last_tx.result in {"REVERT", "THROW", "TXERROR"}:
AttributeError: 'NoneType' object has no attribute 'result'
2023-07-03 16:38:39,095: [311] m.c.manticore:INFO: Results in /mcore_pilga1dh
2023-07-03 16:38:39,096: [311] m.c.manticore:WARNING: Manticore failed to run
2023-07-03 16:38:39,754: [336] m.main:INFO: Registered plugins: IntrospectionAPIPlugin, <class 'manticore.ethereum.plugins.SkipRevertBasicBlocks'>, <class 'manticore.ethereum.plugins.FilterFunctions'>
2023-07-03 16:38:39,754: [336] m.main:INFO: Beginning analysis
2023-07-03 16:38:39,757: [336] m.e.manticore:INFO: Starting symbolic create contract
2023-07-03 16:38:39,797: [336] m.e.manticore:INFO: Failed to build contract ^ Errors : Invalid solc compilation Warning: SPDX license identifier not provided in source file. Before publishing, consider adding a comment containing "SPDX-License-Identifier: <SPDX-License>" to each source file. Use "SPDX-License-Identifier: UNLICENSED" for non-open-source code. Please see https://spdx.org for more information.
--> sb/GoodGhosting_1.sol

Error: No visibility specified. Did you intend to add "public"?
  --> sb/GoodGhosting_1.sol:51:5:
   |
51 |     constructor() {
   |     ^ (Relevant source part starts here and spans across multiple lines).

Error: No visibility specified. Did you intend to add "public"?
   --> sb/GoodGhosting_1.sol:125:5:
    |
125 |     constructor () {
    |     ^ (Relevant source part starts here and spans across multiple lines).


. Solidity failed to generate bytecode for your contract. Check if all the abstract functions are implemented. 
Process Process-1:
Traceback (most recent call last):
  File "/usr/lib/python3.7/multiprocessing/process.py", line 297, in _bootstrap
    self.run()
  File "/usr/lib/python3.7/multiprocessing/process.py", line 99, in run
    self._target(*self._args, **self._kwargs)
  File "/usr/local/lib/python3.7/dist-packages/manticore/ethereum/manticore.py", line 1766, in worker_finalize
    finalizer(q.get_nowait())
  File "/usr/local/lib/python3.7/dist-packages/manticore/ethereum/manticore.py", line 1757, in finalizer
    if only_alive_states and last_tx.result in {"REVERT", "THROW", "TXERROR"}:
AttributeError: 'NoneType' object has no attribute 'result'
2023-07-03 16:38:39,883: [336] m.c.manticore:INFO: Results in /mcore__m8zp6n2
2023-07-03 16:38:39,884: [336] m.c.manticore:WARNING: Manticore failed to run
2023-07-03 16:38:40,651: [361] m.main:INFO: Registered plugins: IntrospectionAPIPlugin, <class 'manticore.ethereum.plugins.SkipRevertBasicBlocks'>, <class 'manticore.ethereum.plugins.FilterFunctions'>
2023-07-03 16:38:40,651: [361] m.main:INFO: Beginning analysis
2023-07-03 16:38:40,655: [361] m.e.manticore:INFO: Starting symbolic create contract
2023-07-03 16:38:40,685: [361] m.e.manticore:INFO: Failed to build contract (Relevant Errors : Invalid solc compilation Warning: SPDX license identifier not provided in source file. Before publishing, consider adding a comment containing "SPDX-License-Identifier: <SPDX-License>" to each source file. Use "SPDX-License-Identifier: UNLICENSED" for non-open-source code. Please see https://spdx.org for more information.
--> sb/GoodGhosting_1.sol

Error: No visibility specified. Did you intend to add "public"?
  --> sb/GoodGhosting_1.sol:51:5:
   |
51 |     constructor() {
   |     ^ (Relevant source part starts here and spans across multiple lines).

Error: No visibility specified. Did you intend to add "public"?
   --> sb/GoodGhosting_1.sol:125:5:
    |
125 |     constructor () {
    |     ^ (Relevant source part starts here and spans across multiple lines).


. Solidity failed to generate bytecode for your contract. Check if all the abstract functions are implemented. 
Process Process-1:
Traceback (most recent call last):
  File "/usr/lib/python3.7/multiprocessing/process.py", line 297, in _bootstrap
    self.run()
  File "/usr/lib/python3.7/multiprocessing/process.py", line 99, in run
    self._target(*self._args, **self._kwargs)
  File "/usr/local/lib/python3.7/dist-packages/manticore/ethereum/manticore.py", line 1766, in worker_finalize
    finalizer(q.get_nowait())
  File "/usr/local/lib/python3.7/dist-packages/manticore/ethereum/manticore.py", line 1757, in finalizer
    if only_alive_states and last_tx.result in {"REVERT", "THROW", "TXERROR"}:
AttributeError: 'NoneType' object has no attribute 'result'
2023-07-03 16:38:40,763: [361] m.c.manticore:INFO: Results in /mcore_0ukfo_3r
2023-07-03 16:38:40,763: [361] m.c.manticore:WARNING: Manticore failed to run
2023-07-03 16:38:41,496: [386] m.main:INFO: Registered plugins: IntrospectionAPIPlugin, <class 'manticore.ethereum.plugins.SkipRevertBasicBlocks'>, <class 'manticore.ethereum.plugins.FilterFunctions'>
2023-07-03 16:38:41,496: [386] m.main:INFO: Beginning analysis
2023-07-03 16:38:41,499: [386] m.e.manticore:INFO: Starting symbolic create contract
2023-07-03 16:38:41,525: [386] m.e.manticore:INFO: Failed to build contract source Errors : Invalid solc compilation Warning: SPDX license identifier not provided in source file. Before publishing, consider adding a comment containing "SPDX-License-Identifier: <SPDX-License>" to each source file. Use "SPDX-License-Identifier: UNLICENSED" for non-open-source code. Please see https://spdx.org for more information.
--> sb/GoodGhosting_1.sol

Error: No visibility specified. Did you intend to add "public"?
  --> sb/GoodGhosting_1.sol:51:5:
   |
51 |     constructor() {
   |     ^ (Relevant source part starts here and spans across multiple lines).

Error: No visibility specified. Did you intend to add "public"?
   --> sb/GoodGhosting_1.sol:125:5:
    |
125 |     constructor () {
    |     ^ (Relevant source part starts here and spans across multiple lines).


. Solidity failed to generate bytecode for your contract. Check if all the abstract functions are implemented. 
Process Process-1:
Traceback (most recent call last):
  File "/usr/lib/python3.7/multiprocessing/process.py", line 297, in _bootstrap
    self.run()
  File "/usr/lib/python3.7/multiprocessing/process.py", line 99, in run
    self._target(*self._args, **self._kwargs)
  File "/usr/local/lib/python3.7/dist-packages/manticore/ethereum/manticore.py", line 1766, in worker_finalize
    finalizer(q.get_nowait())
  File "/usr/local/lib/python3.7/dist-packages/manticore/ethereum/manticore.py", line 1757, in finalizer
    if only_alive_states and last_tx.result in {"REVERT", "THROW", "TXERROR"}:
AttributeError: 'NoneType' object has no attribute 'result'
2023-07-03 16:38:41,584: [386] m.c.manticore:INFO: Results in /mcore_xka3_z6q
2023-07-03 16:38:41,584: [386] m.c.manticore:WARNING: Manticore failed to run
2023-07-03 16:38:42,241: [411] m.main:INFO: Registered plugins: IntrospectionAPIPlugin, <class 'manticore.ethereum.plugins.SkipRevertBasicBlocks'>, <class 'manticore.ethereum.plugins.FilterFunctions'>
2023-07-03 16:38:42,241: [411] m.main:INFO: Beginning analysis
2023-07-03 16:38:42,245: [411] m.e.manticore:INFO: Starting symbolic create contract
2023-07-03 16:38:42,283: [411] m.e.manticore:INFO: Failed to build contract part Errors : Invalid solc compilation Warning: SPDX license identifier not provided in source file. Before publishing, consider adding a comment containing "SPDX-License-Identifier: <SPDX-License>" to each source file. Use "SPDX-License-Identifier: UNLICENSED" for non-open-source code. Please see https://spdx.org for more information.
--> sb/GoodGhosting_1.sol

Error: No visibility specified. Did you intend to add "public"?
  --> sb/GoodGhosting_1.sol:51:5:
   |
51 |     constructor() {
   |     ^ (Relevant source part starts here and spans across multiple lines).

Error: No visibility specified. Did you intend to add "public"?
   --> sb/GoodGhosting_1.sol:125:5:
    |
125 |     constructor () {
    |     ^ (Relevant source part starts here and spans across multiple lines).


. Solidity failed to generate bytecode for your contract. Check if all the abstract functions are implemented. 
Process Process-1:
Traceback (most recent call last):
  File "/usr/lib/python3.7/multiprocessing/process.py", line 297, in _bootstrap
    self.run()
  File "/usr/lib/python3.7/multiprocessing/process.py", line 99, in run
    self._target(*self._args, **self._kwargs)
  File "/usr/local/lib/python3.7/dist-packages/manticore/ethereum/manticore.py", line 1766, in worker_finalize
    finalizer(q.get_nowait())
  File "/usr/local/lib/python3.7/dist-packages/manticore/ethereum/manticore.py", line 1757, in finalizer
    if only_alive_states and last_tx.result in {"REVERT", "THROW", "TXERROR"}:
AttributeError: 'NoneType' object has no attribute 'result'
2023-07-03 16:38:42,365: [411] m.c.manticore:INFO: Results in /mcore_hzd30bdc
2023-07-03 16:38:42,366: [411] m.c.manticore:WARNING: Manticore failed to run
2023-07-03 16:38:42,997: [436] m.main:INFO: Registered plugins: IntrospectionAPIPlugin, <class 'manticore.ethereum.plugins.SkipRevertBasicBlocks'>, <class 'manticore.ethereum.plugins.FilterFunctions'>
2023-07-03 16:38:42,997: [436] m.main:INFO: Beginning analysis
2023-07-03 16:38:42,999: [436] m.e.manticore:INFO: Starting symbolic create contract
2023-07-03 16:38:43,043: [436] m.e.manticore:INFO: Failed to build contract starts Errors : Invalid solc compilation Warning: SPDX license identifier not provided in source file. Before publishing, consider adding a comment containing "SPDX-License-Identifier: <SPDX-License>" to each source file. Use "SPDX-License-Identifier: UNLICENSED" for non-open-source code. Please see https://spdx.org for more information.
--> sb/GoodGhosting_1.sol

Error: No visibility specified. Did you intend to add "public"?
  --> sb/GoodGhosting_1.sol:51:5:
   |
51 |     constructor() {
   |     ^ (Relevant source part starts here and spans across multiple lines).

Error: No visibility specified. Did you intend to add "public"?
   --> sb/GoodGhosting_1.sol:125:5:
    |
125 |     constructor () {
    |     ^ (Relevant source part starts here and spans across multiple lines).


. Solidity failed to generate bytecode for your contract. Check if all the abstract functions are implemented. 
Process Process-1:
Traceback (most recent call last):
  File "/usr/lib/python3.7/multiprocessing/process.py", line 297, in _bootstrap
    self.run()
  File "/usr/lib/python3.7/multiprocessing/process.py", line 99, in run
    self._target(*self._args, **self._kwargs)
  File "/usr/local/lib/python3.7/dist-packages/manticore/ethereum/manticore.py", line 1766, in worker_finalize
    finalizer(q.get_nowait())
  File "/usr/local/lib/python3.7/dist-packages/manticore/ethereum/manticore.py", line 1757, in finalizer
    if only_alive_states and last_tx.result in {"REVERT", "THROW", "TXERROR"}:
AttributeError: 'NoneType' object has no attribute 'result'
2023-07-03 16:38:43,126: [436] m.c.manticore:INFO: Results in /mcore_fptpojbk
2023-07-03 16:38:43,127: [436] m.c.manticore:WARNING: Manticore failed to run
2023-07-03 16:38:43,763: [461] m.main:INFO: Registered plugins: IntrospectionAPIPlugin, <class 'manticore.ethereum.plugins.SkipRevertBasicBlocks'>, <class 'manticore.ethereum.plugins.FilterFunctions'>
2023-07-03 16:38:43,763: [461] m.main:INFO: Beginning analysis
2023-07-03 16:38:43,766: [461] m.e.manticore:INFO: Starting symbolic create contract
2023-07-03 16:38:43,793: [461] m.e.manticore:INFO: Failed to build contract here Errors : Invalid solc compilation Warning: SPDX license identifier not provided in source file. Before publishing, consider adding a comment containing "SPDX-License-Identifier: <SPDX-License>" to each source file. Use "SPDX-License-Identifier: UNLICENSED" for non-open-source code. Please see https://spdx.org for more information.
--> sb/GoodGhosting_1.sol

Error: No visibility specified. Did you intend to add "public"?
  --> sb/GoodGhosting_1.sol:51:5:
   |
51 |     constructor() {
   |     ^ (Relevant source part starts here and spans across multiple lines).

Error: No visibility specified. Did you intend to add "public"?
   --> sb/GoodGhosting_1.sol:125:5:
    |
125 |     constructor () {
    |     ^ (Relevant source part starts here and spans across multiple lines).


. Solidity failed to generate bytecode for your contract. Check if all the abstract functions are implemented. 
Process Process-1:
Traceback (most recent call last):
  File "/usr/lib/python3.7/multiprocessing/process.py", line 297, in _bootstrap
    self.run()
  File "/usr/lib/python3.7/multiprocessing/process.py", line 99, in run
    self._target(*self._args, **self._kwargs)
  File "/usr/local/lib/python3.7/dist-packages/manticore/ethereum/manticore.py", line 1766, in worker_finalize
    finalizer(q.get_nowait())
  File "/usr/local/lib/python3.7/dist-packages/manticore/ethereum/manticore.py", line 1757, in finalizer
    if only_alive_states and last_tx.result in {"REVERT", "THROW", "TXERROR"}:
AttributeError: 'NoneType' object has no attribute 'result'
2023-07-03 16:38:43,855: [461] m.c.manticore:INFO: Results in /mcore_4oixm6th
2023-07-03 16:38:43,855: [461] m.c.manticore:WARNING: Manticore failed to run
2023-07-03 16:38:44,525: [486] m.main:INFO: Registered plugins: IntrospectionAPIPlugin, <class 'manticore.ethereum.plugins.SkipRevertBasicBlocks'>, <class 'manticore.ethereum.plugins.FilterFunctions'>
2023-07-03 16:38:44,525: [486] m.main:INFO: Beginning analysis
2023-07-03 16:38:44,527: [486] m.e.manticore:INFO: Starting symbolic create contract
2023-07-03 16:38:44,571: [486] m.e.manticore:INFO: Failed to build contract and Errors : Invalid solc compilation Warning: SPDX license identifier not provided in source file. Before publishing, consider adding a comment containing "SPDX-License-Identifier: <SPDX-License>" to each source file. Use "SPDX-License-Identifier: UNLICENSED" for non-open-source code. Please see https://spdx.org for more information.
--> sb/GoodGhosting_1.sol

Error: No visibility specified. Did you intend to add "public"?
  --> sb/GoodGhosting_1.sol:51:5:
   |
51 |     constructor() {
   |     ^ (Relevant source part starts here and spans across multiple lines).

Error: No visibility specified. Did you intend to add "public"?
   --> sb/GoodGhosting_1.sol:125:5:
    |
125 |     constructor () {
    |     ^ (Relevant source part starts here and spans across multiple lines).


. Solidity failed to generate bytecode for your contract. Check if all the abstract functions are implemented. 
Process Process-1:
Traceback (most recent call last):
  File "/usr/lib/python3.7/multiprocessing/process.py", line 297, in _bootstrap
    self.run()
  File "/usr/lib/python3.7/multiprocessing/process.py", line 99, in run
    self._target(*self._args, **self._kwargs)
  File "/usr/local/lib/python3.7/dist-packages/manticore/ethereum/manticore.py", line 1766, in worker_finalize
    finalizer(q.get_nowait())
  File "/usr/local/lib/python3.7/dist-packages/manticore/ethereum/manticore.py", line 1757, in finalizer
    if only_alive_states and last_tx.result in {"REVERT", "THROW", "TXERROR"}:
AttributeError: 'NoneType' object has no attribute 'result'
2023-07-03 16:38:44,646: [486] m.c.manticore:INFO: Results in /mcore_hwlndprd
2023-07-03 16:38:44,646: [486] m.c.manticore:WARNING: Manticore failed to run
2023-07-03 16:38:45,486: [511] m.main:INFO: Registered plugins: IntrospectionAPIPlugin, <class 'manticore.ethereum.plugins.SkipRevertBasicBlocks'>, <class 'manticore.ethereum.plugins.FilterFunctions'>
2023-07-03 16:38:45,487: [511] m.main:INFO: Beginning analysis
2023-07-03 16:38:45,491: [511] m.e.manticore:INFO: Starting symbolic create contract
2023-07-03 16:38:45,512: [511] m.e.manticore:INFO: Failed to build contract spans Errors : Invalid solc compilation Warning: SPDX license identifier not provided in source file. Before publishing, consider adding a comment containing "SPDX-License-Identifier: <SPDX-License>" to each source file. Use "SPDX-License-Identifier: UNLICENSED" for non-open-source code. Please see https://spdx.org for more information.
--> sb/GoodGhosting_1.sol

Error: No visibility specified. Did you intend to add "public"?
  --> sb/GoodGhosting_1.sol:51:5:
   |
51 |     constructor() {
   |     ^ (Relevant source part starts here and spans across multiple lines).

Error: No visibility specified. Did you intend to add "public"?
   --> sb/GoodGhosting_1.sol:125:5:
    |
125 |     constructor () {
    |     ^ (Relevant source part starts here and spans across multiple lines).


. Solidity failed to generate bytecode for your contract. Check if all the abstract functions are implemented. 
Process Process-1:
Traceback (most recent call last):
  File "/usr/lib/python3.7/multiprocessing/process.py", line 297, in _bootstrap
    self.run()
  File "/usr/lib/python3.7/multiprocessing/process.py", line 99, in run
    self._target(*self._args, **self._kwargs)
  File "/usr/local/lib/python3.7/dist-packages/manticore/ethereum/manticore.py", line 1766, in worker_finalize
    finalizer(q.get_nowait())
  File "/usr/local/lib/python3.7/dist-packages/manticore/ethereum/manticore.py", line 1757, in finalizer
    if only_alive_states and last_tx.result in {"REVERT", "THROW", "TXERROR"}:
AttributeError: 'NoneType' object has no attribute 'result'
2023-07-03 16:38:45,592: [511] m.c.manticore:INFO: Results in /mcore_8vz4rzwi
2023-07-03 16:38:45,592: [511] m.c.manticore:WARNING: Manticore failed to run
2023-07-03 16:38:46,234: [536] m.main:INFO: Registered plugins: IntrospectionAPIPlugin, <class 'manticore.ethereum.plugins.SkipRevertBasicBlocks'>, <class 'manticore.ethereum.plugins.FilterFunctions'>
2023-07-03 16:38:46,234: [536] m.main:INFO: Beginning analysis
2023-07-03 16:38:46,237: [536] m.e.manticore:INFO: Starting symbolic create contract
2023-07-03 16:38:46,257: [536] m.e.manticore:INFO: Failed to build contract across Errors : Invalid solc compilation Warning: SPDX license identifier not provided in source file. Before publishing, consider adding a comment containing "SPDX-License-Identifier: <SPDX-License>" to each source file. Use "SPDX-License-Identifier: UNLICENSED" for non-open-source code. Please see https://spdx.org for more information.
--> sb/GoodGhosting_1.sol

Error: No visibility specified. Did you intend to add "public"?
  --> sb/GoodGhosting_1.sol:51:5:
   |
51 |     constructor() {
   |     ^ (Relevant source part starts here and spans across multiple lines).

Error: No visibility specified. Did you intend to add "public"?
   --> sb/GoodGhosting_1.sol:125:5:
    |
125 |     constructor () {
    |     ^ (Relevant source part starts here and spans across multiple lines).


. Solidity failed to generate bytecode for your contract. Check if all the abstract functions are implemented. 
Process Process-1:
Traceback (most recent call last):
  File "/usr/lib/python3.7/multiprocessing/process.py", line 297, in _bootstrap
    self.run()
  File "/usr/lib/python3.7/multiprocessing/process.py", line 99, in run
    self._target(*self._args, **self._kwargs)
  File "/usr/local/lib/python3.7/dist-packages/manticore/ethereum/manticore.py", line 1766, in worker_finalize
    finalizer(q.get_nowait())
  File "/usr/local/lib/python3.7/dist-packages/manticore/ethereum/manticore.py", line 1757, in finalizer
    if only_alive_states and last_tx.result in {"REVERT", "THROW", "TXERROR"}:
AttributeError: 'NoneType' object has no attribute 'result'
2023-07-03 16:38:46,330: [536] m.c.manticore:INFO: Results in /mcore_iycp9kcn
2023-07-03 16:38:46,330: [536] m.c.manticore:WARNING: Manticore failed to run
2023-07-03 16:38:46,993: [561] m.main:INFO: Registered plugins: IntrospectionAPIPlugin, <class 'manticore.ethereum.plugins.SkipRevertBasicBlocks'>, <class 'manticore.ethereum.plugins.FilterFunctions'>
2023-07-03 16:38:46,994: [561] m.main:INFO: Beginning analysis
2023-07-03 16:38:46,997: [561] m.e.manticore:INFO: Starting symbolic create contract
2023-07-03 16:38:47,029: [561] m.e.manticore:INFO: Failed to build contract multiple Errors : Invalid solc compilation Warning: SPDX license identifier not provided in source file. Before publishing, consider adding a comment containing "SPDX-License-Identifier: <SPDX-License>" to each source file. Use "SPDX-License-Identifier: UNLICENSED" for non-open-source code. Please see https://spdx.org for more information.
--> sb/GoodGhosting_1.sol

Error: No visibility specified. Did you intend to add "public"?
  --> sb/GoodGhosting_1.sol:51:5:
   |
51 |     constructor() {
   |     ^ (Relevant source part starts here and spans across multiple lines).

Error: No visibility specified. Did you intend to add "public"?
   --> sb/GoodGhosting_1.sol:125:5:
    |
125 |     constructor () {
    |     ^ (Relevant source part starts here and spans across multiple lines).


. Solidity failed to generate bytecode for your contract. Check if all the abstract functions are implemented. 
Process Process-1:
Traceback (most recent call last):
  File "/usr/lib/python3.7/multiprocessing/process.py", line 297, in _bootstrap
    self.run()
  File "/usr/lib/python3.7/multiprocessing/process.py", line 99, in run
    self._target(*self._args, **self._kwargs)
  File "/usr/local/lib/python3.7/dist-packages/manticore/ethereum/manticore.py", line 1766, in worker_finalize
    finalizer(q.get_nowait())
  File "/usr/local/lib/python3.7/dist-packages/manticore/ethereum/manticore.py", line 1757, in finalizer
    if only_alive_states and last_tx.result in {"REVERT", "THROW", "TXERROR"}:
AttributeError: 'NoneType' object has no attribute 'result'
2023-07-03 16:38:47,098: [561] m.c.manticore:INFO: Results in /mcore_j8hbteoc
2023-07-03 16:38:47,099: [561] m.c.manticore:WARNING: Manticore failed to run
2023-07-03 16:38:47,777: [586] m.main:INFO: Registered plugins: IntrospectionAPIPlugin, <class 'manticore.ethereum.plugins.SkipRevertBasicBlocks'>, <class 'manticore.ethereum.plugins.FilterFunctions'>
2023-07-03 16:38:47,778: [586] m.main:INFO: Beginning analysis
2023-07-03 16:38:47,780: [586] m.e.manticore:INFO: Starting symbolic create contract
2023-07-03 16:38:47,801: [586] m.e.manticore:INFO: Failed to build contract lines). Errors : Invalid solc compilation Warning: SPDX license identifier not provided in source file. Before publishing, consider adding a comment containing "SPDX-License-Identifier: <SPDX-License>" to each source file. Use "SPDX-License-Identifier: UNLICENSED" for non-open-source code. Please see https://spdx.org for more information.
--> sb/GoodGhosting_1.sol

Error: No visibility specified. Did you intend to add "public"?
  --> sb/GoodGhosting_1.sol:51:5:
   |
51 |     constructor() {
   |     ^ (Relevant source part starts here and spans across multiple lines).

Error: No visibility specified. Did you intend to add "public"?
   --> sb/GoodGhosting_1.sol:125:5:
    |
125 |     constructor () {
    |     ^ (Relevant source part starts here and spans across multiple lines).


. Solidity failed to generate bytecode for your contract. Check if all the abstract functions are implemented. 
Process Process-1:
Traceback (most recent call last):
  File "/usr/lib/python3.7/multiprocessing/process.py", line 297, in _bootstrap
    self.run()
  File "/usr/lib/python3.7/multiprocessing/process.py", line 99, in run
    self._target(*self._args, **self._kwargs)
  File "/usr/local/lib/python3.7/dist-packages/manticore/ethereum/manticore.py", line 1766, in worker_finalize
    finalizer(q.get_nowait())
  File "/usr/local/lib/python3.7/dist-packages/manticore/ethereum/manticore.py", line 1757, in finalizer
    if only_alive_states and last_tx.result in {"REVERT", "THROW", "TXERROR"}:
AttributeError: 'NoneType' object has no attribute 'result'
2023-07-03 16:38:47,863: [586] m.c.manticore:INFO: Results in /mcore_yfd30l3y
2023-07-03 16:38:47,864: [586] m.c.manticore:WARNING: Manticore failed to run
