2023-07-03 16:42:33,803: [11] m.main:INFO: Registered plugins: IntrospectionAPIPlugin, <class 'manticore.ethereum.plugins.SkipRevertBasicBlocks'>, <class 'manticore.ethereum.plugins.FilterFunctions'>
2023-07-03 16:42:33,804: [11] m.main:INFO: Beginning analysis
2023-07-03 16:42:33,806: [11] m.e.manticore:INFO: Starting symbolic create contract
2023-07-03 16:42:34,695: [11] m.e.manticore:INFO: Starting symbolic transaction: 0
2023-07-03 16:42:34,887: [11] m.e.manticore:INFO: 0 alive states, 1 terminated states
2023-07-03 16:42:34,955: [11] m.e.manticore:INFO: Starting symbolic transaction: 1
2023-07-03 16:42:35,168: [11] m.c.manticore:INFO: Results in /mcore_q08dfxlb
2023-07-03 16:42:35,169: [11] m.c.manticore:INFO: Total time: 0.4635508060455322
2023-07-03 16:42:35,941: [70] m.main:INFO: Registered plugins: IntrospectionAPIPlugin, <class 'manticore.ethereum.plugins.SkipRevertBasicBlocks'>, <class 'manticore.ethereum.plugins.FilterFunctions'>
2023-07-03 16:42:35,941: [70] m.main:INFO: Beginning analysis
2023-07-03 16:42:35,944: [70] m.e.manticore:INFO: Starting symbolic create contract
2023-07-03 16:42:37,020: [70] m.e.manticore:INFO: Starting symbolic transaction: 0
2023-07-03 16:42:37,191: [70] m.e.manticore:INFO: 0 alive states, 1 terminated states
2023-07-03 16:42:37,239: [70] m.e.manticore:INFO: Starting symbolic transaction: 1
2023-07-03 16:42:37,444: [70] m.c.manticore:INFO: Results in /mcore_69bsqilu
2023-07-03 16:42:37,445: [70] m.c.manticore:INFO: Total time: 0.4209420680999756
2023-07-03 16:42:38,254: [129] m.main:INFO: Registered plugins: IntrospectionAPIPlugin, <class 'manticore.ethereum.plugins.SkipRevertBasicBlocks'>, <class 'manticore.ethereum.plugins.FilterFunctions'>
2023-07-03 16:42:38,255: [129] m.main:INFO: Beginning analysis
2023-07-03 16:42:38,258: [129] m.e.manticore:INFO: Starting symbolic create contract
2023-07-03 16:42:38,791: [129] m.e.manticore:INFO: Starting symbolic transaction: 0
2023-07-03 16:42:38,958: [129] m.e.manticore:INFO: 0 alive states, 2 terminated states
2023-07-03 16:42:39,127: [129] m.c.manticore:INFO: Results in /mcore_kb_s8gm9
2023-07-03 16:42:39,127: [129] m.c.manticore:INFO: Total time: 0.3288133144378662
2023-07-03 16:42:39,930: [194] m.main:INFO: Registered plugins: IntrospectionAPIPlugin, <class 'manticore.ethereum.plugins.SkipRevertBasicBlocks'>, <class 'manticore.ethereum.plugins.FilterFunctions'>
2023-07-03 16:42:39,930: [194] m.main:INFO: Beginning analysis
2023-07-03 16:42:39,933: [194] m.e.manticore:INFO: Starting symbolic create contract
