[INFO] | 2023-07-06 06:23:10 AM | analyzer.IUniswapV2Router01_1 | Analysis started at: 2023-07-06 06:23:10 AM
[INFO] | 2023-07-06 06:23:10 AM | analyzer.IUniswapV2Router01_1 | Version constraints: ['^0.6.6']
[INFO] | 2023-07-06 06:23:10 AM | analyzer.IUniswapV2Router01_1 | solc version: v0.6.6
[INFO] | 2023-07-06 06:23:10 AM | analyzer.IUniswapV2Router01_1 | Callgraph generation started!
[INFO] | 2023-07-06 06:23:10 AM | analyzer.IUniswapV2Router01_1 | Callgraph generation finished!
[INFO] | 2023-07-06 06:23:10 AM | analyzer.IUniswapV2Router01_1 | Interprocedural CFG generation started!
[INFO] | 2023-07-06 06:23:10 AM | analyzer.IUniswapV2Router01_1 | Interprocedural CFG generation finished!
[INFO] | 2023-07-06 06:23:10 AM | analyzer.IUniswapV2Router01_1 | Storage dependency graph generation started!
[INFO] | 2023-07-06 06:23:10 AM | analyzer.IUniswapV2Router01_1 | Storage dependency graph generation finished!
[INFO] | 2023-07-06 06:23:10 AM | analyzer.IUniswapV2Router01_1 | Value Range Analysis started
[INFO] | 2023-07-06 06:23:10 AM | analyzer.IUniswapV2Router01_1 | Generating return summary for factory
[INFO] | 2023-07-06 06:23:10 AM | analyzer.IUniswapV2Router01_1 | Return summary generated for factory
[INFO] | 2023-07-06 06:23:10 AM | analyzer.IUniswapV2Router01_1 | State variable assignement do not exist
[INFO] | 2023-07-06 06:23:10 AM | analyzer.IUniswapV2Router01_1 | Processed function factory
[INFO] | 2023-07-06 06:23:10 AM | analyzer.IUniswapV2Router01_1 | Generating return summary for WETH
[INFO] | 2023-07-06 06:23:10 AM | analyzer.IUniswapV2Router01_1 | Return summary generated for WETH
[INFO] | 2023-07-06 06:23:10 AM | analyzer.IUniswapV2Router01_1 | State variable assignement do not exist
[INFO] | 2023-07-06 06:23:10 AM | analyzer.IUniswapV2Router01_1 | Processed function WETH
[INFO] | 2023-07-06 06:23:10 AM | analyzer.IUniswapV2Router01_1 | Generating return summary for addLiquidity
[INFO] | 2023-07-06 06:23:10 AM | analyzer.IUniswapV2Router01_1 | Return summary generated for addLiquidity
[INFO] | 2023-07-06 06:23:10 AM | analyzer.IUniswapV2Router01_1 | State variable assignement do not exist
[INFO] | 2023-07-06 06:23:10 AM | analyzer.IUniswapV2Router01_1 | Processed function addLiquidity
[INFO] | 2023-07-06 06:23:10 AM | analyzer.IUniswapV2Router01_1 | Generating return summary for addLiquidityETH
[INFO] | 2023-07-06 06:23:10 AM | analyzer.IUniswapV2Router01_1 | Return summary generated for addLiquidityETH
[INFO] | 2023-07-06 06:23:10 AM | analyzer.IUniswapV2Router01_1 | State variable assignement do not exist
[INFO] | 2023-07-06 06:23:10 AM | analyzer.IUniswapV2Router01_1 | Processed function addLiquidityETH
[INFO] | 2023-07-06 06:23:10 AM | analyzer.IUniswapV2Router01_1 | Generating return summary for removeLiquidity
[INFO] | 2023-07-06 06:23:10 AM | analyzer.IUniswapV2Router01_1 | Return summary generated for removeLiquidity
[INFO] | 2023-07-06 06:23:10 AM | analyzer.IUniswapV2Router01_1 | State variable assignement do not exist
[INFO] | 2023-07-06 06:23:10 AM | analyzer.IUniswapV2Router01_1 | Processed function removeLiquidity
[INFO] | 2023-07-06 06:23:10 AM | analyzer.IUniswapV2Router01_1 | Generating return summary for removeLiquidityETH
[INFO] | 2023-07-06 06:23:10 AM | analyzer.IUniswapV2Router01_1 | Return summary generated for removeLiquidityETH
[INFO] | 2023-07-06 06:23:10 AM | analyzer.IUniswapV2Router01_1 | State variable assignement do not exist
[INFO] | 2023-07-06 06:23:10 AM | analyzer.IUniswapV2Router01_1 | Processed function removeLiquidityETH
[INFO] | 2023-07-06 06:23:10 AM | analyzer.IUniswapV2Router01_1 | Generating return summary for removeLiquidityWithPermit
[INFO] | 2023-07-06 06:23:10 AM | analyzer.IUniswapV2Router01_1 | Return summary generated for removeLiquidityWithPermit
[INFO] | 2023-07-06 06:23:10 AM | analyzer.IUniswapV2Router01_1 | State variable assignement do not exist
[INFO] | 2023-07-06 06:23:10 AM | analyzer.IUniswapV2Router01_1 | Processed function removeLiquidityWithPermit
[INFO] | 2023-07-06 06:23:10 AM | analyzer.IUniswapV2Router01_1 | Generating return summary for removeLiquidityETHWithPermit
[INFO] | 2023-07-06 06:23:10 AM | analyzer.IUniswapV2Router01_1 | Return summary generated for removeLiquidityETHWithPermit
[INFO] | 2023-07-06 06:23:10 AM | analyzer.IUniswapV2Router01_1 | State variable assignement do not exist
[INFO] | 2023-07-06 06:23:10 AM | analyzer.IUniswapV2Router01_1 | Processed function removeLiquidityETHWithPermit
[INFO] | 2023-07-06 06:23:10 AM | analyzer.IUniswapV2Router01_1 | Generating return summary for swapExactTokensForTokens
[INFO] | 2023-07-06 06:23:10 AM | analyzer.IUniswapV2Router01_1 | Return summary generated for swapExactTokensForTokens
[INFO] | 2023-07-06 06:23:10 AM | analyzer.IUniswapV2Router01_1 | State variable assignement do not exist
[INFO] | 2023-07-06 06:23:10 AM | analyzer.IUniswapV2Router01_1 | Processed function swapExactTokensForTokens
[INFO] | 2023-07-06 06:23:10 AM | analyzer.IUniswapV2Router01_1 | Generating return summary for swapTokensForExactTokens
[INFO] | 2023-07-06 06:23:10 AM | analyzer.IUniswapV2Router01_1 | Return summary generated for swapTokensForExactTokens
[INFO] | 2023-07-06 06:23:10 AM | analyzer.IUniswapV2Router01_1 | State variable assignement do not exist
[INFO] | 2023-07-06 06:23:10 AM | analyzer.IUniswapV2Router01_1 | Processed function swapTokensForExactTokens
[INFO] | 2023-07-06 06:23:10 AM | analyzer.IUniswapV2Router01_1 | Generating return summary for swapExactETHForTokens
[INFO] | 2023-07-06 06:23:10 AM | analyzer.IUniswapV2Router01_1 | Return summary generated for swapExactETHForTokens
[INFO] | 2023-07-06 06:23:10 AM | analyzer.IUniswapV2Router01_1 | State variable assignement do not exist
[INFO] | 2023-07-06 06:23:10 AM | analyzer.IUniswapV2Router01_1 | Processed function swapExactETHForTokens
[INFO] | 2023-07-06 06:23:10 AM | analyzer.IUniswapV2Router01_1 | Generating return summary for swapTokensForExactETH
[INFO] | 2023-07-06 06:23:10 AM | analyzer.IUniswapV2Router01_1 | Return summary generated for swapTokensForExactETH
[INFO] | 2023-07-06 06:23:10 AM | analyzer.IUniswapV2Router01_1 | State variable assignement do not exist
[INFO] | 2023-07-06 06:23:10 AM | analyzer.IUniswapV2Router01_1 | Processed function swapTokensForExactETH
[INFO] | 2023-07-06 06:23:10 AM | analyzer.IUniswapV2Router01_1 | Generating return summary for swapExactTokensForETH
[INFO] | 2023-07-06 06:23:10 AM | analyzer.IUniswapV2Router01_1 | Return summary generated for swapExactTokensForETH
[INFO] | 2023-07-06 06:23:10 AM | analyzer.IUniswapV2Router01_1 | State variable assignement do not exist
[INFO] | 2023-07-06 06:23:10 AM | analyzer.IUniswapV2Router01_1 | Processed function swapExactTokensForETH
[INFO] | 2023-07-06 06:23:10 AM | analyzer.IUniswapV2Router01_1 | Generating return summary for swapETHForExactTokens
[INFO] | 2023-07-06 06:23:10 AM | analyzer.IUniswapV2Router01_1 | Return summary generated for swapETHForExactTokens
[INFO] | 2023-07-06 06:23:10 AM | analyzer.IUniswapV2Router01_1 | State variable assignement do not exist
[INFO] | 2023-07-06 06:23:10 AM | analyzer.IUniswapV2Router01_1 | Processed function swapETHForExactTokens
[INFO] | 2023-07-06 06:23:10 AM | analyzer.IUniswapV2Router01_1 | Generating return summary for quote
[INFO] | 2023-07-06 06:23:10 AM | analyzer.IUniswapV2Router01_1 | Return summary generated for quote
[INFO] | 2023-07-06 06:23:10 AM | analyzer.IUniswapV2Router01_1 | State variable assignement do not exist
[INFO] | 2023-07-06 06:23:10 AM | analyzer.IUniswapV2Router01_1 | Processed function quote
[INFO] | 2023-07-06 06:23:10 AM | analyzer.IUniswapV2Router01_1 | Generating return summary for getAmountOut
[INFO] | 2023-07-06 06:23:10 AM | analyzer.IUniswapV2Router01_1 | Return summary generated for getAmountOut
[INFO] | 2023-07-06 06:23:10 AM | analyzer.IUniswapV2Router01_1 | State variable assignement do not exist
[INFO] | 2023-07-06 06:23:10 AM | analyzer.IUniswapV2Router01_1 | Processed function getAmountOut
[INFO] | 2023-07-06 06:23:10 AM | analyzer.IUniswapV2Router01_1 | Generating return summary for getAmountIn
[INFO] | 2023-07-06 06:23:10 AM | analyzer.IUniswapV2Router01_1 | Return summary generated for getAmountIn
[INFO] | 2023-07-06 06:23:10 AM | analyzer.IUniswapV2Router01_1 | State variable assignement do not exist
[INFO] | 2023-07-06 06:23:10 AM | analyzer.IUniswapV2Router01_1 | Processed function getAmountIn
[INFO] | 2023-07-06 06:23:10 AM | analyzer.IUniswapV2Router01_1 | Generating return summary for getAmountsOut
[INFO] | 2023-07-06 06:23:10 AM | analyzer.IUniswapV2Router01_1 | Return summary generated for getAmountsOut
[INFO] | 2023-07-06 06:23:10 AM | analyzer.IUniswapV2Router01_1 | State variable assignement do not exist
[INFO] | 2023-07-06 06:23:10 AM | analyzer.IUniswapV2Router01_1 | Processed function getAmountsOut
[INFO] | 2023-07-06 06:23:10 AM | analyzer.IUniswapV2Router01_1 | Generating return summary for getAmountsIn
[INFO] | 2023-07-06 06:23:10 AM | analyzer.IUniswapV2Router01_1 | Return summary generated for getAmountsIn
[INFO] | 2023-07-06 06:23:10 AM | analyzer.IUniswapV2Router01_1 | State variable assignement do not exist
[INFO] | 2023-07-06 06:23:10 AM | analyzer.IUniswapV2Router01_1 | Processed function getAmountsIn
[INFO] | 2023-07-06 06:23:10 AM | analyzer.IUniswapV2Router01_1 | Value Range Analysis took 0.003140 seconds
[INFO] | 2023-07-06 06:23:10 AM | analyzer.IUniswapV2Router01_1 | Value Range Analysis finished
[INFO] | 2023-07-06 06:23:10 AM | analyzer.IUniswapV2Router01_1 | Storage dependency graph compostion started!
[INFO] | 2023-07-06 06:23:10 AM | analyzer.IUniswapV2Router01_1 | Storage dependency graph compostion finished!
[INFO] | 2023-07-06 06:23:10 AM | analyzer.IUniswapV2Router01_1 | Dependency detection started!
[INFO] | 2023-07-06 06:23:10 AM | analyzer.IUniswapV2Router01_1 | Dependency detection finished!
[INFO] | 2023-07-06 06:23:10 AM | analyzer.IUniswapV2Router01_1 | Static Analysis took 0.146073 seconds
[INFO] | 2023-07-06 06:23:10 AM | analyzer.IUniswapV2Router01_1 | Dependency does not exist
[INFO] | 2023-07-06 06:23:10 AM | analyzer.IUniswapV2Router01_1 | Symbolic execution is not needed!
[INFO] | 2023-07-06 06:23:10 AM | analyzer.IUniswapV2Router01_1 | Analysis finished!
[INFO] | 2023-07-06 06:23:10 AM | analyzer.IUniswapV2Router01_1 | Analysis took 0.146221 seconds
[INFO] | 2023-07-06 06:23:10 AM | analyzer.IUniswapV2Router01_1 | Analysis finished at: 2023-07-06 06:23:10 AM
