2023-07-03 16:48:24,046: [11] m.main:INFO: Registered plugins: IntrospectionAPIPlugin, <class 'manticore.ethereum.plugins.SkipRevertBasicBlocks'>, <class 'manticore.ethereum.plugins.FilterFunctions'>
2023-07-03 16:48:24,046: [11] m.main:INFO: Beginning analysis
2023-07-03 16:48:24,048: [11] m.e.manticore:INFO: Starting symbolic create contract
2023-07-03 16:48:25,352: [11] m.e.manticore:INFO: Starting symbolic transaction: 0
2023-07-03 16:48:25,499: [11] m.e.manticore:INFO: 0 alive states, 1 terminated states
2023-07-03 16:48:25,562: [11] m.e.manticore:INFO: Starting symbolic transaction: 1
2023-07-03 16:48:25,805: [11] m.c.manticore:INFO: Results in /mcore_w4crfax1
2023-07-03 16:48:25,805: [11] m.c.manticore:INFO: Total time: 0.44948410987854004
2023-07-03 16:48:26,515: [70] m.main:INFO: Registered plugins: IntrospectionAPIPlugin, <class 'manticore.ethereum.plugins.SkipRevertBasicBlocks'>, <class 'manticore.ethereum.plugins.FilterFunctions'>
2023-07-03 16:48:26,515: [70] m.main:INFO: Beginning analysis
2023-07-03 16:48:26,519: [70] m.e.manticore:INFO: Starting symbolic create contract
2023-07-03 16:48:27,923: [70] m.e.manticore:INFO: Starting symbolic transaction: 0
2023-07-03 16:48:28,078: [70] m.e.manticore:INFO: 0 alive states, 1 terminated states
2023-07-03 16:48:28,138: [70] m.e.manticore:INFO: Starting symbolic transaction: 1
2023-07-03 16:48:28,360: [70] m.c.manticore:INFO: Results in /mcore_t75tzws_
2023-07-03 16:48:28,360: [70] m.c.manticore:INFO: Total time: 0.43367981910705566
2023-07-03 16:48:28,994: [129] m.main:INFO: Registered plugins: IntrospectionAPIPlugin, <class 'manticore.ethereum.plugins.SkipRevertBasicBlocks'>, <class 'manticore.ethereum.plugins.FilterFunctions'>
2023-07-03 16:48:28,994: [129] m.main:INFO: Beginning analysis
2023-07-03 16:48:28,997: [129] m.e.manticore:INFO: Starting symbolic create contract
2023-07-03 16:48:30,842: [129] m.e.manticore:INFO: Starting symbolic transaction: 0
2023-07-03 16:48:36,639: [129] m.e.manticore:INFO: 0 alive states, 3 terminated states
2023-07-03 16:48:36,983: [129] m.c.manticore:INFO: Results in /mcore_vndek45_
2023-07-03 16:48:36,983: [129] m.c.manticore:INFO: Total time: 6.113546133041382
2023-07-03 16:48:37,704: [197] m.main:INFO: Registered plugins: IntrospectionAPIPlugin, <class 'manticore.ethereum.plugins.SkipRevertBasicBlocks'>, <class 'manticore.ethereum.plugins.FilterFunctions'>
2023-07-03 16:48:37,704: [197] m.main:INFO: Beginning analysis
2023-07-03 16:48:37,706: [197] m.e.manticore:INFO: Starting symbolic create contract
