2023-07-03 15:43:54,955: [11] m.main:INFO: Registered plugins: IntrospectionAPIPlugin, <class 'manticore.ethereum.plugins.SkipRevertBasicBlocks'>, <class 'manticore.ethereum.plugins.FilterFunctions'>
2023-07-03 15:43:54,956: [11] m.main:INFO: Beginning analysis
2023-07-03 15:43:54,958: [11] m.e.manticore:INFO: Starting symbolic create contract
2023-07-03 15:43:54,978: [11] m.e.manticore:INFO: Failed to build contract /sb/UniswapV3Pool_11.sol:558:1: Errors : Invalid solc compilation sb/UniswapV3Pool_11.sol:558:1: Error: Expected pragma, import directive or contract/interface/library definition.
abstract contract NoDelegateCall {
^------^

. Solidity failed to generate bytecode for your contract. Check if all the abstract functions are implemented. 
Process Process-1:
Traceback (most recent call last):
  File "/usr/lib/python3.7/multiprocessing/process.py", line 297, in _bootstrap
    self.run()
  File "/usr/lib/python3.7/multiprocessing/process.py", line 99, in run
    self._target(*self._args, **self._kwargs)
  File "/usr/local/lib/python3.7/dist-packages/manticore/ethereum/manticore.py", line 1766, in worker_finalize
    finalizer(q.get_nowait())
  File "/usr/local/lib/python3.7/dist-packages/manticore/ethereum/manticore.py", line 1757, in finalizer
    if only_alive_states and last_tx.result in {"REVERT", "THROW", "TXERROR"}:
AttributeError: 'NoneType' object has no attribute 'result'
2023-07-03 15:43:55,052: [11] m.c.manticore:INFO: Results in /mcore_iu7d4mlk
2023-07-03 15:43:55,052: [11] m.c.manticore:WARNING: Manticore failed to run
2023-07-03 15:43:55,702: [36] m.main:INFO: Registered plugins: IntrospectionAPIPlugin, <class 'manticore.ethereum.plugins.SkipRevertBasicBlocks'>, <class 'manticore.ethereum.plugins.FilterFunctions'>
2023-07-03 15:43:55,702: [36] m.main:INFO: Beginning analysis
2023-07-03 15:43:55,705: [36] m.e.manticore:INFO: Starting symbolic create contract
2023-07-03 15:43:55,728: [36] m.e.manticore:INFO: Failed to build contract ParserError: Errors : Invalid solc compilation sb/UniswapV3Pool_11.sol:558:1: Error: Expected pragma, import directive or contract/interface/library definition.
abstract contract NoDelegateCall {
^------^

. Solidity failed to generate bytecode for your contract. Check if all the abstract functions are implemented. 
Process Process-1:
Traceback (most recent call last):
  File "/usr/lib/python3.7/multiprocessing/process.py", line 297, in _bootstrap
    self.run()
  File "/usr/lib/python3.7/multiprocessing/process.py", line 99, in run
    self._target(*self._args, **self._kwargs)
  File "/usr/local/lib/python3.7/dist-packages/manticore/ethereum/manticore.py", line 1766, in worker_finalize
    finalizer(q.get_nowait())
  File "/usr/local/lib/python3.7/dist-packages/manticore/ethereum/manticore.py", line 1757, in finalizer
    if only_alive_states and last_tx.result in {"REVERT", "THROW", "TXERROR"}:
AttributeError: 'NoneType' object has no attribute 'result'
2023-07-03 15:43:55,797: [36] m.c.manticore:INFO: Results in /mcore_720i2nab
2023-07-03 15:43:55,798: [36] m.c.manticore:WARNING: Manticore failed to run
2023-07-03 15:43:56,564: [61] m.main:INFO: Registered plugins: IntrospectionAPIPlugin, <class 'manticore.ethereum.plugins.SkipRevertBasicBlocks'>, <class 'manticore.ethereum.plugins.FilterFunctions'>
2023-07-03 15:43:56,564: [61] m.main:INFO: Beginning analysis
2023-07-03 15:43:56,567: [61] m.e.manticore:INFO: Starting symbolic create contract
2023-07-03 15:43:56,608: [61] m.e.manticore:INFO: Failed to build contract Expected Errors : Invalid solc compilation sb/UniswapV3Pool_11.sol:558:1: Error: Expected pragma, import directive or contract/interface/library definition.
abstract contract NoDelegateCall {
^------^

. Solidity failed to generate bytecode for your contract. Check if all the abstract functions are implemented. 
Process Process-1:
Traceback (most recent call last):
  File "/usr/lib/python3.7/multiprocessing/process.py", line 297, in _bootstrap
    self.run()
  File "/usr/lib/python3.7/multiprocessing/process.py", line 99, in run
    self._target(*self._args, **self._kwargs)
  File "/usr/local/lib/python3.7/dist-packages/manticore/ethereum/manticore.py", line 1766, in worker_finalize
    finalizer(q.get_nowait())
  File "/usr/local/lib/python3.7/dist-packages/manticore/ethereum/manticore.py", line 1757, in finalizer
    if only_alive_states and last_tx.result in {"REVERT", "THROW", "TXERROR"}:
AttributeError: 'NoneType' object has no attribute 'result'
2023-07-03 15:43:56,673: [61] m.c.manticore:INFO: Results in /mcore_bdw07z4f
2023-07-03 15:43:56,674: [61] m.c.manticore:WARNING: Manticore failed to run
2023-07-03 15:43:57,392: [86] m.main:INFO: Registered plugins: IntrospectionAPIPlugin, <class 'manticore.ethereum.plugins.SkipRevertBasicBlocks'>, <class 'manticore.ethereum.plugins.FilterFunctions'>
2023-07-03 15:43:57,392: [86] m.main:INFO: Beginning analysis
2023-07-03 15:43:57,396: [86] m.e.manticore:INFO: Starting symbolic create contract
2023-07-03 15:43:57,421: [86] m.e.manticore:INFO: Failed to build contract pragma, Errors : Invalid solc compilation sb/UniswapV3Pool_11.sol:558:1: Error: Expected pragma, import directive or contract/interface/library definition.
abstract contract NoDelegateCall {
^------^

. Solidity failed to generate bytecode for your contract. Check if all the abstract functions are implemented. 
Process Process-1:
Traceback (most recent call last):
  File "/usr/lib/python3.7/multiprocessing/process.py", line 297, in _bootstrap
    self.run()
  File "/usr/lib/python3.7/multiprocessing/process.py", line 99, in run
    self._target(*self._args, **self._kwargs)
  File "/usr/local/lib/python3.7/dist-packages/manticore/ethereum/manticore.py", line 1766, in worker_finalize
    finalizer(q.get_nowait())
  File "/usr/local/lib/python3.7/dist-packages/manticore/ethereum/manticore.py", line 1757, in finalizer
    if only_alive_states and last_tx.result in {"REVERT", "THROW", "TXERROR"}:
AttributeError: 'NoneType' object has no attribute 'result'
2023-07-03 15:43:57,500: [86] m.c.manticore:INFO: Results in /mcore_m7b_l9ij
2023-07-03 15:43:57,501: [86] m.c.manticore:WARNING: Manticore failed to run
2023-07-03 15:43:58,290: [111] m.main:INFO: Registered plugins: IntrospectionAPIPlugin, <class 'manticore.ethereum.plugins.SkipRevertBasicBlocks'>, <class 'manticore.ethereum.plugins.FilterFunctions'>
2023-07-03 15:43:58,290: [111] m.main:INFO: Beginning analysis
2023-07-03 15:43:58,293: [111] m.e.manticore:INFO: Starting symbolic create contract
2023-07-03 15:43:58,318: [111] m.e.manticore:INFO: Failed to build contract import Errors : Invalid solc compilation sb/UniswapV3Pool_11.sol:558:1: Error: Expected pragma, import directive or contract/interface/library definition.
abstract contract NoDelegateCall {
^------^

. Solidity failed to generate bytecode for your contract. Check if all the abstract functions are implemented. 
Process Process-1:
Traceback (most recent call last):
  File "/usr/lib/python3.7/multiprocessing/process.py", line 297, in _bootstrap
    self.run()
  File "/usr/lib/python3.7/multiprocessing/process.py", line 99, in run
    self._target(*self._args, **self._kwargs)
  File "/usr/local/lib/python3.7/dist-packages/manticore/ethereum/manticore.py", line 1766, in worker_finalize
    finalizer(q.get_nowait())
  File "/usr/local/lib/python3.7/dist-packages/manticore/ethereum/manticore.py", line 1757, in finalizer
    if only_alive_states and last_tx.result in {"REVERT", "THROW", "TXERROR"}:
AttributeError: 'NoneType' object has no attribute 'result'
2023-07-03 15:43:58,392: [111] m.c.manticore:INFO: Results in /mcore_z5hcyvqq
2023-07-03 15:43:58,392: [111] m.c.manticore:WARNING: Manticore failed to run
2023-07-03 15:43:59,075: [136] m.main:INFO: Registered plugins: IntrospectionAPIPlugin, <class 'manticore.ethereum.plugins.SkipRevertBasicBlocks'>, <class 'manticore.ethereum.plugins.FilterFunctions'>
2023-07-03 15:43:59,076: [136] m.main:INFO: Beginning analysis
2023-07-03 15:43:59,078: [136] m.e.manticore:INFO: Starting symbolic create contract
2023-07-03 15:43:59,117: [136] m.e.manticore:INFO: Failed to build contract directive Errors : Invalid solc compilation sb/UniswapV3Pool_11.sol:558:1: Error: Expected pragma, import directive or contract/interface/library definition.
abstract contract NoDelegateCall {
^------^

. Solidity failed to generate bytecode for your contract. Check if all the abstract functions are implemented. 
Process Process-1:
Traceback (most recent call last):
  File "/usr/lib/python3.7/multiprocessing/process.py", line 297, in _bootstrap
    self.run()
  File "/usr/lib/python3.7/multiprocessing/process.py", line 99, in run
    self._target(*self._args, **self._kwargs)
  File "/usr/local/lib/python3.7/dist-packages/manticore/ethereum/manticore.py", line 1766, in worker_finalize
    finalizer(q.get_nowait())
  File "/usr/local/lib/python3.7/dist-packages/manticore/ethereum/manticore.py", line 1757, in finalizer
    if only_alive_states and last_tx.result in {"REVERT", "THROW", "TXERROR"}:
AttributeError: 'NoneType' object has no attribute 'result'
2023-07-03 15:43:59,184: [136] m.c.manticore:INFO: Results in /mcore_m9ml91b6
2023-07-03 15:43:59,184: [136] m.c.manticore:WARNING: Manticore failed to run
2023-07-03 15:43:59,888: [161] m.main:INFO: Registered plugins: IntrospectionAPIPlugin, <class 'manticore.ethereum.plugins.SkipRevertBasicBlocks'>, <class 'manticore.ethereum.plugins.FilterFunctions'>
2023-07-03 15:43:59,888: [161] m.main:INFO: Beginning analysis
2023-07-03 15:43:59,891: [161] m.e.manticore:INFO: Starting symbolic create contract
2023-07-03 15:43:59,914: [161] m.e.manticore:INFO: Failed to build contract or Errors : Invalid solc compilation sb/UniswapV3Pool_11.sol:558:1: Error: Expected pragma, import directive or contract/interface/library definition.
abstract contract NoDelegateCall {
^------^

. Solidity failed to generate bytecode for your contract. Check if all the abstract functions are implemented. 
Process Process-1:
Traceback (most recent call last):
  File "/usr/lib/python3.7/multiprocessing/process.py", line 297, in _bootstrap
    self.run()
  File "/usr/lib/python3.7/multiprocessing/process.py", line 99, in run
    self._target(*self._args, **self._kwargs)
  File "/usr/local/lib/python3.7/dist-packages/manticore/ethereum/manticore.py", line 1766, in worker_finalize
    finalizer(q.get_nowait())
  File "/usr/local/lib/python3.7/dist-packages/manticore/ethereum/manticore.py", line 1757, in finalizer
    if only_alive_states and last_tx.result in {"REVERT", "THROW", "TXERROR"}:
AttributeError: 'NoneType' object has no attribute 'result'
2023-07-03 15:43:59,979: [161] m.c.manticore:INFO: Results in /mcore_3k0ou9be
2023-07-03 15:43:59,979: [161] m.c.manticore:WARNING: Manticore failed to run
2023-07-03 15:44:00,709: [186] m.main:INFO: Registered plugins: IntrospectionAPIPlugin, <class 'manticore.ethereum.plugins.SkipRevertBasicBlocks'>, <class 'manticore.ethereum.plugins.FilterFunctions'>
2023-07-03 15:44:00,709: [186] m.main:INFO: Beginning analysis
2023-07-03 15:44:00,712: [186] m.e.manticore:INFO: Starting symbolic create contract
2023-07-03 15:44:00,744: [186] m.e.manticore:INFO: Failed to build contract contract/interface/library Errors : Invalid solc compilation sb/UniswapV3Pool_11.sol:558:1: Error: Expected pragma, import directive or contract/interface/library definition.
abstract contract NoDelegateCall {
^------^

. Solidity failed to generate bytecode for your contract. Check if all the abstract functions are implemented. 
Process Process-1:
Traceback (most recent call last):
  File "/usr/lib/python3.7/multiprocessing/process.py", line 297, in _bootstrap
    self.run()
  File "/usr/lib/python3.7/multiprocessing/process.py", line 99, in run
    self._target(*self._args, **self._kwargs)
  File "/usr/local/lib/python3.7/dist-packages/manticore/ethereum/manticore.py", line 1766, in worker_finalize
    finalizer(q.get_nowait())
  File "/usr/local/lib/python3.7/dist-packages/manticore/ethereum/manticore.py", line 1757, in finalizer
    if only_alive_states and last_tx.result in {"REVERT", "THROW", "TXERROR"}:
AttributeError: 'NoneType' object has no attribute 'result'
2023-07-03 15:44:00,811: [186] m.c.manticore:INFO: Results in /mcore_8ks7aiz6
2023-07-03 15:44:00,811: [186] m.c.manticore:WARNING: Manticore failed to run
2023-07-03 15:44:01,599: [211] m.main:INFO: Registered plugins: IntrospectionAPIPlugin, <class 'manticore.ethereum.plugins.SkipRevertBasicBlocks'>, <class 'manticore.ethereum.plugins.FilterFunctions'>
2023-07-03 15:44:01,599: [211] m.main:INFO: Beginning analysis
2023-07-03 15:44:01,602: [211] m.e.manticore:INFO: Starting symbolic create contract
2023-07-03 15:44:01,632: [211] m.e.manticore:INFO: Failed to build contract definition. Errors : Invalid solc compilation sb/UniswapV3Pool_11.sol:558:1: Error: Expected pragma, import directive or contract/interface/library definition.
abstract contract NoDelegateCall {
^------^

. Solidity failed to generate bytecode for your contract. Check if all the abstract functions are implemented. 
Process Process-1:
Traceback (most recent call last):
  File "/usr/lib/python3.7/multiprocessing/process.py", line 297, in _bootstrap
    self.run()
  File "/usr/lib/python3.7/multiprocessing/process.py", line 99, in run
    self._target(*self._args, **self._kwargs)
  File "/usr/local/lib/python3.7/dist-packages/manticore/ethereum/manticore.py", line 1766, in worker_finalize
    finalizer(q.get_nowait())
  File "/usr/local/lib/python3.7/dist-packages/manticore/ethereum/manticore.py", line 1757, in finalizer
    if only_alive_states and last_tx.result in {"REVERT", "THROW", "TXERROR"}:
AttributeError: 'NoneType' object has no attribute 'result'
2023-07-03 15:44:01,694: [211] m.c.manticore:INFO: Results in /mcore_oiwwqaj7
2023-07-03 15:44:01,694: [211] m.c.manticore:WARNING: Manticore failed to run
2023-07-03 15:44:02,388: [236] m.main:INFO: Registered plugins: IntrospectionAPIPlugin, <class 'manticore.ethereum.plugins.SkipRevertBasicBlocks'>, <class 'manticore.ethereum.plugins.FilterFunctions'>
2023-07-03 15:44:02,388: [236] m.main:INFO: Beginning analysis
2023-07-03 15:44:02,390: [236] m.e.manticore:INFO: Starting symbolic create contract
2023-07-03 15:44:02,424: [236] m.e.manticore:INFO: Failed to build contract abstract Errors : Invalid solc compilation sb/UniswapV3Pool_11.sol:558:1: Error: Expected pragma, import directive or contract/interface/library definition.
abstract contract NoDelegateCall {
^------^

. Solidity failed to generate bytecode for your contract. Check if all the abstract functions are implemented. 
Process Process-1:
Traceback (most recent call last):
  File "/usr/lib/python3.7/multiprocessing/process.py", line 297, in _bootstrap
    self.run()
  File "/usr/lib/python3.7/multiprocessing/process.py", line 99, in run
    self._target(*self._args, **self._kwargs)
  File "/usr/local/lib/python3.7/dist-packages/manticore/ethereum/manticore.py", line 1766, in worker_finalize
    finalizer(q.get_nowait())
  File "/usr/local/lib/python3.7/dist-packages/manticore/ethereum/manticore.py", line 1757, in finalizer
    if only_alive_states and last_tx.result in {"REVERT", "THROW", "TXERROR"}:
AttributeError: 'NoneType' object has no attribute 'result'
2023-07-03 15:44:02,500: [236] m.c.manticore:INFO: Results in /mcore_6f8cyd76
2023-07-03 15:44:02,500: [236] m.c.manticore:WARNING: Manticore failed to run
2023-07-03 15:44:03,068: [261] m.main:INFO: Registered plugins: IntrospectionAPIPlugin, <class 'manticore.ethereum.plugins.SkipRevertBasicBlocks'>, <class 'manticore.ethereum.plugins.FilterFunctions'>
2023-07-03 15:44:03,069: [261] m.main:INFO: Beginning analysis
2023-07-03 15:44:03,074: [261] m.e.manticore:INFO: Starting symbolic create contract
2023-07-03 15:44:03,099: [261] m.e.manticore:INFO: Failed to build contract contract Errors : Invalid solc compilation sb/UniswapV3Pool_11.sol:558:1: Error: Expected pragma, import directive or contract/interface/library definition.
abstract contract NoDelegateCall {
^------^

. Solidity failed to generate bytecode for your contract. Check if all the abstract functions are implemented. 
Process Process-1:
Traceback (most recent call last):
  File "/usr/lib/python3.7/multiprocessing/process.py", line 297, in _bootstrap
    self.run()
  File "/usr/lib/python3.7/multiprocessing/process.py", line 99, in run
    self._target(*self._args, **self._kwargs)
  File "/usr/local/lib/python3.7/dist-packages/manticore/ethereum/manticore.py", line 1766, in worker_finalize
    finalizer(q.get_nowait())
  File "/usr/local/lib/python3.7/dist-packages/manticore/ethereum/manticore.py", line 1757, in finalizer
    if only_alive_states and last_tx.result in {"REVERT", "THROW", "TXERROR"}:
AttributeError: 'NoneType' object has no attribute 'result'
2023-07-03 15:44:03,169: [261] m.c.manticore:INFO: Results in /mcore_plc68eo_
2023-07-03 15:44:03,169: [261] m.c.manticore:WARNING: Manticore failed to run
2023-07-03 15:44:03,842: [286] m.main:INFO: Registered plugins: IntrospectionAPIPlugin, <class 'manticore.ethereum.plugins.SkipRevertBasicBlocks'>, <class 'manticore.ethereum.plugins.FilterFunctions'>
2023-07-03 15:44:03,842: [286] m.main:INFO: Beginning analysis
2023-07-03 15:44:03,845: [286] m.e.manticore:INFO: Starting symbolic create contract
2023-07-03 15:44:03,881: [286] m.e.manticore:INFO: Failed to build contract NoDelegateCall Errors : Invalid solc compilation sb/UniswapV3Pool_11.sol:558:1: Error: Expected pragma, import directive or contract/interface/library definition.
abstract contract NoDelegateCall {
^------^

. Solidity failed to generate bytecode for your contract. Check if all the abstract functions are implemented. 
Process Process-1:
Traceback (most recent call last):
  File "/usr/lib/python3.7/multiprocessing/process.py", line 297, in _bootstrap
    self.run()
  File "/usr/lib/python3.7/multiprocessing/process.py", line 99, in run
    self._target(*self._args, **self._kwargs)
  File "/usr/local/lib/python3.7/dist-packages/manticore/ethereum/manticore.py", line 1766, in worker_finalize
    finalizer(q.get_nowait())
  File "/usr/local/lib/python3.7/dist-packages/manticore/ethereum/manticore.py", line 1757, in finalizer
    if only_alive_states and last_tx.result in {"REVERT", "THROW", "TXERROR"}:
AttributeError: 'NoneType' object has no attribute 'result'
2023-07-03 15:44:03,961: [286] m.c.manticore:INFO: Results in /mcore_isrd4j1o
2023-07-03 15:44:03,962: [286] m.c.manticore:WARNING: Manticore failed to run
2023-07-03 15:44:04,647: [311] m.main:INFO: Registered plugins: IntrospectionAPIPlugin, <class 'manticore.ethereum.plugins.SkipRevertBasicBlocks'>, <class 'manticore.ethereum.plugins.FilterFunctions'>
2023-07-03 15:44:04,647: [311] m.main:INFO: Beginning analysis
2023-07-03 15:44:04,649: [311] m.e.manticore:INFO: Starting symbolic create contract
2023-07-03 15:44:04,676: [311] m.e.manticore:INFO: Failed to build contract { Errors : Invalid solc compilation sb/UniswapV3Pool_11.sol:558:1: Error: Expected pragma, import directive or contract/interface/library definition.
abstract contract NoDelegateCall {
^------^

. Solidity failed to generate bytecode for your contract. Check if all the abstract functions are implemented. 
Process Process-1:
Traceback (most recent call last):
  File "/usr/lib/python3.7/multiprocessing/process.py", line 297, in _bootstrap
    self.run()
  File "/usr/lib/python3.7/multiprocessing/process.py", line 99, in run
    self._target(*self._args, **self._kwargs)
  File "/usr/local/lib/python3.7/dist-packages/manticore/ethereum/manticore.py", line 1766, in worker_finalize
    finalizer(q.get_nowait())
  File "/usr/local/lib/python3.7/dist-packages/manticore/ethereum/manticore.py", line 1757, in finalizer
    if only_alive_states and last_tx.result in {"REVERT", "THROW", "TXERROR"}:
AttributeError: 'NoneType' object has no attribute 'result'
2023-07-03 15:44:04,767: [311] m.c.manticore:INFO: Results in /mcore_oox29ytb
2023-07-03 15:44:04,768: [311] m.c.manticore:WARNING: Manticore failed to run
2023-07-03 15:44:05,515: [336] m.main:INFO: Registered plugins: IntrospectionAPIPlugin, <class 'manticore.ethereum.plugins.SkipRevertBasicBlocks'>, <class 'manticore.ethereum.plugins.FilterFunctions'>
2023-07-03 15:44:05,516: [336] m.main:INFO: Beginning analysis
2023-07-03 15:44:05,519: [336] m.e.manticore:INFO: Starting symbolic create contract
2023-07-03 15:44:05,556: [336] m.e.manticore:INFO: Failed to build contract ^------^ Errors : Invalid solc compilation sb/UniswapV3Pool_11.sol:558:1: Error: Expected pragma, import directive or contract/interface/library definition.
abstract contract NoDelegateCall {
^------^

. Solidity failed to generate bytecode for your contract. Check if all the abstract functions are implemented. 
Process Process-1:
Traceback (most recent call last):
  File "/usr/lib/python3.7/multiprocessing/process.py", line 297, in _bootstrap
    self.run()
  File "/usr/lib/python3.7/multiprocessing/process.py", line 99, in run
    self._target(*self._args, **self._kwargs)
  File "/usr/local/lib/python3.7/dist-packages/manticore/ethereum/manticore.py", line 1766, in worker_finalize
    finalizer(q.get_nowait())
  File "/usr/local/lib/python3.7/dist-packages/manticore/ethereum/manticore.py", line 1757, in finalizer
    if only_alive_states and last_tx.result in {"REVERT", "THROW", "TXERROR"}:
AttributeError: 'NoneType' object has no attribute 'result'
2023-07-03 15:44:05,619: [336] m.c.manticore:INFO: Results in /mcore_qndsp3jv
2023-07-03 15:44:05,619: [336] m.c.manticore:WARNING: Manticore failed to run
