2023-07-03 16:23:37,788: [11] m.main:INFO: Registered plugins: IntrospectionAPIPlugin, <class 'manticore.ethereum.plugins.SkipRevertBasicBlocks'>, <class 'manticore.ethereum.plugins.FilterFunctions'>
2023-07-03 16:23:37,788: [11] m.main:INFO: Beginning analysis
2023-07-03 16:23:37,790: [11] m.e.manticore:INFO: Starting symbolic create contract
2023-07-03 16:23:39,164: [11] m.e.manticore:INFO: Starting symbolic transaction: 0
2023-07-03 16:23:39,298: [11] m.e.manticore:INFO: 0 alive states, 1 terminated states
2023-07-03 16:23:39,356: [11] m.e.manticore:INFO: Starting symbolic transaction: 1
2023-07-03 16:23:39,619: [11] m.c.manticore:INFO: Results in /mcore_x6gb0of8
2023-07-03 16:23:39,619: [11] m.c.manticore:INFO: Total time: 0.4478037357330322
2023-07-03 16:23:40,273: [70] m.main:INFO: Registered plugins: IntrospectionAPIPlugin, <class 'manticore.ethereum.plugins.SkipRevertBasicBlocks'>, <class 'manticore.ethereum.plugins.FilterFunctions'>
2023-07-03 16:23:40,274: [70] m.main:INFO: Beginning analysis
2023-07-03 16:23:40,276: [70] m.e.manticore:INFO: Starting symbolic create contract
2023-07-03 16:23:41,691: [70] m.e.manticore:INFO: Starting symbolic transaction: 0
2023-07-03 16:23:41,846: [70] m.e.manticore:INFO: 0 alive states, 1 terminated states
2023-07-03 16:23:41,903: [70] m.e.manticore:INFO: Starting symbolic transaction: 1
2023-07-03 16:23:42,155: [70] m.c.manticore:INFO: Results in /mcore_tev3wo3u
2023-07-03 16:23:42,155: [70] m.c.manticore:INFO: Total time: 0.45691752433776855
2023-07-03 16:23:42,827: [129] m.main:INFO: Registered plugins: IntrospectionAPIPlugin, <class 'manticore.ethereum.plugins.SkipRevertBasicBlocks'>, <class 'manticore.ethereum.plugins.FilterFunctions'>
2023-07-03 16:23:42,827: [129] m.main:INFO: Beginning analysis
2023-07-03 16:23:42,830: [129] m.e.manticore:INFO: Starting symbolic create contract
2023-07-03 16:23:45,024: [129] m.e.manticore:INFO: Starting symbolic transaction: 0
2023-07-03 16:23:51,096: [129] m.e.manticore:INFO: 0 alive states, 3 terminated states
2023-07-03 16:23:51,456: [129] m.c.manticore:INFO: Results in /mcore_dpyjgwei
2023-07-03 16:23:51,456: [129] m.c.manticore:INFO: Total time: 6.403671979904175
2023-07-03 16:23:52,323: [200] m.main:INFO: Registered plugins: IntrospectionAPIPlugin, <class 'manticore.ethereum.plugins.SkipRevertBasicBlocks'>, <class 'manticore.ethereum.plugins.FilterFunctions'>
2023-07-03 16:23:52,324: [200] m.main:INFO: Beginning analysis
2023-07-03 16:23:52,326: [200] m.e.manticore:INFO: Starting symbolic create contract
