2023-07-03 15:54:39,427: [11] m.main:INFO: Registered plugins: IntrospectionAPIPlugin, <class 'manticore.ethereum.plugins.SkipRevertBasicBlocks'>, <class 'manticore.ethereum.plugins.FilterFunctions'>
2023-07-03 15:54:39,428: [11] m.main:INFO: Beginning analysis
2023-07-03 15:54:39,432: [11] m.e.manticore:INFO: Starting symbolic create contract
2023-07-03 15:54:40,967: [11] m.e.manticore:INFO: Starting symbolic transaction: 0
2023-07-03 15:54:41,093: [11] m.e.manticore:INFO: 0 alive states, 1 terminated states
2023-07-03 15:54:41,154: [11] m.e.manticore:INFO: Starting symbolic transaction: 1
2023-07-03 15:54:41,347: [11] m.c.manticore:INFO: Results in /mcore__zo_5h7v
2023-07-03 15:54:41,347: [11] m.c.manticore:INFO: Total time: 0.37694811820983887
2023-07-03 15:54:41,991: [70] m.main:INFO: Registered plugins: IntrospectionAPIPlugin, <class 'manticore.ethereum.plugins.SkipRevertBasicBlocks'>, <class 'manticore.ethereum.plugins.FilterFunctions'>
2023-07-03 15:54:41,991: [70] m.main:INFO: Beginning analysis
2023-07-03 15:54:41,994: [70] m.e.manticore:INFO: Starting symbolic create contract
2023-07-03 15:54:43,461: [70] m.e.manticore:INFO: Starting symbolic transaction: 0
2023-07-03 15:54:43,599: [70] m.e.manticore:INFO: 0 alive states, 1 terminated states
2023-07-03 15:54:43,660: [70] m.e.manticore:INFO: Starting symbolic transaction: 1
2023-07-03 15:54:43,941: [70] m.c.manticore:INFO: Results in /mcore_18g_lc9u
2023-07-03 15:54:43,942: [70] m.c.manticore:INFO: Total time: 0.4776279926300049
2023-07-03 15:54:44,652: [129] m.main:INFO: Registered plugins: IntrospectionAPIPlugin, <class 'manticore.ethereum.plugins.SkipRevertBasicBlocks'>, <class 'manticore.ethereum.plugins.FilterFunctions'>
2023-07-03 15:54:44,652: [129] m.main:INFO: Beginning analysis
2023-07-03 15:54:44,655: [129] m.e.manticore:INFO: Starting symbolic create contract
2023-07-03 15:54:46,813: [129] m.e.manticore:INFO: Starting symbolic transaction: 0
2023-07-03 15:54:52,040: [129] m.e.manticore:INFO: 0 alive states, 3 terminated states
2023-07-03 15:54:52,435: [129] m.c.manticore:INFO: Results in /mcore_t8cloxmw
2023-07-03 15:54:52,435: [129] m.c.manticore:INFO: Total time: 5.600610017776489
2023-07-03 15:54:53,104: [197] m.main:INFO: Registered plugins: IntrospectionAPIPlugin, <class 'manticore.ethereum.plugins.SkipRevertBasicBlocks'>, <class 'manticore.ethereum.plugins.FilterFunctions'>
2023-07-03 15:54:53,104: [197] m.main:INFO: Beginning analysis
2023-07-03 15:54:53,107: [197] m.e.manticore:INFO: Starting symbolic create contract
