2023-07-03 16:32:27,689: [11] m.main:INFO: Registered plugins: IntrospectionAPIPlugin, <class 'manticore.ethereum.plugins.SkipRevertBasicBlocks'>, <class 'manticore.ethereum.plugins.FilterFunctions'>
2023-07-03 16:32:27,689: [11] m.main:INFO: Beginning analysis
2023-07-03 16:32:27,692: [11] m.e.manticore:INFO: Starting symbolic create contract
2023-07-03 16:32:28,735: [11] m.e.manticore:INFO: Starting symbolic transaction: 0
2023-07-03 16:32:28,910: [11] m.e.manticore:INFO: 0 alive states, 1 terminated states
2023-07-03 16:32:28,966: [11] m.e.manticore:INFO: Starting symbolic transaction: 1
2023-07-03 16:32:29,152: [11] m.c.manticore:INFO: Results in /mcore_m0cgbupg
2023-07-03 16:32:29,153: [11] m.c.manticore:INFO: Total time: 0.41031861305236816
2023-07-03 16:32:29,827: [70] m.main:INFO: Registered plugins: IntrospectionAPIPlugin, <class 'manticore.ethereum.plugins.SkipRevertBasicBlocks'>, <class 'manticore.ethereum.plugins.FilterFunctions'>
2023-07-03 16:32:29,828: [70] m.main:INFO: Beginning analysis
2023-07-03 16:32:29,831: [70] m.e.manticore:INFO: Starting symbolic create contract
2023-07-03 16:32:30,896: [70] m.e.manticore:INFO: Starting symbolic transaction: 0
2023-07-03 16:32:31,040: [70] m.e.manticore:INFO: 0 alive states, 1 terminated states
2023-07-03 16:32:31,097: [70] m.e.manticore:INFO: Starting symbolic transaction: 1
2023-07-03 16:32:31,269: [70] m.c.manticore:INFO: Results in /mcore_37yrlgar
2023-07-03 16:32:31,269: [70] m.c.manticore:INFO: Total time: 0.36945176124572754
2023-07-03 16:32:32,133: [129] m.main:INFO: Registered plugins: IntrospectionAPIPlugin, <class 'manticore.ethereum.plugins.SkipRevertBasicBlocks'>, <class 'manticore.ethereum.plugins.FilterFunctions'>
2023-07-03 16:32:32,133: [129] m.main:INFO: Beginning analysis
2023-07-03 16:32:32,135: [129] m.e.manticore:INFO: Starting symbolic create contract
2023-07-03 16:32:57,393: [129] m.e.manticore:INFO: Starting symbolic transaction: 0
