2023-07-03 15:43:50,711: [11] m.main:INFO: Registered plugins: IntrospectionAPIPlugin, <class 'manticore.ethereum.plugins.SkipRevertBasicBlocks'>, <class 'manticore.ethereum.plugins.FilterFunctions'>
2023-07-03 15:43:50,712: [11] m.main:INFO: Beginning analysis
2023-07-03 15:43:50,713: [11] m.e.manticore:INFO: Starting symbolic create contract
2023-07-03 15:43:51,944: [11] m.e.manticore:INFO: Starting symbolic transaction: 0
2023-07-03 15:43:52,109: [11] m.e.manticore:INFO: 0 alive states, 1 terminated states
2023-07-03 15:43:52,165: [11] m.e.manticore:INFO: Starting symbolic transaction: 1
2023-07-03 15:43:52,377: [11] m.c.manticore:INFO: Results in /mcore_w33xzsme
2023-07-03 15:43:52,377: [11] m.c.manticore:INFO: Total time: 0.42559170722961426
2023-07-03 15:43:53,148: [70] m.main:INFO: Registered plugins: IntrospectionAPIPlugin, <class 'manticore.ethereum.plugins.SkipRevertBasicBlocks'>, <class 'manticore.ethereum.plugins.FilterFunctions'>
2023-07-03 15:43:53,149: [70] m.main:INFO: Beginning analysis
2023-07-03 15:43:53,151: [70] m.e.manticore:INFO: Starting symbolic create contract
2023-07-03 15:43:54,717: [70] m.e.manticore:INFO: Starting symbolic transaction: 0
2023-07-03 15:43:54,867: [70] m.e.manticore:INFO: 0 alive states, 1 terminated states
2023-07-03 15:43:54,909: [70] m.e.manticore:INFO: Starting symbolic transaction: 1
2023-07-03 15:43:55,125: [70] m.c.manticore:INFO: Results in /mcore_lefucd9z
2023-07-03 15:43:55,125: [70] m.c.manticore:INFO: Total time: 0.4041628837585449
2023-07-03 15:43:55,801: [129] m.main:INFO: Registered plugins: IntrospectionAPIPlugin, <class 'manticore.ethereum.plugins.SkipRevertBasicBlocks'>, <class 'manticore.ethereum.plugins.FilterFunctions'>
2023-07-03 15:43:55,801: [129] m.main:INFO: Beginning analysis
2023-07-03 15:43:55,803: [129] m.e.manticore:INFO: Starting symbolic create contract
2023-07-03 15:43:57,736: [129] m.e.manticore:INFO: Starting symbolic transaction: 0
2023-07-03 15:44:02,894: [129] m.e.manticore:INFO: 0 alive states, 3 terminated states
2023-07-03 15:44:03,262: [129] m.c.manticore:INFO: Results in /mcore_7h2h713p
2023-07-03 15:44:03,262: [129] m.c.manticore:INFO: Total time: 5.515476942062378
2023-07-03 15:44:04,055: [200] m.main:INFO: Registered plugins: IntrospectionAPIPlugin, <class 'manticore.ethereum.plugins.SkipRevertBasicBlocks'>, <class 'manticore.ethereum.plugins.FilterFunctions'>
2023-07-03 15:44:04,055: [200] m.main:INFO: Beginning analysis
2023-07-03 15:44:04,057: [200] m.e.manticore:INFO: Starting symbolic create contract
