2023-07-03 16:16:44,874: [11] m.main:INFO: Registered plugins: IntrospectionAPIPlugin, <class 'manticore.ethereum.plugins.SkipRevertBasicBlocks'>, <class 'manticore.ethereum.plugins.FilterFunctions'>
2023-07-03 16:16:44,874: [11] m.main:INFO: Beginning analysis
2023-07-03 16:16:44,877: [11] m.e.manticore:INFO: Starting symbolic create contract
2023-07-03 16:16:45,732: [11] m.e.manticore:INFO: Starting symbolic transaction: 0
2023-07-03 16:16:45,858: [11] m.e.manticore:INFO: 0 alive states, 2 terminated states
2023-07-03 16:16:45,991: [11] m.c.manticore:INFO: Results in /mcore_ws75yzjf
2023-07-03 16:16:45,991: [11] m.c.manticore:INFO: Total time: 0.25652575492858887
2023-07-03 16:16:46,695: [76] m.main:INFO: Registered plugins: IntrospectionAPIPlugin, <class 'manticore.ethereum.plugins.SkipRevertBasicBlocks'>, <class 'manticore.ethereum.plugins.FilterFunctions'>
2023-07-03 16:16:46,695: [76] m.main:INFO: Beginning analysis
2023-07-03 16:16:46,698: [76] m.e.manticore:INFO: Starting symbolic create contract
2023-07-03 16:16:47,495: [76] m.e.manticore:INFO: Starting symbolic transaction: 0
2023-07-03 16:16:47,591: [76] m.e.manticore:INFO: 0 alive states, 2 terminated states
2023-07-03 16:16:47,745: [76] m.c.manticore:INFO: Results in /mcore_9op9b9ka
2023-07-03 16:16:47,746: [76] m.c.manticore:INFO: Total time: 0.24751758575439453
2023-07-03 16:16:48,534: [141] m.main:INFO: Registered plugins: IntrospectionAPIPlugin, <class 'manticore.ethereum.plugins.SkipRevertBasicBlocks'>, <class 'manticore.ethereum.plugins.FilterFunctions'>
2023-07-03 16:16:48,534: [141] m.main:INFO: Beginning analysis
2023-07-03 16:16:48,537: [141] m.e.manticore:INFO: Starting symbolic create contract
2023-07-03 16:16:49,396: [141] m.e.manticore:INFO: Starting symbolic transaction: 0
2023-07-03 16:16:49,547: [141] m.e.manticore:INFO: 0 alive states, 2 terminated states
2023-07-03 16:16:49,684: [141] m.c.manticore:INFO: Results in /mcore_l6zacy_b
2023-07-03 16:16:49,685: [141] m.c.manticore:INFO: Total time: 0.27974939346313477
2023-07-03 16:16:50,400: [206] m.main:INFO: Registered plugins: IntrospectionAPIPlugin, <class 'manticore.ethereum.plugins.SkipRevertBasicBlocks'>, <class 'manticore.ethereum.plugins.FilterFunctions'>
2023-07-03 16:16:50,401: [206] m.main:INFO: Beginning analysis
2023-07-03 16:16:50,403: [206] m.e.manticore:INFO: Starting symbolic create contract
2023-07-03 16:16:51,160: [206] m.e.manticore:INFO: Starting symbolic transaction: 0
2023-07-03 16:16:51,279: [206] m.e.manticore:INFO: 0 alive states, 2 terminated states
2023-07-03 16:16:51,432: [206] m.c.manticore:INFO: Results in /mcore_8d6eyhxu
2023-07-03 16:16:51,432: [206] m.c.manticore:INFO: Total time: 0.26856160163879395
2023-07-03 16:16:52,287: [271] m.main:INFO: Registered plugins: IntrospectionAPIPlugin, <class 'manticore.ethereum.plugins.SkipRevertBasicBlocks'>, <class 'manticore.ethereum.plugins.FilterFunctions'>
2023-07-03 16:16:52,287: [271] m.main:INFO: Beginning analysis
2023-07-03 16:16:52,290: [271] m.e.manticore:INFO: Starting symbolic create contract
2023-07-03 16:16:53,094: [271] m.e.manticore:INFO: Starting symbolic transaction: 0
2023-07-03 16:16:53,196: [271] m.e.manticore:INFO: 0 alive states, 2 terminated states
2023-07-03 16:16:53,358: [271] m.c.manticore:INFO: Results in /mcore_29zscc0r
2023-07-03 16:16:53,358: [271] m.c.manticore:INFO: Total time: 0.2618536949157715
2023-07-03 16:16:54,068: [336] m.main:INFO: Registered plugins: IntrospectionAPIPlugin, <class 'manticore.ethereum.plugins.SkipRevertBasicBlocks'>, <class 'manticore.ethereum.plugins.FilterFunctions'>
2023-07-03 16:16:54,068: [336] m.main:INFO: Beginning analysis
2023-07-03 16:16:54,071: [336] m.e.manticore:INFO: Starting symbolic create contract
2023-07-03 16:16:54,850: [336] m.e.manticore:INFO: Starting symbolic transaction: 0
2023-07-03 16:16:54,987: [336] m.e.manticore:INFO: 0 alive states, 2 terminated states
2023-07-03 16:16:55,140: [336] m.c.manticore:INFO: Results in /mcore_bxqd18m_
2023-07-03 16:16:55,140: [336] m.c.manticore:INFO: Total time: 0.28322911262512207
2023-07-03 16:16:55,899: [401] m.main:INFO: Registered plugins: IntrospectionAPIPlugin, <class 'manticore.ethereum.plugins.SkipRevertBasicBlocks'>, <class 'manticore.ethereum.plugins.FilterFunctions'>
2023-07-03 16:16:55,899: [401] m.main:INFO: Beginning analysis
2023-07-03 16:16:55,903: [401] m.e.manticore:INFO: Starting symbolic create contract
2023-07-03 16:16:56,826: [401] m.e.manticore:INFO: Starting symbolic transaction: 0
2023-07-03 16:16:57,538: [401] m.c.worker:ERROR: Exception in state 0: ManticoreError('Forking on unfeasible constraint set')
Traceback (most recent call last):
  File "/usr/local/lib/python3.7/dist-packages/manticore/core/worker.py", line 137, in run
    current_state.execute()
  File "/usr/local/lib/python3.7/dist-packages/manticore/ethereum/state.py", line 8, in execute
    return self._platform.execute()
  File "/usr/local/lib/python3.7/dist-packages/manticore/platforms/evm.py", line 3106, in execute
    self.current_vm.execute()
  File "/usr/local/lib/python3.7/dist-packages/manticore/platforms/evm.py", line 1322, in execute
    raise Concretize("Symbolic PC", expression=expression, setstate=setstate, policy="ALL")
manticore.core.state.Concretize

During handling of the above exception, another exception occurred:

Traceback (most recent call last):
  File "/usr/local/lib/python3.7/dist-packages/manticore/core/worker.py", line 158, in run
    m._fork(current_state, exc.expression, exc.policy, exc.setstate, exc.values)
  File "/usr/local/lib/python3.7/dist-packages/manticore/core/manticore.py", line 518, in _fork
    raise ManticoreError("Forking on unfeasible constraint set")
manticore.exceptions.ManticoreError: Forking on unfeasible constraint set
 
2023-07-03 16:16:57,546: [401] m.e.manticore:INFO: 0 alive states, 1 terminated states
2023-07-03 16:16:57,674: [401] m.c.manticore:INFO: Results in /mcore_7w1kh3s7
2023-07-03 16:16:57,675: [401] m.c.manticore:INFO: Total time: 0.8398706912994385
2023-07-03 16:16:58,458: [463] m.main:INFO: Registered plugins: IntrospectionAPIPlugin, <class 'manticore.ethereum.plugins.SkipRevertBasicBlocks'>, <class 'manticore.ethereum.plugins.FilterFunctions'>
2023-07-03 16:16:58,459: [463] m.main:INFO: Beginning analysis
2023-07-03 16:16:58,461: [463] m.e.manticore:INFO: Starting symbolic create contract
2023-07-03 16:16:59,402: [463] m.e.manticore:INFO: Starting symbolic transaction: 0
2023-07-03 16:16:59,953: [463] m.c.worker:ERROR: Exception in state 0: ManticoreError('Forking on unfeasible constraint set')
Traceback (most recent call last):
  File "/usr/local/lib/python3.7/dist-packages/manticore/core/worker.py", line 137, in run
    current_state.execute()
  File "/usr/local/lib/python3.7/dist-packages/manticore/ethereum/state.py", line 8, in execute
    return self._platform.execute()
  File "/usr/local/lib/python3.7/dist-packages/manticore/platforms/evm.py", line 3106, in execute
    self.current_vm.execute()
  File "/usr/local/lib/python3.7/dist-packages/manticore/platforms/evm.py", line 1322, in execute
    raise Concretize("Symbolic PC", expression=expression, setstate=setstate, policy="ALL")
manticore.core.state.Concretize

During handling of the above exception, another exception occurred:

Traceback (most recent call last):
  File "/usr/local/lib/python3.7/dist-packages/manticore/core/worker.py", line 158, in run
    m._fork(current_state, exc.expression, exc.policy, exc.setstate, exc.values)
  File "/usr/local/lib/python3.7/dist-packages/manticore/core/manticore.py", line 518, in _fork
    raise ManticoreError("Forking on unfeasible constraint set")
manticore.exceptions.ManticoreError: Forking on unfeasible constraint set
 
2023-07-03 16:16:59,961: [463] m.e.manticore:INFO: 0 alive states, 1 terminated states
2023-07-03 16:17:00,085: [463] m.c.manticore:INFO: Results in /mcore_ybisq2vr
2023-07-03 16:17:00,085: [463] m.c.manticore:INFO: Total time: 0.6779720783233643
2023-07-03 16:17:00,905: [525] m.main:INFO: Registered plugins: IntrospectionAPIPlugin, <class 'manticore.ethereum.plugins.SkipRevertBasicBlocks'>, <class 'manticore.ethereum.plugins.FilterFunctions'>
2023-07-03 16:17:00,906: [525] m.main:INFO: Beginning analysis
2023-07-03 16:17:00,910: [525] m.e.manticore:INFO: Starting symbolic create contract
2023-07-03 16:17:02,986: [525] m.e.manticore:INFO: Starting symbolic transaction: 0
2023-07-03 16:17:26,571: [525] m.c.worker:ERROR: Exception in state 5: ManticoreError('Forking on unfeasible constraint set')
Traceback (most recent call last):
  File "/usr/local/lib/python3.7/dist-packages/manticore/core/worker.py", line 137, in run
    current_state.execute()
  File "/usr/local/lib/python3.7/dist-packages/manticore/ethereum/state.py", line 8, in execute
    return self._platform.execute()
  File "/usr/local/lib/python3.7/dist-packages/manticore/platforms/evm.py", line 3106, in execute
    self.current_vm.execute()
  File "/usr/local/lib/python3.7/dist-packages/manticore/platforms/evm.py", line 1322, in execute
    raise Concretize("Symbolic PC", expression=expression, setstate=setstate, policy="ALL")
manticore.core.state.Concretize

During handling of the above exception, another exception occurred:

Traceback (most recent call last):
  File "/usr/local/lib/python3.7/dist-packages/manticore/core/worker.py", line 158, in run
    m._fork(current_state, exc.expression, exc.policy, exc.setstate, exc.values)
  File "/usr/local/lib/python3.7/dist-packages/manticore/core/manticore.py", line 518, in _fork
    raise ManticoreError("Forking on unfeasible constraint set")
manticore.exceptions.ManticoreError: Forking on unfeasible constraint set
 
2023-07-03 16:17:26,653: [525] m.e.manticore:INFO: 0 alive states, 3 terminated states
2023-07-03 16:17:27,026: [525] m.c.manticore:INFO: Results in /mcore_gjatx77g
2023-07-03 16:17:27,027: [525] m.c.manticore:INFO: Total time: 24.01408839225769
