2023-07-03 15:59:56,557: [11] m.main:INFO: Registered plugins: IntrospectionAPIPlugin, <class 'manticore.ethereum.plugins.SkipRevertBasicBlocks'>, <class 'manticore.ethereum.plugins.FilterFunctions'>
2023-07-03 15:59:56,557: [11] m.main:INFO: Beginning analysis
2023-07-03 15:59:56,560: [11] m.e.manticore:INFO: Starting symbolic create contract
2023-07-03 15:59:58,962: [11] m.e.manticore:INFO: Starting symbolic transaction: 0
2023-07-03 16:00:09,930: [11] m.e.manticore:INFO: 7 alive states, 2 terminated states
2023-07-03 16:00:10,164: [11] m.e.manticore:INFO: Starting symbolic transaction: 1
2023-07-03 16:01:33,404: [11] m.e.manticore:INFO: 49 alive states, 9 terminated states
2023-07-03 16:01:33,771: [98] m.c.manticore:INFO: Generated testcase No. 0 - RETURN(3 txs)
2023-07-03 16:01:33,772: [98] m.c.plugin:WARNING: Caught will_solve in state None, but failed to capture its initialization
2023-07-03 16:01:33,786: [100] m.c.manticore:INFO: Generated testcase No. 2 - RETURN(3 txs)
2023-07-03 16:01:33,787: [100] m.c.plugin:WARNING: Caught will_solve in state None, but failed to capture its initialization
2023-07-03 16:01:33,788: [99] m.c.manticore:INFO: Generated testcase No. 1 - RETURN(3 txs)
2023-07-03 16:01:33,789: [99] m.c.plugin:WARNING: Caught will_solve in state None, but failed to capture its initialization
2023-07-03 16:01:33,796: [103] m.c.manticore:INFO: Generated testcase No. 3 - RETURN(3 txs)
2023-07-03 16:01:33,796: [103] m.c.plugin:WARNING: Caught will_solve in state None, but failed to capture its initialization
2023-07-03 16:01:33,803: [107] m.c.manticore:INFO: Generated testcase No. 4 - RETURN(3 txs)
2023-07-03 16:01:33,804: [107] m.c.plugin:WARNING: Caught will_solve in state None, but failed to capture its initialization
2023-07-03 16:01:33,834: [102] m.c.manticore:INFO: Generated testcase No. 7 - RETURN(3 txs)
2023-07-03 16:01:33,835: [102] m.c.plugin:WARNING: Caught will_solve in state None, but failed to capture its initialization
2023-07-03 16:01:33,924: [110] m.c.manticore:INFO: Generated testcase No. 5 - RETURN(3 txs)
2023-07-03 16:01:33,924: [110] m.c.plugin:WARNING: Caught will_solve in state None, but failed to capture its initialization
2023-07-03 16:01:33,956: [112] m.c.manticore:INFO: Generated testcase No. 6 - RETURN(3 txs)
2023-07-03 16:01:33,957: [112] m.c.plugin:WARNING: Caught will_solve in state None, but failed to capture its initialization
2023-07-03 16:01:33,964: [116] m.c.manticore:INFO: Generated testcase No. 10 - RETURN(3 txs)
2023-07-03 16:01:33,965: [116] m.c.plugin:WARNING: Caught will_solve in state None, but failed to capture its initialization
2023-07-03 16:01:33,967: [117] m.c.manticore:INFO: Generated testcase No. 8 - RETURN(3 txs)
2023-07-03 16:01:33,968: [117] m.c.plugin:WARNING: Caught will_solve in state None, but failed to capture its initialization
2023-07-03 16:01:33,979: [122] m.c.manticore:INFO: Generated testcase No. 11 - RETURN(3 txs)
2023-07-03 16:01:33,980: [122] m.c.plugin:WARNING: Caught will_solve in state None, but failed to capture its initialization
2023-07-03 16:01:33,987: [120] m.c.manticore:INFO: Generated testcase No. 9 - RETURN(3 txs)
2023-07-03 16:01:33,988: [120] m.c.plugin:WARNING: Caught will_solve in state None, but failed to capture its initialization
2023-07-03 16:01:35,123: [99] m.c.manticore:INFO: Generated testcase No. 12 - RETURN(3 txs)
2023-07-03 16:01:35,146: [103] m.c.manticore:INFO: Generated testcase No. 13 - RETURN(3 txs)
2023-07-03 16:01:35,268: [117] m.c.manticore:INFO: Generated testcase No. 14 - RETURN(3 txs)
2023-07-03 16:01:35,318: [98] m.c.manticore:INFO: Generated testcase No. 15 - RETURN(3 txs)
2023-07-03 16:01:35,347: [110] m.c.manticore:INFO: Generated testcase No. 16 - RETURN(3 txs)
2023-07-03 16:01:35,366: [102] m.c.manticore:INFO: Generated testcase No. 17 - RETURN(3 txs)
2023-07-03 16:01:35,368: [107] m.c.manticore:INFO: Generated testcase No. 18 - RETURN(3 txs)
2023-07-03 16:01:35,391: [116] m.c.manticore:INFO: Generated testcase No. 19 - RETURN(3 txs)
2023-07-03 16:01:35,435: [100] m.c.manticore:INFO: Generated testcase No. 20 - RETURN(3 txs)
2023-07-03 16:01:35,455: [120] m.c.manticore:INFO: Generated testcase No. 21 - RETURN(3 txs)
2023-07-03 16:01:35,527: [112] m.c.manticore:INFO: Generated testcase No. 22 - RETURN(3 txs)
2023-07-03 16:01:35,606: [122] m.c.manticore:INFO: Generated testcase No. 23 - RETURN(3 txs)
2023-07-03 16:01:36,332: [103] m.c.manticore:INFO: Generated testcase No. 24 - RETURN(3 txs)
2023-07-03 16:01:36,493: [107] m.c.manticore:INFO: Generated testcase No. 25 - RETURN(3 txs)
2023-07-03 16:01:36,602: [120] m.c.manticore:INFO: Generated testcase No. 26 - RETURN(3 txs)
2023-07-03 16:01:36,605: [99] m.c.manticore:INFO: Generated testcase No. 27 - RETURN(3 txs)
2023-07-03 16:01:36,642: [116] m.c.manticore:INFO: Generated testcase No. 28 - RETURN(3 txs)
2023-07-03 16:01:36,708: [98] m.c.manticore:INFO: Generated testcase No. 29 - RETURN(3 txs)
2023-07-03 16:01:36,714: [117] m.c.manticore:INFO: Generated testcase No. 30 - RETURN(3 txs)
2023-07-03 16:01:36,815: [110] m.c.manticore:INFO: Generated testcase No. 31 - RETURN(3 txs)
2023-07-03 16:01:36,836: [102] m.c.manticore:INFO: Generated testcase No. 32 - RETURN(3 txs)
2023-07-03 16:01:36,847: [100] m.c.manticore:INFO: Generated testcase No. 33 - RETURN(3 txs)
2023-07-03 16:01:36,943: [112] m.c.manticore:INFO: Generated testcase No. 34 - RETURN(3 txs)
2023-07-03 16:01:37,008: [122] m.c.manticore:INFO: Generated testcase No. 35 - RETURN(3 txs)
2023-07-03 16:01:37,633: [103] m.c.manticore:INFO: Generated testcase No. 36 - RETURN(3 txs)
2023-07-03 16:01:37,749: [120] m.c.manticore:INFO: Generated testcase No. 37 - RETURN(3 txs)
2023-07-03 16:01:37,760: [107] m.c.manticore:INFO: Generated testcase No. 38 - RETURN(3 txs)
2023-07-03 16:01:37,803: [99] m.c.manticore:INFO: Generated testcase No. 39 - RETURN(3 txs)
2023-07-03 16:01:37,961: [112] m.c.manticore:INFO: Generated testcase No. 40 - RETURN(3 txs)
2023-07-03 16:01:38,076: [116] m.c.manticore:INFO: Generated testcase No. 41 - RETURN(3 txs)
2023-07-03 16:01:38,093: [110] m.c.manticore:INFO: Generated testcase No. 42 - RETURN(3 txs)
2023-07-03 16:01:38,150: [98] m.c.manticore:INFO: Generated testcase No. 43 - RETURN(3 txs)
2023-07-03 16:01:38,208: [102] m.c.manticore:INFO: Generated testcase No. 44 - RETURN(3 txs)
2023-07-03 16:01:38,213: [117] m.c.manticore:INFO: Generated testcase No. 45 - RETURN(3 txs)
2023-07-03 16:01:38,325: [100] m.c.manticore:INFO: Generated testcase No. 46 - RETURN(3 txs)
2023-07-03 16:01:38,532: [122] m.c.manticore:INFO: Generated testcase No. 47 - RETURN(3 txs)
2023-07-03 16:01:38,868: [99] m.c.manticore:INFO: Generated testcase No. 48 - RETURN(3 txs)
2023-07-03 16:01:43,102: [11] m.c.manticore:INFO: Results in /mcore_9h6kyudu
2023-07-03 16:01:43,103: [11] m.c.manticore:INFO: Total time: 92.79318594932556
2023-07-03 16:01:43,834: [147] m.main:INFO: Registered plugins: IntrospectionAPIPlugin, <class 'manticore.ethereum.plugins.SkipRevertBasicBlocks'>, <class 'manticore.ethereum.plugins.FilterFunctions'>
2023-07-03 16:01:43,835: [147] m.main:INFO: Beginning analysis
2023-07-03 16:01:43,838: [147] m.e.manticore:INFO: Starting symbolic create contract
2023-07-03 16:01:46,093: [147] m.e.manticore:INFO: Starting symbolic transaction: 0
2023-07-03 16:01:46,232: [147] m.e.manticore:INFO: 0 alive states, 1 terminated states
2023-07-03 16:01:46,296: [147] m.e.manticore:INFO: Starting symbolic transaction: 1
2023-07-03 16:01:46,494: [147] m.c.manticore:INFO: Results in /mcore_tsdfvlu1
2023-07-03 16:01:46,495: [147] m.c.manticore:INFO: Total time: 0.3987865447998047
2023-07-03 16:01:47,256: [206] m.main:INFO: Registered plugins: IntrospectionAPIPlugin, <class 'manticore.ethereum.plugins.SkipRevertBasicBlocks'>, <class 'manticore.ethereum.plugins.FilterFunctions'>
2023-07-03 16:01:47,256: [206] m.main:INFO: Beginning analysis
2023-07-03 16:01:47,258: [206] m.e.manticore:INFO: Starting symbolic create contract
2023-07-03 16:01:49,380: [206] m.e.manticore:INFO: Starting symbolic transaction: 0
2023-07-03 16:01:49,524: [206] m.e.manticore:INFO: 0 alive states, 1 terminated states
2023-07-03 16:01:49,586: [206] m.e.manticore:INFO: Starting symbolic transaction: 1
2023-07-03 16:01:49,792: [206] m.c.manticore:INFO: Results in /mcore_3kuntnwd
2023-07-03 16:01:49,793: [206] m.c.manticore:INFO: Total time: 0.4092438220977783
2023-07-03 16:01:50,631: [265] m.main:INFO: Registered plugins: IntrospectionAPIPlugin, <class 'manticore.ethereum.plugins.SkipRevertBasicBlocks'>, <class 'manticore.ethereum.plugins.FilterFunctions'>
2023-07-03 16:01:50,632: [265] m.main:INFO: Beginning analysis
2023-07-03 16:01:50,634: [265] m.e.manticore:INFO: Starting symbolic create contract
2023-07-03 16:02:24,639: [265] m.e.manticore:INFO: Starting symbolic transaction: 0
