2023-07-03 16:21:17,805: [11] m.main:INFO: Registered plugins: IntrospectionAPIPlugin, <class 'manticore.ethereum.plugins.SkipRevertBasicBlocks'>, <class 'manticore.ethereum.plugins.FilterFunctions'>
2023-07-03 16:21:17,806: [11] m.main:INFO: Beginning analysis
2023-07-03 16:21:17,809: [11] m.e.manticore:INFO: Starting symbolic create contract
2023-07-03 16:21:19,249: [11] m.e.manticore:INFO: Starting symbolic transaction: 0
2023-07-03 16:21:19,371: [11] m.e.manticore:INFO: 0 alive states, 1 terminated states
2023-07-03 16:21:19,415: [11] m.e.manticore:INFO: Starting symbolic transaction: 1
2023-07-03 16:21:19,623: [11] m.c.manticore:INFO: Results in /mcore_aa3moa58
2023-07-03 16:21:19,623: [11] m.c.manticore:INFO: Total time: 0.3727562427520752
2023-07-03 16:21:20,259: [70] m.main:INFO: Registered plugins: IntrospectionAPIPlugin, <class 'manticore.ethereum.plugins.SkipRevertBasicBlocks'>, <class 'manticore.ethereum.plugins.FilterFunctions'>
2023-07-03 16:21:20,259: [70] m.main:INFO: Beginning analysis
2023-07-03 16:21:20,261: [70] m.e.manticore:INFO: Starting symbolic create contract
2023-07-03 16:21:21,631: [70] m.e.manticore:INFO: Starting symbolic transaction: 0
2023-07-03 16:21:21,785: [70] m.e.manticore:INFO: 0 alive states, 1 terminated states
2023-07-03 16:21:21,853: [70] m.e.manticore:INFO: Starting symbolic transaction: 1
2023-07-03 16:21:22,061: [70] m.c.manticore:INFO: Results in /mcore_ge97jw9w
2023-07-03 16:21:22,061: [70] m.c.manticore:INFO: Total time: 0.4262962341308594
2023-07-03 16:21:22,670: [129] m.main:INFO: Registered plugins: IntrospectionAPIPlugin, <class 'manticore.ethereum.plugins.SkipRevertBasicBlocks'>, <class 'manticore.ethereum.plugins.FilterFunctions'>
2023-07-03 16:21:22,671: [129] m.main:INFO: Beginning analysis
2023-07-03 16:21:22,673: [129] m.e.manticore:INFO: Starting symbolic create contract
2023-07-03 16:21:24,762: [129] m.e.manticore:INFO: Starting symbolic transaction: 0
2023-07-03 16:21:30,403: [129] m.e.manticore:INFO: 0 alive states, 3 terminated states
2023-07-03 16:21:30,670: [129] m.c.manticore:INFO: Results in /mcore_pg8eagza
2023-07-03 16:21:30,670: [129] m.c.manticore:INFO: Total time: 5.891618251800537
2023-07-03 16:21:31,362: [200] m.main:INFO: Registered plugins: IntrospectionAPIPlugin, <class 'manticore.ethereum.plugins.SkipRevertBasicBlocks'>, <class 'manticore.ethereum.plugins.FilterFunctions'>
2023-07-03 16:21:31,362: [200] m.main:INFO: Beginning analysis
2023-07-03 16:21:31,365: [200] m.e.manticore:INFO: Starting symbolic create contract
