2023-07-03 16:43:04,553: [11] m.main:INFO: Registered plugins: IntrospectionAPIPlugin, <class 'manticore.ethereum.plugins.SkipRevertBasicBlocks'>, <class 'manticore.ethereum.plugins.FilterFunctions'>
2023-07-03 16:43:04,553: [11] m.main:INFO: Beginning analysis
2023-07-03 16:43:04,556: [11] m.e.manticore:INFO: Starting symbolic create contract
2023-07-03 16:43:06,053: [11] m.e.manticore:INFO: Starting symbolic transaction: 0
2023-07-03 16:43:06,179: [11] m.e.manticore:INFO: 0 alive states, 1 terminated states
2023-07-03 16:43:06,243: [11] m.e.manticore:INFO: Starting symbolic transaction: 1
2023-07-03 16:43:06,479: [11] m.c.manticore:INFO: Results in /mcore_1c5ngyzm
2023-07-03 16:43:06,480: [11] m.c.manticore:INFO: Total time: 0.42341065406799316
2023-07-03 16:43:07,090: [70] m.main:INFO: Registered plugins: IntrospectionAPIPlugin, <class 'manticore.ethereum.plugins.SkipRevertBasicBlocks'>, <class 'manticore.ethereum.plugins.FilterFunctions'>
2023-07-03 16:43:07,090: [70] m.main:INFO: Beginning analysis
2023-07-03 16:43:07,094: [70] m.e.manticore:INFO: Starting symbolic create contract
2023-07-03 16:43:08,419: [70] m.e.manticore:INFO: Starting symbolic transaction: 0
2023-07-03 16:43:08,561: [70] m.e.manticore:INFO: 0 alive states, 1 terminated states
2023-07-03 16:43:08,622: [70] m.e.manticore:INFO: Starting symbolic transaction: 1
2023-07-03 16:43:08,849: [70] m.c.manticore:INFO: Results in /mcore_l268hbk5
2023-07-03 16:43:08,850: [70] m.c.manticore:INFO: Total time: 0.4274444580078125
2023-07-03 16:43:09,443: [129] m.main:INFO: Registered plugins: IntrospectionAPIPlugin, <class 'manticore.ethereum.plugins.SkipRevertBasicBlocks'>, <class 'manticore.ethereum.plugins.FilterFunctions'>
2023-07-03 16:43:09,444: [129] m.main:INFO: Beginning analysis
2023-07-03 16:43:09,446: [129] m.e.manticore:INFO: Starting symbolic create contract
2023-07-03 16:43:11,491: [129] m.e.manticore:INFO: Starting symbolic transaction: 0
2023-07-03 16:43:16,745: [129] m.e.manticore:INFO: 0 alive states, 3 terminated states
2023-07-03 16:43:17,028: [129] m.c.manticore:INFO: Results in /mcore_usctewsc
2023-07-03 16:43:17,029: [129] m.c.manticore:INFO: Total time: 5.517192363739014
2023-07-03 16:43:17,755: [200] m.main:INFO: Registered plugins: IntrospectionAPIPlugin, <class 'manticore.ethereum.plugins.SkipRevertBasicBlocks'>, <class 'manticore.ethereum.plugins.FilterFunctions'>
2023-07-03 16:43:17,755: [200] m.main:INFO: Beginning analysis
2023-07-03 16:43:17,758: [200] m.e.manticore:INFO: Starting symbolic create contract
