2023-07-03 15:43:54,078: [11] m.main:INFO: Registered plugins: IntrospectionAPIPlugin, <class 'manticore.ethereum.plugins.SkipRevertBasicBlocks'>, <class 'manticore.ethereum.plugins.FilterFunctions'>
2023-07-03 15:43:54,078: [11] m.main:INFO: Beginning analysis
2023-07-03 15:43:54,081: [11] m.e.manticore:INFO: Starting symbolic create contract
2023-07-03 15:43:55,751: [11] m.e.manticore:INFO: Starting symbolic transaction: 0
2023-07-03 15:43:55,871: [11] m.e.manticore:INFO: 0 alive states, 1 terminated states
2023-07-03 15:43:55,913: [11] m.e.manticore:INFO: Starting symbolic transaction: 1
2023-07-03 15:43:56,155: [11] m.c.manticore:INFO: Results in /mcore_tajt843q
2023-07-03 15:43:56,155: [11] m.c.manticore:INFO: Total time: 0.40019702911376953
2023-07-03 15:43:56,861: [70] m.main:INFO: Registered plugins: IntrospectionAPIPlugin, <class 'manticore.ethereum.plugins.SkipRevertBasicBlocks'>, <class 'manticore.ethereum.plugins.FilterFunctions'>
2023-07-03 15:43:56,862: [70] m.main:INFO: Beginning analysis
2023-07-03 15:43:56,864: [70] m.e.manticore:INFO: Starting symbolic create contract
2023-07-03 15:43:58,372: [70] m.e.manticore:INFO: Starting symbolic transaction: 0
2023-07-03 15:43:58,510: [70] m.e.manticore:INFO: 0 alive states, 1 terminated states
2023-07-03 15:43:58,573: [70] m.e.manticore:INFO: Starting symbolic transaction: 1
2023-07-03 15:43:58,783: [70] m.c.manticore:INFO: Results in /mcore_kdntxz24
2023-07-03 15:43:58,783: [70] m.c.manticore:INFO: Total time: 0.4080190658569336
2023-07-03 15:43:59,449: [129] m.main:INFO: Registered plugins: IntrospectionAPIPlugin, <class 'manticore.ethereum.plugins.SkipRevertBasicBlocks'>, <class 'manticore.ethereum.plugins.FilterFunctions'>
2023-07-03 15:43:59,449: [129] m.main:INFO: Beginning analysis
2023-07-03 15:43:59,451: [129] m.e.manticore:INFO: Starting symbolic create contract
2023-07-03 15:44:01,755: [129] m.e.manticore:INFO: Starting symbolic transaction: 0
2023-07-03 15:44:07,266: [129] m.e.manticore:INFO: 0 alive states, 3 terminated states
2023-07-03 15:44:07,547: [129] m.c.manticore:INFO: Results in /mcore_ce9mess2
2023-07-03 15:44:07,548: [129] m.c.manticore:INFO: Total time: 5.772464990615845
2023-07-03 15:44:08,275: [197] m.main:INFO: Registered plugins: IntrospectionAPIPlugin, <class 'manticore.ethereum.plugins.SkipRevertBasicBlocks'>, <class 'manticore.ethereum.plugins.FilterFunctions'>
2023-07-03 15:44:08,275: [197] m.main:INFO: Beginning analysis
2023-07-03 15:44:08,278: [197] m.e.manticore:INFO: Starting symbolic create contract
