[INFO] | 2023-07-06 05:57:00 AM | analyzer.ExchangeExecution_2 | Analysis started at: 2023-07-06 05:57:00 AM
[INFO] | 2023-07-06 05:57:02 AM | analyzer.ExchangeExecution_2 | Version constraints: ['0.5.4']
[INFO] | 2023-07-06 05:57:02 AM | analyzer.ExchangeExecution_2 | solc version: v0.5.4
[INFO] | 2023-07-06 05:57:03 AM | analyzer.ExchangeExecution_2 | Callgraph generation started!
[INFO] | 2023-07-06 05:57:03 AM | analyzer.ExchangeExecution_2 | Callgraph generation finished!
[INFO] | 2023-07-06 05:57:03 AM | analyzer.ExchangeExecution_2 | Interprocedural CFG generation started!
[INFO] | 2023-07-06 05:57:03 AM | analyzer.ExchangeExecution_2 | Interprocedural CFG generation finished!
[INFO] | 2023-07-06 05:57:03 AM | analyzer.ExchangeExecution_2 | Storage dependency graph generation started!
[INFO] | 2023-07-06 05:57:03 AM | analyzer.ExchangeExecution_2 | Storage dependency graph generation finished!
[INFO] | 2023-07-06 05:57:03 AM | analyzer.ExchangeExecution_2 | Value Range Analysis started
[INFO] | 2023-07-06 05:57:03 AM | analyzer.ExchangeExecution_2 | Generating return summary for exchange
[INFO] | 2023-07-06 05:57:03 AM | analyzer.ExchangeExecution_2 | Return summary generated for exchange
[INFO] | 2023-07-06 05:57:03 AM | analyzer.ExchangeExecution_2 | State variable assignement do not exist
[INFO] | 2023-07-06 05:57:03 AM | analyzer.ExchangeExecution_2 | Processed function exchange
[INFO] | 2023-07-06 05:57:03 AM | analyzer.ExchangeExecution_2 | Generating return summary for contentAddress
[INFO] | 2023-07-06 05:57:03 AM | analyzer.ExchangeExecution_2 | We should not consider this kind of return values!
[INFO] | 2023-07-06 05:57:03 AM | analyzer.ExchangeExecution_2 | Return summary generated for contentAddress
[INFO] | 2023-07-06 05:57:03 AM | analyzer.ExchangeExecution_2 | State variable assignement do not exist
[INFO] | 2023-07-06 05:57:03 AM | analyzer.ExchangeExecution_2 | Processed function contentAddress
[INFO] | 2023-07-06 05:57:03 AM | analyzer.ExchangeExecution_2 | Generating return summary for readBytes4
[INFO] | 2023-07-06 05:57:03 AM | analyzer.ExchangeExecution_2 | We should not consider this kind of return values!
[INFO] | 2023-07-06 05:57:03 AM | analyzer.ExchangeExecution_2 | Return summary generated for readBytes4
[INFO] | 2023-07-06 05:57:03 AM | analyzer.ExchangeExecution_2 | State variable assignement do not exist
[INFO] | 2023-07-06 05:57:03 AM | analyzer.ExchangeExecution_2 | Processed function readBytes4
[INFO] | 2023-07-06 05:57:03 AM | analyzer.ExchangeExecution_2 | Generating return summary for readBytes32
[INFO] | 2023-07-06 05:57:03 AM | analyzer.ExchangeExecution_2 | We should not consider this kind of return values!
[INFO] | 2023-07-06 05:57:03 AM | analyzer.ExchangeExecution_2 | Return summary generated for readBytes32
[INFO] | 2023-07-06 05:57:03 AM | analyzer.ExchangeExecution_2 | State variable assignement do not exist
[INFO] | 2023-07-06 05:57:03 AM | analyzer.ExchangeExecution_2 | Processed function readBytes32
[INFO] | 2023-07-06 05:57:03 AM | analyzer.ExchangeExecution_2 | Generating return summary for memCopy
[INFO] | 2023-07-06 05:57:03 AM | analyzer.ExchangeExecution_2 | Return summary generated for memCopy
[INFO] | 2023-07-06 05:57:03 AM | analyzer.ExchangeExecution_2 | State variable assignement do not exist
[INFO] | 2023-07-06 05:57:03 AM | analyzer.ExchangeExecution_2 | Processed function memCopy
[INFO] | 2023-07-06 05:57:03 AM | analyzer.ExchangeExecution_2 | Generating return summary for indexOf
[INFO] | 2023-07-06 05:57:03 AM | analyzer.ExchangeExecution_2 | Return summary generated for indexOf
[INFO] | 2023-07-06 05:57:03 AM | analyzer.ExchangeExecution_2 | State variable assignement do not exist
[INFO] | 2023-07-06 05:57:03 AM | analyzer.ExchangeExecution_2 | Processed function indexOf
[INFO] | 2023-07-06 05:57:03 AM | analyzer.ExchangeExecution_2 | Generating return summary for indexOfFromEnd
[INFO] | 2023-07-06 05:57:03 AM | analyzer.ExchangeExecution_2 | Return summary generated for indexOfFromEnd
[INFO] | 2023-07-06 05:57:03 AM | analyzer.ExchangeExecution_2 | State variable assignement do not exist
[INFO] | 2023-07-06 05:57:03 AM | analyzer.ExchangeExecution_2 | Processed function indexOfFromEnd
[INFO] | 2023-07-06 05:57:03 AM | analyzer.ExchangeExecution_2 | Generating return summary for extend
[INFO] | 2023-07-06 05:57:03 AM | analyzer.ExchangeExecution_2 | Return summary generated for extend
[INFO] | 2023-07-06 05:57:03 AM | analyzer.ExchangeExecution_2 | State variable assignement do not exist
[INFO] | 2023-07-06 05:57:03 AM | analyzer.ExchangeExecution_2 | Processed function extend
[INFO] | 2023-07-06 05:57:03 AM | analyzer.ExchangeExecution_2 | Generating return summary for append
[INFO] | 2023-07-06 05:57:03 AM | analyzer.ExchangeExecution_2 | Return summary generated for append
[INFO] | 2023-07-06 05:57:03 AM | analyzer.ExchangeExecution_2 | State variable assignement do not exist
[INFO] | 2023-07-06 05:57:03 AM | analyzer.ExchangeExecution_2 | Processed function append
[INFO] | 2023-07-06 05:57:03 AM | analyzer.ExchangeExecution_2 | Generating return summary for sExtend
[INFO] | 2023-07-06 05:57:03 AM | analyzer.ExchangeExecution_2 | Return summary generated for sExtend
[INFO] | 2023-07-06 05:57:03 AM | analyzer.ExchangeExecution_2 | State variable assignement do not exist
[INFO] | 2023-07-06 05:57:03 AM | analyzer.ExchangeExecution_2 | Processed function sExtend
[INFO] | 2023-07-06 05:57:03 AM | analyzer.ExchangeExecution_2 | Generating return summary for sReverse
[INFO] | 2023-07-06 05:57:03 AM | analyzer.ExchangeExecution_2 | Return summary generated for sReverse
[INFO] | 2023-07-06 05:57:03 AM | analyzer.ExchangeExecution_2 | State variable assignement do not exist
[INFO] | 2023-07-06 05:57:03 AM | analyzer.ExchangeExecution_2 | Processed function sReverse
[INFO] | 2023-07-06 05:57:03 AM | analyzer.ExchangeExecution_2 | Generating return summary for pop
[INFO] | 2023-07-06 05:57:03 AM | analyzer.ExchangeExecution_2 | Return summary generated for pop
[INFO] | 2023-07-06 05:57:03 AM | analyzer.ExchangeExecution_2 | State variable assignement do not exist
[INFO] | 2023-07-06 05:57:03 AM | analyzer.ExchangeExecution_2 | Processed function pop
[INFO] | 2023-07-06 05:57:03 AM | analyzer.ExchangeExecution_2 | Generating return summary for sPop
[INFO] | 2023-07-06 05:57:03 AM | analyzer.ExchangeExecution_2 | Return summary generated for sPop
[INFO] | 2023-07-06 05:57:03 AM | analyzer.ExchangeExecution_2 | State variable assignement do not exist
[INFO] | 2023-07-06 05:57:03 AM | analyzer.ExchangeExecution_2 | Processed function sPop
[INFO] | 2023-07-06 05:57:03 AM | analyzer.ExchangeExecution_2 | Generating return summary for sPopCheap
[INFO] | 2023-07-06 05:57:03 AM | analyzer.ExchangeExecution_2 | Return summary generated for sPopCheap
[INFO] | 2023-07-06 05:57:03 AM | analyzer.ExchangeExecution_2 | State variable assignement do not exist
[INFO] | 2023-07-06 05:57:03 AM | analyzer.ExchangeExecution_2 | Processed function sPopCheap
[INFO] | 2023-07-06 05:57:03 AM | analyzer.ExchangeExecution_2 | Generating return summary for hasDuplicate
[INFO] | 2023-07-06 05:57:03 AM | analyzer.ExchangeExecution_2 | Return summary generated for hasDuplicate
[INFO] | 2023-07-06 05:57:03 AM | analyzer.ExchangeExecution_2 | State variable assignement do not exist
[INFO] | 2023-07-06 05:57:03 AM | analyzer.ExchangeExecution_2 | Processed function hasDuplicate
[INFO] | 2023-07-06 05:57:03 AM | analyzer.ExchangeExecution_2 | Generating return summary for isEqual
[INFO] | 2023-07-06 05:57:03 AM | analyzer.ExchangeExecution_2 | Return summary generated for isEqual
[INFO] | 2023-07-06 05:57:03 AM | analyzer.ExchangeExecution_2 | State variable assignement do not exist
[INFO] | 2023-07-06 05:57:03 AM | analyzer.ExchangeExecution_2 | Processed function isEqual
[INFO] | 2023-07-06 05:57:03 AM | analyzer.ExchangeExecution_2 | Generating return summary for argGet
[INFO] | 2023-07-06 05:57:03 AM | analyzer.ExchangeExecution_2 | Return summary generated for argGet
[INFO] | 2023-07-06 05:57:03 AM | analyzer.ExchangeExecution_2 | State variable assignement do not exist
[INFO] | 2023-07-06 05:57:03 AM | analyzer.ExchangeExecution_2 | Processed function argGet
[INFO] | 2023-07-06 05:57:03 AM | analyzer.ExchangeExecution_2 | Generating return summary for transferProxy
[INFO] | 2023-07-06 05:57:03 AM | analyzer.ExchangeExecution_2 | Return summary generated for transferProxy
[INFO] | 2023-07-06 05:57:03 AM | analyzer.ExchangeExecution_2 | State variable assignement do not exist
[INFO] | 2023-07-06 05:57:03 AM | analyzer.ExchangeExecution_2 | Processed function transferProxy
[INFO] | 2023-07-06 05:57:03 AM | analyzer.ExchangeExecution_2 | Generating return summary for vault
[INFO] | 2023-07-06 05:57:03 AM | analyzer.ExchangeExecution_2 | Return summary generated for vault
[INFO] | 2023-07-06 05:57:03 AM | analyzer.ExchangeExecution_2 | State variable assignement do not exist
[INFO] | 2023-07-06 05:57:03 AM | analyzer.ExchangeExecution_2 | Processed function vault
[INFO] | 2023-07-06 05:57:03 AM | analyzer.ExchangeExecution_2 | Generating return summary for exchangeIds
[INFO] | 2023-07-06 05:57:03 AM | analyzer.ExchangeExecution_2 | Return summary generated for exchangeIds
[INFO] | 2023-07-06 05:57:03 AM | analyzer.ExchangeExecution_2 | State variable assignement do not exist
[INFO] | 2023-07-06 05:57:03 AM | analyzer.ExchangeExecution_2 | Processed function exchangeIds
[INFO] | 2023-07-06 05:57:03 AM | analyzer.ExchangeExecution_2 | Generating return summary for validSets
[INFO] | 2023-07-06 05:57:03 AM | analyzer.ExchangeExecution_2 | Return summary generated for validSets
[INFO] | 2023-07-06 05:57:03 AM | analyzer.ExchangeExecution_2 | State variable assignement do not exist
[INFO] | 2023-07-06 05:57:03 AM | analyzer.ExchangeExecution_2 | Processed function validSets
[INFO] | 2023-07-06 05:57:03 AM | analyzer.ExchangeExecution_2 | Generating return summary for validModules
[INFO] | 2023-07-06 05:57:03 AM | analyzer.ExchangeExecution_2 | Return summary generated for validModules
[INFO] | 2023-07-06 05:57:03 AM | analyzer.ExchangeExecution_2 | State variable assignement do not exist
[INFO] | 2023-07-06 05:57:03 AM | analyzer.ExchangeExecution_2 | Processed function validModules
[INFO] | 2023-07-06 05:57:03 AM | analyzer.ExchangeExecution_2 | Generating return summary for validPriceLibraries
[INFO] | 2023-07-06 05:57:03 AM | analyzer.ExchangeExecution_2 | Return summary generated for validPriceLibraries
[INFO] | 2023-07-06 05:57:03 AM | analyzer.ExchangeExecution_2 | State variable assignement do not exist
[INFO] | 2023-07-06 05:57:03 AM | analyzer.ExchangeExecution_2 | Processed function validPriceLibraries
[INFO] | 2023-07-06 05:57:03 AM | analyzer.ExchangeExecution_2 | Generating return summary for issue
[INFO] | 2023-07-06 05:57:03 AM | analyzer.ExchangeExecution_2 | Return summary generated for issue
[INFO] | 2023-07-06 05:57:03 AM | analyzer.ExchangeExecution_2 | State variable assignement do not exist
[INFO] | 2023-07-06 05:57:03 AM | analyzer.ExchangeExecution_2 | Processed function issue
[INFO] | 2023-07-06 05:57:03 AM | analyzer.ExchangeExecution_2 | Generating return summary for issueTo
[INFO] | 2023-07-06 05:57:03 AM | analyzer.ExchangeExecution_2 | Return summary generated for issueTo
[INFO] | 2023-07-06 05:57:03 AM | analyzer.ExchangeExecution_2 | State variable assignement do not exist
[INFO] | 2023-07-06 05:57:03 AM | analyzer.ExchangeExecution_2 | Processed function issueTo
[INFO] | 2023-07-06 05:57:03 AM | analyzer.ExchangeExecution_2 | Generating return summary for issueInVault
[INFO] | 2023-07-06 05:57:03 AM | analyzer.ExchangeExecution_2 | Return summary generated for issueInVault
[INFO] | 2023-07-06 05:57:03 AM | analyzer.ExchangeExecution_2 | State variable assignement do not exist
[INFO] | 2023-07-06 05:57:03 AM | analyzer.ExchangeExecution_2 | Processed function issueInVault
[INFO] | 2023-07-06 05:57:03 AM | analyzer.ExchangeExecution_2 | Generating return summary for redeem
[INFO] | 2023-07-06 05:57:03 AM | analyzer.ExchangeExecution_2 | Return summary generated for redeem
[INFO] | 2023-07-06 05:57:03 AM | analyzer.ExchangeExecution_2 | State variable assignement do not exist
[INFO] | 2023-07-06 05:57:03 AM | analyzer.ExchangeExecution_2 | Processed function redeem
[INFO] | 2023-07-06 05:57:03 AM | analyzer.ExchangeExecution_2 | Generating return summary for redeemTo
[INFO] | 2023-07-06 05:57:03 AM | analyzer.ExchangeExecution_2 | Return summary generated for redeemTo
[INFO] | 2023-07-06 05:57:03 AM | analyzer.ExchangeExecution_2 | State variable assignement do not exist
[INFO] | 2023-07-06 05:57:03 AM | analyzer.ExchangeExecution_2 | Processed function redeemTo
[INFO] | 2023-07-06 05:57:03 AM | analyzer.ExchangeExecution_2 | Generating return summary for redeemInVault
[INFO] | 2023-07-06 05:57:03 AM | analyzer.ExchangeExecution_2 | Return summary generated for redeemInVault
[INFO] | 2023-07-06 05:57:03 AM | analyzer.ExchangeExecution_2 | State variable assignement do not exist
[INFO] | 2023-07-06 05:57:03 AM | analyzer.ExchangeExecution_2 | Processed function redeemInVault
[INFO] | 2023-07-06 05:57:03 AM | analyzer.ExchangeExecution_2 | Generating return summary for redeemAndWithdrawTo
[INFO] | 2023-07-06 05:57:03 AM | analyzer.ExchangeExecution_2 | Return summary generated for redeemAndWithdrawTo
[INFO] | 2023-07-06 05:57:03 AM | analyzer.ExchangeExecution_2 | State variable assignement do not exist
[INFO] | 2023-07-06 05:57:03 AM | analyzer.ExchangeExecution_2 | Processed function redeemAndWithdrawTo
[INFO] | 2023-07-06 05:57:03 AM | analyzer.ExchangeExecution_2 | Generating return summary for batchDeposit
[INFO] | 2023-07-06 05:57:03 AM | analyzer.ExchangeExecution_2 | Return summary generated for batchDeposit
[INFO] | 2023-07-06 05:57:03 AM | analyzer.ExchangeExecution_2 | State variable assignement do not exist
[INFO] | 2023-07-06 05:57:03 AM | analyzer.ExchangeExecution_2 | Processed function batchDeposit
[INFO] | 2023-07-06 05:57:03 AM | analyzer.ExchangeExecution_2 | Generating return summary for batchWithdraw
[INFO] | 2023-07-06 05:57:03 AM | analyzer.ExchangeExecution_2 | Return summary generated for batchWithdraw
[INFO] | 2023-07-06 05:57:03 AM | analyzer.ExchangeExecution_2 | State variable assignement do not exist
[INFO] | 2023-07-06 05:57:03 AM | analyzer.ExchangeExecution_2 | Processed function batchWithdraw
[INFO] | 2023-07-06 05:57:03 AM | analyzer.ExchangeExecution_2 | Generating return summary for deposit
[INFO] | 2023-07-06 05:57:03 AM | analyzer.ExchangeExecution_2 | Return summary generated for deposit
[INFO] | 2023-07-06 05:57:03 AM | analyzer.ExchangeExecution_2 | State variable assignement do not exist
[INFO] | 2023-07-06 05:57:03 AM | analyzer.ExchangeExecution_2 | Processed function deposit
[INFO] | 2023-07-06 05:57:03 AM | analyzer.ExchangeExecution_2 | Generating return summary for withdraw
[INFO] | 2023-07-06 05:57:03 AM | analyzer.ExchangeExecution_2 | Return summary generated for withdraw
[INFO] | 2023-07-06 05:57:03 AM | analyzer.ExchangeExecution_2 | State variable assignement do not exist
[INFO] | 2023-07-06 05:57:03 AM | analyzer.ExchangeExecution_2 | Processed function withdraw
[INFO] | 2023-07-06 05:57:03 AM | analyzer.ExchangeExecution_2 | Generating return summary for internalTransfer
[INFO] | 2023-07-06 05:57:03 AM | analyzer.ExchangeExecution_2 | Return summary generated for internalTransfer
[INFO] | 2023-07-06 05:57:03 AM | analyzer.ExchangeExecution_2 | State variable assignement do not exist
[INFO] | 2023-07-06 05:57:03 AM | analyzer.ExchangeExecution_2 | Processed function internalTransfer
[INFO] | 2023-07-06 05:57:03 AM | analyzer.ExchangeExecution_2 | Generating return summary for createSet
[INFO] | 2023-07-06 05:57:03 AM | analyzer.ExchangeExecution_2 | Return summary generated for createSet
[INFO] | 2023-07-06 05:57:03 AM | analyzer.ExchangeExecution_2 | State variable assignement do not exist
[INFO] | 2023-07-06 05:57:03 AM | analyzer.ExchangeExecution_2 | Processed function createSet
[INFO] | 2023-07-06 05:57:03 AM | analyzer.ExchangeExecution_2 | Generating return summary for depositModule
[INFO] | 2023-07-06 05:57:03 AM | analyzer.ExchangeExecution_2 | Return summary generated for depositModule
[INFO] | 2023-07-06 05:57:03 AM | analyzer.ExchangeExecution_2 | State variable assignement do not exist
[INFO] | 2023-07-06 05:57:03 AM | analyzer.ExchangeExecution_2 | Processed function depositModule
[INFO] | 2023-07-06 05:57:03 AM | analyzer.ExchangeExecution_2 | Generating return summary for withdrawModule
[INFO] | 2023-07-06 05:57:03 AM | analyzer.ExchangeExecution_2 | Return summary generated for withdrawModule
[INFO] | 2023-07-06 05:57:03 AM | analyzer.ExchangeExecution_2 | State variable assignement do not exist
[INFO] | 2023-07-06 05:57:03 AM | analyzer.ExchangeExecution_2 | Processed function withdrawModule
[INFO] | 2023-07-06 05:57:03 AM | analyzer.ExchangeExecution_2 | Generating return summary for batchDepositModule
[INFO] | 2023-07-06 05:57:03 AM | analyzer.ExchangeExecution_2 | Return summary generated for batchDepositModule
[INFO] | 2023-07-06 05:57:03 AM | analyzer.ExchangeExecution_2 | State variable assignement do not exist
[INFO] | 2023-07-06 05:57:03 AM | analyzer.ExchangeExecution_2 | Processed function batchDepositModule
[INFO] | 2023-07-06 05:57:03 AM | analyzer.ExchangeExecution_2 | Generating return summary for batchWithdrawModule
[INFO] | 2023-07-06 05:57:03 AM | analyzer.ExchangeExecution_2 | Return summary generated for batchWithdrawModule
[INFO] | 2023-07-06 05:57:03 AM | analyzer.ExchangeExecution_2 | State variable assignement do not exist
[INFO] | 2023-07-06 05:57:03 AM | analyzer.ExchangeExecution_2 | Processed function batchWithdrawModule
[INFO] | 2023-07-06 05:57:03 AM | analyzer.ExchangeExecution_2 | Generating return summary for issueModule
[INFO] | 2023-07-06 05:57:03 AM | analyzer.ExchangeExecution_2 | Return summary generated for issueModule
[INFO] | 2023-07-06 05:57:03 AM | analyzer.ExchangeExecution_2 | State variable assignement do not exist
[INFO] | 2023-07-06 05:57:03 AM | analyzer.ExchangeExecution_2 | Processed function issueModule
[INFO] | 2023-07-06 05:57:03 AM | analyzer.ExchangeExecution_2 | Generating return summary for redeemModule
[INFO] | 2023-07-06 05:57:03 AM | analyzer.ExchangeExecution_2 | Return summary generated for redeemModule
[INFO] | 2023-07-06 05:57:03 AM | analyzer.ExchangeExecution_2 | State variable assignement do not exist
[INFO] | 2023-07-06 05:57:03 AM | analyzer.ExchangeExecution_2 | Processed function redeemModule
[INFO] | 2023-07-06 05:57:03 AM | analyzer.ExchangeExecution_2 | Generating return summary for batchIncrementTokenOwnerModule
[INFO] | 2023-07-06 05:57:03 AM | analyzer.ExchangeExecution_2 | Return summary generated for batchIncrementTokenOwnerModule
[INFO] | 2023-07-06 05:57:03 AM | analyzer.ExchangeExecution_2 | State variable assignement do not exist
[INFO] | 2023-07-06 05:57:03 AM | analyzer.ExchangeExecution_2 | Processed function batchIncrementTokenOwnerModule
[INFO] | 2023-07-06 05:57:03 AM | analyzer.ExchangeExecution_2 | Generating return summary for batchDecrementTokenOwnerModule
[INFO] | 2023-07-06 05:57:03 AM | analyzer.ExchangeExecution_2 | Return summary generated for batchDecrementTokenOwnerModule
[INFO] | 2023-07-06 05:57:03 AM | analyzer.ExchangeExecution_2 | State variable assignement do not exist
[INFO] | 2023-07-06 05:57:03 AM | analyzer.ExchangeExecution_2 | Processed function batchDecrementTokenOwnerModule
[INFO] | 2023-07-06 05:57:03 AM | analyzer.ExchangeExecution_2 | Generating return summary for batchTransferBalanceModule
[INFO] | 2023-07-06 05:57:03 AM | analyzer.ExchangeExecution_2 | Return summary generated for batchTransferBalanceModule
[INFO] | 2023-07-06 05:57:03 AM | analyzer.ExchangeExecution_2 | State variable assignement do not exist
[INFO] | 2023-07-06 05:57:03 AM | analyzer.ExchangeExecution_2 | Processed function batchTransferBalanceModule
[INFO] | 2023-07-06 05:57:03 AM | analyzer.ExchangeExecution_2 | Generating return summary for transferModule
[INFO] | 2023-07-06 05:57:03 AM | analyzer.ExchangeExecution_2 | Return summary generated for transferModule
[INFO] | 2023-07-06 05:57:03 AM | analyzer.ExchangeExecution_2 | State variable assignement do not exist
[INFO] | 2023-07-06 05:57:03 AM | analyzer.ExchangeExecution_2 | Processed function transferModule
[INFO] | 2023-07-06 05:57:03 AM | analyzer.ExchangeExecution_2 | Generating return summary for batchTransferModule
[INFO] | 2023-07-06 05:57:03 AM | analyzer.ExchangeExecution_2 | Return summary generated for batchTransferModule
[INFO] | 2023-07-06 05:57:03 AM | analyzer.ExchangeExecution_2 | State variable assignement do not exist
[INFO] | 2023-07-06 05:57:03 AM | analyzer.ExchangeExecution_2 | Processed function batchTransferModule
[INFO] | 2023-07-06 05:57:03 AM | analyzer.ExchangeExecution_2 | Generating return summary for transfer
[INFO] | 2023-07-06 05:57:03 AM | analyzer.ExchangeExecution_2 | Return summary generated for transfer
[INFO] | 2023-07-06 05:57:03 AM | analyzer.ExchangeExecution_2 | State variable assignement do not exist
[INFO] | 2023-07-06 05:57:03 AM | analyzer.ExchangeExecution_2 | Processed function transfer
[INFO] | 2023-07-06 05:57:03 AM | analyzer.ExchangeExecution_2 | Generating return summary for batchTransfer
[INFO] | 2023-07-06 05:57:03 AM | analyzer.ExchangeExecution_2 | Return summary generated for batchTransfer
[INFO] | 2023-07-06 05:57:03 AM | analyzer.ExchangeExecution_2 | State variable assignement do not exist
[INFO] | 2023-07-06 05:57:03 AM | analyzer.ExchangeExecution_2 | Processed function batchTransfer
[INFO] | 2023-07-06 05:57:03 AM | analyzer.ExchangeExecution_2 | Generating return summary for withdrawTo
[INFO] | 2023-07-06 05:57:03 AM | analyzer.ExchangeExecution_2 | Return summary generated for withdrawTo
[INFO] | 2023-07-06 05:57:03 AM | analyzer.ExchangeExecution_2 | State variable assignement do not exist
[INFO] | 2023-07-06 05:57:03 AM | analyzer.ExchangeExecution_2 | Processed function withdrawTo
[INFO] | 2023-07-06 05:57:03 AM | analyzer.ExchangeExecution_2 | Generating return summary for incrementTokenOwner
[INFO] | 2023-07-06 05:57:03 AM | analyzer.ExchangeExecution_2 | Return summary generated for incrementTokenOwner
[INFO] | 2023-07-06 05:57:03 AM | analyzer.ExchangeExecution_2 | State variable assignement do not exist
[INFO] | 2023-07-06 05:57:03 AM | analyzer.ExchangeExecution_2 | Processed function incrementTokenOwner
[INFO] | 2023-07-06 05:57:03 AM | analyzer.ExchangeExecution_2 | Generating return summary for decrementTokenOwner
[INFO] | 2023-07-06 05:57:03 AM | analyzer.ExchangeExecution_2 | Return summary generated for decrementTokenOwner
[INFO] | 2023-07-06 05:57:03 AM | analyzer.ExchangeExecution_2 | State variable assignement do not exist
[INFO] | 2023-07-06 05:57:03 AM | analyzer.ExchangeExecution_2 | Processed function decrementTokenOwner
[INFO] | 2023-07-06 05:57:03 AM | analyzer.ExchangeExecution_2 | Generating return summary for transferBalance
[INFO] | 2023-07-06 05:57:03 AM | analyzer.ExchangeExecution_2 | Return summary generated for transferBalance
[INFO] | 2023-07-06 05:57:03 AM | analyzer.ExchangeExecution_2 | State variable assignement do not exist
[INFO] | 2023-07-06 05:57:03 AM | analyzer.ExchangeExecution_2 | Processed function transferBalance
[INFO] | 2023-07-06 05:57:03 AM | analyzer.ExchangeExecution_2 | Generating return summary for batchWithdrawTo
[INFO] | 2023-07-06 05:57:03 AM | analyzer.ExchangeExecution_2 | Return summary generated for batchWithdrawTo
[INFO] | 2023-07-06 05:57:03 AM | analyzer.ExchangeExecution_2 | State variable assignement do not exist
[INFO] | 2023-07-06 05:57:03 AM | analyzer.ExchangeExecution_2 | Processed function batchWithdrawTo
[INFO] | 2023-07-06 05:57:03 AM | analyzer.ExchangeExecution_2 | Generating return summary for batchIncrementTokenOwner
[INFO] | 2023-07-06 05:57:03 AM | analyzer.ExchangeExecution_2 | Return summary generated for batchIncrementTokenOwner
[INFO] | 2023-07-06 05:57:03 AM | analyzer.ExchangeExecution_2 | State variable assignement do not exist
[INFO] | 2023-07-06 05:57:03 AM | analyzer.ExchangeExecution_2 | Processed function batchIncrementTokenOwner
[INFO] | 2023-07-06 05:57:03 AM | analyzer.ExchangeExecution_2 | Generating return summary for batchDecrementTokenOwner
[INFO] | 2023-07-06 05:57:03 AM | analyzer.ExchangeExecution_2 | Return summary generated for batchDecrementTokenOwner
[INFO] | 2023-07-06 05:57:03 AM | analyzer.ExchangeExecution_2 | State variable assignement do not exist
[INFO] | 2023-07-06 05:57:03 AM | analyzer.ExchangeExecution_2 | Processed function batchDecrementTokenOwner
[INFO] | 2023-07-06 05:57:03 AM | analyzer.ExchangeExecution_2 | Generating return summary for batchTransferBalance
[INFO] | 2023-07-06 05:57:03 AM | analyzer.ExchangeExecution_2 | Return summary generated for batchTransferBalance
[INFO] | 2023-07-06 05:57:03 AM | analyzer.ExchangeExecution_2 | State variable assignement do not exist
[INFO] | 2023-07-06 05:57:03 AM | analyzer.ExchangeExecution_2 | Processed function batchTransferBalance
[INFO] | 2023-07-06 05:57:03 AM | analyzer.ExchangeExecution_2 | Generating return summary for getOwnerBalance
[INFO] | 2023-07-06 05:57:03 AM | analyzer.ExchangeExecution_2 | Return summary generated for getOwnerBalance
[INFO] | 2023-07-06 05:57:03 AM | analyzer.ExchangeExecution_2 | State variable assignement do not exist
[INFO] | 2023-07-06 05:57:03 AM | analyzer.ExchangeExecution_2 | Processed function getOwnerBalance
[INFO] | 2023-07-06 05:57:03 AM | analyzer.ExchangeExecution_2 | Generating return summary for add
[INFO] | 2023-07-06 05:57:03 AM | analyzer.ExchangeExecution_2 | Return summary generated for add
[INFO] | 2023-07-06 05:57:03 AM | analyzer.ExchangeExecution_2 | State variable assignement do not exist
[INFO] | 2023-07-06 05:57:03 AM | analyzer.ExchangeExecution_2 | Processed function add
[INFO] | 2023-07-06 05:57:03 AM | analyzer.ExchangeExecution_2 | Generating return summary for sub
[INFO] | 2023-07-06 05:57:03 AM | analyzer.ExchangeExecution_2 | Return summary generated for sub
[INFO] | 2023-07-06 05:57:03 AM | analyzer.ExchangeExecution_2 | State variable assignement do not exist
[INFO] | 2023-07-06 05:57:03 AM | analyzer.ExchangeExecution_2 | Processed function sub
[INFO] | 2023-07-06 05:57:03 AM | analyzer.ExchangeExecution_2 | Generating return summary for mul
[INFO] | 2023-07-06 05:57:03 AM | analyzer.ExchangeExecution_2 | Return summary generated for mul
[INFO] | 2023-07-06 05:57:03 AM | analyzer.ExchangeExecution_2 | State variable assignement do not exist
[INFO] | 2023-07-06 05:57:03 AM | analyzer.ExchangeExecution_2 | Processed function mul
[INFO] | 2023-07-06 05:57:03 AM | analyzer.ExchangeExecution_2 | Generating return summary for div
[INFO] | 2023-07-06 05:57:03 AM | analyzer.ExchangeExecution_2 | Return summary generated for div
[INFO] | 2023-07-06 05:57:03 AM | analyzer.ExchangeExecution_2 | State variable assignement do not exist
[INFO] | 2023-07-06 05:57:03 AM | analyzer.ExchangeExecution_2 | Processed function div
[INFO] | 2023-07-06 05:57:03 AM | analyzer.ExchangeExecution_2 | Generating return summary for mod
[INFO] | 2023-07-06 05:57:03 AM | analyzer.ExchangeExecution_2 | Return summary generated for mod
[INFO] | 2023-07-06 05:57:03 AM | analyzer.ExchangeExecution_2 | State variable assignement do not exist
[INFO] | 2023-07-06 05:57:03 AM | analyzer.ExchangeExecution_2 | Processed function mod
[INFO] | 2023-07-06 05:57:03 AM | analyzer.ExchangeExecution_2 | Generating return summary for maxUInt256
[INFO] | 2023-07-06 05:57:03 AM | analyzer.ExchangeExecution_2 | Return summary generated for maxUInt256
[INFO] | 2023-07-06 05:57:03 AM | analyzer.ExchangeExecution_2 | State variable assignement do not exist
[INFO] | 2023-07-06 05:57:03 AM | analyzer.ExchangeExecution_2 | Processed function maxUInt256
[INFO] | 2023-07-06 05:57:03 AM | analyzer.ExchangeExecution_2 | Generating return summary for EXCHANGE_HEADER_LENGTH
[INFO] | 2023-07-06 05:57:03 AM | analyzer.ExchangeExecution_2 | Return summary generated for EXCHANGE_HEADER_LENGTH
[INFO] | 2023-07-06 05:57:03 AM | analyzer.ExchangeExecution_2 | State variable assignement do not exist
[INFO] | 2023-07-06 05:57:03 AM | analyzer.ExchangeExecution_2 | Processed function EXCHANGE_HEADER_LENGTH
[INFO] | 2023-07-06 05:57:03 AM | analyzer.ExchangeExecution_2 | Generating return summary for naturalUnit
[INFO] | 2023-07-06 05:57:03 AM | analyzer.ExchangeExecution_2 | Return summary generated for naturalUnit
[INFO] | 2023-07-06 05:57:03 AM | analyzer.ExchangeExecution_2 | State variable assignement do not exist
[INFO] | 2023-07-06 05:57:03 AM | analyzer.ExchangeExecution_2 | Processed function naturalUnit
[INFO] | 2023-07-06 05:57:03 AM | analyzer.ExchangeExecution_2 | Generating return summary for getComponents
[INFO] | 2023-07-06 05:57:03 AM | analyzer.ExchangeExecution_2 | Return summary generated for getComponents
[INFO] | 2023-07-06 05:57:03 AM | analyzer.ExchangeExecution_2 | State variable assignement do not exist
[INFO] | 2023-07-06 05:57:03 AM | analyzer.ExchangeExecution_2 | Processed function getComponents
[INFO] | 2023-07-06 05:57:03 AM | analyzer.ExchangeExecution_2 | Generating return summary for getUnits
[INFO] | 2023-07-06 05:57:03 AM | analyzer.ExchangeExecution_2 | Return summary generated for getUnits
[INFO] | 2023-07-06 05:57:03 AM | analyzer.ExchangeExecution_2 | State variable assignement do not exist
[INFO] | 2023-07-06 05:57:03 AM | analyzer.ExchangeExecution_2 | Processed function getUnits
[INFO] | 2023-07-06 05:57:03 AM | analyzer.ExchangeExecution_2 | Generating return summary for tokenIsComponent
[INFO] | 2023-07-06 05:57:03 AM | analyzer.ExchangeExecution_2 | Return summary generated for tokenIsComponent
[INFO] | 2023-07-06 05:57:03 AM | analyzer.ExchangeExecution_2 | State variable assignement do not exist
[INFO] | 2023-07-06 05:57:03 AM | analyzer.ExchangeExecution_2 | Processed function tokenIsComponent
[INFO] | 2023-07-06 05:57:03 AM | analyzer.ExchangeExecution_2 | Generating return summary for mint
[INFO] | 2023-07-06 05:57:03 AM | analyzer.ExchangeExecution_2 | Return summary generated for mint
[INFO] | 2023-07-06 05:57:03 AM | analyzer.ExchangeExecution_2 | State variable assignement do not exist
[INFO] | 2023-07-06 05:57:03 AM | analyzer.ExchangeExecution_2 | Processed function mint
[INFO] | 2023-07-06 05:57:03 AM | analyzer.ExchangeExecution_2 | Generating return summary for burn
[INFO] | 2023-07-06 05:57:03 AM | analyzer.ExchangeExecution_2 | Return summary generated for burn
[INFO] | 2023-07-06 05:57:03 AM | analyzer.ExchangeExecution_2 | State variable assignement do not exist
[INFO] | 2023-07-06 05:57:03 AM | analyzer.ExchangeExecution_2 | Processed function burn
[INFO] | 2023-07-06 05:57:03 AM | analyzer.ExchangeExecution_2 | Generating return summary for transfer
[INFO] | 2023-07-06 05:57:03 AM | analyzer.ExchangeExecution_2 | Return summary generated for transfer
[INFO] | 2023-07-06 05:57:03 AM | analyzer.ExchangeExecution_2 | State variable assignement do not exist
[INFO] | 2023-07-06 05:57:03 AM | analyzer.ExchangeExecution_2 | Processed function transfer
[INFO] | 2023-07-06 05:57:03 AM | analyzer.ExchangeExecution_2 | Generating return summary for constructor
[INFO] | 2023-07-06 05:57:03 AM | analyzer.ExchangeExecution_2 | Return summary generated for constructor
[INFO] | 2023-07-06 05:57:03 AM | analyzer.ExchangeExecution_2 | Range graph generated
[INFO] | 2023-07-06 05:57:03 AM | analyzer.ExchangeExecution_2 | Processed function constructor
[INFO] | 2023-07-06 05:57:03 AM | analyzer.ExchangeExecution_2 | Generating return summary for constructor
[INFO] | 2023-07-06 05:57:03 AM | analyzer.ExchangeExecution_2 | Return summary generated for constructor
[INFO] | 2023-07-06 05:57:03 AM | analyzer.ExchangeExecution_2 | Range graph generated
[INFO] | 2023-07-06 05:57:03 AM | analyzer.ExchangeExecution_2 | Processed function constructor
[INFO] | 2023-07-06 05:57:03 AM | analyzer.ExchangeExecution_2 | Generating return summary for callExchange
[INFO] | 2023-07-06 05:57:03 AM | analyzer.ExchangeExecution_2 | Return summary generated for callExchange
[INFO] | 2023-07-06 05:57:03 AM | analyzer.ExchangeExecution_2 | State variable assignement do not exist
[INFO] | 2023-07-06 05:57:03 AM | analyzer.ExchangeExecution_2 | Processed function callExchange
[INFO] | 2023-07-06 05:57:03 AM | analyzer.ExchangeExecution_2 | Generating return summary for slice
[INFO] | 2023-07-06 05:57:03 AM | analyzer.ExchangeExecution_2 | Return summary generated for slice
[INFO] | 2023-07-06 05:57:03 AM | analyzer.ExchangeExecution_2 | State variable assignement do not exist
[INFO] | 2023-07-06 05:57:03 AM | analyzer.ExchangeExecution_2 | Processed function slice
[INFO] | 2023-07-06 05:57:03 AM | analyzer.ExchangeExecution_2 | Generating return summary for parseExchangeHeader
[INFO] | 2023-07-06 05:57:03 AM | analyzer.ExchangeExecution_2 | We should not consider this kind of return values!
[INFO] | 2023-07-06 05:57:03 AM | analyzer.ExchangeExecution_2 | Return summary generated for parseExchangeHeader
[INFO] | 2023-07-06 05:57:03 AM | analyzer.ExchangeExecution_2 | State variable assignement do not exist
[INFO] | 2023-07-06 05:57:03 AM | analyzer.ExchangeExecution_2 | Processed function parseExchangeHeader
[INFO] | 2023-07-06 05:57:03 AM | analyzer.ExchangeExecution_2 | Generating return summary for contains
[INFO] | 2023-07-06 05:57:03 AM | analyzer.ExchangeExecution_2 | Return summary generated for contains
[INFO] | 2023-07-06 05:57:03 AM | analyzer.ExchangeExecution_2 | State variable assignement do not exist
[INFO] | 2023-07-06 05:57:03 AM | analyzer.ExchangeExecution_2 | Processed function contains
[INFO] | 2023-07-06 05:57:03 AM | analyzer.ExchangeExecution_2 | Generating return summary for remove
[WARNING] | 2023-07-06 05:57:03 AM | analyzer.ExchangeExecution_2 | Slither is just afraid of tuples!
