2023-07-03 16:05:38,602: [11] m.main:INFO: Registered plugins: IntrospectionAPIPlugin, <class 'manticore.ethereum.plugins.SkipRevertBasicBlocks'>, <class 'manticore.ethereum.plugins.FilterFunctions'>
2023-07-03 16:05:38,602: [11] m.main:INFO: Beginning analysis
2023-07-03 16:05:38,605: [11] m.e.manticore:INFO: Starting symbolic create contract
2023-07-03 16:05:39,623: [11] m.e.manticore:INFO: Starting symbolic transaction: 0
2023-07-03 16:05:39,718: [11] m.e.manticore:INFO: 0 alive states, 2 terminated states
2023-07-03 16:05:39,867: [11] m.c.manticore:INFO: Results in /mcore_4_0lyw6y
2023-07-03 16:05:39,867: [11] m.c.manticore:INFO: Total time: 0.24145960807800293
2023-07-03 16:05:40,497: [76] m.main:INFO: Registered plugins: IntrospectionAPIPlugin, <class 'manticore.ethereum.plugins.SkipRevertBasicBlocks'>, <class 'manticore.ethereum.plugins.FilterFunctions'>
2023-07-03 16:05:40,497: [76] m.main:INFO: Beginning analysis
2023-07-03 16:05:40,500: [76] m.e.manticore:INFO: Starting symbolic create contract
2023-07-03 16:05:41,430: [76] m.e.manticore:INFO: Starting symbolic transaction: 0
2023-07-03 16:05:41,539: [76] m.e.manticore:INFO: 0 alive states, 2 terminated states
2023-07-03 16:05:41,678: [76] m.c.manticore:INFO: Results in /mcore_6vbeud2q
2023-07-03 16:05:41,679: [76] m.c.manticore:INFO: Total time: 0.2453768253326416
2023-07-03 16:05:42,444: [141] m.main:INFO: Registered plugins: IntrospectionAPIPlugin, <class 'manticore.ethereum.plugins.SkipRevertBasicBlocks'>, <class 'manticore.ethereum.plugins.FilterFunctions'>
2023-07-03 16:05:42,444: [141] m.main:INFO: Beginning analysis
2023-07-03 16:05:42,447: [141] m.e.manticore:INFO: Starting symbolic create contract
2023-07-03 16:05:43,294: [141] m.e.manticore:INFO: Starting symbolic transaction: 0
2023-07-03 16:05:43,414: [141] m.e.manticore:INFO: 0 alive states, 2 terminated states
2023-07-03 16:05:43,561: [141] m.c.manticore:INFO: Results in /mcore_pcacvw4j
2023-07-03 16:05:43,561: [141] m.c.manticore:INFO: Total time: 0.26306676864624023
2023-07-03 16:05:44,272: [206] m.main:INFO: Registered plugins: IntrospectionAPIPlugin, <class 'manticore.ethereum.plugins.SkipRevertBasicBlocks'>, <class 'manticore.ethereum.plugins.FilterFunctions'>
2023-07-03 16:05:44,273: [206] m.main:INFO: Beginning analysis
2023-07-03 16:05:44,275: [206] m.e.manticore:INFO: Starting symbolic create contract
2023-07-03 16:05:45,066: [206] m.e.manticore:INFO: Starting symbolic transaction: 0
2023-07-03 16:05:45,187: [206] m.e.manticore:INFO: 0 alive states, 2 terminated states
2023-07-03 16:05:45,317: [206] m.c.manticore:INFO: Results in /mcore_n_o6aqog
2023-07-03 16:05:45,318: [206] m.c.manticore:INFO: Total time: 0.24863886833190918
2023-07-03 16:05:46,100: [271] m.main:INFO: Registered plugins: IntrospectionAPIPlugin, <class 'manticore.ethereum.plugins.SkipRevertBasicBlocks'>, <class 'manticore.ethereum.plugins.FilterFunctions'>
2023-07-03 16:05:46,100: [271] m.main:INFO: Beginning analysis
2023-07-03 16:05:46,102: [271] m.e.manticore:INFO: Starting symbolic create contract
2023-07-03 16:05:47,097: [271] m.e.manticore:INFO: Starting symbolic transaction: 0
2023-07-03 16:05:47,721: [271] m.c.worker:ERROR: Exception in state 0: ManticoreError('Forking on unfeasible constraint set')
Traceback (most recent call last):
  File "/usr/local/lib/python3.7/dist-packages/manticore/core/worker.py", line 137, in run
    current_state.execute()
  File "/usr/local/lib/python3.7/dist-packages/manticore/ethereum/state.py", line 8, in execute
    return self._platform.execute()
  File "/usr/local/lib/python3.7/dist-packages/manticore/platforms/evm.py", line 3106, in execute
    self.current_vm.execute()
  File "/usr/local/lib/python3.7/dist-packages/manticore/platforms/evm.py", line 1322, in execute
    raise Concretize("Symbolic PC", expression=expression, setstate=setstate, policy="ALL")
manticore.core.state.Concretize

During handling of the above exception, another exception occurred:

Traceback (most recent call last):
  File "/usr/local/lib/python3.7/dist-packages/manticore/core/worker.py", line 158, in run
    m._fork(current_state, exc.expression, exc.policy, exc.setstate, exc.values)
  File "/usr/local/lib/python3.7/dist-packages/manticore/core/manticore.py", line 518, in _fork
    raise ManticoreError("Forking on unfeasible constraint set")
manticore.exceptions.ManticoreError: Forking on unfeasible constraint set
 
2023-07-03 16:05:47,728: [271] m.e.manticore:INFO: 0 alive states, 1 terminated states
2023-07-03 16:05:47,851: [271] m.c.manticore:INFO: Results in /mcore_xe5of1kl
2023-07-03 16:05:47,851: [271] m.c.manticore:INFO: Total time: 0.7480120658874512
2023-07-03 16:05:48,504: [333] m.main:INFO: Registered plugins: IntrospectionAPIPlugin, <class 'manticore.ethereum.plugins.SkipRevertBasicBlocks'>, <class 'manticore.ethereum.plugins.FilterFunctions'>
2023-07-03 16:05:48,505: [333] m.main:INFO: Beginning analysis
2023-07-03 16:05:48,508: [333] m.e.manticore:INFO: Starting symbolic create contract
