2023-07-03 16:27:14,682: [11] m.main:INFO: Registered plugins: IntrospectionAPIPlugin, <class 'manticore.ethereum.plugins.SkipRevertBasicBlocks'>, <class 'manticore.ethereum.plugins.FilterFunctions'>
2023-07-03 16:27:14,683: [11] m.main:INFO: Beginning analysis
2023-07-03 16:27:14,684: [11] m.e.manticore:INFO: Starting symbolic create contract
2023-07-03 16:27:16,066: [11] m.e.manticore:INFO: Starting symbolic transaction: 0
2023-07-03 16:27:16,212: [11] m.e.manticore:INFO: 0 alive states, 1 terminated states
2023-07-03 16:27:16,258: [11] m.e.manticore:INFO: Starting symbolic transaction: 1
2023-07-03 16:27:16,460: [11] m.c.manticore:INFO: Results in /mcore_79ylez56
2023-07-03 16:27:16,461: [11] m.c.manticore:INFO: Total time: 0.38683605194091797
2023-07-03 16:27:17,062: [70] m.main:INFO: Registered plugins: IntrospectionAPIPlugin, <class 'manticore.ethereum.plugins.SkipRevertBasicBlocks'>, <class 'manticore.ethereum.plugins.FilterFunctions'>
2023-07-03 16:27:17,062: [70] m.main:INFO: Beginning analysis
2023-07-03 16:27:17,065: [70] m.e.manticore:INFO: Starting symbolic create contract
2023-07-03 16:27:18,472: [70] m.e.manticore:INFO: Starting symbolic transaction: 0
2023-07-03 16:27:18,684: [70] m.e.manticore:INFO: 0 alive states, 1 terminated states
2023-07-03 16:27:18,744: [70] m.e.manticore:INFO: Starting symbolic transaction: 1
2023-07-03 16:27:19,012: [70] m.c.manticore:INFO: Results in /mcore_36yb_vvi
2023-07-03 16:27:19,012: [70] m.c.manticore:INFO: Total time: 0.5376706123352051
2023-07-03 16:27:19,803: [129] m.main:INFO: Registered plugins: IntrospectionAPIPlugin, <class 'manticore.ethereum.plugins.SkipRevertBasicBlocks'>, <class 'manticore.ethereum.plugins.FilterFunctions'>
2023-07-03 16:27:19,803: [129] m.main:INFO: Beginning analysis
2023-07-03 16:27:19,805: [129] m.e.manticore:INFO: Starting symbolic create contract
2023-07-03 16:27:21,775: [129] m.e.manticore:INFO: Starting symbolic transaction: 0
2023-07-03 16:27:27,119: [129] m.e.manticore:INFO: 0 alive states, 3 terminated states
2023-07-03 16:27:27,424: [129] m.c.manticore:INFO: Results in /mcore_404aws7f
2023-07-03 16:27:27,424: [129] m.c.manticore:INFO: Total time: 5.630473375320435
2023-07-03 16:27:28,195: [200] m.main:INFO: Registered plugins: IntrospectionAPIPlugin, <class 'manticore.ethereum.plugins.SkipRevertBasicBlocks'>, <class 'manticore.ethereum.plugins.FilterFunctions'>
2023-07-03 16:27:28,195: [200] m.main:INFO: Beginning analysis
2023-07-03 16:27:28,198: [200] m.e.manticore:INFO: Starting symbolic create contract
