WARNING:root:You are using solc version 0.8.9, The latest supported version is 0.4.19
INFO:CryticCompile:Compilation warnings/errors on /sb/ve_1.sol:
Warning: Contract code size exceeds 24576 bytes (a limit introduced in Spurious Dragon). This contract may not be deployable on mainnet. Consider enabling the optimizer (with a low "runs" value!), turning off revert strings, or using libraries.
   --> /sb/ve_1.sol:334:1:
    |
334 | contract ve is IERC721, IERC721Metadata {
    | ^ (Relevant source part starts here and spans across multiple lines).


Traceback (most recent call last):
  File "/oyente/oyente/oyente.py", line 232, in <module>
    main()
  File "/oyente/oyente/oyente.py", line 227, in main
    exit_code = analyze_solidity()
  File "/oyente/oyente/oyente.py", line 109, in analyze_solidity
    inputs = helper.get_inputs(global_params.TARGET_CONTRACTS)
  File "/oyente/oyente/input_helper.py", line 78, in get_inputs
    source_map = SourceMap(contract, self.source, 'solidity', self.root_path, self.remap, self.allow_paths)
  File "/oyente/oyente/source_map.py", line 53, in __init__
    self.var_names = self._get_var_names()
  File "/oyente/oyente/source_map.py", line 146, in _get_var_names
    return SourceMap.ast_helper.extract_state_variable_names(self.cname)
  File "/oyente/oyente/ast_helper.py", line 97, in extract_state_variable_names
    state_variables = self.extract_states_definitions()[c_name]
KeyError: '/sb/ve_1.sol:ve'
