2023-07-03 15:43:54,074: [11] m.main:INFO: Registered plugins: IntrospectionAPIPlugin, <class 'manticore.ethereum.plugins.SkipRevertBasicBlocks'>, <class 'manticore.ethereum.plugins.FilterFunctions'>
2023-07-03 15:43:54,074: [11] m.main:INFO: Beginning analysis
2023-07-03 15:43:54,077: [11] m.e.manticore:INFO: Starting symbolic create contract
2023-07-03 15:43:55,530: [11] m.e.manticore:INFO: Starting symbolic transaction: 0
2023-07-03 15:43:55,670: [11] m.e.manticore:INFO: 0 alive states, 1 terminated states
2023-07-03 15:43:55,722: [11] m.e.manticore:INFO: Starting symbolic transaction: 1
2023-07-03 15:43:55,957: [11] m.c.manticore:INFO: Results in /mcore_wec1r_5g
2023-07-03 15:43:55,957: [11] m.c.manticore:INFO: Total time: 0.4206411838531494
2023-07-03 15:43:56,619: [70] m.main:INFO: Registered plugins: IntrospectionAPIPlugin, <class 'manticore.ethereum.plugins.SkipRevertBasicBlocks'>, <class 'manticore.ethereum.plugins.FilterFunctions'>
2023-07-03 15:43:56,620: [70] m.main:INFO: Beginning analysis
2023-07-03 15:43:56,622: [70] m.e.manticore:INFO: Starting symbolic create contract
2023-07-03 15:43:58,194: [70] m.e.manticore:INFO: Starting symbolic transaction: 0
2023-07-03 15:43:58,344: [70] m.e.manticore:INFO: 0 alive states, 1 terminated states
2023-07-03 15:43:58,398: [70] m.e.manticore:INFO: Starting symbolic transaction: 1
2023-07-03 15:43:58,656: [70] m.c.manticore:INFO: Results in /mcore_29m7ipia
2023-07-03 15:43:58,657: [70] m.c.manticore:INFO: Total time: 0.45996522903442383
2023-07-03 15:43:59,359: [129] m.main:INFO: Registered plugins: IntrospectionAPIPlugin, <class 'manticore.ethereum.plugins.SkipRevertBasicBlocks'>, <class 'manticore.ethereum.plugins.FilterFunctions'>
2023-07-03 15:43:59,360: [129] m.main:INFO: Beginning analysis
2023-07-03 15:43:59,362: [129] m.e.manticore:INFO: Starting symbolic create contract
2023-07-03 15:44:01,769: [129] m.e.manticore:INFO: Starting symbolic transaction: 0
2023-07-03 15:44:07,337: [129] m.e.manticore:INFO: 0 alive states, 3 terminated states
2023-07-03 15:44:07,743: [129] m.c.manticore:INFO: Results in /mcore_taa5mysc
2023-07-03 15:44:07,744: [129] m.c.manticore:INFO: Total time: 5.956652879714966
2023-07-03 15:44:08,450: [200] m.main:INFO: Registered plugins: IntrospectionAPIPlugin, <class 'manticore.ethereum.plugins.SkipRevertBasicBlocks'>, <class 'manticore.ethereum.plugins.FilterFunctions'>
2023-07-03 15:44:08,451: [200] m.main:INFO: Beginning analysis
2023-07-03 15:44:08,454: [200] m.e.manticore:INFO: Starting symbolic create contract
