[INFO] | 2023-07-06 05:55:23 AM | analyzer.DharmaKeyRegistryV1_1 | Analysis started at: 2023-07-06 05:55:23 AM
[INFO] | 2023-07-06 05:55:24 AM | analyzer.DharmaKeyRegistryV1_1 | Version constraints: ['0.5.11']
[INFO] | 2023-07-06 05:55:24 AM | analyzer.DharmaKeyRegistryV1_1 | solc version: v0.5.11
[INFO] | 2023-07-06 05:55:24 AM | analyzer.DharmaKeyRegistryV1_1 | Callgraph generation started!
[INFO] | 2023-07-06 05:55:24 AM | analyzer.DharmaKeyRegistryV1_1 | Callgraph generation finished!
[INFO] | 2023-07-06 05:55:24 AM | analyzer.DharmaKeyRegistryV1_1 | Interprocedural CFG generation started!
[INFO] | 2023-07-06 05:55:24 AM | analyzer.DharmaKeyRegistryV1_1 | Interprocedural CFG generation finished!
[INFO] | 2023-07-06 05:55:24 AM | analyzer.DharmaKeyRegistryV1_1 | Storage dependency graph generation started!
[INFO] | 2023-07-06 05:55:24 AM | analyzer.DharmaKeyRegistryV1_1 | Storage dependency graph generation finished!
[INFO] | 2023-07-06 05:55:24 AM | analyzer.DharmaKeyRegistryV1_1 | Value Range Analysis started
[INFO] | 2023-07-06 05:55:24 AM | analyzer.DharmaKeyRegistryV1_1 | Generating return summary for constructor
[INFO] | 2023-07-06 05:55:24 AM | analyzer.DharmaKeyRegistryV1_1 | Return summary generated for constructor
[INFO] | 2023-07-06 05:55:24 AM | analyzer.DharmaKeyRegistryV1_1 | Range graph generated
[INFO] | 2023-07-06 05:55:24 AM | analyzer.DharmaKeyRegistryV1_1 | Processed function constructor
[INFO] | 2023-07-06 05:55:24 AM | analyzer.DharmaKeyRegistryV1_1 | Generating return summary for _transferOwnership
[INFO] | 2023-07-06 05:55:24 AM | analyzer.DharmaKeyRegistryV1_1 | Return summary generated for _transferOwnership
[INFO] | 2023-07-06 05:55:24 AM | analyzer.DharmaKeyRegistryV1_1 | Range graph generated
[INFO] | 2023-07-06 05:55:24 AM | analyzer.DharmaKeyRegistryV1_1 | Processed function _transferOwnership
[INFO] | 2023-07-06 05:55:24 AM | analyzer.DharmaKeyRegistryV1_1 | Generating return summary for onlyOwner
[INFO] | 2023-07-06 05:55:24 AM | analyzer.DharmaKeyRegistryV1_1 | Return summary generated for onlyOwner
[INFO] | 2023-07-06 05:55:24 AM | analyzer.DharmaKeyRegistryV1_1 | State variable assignement do not exist
[INFO] | 2023-07-06 05:55:24 AM | analyzer.DharmaKeyRegistryV1_1 | Processed function onlyOwner
[INFO] | 2023-07-06 05:55:24 AM | analyzer.DharmaKeyRegistryV1_1 | Generating return summary for recover
[INFO] | 2023-07-06 05:55:24 AM | analyzer.DharmaKeyRegistryV1_1 | Return summary generated for recover
[INFO] | 2023-07-06 05:55:24 AM | analyzer.DharmaKeyRegistryV1_1 | State variable assignement do not exist
[INFO] | 2023-07-06 05:55:24 AM | analyzer.DharmaKeyRegistryV1_1 | Processed function recover
[INFO] | 2023-07-06 05:55:24 AM | analyzer.DharmaKeyRegistryV1_1 | Generating return summary for toEthSignedMessageHash
[INFO] | 2023-07-06 05:55:24 AM | analyzer.DharmaKeyRegistryV1_1 | Return summary generated for toEthSignedMessageHash
[INFO] | 2023-07-06 05:55:24 AM | analyzer.DharmaKeyRegistryV1_1 | State variable assignement do not exist
[INFO] | 2023-07-06 05:55:24 AM | analyzer.DharmaKeyRegistryV1_1 | Processed function toEthSignedMessageHash
[INFO] | 2023-07-06 05:55:24 AM | analyzer.DharmaKeyRegistryV1_1 | Generating return summary for constructor
[INFO] | 2023-07-06 05:55:24 AM | analyzer.DharmaKeyRegistryV1_1 | Return summary generated for constructor
[INFO] | 2023-07-06 05:55:24 AM | analyzer.DharmaKeyRegistryV1_1 | Range graph generated
[INFO] | 2023-07-06 05:55:24 AM | analyzer.DharmaKeyRegistryV1_1 | Processed function constructor
[INFO] | 2023-07-06 05:55:24 AM | analyzer.DharmaKeyRegistryV1_1 | Generating return summary for _transferOwnership
[INFO] | 2023-07-06 05:55:24 AM | analyzer.DharmaKeyRegistryV1_1 | Return summary generated for _transferOwnership
[INFO] | 2023-07-06 05:55:24 AM | analyzer.DharmaKeyRegistryV1_1 | Range graph generated
[INFO] | 2023-07-06 05:55:24 AM | analyzer.DharmaKeyRegistryV1_1 | Processed function _transferOwnership
[INFO] | 2023-07-06 05:55:24 AM | analyzer.DharmaKeyRegistryV1_1 | Generating return summary for getKey
[INFO] | 2023-07-06 05:55:24 AM | analyzer.DharmaKeyRegistryV1_1 | Return summary generated for getKey
[INFO] | 2023-07-06 05:55:24 AM | analyzer.DharmaKeyRegistryV1_1 | State variable assignement do not exist
[INFO] | 2023-07-06 05:55:24 AM | analyzer.DharmaKeyRegistryV1_1 | Processed function getKey
[INFO] | 2023-07-06 05:55:24 AM | analyzer.DharmaKeyRegistryV1_1 | Generating return summary for getKeyForUser
[INFO] | 2023-07-06 05:55:24 AM | analyzer.DharmaKeyRegistryV1_1 | Return summary generated for getKeyForUser
[INFO] | 2023-07-06 05:55:24 AM | analyzer.DharmaKeyRegistryV1_1 | State variable assignement do not exist
[INFO] | 2023-07-06 05:55:24 AM | analyzer.DharmaKeyRegistryV1_1 | Processed function getKeyForUser
[INFO] | 2023-07-06 05:55:24 AM | analyzer.DharmaKeyRegistryV1_1 | Generating return summary for getGlobalKey
[WARNING] | 2023-07-06 05:55:24 AM | analyzer.DharmaKeyRegistryV1_1 | No lvalue eligible assignment, is this some bug!
[INFO] | 2023-07-06 05:55:24 AM | analyzer.DharmaKeyRegistryV1_1 | Return summary generated for getGlobalKey
[INFO] | 2023-07-06 05:55:24 AM | analyzer.DharmaKeyRegistryV1_1 | State variable assignement do not exist
[INFO] | 2023-07-06 05:55:24 AM | analyzer.DharmaKeyRegistryV1_1 | Processed function getGlobalKey
[INFO] | 2023-07-06 05:55:24 AM | analyzer.DharmaKeyRegistryV1_1 | Generating return summary for getSpecificKey
[INFO] | 2023-07-06 05:55:24 AM | analyzer.DharmaKeyRegistryV1_1 | Return summary generated for getSpecificKey
[INFO] | 2023-07-06 05:55:24 AM | analyzer.DharmaKeyRegistryV1_1 | State variable assignement do not exist
[INFO] | 2023-07-06 05:55:24 AM | analyzer.DharmaKeyRegistryV1_1 | Processed function getSpecificKey
[INFO] | 2023-07-06 05:55:24 AM | analyzer.DharmaKeyRegistryV1_1 | Generating return summary for onlyOwner
[INFO] | 2023-07-06 05:55:24 AM | analyzer.DharmaKeyRegistryV1_1 | Return summary generated for onlyOwner
[INFO] | 2023-07-06 05:55:24 AM | analyzer.DharmaKeyRegistryV1_1 | State variable assignement do not exist
[INFO] | 2023-07-06 05:55:24 AM | analyzer.DharmaKeyRegistryV1_1 | Processed function onlyOwner
[INFO] | 2023-07-06 05:55:24 AM | analyzer.DharmaKeyRegistryV1_1 | Generating return summary for transferOwnership
[INFO] | 2023-07-06 05:55:24 AM | analyzer.DharmaKeyRegistryV1_1 | Return summary generated for transferOwnership
[INFO] | 2023-07-06 05:55:24 AM | analyzer.DharmaKeyRegistryV1_1 | Range graph generated
[INFO] | 2023-07-06 05:55:24 AM | analyzer.DharmaKeyRegistryV1_1 | Processed function transferOwnership
[INFO] | 2023-07-06 05:55:24 AM | analyzer.DharmaKeyRegistryV1_1 | Generating return summary for renounceOwnership
[INFO] | 2023-07-06 05:55:24 AM | analyzer.DharmaKeyRegistryV1_1 | Return summary generated for renounceOwnership
[INFO] | 2023-07-06 05:55:24 AM | analyzer.DharmaKeyRegistryV1_1 | Range graph generated
[INFO] | 2023-07-06 05:55:24 AM | analyzer.DharmaKeyRegistryV1_1 | Processed function renounceOwnership
[INFO] | 2023-07-06 05:55:24 AM | analyzer.DharmaKeyRegistryV1_1 | Generating return summary for recover
[INFO] | 2023-07-06 05:55:24 AM | analyzer.DharmaKeyRegistryV1_1 | Return summary generated for recover
[INFO] | 2023-07-06 05:55:24 AM | analyzer.DharmaKeyRegistryV1_1 | State variable assignement do not exist
[INFO] | 2023-07-06 05:55:24 AM | analyzer.DharmaKeyRegistryV1_1 | Processed function recover
[INFO] | 2023-07-06 05:55:24 AM | analyzer.DharmaKeyRegistryV1_1 | Generating return summary for transferOwnership
[INFO] | 2023-07-06 05:55:24 AM | analyzer.DharmaKeyRegistryV1_1 | Return summary generated for transferOwnership
[INFO] | 2023-07-06 05:55:24 AM | analyzer.DharmaKeyRegistryV1_1 | Range graph generated
[INFO] | 2023-07-06 05:55:24 AM | analyzer.DharmaKeyRegistryV1_1 | Processed function transferOwnership
[INFO] | 2023-07-06 05:55:24 AM | analyzer.DharmaKeyRegistryV1_1 | Generating return summary for constructor
[INFO] | 2023-07-06 05:55:24 AM | analyzer.DharmaKeyRegistryV1_1 | Return summary generated for constructor
[INFO] | 2023-07-06 05:55:24 AM | analyzer.DharmaKeyRegistryV1_1 | Range graph generated
[INFO] | 2023-07-06 05:55:24 AM | analyzer.DharmaKeyRegistryV1_1 | Processed function constructor
[INFO] | 2023-07-06 05:55:24 AM | analyzer.DharmaKeyRegistryV1_1 | Generating return summary for renounceOwnership
[INFO] | 2023-07-06 05:55:24 AM | analyzer.DharmaKeyRegistryV1_1 | Return summary generated for renounceOwnership
[INFO] | 2023-07-06 05:55:24 AM | analyzer.DharmaKeyRegistryV1_1 | Range graph generated
[INFO] | 2023-07-06 05:55:24 AM | analyzer.DharmaKeyRegistryV1_1 | Processed function renounceOwnership
[INFO] | 2023-07-06 05:55:24 AM | analyzer.DharmaKeyRegistryV1_1 | Generating return summary for setSpecificKey
[INFO] | 2023-07-06 05:55:24 AM | analyzer.DharmaKeyRegistryV1_1 | Return summary generated for setSpecificKey
[INFO] | 2023-07-06 05:55:24 AM | analyzer.DharmaKeyRegistryV1_1 | Range graph generated
[INFO] | 2023-07-06 05:55:24 AM | analyzer.DharmaKeyRegistryV1_1 | Processed function setSpecificKey
[INFO] | 2023-07-06 05:55:24 AM | analyzer.DharmaKeyRegistryV1_1 | Generating return summary for setGlobalKey
[INFO] | 2023-07-06 05:55:24 AM | analyzer.DharmaKeyRegistryV1_1 | Return summary generated for setGlobalKey
[INFO] | 2023-07-06 05:55:24 AM | analyzer.DharmaKeyRegistryV1_1 | Range graph generated
[INFO] | 2023-07-06 05:55:24 AM | analyzer.DharmaKeyRegistryV1_1 | Processed function setGlobalKey
[INFO] | 2023-07-06 05:55:24 AM | analyzer.DharmaKeyRegistryV1_1 | Value Range Analysis took 0.004452 seconds
[INFO] | 2023-07-06 05:55:24 AM | analyzer.DharmaKeyRegistryV1_1 | Value Range Analysis finished
[INFO] | 2023-07-06 05:55:24 AM | analyzer.DharmaKeyRegistryV1_1 | Storage dependency graph compostion started!
[INFO] | 2023-07-06 05:55:24 AM | analyzer.DharmaKeyRegistryV1_1 | Storage dependency graph compostion finished!
[INFO] | 2023-07-06 05:55:24 AM | analyzer.DharmaKeyRegistryV1_1 | Dependency detection started!
[INFO] | 2023-07-06 05:55:24 AM | analyzer.DharmaKeyRegistryV1_1 | Dependency detection finished!
[INFO] | 2023-07-06 05:55:24 AM | analyzer.DharmaKeyRegistryV1_1 | Static Analysis took 0.734934 seconds
[INFO] | 2023-07-06 05:55:24 AM | analyzer.DharmaKeyRegistryV1_1 | Dependency does not exist
[INFO] | 2023-07-06 05:55:24 AM | analyzer.DharmaKeyRegistryV1_1 | Symbolic execution is not needed!
[INFO] | 2023-07-06 05:55:24 AM | analyzer.DharmaKeyRegistryV1_1 | Analysis finished!
[INFO] | 2023-07-06 05:55:24 AM | analyzer.DharmaKeyRegistryV1_1 | Analysis took 0.735122 seconds
[INFO] | 2023-07-06 05:55:24 AM | analyzer.DharmaKeyRegistryV1_1 | Analysis finished at: 2023-07-06 05:55:24 AM
