2023-07-03 16:32:18,393: [11] m.main:INFO: Registered plugins: IntrospectionAPIPlugin, <class 'manticore.ethereum.plugins.SkipRevertBasicBlocks'>, <class 'manticore.ethereum.plugins.FilterFunctions'>
2023-07-03 16:32:18,393: [11] m.main:INFO: Beginning analysis
2023-07-03 16:32:18,395: [11] m.e.manticore:INFO: Starting symbolic create contract
2023-07-03 16:32:18,475: [11] m.e.manticore:INFO: Failed to build contract /sb/Hypervisor_4.sol:2279:1: Errors : Invalid solc compilation Error: Unknown pragma "abicoder"
    --> sb/Hypervisor_4.sol:2279:1:
     |
2279 | pragma abicoder v2;
     | ^^^^^^^^^^^^^^^^^^^

Error: No visibility specified. Did you intend to add "public"?
    --> sb/Hypervisor_4.sol:2398:5:
     |
2398 |     constructor(
     |     ^ (Relevant source part starts here and spans across multiple lines).

Warning: This declaration shadows an existing declaration.
    --> sb/Hypervisor_4.sol:2496:10:
     |
2496 |         (uint256 base0, uint256 base1) = _burnLiquidity(
     |          ^^^^^^^^^^^^^
Note: The shadowed declaration is here:
    --> sb/Hypervisor_4.sol:2490:9:
     |
2490 |         uint256 base0,
     |         ^^^^^^^^^^^^^

Warning: This declaration shadows an existing declaration.
    --> sb/Hypervisor_4.sol:2496:25:
     |
2496 |         (uint256 base0, uint256 base1) = _burnLiquidity(
     |                         ^^^^^^^^^^^^^
Note: The shadowed declaration is here:
    --> sb/Hypervisor_4.sol:2491:9:
     |
2491 |         uint256 base1,
     |         ^^^^^^^^^^^^^

Warning: This declaration shadows an existing declaration.
    --> sb/Hypervisor_4.sol:2503:10:
     |
2503 |         (uint256 limit0, uint256 limit1) = _burnLiquidity(
     |          ^^^^^^^^^^^^^^
Note: The shadowed declaration is here:
    --> sb/Hypervisor_4.sol:2492:9:
     |
2492 |         uint256 limit0,
     |         ^^^^^^^^^^^^^^

Warning: This declaration shadows an existing declaration.
    --> sb/Hypervisor_4.sol:2503:26:
     |
2503 |         (uint256 limit0, uint256 limit1) = _burnLiquidity(
     |                          ^^^^^^^^^^^^^^
Note: The shadowed declaration is here:
    --> sb/Hypervisor_4.sol:2493:9:
     |
2493 |         uint256 limit1
     |         ^^^^^^^^^^^^^^

Error: This type is only supported in ABIEncoderV2. Use "pragma experimental ABIEncoderV2;" to enable the feature.
    --> sb/Hypervisor_4.sol:2349:62:
     |
2349 |     function getLockAt(uint256 index) external view returns (LockData memory lockData);
     |                                                              ^^^^^^^^^^^^^^^^^^^^^^^^


. Solidity failed to generate bytecode for your contract. Check if all the abstract functions are implemented. 
Process Process-1:
Traceback (most recent call last):
  File "/usr/lib/python3.7/multiprocessing/process.py", line 297, in _bootstrap
    self.run()
  File "/usr/lib/python3.7/multiprocessing/process.py", line 99, in run
    self._target(*self._args, **self._kwargs)
  File "/usr/local/lib/python3.7/dist-packages/manticore/ethereum/manticore.py", line 1766, in worker_finalize
    finalizer(q.get_nowait())
  File "/usr/local/lib/python3.7/dist-packages/manticore/ethereum/manticore.py", line 1757, in finalizer
    if only_alive_states and last_tx.result in {"REVERT", "THROW", "TXERROR"}:
AttributeError: 'NoneType' object has no attribute 'result'
2023-07-03 16:32:18,550: [11] m.c.manticore:INFO: Results in /mcore_f6i56oo6
2023-07-03 16:32:18,550: [11] m.c.manticore:WARNING: Manticore failed to run
2023-07-03 16:32:19,222: [36] m.main:INFO: Registered plugins: IntrospectionAPIPlugin, <class 'manticore.ethereum.plugins.SkipRevertBasicBlocks'>, <class 'manticore.ethereum.plugins.FilterFunctions'>
2023-07-03 16:32:19,222: [36] m.main:INFO: Beginning analysis
2023-07-03 16:32:19,226: [36] m.e.manticore:INFO: Starting symbolic create contract
2023-07-03 16:32:19,304: [36] m.e.manticore:INFO: Failed to build contract SyntaxError: Errors : Invalid solc compilation Error: Unknown pragma "abicoder"
    --> sb/Hypervisor_4.sol:2279:1:
     |
2279 | pragma abicoder v2;
     | ^^^^^^^^^^^^^^^^^^^

Error: No visibility specified. Did you intend to add "public"?
    --> sb/Hypervisor_4.sol:2398:5:
     |
2398 |     constructor(
     |     ^ (Relevant source part starts here and spans across multiple lines).

Warning: This declaration shadows an existing declaration.
    --> sb/Hypervisor_4.sol:2496:10:
     |
2496 |         (uint256 base0, uint256 base1) = _burnLiquidity(
     |          ^^^^^^^^^^^^^
Note: The shadowed declaration is here:
    --> sb/Hypervisor_4.sol:2490:9:
     |
2490 |         uint256 base0,
     |         ^^^^^^^^^^^^^

Warning: This declaration shadows an existing declaration.
    --> sb/Hypervisor_4.sol:2496:25:
     |
2496 |         (uint256 base0, uint256 base1) = _burnLiquidity(
     |                         ^^^^^^^^^^^^^
Note: The shadowed declaration is here:
    --> sb/Hypervisor_4.sol:2491:9:
     |
2491 |         uint256 base1,
     |         ^^^^^^^^^^^^^

Warning: This declaration shadows an existing declaration.
    --> sb/Hypervisor_4.sol:2503:10:
     |
2503 |         (uint256 limit0, uint256 limit1) = _burnLiquidity(
     |          ^^^^^^^^^^^^^^
Note: The shadowed declaration is here:
    --> sb/Hypervisor_4.sol:2492:9:
     |
2492 |         uint256 limit0,
     |         ^^^^^^^^^^^^^^

Warning: This declaration shadows an existing declaration.
    --> sb/Hypervisor_4.sol:2503:26:
     |
2503 |         (uint256 limit0, uint256 limit1) = _burnLiquidity(
     |                          ^^^^^^^^^^^^^^
Note: The shadowed declaration is here:
    --> sb/Hypervisor_4.sol:2493:9:
     |
2493 |         uint256 limit1
     |         ^^^^^^^^^^^^^^

Error: This type is only supported in ABIEncoderV2. Use "pragma experimental ABIEncoderV2;" to enable the feature.
    --> sb/Hypervisor_4.sol:2349:62:
     |
2349 |     function getLockAt(uint256 index) external view returns (LockData memory lockData);
     |                                                              ^^^^^^^^^^^^^^^^^^^^^^^^


. Solidity failed to generate bytecode for your contract. Check if all the abstract functions are implemented. 
Process Process-1:
Traceback (most recent call last):
  File "/usr/lib/python3.7/multiprocessing/process.py", line 297, in _bootstrap
    self.run()
  File "/usr/lib/python3.7/multiprocessing/process.py", line 99, in run
    self._target(*self._args, **self._kwargs)
  File "/usr/local/lib/python3.7/dist-packages/manticore/ethereum/manticore.py", line 1766, in worker_finalize
    finalizer(q.get_nowait())
  File "/usr/local/lib/python3.7/dist-packages/manticore/ethereum/manticore.py", line 1757, in finalizer
    if only_alive_states and last_tx.result in {"REVERT", "THROW", "TXERROR"}:
AttributeError: 'NoneType' object has no attribute 'result'
2023-07-03 16:32:19,400: [36] m.c.manticore:INFO: Results in /mcore_2ki63gvs
2023-07-03 16:32:19,401: [36] m.c.manticore:WARNING: Manticore failed to run
2023-07-03 16:32:20,031: [61] m.main:INFO: Registered plugins: IntrospectionAPIPlugin, <class 'manticore.ethereum.plugins.SkipRevertBasicBlocks'>, <class 'manticore.ethereum.plugins.FilterFunctions'>
2023-07-03 16:32:20,031: [61] m.main:INFO: Beginning analysis
2023-07-03 16:32:20,034: [61] m.e.manticore:INFO: Starting symbolic create contract
2023-07-03 16:32:20,113: [61] m.e.manticore:INFO: Failed to build contract Unknown Errors : Invalid solc compilation Error: Unknown pragma "abicoder"
    --> sb/Hypervisor_4.sol:2279:1:
     |
2279 | pragma abicoder v2;
     | ^^^^^^^^^^^^^^^^^^^

Error: No visibility specified. Did you intend to add "public"?
    --> sb/Hypervisor_4.sol:2398:5:
     |
2398 |     constructor(
     |     ^ (Relevant source part starts here and spans across multiple lines).

Warning: This declaration shadows an existing declaration.
    --> sb/Hypervisor_4.sol:2496:10:
     |
2496 |         (uint256 base0, uint256 base1) = _burnLiquidity(
     |          ^^^^^^^^^^^^^
Note: The shadowed declaration is here:
    --> sb/Hypervisor_4.sol:2490:9:
     |
2490 |         uint256 base0,
     |         ^^^^^^^^^^^^^

Warning: This declaration shadows an existing declaration.
    --> sb/Hypervisor_4.sol:2496:25:
     |
2496 |         (uint256 base0, uint256 base1) = _burnLiquidity(
     |                         ^^^^^^^^^^^^^
Note: The shadowed declaration is here:
    --> sb/Hypervisor_4.sol:2491:9:
     |
2491 |         uint256 base1,
     |         ^^^^^^^^^^^^^

Warning: This declaration shadows an existing declaration.
    --> sb/Hypervisor_4.sol:2503:10:
     |
2503 |         (uint256 limit0, uint256 limit1) = _burnLiquidity(
     |          ^^^^^^^^^^^^^^
Note: The shadowed declaration is here:
    --> sb/Hypervisor_4.sol:2492:9:
     |
2492 |         uint256 limit0,
     |         ^^^^^^^^^^^^^^

Warning: This declaration shadows an existing declaration.
    --> sb/Hypervisor_4.sol:2503:26:
     |
2503 |         (uint256 limit0, uint256 limit1) = _burnLiquidity(
     |                          ^^^^^^^^^^^^^^
Note: The shadowed declaration is here:
    --> sb/Hypervisor_4.sol:2493:9:
     |
2493 |         uint256 limit1
     |         ^^^^^^^^^^^^^^

Error: This type is only supported in ABIEncoderV2. Use "pragma experimental ABIEncoderV2;" to enable the feature.
    --> sb/Hypervisor_4.sol:2349:62:
     |
2349 |     function getLockAt(uint256 index) external view returns (LockData memory lockData);
     |                                                              ^^^^^^^^^^^^^^^^^^^^^^^^


. Solidity failed to generate bytecode for your contract. Check if all the abstract functions are implemented. 
Process Process-1:
Traceback (most recent call last):
  File "/usr/lib/python3.7/multiprocessing/process.py", line 297, in _bootstrap
    self.run()
  File "/usr/lib/python3.7/multiprocessing/process.py", line 99, in run
    self._target(*self._args, **self._kwargs)
  File "/usr/local/lib/python3.7/dist-packages/manticore/ethereum/manticore.py", line 1766, in worker_finalize
    finalizer(q.get_nowait())
  File "/usr/local/lib/python3.7/dist-packages/manticore/ethereum/manticore.py", line 1757, in finalizer
    if only_alive_states and last_tx.result in {"REVERT", "THROW", "TXERROR"}:
AttributeError: 'NoneType' object has no attribute 'result'
2023-07-03 16:32:20,184: [61] m.c.manticore:INFO: Results in /mcore_0v3pp2xk
2023-07-03 16:32:20,184: [61] m.c.manticore:WARNING: Manticore failed to run
2023-07-03 16:32:20,858: [86] m.main:INFO: Registered plugins: IntrospectionAPIPlugin, <class 'manticore.ethereum.plugins.SkipRevertBasicBlocks'>, <class 'manticore.ethereum.plugins.FilterFunctions'>
2023-07-03 16:32:20,858: [86] m.main:INFO: Beginning analysis
2023-07-03 16:32:20,862: [86] m.e.manticore:INFO: Starting symbolic create contract
2023-07-03 16:32:20,916: [86] m.e.manticore:INFO: Failed to build contract pragma Errors : Invalid solc compilation Error: Unknown pragma "abicoder"
    --> sb/Hypervisor_4.sol:2279:1:
     |
2279 | pragma abicoder v2;
     | ^^^^^^^^^^^^^^^^^^^

Error: No visibility specified. Did you intend to add "public"?
    --> sb/Hypervisor_4.sol:2398:5:
     |
2398 |     constructor(
     |     ^ (Relevant source part starts here and spans across multiple lines).

Warning: This declaration shadows an existing declaration.
    --> sb/Hypervisor_4.sol:2496:10:
     |
2496 |         (uint256 base0, uint256 base1) = _burnLiquidity(
     |          ^^^^^^^^^^^^^
Note: The shadowed declaration is here:
    --> sb/Hypervisor_4.sol:2490:9:
     |
2490 |         uint256 base0,
     |         ^^^^^^^^^^^^^

Warning: This declaration shadows an existing declaration.
    --> sb/Hypervisor_4.sol:2496:25:
     |
2496 |         (uint256 base0, uint256 base1) = _burnLiquidity(
     |                         ^^^^^^^^^^^^^
Note: The shadowed declaration is here:
    --> sb/Hypervisor_4.sol:2491:9:
     |
2491 |         uint256 base1,
     |         ^^^^^^^^^^^^^

Warning: This declaration shadows an existing declaration.
    --> sb/Hypervisor_4.sol:2503:10:
     |
2503 |         (uint256 limit0, uint256 limit1) = _burnLiquidity(
     |          ^^^^^^^^^^^^^^
Note: The shadowed declaration is here:
    --> sb/Hypervisor_4.sol:2492:9:
     |
2492 |         uint256 limit0,
     |         ^^^^^^^^^^^^^^

Warning: This declaration shadows an existing declaration.
    --> sb/Hypervisor_4.sol:2503:26:
     |
2503 |         (uint256 limit0, uint256 limit1) = _burnLiquidity(
     |                          ^^^^^^^^^^^^^^
Note: The shadowed declaration is here:
    --> sb/Hypervisor_4.sol:2493:9:
     |
2493 |         uint256 limit1
     |         ^^^^^^^^^^^^^^

Error: This type is only supported in ABIEncoderV2. Use "pragma experimental ABIEncoderV2;" to enable the feature.
    --> sb/Hypervisor_4.sol:2349:62:
     |
2349 |     function getLockAt(uint256 index) external view returns (LockData memory lockData);
     |                                                              ^^^^^^^^^^^^^^^^^^^^^^^^


. Solidity failed to generate bytecode for your contract. Check if all the abstract functions are implemented. 
Process Process-1:
Traceback (most recent call last):
  File "/usr/lib/python3.7/multiprocessing/process.py", line 297, in _bootstrap
    self.run()
  File "/usr/lib/python3.7/multiprocessing/process.py", line 99, in run
    self._target(*self._args, **self._kwargs)
  File "/usr/local/lib/python3.7/dist-packages/manticore/ethereum/manticore.py", line 1766, in worker_finalize
    finalizer(q.get_nowait())
  File "/usr/local/lib/python3.7/dist-packages/manticore/ethereum/manticore.py", line 1757, in finalizer
    if only_alive_states and last_tx.result in {"REVERT", "THROW", "TXERROR"}:
AttributeError: 'NoneType' object has no attribute 'result'
2023-07-03 16:32:20,998: [86] m.c.manticore:INFO: Results in /mcore_ov2ov1ej
2023-07-03 16:32:20,999: [86] m.c.manticore:WARNING: Manticore failed to run
2023-07-03 16:32:21,609: [111] m.main:INFO: Registered plugins: IntrospectionAPIPlugin, <class 'manticore.ethereum.plugins.SkipRevertBasicBlocks'>, <class 'manticore.ethereum.plugins.FilterFunctions'>
2023-07-03 16:32:21,610: [111] m.main:INFO: Beginning analysis
2023-07-03 16:32:21,612: [111] m.e.manticore:INFO: Starting symbolic create contract
2023-07-03 16:32:21,667: [111] m.e.manticore:INFO: Failed to build contract "abicoder" Errors : Invalid solc compilation Error: Unknown pragma "abicoder"
    --> sb/Hypervisor_4.sol:2279:1:
     |
2279 | pragma abicoder v2;
     | ^^^^^^^^^^^^^^^^^^^

Error: No visibility specified. Did you intend to add "public"?
    --> sb/Hypervisor_4.sol:2398:5:
     |
2398 |     constructor(
     |     ^ (Relevant source part starts here and spans across multiple lines).

Warning: This declaration shadows an existing declaration.
    --> sb/Hypervisor_4.sol:2496:10:
     |
2496 |         (uint256 base0, uint256 base1) = _burnLiquidity(
     |          ^^^^^^^^^^^^^
Note: The shadowed declaration is here:
    --> sb/Hypervisor_4.sol:2490:9:
     |
2490 |         uint256 base0,
     |         ^^^^^^^^^^^^^

Warning: This declaration shadows an existing declaration.
    --> sb/Hypervisor_4.sol:2496:25:
     |
2496 |         (uint256 base0, uint256 base1) = _burnLiquidity(
     |                         ^^^^^^^^^^^^^
Note: The shadowed declaration is here:
    --> sb/Hypervisor_4.sol:2491:9:
     |
2491 |         uint256 base1,
     |         ^^^^^^^^^^^^^

Warning: This declaration shadows an existing declaration.
    --> sb/Hypervisor_4.sol:2503:10:
     |
2503 |         (uint256 limit0, uint256 limit1) = _burnLiquidity(
     |          ^^^^^^^^^^^^^^
Note: The shadowed declaration is here:
    --> sb/Hypervisor_4.sol:2492:9:
     |
2492 |         uint256 limit0,
     |         ^^^^^^^^^^^^^^

Warning: This declaration shadows an existing declaration.
    --> sb/Hypervisor_4.sol:2503:26:
     |
2503 |         (uint256 limit0, uint256 limit1) = _burnLiquidity(
     |                          ^^^^^^^^^^^^^^
Note: The shadowed declaration is here:
    --> sb/Hypervisor_4.sol:2493:9:
     |
2493 |         uint256 limit1
     |         ^^^^^^^^^^^^^^

Error: This type is only supported in ABIEncoderV2. Use "pragma experimental ABIEncoderV2;" to enable the feature.
    --> sb/Hypervisor_4.sol:2349:62:
     |
2349 |     function getLockAt(uint256 index) external view returns (LockData memory lockData);
     |                                                              ^^^^^^^^^^^^^^^^^^^^^^^^


. Solidity failed to generate bytecode for your contract. Check if all the abstract functions are implemented. 
Process Process-1:
Traceback (most recent call last):
  File "/usr/lib/python3.7/multiprocessing/process.py", line 297, in _bootstrap
    self.run()
  File "/usr/lib/python3.7/multiprocessing/process.py", line 99, in run
    self._target(*self._args, **self._kwargs)
  File "/usr/local/lib/python3.7/dist-packages/manticore/ethereum/manticore.py", line 1766, in worker_finalize
    finalizer(q.get_nowait())
  File "/usr/local/lib/python3.7/dist-packages/manticore/ethereum/manticore.py", line 1757, in finalizer
    if only_alive_states and last_tx.result in {"REVERT", "THROW", "TXERROR"}:
AttributeError: 'NoneType' object has no attribute 'result'
2023-07-03 16:32:21,747: [111] m.c.manticore:INFO: Results in /mcore_myzf3svc
2023-07-03 16:32:21,747: [111] m.c.manticore:WARNING: Manticore failed to run
2023-07-03 16:32:22,486: [136] m.main:INFO: Registered plugins: IntrospectionAPIPlugin, <class 'manticore.ethereum.plugins.SkipRevertBasicBlocks'>, <class 'manticore.ethereum.plugins.FilterFunctions'>
2023-07-03 16:32:22,486: [136] m.main:INFO: Beginning analysis
2023-07-03 16:32:22,489: [136] m.e.manticore:INFO: Starting symbolic create contract
2023-07-03 16:32:22,538: [136] m.e.manticore:INFO: Failed to build contract pragma Errors : Invalid solc compilation Error: Unknown pragma "abicoder"
    --> sb/Hypervisor_4.sol:2279:1:
     |
2279 | pragma abicoder v2;
     | ^^^^^^^^^^^^^^^^^^^

Error: No visibility specified. Did you intend to add "public"?
    --> sb/Hypervisor_4.sol:2398:5:
     |
2398 |     constructor(
     |     ^ (Relevant source part starts here and spans across multiple lines).

Warning: This declaration shadows an existing declaration.
    --> sb/Hypervisor_4.sol:2496:10:
     |
2496 |         (uint256 base0, uint256 base1) = _burnLiquidity(
     |          ^^^^^^^^^^^^^
Note: The shadowed declaration is here:
    --> sb/Hypervisor_4.sol:2490:9:
     |
2490 |         uint256 base0,
     |         ^^^^^^^^^^^^^

Warning: This declaration shadows an existing declaration.
    --> sb/Hypervisor_4.sol:2496:25:
     |
2496 |         (uint256 base0, uint256 base1) = _burnLiquidity(
     |                         ^^^^^^^^^^^^^
Note: The shadowed declaration is here:
    --> sb/Hypervisor_4.sol:2491:9:
     |
2491 |         uint256 base1,
     |         ^^^^^^^^^^^^^

Warning: This declaration shadows an existing declaration.
    --> sb/Hypervisor_4.sol:2503:10:
     |
2503 |         (uint256 limit0, uint256 limit1) = _burnLiquidity(
     |          ^^^^^^^^^^^^^^
Note: The shadowed declaration is here:
    --> sb/Hypervisor_4.sol:2492:9:
     |
2492 |         uint256 limit0,
     |         ^^^^^^^^^^^^^^

Warning: This declaration shadows an existing declaration.
    --> sb/Hypervisor_4.sol:2503:26:
     |
2503 |         (uint256 limit0, uint256 limit1) = _burnLiquidity(
     |                          ^^^^^^^^^^^^^^
Note: The shadowed declaration is here:
    --> sb/Hypervisor_4.sol:2493:9:
     |
2493 |         uint256 limit1
     |         ^^^^^^^^^^^^^^

Error: This type is only supported in ABIEncoderV2. Use "pragma experimental ABIEncoderV2;" to enable the feature.
    --> sb/Hypervisor_4.sol:2349:62:
     |
2349 |     function getLockAt(uint256 index) external view returns (LockData memory lockData);
     |                                                              ^^^^^^^^^^^^^^^^^^^^^^^^


. Solidity failed to generate bytecode for your contract. Check if all the abstract functions are implemented. 
Process Process-1:
Traceback (most recent call last):
  File "/usr/lib/python3.7/multiprocessing/process.py", line 297, in _bootstrap
    self.run()
  File "/usr/lib/python3.7/multiprocessing/process.py", line 99, in run
    self._target(*self._args, **self._kwargs)
  File "/usr/local/lib/python3.7/dist-packages/manticore/ethereum/manticore.py", line 1766, in worker_finalize
    finalizer(q.get_nowait())
  File "/usr/local/lib/python3.7/dist-packages/manticore/ethereum/manticore.py", line 1757, in finalizer
    if only_alive_states and last_tx.result in {"REVERT", "THROW", "TXERROR"}:
AttributeError: 'NoneType' object has no attribute 'result'
2023-07-03 16:32:22,620: [136] m.c.manticore:INFO: Results in /mcore_cc90k92l
2023-07-03 16:32:22,621: [136] m.c.manticore:WARNING: Manticore failed to run
2023-07-03 16:32:23,280: [161] m.main:INFO: Registered plugins: IntrospectionAPIPlugin, <class 'manticore.ethereum.plugins.SkipRevertBasicBlocks'>, <class 'manticore.ethereum.plugins.FilterFunctions'>
2023-07-03 16:32:23,281: [161] m.main:INFO: Beginning analysis
2023-07-03 16:32:23,283: [161] m.e.manticore:INFO: Starting symbolic create contract
2023-07-03 16:32:23,352: [161] m.e.manticore:INFO: Failed to build contract abicoder Errors : Invalid solc compilation Error: Unknown pragma "abicoder"
    --> sb/Hypervisor_4.sol:2279:1:
     |
2279 | pragma abicoder v2;
     | ^^^^^^^^^^^^^^^^^^^

Error: No visibility specified. Did you intend to add "public"?
    --> sb/Hypervisor_4.sol:2398:5:
     |
2398 |     constructor(
     |     ^ (Relevant source part starts here and spans across multiple lines).

Warning: This declaration shadows an existing declaration.
    --> sb/Hypervisor_4.sol:2496:10:
     |
2496 |         (uint256 base0, uint256 base1) = _burnLiquidity(
     |          ^^^^^^^^^^^^^
Note: The shadowed declaration is here:
    --> sb/Hypervisor_4.sol:2490:9:
     |
2490 |         uint256 base0,
     |         ^^^^^^^^^^^^^

Warning: This declaration shadows an existing declaration.
    --> sb/Hypervisor_4.sol:2496:25:
     |
2496 |         (uint256 base0, uint256 base1) = _burnLiquidity(
     |                         ^^^^^^^^^^^^^
Note: The shadowed declaration is here:
    --> sb/Hypervisor_4.sol:2491:9:
     |
2491 |         uint256 base1,
     |         ^^^^^^^^^^^^^

Warning: This declaration shadows an existing declaration.
    --> sb/Hypervisor_4.sol:2503:10:
     |
2503 |         (uint256 limit0, uint256 limit1) = _burnLiquidity(
     |          ^^^^^^^^^^^^^^
Note: The shadowed declaration is here:
    --> sb/Hypervisor_4.sol:2492:9:
     |
2492 |         uint256 limit0,
     |         ^^^^^^^^^^^^^^

Warning: This declaration shadows an existing declaration.
    --> sb/Hypervisor_4.sol:2503:26:
     |
2503 |         (uint256 limit0, uint256 limit1) = _burnLiquidity(
     |                          ^^^^^^^^^^^^^^
Note: The shadowed declaration is here:
    --> sb/Hypervisor_4.sol:2493:9:
     |
2493 |         uint256 limit1
     |         ^^^^^^^^^^^^^^

Error: This type is only supported in ABIEncoderV2. Use "pragma experimental ABIEncoderV2;" to enable the feature.
    --> sb/Hypervisor_4.sol:2349:62:
     |
2349 |     function getLockAt(uint256 index) external view returns (LockData memory lockData);
     |                                                              ^^^^^^^^^^^^^^^^^^^^^^^^


. Solidity failed to generate bytecode for your contract. Check if all the abstract functions are implemented. 
Process Process-1:
Traceback (most recent call last):
  File "/usr/lib/python3.7/multiprocessing/process.py", line 297, in _bootstrap
    self.run()
  File "/usr/lib/python3.7/multiprocessing/process.py", line 99, in run
    self._target(*self._args, **self._kwargs)
  File "/usr/local/lib/python3.7/dist-packages/manticore/ethereum/manticore.py", line 1766, in worker_finalize
    finalizer(q.get_nowait())
  File "/usr/local/lib/python3.7/dist-packages/manticore/ethereum/manticore.py", line 1757, in finalizer
    if only_alive_states and last_tx.result in {"REVERT", "THROW", "TXERROR"}:
AttributeError: 'NoneType' object has no attribute 'result'
2023-07-03 16:32:23,441: [161] m.c.manticore:INFO: Results in /mcore_fbc92etl
2023-07-03 16:32:23,441: [161] m.c.manticore:WARNING: Manticore failed to run
2023-07-03 16:32:24,104: [186] m.main:INFO: Registered plugins: IntrospectionAPIPlugin, <class 'manticore.ethereum.plugins.SkipRevertBasicBlocks'>, <class 'manticore.ethereum.plugins.FilterFunctions'>
2023-07-03 16:32:24,104: [186] m.main:INFO: Beginning analysis
2023-07-03 16:32:24,106: [186] m.e.manticore:INFO: Starting symbolic create contract
2023-07-03 16:32:24,165: [186] m.e.manticore:INFO: Failed to build contract v2; Errors : Invalid solc compilation Error: Unknown pragma "abicoder"
    --> sb/Hypervisor_4.sol:2279:1:
     |
2279 | pragma abicoder v2;
     | ^^^^^^^^^^^^^^^^^^^

Error: No visibility specified. Did you intend to add "public"?
    --> sb/Hypervisor_4.sol:2398:5:
     |
2398 |     constructor(
     |     ^ (Relevant source part starts here and spans across multiple lines).

Warning: This declaration shadows an existing declaration.
    --> sb/Hypervisor_4.sol:2496:10:
     |
2496 |         (uint256 base0, uint256 base1) = _burnLiquidity(
     |          ^^^^^^^^^^^^^
Note: The shadowed declaration is here:
    --> sb/Hypervisor_4.sol:2490:9:
     |
2490 |         uint256 base0,
     |         ^^^^^^^^^^^^^

Warning: This declaration shadows an existing declaration.
    --> sb/Hypervisor_4.sol:2496:25:
     |
2496 |         (uint256 base0, uint256 base1) = _burnLiquidity(
     |                         ^^^^^^^^^^^^^
Note: The shadowed declaration is here:
    --> sb/Hypervisor_4.sol:2491:9:
     |
2491 |         uint256 base1,
     |         ^^^^^^^^^^^^^

Warning: This declaration shadows an existing declaration.
    --> sb/Hypervisor_4.sol:2503:10:
     |
2503 |         (uint256 limit0, uint256 limit1) = _burnLiquidity(
     |          ^^^^^^^^^^^^^^
Note: The shadowed declaration is here:
    --> sb/Hypervisor_4.sol:2492:9:
     |
2492 |         uint256 limit0,
     |         ^^^^^^^^^^^^^^

Warning: This declaration shadows an existing declaration.
    --> sb/Hypervisor_4.sol:2503:26:
     |
2503 |         (uint256 limit0, uint256 limit1) = _burnLiquidity(
     |                          ^^^^^^^^^^^^^^
Note: The shadowed declaration is here:
    --> sb/Hypervisor_4.sol:2493:9:
     |
2493 |         uint256 limit1
     |         ^^^^^^^^^^^^^^

Error: This type is only supported in ABIEncoderV2. Use "pragma experimental ABIEncoderV2;" to enable the feature.
    --> sb/Hypervisor_4.sol:2349:62:
     |
2349 |     function getLockAt(uint256 index) external view returns (LockData memory lockData);
     |                                                              ^^^^^^^^^^^^^^^^^^^^^^^^


. Solidity failed to generate bytecode for your contract. Check if all the abstract functions are implemented. 
Process Process-1:
Traceback (most recent call last):
  File "/usr/lib/python3.7/multiprocessing/process.py", line 297, in _bootstrap
    self.run()
  File "/usr/lib/python3.7/multiprocessing/process.py", line 99, in run
    self._target(*self._args, **self._kwargs)
  File "/usr/local/lib/python3.7/dist-packages/manticore/ethereum/manticore.py", line 1766, in worker_finalize
    finalizer(q.get_nowait())
  File "/usr/local/lib/python3.7/dist-packages/manticore/ethereum/manticore.py", line 1757, in finalizer
    if only_alive_states and last_tx.result in {"REVERT", "THROW", "TXERROR"}:
AttributeError: 'NoneType' object has no attribute 'result'
2023-07-03 16:32:24,252: [186] m.c.manticore:INFO: Results in /mcore_ss1tiei8
2023-07-03 16:32:24,252: [186] m.c.manticore:WARNING: Manticore failed to run
2023-07-03 16:32:24,913: [211] m.main:INFO: Registered plugins: IntrospectionAPIPlugin, <class 'manticore.ethereum.plugins.SkipRevertBasicBlocks'>, <class 'manticore.ethereum.plugins.FilterFunctions'>
2023-07-03 16:32:24,913: [211] m.main:INFO: Beginning analysis
2023-07-03 16:32:24,916: [211] m.e.manticore:INFO: Starting symbolic create contract
2023-07-03 16:32:24,984: [211] m.e.manticore:INFO: Failed to build contract ^-----------------^ Errors : Invalid solc compilation Error: Unknown pragma "abicoder"
    --> sb/Hypervisor_4.sol:2279:1:
     |
2279 | pragma abicoder v2;
     | ^^^^^^^^^^^^^^^^^^^

Error: No visibility specified. Did you intend to add "public"?
    --> sb/Hypervisor_4.sol:2398:5:
     |
2398 |     constructor(
     |     ^ (Relevant source part starts here and spans across multiple lines).

Warning: This declaration shadows an existing declaration.
    --> sb/Hypervisor_4.sol:2496:10:
     |
2496 |         (uint256 base0, uint256 base1) = _burnLiquidity(
     |          ^^^^^^^^^^^^^
Note: The shadowed declaration is here:
    --> sb/Hypervisor_4.sol:2490:9:
     |
2490 |         uint256 base0,
     |         ^^^^^^^^^^^^^

Warning: This declaration shadows an existing declaration.
    --> sb/Hypervisor_4.sol:2496:25:
     |
2496 |         (uint256 base0, uint256 base1) = _burnLiquidity(
     |                         ^^^^^^^^^^^^^
Note: The shadowed declaration is here:
    --> sb/Hypervisor_4.sol:2491:9:
     |
2491 |         uint256 base1,
     |         ^^^^^^^^^^^^^

Warning: This declaration shadows an existing declaration.
    --> sb/Hypervisor_4.sol:2503:10:
     |
2503 |         (uint256 limit0, uint256 limit1) = _burnLiquidity(
     |          ^^^^^^^^^^^^^^
Note: The shadowed declaration is here:
    --> sb/Hypervisor_4.sol:2492:9:
     |
2492 |         uint256 limit0,
     |         ^^^^^^^^^^^^^^

Warning: This declaration shadows an existing declaration.
    --> sb/Hypervisor_4.sol:2503:26:
     |
2503 |         (uint256 limit0, uint256 limit1) = _burnLiquidity(
     |                          ^^^^^^^^^^^^^^
Note: The shadowed declaration is here:
    --> sb/Hypervisor_4.sol:2493:9:
     |
2493 |         uint256 limit1
     |         ^^^^^^^^^^^^^^

Error: This type is only supported in ABIEncoderV2. Use "pragma experimental ABIEncoderV2;" to enable the feature.
    --> sb/Hypervisor_4.sol:2349:62:
     |
2349 |     function getLockAt(uint256 index) external view returns (LockData memory lockData);
     |                                                              ^^^^^^^^^^^^^^^^^^^^^^^^


. Solidity failed to generate bytecode for your contract. Check if all the abstract functions are implemented. 
Process Process-1:
Traceback (most recent call last):
  File "/usr/lib/python3.7/multiprocessing/process.py", line 297, in _bootstrap
    self.run()
  File "/usr/lib/python3.7/multiprocessing/process.py", line 99, in run
    self._target(*self._args, **self._kwargs)
  File "/usr/local/lib/python3.7/dist-packages/manticore/ethereum/manticore.py", line 1766, in worker_finalize
    finalizer(q.get_nowait())
  File "/usr/local/lib/python3.7/dist-packages/manticore/ethereum/manticore.py", line 1757, in finalizer
    if only_alive_states and last_tx.result in {"REVERT", "THROW", "TXERROR"}:
AttributeError: 'NoneType' object has no attribute 'result'
2023-07-03 16:32:25,063: [211] m.c.manticore:INFO: Results in /mcore_lultje6_
2023-07-03 16:32:25,064: [211] m.c.manticore:WARNING: Manticore failed to run
