2023-07-03 16:37:44,332: [11] m.main:INFO: Registered plugins: IntrospectionAPIPlugin, <class 'manticore.ethereum.plugins.SkipRevertBasicBlocks'>, <class 'manticore.ethereum.plugins.FilterFunctions'>
2023-07-03 16:37:44,333: [11] m.main:INFO: Beginning analysis
2023-07-03 16:37:44,336: [11] m.e.manticore:INFO: Starting symbolic create contract
2023-07-03 16:37:45,805: [11] m.e.manticore:INFO: Starting symbolic transaction: 0
2023-07-03 16:37:45,948: [11] m.e.manticore:INFO: 0 alive states, 1 terminated states
2023-07-03 16:37:46,015: [11] m.e.manticore:INFO: Starting symbolic transaction: 1
2023-07-03 16:37:46,250: [11] m.c.manticore:INFO: Results in /mcore_0rgt2fwd
2023-07-03 16:37:46,251: [11] m.c.manticore:INFO: Total time: 0.44298505783081055
2023-07-03 16:37:46,993: [70] m.main:INFO: Registered plugins: IntrospectionAPIPlugin, <class 'manticore.ethereum.plugins.SkipRevertBasicBlocks'>, <class 'manticore.ethereum.plugins.FilterFunctions'>
2023-07-03 16:37:46,993: [70] m.main:INFO: Beginning analysis
2023-07-03 16:37:46,996: [70] m.e.manticore:INFO: Starting symbolic create contract
2023-07-03 16:37:48,522: [70] m.e.manticore:INFO: Starting symbolic transaction: 0
2023-07-03 16:37:48,646: [70] m.e.manticore:INFO: 0 alive states, 1 terminated states
2023-07-03 16:37:48,703: [70] m.e.manticore:INFO: Starting symbolic transaction: 1
2023-07-03 16:37:48,928: [70] m.c.manticore:INFO: Results in /mcore_rkvc1ffv
2023-07-03 16:37:48,928: [70] m.c.manticore:INFO: Total time: 0.40302443504333496
2023-07-03 16:37:49,603: [129] m.main:INFO: Registered plugins: IntrospectionAPIPlugin, <class 'manticore.ethereum.plugins.SkipRevertBasicBlocks'>, <class 'manticore.ethereum.plugins.FilterFunctions'>
2023-07-03 16:37:49,603: [129] m.main:INFO: Beginning analysis
2023-07-03 16:37:49,606: [129] m.e.manticore:INFO: Starting symbolic create contract
2023-07-03 16:37:51,801: [129] m.e.manticore:INFO: Starting symbolic transaction: 0
2023-07-03 16:37:57,336: [129] m.e.manticore:INFO: 0 alive states, 3 terminated states
2023-07-03 16:37:57,574: [129] m.c.manticore:INFO: Results in /mcore_u1mzmw1u
2023-07-03 16:37:57,574: [129] m.c.manticore:INFO: Total time: 5.750781059265137
2023-07-03 16:37:58,256: [197] m.main:INFO: Registered plugins: IntrospectionAPIPlugin, <class 'manticore.ethereum.plugins.SkipRevertBasicBlocks'>, <class 'manticore.ethereum.plugins.FilterFunctions'>
2023-07-03 16:37:58,257: [197] m.main:INFO: Beginning analysis
2023-07-03 16:37:58,259: [197] m.e.manticore:INFO: Starting symbolic create contract
