2023-07-03 16:42:50,572: [11] m.main:INFO: Registered plugins: IntrospectionAPIPlugin, <class 'manticore.ethereum.plugins.SkipRevertBasicBlocks'>, <class 'manticore.ethereum.plugins.FilterFunctions'>
2023-07-03 16:42:50,573: [11] m.main:INFO: Beginning analysis
2023-07-03 16:42:50,575: [11] m.e.manticore:INFO: Starting symbolic create contract
2023-07-03 16:42:51,979: [11] m.e.manticore:INFO: Failed to create contract: exception in constructor
2023-07-03 16:42:52,115: [11] m.c.manticore:INFO: Results in /mcore_xmhgkv1o
2023-07-03 16:42:52,116: [11] m.c.manticore:INFO: Total time: 0.671036958694458
2023-07-03 16:42:53,016: [53] m.main:INFO: Registered plugins: IntrospectionAPIPlugin, <class 'manticore.ethereum.plugins.SkipRevertBasicBlocks'>, <class 'manticore.ethereum.plugins.FilterFunctions'>
2023-07-03 16:42:53,016: [53] m.main:INFO: Beginning analysis
2023-07-03 16:42:53,018: [53] m.e.manticore:INFO: Starting symbolic create contract
2023-07-03 16:42:54,689: [53] m.e.manticore:INFO: Failed to create contract: exception in constructor
2023-07-03 16:42:54,813: [53] m.c.manticore:INFO: Results in /mcore__yepyg82
2023-07-03 16:42:54,814: [53] m.c.manticore:INFO: Total time: 0.8523964881896973
2023-07-03 16:42:55,607: [95] m.main:INFO: Registered plugins: IntrospectionAPIPlugin, <class 'manticore.ethereum.plugins.SkipRevertBasicBlocks'>, <class 'manticore.ethereum.plugins.FilterFunctions'>
2023-07-03 16:42:55,607: [95] m.main:INFO: Beginning analysis
2023-07-03 16:42:55,609: [95] m.e.manticore:INFO: Starting symbolic create contract
Process Process-1:
Traceback (most recent call last):
  File "/usr/lib/python3.7/multiprocessing/process.py", line 297, in _bootstrap
    self.run()
  File "/usr/lib/python3.7/multiprocessing/process.py", line 99, in run
    self._target(*self._args, **self._kwargs)
  File "/usr/local/lib/python3.7/dist-packages/manticore/ethereum/manticore.py", line 1766, in worker_finalize
    finalizer(q.get_nowait())
  File "/usr/local/lib/python3.7/dist-packages/manticore/ethereum/manticore.py", line 1757, in finalizer
    if only_alive_states and last_tx.result in {"REVERT", "THROW", "TXERROR"}:
AttributeError: 'NoneType' object has no attribute 'result'
2023-07-03 16:42:56,652: [95] m.c.manticore:INFO: Results in /mcore_x95cfmtm
2023-07-03 16:42:56,652: [95] m.c.manticore:WARNING: Manticore failed to run
2023-07-03 16:42:57,271: [120] m.main:INFO: Registered plugins: IntrospectionAPIPlugin, <class 'manticore.ethereum.plugins.SkipRevertBasicBlocks'>, <class 'manticore.ethereum.plugins.FilterFunctions'>
2023-07-03 16:42:57,271: [120] m.main:INFO: Beginning analysis
2023-07-03 16:42:57,274: [120] m.e.manticore:INFO: Starting symbolic create contract
