2023-07-03 16:47:57,644: [11] m.main:INFO: Registered plugins: IntrospectionAPIPlugin, <class 'manticore.ethereum.plugins.SkipRevertBasicBlocks'>, <class 'manticore.ethereum.plugins.FilterFunctions'>
2023-07-03 16:47:57,644: [11] m.main:INFO: Beginning analysis
2023-07-03 16:47:57,646: [11] m.e.manticore:INFO: Starting symbolic create contract
2023-07-03 16:47:58,496: [11] m.e.manticore:INFO: Starting symbolic transaction: 0
2023-07-03 16:47:58,583: [11] m.e.manticore:INFO: 0 alive states, 2 terminated states
2023-07-03 16:47:58,726: [11] m.c.manticore:INFO: Results in /mcore_y7oe3pyb
2023-07-03 16:47:58,726: [11] m.c.manticore:INFO: Total time: 0.22660493850708008
2023-07-03 16:47:59,462: [73] m.main:INFO: Registered plugins: IntrospectionAPIPlugin, <class 'manticore.ethereum.plugins.SkipRevertBasicBlocks'>, <class 'manticore.ethereum.plugins.FilterFunctions'>
2023-07-03 16:47:59,462: [73] m.main:INFO: Beginning analysis
2023-07-03 16:47:59,466: [73] m.e.manticore:INFO: Starting symbolic create contract
2023-07-03 16:48:00,370: [73] m.e.manticore:INFO: Starting symbolic transaction: 0
2023-07-03 16:48:00,488: [73] m.e.manticore:INFO: 0 alive states, 2 terminated states
2023-07-03 16:48:00,647: [73] m.c.manticore:INFO: Results in /mcore_dwlkooda
2023-07-03 16:48:00,648: [73] m.c.manticore:INFO: Total time: 0.2738969326019287
2023-07-03 16:48:01,438: [138] m.main:INFO: Registered plugins: IntrospectionAPIPlugin, <class 'manticore.ethereum.plugins.SkipRevertBasicBlocks'>, <class 'manticore.ethereum.plugins.FilterFunctions'>
2023-07-03 16:48:01,438: [138] m.main:INFO: Beginning analysis
2023-07-03 16:48:01,441: [138] m.e.manticore:INFO: Starting symbolic create contract
2023-07-03 16:48:02,220: [138] m.e.manticore:INFO: Starting symbolic transaction: 0
2023-07-03 16:48:02,326: [138] m.e.manticore:INFO: 0 alive states, 2 terminated states
2023-07-03 16:48:02,465: [138] m.c.manticore:INFO: Results in /mcore_bmddywx7
2023-07-03 16:48:02,466: [138] m.c.manticore:INFO: Total time: 0.24224185943603516
2023-07-03 16:48:03,123: [203] m.main:INFO: Registered plugins: IntrospectionAPIPlugin, <class 'manticore.ethereum.plugins.SkipRevertBasicBlocks'>, <class 'manticore.ethereum.plugins.FilterFunctions'>
2023-07-03 16:48:03,124: [203] m.main:INFO: Beginning analysis
2023-07-03 16:48:03,126: [203] m.e.manticore:INFO: Starting symbolic create contract
2023-07-03 16:48:04,070: [203] m.e.manticore:INFO: Starting symbolic transaction: 0
2023-07-03 16:48:04,179: [203] m.e.manticore:INFO: 0 alive states, 2 terminated states
2023-07-03 16:48:04,320: [203] m.c.manticore:INFO: Results in /mcore_o_ae04h7
2023-07-03 16:48:04,321: [203] m.c.manticore:INFO: Total time: 0.24685311317443848
2023-07-03 16:48:05,109: [268] m.main:INFO: Registered plugins: IntrospectionAPIPlugin, <class 'manticore.ethereum.plugins.SkipRevertBasicBlocks'>, <class 'manticore.ethereum.plugins.FilterFunctions'>
2023-07-03 16:48:05,110: [268] m.main:INFO: Beginning analysis
2023-07-03 16:48:05,112: [268] m.e.manticore:INFO: Starting symbolic create contract
2023-07-03 16:48:06,252: [268] m.e.manticore:INFO: Starting symbolic transaction: 0
2023-07-03 16:48:06,899: [268] m.c.worker:ERROR: Exception in state 0: ManticoreError('Forking on unfeasible constraint set')
Traceback (most recent call last):
  File "/usr/local/lib/python3.7/dist-packages/manticore/core/worker.py", line 137, in run
    current_state.execute()
  File "/usr/local/lib/python3.7/dist-packages/manticore/ethereum/state.py", line 8, in execute
    return self._platform.execute()
  File "/usr/local/lib/python3.7/dist-packages/manticore/platforms/evm.py", line 3106, in execute
    self.current_vm.execute()
  File "/usr/local/lib/python3.7/dist-packages/manticore/platforms/evm.py", line 1322, in execute
    raise Concretize("Symbolic PC", expression=expression, setstate=setstate, policy="ALL")
manticore.core.state.Concretize

During handling of the above exception, another exception occurred:

Traceback (most recent call last):
  File "/usr/local/lib/python3.7/dist-packages/manticore/core/worker.py", line 158, in run
    m._fork(current_state, exc.expression, exc.policy, exc.setstate, exc.values)
  File "/usr/local/lib/python3.7/dist-packages/manticore/core/manticore.py", line 518, in _fork
    raise ManticoreError("Forking on unfeasible constraint set")
manticore.exceptions.ManticoreError: Forking on unfeasible constraint set
 
2023-07-03 16:48:06,906: [268] m.e.manticore:INFO: 0 alive states, 1 terminated states
2023-07-03 16:48:07,030: [268] m.c.manticore:INFO: Results in /mcore_06np0ztd
2023-07-03 16:48:07,030: [268] m.c.manticore:INFO: Total time: 0.7741231918334961
2023-07-03 16:48:07,734: [330] m.main:INFO: Registered plugins: IntrospectionAPIPlugin, <class 'manticore.ethereum.plugins.SkipRevertBasicBlocks'>, <class 'manticore.ethereum.plugins.FilterFunctions'>
2023-07-03 16:48:07,734: [330] m.main:INFO: Beginning analysis
2023-07-03 16:48:07,737: [330] m.e.manticore:INFO: Starting symbolic create contract
