2023-07-03 16:48:38,931: [11] m.main:INFO: Registered plugins: IntrospectionAPIPlugin, <class 'manticore.ethereum.plugins.SkipRevertBasicBlocks'>, <class 'manticore.ethereum.plugins.FilterFunctions'>
2023-07-03 16:48:38,932: [11] m.main:INFO: Beginning analysis
2023-07-03 16:48:38,934: [11] m.e.manticore:INFO: Starting symbolic create contract
2023-07-03 16:48:41,212: [11] m.e.manticore:INFO: Starting symbolic transaction: 0
2023-07-03 16:48:52,730: [11] m.e.manticore:INFO: 7 alive states, 2 terminated states
2023-07-03 16:48:52,951: [11] m.e.manticore:INFO: Starting symbolic transaction: 1
2023-07-03 16:50:12,016: [11] m.e.manticore:INFO: 49 alive states, 9 terminated states
2023-07-03 16:50:12,398: [101] m.c.manticore:INFO: Generated testcase No. 0 - RETURN(3 txs)
2023-07-03 16:50:12,399: [101] m.c.plugin:WARNING: Caught will_solve in state None, but failed to capture its initialization
2023-07-03 16:50:12,401: [102] m.c.manticore:INFO: Generated testcase No. 1 - RETURN(3 txs)
2023-07-03 16:50:12,402: [102] m.c.plugin:WARNING: Caught will_solve in state None, but failed to capture its initialization
2023-07-03 16:50:12,405: [103] m.c.manticore:INFO: Generated testcase No. 2 - RETURN(3 txs)
2023-07-03 16:50:12,407: [103] m.c.plugin:WARNING: Caught will_solve in state None, but failed to capture its initialization
2023-07-03 16:50:12,483: [106] m.c.manticore:INFO: Generated testcase No. 3 - RETURN(3 txs)
2023-07-03 16:50:12,484: [106] m.c.plugin:WARNING: Caught will_solve in state None, but failed to capture its initialization
2023-07-03 16:50:12,504: [116] m.c.manticore:INFO: Generated testcase No. 4 - RETURN(3 txs)
2023-07-03 16:50:12,505: [116] m.c.plugin:WARNING: Caught will_solve in state None, but failed to capture its initialization
2023-07-03 16:50:12,509: [109] m.c.manticore:INFO: Generated testcase No. 6 - RETURN(3 txs)
2023-07-03 16:50:12,509: [111] m.c.manticore:INFO: Generated testcase No. 7 - RETURN(3 txs)
2023-07-03 16:50:12,509: [109] m.c.plugin:WARNING: Caught will_solve in state None, but failed to capture its initialization
2023-07-03 16:50:12,509: [111] m.c.plugin:WARNING: Caught will_solve in state None, but failed to capture its initialization
2023-07-03 16:50:12,510: [104] m.c.manticore:INFO: Generated testcase No. 5 - RETURN(3 txs)
2023-07-03 16:50:12,511: [104] m.c.plugin:WARNING: Caught will_solve in state None, but failed to capture its initialization
2023-07-03 16:50:12,513: [114] m.c.manticore:INFO: Generated testcase No. 8 - RETURN(3 txs)
2023-07-03 16:50:12,514: [114] m.c.plugin:WARNING: Caught will_solve in state None, but failed to capture its initialization
2023-07-03 16:50:12,519: [110] m.c.manticore:INFO: Generated testcase No. 9 - RETURN(3 txs)
2023-07-03 16:50:12,519: [110] m.c.plugin:WARNING: Caught will_solve in state None, but failed to capture its initialization
2023-07-03 16:50:12,527: [117] m.c.manticore:INFO: Generated testcase No. 10 - RETURN(3 txs)
2023-07-03 16:50:12,527: [117] m.c.plugin:WARNING: Caught will_solve in state None, but failed to capture its initialization
2023-07-03 16:50:12,541: [118] m.c.manticore:INFO: Generated testcase No. 11 - RETURN(3 txs)
2023-07-03 16:50:12,542: [118] m.c.plugin:WARNING: Caught will_solve in state None, but failed to capture its initialization
2023-07-03 16:50:13,659: [111] m.c.manticore:INFO: Generated testcase No. 12 - RETURN(3 txs)
2023-07-03 16:50:13,717: [117] m.c.manticore:INFO: Generated testcase No. 13 - RETURN(3 txs)
2023-07-03 16:50:13,825: [118] m.c.manticore:INFO: Generated testcase No. 14 - RETURN(3 txs)
2023-07-03 16:50:13,917: [101] m.c.manticore:INFO: Generated testcase No. 15 - RETURN(3 txs)
2023-07-03 16:50:13,925: [104] m.c.manticore:INFO: Generated testcase No. 16 - RETURN(3 txs)
2023-07-03 16:50:14,010: [114] m.c.manticore:INFO: Generated testcase No. 17 - RETURN(3 txs)
2023-07-03 16:50:14,024: [109] m.c.manticore:INFO: Generated testcase No. 18 - RETURN(3 txs)
2023-07-03 16:50:14,038: [116] m.c.manticore:INFO: Generated testcase No. 19 - RETURN(3 txs)
2023-07-03 16:50:14,072: [106] m.c.manticore:INFO: Generated testcase No. 20 - RETURN(3 txs)
2023-07-03 16:50:14,133: [103] m.c.manticore:INFO: Generated testcase No. 22 - RETURN(3 txs)
2023-07-03 16:50:14,135: [102] m.c.manticore:INFO: Generated testcase No. 23 - RETURN(3 txs)
2023-07-03 16:50:14,135: [110] m.c.manticore:INFO: Generated testcase No. 21 - RETURN(3 txs)
2023-07-03 16:50:15,001: [117] m.c.manticore:INFO: Generated testcase No. 24 - RETURN(3 txs)
2023-07-03 16:50:15,051: [111] m.c.manticore:INFO: Generated testcase No. 25 - RETURN(3 txs)
2023-07-03 16:50:15,055: [109] m.c.manticore:INFO: Generated testcase No. 26 - RETURN(3 txs)
2023-07-03 16:50:15,138: [118] m.c.manticore:INFO: Generated testcase No. 27 - RETURN(3 txs)
2023-07-03 16:50:15,269: [101] m.c.manticore:INFO: Generated testcase No. 28 - RETURN(3 txs)
2023-07-03 16:50:15,353: [104] m.c.manticore:INFO: Generated testcase No. 29 - RETURN(3 txs)
2023-07-03 16:50:15,388: [106] m.c.manticore:INFO: Generated testcase No. 30 - RETURN(3 txs)
2023-07-03 16:50:15,451: [116] m.c.manticore:INFO: Generated testcase No. 31 - RETURN(3 txs)
2023-07-03 16:50:15,460: [110] m.c.manticore:INFO: Generated testcase No. 33 - RETURN(3 txs)
2023-07-03 16:50:15,465: [114] m.c.manticore:INFO: Generated testcase No. 32 - RETURN(3 txs)
2023-07-03 16:50:15,530: [103] m.c.manticore:INFO: Generated testcase No. 34 - RETURN(3 txs)
2023-07-03 16:50:15,567: [102] m.c.manticore:INFO: Generated testcase No. 35 - RETURN(3 txs)
2023-07-03 16:50:16,123: [109] m.c.manticore:INFO: Generated testcase No. 36 - RETURN(3 txs)
2023-07-03 16:50:16,295: [117] m.c.manticore:INFO: Generated testcase No. 37 - RETURN(3 txs)
2023-07-03 16:50:16,399: [111] m.c.manticore:INFO: Generated testcase No. 38 - RETURN(3 txs)
2023-07-03 16:50:16,512: [106] m.c.manticore:INFO: Generated testcase No. 39 - RETURN(3 txs)
2023-07-03 16:50:16,560: [118] m.c.manticore:INFO: Generated testcase No. 40 - RETURN(3 txs)
2023-07-03 16:50:16,696: [101] m.c.manticore:INFO: Generated testcase No. 41 - RETURN(3 txs)
2023-07-03 16:50:16,710: [110] m.c.manticore:INFO: Generated testcase No. 42 - RETURN(3 txs)
2023-07-03 16:50:16,791: [104] m.c.manticore:INFO: Generated testcase No. 43 - RETURN(3 txs)
2023-07-03 16:50:16,896: [114] m.c.manticore:INFO: Generated testcase No. 44 - RETURN(3 txs)
2023-07-03 16:50:16,931: [103] m.c.manticore:INFO: Generated testcase No. 45 - RETURN(3 txs)
2023-07-03 16:50:16,932: [116] m.c.manticore:INFO: Generated testcase No. 46 - RETURN(3 txs)
2023-07-03 16:50:17,071: [102] m.c.manticore:INFO: Generated testcase No. 47 - RETURN(3 txs)
2023-07-03 16:50:17,402: [109] m.c.manticore:INFO: Generated testcase No. 48 - RETURN(3 txs)
2023-07-03 16:50:21,586: [11] m.c.manticore:INFO: Results in /mcore_l6d07o9t
2023-07-03 16:50:21,587: [11] m.c.manticore:INFO: Total time: 88.48860263824463
2023-07-03 16:50:22,271: [150] m.main:INFO: Registered plugins: IntrospectionAPIPlugin, <class 'manticore.ethereum.plugins.SkipRevertBasicBlocks'>, <class 'manticore.ethereum.plugins.FilterFunctions'>
2023-07-03 16:50:22,271: [150] m.main:INFO: Beginning analysis
2023-07-03 16:50:22,273: [150] m.e.manticore:INFO: Starting symbolic create contract
2023-07-03 16:50:24,443: [150] m.e.manticore:INFO: Starting symbolic transaction: 0
2023-07-03 16:50:24,600: [150] m.e.manticore:INFO: 0 alive states, 1 terminated states
2023-07-03 16:50:24,650: [150] m.e.manticore:INFO: Starting symbolic transaction: 1
2023-07-03 16:50:24,821: [150] m.c.manticore:INFO: Results in /mcore_9lnbui8f
2023-07-03 16:50:24,822: [150] m.c.manticore:INFO: Total time: 0.37617993354797363
2023-07-03 16:50:25,474: [209] m.main:INFO: Registered plugins: IntrospectionAPIPlugin, <class 'manticore.ethereum.plugins.SkipRevertBasicBlocks'>, <class 'manticore.ethereum.plugins.FilterFunctions'>
2023-07-03 16:50:25,474: [209] m.main:INFO: Beginning analysis
2023-07-03 16:50:25,476: [209] m.e.manticore:INFO: Starting symbolic create contract
2023-07-03 16:50:27,777: [209] m.e.manticore:INFO: Starting symbolic transaction: 0
2023-07-03 16:50:27,913: [209] m.e.manticore:INFO: 0 alive states, 1 terminated states
2023-07-03 16:50:27,976: [209] m.e.manticore:INFO: Starting symbolic transaction: 1
2023-07-03 16:50:28,163: [209] m.c.manticore:INFO: Results in /mcore_jjpcvg5m
2023-07-03 16:50:28,163: [209] m.c.manticore:INFO: Total time: 0.38297510147094727
2023-07-03 16:50:28,887: [268] m.main:INFO: Registered plugins: IntrospectionAPIPlugin, <class 'manticore.ethereum.plugins.SkipRevertBasicBlocks'>, <class 'manticore.ethereum.plugins.FilterFunctions'>
2023-07-03 16:50:28,888: [268] m.main:INFO: Beginning analysis
2023-07-03 16:50:28,891: [268] m.e.manticore:INFO: Starting symbolic create contract
2023-07-03 16:51:01,929: [268] m.e.manticore:INFO: Starting symbolic transaction: 0
