[INFO] | 2023-07-06 06:21:21 AM | analyzer.HomeBridgeNativeToErc_1 | Analysis started at: 2023-07-06 06:21:21 AM
[INFO] | 2023-07-06 06:21:23 AM | analyzer.HomeBridgeNativeToErc_1 | Version constraints: ['0.4.24']
[INFO] | 2023-07-06 06:21:23 AM | analyzer.HomeBridgeNativeToErc_1 | solc version: v0.4.24
[INFO] | 2023-07-06 06:21:24 AM | analyzer.HomeBridgeNativeToErc_1 | Callgraph generation started!
[INFO] | 2023-07-06 06:21:24 AM | analyzer.HomeBridgeNativeToErc_1 | Callgraph generation finished!
[INFO] | 2023-07-06 06:21:24 AM | analyzer.HomeBridgeNativeToErc_1 | Interprocedural CFG generation started!
[INFO] | 2023-07-06 06:21:24 AM | analyzer.HomeBridgeNativeToErc_1 | Interprocedural CFG generation finished!
[INFO] | 2023-07-06 06:21:24 AM | analyzer.HomeBridgeNativeToErc_1 | Storage dependency graph generation started!
[INFO] | 2023-07-06 06:21:24 AM | analyzer.HomeBridgeNativeToErc_1 | Storage dependency graph generation finished!
[INFO] | 2023-07-06 06:21:24 AM | analyzer.HomeBridgeNativeToErc_1 | Value Range Analysis started
[INFO] | 2023-07-06 06:21:24 AM | analyzer.HomeBridgeNativeToErc_1 | Generating return summary for mul
[INFO] | 2023-07-06 06:21:24 AM | analyzer.HomeBridgeNativeToErc_1 | Return summary generated for mul
[INFO] | 2023-07-06 06:21:24 AM | analyzer.HomeBridgeNativeToErc_1 | State variable assignement do not exist
[INFO] | 2023-07-06 06:21:24 AM | analyzer.HomeBridgeNativeToErc_1 | Processed function mul
[INFO] | 2023-07-06 06:21:24 AM | analyzer.HomeBridgeNativeToErc_1 | Generating return summary for div
[INFO] | 2023-07-06 06:21:24 AM | analyzer.HomeBridgeNativeToErc_1 | Return summary generated for div
[INFO] | 2023-07-06 06:21:24 AM | analyzer.HomeBridgeNativeToErc_1 | State variable assignement do not exist
[INFO] | 2023-07-06 06:21:24 AM | analyzer.HomeBridgeNativeToErc_1 | Processed function div
[INFO] | 2023-07-06 06:21:24 AM | analyzer.HomeBridgeNativeToErc_1 | Generating return summary for sub
[INFO] | 2023-07-06 06:21:24 AM | analyzer.HomeBridgeNativeToErc_1 | Return summary generated for sub
[INFO] | 2023-07-06 06:21:24 AM | analyzer.HomeBridgeNativeToErc_1 | State variable assignement do not exist
[INFO] | 2023-07-06 06:21:24 AM | analyzer.HomeBridgeNativeToErc_1 | Processed function sub
[INFO] | 2023-07-06 06:21:24 AM | analyzer.HomeBridgeNativeToErc_1 | Generating return summary for add
[INFO] | 2023-07-06 06:21:24 AM | analyzer.HomeBridgeNativeToErc_1 | Return summary generated for add
[INFO] | 2023-07-06 06:21:24 AM | analyzer.HomeBridgeNativeToErc_1 | State variable assignement do not exist
[INFO] | 2023-07-06 06:21:24 AM | analyzer.HomeBridgeNativeToErc_1 | Processed function add
[INFO] | 2023-07-06 06:21:24 AM | analyzer.HomeBridgeNativeToErc_1 | Generating return summary for isValidator
[INFO] | 2023-07-06 06:21:24 AM | analyzer.HomeBridgeNativeToErc_1 | Return summary generated for isValidator
[INFO] | 2023-07-06 06:21:24 AM | analyzer.HomeBridgeNativeToErc_1 | State variable assignement do not exist
[INFO] | 2023-07-06 06:21:24 AM | analyzer.HomeBridgeNativeToErc_1 | Processed function isValidator
[INFO] | 2023-07-06 06:21:24 AM | analyzer.HomeBridgeNativeToErc_1 | Generating return summary for requiredSignatures
[INFO] | 2023-07-06 06:21:24 AM | analyzer.HomeBridgeNativeToErc_1 | Return summary generated for requiredSignatures
[INFO] | 2023-07-06 06:21:24 AM | analyzer.HomeBridgeNativeToErc_1 | State variable assignement do not exist
[INFO] | 2023-07-06 06:21:24 AM | analyzer.HomeBridgeNativeToErc_1 | Processed function requiredSignatures
[INFO] | 2023-07-06 06:21:24 AM | analyzer.HomeBridgeNativeToErc_1 | Generating return summary for owner
[INFO] | 2023-07-06 06:21:24 AM | analyzer.HomeBridgeNativeToErc_1 | Return summary generated for owner
[INFO] | 2023-07-06 06:21:24 AM | analyzer.HomeBridgeNativeToErc_1 | State variable assignement do not exist
[INFO] | 2023-07-06 06:21:24 AM | analyzer.HomeBridgeNativeToErc_1 | Processed function owner
[INFO] | 2023-07-06 06:21:24 AM | analyzer.HomeBridgeNativeToErc_1 | Generating return summary for addressArrayContains
[INFO] | 2023-07-06 06:21:24 AM | analyzer.HomeBridgeNativeToErc_1 | Return summary generated for addressArrayContains
[INFO] | 2023-07-06 06:21:24 AM | analyzer.HomeBridgeNativeToErc_1 | State variable assignement do not exist
[INFO] | 2023-07-06 06:21:24 AM | analyzer.HomeBridgeNativeToErc_1 | Processed function addressArrayContains
[INFO] | 2023-07-06 06:21:24 AM | analyzer.HomeBridgeNativeToErc_1 | Generating return summary for requiredMessageLength
[INFO] | 2023-07-06 06:21:24 AM | analyzer.HomeBridgeNativeToErc_1 | Return summary generated for requiredMessageLength
[INFO] | 2023-07-06 06:21:24 AM | analyzer.HomeBridgeNativeToErc_1 | State variable assignement do not exist
[INFO] | 2023-07-06 06:21:24 AM | analyzer.HomeBridgeNativeToErc_1 | Processed function requiredMessageLength
[INFO] | 2023-07-06 06:21:24 AM | analyzer.HomeBridgeNativeToErc_1 | Generating return summary for hashMessage
[INFO] | 2023-07-06 06:21:24 AM | analyzer.HomeBridgeNativeToErc_1 | Return summary generated for hashMessage
[INFO] | 2023-07-06 06:21:24 AM | analyzer.HomeBridgeNativeToErc_1 | State variable assignement do not exist
[INFO] | 2023-07-06 06:21:24 AM | analyzer.HomeBridgeNativeToErc_1 | Processed function hashMessage
[INFO] | 2023-07-06 06:21:24 AM | analyzer.HomeBridgeNativeToErc_1 | Generating return summary for validatorContract
[INFO] | 2023-07-06 06:21:24 AM | analyzer.HomeBridgeNativeToErc_1 | Return summary generated for validatorContract
[INFO] | 2023-07-06 06:21:24 AM | analyzer.HomeBridgeNativeToErc_1 | State variable assignement do not exist
[INFO] | 2023-07-06 06:21:24 AM | analyzer.HomeBridgeNativeToErc_1 | Processed function validatorContract
[INFO] | 2023-07-06 06:21:24 AM | analyzer.HomeBridgeNativeToErc_1 | Generating return summary for totalSupply
[INFO] | 2023-07-06 06:21:24 AM | analyzer.HomeBridgeNativeToErc_1 | Return summary generated for totalSupply
[INFO] | 2023-07-06 06:21:24 AM | analyzer.HomeBridgeNativeToErc_1 | State variable assignement do not exist
[INFO] | 2023-07-06 06:21:24 AM | analyzer.HomeBridgeNativeToErc_1 | Processed function totalSupply
[INFO] | 2023-07-06 06:21:24 AM | analyzer.HomeBridgeNativeToErc_1 | Generating return summary for balanceOf
[INFO] | 2023-07-06 06:21:24 AM | analyzer.HomeBridgeNativeToErc_1 | Return summary generated for balanceOf
[INFO] | 2023-07-06 06:21:24 AM | analyzer.HomeBridgeNativeToErc_1 | State variable assignement do not exist
[INFO] | 2023-07-06 06:21:24 AM | analyzer.HomeBridgeNativeToErc_1 | Processed function balanceOf
[INFO] | 2023-07-06 06:21:24 AM | analyzer.HomeBridgeNativeToErc_1 | Generating return summary for transfer
[INFO] | 2023-07-06 06:21:24 AM | analyzer.HomeBridgeNativeToErc_1 | Return summary generated for transfer
[INFO] | 2023-07-06 06:21:24 AM | analyzer.HomeBridgeNativeToErc_1 | State variable assignement do not exist
[INFO] | 2023-07-06 06:21:24 AM | analyzer.HomeBridgeNativeToErc_1 | Processed function transfer
[INFO] | 2023-07-06 06:21:24 AM | analyzer.HomeBridgeNativeToErc_1 | Generating return summary for validatorContract
[INFO] | 2023-07-06 06:21:24 AM | analyzer.HomeBridgeNativeToErc_1 | Return summary generated for validatorContract
[INFO] | 2023-07-06 06:21:24 AM | analyzer.HomeBridgeNativeToErc_1 | State variable assignement do not exist
[INFO] | 2023-07-06 06:21:24 AM | analyzer.HomeBridgeNativeToErc_1 | Processed function validatorContract
[INFO] | 2023-07-06 06:21:24 AM | analyzer.HomeBridgeNativeToErc_1 | Generating return summary for gasPrice
[INFO] | 2023-07-06 06:21:24 AM | analyzer.HomeBridgeNativeToErc_1 | Return summary generated for gasPrice
[INFO] | 2023-07-06 06:21:24 AM | analyzer.HomeBridgeNativeToErc_1 | State variable assignement do not exist
[INFO] | 2023-07-06 06:21:24 AM | analyzer.HomeBridgeNativeToErc_1 | Processed function gasPrice
[INFO] | 2023-07-06 06:21:24 AM | analyzer.HomeBridgeNativeToErc_1 | Generating return summary for requiredBlockConfirmations
[INFO] | 2023-07-06 06:21:24 AM | analyzer.HomeBridgeNativeToErc_1 | Return summary generated for requiredBlockConfirmations
[INFO] | 2023-07-06 06:21:24 AM | analyzer.HomeBridgeNativeToErc_1 | State variable assignement do not exist
[INFO] | 2023-07-06 06:21:24 AM | analyzer.HomeBridgeNativeToErc_1 | Processed function requiredBlockConfirmations
[INFO] | 2023-07-06 06:21:24 AM | analyzer.HomeBridgeNativeToErc_1 | Generating return summary for deployedAtBlock
[INFO] | 2023-07-06 06:21:24 AM | analyzer.HomeBridgeNativeToErc_1 | Return summary generated for deployedAtBlock
[INFO] | 2023-07-06 06:21:24 AM | analyzer.HomeBridgeNativeToErc_1 | State variable assignement do not exist
[INFO] | 2023-07-06 06:21:24 AM | analyzer.HomeBridgeNativeToErc_1 | Processed function deployedAtBlock
[INFO] | 2023-07-06 06:21:24 AM | analyzer.HomeBridgeNativeToErc_1 | Generating return summary for setTotalSpentPerDay
[INFO] | 2023-07-06 06:21:24 AM | analyzer.HomeBridgeNativeToErc_1 | Return summary generated for setTotalSpentPerDay
[INFO] | 2023-07-06 06:21:24 AM | analyzer.HomeBridgeNativeToErc_1 | Range graph generated
[INFO] | 2023-07-06 06:21:24 AM | analyzer.HomeBridgeNativeToErc_1 | Processed function setTotalSpentPerDay
[INFO] | 2023-07-06 06:21:24 AM | analyzer.HomeBridgeNativeToErc_1 | Generating return summary for totalSpentPerDay
[INFO] | 2023-07-06 06:21:24 AM | analyzer.HomeBridgeNativeToErc_1 | Return summary generated for totalSpentPerDay
[INFO] | 2023-07-06 06:21:24 AM | analyzer.HomeBridgeNativeToErc_1 | State variable assignement do not exist
[INFO] | 2023-07-06 06:21:24 AM | analyzer.HomeBridgeNativeToErc_1 | Processed function totalSpentPerDay
[INFO] | 2023-07-06 06:21:24 AM | analyzer.HomeBridgeNativeToErc_1 | Generating return summary for minPerTx
[INFO] | 2023-07-06 06:21:24 AM | analyzer.HomeBridgeNativeToErc_1 | Return summary generated for minPerTx
[INFO] | 2023-07-06 06:21:24 AM | analyzer.HomeBridgeNativeToErc_1 | State variable assignement do not exist
[INFO] | 2023-07-06 06:21:24 AM | analyzer.HomeBridgeNativeToErc_1 | Processed function minPerTx
[INFO] | 2023-07-06 06:21:24 AM | analyzer.HomeBridgeNativeToErc_1 | Generating return summary for maxPerTx
[INFO] | 2023-07-06 06:21:24 AM | analyzer.HomeBridgeNativeToErc_1 | Return summary generated for maxPerTx
[INFO] | 2023-07-06 06:21:24 AM | analyzer.HomeBridgeNativeToErc_1 | State variable assignement do not exist
[INFO] | 2023-07-06 06:21:24 AM | analyzer.HomeBridgeNativeToErc_1 | Processed function maxPerTx
[INFO] | 2023-07-06 06:21:24 AM | analyzer.HomeBridgeNativeToErc_1 | Generating return summary for setInitialize
[INFO] | 2023-07-06 06:21:24 AM | analyzer.HomeBridgeNativeToErc_1 | Return summary generated for setInitialize
[INFO] | 2023-07-06 06:21:24 AM | analyzer.HomeBridgeNativeToErc_1 | Range graph generated
[INFO] | 2023-07-06 06:21:24 AM | analyzer.HomeBridgeNativeToErc_1 | Processed function setInitialize
[INFO] | 2023-07-06 06:21:24 AM | analyzer.HomeBridgeNativeToErc_1 | Generating return summary for isInitialized
[INFO] | 2023-07-06 06:21:24 AM | analyzer.HomeBridgeNativeToErc_1 | Return summary generated for isInitialized
[INFO] | 2023-07-06 06:21:24 AM | analyzer.HomeBridgeNativeToErc_1 | State variable assignement do not exist
[INFO] | 2023-07-06 06:21:24 AM | analyzer.HomeBridgeNativeToErc_1 | Processed function isInitialized
[INFO] | 2023-07-06 06:21:24 AM | analyzer.HomeBridgeNativeToErc_1 | Generating return summary for getCurrentDay
[INFO] | 2023-07-06 06:21:24 AM | analyzer.HomeBridgeNativeToErc_1 | Return summary generated for getCurrentDay
[INFO] | 2023-07-06 06:21:24 AM | analyzer.HomeBridgeNativeToErc_1 | State variable assignement do not exist
[INFO] | 2023-07-06 06:21:24 AM | analyzer.HomeBridgeNativeToErc_1 | Processed function getCurrentDay
[INFO] | 2023-07-06 06:21:24 AM | analyzer.HomeBridgeNativeToErc_1 | Generating return summary for dailyLimit
[INFO] | 2023-07-06 06:21:24 AM | analyzer.HomeBridgeNativeToErc_1 | Return summary generated for dailyLimit
[INFO] | 2023-07-06 06:21:24 AM | analyzer.HomeBridgeNativeToErc_1 | State variable assignement do not exist
[INFO] | 2023-07-06 06:21:24 AM | analyzer.HomeBridgeNativeToErc_1 | Processed function dailyLimit
[INFO] | 2023-07-06 06:21:24 AM | analyzer.HomeBridgeNativeToErc_1 | Generating return summary for onlyOwner
[INFO] | 2023-07-06 06:21:24 AM | analyzer.HomeBridgeNativeToErc_1 | Return summary generated for onlyOwner
[INFO] | 2023-07-06 06:21:24 AM | analyzer.HomeBridgeNativeToErc_1 | State variable assignement do not exist
[INFO] | 2023-07-06 06:21:24 AM | analyzer.HomeBridgeNativeToErc_1 | Processed function onlyOwner
[INFO] | 2023-07-06 06:21:24 AM | analyzer.HomeBridgeNativeToErc_1 | Generating return summary for validatorContract
[INFO] | 2023-07-06 06:21:24 AM | analyzer.HomeBridgeNativeToErc_1 | Return summary generated for validatorContract
[INFO] | 2023-07-06 06:21:24 AM | analyzer.HomeBridgeNativeToErc_1 | State variable assignement do not exist
[INFO] | 2023-07-06 06:21:24 AM | analyzer.HomeBridgeNativeToErc_1 | Processed function validatorContract
[INFO] | 2023-07-06 06:21:24 AM | analyzer.HomeBridgeNativeToErc_1 | Generating return summary for setMessagesSigned
[INFO] | 2023-07-06 06:21:24 AM | analyzer.HomeBridgeNativeToErc_1 | Return summary generated for setMessagesSigned
[INFO] | 2023-07-06 06:21:24 AM | analyzer.HomeBridgeNativeToErc_1 | Range graph generated
[INFO] | 2023-07-06 06:21:24 AM | analyzer.HomeBridgeNativeToErc_1 | Processed function setMessagesSigned
[INFO] | 2023-07-06 06:21:24 AM | analyzer.HomeBridgeNativeToErc_1 | Generating return summary for onExecuteAffirmation
[INFO] | 2023-07-06 06:21:24 AM | analyzer.HomeBridgeNativeToErc_1 | Return summary generated for onExecuteAffirmation
[INFO] | 2023-07-06 06:21:24 AM | analyzer.HomeBridgeNativeToErc_1 | State variable assignement do not exist
[INFO] | 2023-07-06 06:21:24 AM | analyzer.HomeBridgeNativeToErc_1 | Processed function onExecuteAffirmation
[INFO] | 2023-07-06 06:21:24 AM | analyzer.HomeBridgeNativeToErc_1 | Generating return summary for numAffirmationsSigned
[INFO] | 2023-07-06 06:21:24 AM | analyzer.HomeBridgeNativeToErc_1 | Return summary generated for numAffirmationsSigned
[INFO] | 2023-07-06 06:21:24 AM | analyzer.HomeBridgeNativeToErc_1 | State variable assignement do not exist
[INFO] | 2023-07-06 06:21:24 AM | analyzer.HomeBridgeNativeToErc_1 | Processed function numAffirmationsSigned
[INFO] | 2023-07-06 06:21:24 AM | analyzer.HomeBridgeNativeToErc_1 | Generating return summary for setAffirmationsSigned
[INFO] | 2023-07-06 06:21:24 AM | analyzer.HomeBridgeNativeToErc_1 | Return summary generated for setAffirmationsSigned
[INFO] | 2023-07-06 06:21:24 AM | analyzer.HomeBridgeNativeToErc_1 | Range graph generated
[INFO] | 2023-07-06 06:21:24 AM | analyzer.HomeBridgeNativeToErc_1 | Processed function setAffirmationsSigned
[INFO] | 2023-07-06 06:21:24 AM | analyzer.HomeBridgeNativeToErc_1 | Generating return summary for setNumAffirmationsSigned
[INFO] | 2023-07-06 06:21:24 AM | analyzer.HomeBridgeNativeToErc_1 | Return summary generated for setNumAffirmationsSigned
[INFO] | 2023-07-06 06:21:24 AM | analyzer.HomeBridgeNativeToErc_1 | Range graph generated
[INFO] | 2023-07-06 06:21:24 AM | analyzer.HomeBridgeNativeToErc_1 | Processed function setNumAffirmationsSigned
[INFO] | 2023-07-06 06:21:24 AM | analyzer.HomeBridgeNativeToErc_1 | Generating return summary for affirmationsSigned
[INFO] | 2023-07-06 06:21:24 AM | analyzer.HomeBridgeNativeToErc_1 | Return summary generated for affirmationsSigned
[INFO] | 2023-07-06 06:21:24 AM | analyzer.HomeBridgeNativeToErc_1 | State variable assignement do not exist
[INFO] | 2023-07-06 06:21:24 AM | analyzer.HomeBridgeNativeToErc_1 | Processed function affirmationsSigned
[INFO] | 2023-07-06 06:21:24 AM | analyzer.HomeBridgeNativeToErc_1 | Generating return summary for messagesSigned
[INFO] | 2023-07-06 06:21:24 AM | analyzer.HomeBridgeNativeToErc_1 | Return summary generated for messagesSigned
[INFO] | 2023-07-06 06:21:24 AM | analyzer.HomeBridgeNativeToErc_1 | State variable assignement do not exist
[INFO] | 2023-07-06 06:21:24 AM | analyzer.HomeBridgeNativeToErc_1 | Processed function messagesSigned
[INFO] | 2023-07-06 06:21:24 AM | analyzer.HomeBridgeNativeToErc_1 | Generating return summary for messages
[INFO] | 2023-07-06 06:21:24 AM | analyzer.HomeBridgeNativeToErc_1 | Return summary generated for messages
[INFO] | 2023-07-06 06:21:24 AM | analyzer.HomeBridgeNativeToErc_1 | State variable assignement do not exist
[INFO] | 2023-07-06 06:21:24 AM | analyzer.HomeBridgeNativeToErc_1 | Processed function messages
[INFO] | 2023-07-06 06:21:24 AM | analyzer.HomeBridgeNativeToErc_1 | Generating return summary for signatures
[INFO] | 2023-07-06 06:21:24 AM | analyzer.HomeBridgeNativeToErc_1 | Return summary generated for signatures
[INFO] | 2023-07-06 06:21:24 AM | analyzer.HomeBridgeNativeToErc_1 | State variable assignement do not exist
[INFO] | 2023-07-06 06:21:24 AM | analyzer.HomeBridgeNativeToErc_1 | Processed function signatures
[INFO] | 2023-07-06 06:21:24 AM | analyzer.HomeBridgeNativeToErc_1 | Generating return summary for setSignatures
[INFO] | 2023-07-06 06:21:24 AM | analyzer.HomeBridgeNativeToErc_1 | Return summary generated for setSignatures
[INFO] | 2023-07-06 06:21:24 AM | analyzer.HomeBridgeNativeToErc_1 | Range graph generated
[INFO] | 2023-07-06 06:21:24 AM | analyzer.HomeBridgeNativeToErc_1 | Processed function setSignatures
[INFO] | 2023-07-06 06:21:24 AM | analyzer.HomeBridgeNativeToErc_1 | Generating return summary for setMessages
[INFO] | 2023-07-06 06:21:24 AM | analyzer.HomeBridgeNativeToErc_1 | Return summary generated for setMessages
[INFO] | 2023-07-06 06:21:24 AM | analyzer.HomeBridgeNativeToErc_1 | Range graph generated
[INFO] | 2023-07-06 06:21:24 AM | analyzer.HomeBridgeNativeToErc_1 | Processed function setMessages
[INFO] | 2023-07-06 06:21:24 AM | analyzer.HomeBridgeNativeToErc_1 | Generating return summary for setNumMessagesSigned
[INFO] | 2023-07-06 06:21:24 AM | analyzer.HomeBridgeNativeToErc_1 | Return summary generated for setNumMessagesSigned
[INFO] | 2023-07-06 06:21:24 AM | analyzer.HomeBridgeNativeToErc_1 | Generating return summary for numMessagesSigned
[INFO] | 2023-07-06 06:21:24 AM | analyzer.HomeBridgeNativeToErc_1 | Return summary generated for numMessagesSigned
[INFO] | 2023-07-06 06:21:24 AM | analyzer.HomeBridgeNativeToErc_1 | Range graph generated
[INFO] | 2023-07-06 06:21:24 AM | analyzer.HomeBridgeNativeToErc_1 | Processed function setNumMessagesSigned
[INFO] | 2023-07-06 06:21:24 AM | analyzer.HomeBridgeNativeToErc_1 | Generating return summary for markAsProcessed
[INFO] | 2023-07-06 06:21:24 AM | analyzer.HomeBridgeNativeToErc_1 | Return summary generated for markAsProcessed
[INFO] | 2023-07-06 06:21:24 AM | analyzer.HomeBridgeNativeToErc_1 | State variable assignement do not exist
[INFO] | 2023-07-06 06:21:24 AM | analyzer.HomeBridgeNativeToErc_1 | Processed function markAsProcessed
[INFO] | 2023-07-06 06:21:24 AM | analyzer.HomeBridgeNativeToErc_1 | Generating return summary for isAlreadyProcessed
[INFO] | 2023-07-06 06:21:24 AM | analyzer.HomeBridgeNativeToErc_1 | Return summary generated for isAlreadyProcessed
[INFO] | 2023-07-06 06:21:24 AM | analyzer.HomeBridgeNativeToErc_1 | State variable assignement do not exist
[INFO] | 2023-07-06 06:21:24 AM | analyzer.HomeBridgeNativeToErc_1 | Processed function isAlreadyProcessed
[INFO] | 2023-07-06 06:21:24 AM | analyzer.HomeBridgeNativeToErc_1 | State variable assignement do not exist
[INFO] | 2023-07-06 06:21:24 AM | analyzer.HomeBridgeNativeToErc_1 | Processed function numMessagesSigned
[INFO] | 2023-07-06 06:21:24 AM | analyzer.HomeBridgeNativeToErc_1 | Generating return summary for onlyValidator
[INFO] | 2023-07-06 06:21:24 AM | analyzer.HomeBridgeNativeToErc_1 | Return summary generated for onlyValidator
[INFO] | 2023-07-06 06:21:24 AM | analyzer.HomeBridgeNativeToErc_1 | State variable assignement do not exist
[INFO] | 2023-07-06 06:21:24 AM | analyzer.HomeBridgeNativeToErc_1 | Processed function onlyValidator
[INFO] | 2023-07-06 06:21:24 AM | analyzer.HomeBridgeNativeToErc_1 | Generating return summary for validatorContract
[INFO] | 2023-07-06 06:21:24 AM | analyzer.HomeBridgeNativeToErc_1 | Return summary generated for validatorContract
[INFO] | 2023-07-06 06:21:24 AM | analyzer.HomeBridgeNativeToErc_1 | State variable assignement do not exist
[INFO] | 2023-07-06 06:21:24 AM | analyzer.HomeBridgeNativeToErc_1 | Processed function validatorContract
[INFO] | 2023-07-06 06:21:24 AM | analyzer.HomeBridgeNativeToErc_1 | Generating return summary for setMessagesSigned
[INFO] | 2023-07-06 06:21:24 AM | analyzer.HomeBridgeNativeToErc_1 | Return summary generated for setMessagesSigned
[INFO] | 2023-07-06 06:21:24 AM | analyzer.HomeBridgeNativeToErc_1 | Range graph generated
[INFO] | 2023-07-06 06:21:24 AM | analyzer.HomeBridgeNativeToErc_1 | Processed function setMessagesSigned
[INFO] | 2023-07-06 06:21:24 AM | analyzer.HomeBridgeNativeToErc_1 | Generating return summary for onExecuteAffirmation
[INFO] | 2023-07-06 06:21:24 AM | analyzer.HomeBridgeNativeToErc_1 | Return summary generated for onExecuteAffirmation
[INFO] | 2023-07-06 06:21:24 AM | analyzer.HomeBridgeNativeToErc_1 | State variable assignement do not exist
[INFO] | 2023-07-06 06:21:24 AM | analyzer.HomeBridgeNativeToErc_1 | Processed function onExecuteAffirmation
[INFO] | 2023-07-06 06:21:24 AM | analyzer.HomeBridgeNativeToErc_1 | Generating return summary for numAffirmationsSigned
[INFO] | 2023-07-06 06:21:24 AM | analyzer.HomeBridgeNativeToErc_1 | Return summary generated for numAffirmationsSigned
[INFO] | 2023-07-06 06:21:24 AM | analyzer.HomeBridgeNativeToErc_1 | State variable assignement do not exist
[INFO] | 2023-07-06 06:21:24 AM | analyzer.HomeBridgeNativeToErc_1 | Processed function numAffirmationsSigned
[INFO] | 2023-07-06 06:21:24 AM | analyzer.HomeBridgeNativeToErc_1 | Generating return summary for setAffirmationsSigned
[INFO] | 2023-07-06 06:21:24 AM | analyzer.HomeBridgeNativeToErc_1 | Return summary generated for setAffirmationsSigned
[INFO] | 2023-07-06 06:21:24 AM | analyzer.HomeBridgeNativeToErc_1 | Range graph generated
[INFO] | 2023-07-06 06:21:24 AM | analyzer.HomeBridgeNativeToErc_1 | Processed function setAffirmationsSigned
[INFO] | 2023-07-06 06:21:24 AM | analyzer.HomeBridgeNativeToErc_1 | Generating return summary for setNumAffirmationsSigned
[INFO] | 2023-07-06 06:21:24 AM | analyzer.HomeBridgeNativeToErc_1 | Return summary generated for setNumAffirmationsSigned
[INFO] | 2023-07-06 06:21:24 AM | analyzer.HomeBridgeNativeToErc_1 | Range graph generated
[INFO] | 2023-07-06 06:21:24 AM | analyzer.HomeBridgeNativeToErc_1 | Processed function setNumAffirmationsSigned
[INFO] | 2023-07-06 06:21:24 AM | analyzer.HomeBridgeNativeToErc_1 | Generating return summary for affirmationsSigned
[INFO] | 2023-07-06 06:21:24 AM | analyzer.HomeBridgeNativeToErc_1 | Return summary generated for affirmationsSigned
[INFO] | 2023-07-06 06:21:24 AM | analyzer.HomeBridgeNativeToErc_1 | State variable assignement do not exist
[INFO] | 2023-07-06 06:21:24 AM | analyzer.HomeBridgeNativeToErc_1 | Processed function affirmationsSigned
[INFO] | 2023-07-06 06:21:24 AM | analyzer.HomeBridgeNativeToErc_1 | Generating return summary for messagesSigned
[INFO] | 2023-07-06 06:21:24 AM | analyzer.HomeBridgeNativeToErc_1 | Return summary generated for messagesSigned
[INFO] | 2023-07-06 06:21:24 AM | analyzer.HomeBridgeNativeToErc_1 | State variable assignement do not exist
[INFO] | 2023-07-06 06:21:24 AM | analyzer.HomeBridgeNativeToErc_1 | Processed function messagesSigned
[INFO] | 2023-07-06 06:21:24 AM | analyzer.HomeBridgeNativeToErc_1 | Generating return summary for messages
[INFO] | 2023-07-06 06:21:24 AM | analyzer.HomeBridgeNativeToErc_1 | Return summary generated for messages
[INFO] | 2023-07-06 06:21:24 AM | analyzer.HomeBridgeNativeToErc_1 | State variable assignement do not exist
[INFO] | 2023-07-06 06:21:24 AM | analyzer.HomeBridgeNativeToErc_1 | Processed function messages
[INFO] | 2023-07-06 06:21:24 AM | analyzer.HomeBridgeNativeToErc_1 | Generating return summary for signatures
[INFO] | 2023-07-06 06:21:24 AM | analyzer.HomeBridgeNativeToErc_1 | Return summary generated for signatures
[INFO] | 2023-07-06 06:21:24 AM | analyzer.HomeBridgeNativeToErc_1 | State variable assignement do not exist
[INFO] | 2023-07-06 06:21:24 AM | analyzer.HomeBridgeNativeToErc_1 | Processed function signatures
[INFO] | 2023-07-06 06:21:24 AM | analyzer.HomeBridgeNativeToErc_1 | Generating return summary for setSignatures
[INFO] | 2023-07-06 06:21:24 AM | analyzer.HomeBridgeNativeToErc_1 | Return summary generated for setSignatures
[INFO] | 2023-07-06 06:21:24 AM | analyzer.HomeBridgeNativeToErc_1 | Range graph generated
[INFO] | 2023-07-06 06:21:24 AM | analyzer.HomeBridgeNativeToErc_1 | Processed function setSignatures
[INFO] | 2023-07-06 06:21:24 AM | analyzer.HomeBridgeNativeToErc_1 | Generating return summary for setMessages
[INFO] | 2023-07-06 06:21:24 AM | analyzer.HomeBridgeNativeToErc_1 | Return summary generated for setMessages
[INFO] | 2023-07-06 06:21:24 AM | analyzer.HomeBridgeNativeToErc_1 | Range graph generated
[INFO] | 2023-07-06 06:21:24 AM | analyzer.HomeBridgeNativeToErc_1 | Processed function setMessages
[INFO] | 2023-07-06 06:21:24 AM | analyzer.HomeBridgeNativeToErc_1 | Generating return summary for setNumMessagesSigned
[INFO] | 2023-07-06 06:21:24 AM | analyzer.HomeBridgeNativeToErc_1 | Return summary generated for setNumMessagesSigned
[INFO] | 2023-07-06 06:21:24 AM | analyzer.HomeBridgeNativeToErc_1 | Range graph generated
[INFO] | 2023-07-06 06:21:24 AM | analyzer.HomeBridgeNativeToErc_1 | Processed function setNumMessagesSigned
[INFO] | 2023-07-06 06:21:24 AM | analyzer.HomeBridgeNativeToErc_1 | Generating return summary for markAsProcessed
[INFO] | 2023-07-06 06:21:24 AM | analyzer.HomeBridgeNativeToErc_1 | Return summary generated for markAsProcessed
[INFO] | 2023-07-06 06:21:24 AM | analyzer.HomeBridgeNativeToErc_1 | State variable assignement do not exist
[INFO] | 2023-07-06 06:21:24 AM | analyzer.HomeBridgeNativeToErc_1 | Processed function markAsProcessed
[INFO] | 2023-07-06 06:21:24 AM | analyzer.HomeBridgeNativeToErc_1 | Generating return summary for isAlreadyProcessed
[INFO] | 2023-07-06 06:21:24 AM | analyzer.HomeBridgeNativeToErc_1 | Return summary generated for isAlreadyProcessed
[INFO] | 2023-07-06 06:21:24 AM | analyzer.HomeBridgeNativeToErc_1 | State variable assignement do not exist
[INFO] | 2023-07-06 06:21:24 AM | analyzer.HomeBridgeNativeToErc_1 | Processed function isAlreadyProcessed
[INFO] | 2023-07-06 06:21:24 AM | analyzer.HomeBridgeNativeToErc_1 | Generating return summary for numMessagesSigned
[INFO] | 2023-07-06 06:21:24 AM | analyzer.HomeBridgeNativeToErc_1 | Return summary generated for numMessagesSigned
[INFO] | 2023-07-06 06:21:24 AM | analyzer.HomeBridgeNativeToErc_1 | State variable assignement do not exist
[INFO] | 2023-07-06 06:21:24 AM | analyzer.HomeBridgeNativeToErc_1 | Processed function numMessagesSigned
[INFO] | 2023-07-06 06:21:24 AM | analyzer.HomeBridgeNativeToErc_1 | Generating return summary for gasPrice
[INFO] | 2023-07-06 06:21:24 AM | analyzer.HomeBridgeNativeToErc_1 | Return summary generated for gasPrice
[INFO] | 2023-07-06 06:21:24 AM | analyzer.HomeBridgeNativeToErc_1 | State variable assignement do not exist
[INFO] | 2023-07-06 06:21:24 AM | analyzer.HomeBridgeNativeToErc_1 | Processed function gasPrice
[INFO] | 2023-07-06 06:21:24 AM | analyzer.HomeBridgeNativeToErc_1 | Generating return summary for requiredBlockConfirmations
[INFO] | 2023-07-06 06:21:24 AM | analyzer.HomeBridgeNativeToErc_1 | Return summary generated for requiredBlockConfirmations
[INFO] | 2023-07-06 06:21:24 AM | analyzer.HomeBridgeNativeToErc_1 | State variable assignement do not exist
[INFO] | 2023-07-06 06:21:24 AM | analyzer.HomeBridgeNativeToErc_1 | Processed function requiredBlockConfirmations
[INFO] | 2023-07-06 06:21:24 AM | analyzer.HomeBridgeNativeToErc_1 | Generating return summary for deployedAtBlock
[INFO] | 2023-07-06 06:21:24 AM | analyzer.HomeBridgeNativeToErc_1 | Return summary generated for deployedAtBlock
[INFO] | 2023-07-06 06:21:24 AM | analyzer.HomeBridgeNativeToErc_1 | State variable assignement do not exist
[INFO] | 2023-07-06 06:21:24 AM | analyzer.HomeBridgeNativeToErc_1 | Processed function deployedAtBlock
[INFO] | 2023-07-06 06:21:24 AM | analyzer.HomeBridgeNativeToErc_1 | Generating return summary for setTotalSpentPerDay
[INFO] | 2023-07-06 06:21:24 AM | analyzer.HomeBridgeNativeToErc_1 | Return summary generated for setTotalSpentPerDay
[INFO] | 2023-07-06 06:21:24 AM | analyzer.HomeBridgeNativeToErc_1 | Range graph generated
[INFO] | 2023-07-06 06:21:24 AM | analyzer.HomeBridgeNativeToErc_1 | Processed function setTotalSpentPerDay
[INFO] | 2023-07-06 06:21:24 AM | analyzer.HomeBridgeNativeToErc_1 | Generating return summary for totalSpentPerDay
[INFO] | 2023-07-06 06:21:24 AM | analyzer.HomeBridgeNativeToErc_1 | Return summary generated for totalSpentPerDay
[INFO] | 2023-07-06 06:21:24 AM | analyzer.HomeBridgeNativeToErc_1 | State variable assignement do not exist
[INFO] | 2023-07-06 06:21:24 AM | analyzer.HomeBridgeNativeToErc_1 | Processed function totalSpentPerDay
[INFO] | 2023-07-06 06:21:24 AM | analyzer.HomeBridgeNativeToErc_1 | Generating return summary for minPerTx
[INFO] | 2023-07-06 06:21:24 AM | analyzer.HomeBridgeNativeToErc_1 | Return summary generated for minPerTx
[INFO] | 2023-07-06 06:21:24 AM | analyzer.HomeBridgeNativeToErc_1 | State variable assignement do not exist
[INFO] | 2023-07-06 06:21:24 AM | analyzer.HomeBridgeNativeToErc_1 | Processed function minPerTx
[INFO] | 2023-07-06 06:21:24 AM | analyzer.HomeBridgeNativeToErc_1 | Generating return summary for maxPerTx
[INFO] | 2023-07-06 06:21:24 AM | analyzer.HomeBridgeNativeToErc_1 | Return summary generated for maxPerTx
[INFO] | 2023-07-06 06:21:24 AM | analyzer.HomeBridgeNativeToErc_1 | State variable assignement do not exist
[INFO] | 2023-07-06 06:21:24 AM | analyzer.HomeBridgeNativeToErc_1 | Processed function maxPerTx
[INFO] | 2023-07-06 06:21:24 AM | analyzer.HomeBridgeNativeToErc_1 | Generating return summary for setInitialize
[INFO] | 2023-07-06 06:21:24 AM | analyzer.HomeBridgeNativeToErc_1 | Return summary generated for setInitialize
[INFO] | 2023-07-06 06:21:24 AM | analyzer.HomeBridgeNativeToErc_1 | Range graph generated
[INFO] | 2023-07-06 06:21:24 AM | analyzer.HomeBridgeNativeToErc_1 | Processed function setInitialize
[INFO] | 2023-07-06 06:21:24 AM | analyzer.HomeBridgeNativeToErc_1 | Generating return summary for isInitialized
[INFO] | 2023-07-06 06:21:24 AM | analyzer.HomeBridgeNativeToErc_1 | Return summary generated for isInitialized
[INFO] | 2023-07-06 06:21:24 AM | analyzer.HomeBridgeNativeToErc_1 | State variable assignement do not exist
[INFO] | 2023-07-06 06:21:24 AM | analyzer.HomeBridgeNativeToErc_1 | Processed function isInitialized
[INFO] | 2023-07-06 06:21:24 AM | analyzer.HomeBridgeNativeToErc_1 | Generating return summary for getCurrentDay
[INFO] | 2023-07-06 06:21:24 AM | analyzer.HomeBridgeNativeToErc_1 | Return summary generated for getCurrentDay
[INFO] | 2023-07-06 06:21:24 AM | analyzer.HomeBridgeNativeToErc_1 | State variable assignement do not exist
[INFO] | 2023-07-06 06:21:24 AM | analyzer.HomeBridgeNativeToErc_1 | Processed function getCurrentDay
[INFO] | 2023-07-06 06:21:24 AM | analyzer.HomeBridgeNativeToErc_1 | Generating return summary for dailyLimit
[INFO] | 2023-07-06 06:21:24 AM | analyzer.HomeBridgeNativeToErc_1 | Return summary generated for dailyLimit
[INFO] | 2023-07-06 06:21:24 AM | analyzer.HomeBridgeNativeToErc_1 | State variable assignement do not exist
[INFO] | 2023-07-06 06:21:24 AM | analyzer.HomeBridgeNativeToErc_1 | Processed function dailyLimit
[INFO] | 2023-07-06 06:21:24 AM | analyzer.HomeBridgeNativeToErc_1 | Generating return summary for onExecuteAffirmation
[INFO] | 2023-07-06 06:21:24 AM | analyzer.HomeBridgeNativeToErc_1 | Return summary generated for onExecuteAffirmation
[INFO] | 2023-07-06 06:21:24 AM | analyzer.HomeBridgeNativeToErc_1 | State variable assignement do not exist
[INFO] | 2023-07-06 06:21:24 AM | analyzer.HomeBridgeNativeToErc_1 | Processed function onExecuteAffirmation
[INFO] | 2023-07-06 06:21:24 AM | analyzer.HomeBridgeNativeToErc_1 | Generating return summary for onlyValidator
[INFO] | 2023-07-06 06:21:24 AM | analyzer.HomeBridgeNativeToErc_1 | Return summary generated for onlyValidator
[INFO] | 2023-07-06 06:21:24 AM | analyzer.HomeBridgeNativeToErc_1 | State variable assignement do not exist
[INFO] | 2023-07-06 06:21:24 AM | analyzer.HomeBridgeNativeToErc_1 | Processed function onlyValidator
[INFO] | 2023-07-06 06:21:24 AM | analyzer.HomeBridgeNativeToErc_1 | Generating return summary for onlyOwner
[INFO] | 2023-07-06 06:21:24 AM | analyzer.HomeBridgeNativeToErc_1 | Return summary generated for onlyOwner
[INFO] | 2023-07-06 06:21:24 AM | analyzer.HomeBridgeNativeToErc_1 | State variable assignement do not exist
[INFO] | 2023-07-06 06:21:24 AM | analyzer.HomeBridgeNativeToErc_1 | Processed function onlyOwner
[INFO] | 2023-07-06 06:21:24 AM | analyzer.HomeBridgeNativeToErc_1 | Generating return summary for withinLimit
[INFO] | 2023-07-06 06:21:24 AM | analyzer.HomeBridgeNativeToErc_1 | Return summary generated for withinLimit
[INFO] | 2023-07-06 06:21:24 AM | analyzer.HomeBridgeNativeToErc_1 | State variable assignement do not exist
[INFO] | 2023-07-06 06:21:24 AM | analyzer.HomeBridgeNativeToErc_1 | Processed function withinLimit
[INFO] | 2023-07-06 06:21:24 AM | analyzer.HomeBridgeNativeToErc_1 | Generating return summary for withinLimit
[INFO] | 2023-07-06 06:21:24 AM | analyzer.HomeBridgeNativeToErc_1 | Return summary generated for withinLimit
[INFO] | 2023-07-06 06:21:24 AM | analyzer.HomeBridgeNativeToErc_1 | State variable assignement do not exist
[INFO] | 2023-07-06 06:21:24 AM | analyzer.HomeBridgeNativeToErc_1 | Processed function withinLimit
[INFO] | 2023-07-06 06:21:24 AM | analyzer.HomeBridgeNativeToErc_1 | Generating return summary for requiredSignatures
[INFO] | 2023-07-06 06:21:24 AM | analyzer.HomeBridgeNativeToErc_1 | Return summary generated for requiredSignatures
[INFO] | 2023-07-06 06:21:24 AM | analyzer.HomeBridgeNativeToErc_1 | State variable assignement do not exist
[INFO] | 2023-07-06 06:21:24 AM | analyzer.HomeBridgeNativeToErc_1 | Processed function requiredSignatures
[INFO] | 2023-07-06 06:21:24 AM | analyzer.HomeBridgeNativeToErc_1 | Generating return summary for requiredSignatures
[INFO] | 2023-07-06 06:21:24 AM | analyzer.HomeBridgeNativeToErc_1 | Return summary generated for requiredSignatures
[INFO] | 2023-07-06 06:21:24 AM | analyzer.HomeBridgeNativeToErc_1 | State variable assignement do not exist
[INFO] | 2023-07-06 06:21:24 AM | analyzer.HomeBridgeNativeToErc_1 | Processed function requiredSignatures
[INFO] | 2023-07-06 06:21:24 AM | analyzer.HomeBridgeNativeToErc_1 | Generating return summary for requiredSignatures
[INFO] | 2023-07-06 06:21:24 AM | analyzer.HomeBridgeNativeToErc_1 | Return summary generated for requiredSignatures
[INFO] | 2023-07-06 06:21:24 AM | analyzer.HomeBridgeNativeToErc_1 | State variable assignement do not exist
[INFO] | 2023-07-06 06:21:24 AM | analyzer.HomeBridgeNativeToErc_1 | Processed function requiredSignatures
[INFO] | 2023-07-06 06:21:24 AM | analyzer.HomeBridgeNativeToErc_1 | Generating return summary for requiredSignatures
[INFO] | 2023-07-06 06:21:24 AM | analyzer.HomeBridgeNativeToErc_1 | Return summary generated for requiredSignatures
[INFO] | 2023-07-06 06:21:24 AM | analyzer.HomeBridgeNativeToErc_1 | State variable assignement do not exist
[INFO] | 2023-07-06 06:21:24 AM | analyzer.HomeBridgeNativeToErc_1 | Processed function requiredSignatures
[INFO] | 2023-07-06 06:21:24 AM | analyzer.HomeBridgeNativeToErc_1 | Generating return summary for isMessageValid
[INFO] | 2023-07-06 06:21:24 AM | analyzer.HomeBridgeNativeToErc_1 | Return summary generated for isMessageValid
[INFO] | 2023-07-06 06:21:24 AM | analyzer.HomeBridgeNativeToErc_1 | State variable assignement do not exist
[INFO] | 2023-07-06 06:21:24 AM | analyzer.HomeBridgeNativeToErc_1 | Processed function isMessageValid
[INFO] | 2023-07-06 06:21:24 AM | analyzer.HomeBridgeNativeToErc_1 | Generating return summary for recoverAddressFromSignedMessage
[INFO] | 2023-07-06 06:21:24 AM | analyzer.HomeBridgeNativeToErc_1 | Return summary generated for recoverAddressFromSignedMessage
[INFO] | 2023-07-06 06:21:24 AM | analyzer.HomeBridgeNativeToErc_1 | State variable assignement do not exist
[INFO] | 2023-07-06 06:21:24 AM | analyzer.HomeBridgeNativeToErc_1 | Processed function recoverAddressFromSignedMessage
[INFO] | 2023-07-06 06:21:24 AM | analyzer.HomeBridgeNativeToErc_1 | Generating return summary for claimTokens
[INFO] | 2023-07-06 06:21:24 AM | analyzer.HomeBridgeNativeToErc_1 | Return summary generated for claimTokens
[INFO] | 2023-07-06 06:21:24 AM | analyzer.HomeBridgeNativeToErc_1 | State variable assignement do not exist
[INFO] | 2023-07-06 06:21:24 AM | analyzer.HomeBridgeNativeToErc_1 | Processed function claimTokens
[INFO] | 2023-07-06 06:21:24 AM | analyzer.HomeBridgeNativeToErc_1 | Generating return summary for claimTokens
[INFO] | 2023-07-06 06:21:24 AM | analyzer.HomeBridgeNativeToErc_1 | Return summary generated for claimTokens
[INFO] | 2023-07-06 06:21:24 AM | analyzer.HomeBridgeNativeToErc_1 | State variable assignement do not exist
[INFO] | 2023-07-06 06:21:24 AM | analyzer.HomeBridgeNativeToErc_1 | Processed function claimTokens
[INFO] | 2023-07-06 06:21:24 AM | analyzer.HomeBridgeNativeToErc_1 | Generating return summary for setMinPerTx
[INFO] | 2023-07-06 06:21:24 AM | analyzer.HomeBridgeNativeToErc_1 | Return summary generated for setMinPerTx
[INFO] | 2023-07-06 06:21:24 AM | analyzer.HomeBridgeNativeToErc_1 | Range graph generated
[INFO] | 2023-07-06 06:21:24 AM | analyzer.HomeBridgeNativeToErc_1 | Processed function setMinPerTx
[INFO] | 2023-07-06 06:21:24 AM | analyzer.HomeBridgeNativeToErc_1 | Generating return summary for setMaxPerTx
[INFO] | 2023-07-06 06:21:24 AM | analyzer.HomeBridgeNativeToErc_1 | Return summary generated for setMaxPerTx
[INFO] | 2023-07-06 06:21:24 AM | analyzer.HomeBridgeNativeToErc_1 | Range graph generated
[INFO] | 2023-07-06 06:21:24 AM | analyzer.HomeBridgeNativeToErc_1 | Processed function setMaxPerTx
[INFO] | 2023-07-06 06:21:24 AM | analyzer.HomeBridgeNativeToErc_1 | Generating return summary for setGasPrice
[INFO] | 2023-07-06 06:21:24 AM | analyzer.HomeBridgeNativeToErc_1 | Return summary generated for setGasPrice
[INFO] | 2023-07-06 06:21:24 AM | analyzer.HomeBridgeNativeToErc_1 | Range graph generated
[INFO] | 2023-07-06 06:21:24 AM | analyzer.HomeBridgeNativeToErc_1 | Processed function setGasPrice
[INFO] | 2023-07-06 06:21:24 AM | analyzer.HomeBridgeNativeToErc_1 | Generating return summary for setRequiredBlockConfirmations
[INFO] | 2023-07-06 06:21:24 AM | analyzer.HomeBridgeNativeToErc_1 | Return summary generated for setRequiredBlockConfirmations
[INFO] | 2023-07-06 06:21:24 AM | analyzer.HomeBridgeNativeToErc_1 | Range graph generated
[INFO] | 2023-07-06 06:21:24 AM | analyzer.HomeBridgeNativeToErc_1 | Processed function setRequiredBlockConfirmations
[INFO] | 2023-07-06 06:21:24 AM | analyzer.HomeBridgeNativeToErc_1 | Generating return summary for setDailyLimit
[INFO] | 2023-07-06 06:21:24 AM | analyzer.HomeBridgeNativeToErc_1 | Return summary generated for setDailyLimit
[INFO] | 2023-07-06 06:21:24 AM | analyzer.HomeBridgeNativeToErc_1 | Range graph generated
[INFO] | 2023-07-06 06:21:24 AM | analyzer.HomeBridgeNativeToErc_1 | Processed function setDailyLimit
[INFO] | 2023-07-06 06:21:24 AM | analyzer.HomeBridgeNativeToErc_1 | Generating return summary for message
[INFO] | 2023-07-06 06:21:24 AM | analyzer.HomeBridgeNativeToErc_1 | Return summary generated for message
[INFO] | 2023-07-06 06:21:24 AM | analyzer.HomeBridgeNativeToErc_1 | State variable assignement do not exist
[INFO] | 2023-07-06 06:21:24 AM | analyzer.HomeBridgeNativeToErc_1 | Processed function message
[INFO] | 2023-07-06 06:21:24 AM | analyzer.HomeBridgeNativeToErc_1 | Generating return summary for signature
[INFO] | 2023-07-06 06:21:24 AM | analyzer.HomeBridgeNativeToErc_1 | Return summary generated for signature
[INFO] | 2023-07-06 06:21:24 AM | analyzer.HomeBridgeNativeToErc_1 | State variable assignement do not exist
[INFO] | 2023-07-06 06:21:24 AM | analyzer.HomeBridgeNativeToErc_1 | Processed function signature
[INFO] | 2023-07-06 06:21:24 AM | analyzer.HomeBridgeNativeToErc_1 | Generating return summary for message
[INFO] | 2023-07-06 06:21:24 AM | analyzer.HomeBridgeNativeToErc_1 | Return summary generated for message
[INFO] | 2023-07-06 06:21:24 AM | analyzer.HomeBridgeNativeToErc_1 | State variable assignement do not exist
[INFO] | 2023-07-06 06:21:24 AM | analyzer.HomeBridgeNativeToErc_1 | Processed function message
[INFO] | 2023-07-06 06:21:24 AM | analyzer.HomeBridgeNativeToErc_1 | Generating return summary for signature
[INFO] | 2023-07-06 06:21:24 AM | analyzer.HomeBridgeNativeToErc_1 | Return summary generated for signature
[INFO] | 2023-07-06 06:21:24 AM | analyzer.HomeBridgeNativeToErc_1 | State variable assignement do not exist
[INFO] | 2023-07-06 06:21:24 AM | analyzer.HomeBridgeNativeToErc_1 | Processed function signature
[INFO] | 2023-07-06 06:21:24 AM | analyzer.HomeBridgeNativeToErc_1 | Generating return summary for setMinPerTx
[INFO] | 2023-07-06 06:21:24 AM | analyzer.HomeBridgeNativeToErc_1 | Return summary generated for setMinPerTx
[INFO] | 2023-07-06 06:21:24 AM | analyzer.HomeBridgeNativeToErc_1 | Range graph generated
[INFO] | 2023-07-06 06:21:24 AM | analyzer.HomeBridgeNativeToErc_1 | Processed function setMinPerTx
[INFO] | 2023-07-06 06:21:24 AM | analyzer.HomeBridgeNativeToErc_1 | Generating return summary for initialize
[INFO] | 2023-07-06 06:21:24 AM | analyzer.HomeBridgeNativeToErc_1 | Return summary generated for initialize
[INFO] | 2023-07-06 06:21:24 AM | analyzer.HomeBridgeNativeToErc_1 | Range graph generated
[INFO] | 2023-07-06 06:21:24 AM | analyzer.HomeBridgeNativeToErc_1 | Processed function initialize
[INFO] | 2023-07-06 06:21:24 AM | analyzer.HomeBridgeNativeToErc_1 | Generating return summary for setMaxPerTx
[INFO] | 2023-07-06 06:21:24 AM | analyzer.HomeBridgeNativeToErc_1 | Return summary generated for setMaxPerTx
[INFO] | 2023-07-06 06:21:24 AM | analyzer.HomeBridgeNativeToErc_1 | Range graph generated
[INFO] | 2023-07-06 06:21:24 AM | analyzer.HomeBridgeNativeToErc_1 | Processed function setMaxPerTx
[INFO] | 2023-07-06 06:21:24 AM | analyzer.HomeBridgeNativeToErc_1 | Generating return summary for setGasPrice
[INFO] | 2023-07-06 06:21:24 AM | analyzer.HomeBridgeNativeToErc_1 | Return summary generated for setGasPrice
[INFO] | 2023-07-06 06:21:24 AM | analyzer.HomeBridgeNativeToErc_1 | Range graph generated
[INFO] | 2023-07-06 06:21:24 AM | analyzer.HomeBridgeNativeToErc_1 | Processed function setGasPrice
[INFO] | 2023-07-06 06:21:24 AM | analyzer.HomeBridgeNativeToErc_1 | Generating return summary for setRequiredBlockConfirmations
[INFO] | 2023-07-06 06:21:24 AM | analyzer.HomeBridgeNativeToErc_1 | Return summary generated for setRequiredBlockConfirmations
[INFO] | 2023-07-06 06:21:24 AM | analyzer.HomeBridgeNativeToErc_1 | Range graph generated
[INFO] | 2023-07-06 06:21:24 AM | analyzer.HomeBridgeNativeToErc_1 | Processed function setRequiredBlockConfirmations
[INFO] | 2023-07-06 06:21:24 AM | analyzer.HomeBridgeNativeToErc_1 | Generating return summary for setDailyLimit
[INFO] | 2023-07-06 06:21:24 AM | analyzer.HomeBridgeNativeToErc_1 | Return summary generated for setDailyLimit
[INFO] | 2023-07-06 06:21:24 AM | analyzer.HomeBridgeNativeToErc_1 | Range graph generated
[INFO] | 2023-07-06 06:21:24 AM | analyzer.HomeBridgeNativeToErc_1 | Processed function setDailyLimit
[INFO] | 2023-07-06 06:21:24 AM | analyzer.HomeBridgeNativeToErc_1 | Generating return summary for fallback
[INFO] | 2023-07-06 06:21:24 AM | analyzer.HomeBridgeNativeToErc_1 | Return summary generated for fallback
[INFO] | 2023-07-06 06:21:24 AM | analyzer.HomeBridgeNativeToErc_1 | Range graph generated
[INFO] | 2023-07-06 06:21:24 AM | analyzer.HomeBridgeNativeToErc_1 | Processed function fallback
[INFO] | 2023-07-06 06:21:24 AM | analyzer.HomeBridgeNativeToErc_1 | Generating return summary for executeAffirmation
[INFO] | 2023-07-06 06:21:24 AM | analyzer.HomeBridgeNativeToErc_1 | Return summary generated for executeAffirmation
[INFO] | 2023-07-06 06:21:24 AM | analyzer.HomeBridgeNativeToErc_1 | Range graph generated
[INFO] | 2023-07-06 06:21:24 AM | analyzer.HomeBridgeNativeToErc_1 | Processed function executeAffirmation
[INFO] | 2023-07-06 06:21:24 AM | analyzer.HomeBridgeNativeToErc_1 | Generating return summary for executeAffirmation
[INFO] | 2023-07-06 06:21:24 AM | analyzer.HomeBridgeNativeToErc_1 | Return summary generated for executeAffirmation
[INFO] | 2023-07-06 06:21:24 AM | analyzer.HomeBridgeNativeToErc_1 | Range graph generated
[INFO] | 2023-07-06 06:21:24 AM | analyzer.HomeBridgeNativeToErc_1 | Processed function executeAffirmation
[INFO] | 2023-07-06 06:21:24 AM | analyzer.HomeBridgeNativeToErc_1 | Generating return summary for parseMessage
[INFO] | 2023-07-06 06:21:24 AM | analyzer.HomeBridgeNativeToErc_1 | Return summary generated for parseMessage
[INFO] | 2023-07-06 06:21:24 AM | analyzer.HomeBridgeNativeToErc_1 | State variable assignement do not exist
[INFO] | 2023-07-06 06:21:24 AM | analyzer.HomeBridgeNativeToErc_1 | Processed function parseMessage
[INFO] | 2023-07-06 06:21:24 AM | analyzer.HomeBridgeNativeToErc_1 | Generating return summary for hasEnoughValidSignatures
[INFO] | 2023-07-06 06:21:24 AM | analyzer.HomeBridgeNativeToErc_1 | Return summary generated for hasEnoughValidSignatures
[INFO] | 2023-07-06 06:21:24 AM | analyzer.HomeBridgeNativeToErc_1 | State variable assignement do not exist
[INFO] | 2023-07-06 06:21:24 AM | analyzer.HomeBridgeNativeToErc_1 | Processed function hasEnoughValidSignatures
[INFO] | 2023-07-06 06:21:24 AM | analyzer.HomeBridgeNativeToErc_1 | Generating return summary for submitSignature
[INFO] | 2023-07-06 06:21:24 AM | analyzer.HomeBridgeNativeToErc_1 | Return summary generated for submitSignature
[INFO] | 2023-07-06 06:21:24 AM | analyzer.HomeBridgeNativeToErc_1 | Range graph generated
[INFO] | 2023-07-06 06:21:24 AM | analyzer.HomeBridgeNativeToErc_1 | Processed function submitSignature
[INFO] | 2023-07-06 06:21:24 AM | analyzer.HomeBridgeNativeToErc_1 | Generating return summary for submitSignature
[INFO] | 2023-07-06 06:21:24 AM | analyzer.HomeBridgeNativeToErc_1 | Return summary generated for submitSignature
[INFO] | 2023-07-06 06:21:24 AM | analyzer.HomeBridgeNativeToErc_1 | Range graph generated
[INFO] | 2023-07-06 06:21:24 AM | analyzer.HomeBridgeNativeToErc_1 | Processed function submitSignature
[INFO] | 2023-07-06 06:21:24 AM | analyzer.HomeBridgeNativeToErc_1 | Value Range Analysis took 0.030338 seconds
[INFO] | 2023-07-06 06:21:24 AM | analyzer.HomeBridgeNativeToErc_1 | Value Range Analysis finished
[INFO] | 2023-07-06 06:21:24 AM | analyzer.HomeBridgeNativeToErc_1 | Storage dependency graph compostion started!
[INFO] | 2023-07-06 06:21:24 AM | analyzer.HomeBridgeNativeToErc_1 | Storage dependency graph compostion finished!
[INFO] | 2023-07-06 06:21:24 AM | analyzer.HomeBridgeNativeToErc_1 | Dependency detection started!
[INFO] | 2023-07-06 06:21:25 AM | analyzer.HomeBridgeNativeToErc_1 | DAO dependency detected in file HomeBridgeNativeToErc_1.sol in contract HomeBridgeNativeToErc in by composing functions executeAffirmation and executeAffirmation
[INFO] | 2023-07-06 06:21:25 AM | analyzer.HomeBridgeNativeToErc_1 | DAO dependency detected in file HomeBridgeNativeToErc_1.sol in contract HomeBridgeNativeToErc in by composing functions executeAffirmation and executeAffirmation
[INFO] | 2023-07-06 06:21:27 AM | analyzer.HomeBridgeNativeToErc_1 | DAO dependency detected in file HomeBridgeNativeToErc_1.sol in contract HomeBridgeNativeToErc in by composing functions executeAffirmation and submitSignature
[INFO] | 2023-07-06 06:21:28 AM | analyzer.HomeBridgeNativeToErc_1 | DAO dependency detected in file HomeBridgeNativeToErc_1.sol in contract HomeBridgeNativeToErc in by composing functions executeAffirmation and submitSignature
[INFO] | 2023-07-06 06:21:30 AM | analyzer.HomeBridgeNativeToErc_1 | DAO dependency detected in file HomeBridgeNativeToErc_1.sol in contract HomeBridgeNativeToErc in by composing functions executeAffirmation and initialize
[INFO] | 2023-07-06 06:21:30 AM | analyzer.HomeBridgeNativeToErc_1 | DAO dependency detected in file HomeBridgeNativeToErc_1.sol in contract HomeBridgeNativeToErc in by composing functions executeAffirmation and fallback
[INFO] | 2023-07-06 06:21:30 AM | analyzer.HomeBridgeNativeToErc_1 | DAO dependency detected in file HomeBridgeNativeToErc_1.sol in contract HomeBridgeNativeToErc in by composing functions executeAffirmation and fallback
[INFO] | 2023-07-06 06:21:33 AM | analyzer.HomeBridgeNativeToErc_1 | DAO dependency detected in file HomeBridgeNativeToErc_1.sol in contract HomeBridgeNativeToErc in by composing functions submitSignature and executeAffirmation
[INFO] | 2023-07-06 06:21:33 AM | analyzer.HomeBridgeNativeToErc_1 | DAO dependency detected in file HomeBridgeNativeToErc_1.sol in contract HomeBridgeNativeToErc in by composing functions submitSignature and executeAffirmation
[INFO] | 2023-07-06 06:21:38 AM | analyzer.HomeBridgeNativeToErc_1 | DAO dependency detected in file HomeBridgeNativeToErc_1.sol in contract HomeBridgeNativeToErc in by composing functions submitSignature and submitSignature
[INFO] | 2023-07-06 06:21:39 AM | analyzer.HomeBridgeNativeToErc_1 | DAO dependency detected in file HomeBridgeNativeToErc_1.sol in contract HomeBridgeNativeToErc in by composing functions submitSignature and submitSignature
[INFO] | 2023-07-06 06:21:44 AM | analyzer.HomeBridgeNativeToErc_1 | DAO dependency detected in file HomeBridgeNativeToErc_1.sol in contract HomeBridgeNativeToErc in by composing functions submitSignature and initialize
[INFO] | 2023-07-06 06:21:46 AM | analyzer.HomeBridgeNativeToErc_1 | DAO dependency detected in file HomeBridgeNativeToErc_1.sol in contract HomeBridgeNativeToErc in by composing functions submitSignature and fallback
[INFO] | 2023-07-06 06:21:46 AM | analyzer.HomeBridgeNativeToErc_1 | DAO dependency detected in file HomeBridgeNativeToErc_1.sol in contract HomeBridgeNativeToErc in by composing functions submitSignature and fallback
[INFO] | 2023-07-06 06:21:46 AM | analyzer.HomeBridgeNativeToErc_1 | Dependency detection finished!
[INFO] | 2023-07-06 06:21:46 AM | analyzer.HomeBridgeNativeToErc_1 | Static Analysis took 25.099647 seconds
[INFO] | 2023-07-06 06:21:46 AM | analyzer.HomeBridgeNativeToErc_1 | Dependency exists
[INFO] | 2023-07-06 06:21:46 AM | analyzer.HomeBridgeNativeToErc_1 | Invoking symbolic executor!
[INFO] | 2023-07-06 06:21:49 AM | analyzer.HomeBridgeNativeToErc_1 | Symbolic execution took 3.149575 seconds
[INFO] | 2023-07-06 06:21:49 AM | analyzer.HomeBridgeNativeToErc_1 | Symbolic execution finished!
[INFO] | 2023-07-06 06:21:49 AM | analyzer.HomeBridgeNativeToErc_1 | Analysis finished!
[INFO] | 2023-07-06 06:21:49 AM | analyzer.HomeBridgeNativeToErc_1 | Analysis took 28.249642 seconds
[INFO] | 2023-07-06 06:21:49 AM | analyzer.HomeBridgeNativeToErc_1 | Analysis finished at: 2023-07-06 06:21:49 AM
