2023-07-03 15:49:18,901: [11] m.main:INFO: Registered plugins: IntrospectionAPIPlugin, <class 'manticore.ethereum.plugins.SkipRevertBasicBlocks'>, <class 'manticore.ethereum.plugins.FilterFunctions'>
2023-07-03 15:49:18,902: [11] m.main:INFO: Beginning analysis
2023-07-03 15:49:18,904: [11] m.e.manticore:INFO: Starting symbolic create contract
2023-07-03 15:49:20,309: [11] m.e.manticore:INFO: Starting symbolic transaction: 0
2023-07-03 15:49:20,448: [11] m.e.manticore:INFO: 0 alive states, 1 terminated states
2023-07-03 15:49:20,506: [11] m.e.manticore:INFO: Starting symbolic transaction: 1
2023-07-03 15:49:20,737: [11] m.c.manticore:INFO: Results in /mcore_7aoemd7g
2023-07-03 15:49:20,738: [11] m.c.manticore:INFO: Total time: 0.42559361457824707
2023-07-03 15:49:21,401: [70] m.main:INFO: Registered plugins: IntrospectionAPIPlugin, <class 'manticore.ethereum.plugins.SkipRevertBasicBlocks'>, <class 'manticore.ethereum.plugins.FilterFunctions'>
2023-07-03 15:49:21,401: [70] m.main:INFO: Beginning analysis
2023-07-03 15:49:21,404: [70] m.e.manticore:INFO: Starting symbolic create contract
2023-07-03 15:49:22,854: [70] m.e.manticore:INFO: Starting symbolic transaction: 0
2023-07-03 15:49:23,017: [70] m.e.manticore:INFO: 0 alive states, 1 terminated states
2023-07-03 15:49:23,064: [70] m.e.manticore:INFO: Starting symbolic transaction: 1
2023-07-03 15:49:23,345: [70] m.c.manticore:INFO: Results in /mcore_nmw5wk91
2023-07-03 15:49:23,345: [70] m.c.manticore:INFO: Total time: 0.48583030700683594
2023-07-03 15:49:24,086: [129] m.main:INFO: Registered plugins: IntrospectionAPIPlugin, <class 'manticore.ethereum.plugins.SkipRevertBasicBlocks'>, <class 'manticore.ethereum.plugins.FilterFunctions'>
2023-07-03 15:49:24,086: [129] m.main:INFO: Beginning analysis
2023-07-03 15:49:24,089: [129] m.e.manticore:INFO: Starting symbolic create contract
2023-07-03 15:49:26,298: [129] m.e.manticore:INFO: Starting symbolic transaction: 0
2023-07-03 15:49:31,453: [129] m.e.manticore:INFO: 0 alive states, 3 terminated states
2023-07-03 15:49:31,723: [129] m.c.manticore:INFO: Results in /mcore_er_07k6i
2023-07-03 15:49:31,723: [129] m.c.manticore:INFO: Total time: 5.4039530754089355
2023-07-03 15:49:32,360: [200] m.main:INFO: Registered plugins: IntrospectionAPIPlugin, <class 'manticore.ethereum.plugins.SkipRevertBasicBlocks'>, <class 'manticore.ethereum.plugins.FilterFunctions'>
2023-07-03 15:49:32,360: [200] m.main:INFO: Beginning analysis
2023-07-03 15:49:32,363: [200] m.e.manticore:INFO: Starting symbolic create contract
