2023-07-03 16:05:27,301: [11] m.main:INFO: Registered plugins: IntrospectionAPIPlugin, <class 'manticore.ethereum.plugins.SkipRevertBasicBlocks'>, <class 'manticore.ethereum.plugins.FilterFunctions'>
2023-07-03 16:05:27,301: [11] m.main:INFO: Beginning analysis
2023-07-03 16:05:27,304: [11] m.e.manticore:INFO: Starting symbolic create contract
2023-07-03 16:05:27,326: [11] m.e.manticore:INFO: Failed to build contract ParserError: Errors : Invalid solc compilation Error: Source "dependencies/openzeppelin/contracts/IERC20.sol" not found: File not found.
 --> sb/ReserveLogic_6.sol:4:1:
  |
4 | import {IERC20} from '../../../dependencies/openzeppelin/contracts/IERC20.sol';
  | ^^^^^^^^^^^^^^^^^^^^^^^^^^^^^^^^^^^^^^^^^^^^^^^^^^^^^^^^^^^^^^^^^^^^^^^^^^^^^^^

Error: Source "dependencies/openzeppelin/contracts/SafeERC20.sol" not found: File not found.
 --> sb/ReserveLogic_6.sol:5:1:
  |
5 | import {SafeERC20} from '../../../dependencies/openzeppelin/contracts/SafeERC20.sol';
  | ^^^^^^^^^^^^^^^^^^^^^^^^^^^^^^^^^^^^^^^^^^^^^^^^^^^^^^^^^^^^^^^^^^^^^^^^^^^^^^^^^^^^^

Error: Source "interfaces/IAToken.sol" not found: File not found.
 --> sb/ReserveLogic_6.sol:6:1:
  |
6 | import {IAToken} from '../../../interfaces/IAToken.sol';
  | ^^^^^^^^^^^^^^^^^^^^^^^^^^^^^^^^^^^^^^^^^^^^^^^^^^^^^^^^

Error: Source "interfaces/IStableDebtToken.sol" not found: File not found.
 --> sb/ReserveLogic_6.sol:7:1:
  |
7 | import {IStableDebtToken} from '../../../interfaces/IStableDebtToken.sol';
  | ^^^^^^^^^^^^^^^^^^^^^^^^^^^^^^^^^^^^^^^^^^^^^^^^^^^^^^^^^^^^^^^^^^^^^^^^^^

Error: Source "interfaces/IVariableDebtToken.sol" not found: File not found.
 --> sb/ReserveLogic_6.sol:8:1:
  |
8 | import {IVariableDebtToken} from '../../../interfaces/IVariableDebtToken.sol';
  | ^^^^^^^^^^^^^^^^^^^^^^^^^^^^^^^^^^^^^^^^^^^^^^^^^^^^^^^^^^^^^^^^^^^^^^^^^^^^^^

Error: Source "interfaces/IReserveInterestRateStrategy.sol" not found: File not found.
 --> sb/ReserveLogic_6.sol:9:1:
  |
9 | import {IReserveInterestRateStrategy} from '../../../interfaces/IReserveInterestRateStrategy.sol';
  | ^^^^^^^^^^^^^^^^^^^^^^^^^^^^^^^^^^^^^^^^^^^^^^^^^^^^^^^^^^^^^^^^^^^^^^^^^^^^^^^^^^^^^^^^^^^^^^^^^^

Error: Source "configuration/ReserveConfiguration.sol" not found: File not found.
  --> sb/ReserveLogic_6.sol:10:1:
   |
10 | import {ReserveConfiguration} from '../configuration/ReserveConfiguration.sol';
   | ^^^^^^^^^^^^^^^^^^^^^^^^^^^^^^^^^^^^^^^^^^^^^^^^^^^^^^^^^^^^^^^^^^^^^^^^^^^^^^^

Error: Source "math/MathUtils.sol" not found: File not found.
  --> sb/ReserveLogic_6.sol:11:1:
   |
11 | import {MathUtils} from '../math/MathUtils.sol';
   | ^^^^^^^^^^^^^^^^^^^^^^^^^^^^^^^^^^^^^^^^^^^^^^^^

Error: Source "math/WadRayMath.sol" not found: File not found.
  --> sb/ReserveLogic_6.sol:12:1:
   |
12 | import {WadRayMath} from '../math/WadRayMath.sol';
   | ^^^^^^^^^^^^^^^^^^^^^^^^^^^^^^^^^^^^^^^^^^^^^^^^^^

Error: Source "math/PercentageMath.sol" not found: File not found.
  --> sb/ReserveLogic_6.sol:13:1:
   |
13 | import {PercentageMath} from '../math/PercentageMath.sol';
   | ^^^^^^^^^^^^^^^^^^^^^^^^^^^^^^^^^^^^^^^^^^^^^^^^^^^^^^^^^^

Error: Source "helpers/Errors.sol" not found: File not found.
  --> sb/ReserveLogic_6.sol:14:1:
   |
14 | import {Errors} from '../helpers/Errors.sol';
   | ^^^^^^^^^^^^^^^^^^^^^^^^^^^^^^^^^^^^^^^^^^^^^

Error: Source "helpers/Helpers.sol" not found: File not found.
  --> sb/ReserveLogic_6.sol:15:1:
   |
15 | import {Helpers} from '../helpers/Helpers.sol';
   | ^^^^^^^^^^^^^^^^^^^^^^^^^^^^^^^^^^^^^^^^^^^^^^^

Error: Source "types/DataTypes.sol" not found: File not found.
  --> sb/ReserveLogic_6.sol:16:1:
   |
16 | import {DataTypes} from '../types/DataTypes.sol';
   | ^^^^^^^^^^^^^^^^^^^^^^^^^^^^^^^^^^^^^^^^^^^^^^^^^


. Solidity failed to generate bytecode for your contract. Check if all the abstract functions are implemented. 
Process Process-1:
Traceback (most recent call last):
  File "/usr/lib/python3.7/multiprocessing/process.py", line 297, in _bootstrap
    self.run()
  File "/usr/lib/python3.7/multiprocessing/process.py", line 99, in run
    self._target(*self._args, **self._kwargs)
  File "/usr/local/lib/python3.7/dist-packages/manticore/ethereum/manticore.py", line 1766, in worker_finalize
    finalizer(q.get_nowait())
  File "/usr/local/lib/python3.7/dist-packages/manticore/ethereum/manticore.py", line 1757, in finalizer
    if only_alive_states and last_tx.result in {"REVERT", "THROW", "TXERROR"}:
AttributeError: 'NoneType' object has no attribute 'result'
2023-07-03 16:05:27,411: [11] m.c.manticore:INFO: Results in /mcore_bnwgjv6p
2023-07-03 16:05:27,411: [11] m.c.manticore:WARNING: Manticore failed to run
2023-07-03 16:05:28,083: [36] m.main:INFO: Registered plugins: IntrospectionAPIPlugin, <class 'manticore.ethereum.plugins.SkipRevertBasicBlocks'>, <class 'manticore.ethereum.plugins.FilterFunctions'>
2023-07-03 16:05:28,083: [36] m.main:INFO: Beginning analysis
2023-07-03 16:05:28,086: [36] m.e.manticore:INFO: Starting symbolic create contract
2023-07-03 16:05:28,110: [36] m.e.manticore:INFO: Failed to build contract Source Errors : Invalid solc compilation Error: Source "dependencies/openzeppelin/contracts/IERC20.sol" not found: File not found.
 --> sb/ReserveLogic_6.sol:4:1:
  |
4 | import {IERC20} from '../../../dependencies/openzeppelin/contracts/IERC20.sol';
  | ^^^^^^^^^^^^^^^^^^^^^^^^^^^^^^^^^^^^^^^^^^^^^^^^^^^^^^^^^^^^^^^^^^^^^^^^^^^^^^^

Error: Source "dependencies/openzeppelin/contracts/SafeERC20.sol" not found: File not found.
 --> sb/ReserveLogic_6.sol:5:1:
  |
5 | import {SafeERC20} from '../../../dependencies/openzeppelin/contracts/SafeERC20.sol';
  | ^^^^^^^^^^^^^^^^^^^^^^^^^^^^^^^^^^^^^^^^^^^^^^^^^^^^^^^^^^^^^^^^^^^^^^^^^^^^^^^^^^^^^

Error: Source "interfaces/IAToken.sol" not found: File not found.
 --> sb/ReserveLogic_6.sol:6:1:
  |
6 | import {IAToken} from '../../../interfaces/IAToken.sol';
  | ^^^^^^^^^^^^^^^^^^^^^^^^^^^^^^^^^^^^^^^^^^^^^^^^^^^^^^^^

Error: Source "interfaces/IStableDebtToken.sol" not found: File not found.
 --> sb/ReserveLogic_6.sol:7:1:
  |
7 | import {IStableDebtToken} from '../../../interfaces/IStableDebtToken.sol';
  | ^^^^^^^^^^^^^^^^^^^^^^^^^^^^^^^^^^^^^^^^^^^^^^^^^^^^^^^^^^^^^^^^^^^^^^^^^^

Error: Source "interfaces/IVariableDebtToken.sol" not found: File not found.
 --> sb/ReserveLogic_6.sol:8:1:
  |
8 | import {IVariableDebtToken} from '../../../interfaces/IVariableDebtToken.sol';
  | ^^^^^^^^^^^^^^^^^^^^^^^^^^^^^^^^^^^^^^^^^^^^^^^^^^^^^^^^^^^^^^^^^^^^^^^^^^^^^^

Error: Source "interfaces/IReserveInterestRateStrategy.sol" not found: File not found.
 --> sb/ReserveLogic_6.sol:9:1:
  |
9 | import {IReserveInterestRateStrategy} from '../../../interfaces/IReserveInterestRateStrategy.sol';
  | ^^^^^^^^^^^^^^^^^^^^^^^^^^^^^^^^^^^^^^^^^^^^^^^^^^^^^^^^^^^^^^^^^^^^^^^^^^^^^^^^^^^^^^^^^^^^^^^^^^

Error: Source "configuration/ReserveConfiguration.sol" not found: File not found.
  --> sb/ReserveLogic_6.sol:10:1:
   |
10 | import {ReserveConfiguration} from '../configuration/ReserveConfiguration.sol';
   | ^^^^^^^^^^^^^^^^^^^^^^^^^^^^^^^^^^^^^^^^^^^^^^^^^^^^^^^^^^^^^^^^^^^^^^^^^^^^^^^

Error: Source "math/MathUtils.sol" not found: File not found.
  --> sb/ReserveLogic_6.sol:11:1:
   |
11 | import {MathUtils} from '../math/MathUtils.sol';
   | ^^^^^^^^^^^^^^^^^^^^^^^^^^^^^^^^^^^^^^^^^^^^^^^^

Error: Source "math/WadRayMath.sol" not found: File not found.
  --> sb/ReserveLogic_6.sol:12:1:
   |
12 | import {WadRayMath} from '../math/WadRayMath.sol';
   | ^^^^^^^^^^^^^^^^^^^^^^^^^^^^^^^^^^^^^^^^^^^^^^^^^^

Error: Source "math/PercentageMath.sol" not found: File not found.
  --> sb/ReserveLogic_6.sol:13:1:
   |
13 | import {PercentageMath} from '../math/PercentageMath.sol';
   | ^^^^^^^^^^^^^^^^^^^^^^^^^^^^^^^^^^^^^^^^^^^^^^^^^^^^^^^^^^

Error: Source "helpers/Errors.sol" not found: File not found.
  --> sb/ReserveLogic_6.sol:14:1:
   |
14 | import {Errors} from '../helpers/Errors.sol';
   | ^^^^^^^^^^^^^^^^^^^^^^^^^^^^^^^^^^^^^^^^^^^^^

Error: Source "helpers/Helpers.sol" not found: File not found.
  --> sb/ReserveLogic_6.sol:15:1:
   |
15 | import {Helpers} from '../helpers/Helpers.sol';
   | ^^^^^^^^^^^^^^^^^^^^^^^^^^^^^^^^^^^^^^^^^^^^^^^

Error: Source "types/DataTypes.sol" not found: File not found.
  --> sb/ReserveLogic_6.sol:16:1:
   |
16 | import {DataTypes} from '../types/DataTypes.sol';
   | ^^^^^^^^^^^^^^^^^^^^^^^^^^^^^^^^^^^^^^^^^^^^^^^^^


. Solidity failed to generate bytecode for your contract. Check if all the abstract functions are implemented. 
Process Process-1:
Traceback (most recent call last):
  File "/usr/lib/python3.7/multiprocessing/process.py", line 297, in _bootstrap
    self.run()
  File "/usr/lib/python3.7/multiprocessing/process.py", line 99, in run
    self._target(*self._args, **self._kwargs)
  File "/usr/local/lib/python3.7/dist-packages/manticore/ethereum/manticore.py", line 1766, in worker_finalize
    finalizer(q.get_nowait())
  File "/usr/local/lib/python3.7/dist-packages/manticore/ethereum/manticore.py", line 1757, in finalizer
    if only_alive_states and last_tx.result in {"REVERT", "THROW", "TXERROR"}:
AttributeError: 'NoneType' object has no attribute 'result'
2023-07-03 16:05:28,176: [36] m.c.manticore:INFO: Results in /mcore_jyocagih
2023-07-03 16:05:28,176: [36] m.c.manticore:WARNING: Manticore failed to run
2023-07-03 16:05:29,045: [61] m.main:INFO: Registered plugins: IntrospectionAPIPlugin, <class 'manticore.ethereum.plugins.SkipRevertBasicBlocks'>, <class 'manticore.ethereum.plugins.FilterFunctions'>
2023-07-03 16:05:29,046: [61] m.main:INFO: Beginning analysis
2023-07-03 16:05:29,048: [61] m.e.manticore:INFO: Starting symbolic create contract
2023-07-03 16:05:29,074: [61] m.e.manticore:INFO: Failed to build contract "dependencies/openzeppelin/contracts/IERC20.sol" Errors : Invalid solc compilation Error: Source "dependencies/openzeppelin/contracts/IERC20.sol" not found: File not found.
 --> sb/ReserveLogic_6.sol:4:1:
  |
4 | import {IERC20} from '../../../dependencies/openzeppelin/contracts/IERC20.sol';
  | ^^^^^^^^^^^^^^^^^^^^^^^^^^^^^^^^^^^^^^^^^^^^^^^^^^^^^^^^^^^^^^^^^^^^^^^^^^^^^^^

Error: Source "dependencies/openzeppelin/contracts/SafeERC20.sol" not found: File not found.
 --> sb/ReserveLogic_6.sol:5:1:
  |
5 | import {SafeERC20} from '../../../dependencies/openzeppelin/contracts/SafeERC20.sol';
  | ^^^^^^^^^^^^^^^^^^^^^^^^^^^^^^^^^^^^^^^^^^^^^^^^^^^^^^^^^^^^^^^^^^^^^^^^^^^^^^^^^^^^^

Error: Source "interfaces/IAToken.sol" not found: File not found.
 --> sb/ReserveLogic_6.sol:6:1:
  |
6 | import {IAToken} from '../../../interfaces/IAToken.sol';
  | ^^^^^^^^^^^^^^^^^^^^^^^^^^^^^^^^^^^^^^^^^^^^^^^^^^^^^^^^

Error: Source "interfaces/IStableDebtToken.sol" not found: File not found.
 --> sb/ReserveLogic_6.sol:7:1:
  |
7 | import {IStableDebtToken} from '../../../interfaces/IStableDebtToken.sol';
  | ^^^^^^^^^^^^^^^^^^^^^^^^^^^^^^^^^^^^^^^^^^^^^^^^^^^^^^^^^^^^^^^^^^^^^^^^^^

Error: Source "interfaces/IVariableDebtToken.sol" not found: File not found.
 --> sb/ReserveLogic_6.sol:8:1:
  |
8 | import {IVariableDebtToken} from '../../../interfaces/IVariableDebtToken.sol';
  | ^^^^^^^^^^^^^^^^^^^^^^^^^^^^^^^^^^^^^^^^^^^^^^^^^^^^^^^^^^^^^^^^^^^^^^^^^^^^^^

Error: Source "interfaces/IReserveInterestRateStrategy.sol" not found: File not found.
 --> sb/ReserveLogic_6.sol:9:1:
  |
9 | import {IReserveInterestRateStrategy} from '../../../interfaces/IReserveInterestRateStrategy.sol';
  | ^^^^^^^^^^^^^^^^^^^^^^^^^^^^^^^^^^^^^^^^^^^^^^^^^^^^^^^^^^^^^^^^^^^^^^^^^^^^^^^^^^^^^^^^^^^^^^^^^^

Error: Source "configuration/ReserveConfiguration.sol" not found: File not found.
  --> sb/ReserveLogic_6.sol:10:1:
   |
10 | import {ReserveConfiguration} from '../configuration/ReserveConfiguration.sol';
   | ^^^^^^^^^^^^^^^^^^^^^^^^^^^^^^^^^^^^^^^^^^^^^^^^^^^^^^^^^^^^^^^^^^^^^^^^^^^^^^^

Error: Source "math/MathUtils.sol" not found: File not found.
  --> sb/ReserveLogic_6.sol:11:1:
   |
11 | import {MathUtils} from '../math/MathUtils.sol';
   | ^^^^^^^^^^^^^^^^^^^^^^^^^^^^^^^^^^^^^^^^^^^^^^^^

Error: Source "math/WadRayMath.sol" not found: File not found.
  --> sb/ReserveLogic_6.sol:12:1:
   |
12 | import {WadRayMath} from '../math/WadRayMath.sol';
   | ^^^^^^^^^^^^^^^^^^^^^^^^^^^^^^^^^^^^^^^^^^^^^^^^^^

Error: Source "math/PercentageMath.sol" not found: File not found.
  --> sb/ReserveLogic_6.sol:13:1:
   |
13 | import {PercentageMath} from '../math/PercentageMath.sol';
   | ^^^^^^^^^^^^^^^^^^^^^^^^^^^^^^^^^^^^^^^^^^^^^^^^^^^^^^^^^^

Error: Source "helpers/Errors.sol" not found: File not found.
  --> sb/ReserveLogic_6.sol:14:1:
   |
14 | import {Errors} from '../helpers/Errors.sol';
   | ^^^^^^^^^^^^^^^^^^^^^^^^^^^^^^^^^^^^^^^^^^^^^

Error: Source "helpers/Helpers.sol" not found: File not found.
  --> sb/ReserveLogic_6.sol:15:1:
   |
15 | import {Helpers} from '../helpers/Helpers.sol';
   | ^^^^^^^^^^^^^^^^^^^^^^^^^^^^^^^^^^^^^^^^^^^^^^^

Error: Source "types/DataTypes.sol" not found: File not found.
  --> sb/ReserveLogic_6.sol:16:1:
   |
16 | import {DataTypes} from '../types/DataTypes.sol';
   | ^^^^^^^^^^^^^^^^^^^^^^^^^^^^^^^^^^^^^^^^^^^^^^^^^


. Solidity failed to generate bytecode for your contract. Check if all the abstract functions are implemented. 
Process Process-1:
Traceback (most recent call last):
  File "/usr/lib/python3.7/multiprocessing/process.py", line 297, in _bootstrap
    self.run()
  File "/usr/lib/python3.7/multiprocessing/process.py", line 99, in run
    self._target(*self._args, **self._kwargs)
  File "/usr/local/lib/python3.7/dist-packages/manticore/ethereum/manticore.py", line 1766, in worker_finalize
    finalizer(q.get_nowait())
  File "/usr/local/lib/python3.7/dist-packages/manticore/ethereum/manticore.py", line 1757, in finalizer
    if only_alive_states and last_tx.result in {"REVERT", "THROW", "TXERROR"}:
AttributeError: 'NoneType' object has no attribute 'result'
2023-07-03 16:05:29,149: [61] m.c.manticore:INFO: Results in /mcore_k9_t62_e
2023-07-03 16:05:29,150: [61] m.c.manticore:WARNING: Manticore failed to run
2023-07-03 16:05:29,753: [86] m.main:INFO: Registered plugins: IntrospectionAPIPlugin, <class 'manticore.ethereum.plugins.SkipRevertBasicBlocks'>, <class 'manticore.ethereum.plugins.FilterFunctions'>
2023-07-03 16:05:29,754: [86] m.main:INFO: Beginning analysis
2023-07-03 16:05:29,756: [86] m.e.manticore:INFO: Starting symbolic create contract
2023-07-03 16:05:29,774: [86] m.e.manticore:INFO: Failed to build contract not Errors : Invalid solc compilation Error: Source "dependencies/openzeppelin/contracts/IERC20.sol" not found: File not found.
 --> sb/ReserveLogic_6.sol:4:1:
  |
4 | import {IERC20} from '../../../dependencies/openzeppelin/contracts/IERC20.sol';
  | ^^^^^^^^^^^^^^^^^^^^^^^^^^^^^^^^^^^^^^^^^^^^^^^^^^^^^^^^^^^^^^^^^^^^^^^^^^^^^^^

Error: Source "dependencies/openzeppelin/contracts/SafeERC20.sol" not found: File not found.
 --> sb/ReserveLogic_6.sol:5:1:
  |
5 | import {SafeERC20} from '../../../dependencies/openzeppelin/contracts/SafeERC20.sol';
  | ^^^^^^^^^^^^^^^^^^^^^^^^^^^^^^^^^^^^^^^^^^^^^^^^^^^^^^^^^^^^^^^^^^^^^^^^^^^^^^^^^^^^^

Error: Source "interfaces/IAToken.sol" not found: File not found.
 --> sb/ReserveLogic_6.sol:6:1:
  |
6 | import {IAToken} from '../../../interfaces/IAToken.sol';
  | ^^^^^^^^^^^^^^^^^^^^^^^^^^^^^^^^^^^^^^^^^^^^^^^^^^^^^^^^

Error: Source "interfaces/IStableDebtToken.sol" not found: File not found.
 --> sb/ReserveLogic_6.sol:7:1:
  |
7 | import {IStableDebtToken} from '../../../interfaces/IStableDebtToken.sol';
  | ^^^^^^^^^^^^^^^^^^^^^^^^^^^^^^^^^^^^^^^^^^^^^^^^^^^^^^^^^^^^^^^^^^^^^^^^^^

Error: Source "interfaces/IVariableDebtToken.sol" not found: File not found.
 --> sb/ReserveLogic_6.sol:8:1:
  |
8 | import {IVariableDebtToken} from '../../../interfaces/IVariableDebtToken.sol';
  | ^^^^^^^^^^^^^^^^^^^^^^^^^^^^^^^^^^^^^^^^^^^^^^^^^^^^^^^^^^^^^^^^^^^^^^^^^^^^^^

Error: Source "interfaces/IReserveInterestRateStrategy.sol" not found: File not found.
 --> sb/ReserveLogic_6.sol:9:1:
  |
9 | import {IReserveInterestRateStrategy} from '../../../interfaces/IReserveInterestRateStrategy.sol';
  | ^^^^^^^^^^^^^^^^^^^^^^^^^^^^^^^^^^^^^^^^^^^^^^^^^^^^^^^^^^^^^^^^^^^^^^^^^^^^^^^^^^^^^^^^^^^^^^^^^^

Error: Source "configuration/ReserveConfiguration.sol" not found: File not found.
  --> sb/ReserveLogic_6.sol:10:1:
   |
10 | import {ReserveConfiguration} from '../configuration/ReserveConfiguration.sol';
   | ^^^^^^^^^^^^^^^^^^^^^^^^^^^^^^^^^^^^^^^^^^^^^^^^^^^^^^^^^^^^^^^^^^^^^^^^^^^^^^^

Error: Source "math/MathUtils.sol" not found: File not found.
  --> sb/ReserveLogic_6.sol:11:1:
   |
11 | import {MathUtils} from '../math/MathUtils.sol';
   | ^^^^^^^^^^^^^^^^^^^^^^^^^^^^^^^^^^^^^^^^^^^^^^^^

Error: Source "math/WadRayMath.sol" not found: File not found.
  --> sb/ReserveLogic_6.sol:12:1:
   |
12 | import {WadRayMath} from '../math/WadRayMath.sol';
   | ^^^^^^^^^^^^^^^^^^^^^^^^^^^^^^^^^^^^^^^^^^^^^^^^^^

Error: Source "math/PercentageMath.sol" not found: File not found.
  --> sb/ReserveLogic_6.sol:13:1:
   |
13 | import {PercentageMath} from '../math/PercentageMath.sol';
   | ^^^^^^^^^^^^^^^^^^^^^^^^^^^^^^^^^^^^^^^^^^^^^^^^^^^^^^^^^^

Error: Source "helpers/Errors.sol" not found: File not found.
  --> sb/ReserveLogic_6.sol:14:1:
   |
14 | import {Errors} from '../helpers/Errors.sol';
   | ^^^^^^^^^^^^^^^^^^^^^^^^^^^^^^^^^^^^^^^^^^^^^

Error: Source "helpers/Helpers.sol" not found: File not found.
  --> sb/ReserveLogic_6.sol:15:1:
   |
15 | import {Helpers} from '../helpers/Helpers.sol';
   | ^^^^^^^^^^^^^^^^^^^^^^^^^^^^^^^^^^^^^^^^^^^^^^^

Error: Source "types/DataTypes.sol" not found: File not found.
  --> sb/ReserveLogic_6.sol:16:1:
   |
16 | import {DataTypes} from '../types/DataTypes.sol';
   | ^^^^^^^^^^^^^^^^^^^^^^^^^^^^^^^^^^^^^^^^^^^^^^^^^


. Solidity failed to generate bytecode for your contract. Check if all the abstract functions are implemented. 
Process Process-1:
Traceback (most recent call last):
  File "/usr/lib/python3.7/multiprocessing/process.py", line 297, in _bootstrap
    self.run()
  File "/usr/lib/python3.7/multiprocessing/process.py", line 99, in run
    self._target(*self._args, **self._kwargs)
  File "/usr/local/lib/python3.7/dist-packages/manticore/ethereum/manticore.py", line 1766, in worker_finalize
    finalizer(q.get_nowait())
  File "/usr/local/lib/python3.7/dist-packages/manticore/ethereum/manticore.py", line 1757, in finalizer
    if only_alive_states and last_tx.result in {"REVERT", "THROW", "TXERROR"}:
AttributeError: 'NoneType' object has no attribute 'result'
2023-07-03 16:05:29,854: [86] m.c.manticore:INFO: Results in /mcore_bghkvqbq
2023-07-03 16:05:29,854: [86] m.c.manticore:WARNING: Manticore failed to run
2023-07-03 16:05:30,495: [111] m.main:INFO: Registered plugins: IntrospectionAPIPlugin, <class 'manticore.ethereum.plugins.SkipRevertBasicBlocks'>, <class 'manticore.ethereum.plugins.FilterFunctions'>
2023-07-03 16:05:30,495: [111] m.main:INFO: Beginning analysis
2023-07-03 16:05:30,498: [111] m.e.manticore:INFO: Starting symbolic create contract
2023-07-03 16:05:30,568: [111] m.e.manticore:INFO: Failed to build contract found: Errors : Invalid solc compilation Error: Source "dependencies/openzeppelin/contracts/IERC20.sol" not found: File not found.
 --> sb/ReserveLogic_6.sol:4:1:
  |
4 | import {IERC20} from '../../../dependencies/openzeppelin/contracts/IERC20.sol';
  | ^^^^^^^^^^^^^^^^^^^^^^^^^^^^^^^^^^^^^^^^^^^^^^^^^^^^^^^^^^^^^^^^^^^^^^^^^^^^^^^

Error: Source "dependencies/openzeppelin/contracts/SafeERC20.sol" not found: File not found.
 --> sb/ReserveLogic_6.sol:5:1:
  |
5 | import {SafeERC20} from '../../../dependencies/openzeppelin/contracts/SafeERC20.sol';
  | ^^^^^^^^^^^^^^^^^^^^^^^^^^^^^^^^^^^^^^^^^^^^^^^^^^^^^^^^^^^^^^^^^^^^^^^^^^^^^^^^^^^^^

Error: Source "interfaces/IAToken.sol" not found: File not found.
 --> sb/ReserveLogic_6.sol:6:1:
  |
6 | import {IAToken} from '../../../interfaces/IAToken.sol';
  | ^^^^^^^^^^^^^^^^^^^^^^^^^^^^^^^^^^^^^^^^^^^^^^^^^^^^^^^^

Error: Source "interfaces/IStableDebtToken.sol" not found: File not found.
 --> sb/ReserveLogic_6.sol:7:1:
  |
7 | import {IStableDebtToken} from '../../../interfaces/IStableDebtToken.sol';
  | ^^^^^^^^^^^^^^^^^^^^^^^^^^^^^^^^^^^^^^^^^^^^^^^^^^^^^^^^^^^^^^^^^^^^^^^^^^

Error: Source "interfaces/IVariableDebtToken.sol" not found: File not found.
 --> sb/ReserveLogic_6.sol:8:1:
  |
8 | import {IVariableDebtToken} from '../../../interfaces/IVariableDebtToken.sol';
  | ^^^^^^^^^^^^^^^^^^^^^^^^^^^^^^^^^^^^^^^^^^^^^^^^^^^^^^^^^^^^^^^^^^^^^^^^^^^^^^

Error: Source "interfaces/IReserveInterestRateStrategy.sol" not found: File not found.
 --> sb/ReserveLogic_6.sol:9:1:
  |
9 | import {IReserveInterestRateStrategy} from '../../../interfaces/IReserveInterestRateStrategy.sol';
  | ^^^^^^^^^^^^^^^^^^^^^^^^^^^^^^^^^^^^^^^^^^^^^^^^^^^^^^^^^^^^^^^^^^^^^^^^^^^^^^^^^^^^^^^^^^^^^^^^^^

Error: Source "configuration/ReserveConfiguration.sol" not found: File not found.
  --> sb/ReserveLogic_6.sol:10:1:
   |
10 | import {ReserveConfiguration} from '../configuration/ReserveConfiguration.sol';
   | ^^^^^^^^^^^^^^^^^^^^^^^^^^^^^^^^^^^^^^^^^^^^^^^^^^^^^^^^^^^^^^^^^^^^^^^^^^^^^^^

Error: Source "math/MathUtils.sol" not found: File not found.
  --> sb/ReserveLogic_6.sol:11:1:
   |
11 | import {MathUtils} from '../math/MathUtils.sol';
   | ^^^^^^^^^^^^^^^^^^^^^^^^^^^^^^^^^^^^^^^^^^^^^^^^

Error: Source "math/WadRayMath.sol" not found: File not found.
  --> sb/ReserveLogic_6.sol:12:1:
   |
12 | import {WadRayMath} from '../math/WadRayMath.sol';
   | ^^^^^^^^^^^^^^^^^^^^^^^^^^^^^^^^^^^^^^^^^^^^^^^^^^

Error: Source "math/PercentageMath.sol" not found: File not found.
  --> sb/ReserveLogic_6.sol:13:1:
   |
13 | import {PercentageMath} from '../math/PercentageMath.sol';
   | ^^^^^^^^^^^^^^^^^^^^^^^^^^^^^^^^^^^^^^^^^^^^^^^^^^^^^^^^^^

Error: Source "helpers/Errors.sol" not found: File not found.
  --> sb/ReserveLogic_6.sol:14:1:
   |
14 | import {Errors} from '../helpers/Errors.sol';
   | ^^^^^^^^^^^^^^^^^^^^^^^^^^^^^^^^^^^^^^^^^^^^^

Error: Source "helpers/Helpers.sol" not found: File not found.
  --> sb/ReserveLogic_6.sol:15:1:
   |
15 | import {Helpers} from '../helpers/Helpers.sol';
   | ^^^^^^^^^^^^^^^^^^^^^^^^^^^^^^^^^^^^^^^^^^^^^^^

Error: Source "types/DataTypes.sol" not found: File not found.
  --> sb/ReserveLogic_6.sol:16:1:
   |
16 | import {DataTypes} from '../types/DataTypes.sol';
   | ^^^^^^^^^^^^^^^^^^^^^^^^^^^^^^^^^^^^^^^^^^^^^^^^^


. Solidity failed to generate bytecode for your contract. Check if all the abstract functions are implemented. 
Process Process-1:
Traceback (most recent call last):
  File "/usr/lib/python3.7/multiprocessing/process.py", line 297, in _bootstrap
    self.run()
  File "/usr/lib/python3.7/multiprocessing/process.py", line 99, in run
    self._target(*self._args, **self._kwargs)
  File "/usr/local/lib/python3.7/dist-packages/manticore/ethereum/manticore.py", line 1766, in worker_finalize
    finalizer(q.get_nowait())
  File "/usr/local/lib/python3.7/dist-packages/manticore/ethereum/manticore.py", line 1757, in finalizer
    if only_alive_states and last_tx.result in {"REVERT", "THROW", "TXERROR"}:
AttributeError: 'NoneType' object has no attribute 'result'
2023-07-03 16:05:30,640: [111] m.c.manticore:INFO: Results in /mcore_8svpv56f
2023-07-03 16:05:30,641: [111] m.c.manticore:WARNING: Manticore failed to run
2023-07-03 16:05:31,416: [136] m.main:INFO: Registered plugins: IntrospectionAPIPlugin, <class 'manticore.ethereum.plugins.SkipRevertBasicBlocks'>, <class 'manticore.ethereum.plugins.FilterFunctions'>
2023-07-03 16:05:31,417: [136] m.main:INFO: Beginning analysis
2023-07-03 16:05:31,419: [136] m.e.manticore:INFO: Starting symbolic create contract
2023-07-03 16:05:31,445: [136] m.e.manticore:INFO: Failed to build contract File Errors : Invalid solc compilation Error: Source "dependencies/openzeppelin/contracts/IERC20.sol" not found: File not found.
 --> sb/ReserveLogic_6.sol:4:1:
  |
4 | import {IERC20} from '../../../dependencies/openzeppelin/contracts/IERC20.sol';
  | ^^^^^^^^^^^^^^^^^^^^^^^^^^^^^^^^^^^^^^^^^^^^^^^^^^^^^^^^^^^^^^^^^^^^^^^^^^^^^^^

Error: Source "dependencies/openzeppelin/contracts/SafeERC20.sol" not found: File not found.
 --> sb/ReserveLogic_6.sol:5:1:
  |
5 | import {SafeERC20} from '../../../dependencies/openzeppelin/contracts/SafeERC20.sol';
  | ^^^^^^^^^^^^^^^^^^^^^^^^^^^^^^^^^^^^^^^^^^^^^^^^^^^^^^^^^^^^^^^^^^^^^^^^^^^^^^^^^^^^^

Error: Source "interfaces/IAToken.sol" not found: File not found.
 --> sb/ReserveLogic_6.sol:6:1:
  |
6 | import {IAToken} from '../../../interfaces/IAToken.sol';
  | ^^^^^^^^^^^^^^^^^^^^^^^^^^^^^^^^^^^^^^^^^^^^^^^^^^^^^^^^

Error: Source "interfaces/IStableDebtToken.sol" not found: File not found.
 --> sb/ReserveLogic_6.sol:7:1:
  |
7 | import {IStableDebtToken} from '../../../interfaces/IStableDebtToken.sol';
  | ^^^^^^^^^^^^^^^^^^^^^^^^^^^^^^^^^^^^^^^^^^^^^^^^^^^^^^^^^^^^^^^^^^^^^^^^^^

Error: Source "interfaces/IVariableDebtToken.sol" not found: File not found.
 --> sb/ReserveLogic_6.sol:8:1:
  |
8 | import {IVariableDebtToken} from '../../../interfaces/IVariableDebtToken.sol';
  | ^^^^^^^^^^^^^^^^^^^^^^^^^^^^^^^^^^^^^^^^^^^^^^^^^^^^^^^^^^^^^^^^^^^^^^^^^^^^^^

Error: Source "interfaces/IReserveInterestRateStrategy.sol" not found: File not found.
 --> sb/ReserveLogic_6.sol:9:1:
  |
9 | import {IReserveInterestRateStrategy} from '../../../interfaces/IReserveInterestRateStrategy.sol';
  | ^^^^^^^^^^^^^^^^^^^^^^^^^^^^^^^^^^^^^^^^^^^^^^^^^^^^^^^^^^^^^^^^^^^^^^^^^^^^^^^^^^^^^^^^^^^^^^^^^^

Error: Source "configuration/ReserveConfiguration.sol" not found: File not found.
  --> sb/ReserveLogic_6.sol:10:1:
   |
10 | import {ReserveConfiguration} from '../configuration/ReserveConfiguration.sol';
   | ^^^^^^^^^^^^^^^^^^^^^^^^^^^^^^^^^^^^^^^^^^^^^^^^^^^^^^^^^^^^^^^^^^^^^^^^^^^^^^^

Error: Source "math/MathUtils.sol" not found: File not found.
  --> sb/ReserveLogic_6.sol:11:1:
   |
11 | import {MathUtils} from '../math/MathUtils.sol';
   | ^^^^^^^^^^^^^^^^^^^^^^^^^^^^^^^^^^^^^^^^^^^^^^^^

Error: Source "math/WadRayMath.sol" not found: File not found.
  --> sb/ReserveLogic_6.sol:12:1:
   |
12 | import {WadRayMath} from '../math/WadRayMath.sol';
   | ^^^^^^^^^^^^^^^^^^^^^^^^^^^^^^^^^^^^^^^^^^^^^^^^^^

Error: Source "math/PercentageMath.sol" not found: File not found.
  --> sb/ReserveLogic_6.sol:13:1:
   |
13 | import {PercentageMath} from '../math/PercentageMath.sol';
   | ^^^^^^^^^^^^^^^^^^^^^^^^^^^^^^^^^^^^^^^^^^^^^^^^^^^^^^^^^^

Error: Source "helpers/Errors.sol" not found: File not found.
  --> sb/ReserveLogic_6.sol:14:1:
   |
14 | import {Errors} from '../helpers/Errors.sol';
   | ^^^^^^^^^^^^^^^^^^^^^^^^^^^^^^^^^^^^^^^^^^^^^

Error: Source "helpers/Helpers.sol" not found: File not found.
  --> sb/ReserveLogic_6.sol:15:1:
   |
15 | import {Helpers} from '../helpers/Helpers.sol';
   | ^^^^^^^^^^^^^^^^^^^^^^^^^^^^^^^^^^^^^^^^^^^^^^^

Error: Source "types/DataTypes.sol" not found: File not found.
  --> sb/ReserveLogic_6.sol:16:1:
   |
16 | import {DataTypes} from '../types/DataTypes.sol';
   | ^^^^^^^^^^^^^^^^^^^^^^^^^^^^^^^^^^^^^^^^^^^^^^^^^


. Solidity failed to generate bytecode for your contract. Check if all the abstract functions are implemented. 
Process Process-1:
Traceback (most recent call last):
  File "/usr/lib/python3.7/multiprocessing/process.py", line 297, in _bootstrap
    self.run()
  File "/usr/lib/python3.7/multiprocessing/process.py", line 99, in run
    self._target(*self._args, **self._kwargs)
  File "/usr/local/lib/python3.7/dist-packages/manticore/ethereum/manticore.py", line 1766, in worker_finalize
    finalizer(q.get_nowait())
  File "/usr/local/lib/python3.7/dist-packages/manticore/ethereum/manticore.py", line 1757, in finalizer
    if only_alive_states and last_tx.result in {"REVERT", "THROW", "TXERROR"}:
AttributeError: 'NoneType' object has no attribute 'result'
2023-07-03 16:05:31,524: [136] m.c.manticore:INFO: Results in /mcore_l3wph896
2023-07-03 16:05:31,525: [136] m.c.manticore:WARNING: Manticore failed to run
2023-07-03 16:05:32,275: [161] m.main:INFO: Registered plugins: IntrospectionAPIPlugin, <class 'manticore.ethereum.plugins.SkipRevertBasicBlocks'>, <class 'manticore.ethereum.plugins.FilterFunctions'>
2023-07-03 16:05:32,276: [161] m.main:INFO: Beginning analysis
2023-07-03 16:05:32,278: [161] m.e.manticore:INFO: Starting symbolic create contract
2023-07-03 16:05:32,297: [161] m.e.manticore:INFO: Failed to build contract not Errors : Invalid solc compilation Error: Source "dependencies/openzeppelin/contracts/IERC20.sol" not found: File not found.
 --> sb/ReserveLogic_6.sol:4:1:
  |
4 | import {IERC20} from '../../../dependencies/openzeppelin/contracts/IERC20.sol';
  | ^^^^^^^^^^^^^^^^^^^^^^^^^^^^^^^^^^^^^^^^^^^^^^^^^^^^^^^^^^^^^^^^^^^^^^^^^^^^^^^

Error: Source "dependencies/openzeppelin/contracts/SafeERC20.sol" not found: File not found.
 --> sb/ReserveLogic_6.sol:5:1:
  |
5 | import {SafeERC20} from '../../../dependencies/openzeppelin/contracts/SafeERC20.sol';
  | ^^^^^^^^^^^^^^^^^^^^^^^^^^^^^^^^^^^^^^^^^^^^^^^^^^^^^^^^^^^^^^^^^^^^^^^^^^^^^^^^^^^^^

Error: Source "interfaces/IAToken.sol" not found: File not found.
 --> sb/ReserveLogic_6.sol:6:1:
  |
6 | import {IAToken} from '../../../interfaces/IAToken.sol';
  | ^^^^^^^^^^^^^^^^^^^^^^^^^^^^^^^^^^^^^^^^^^^^^^^^^^^^^^^^

Error: Source "interfaces/IStableDebtToken.sol" not found: File not found.
 --> sb/ReserveLogic_6.sol:7:1:
  |
7 | import {IStableDebtToken} from '../../../interfaces/IStableDebtToken.sol';
  | ^^^^^^^^^^^^^^^^^^^^^^^^^^^^^^^^^^^^^^^^^^^^^^^^^^^^^^^^^^^^^^^^^^^^^^^^^^

Error: Source "interfaces/IVariableDebtToken.sol" not found: File not found.
 --> sb/ReserveLogic_6.sol:8:1:
  |
8 | import {IVariableDebtToken} from '../../../interfaces/IVariableDebtToken.sol';
  | ^^^^^^^^^^^^^^^^^^^^^^^^^^^^^^^^^^^^^^^^^^^^^^^^^^^^^^^^^^^^^^^^^^^^^^^^^^^^^^

Error: Source "interfaces/IReserveInterestRateStrategy.sol" not found: File not found.
 --> sb/ReserveLogic_6.sol:9:1:
  |
9 | import {IReserveInterestRateStrategy} from '../../../interfaces/IReserveInterestRateStrategy.sol';
  | ^^^^^^^^^^^^^^^^^^^^^^^^^^^^^^^^^^^^^^^^^^^^^^^^^^^^^^^^^^^^^^^^^^^^^^^^^^^^^^^^^^^^^^^^^^^^^^^^^^

Error: Source "configuration/ReserveConfiguration.sol" not found: File not found.
  --> sb/ReserveLogic_6.sol:10:1:
   |
10 | import {ReserveConfiguration} from '../configuration/ReserveConfiguration.sol';
   | ^^^^^^^^^^^^^^^^^^^^^^^^^^^^^^^^^^^^^^^^^^^^^^^^^^^^^^^^^^^^^^^^^^^^^^^^^^^^^^^

Error: Source "math/MathUtils.sol" not found: File not found.
  --> sb/ReserveLogic_6.sol:11:1:
   |
11 | import {MathUtils} from '../math/MathUtils.sol';
   | ^^^^^^^^^^^^^^^^^^^^^^^^^^^^^^^^^^^^^^^^^^^^^^^^

Error: Source "math/WadRayMath.sol" not found: File not found.
  --> sb/ReserveLogic_6.sol:12:1:
   |
12 | import {WadRayMath} from '../math/WadRayMath.sol';
   | ^^^^^^^^^^^^^^^^^^^^^^^^^^^^^^^^^^^^^^^^^^^^^^^^^^

Error: Source "math/PercentageMath.sol" not found: File not found.
  --> sb/ReserveLogic_6.sol:13:1:
   |
13 | import {PercentageMath} from '../math/PercentageMath.sol';
   | ^^^^^^^^^^^^^^^^^^^^^^^^^^^^^^^^^^^^^^^^^^^^^^^^^^^^^^^^^^

Error: Source "helpers/Errors.sol" not found: File not found.
  --> sb/ReserveLogic_6.sol:14:1:
   |
14 | import {Errors} from '../helpers/Errors.sol';
   | ^^^^^^^^^^^^^^^^^^^^^^^^^^^^^^^^^^^^^^^^^^^^^

Error: Source "helpers/Helpers.sol" not found: File not found.
  --> sb/ReserveLogic_6.sol:15:1:
   |
15 | import {Helpers} from '../helpers/Helpers.sol';
   | ^^^^^^^^^^^^^^^^^^^^^^^^^^^^^^^^^^^^^^^^^^^^^^^

Error: Source "types/DataTypes.sol" not found: File not found.
  --> sb/ReserveLogic_6.sol:16:1:
   |
16 | import {DataTypes} from '../types/DataTypes.sol';
   | ^^^^^^^^^^^^^^^^^^^^^^^^^^^^^^^^^^^^^^^^^^^^^^^^^


. Solidity failed to generate bytecode for your contract. Check if all the abstract functions are implemented. 
Process Process-1:
Traceback (most recent call last):
  File "/usr/lib/python3.7/multiprocessing/process.py", line 297, in _bootstrap
    self.run()
  File "/usr/lib/python3.7/multiprocessing/process.py", line 99, in run
    self._target(*self._args, **self._kwargs)
  File "/usr/local/lib/python3.7/dist-packages/manticore/ethereum/manticore.py", line 1766, in worker_finalize
    finalizer(q.get_nowait())
  File "/usr/local/lib/python3.7/dist-packages/manticore/ethereum/manticore.py", line 1757, in finalizer
    if only_alive_states and last_tx.result in {"REVERT", "THROW", "TXERROR"}:
AttributeError: 'NoneType' object has no attribute 'result'
2023-07-03 16:05:32,366: [161] m.c.manticore:INFO: Results in /mcore_jzeg8qiz
2023-07-03 16:05:32,367: [161] m.c.manticore:WARNING: Manticore failed to run
2023-07-03 16:05:32,997: [186] m.main:INFO: Registered plugins: IntrospectionAPIPlugin, <class 'manticore.ethereum.plugins.SkipRevertBasicBlocks'>, <class 'manticore.ethereum.plugins.FilterFunctions'>
2023-07-03 16:05:32,997: [186] m.main:INFO: Beginning analysis
2023-07-03 16:05:33,000: [186] m.e.manticore:INFO: Starting symbolic create contract
2023-07-03 16:05:33,023: [186] m.e.manticore:INFO: Failed to build contract found. Errors : Invalid solc compilation Error: Source "dependencies/openzeppelin/contracts/IERC20.sol" not found: File not found.
 --> sb/ReserveLogic_6.sol:4:1:
  |
4 | import {IERC20} from '../../../dependencies/openzeppelin/contracts/IERC20.sol';
  | ^^^^^^^^^^^^^^^^^^^^^^^^^^^^^^^^^^^^^^^^^^^^^^^^^^^^^^^^^^^^^^^^^^^^^^^^^^^^^^^

Error: Source "dependencies/openzeppelin/contracts/SafeERC20.sol" not found: File not found.
 --> sb/ReserveLogic_6.sol:5:1:
  |
5 | import {SafeERC20} from '../../../dependencies/openzeppelin/contracts/SafeERC20.sol';
  | ^^^^^^^^^^^^^^^^^^^^^^^^^^^^^^^^^^^^^^^^^^^^^^^^^^^^^^^^^^^^^^^^^^^^^^^^^^^^^^^^^^^^^

Error: Source "interfaces/IAToken.sol" not found: File not found.
 --> sb/ReserveLogic_6.sol:6:1:
  |
6 | import {IAToken} from '../../../interfaces/IAToken.sol';
  | ^^^^^^^^^^^^^^^^^^^^^^^^^^^^^^^^^^^^^^^^^^^^^^^^^^^^^^^^

Error: Source "interfaces/IStableDebtToken.sol" not found: File not found.
 --> sb/ReserveLogic_6.sol:7:1:
  |
7 | import {IStableDebtToken} from '../../../interfaces/IStableDebtToken.sol';
  | ^^^^^^^^^^^^^^^^^^^^^^^^^^^^^^^^^^^^^^^^^^^^^^^^^^^^^^^^^^^^^^^^^^^^^^^^^^

Error: Source "interfaces/IVariableDebtToken.sol" not found: File not found.
 --> sb/ReserveLogic_6.sol:8:1:
  |
8 | import {IVariableDebtToken} from '../../../interfaces/IVariableDebtToken.sol';
  | ^^^^^^^^^^^^^^^^^^^^^^^^^^^^^^^^^^^^^^^^^^^^^^^^^^^^^^^^^^^^^^^^^^^^^^^^^^^^^^

Error: Source "interfaces/IReserveInterestRateStrategy.sol" not found: File not found.
 --> sb/ReserveLogic_6.sol:9:1:
  |
9 | import {IReserveInterestRateStrategy} from '../../../interfaces/IReserveInterestRateStrategy.sol';
  | ^^^^^^^^^^^^^^^^^^^^^^^^^^^^^^^^^^^^^^^^^^^^^^^^^^^^^^^^^^^^^^^^^^^^^^^^^^^^^^^^^^^^^^^^^^^^^^^^^^

Error: Source "configuration/ReserveConfiguration.sol" not found: File not found.
  --> sb/ReserveLogic_6.sol:10:1:
   |
10 | import {ReserveConfiguration} from '../configuration/ReserveConfiguration.sol';
   | ^^^^^^^^^^^^^^^^^^^^^^^^^^^^^^^^^^^^^^^^^^^^^^^^^^^^^^^^^^^^^^^^^^^^^^^^^^^^^^^

Error: Source "math/MathUtils.sol" not found: File not found.
  --> sb/ReserveLogic_6.sol:11:1:
   |
11 | import {MathUtils} from '../math/MathUtils.sol';
   | ^^^^^^^^^^^^^^^^^^^^^^^^^^^^^^^^^^^^^^^^^^^^^^^^

Error: Source "math/WadRayMath.sol" not found: File not found.
  --> sb/ReserveLogic_6.sol:12:1:
   |
12 | import {WadRayMath} from '../math/WadRayMath.sol';
   | ^^^^^^^^^^^^^^^^^^^^^^^^^^^^^^^^^^^^^^^^^^^^^^^^^^

Error: Source "math/PercentageMath.sol" not found: File not found.
  --> sb/ReserveLogic_6.sol:13:1:
   |
13 | import {PercentageMath} from '../math/PercentageMath.sol';
   | ^^^^^^^^^^^^^^^^^^^^^^^^^^^^^^^^^^^^^^^^^^^^^^^^^^^^^^^^^^

Error: Source "helpers/Errors.sol" not found: File not found.
  --> sb/ReserveLogic_6.sol:14:1:
   |
14 | import {Errors} from '../helpers/Errors.sol';
   | ^^^^^^^^^^^^^^^^^^^^^^^^^^^^^^^^^^^^^^^^^^^^^

Error: Source "helpers/Helpers.sol" not found: File not found.
  --> sb/ReserveLogic_6.sol:15:1:
   |
15 | import {Helpers} from '../helpers/Helpers.sol';
   | ^^^^^^^^^^^^^^^^^^^^^^^^^^^^^^^^^^^^^^^^^^^^^^^

Error: Source "types/DataTypes.sol" not found: File not found.
  --> sb/ReserveLogic_6.sol:16:1:
   |
16 | import {DataTypes} from '../types/DataTypes.sol';
   | ^^^^^^^^^^^^^^^^^^^^^^^^^^^^^^^^^^^^^^^^^^^^^^^^^


. Solidity failed to generate bytecode for your contract. Check if all the abstract functions are implemented. 
Process Process-1:
Traceback (most recent call last):
  File "/usr/lib/python3.7/multiprocessing/process.py", line 297, in _bootstrap
    self.run()
  File "/usr/lib/python3.7/multiprocessing/process.py", line 99, in run
    self._target(*self._args, **self._kwargs)
  File "/usr/local/lib/python3.7/dist-packages/manticore/ethereum/manticore.py", line 1766, in worker_finalize
    finalizer(q.get_nowait())
  File "/usr/local/lib/python3.7/dist-packages/manticore/ethereum/manticore.py", line 1757, in finalizer
    if only_alive_states and last_tx.result in {"REVERT", "THROW", "TXERROR"}:
AttributeError: 'NoneType' object has no attribute 'result'
2023-07-03 16:05:33,112: [186] m.c.manticore:INFO: Results in /mcore_2hevbl6v
2023-07-03 16:05:33,113: [186] m.c.manticore:WARNING: Manticore failed to run
usage: manticore [-h] [--compile-force-framework COMPILE_FORCE_FRAMEWORK]
                 [--compile-remove-metadata]
                 [--compile-custom-build COMPILE_CUSTOM_BUILD]
                 [--ignore-compile] [--solc SOLC] [--solc-remaps SOLC_REMAPS]
                 [--solc-args SOLC_ARGS] [--solc-disable-warnings]
                 [--solc-working-dir SOLC_WORKING_DIR]
                 [--solc-solcs-select SOLC_SOLCS_SELECT]
                 [--solc-solcs-bin SOLC_SOLCS_BIN] [--solc-standard-json]
                 [--solc-force-legacy-json] [--truffle-ignore-compile]
                 [--truffle-build-directory TRUFFLE_BUILD_DIRECTORY]
                 [--truffle-version TRUFFLE_VERSION]
                 [--truffle-overwrite-config]
                 [--truffle-overwrite-version TRUFFLE_OVERWRITE_VERSION]
                 [--embark-ignore-compile] [--embark-overwrite-config]
                 [--dapp-ignore-compile] [--etherlime-ignore-compile]
                 [--etherlime-compile-arguments]
                 [--etherscan-only-source-code] [--etherscan-only-bytecode]
                 [--etherscan-apikey ETHERSCAN_API_KEY]
                 [--arbiscan-apikey ARBISCAN_API_KEY]
                 [--polygonscan-apikey POLYGONSCAN_API_KEY]
                 [--avax-apikey AVAX_API_KEY]
                 [--ftmscan-apikey FTMSCAN_API_KEY]
                 [--bscan-apikey BSCAN_API_KEY]
                 [--etherscan-export-directory ETHERSCAN_EXPORT_DIR]
                 [--waffle-ignore-compile]
                 [--waffle-config-file WAFFLE_CONFIG_FILE] [--npx-disable]
                 [--buidler-ignore-compile]
                 [--buidler-cache-directory BUIDLER_CACHE_DIRECTORY]
                 [--buidler-skip-directory-name-fix]
                 [--hardhat-ignore-compile]
                 [--hardhat-cache-directory HARDHAT_CACHE_DIRECTORY]
                 [--hardhat-artifacts-directory HARDHAT_ARTIFACTS_DIRECTORY]
                 [--coverage COVERAGE] [--no-colors] [--policy POLICY] [-v]
                 [--workspace WORKSPACE] [--version] [--config CONFIG]
                 [--entrysymbol ENTRYSYMBOL] [--data DATA] [--file FILES]
                 [--env ENV] [--pure-symbolic] [--verbose-trace]
                 [--txlimit TXLIMIT] [--txnocoverage] [--txnoether]
                 [--txaccount TXACCOUNT] [--txpreconstrain]
                 [--contract CONTRACT] [--list-detectors]
                 [--exclude DETECTORS_TO_EXCLUDE] [--exclude-all]
                 [--avoid-constant] [--limit-loops] [--no-testcases]
                 [--only-alive-testcases] [--thorough-mode]
                 [--core.compress_states CORE.COMPRESS_STATES]
                 [--core.execs_per_intermittent_cb CORE.EXECS_PER_INTERMITTENT_CB]
                 [--core.HOST CORE.HOST] [--core.PORT CORE.PORT]
                 [--core.fast_fail CORE.FAST_FAIL]
                 [--core.timeout CORE.TIMEOUT] [--core.cluster CORE.CLUSTER]
                 [--core.procs CORE.PROCS]
                 [--core.mprocessing CORE.MPROCESSING] [--core.seed CORE.SEED]
                 [--smt.timeout SMT.TIMEOUT] [--smt.memory SMT.MEMORY]
                 [--smt.maxsolutions SMT.MAXSOLUTIONS]
                 [--smt.z3_bin SMT.Z3_BIN] [--smt.cvc4_bin SMT.CVC4_BIN]
                 [--smt.yices_bin SMT.YICES_BIN]
                 [--smt.boolector_bin SMT.BOOLECTOR_BIN]
                 [--smt.defaultunsat SMT.DEFAULTUNSAT]
                 [--smt.optimize SMT.OPTIMIZE] [--smt.solver SMT.SOLVER]
                 [--workspace.prefix WORKSPACE.PREFIX]
                 [--workspace.dir WORKSPACE.DIR] [--evm.oog EVM.OOG]
                 [--evm.txfail EVM.TXFAIL]
                 [--evm.calldata_max_offset EVM.CALLDATA_MAX_OFFSET]
                 [--evm.calldata_max_size EVM.CALLDATA_MAX_SIZE]
                 [--evm.ignore_balance EVM.IGNORE_BALANCE]
                 [--evm.defaultgas EVM.DEFAULTGAS] [--evm.sha3 EVM.SHA3]
                 [--evm.sha3timeout EVM.SHA3TIMEOUT] [--evm.events EVM.EVENTS]
                 [--cli.profile CLI.PROFILE]
                 [--cli.explore_balance CLI.EXPLORE_BALANCE]
                 [--cli.skip_reverts CLI.SKIP_REVERTS]
                 [--cli.target_func CLI.TARGET_FUNC]
                 [--wasm.decode_names WASM.DECODE_NAMES]
                 [--main.recursionlimit MAIN.RECURSIONLIMIT]
                 [--native.fast_crash NATIVE.FAST_CRASH]
                 [--native.stdin_size NATIVE.STDIN_SIZE]
                 [argv [argv ...]]
manticore: error: argument --contract: expected one argument
mv: cannot stat '/mcore_*': No such file or directory
2023-07-03 16:05:34,462: [215] m.main:INFO: Registered plugins: IntrospectionAPIPlugin, <class 'manticore.ethereum.plugins.SkipRevertBasicBlocks'>, <class 'manticore.ethereum.plugins.FilterFunctions'>
2023-07-03 16:05:34,462: [215] m.main:INFO: Beginning analysis
2023-07-03 16:05:34,465: [215] m.e.manticore:INFO: Starting symbolic create contract
2023-07-03 16:05:34,484: [215] m.e.manticore:INFO: Failed to build contract /sb/ReserveLogic_6.sol:4:1: Errors : Invalid solc compilation Error: Source "dependencies/openzeppelin/contracts/IERC20.sol" not found: File not found.
 --> sb/ReserveLogic_6.sol:4:1:
  |
4 | import {IERC20} from '../../../dependencies/openzeppelin/contracts/IERC20.sol';
  | ^^^^^^^^^^^^^^^^^^^^^^^^^^^^^^^^^^^^^^^^^^^^^^^^^^^^^^^^^^^^^^^^^^^^^^^^^^^^^^^

Error: Source "dependencies/openzeppelin/contracts/SafeERC20.sol" not found: File not found.
 --> sb/ReserveLogic_6.sol:5:1:
  |
5 | import {SafeERC20} from '../../../dependencies/openzeppelin/contracts/SafeERC20.sol';
  | ^^^^^^^^^^^^^^^^^^^^^^^^^^^^^^^^^^^^^^^^^^^^^^^^^^^^^^^^^^^^^^^^^^^^^^^^^^^^^^^^^^^^^

Error: Source "interfaces/IAToken.sol" not found: File not found.
 --> sb/ReserveLogic_6.sol:6:1:
  |
6 | import {IAToken} from '../../../interfaces/IAToken.sol';
  | ^^^^^^^^^^^^^^^^^^^^^^^^^^^^^^^^^^^^^^^^^^^^^^^^^^^^^^^^

Error: Source "interfaces/IStableDebtToken.sol" not found: File not found.
 --> sb/ReserveLogic_6.sol:7:1:
  |
7 | import {IStableDebtToken} from '../../../interfaces/IStableDebtToken.sol';
  | ^^^^^^^^^^^^^^^^^^^^^^^^^^^^^^^^^^^^^^^^^^^^^^^^^^^^^^^^^^^^^^^^^^^^^^^^^^

Error: Source "interfaces/IVariableDebtToken.sol" not found: File not found.
 --> sb/ReserveLogic_6.sol:8:1:
  |
8 | import {IVariableDebtToken} from '../../../interfaces/IVariableDebtToken.sol';
  | ^^^^^^^^^^^^^^^^^^^^^^^^^^^^^^^^^^^^^^^^^^^^^^^^^^^^^^^^^^^^^^^^^^^^^^^^^^^^^^

Error: Source "interfaces/IReserveInterestRateStrategy.sol" not found: File not found.
 --> sb/ReserveLogic_6.sol:9:1:
  |
9 | import {IReserveInterestRateStrategy} from '../../../interfaces/IReserveInterestRateStrategy.sol';
  | ^^^^^^^^^^^^^^^^^^^^^^^^^^^^^^^^^^^^^^^^^^^^^^^^^^^^^^^^^^^^^^^^^^^^^^^^^^^^^^^^^^^^^^^^^^^^^^^^^^

Error: Source "configuration/ReserveConfiguration.sol" not found: File not found.
  --> sb/ReserveLogic_6.sol:10:1:
   |
10 | import {ReserveConfiguration} from '../configuration/ReserveConfiguration.sol';
   | ^^^^^^^^^^^^^^^^^^^^^^^^^^^^^^^^^^^^^^^^^^^^^^^^^^^^^^^^^^^^^^^^^^^^^^^^^^^^^^^

Error: Source "math/MathUtils.sol" not found: File not found.
  --> sb/ReserveLogic_6.sol:11:1:
   |
11 | import {MathUtils} from '../math/MathUtils.sol';
   | ^^^^^^^^^^^^^^^^^^^^^^^^^^^^^^^^^^^^^^^^^^^^^^^^

Error: Source "math/WadRayMath.sol" not found: File not found.
  --> sb/ReserveLogic_6.sol:12:1:
   |
12 | import {WadRayMath} from '../math/WadRayMath.sol';
   | ^^^^^^^^^^^^^^^^^^^^^^^^^^^^^^^^^^^^^^^^^^^^^^^^^^

Error: Source "math/PercentageMath.sol" not found: File not found.
  --> sb/ReserveLogic_6.sol:13:1:
   |
13 | import {PercentageMath} from '../math/PercentageMath.sol';
   | ^^^^^^^^^^^^^^^^^^^^^^^^^^^^^^^^^^^^^^^^^^^^^^^^^^^^^^^^^^

Error: Source "helpers/Errors.sol" not found: File not found.
  --> sb/ReserveLogic_6.sol:14:1:
   |
14 | import {Errors} from '../helpers/Errors.sol';
   | ^^^^^^^^^^^^^^^^^^^^^^^^^^^^^^^^^^^^^^^^^^^^^

Error: Source "helpers/Helpers.sol" not found: File not found.
  --> sb/ReserveLogic_6.sol:15:1:
   |
15 | import {Helpers} from '../helpers/Helpers.sol';
   | ^^^^^^^^^^^^^^^^^^^^^^^^^^^^^^^^^^^^^^^^^^^^^^^

Error: Source "types/DataTypes.sol" not found: File not found.
  --> sb/ReserveLogic_6.sol:16:1:
   |
16 | import {DataTypes} from '../types/DataTypes.sol';
   | ^^^^^^^^^^^^^^^^^^^^^^^^^^^^^^^^^^^^^^^^^^^^^^^^^


. Solidity failed to generate bytecode for your contract. Check if all the abstract functions are implemented. 
Process Process-1:
Traceback (most recent call last):
  File "/usr/lib/python3.7/multiprocessing/process.py", line 297, in _bootstrap
    self.run()
  File "/usr/lib/python3.7/multiprocessing/process.py", line 99, in run
    self._target(*self._args, **self._kwargs)
  File "/usr/local/lib/python3.7/dist-packages/manticore/ethereum/manticore.py", line 1766, in worker_finalize
    finalizer(q.get_nowait())
  File "/usr/local/lib/python3.7/dist-packages/manticore/ethereum/manticore.py", line 1757, in finalizer
    if only_alive_states and last_tx.result in {"REVERT", "THROW", "TXERROR"}:
AttributeError: 'NoneType' object has no attribute 'result'
2023-07-03 16:05:34,574: [215] m.c.manticore:INFO: Results in /mcore_n5kb90b5
2023-07-03 16:05:34,575: [215] m.c.manticore:WARNING: Manticore failed to run
2023-07-03 16:05:35,289: [240] m.main:INFO: Registered plugins: IntrospectionAPIPlugin, <class 'manticore.ethereum.plugins.SkipRevertBasicBlocks'>, <class 'manticore.ethereum.plugins.FilterFunctions'>
2023-07-03 16:05:35,289: [240] m.main:INFO: Beginning analysis
2023-07-03 16:05:35,291: [240] m.e.manticore:INFO: Starting symbolic create contract
2023-07-03 16:05:35,310: [240] m.e.manticore:INFO: Failed to build contract | Errors : Invalid solc compilation Error: Source "dependencies/openzeppelin/contracts/IERC20.sol" not found: File not found.
 --> sb/ReserveLogic_6.sol:4:1:
  |
4 | import {IERC20} from '../../../dependencies/openzeppelin/contracts/IERC20.sol';
  | ^^^^^^^^^^^^^^^^^^^^^^^^^^^^^^^^^^^^^^^^^^^^^^^^^^^^^^^^^^^^^^^^^^^^^^^^^^^^^^^

Error: Source "dependencies/openzeppelin/contracts/SafeERC20.sol" not found: File not found.
 --> sb/ReserveLogic_6.sol:5:1:
  |
5 | import {SafeERC20} from '../../../dependencies/openzeppelin/contracts/SafeERC20.sol';
  | ^^^^^^^^^^^^^^^^^^^^^^^^^^^^^^^^^^^^^^^^^^^^^^^^^^^^^^^^^^^^^^^^^^^^^^^^^^^^^^^^^^^^^

Error: Source "interfaces/IAToken.sol" not found: File not found.
 --> sb/ReserveLogic_6.sol:6:1:
  |
6 | import {IAToken} from '../../../interfaces/IAToken.sol';
  | ^^^^^^^^^^^^^^^^^^^^^^^^^^^^^^^^^^^^^^^^^^^^^^^^^^^^^^^^

Error: Source "interfaces/IStableDebtToken.sol" not found: File not found.
 --> sb/ReserveLogic_6.sol:7:1:
  |
7 | import {IStableDebtToken} from '../../../interfaces/IStableDebtToken.sol';
  | ^^^^^^^^^^^^^^^^^^^^^^^^^^^^^^^^^^^^^^^^^^^^^^^^^^^^^^^^^^^^^^^^^^^^^^^^^^

Error: Source "interfaces/IVariableDebtToken.sol" not found: File not found.
 --> sb/ReserveLogic_6.sol:8:1:
  |
8 | import {IVariableDebtToken} from '../../../interfaces/IVariableDebtToken.sol';
  | ^^^^^^^^^^^^^^^^^^^^^^^^^^^^^^^^^^^^^^^^^^^^^^^^^^^^^^^^^^^^^^^^^^^^^^^^^^^^^^

Error: Source "interfaces/IReserveInterestRateStrategy.sol" not found: File not found.
 --> sb/ReserveLogic_6.sol:9:1:
  |
9 | import {IReserveInterestRateStrategy} from '../../../interfaces/IReserveInterestRateStrategy.sol';
  | ^^^^^^^^^^^^^^^^^^^^^^^^^^^^^^^^^^^^^^^^^^^^^^^^^^^^^^^^^^^^^^^^^^^^^^^^^^^^^^^^^^^^^^^^^^^^^^^^^^

Error: Source "configuration/ReserveConfiguration.sol" not found: File not found.
  --> sb/ReserveLogic_6.sol:10:1:
   |
10 | import {ReserveConfiguration} from '../configuration/ReserveConfiguration.sol';
   | ^^^^^^^^^^^^^^^^^^^^^^^^^^^^^^^^^^^^^^^^^^^^^^^^^^^^^^^^^^^^^^^^^^^^^^^^^^^^^^^

Error: Source "math/MathUtils.sol" not found: File not found.
  --> sb/ReserveLogic_6.sol:11:1:
   |
11 | import {MathUtils} from '../math/MathUtils.sol';
   | ^^^^^^^^^^^^^^^^^^^^^^^^^^^^^^^^^^^^^^^^^^^^^^^^

Error: Source "math/WadRayMath.sol" not found: File not found.
  --> sb/ReserveLogic_6.sol:12:1:
   |
12 | import {WadRayMath} from '../math/WadRayMath.sol';
   | ^^^^^^^^^^^^^^^^^^^^^^^^^^^^^^^^^^^^^^^^^^^^^^^^^^

Error: Source "math/PercentageMath.sol" not found: File not found.
  --> sb/ReserveLogic_6.sol:13:1:
   |
13 | import {PercentageMath} from '../math/PercentageMath.sol';
   | ^^^^^^^^^^^^^^^^^^^^^^^^^^^^^^^^^^^^^^^^^^^^^^^^^^^^^^^^^^

Error: Source "helpers/Errors.sol" not found: File not found.
  --> sb/ReserveLogic_6.sol:14:1:
   |
14 | import {Errors} from '../helpers/Errors.sol';
   | ^^^^^^^^^^^^^^^^^^^^^^^^^^^^^^^^^^^^^^^^^^^^^

Error: Source "helpers/Helpers.sol" not found: File not found.
  --> sb/ReserveLogic_6.sol:15:1:
   |
15 | import {Helpers} from '../helpers/Helpers.sol';
   | ^^^^^^^^^^^^^^^^^^^^^^^^^^^^^^^^^^^^^^^^^^^^^^^

Error: Source "types/DataTypes.sol" not found: File not found.
  --> sb/ReserveLogic_6.sol:16:1:
   |
16 | import {DataTypes} from '../types/DataTypes.sol';
   | ^^^^^^^^^^^^^^^^^^^^^^^^^^^^^^^^^^^^^^^^^^^^^^^^^


. Solidity failed to generate bytecode for your contract. Check if all the abstract functions are implemented. 
Process Process-1:
Traceback (most recent call last):
  File "/usr/lib/python3.7/multiprocessing/process.py", line 297, in _bootstrap
    self.run()
  File "/usr/lib/python3.7/multiprocessing/process.py", line 99, in run
    self._target(*self._args, **self._kwargs)
  File "/usr/local/lib/python3.7/dist-packages/manticore/ethereum/manticore.py", line 1766, in worker_finalize
    finalizer(q.get_nowait())
  File "/usr/local/lib/python3.7/dist-packages/manticore/ethereum/manticore.py", line 1757, in finalizer
    if only_alive_states and last_tx.result in {"REVERT", "THROW", "TXERROR"}:
AttributeError: 'NoneType' object has no attribute 'result'
2023-07-03 16:05:35,396: [240] m.c.manticore:INFO: Results in /mcore_0wsoa059
2023-07-03 16:05:35,397: [240] m.c.manticore:WARNING: Manticore failed to run
2023-07-03 16:05:36,142: [265] m.main:INFO: Registered plugins: IntrospectionAPIPlugin, <class 'manticore.ethereum.plugins.SkipRevertBasicBlocks'>, <class 'manticore.ethereum.plugins.FilterFunctions'>
2023-07-03 16:05:36,143: [265] m.main:INFO: Beginning analysis
2023-07-03 16:05:36,145: [265] m.e.manticore:INFO: Starting symbolic create contract
2023-07-03 16:05:36,177: [265] m.e.manticore:INFO: Failed to build contract 4 Errors : Invalid solc compilation Error: Source "dependencies/openzeppelin/contracts/IERC20.sol" not found: File not found.
 --> sb/ReserveLogic_6.sol:4:1:
  |
4 | import {IERC20} from '../../../dependencies/openzeppelin/contracts/IERC20.sol';
  | ^^^^^^^^^^^^^^^^^^^^^^^^^^^^^^^^^^^^^^^^^^^^^^^^^^^^^^^^^^^^^^^^^^^^^^^^^^^^^^^

Error: Source "dependencies/openzeppelin/contracts/SafeERC20.sol" not found: File not found.
 --> sb/ReserveLogic_6.sol:5:1:
  |
5 | import {SafeERC20} from '../../../dependencies/openzeppelin/contracts/SafeERC20.sol';
  | ^^^^^^^^^^^^^^^^^^^^^^^^^^^^^^^^^^^^^^^^^^^^^^^^^^^^^^^^^^^^^^^^^^^^^^^^^^^^^^^^^^^^^

Error: Source "interfaces/IAToken.sol" not found: File not found.
 --> sb/ReserveLogic_6.sol:6:1:
  |
6 | import {IAToken} from '../../../interfaces/IAToken.sol';
  | ^^^^^^^^^^^^^^^^^^^^^^^^^^^^^^^^^^^^^^^^^^^^^^^^^^^^^^^^

Error: Source "interfaces/IStableDebtToken.sol" not found: File not found.
 --> sb/ReserveLogic_6.sol:7:1:
  |
7 | import {IStableDebtToken} from '../../../interfaces/IStableDebtToken.sol';
  | ^^^^^^^^^^^^^^^^^^^^^^^^^^^^^^^^^^^^^^^^^^^^^^^^^^^^^^^^^^^^^^^^^^^^^^^^^^

Error: Source "interfaces/IVariableDebtToken.sol" not found: File not found.
 --> sb/ReserveLogic_6.sol:8:1:
  |
8 | import {IVariableDebtToken} from '../../../interfaces/IVariableDebtToken.sol';
  | ^^^^^^^^^^^^^^^^^^^^^^^^^^^^^^^^^^^^^^^^^^^^^^^^^^^^^^^^^^^^^^^^^^^^^^^^^^^^^^

Error: Source "interfaces/IReserveInterestRateStrategy.sol" not found: File not found.
 --> sb/ReserveLogic_6.sol:9:1:
  |
9 | import {IReserveInterestRateStrategy} from '../../../interfaces/IReserveInterestRateStrategy.sol';
  | ^^^^^^^^^^^^^^^^^^^^^^^^^^^^^^^^^^^^^^^^^^^^^^^^^^^^^^^^^^^^^^^^^^^^^^^^^^^^^^^^^^^^^^^^^^^^^^^^^^

Error: Source "configuration/ReserveConfiguration.sol" not found: File not found.
  --> sb/ReserveLogic_6.sol:10:1:
   |
10 | import {ReserveConfiguration} from '../configuration/ReserveConfiguration.sol';
   | ^^^^^^^^^^^^^^^^^^^^^^^^^^^^^^^^^^^^^^^^^^^^^^^^^^^^^^^^^^^^^^^^^^^^^^^^^^^^^^^

Error: Source "math/MathUtils.sol" not found: File not found.
  --> sb/ReserveLogic_6.sol:11:1:
   |
11 | import {MathUtils} from '../math/MathUtils.sol';
   | ^^^^^^^^^^^^^^^^^^^^^^^^^^^^^^^^^^^^^^^^^^^^^^^^

Error: Source "math/WadRayMath.sol" not found: File not found.
  --> sb/ReserveLogic_6.sol:12:1:
   |
12 | import {WadRayMath} from '../math/WadRayMath.sol';
   | ^^^^^^^^^^^^^^^^^^^^^^^^^^^^^^^^^^^^^^^^^^^^^^^^^^

Error: Source "math/PercentageMath.sol" not found: File not found.
  --> sb/ReserveLogic_6.sol:13:1:
   |
13 | import {PercentageMath} from '../math/PercentageMath.sol';
   | ^^^^^^^^^^^^^^^^^^^^^^^^^^^^^^^^^^^^^^^^^^^^^^^^^^^^^^^^^^

Error: Source "helpers/Errors.sol" not found: File not found.
  --> sb/ReserveLogic_6.sol:14:1:
   |
14 | import {Errors} from '../helpers/Errors.sol';
   | ^^^^^^^^^^^^^^^^^^^^^^^^^^^^^^^^^^^^^^^^^^^^^

Error: Source "helpers/Helpers.sol" not found: File not found.
  --> sb/ReserveLogic_6.sol:15:1:
   |
15 | import {Helpers} from '../helpers/Helpers.sol';
   | ^^^^^^^^^^^^^^^^^^^^^^^^^^^^^^^^^^^^^^^^^^^^^^^

Error: Source "types/DataTypes.sol" not found: File not found.
  --> sb/ReserveLogic_6.sol:16:1:
   |
16 | import {DataTypes} from '../types/DataTypes.sol';
   | ^^^^^^^^^^^^^^^^^^^^^^^^^^^^^^^^^^^^^^^^^^^^^^^^^


. Solidity failed to generate bytecode for your contract. Check if all the abstract functions are implemented. 
Process Process-1:
Traceback (most recent call last):
  File "/usr/lib/python3.7/multiprocessing/process.py", line 297, in _bootstrap
    self.run()
  File "/usr/lib/python3.7/multiprocessing/process.py", line 99, in run
    self._target(*self._args, **self._kwargs)
  File "/usr/local/lib/python3.7/dist-packages/manticore/ethereum/manticore.py", line 1766, in worker_finalize
    finalizer(q.get_nowait())
  File "/usr/local/lib/python3.7/dist-packages/manticore/ethereum/manticore.py", line 1757, in finalizer
    if only_alive_states and last_tx.result in {"REVERT", "THROW", "TXERROR"}:
AttributeError: 'NoneType' object has no attribute 'result'
2023-07-03 16:05:36,253: [265] m.c.manticore:INFO: Results in /mcore_t3j2hizc
2023-07-03 16:05:36,254: [265] m.c.manticore:WARNING: Manticore failed to run
2023-07-03 16:05:37,085: [290] m.main:INFO: Registered plugins: IntrospectionAPIPlugin, <class 'manticore.ethereum.plugins.SkipRevertBasicBlocks'>, <class 'manticore.ethereum.plugins.FilterFunctions'>
2023-07-03 16:05:37,085: [290] m.main:INFO: Beginning analysis
2023-07-03 16:05:37,089: [290] m.e.manticore:INFO: Starting symbolic create contract
2023-07-03 16:05:37,118: [290] m.e.manticore:INFO: Failed to build contract | Errors : Invalid solc compilation Error: Source "dependencies/openzeppelin/contracts/IERC20.sol" not found: File not found.
 --> sb/ReserveLogic_6.sol:4:1:
  |
4 | import {IERC20} from '../../../dependencies/openzeppelin/contracts/IERC20.sol';
  | ^^^^^^^^^^^^^^^^^^^^^^^^^^^^^^^^^^^^^^^^^^^^^^^^^^^^^^^^^^^^^^^^^^^^^^^^^^^^^^^

Error: Source "dependencies/openzeppelin/contracts/SafeERC20.sol" not found: File not found.
 --> sb/ReserveLogic_6.sol:5:1:
  |
5 | import {SafeERC20} from '../../../dependencies/openzeppelin/contracts/SafeERC20.sol';
  | ^^^^^^^^^^^^^^^^^^^^^^^^^^^^^^^^^^^^^^^^^^^^^^^^^^^^^^^^^^^^^^^^^^^^^^^^^^^^^^^^^^^^^

Error: Source "interfaces/IAToken.sol" not found: File not found.
 --> sb/ReserveLogic_6.sol:6:1:
  |
6 | import {IAToken} from '../../../interfaces/IAToken.sol';
  | ^^^^^^^^^^^^^^^^^^^^^^^^^^^^^^^^^^^^^^^^^^^^^^^^^^^^^^^^

Error: Source "interfaces/IStableDebtToken.sol" not found: File not found.
 --> sb/ReserveLogic_6.sol:7:1:
  |
7 | import {IStableDebtToken} from '../../../interfaces/IStableDebtToken.sol';
  | ^^^^^^^^^^^^^^^^^^^^^^^^^^^^^^^^^^^^^^^^^^^^^^^^^^^^^^^^^^^^^^^^^^^^^^^^^^

Error: Source "interfaces/IVariableDebtToken.sol" not found: File not found.
 --> sb/ReserveLogic_6.sol:8:1:
  |
8 | import {IVariableDebtToken} from '../../../interfaces/IVariableDebtToken.sol';
  | ^^^^^^^^^^^^^^^^^^^^^^^^^^^^^^^^^^^^^^^^^^^^^^^^^^^^^^^^^^^^^^^^^^^^^^^^^^^^^^

Error: Source "interfaces/IReserveInterestRateStrategy.sol" not found: File not found.
 --> sb/ReserveLogic_6.sol:9:1:
  |
9 | import {IReserveInterestRateStrategy} from '../../../interfaces/IReserveInterestRateStrategy.sol';
  | ^^^^^^^^^^^^^^^^^^^^^^^^^^^^^^^^^^^^^^^^^^^^^^^^^^^^^^^^^^^^^^^^^^^^^^^^^^^^^^^^^^^^^^^^^^^^^^^^^^

Error: Source "configuration/ReserveConfiguration.sol" not found: File not found.
  --> sb/ReserveLogic_6.sol:10:1:
   |
10 | import {ReserveConfiguration} from '../configuration/ReserveConfiguration.sol';
   | ^^^^^^^^^^^^^^^^^^^^^^^^^^^^^^^^^^^^^^^^^^^^^^^^^^^^^^^^^^^^^^^^^^^^^^^^^^^^^^^

Error: Source "math/MathUtils.sol" not found: File not found.
  --> sb/ReserveLogic_6.sol:11:1:
   |
11 | import {MathUtils} from '../math/MathUtils.sol';
   | ^^^^^^^^^^^^^^^^^^^^^^^^^^^^^^^^^^^^^^^^^^^^^^^^

Error: Source "math/WadRayMath.sol" not found: File not found.
  --> sb/ReserveLogic_6.sol:12:1:
   |
12 | import {WadRayMath} from '../math/WadRayMath.sol';
   | ^^^^^^^^^^^^^^^^^^^^^^^^^^^^^^^^^^^^^^^^^^^^^^^^^^

Error: Source "math/PercentageMath.sol" not found: File not found.
  --> sb/ReserveLogic_6.sol:13:1:
   |
13 | import {PercentageMath} from '../math/PercentageMath.sol';
   | ^^^^^^^^^^^^^^^^^^^^^^^^^^^^^^^^^^^^^^^^^^^^^^^^^^^^^^^^^^

Error: Source "helpers/Errors.sol" not found: File not found.
  --> sb/ReserveLogic_6.sol:14:1:
   |
14 | import {Errors} from '../helpers/Errors.sol';
   | ^^^^^^^^^^^^^^^^^^^^^^^^^^^^^^^^^^^^^^^^^^^^^

Error: Source "helpers/Helpers.sol" not found: File not found.
  --> sb/ReserveLogic_6.sol:15:1:
   |
15 | import {Helpers} from '../helpers/Helpers.sol';
   | ^^^^^^^^^^^^^^^^^^^^^^^^^^^^^^^^^^^^^^^^^^^^^^^

Error: Source "types/DataTypes.sol" not found: File not found.
  --> sb/ReserveLogic_6.sol:16:1:
   |
16 | import {DataTypes} from '../types/DataTypes.sol';
   | ^^^^^^^^^^^^^^^^^^^^^^^^^^^^^^^^^^^^^^^^^^^^^^^^^


. Solidity failed to generate bytecode for your contract. Check if all the abstract functions are implemented. 
Process Process-1:
Traceback (most recent call last):
  File "/usr/lib/python3.7/multiprocessing/process.py", line 297, in _bootstrap
    self.run()
  File "/usr/lib/python3.7/multiprocessing/process.py", line 99, in run
    self._target(*self._args, **self._kwargs)
  File "/usr/local/lib/python3.7/dist-packages/manticore/ethereum/manticore.py", line 1766, in worker_finalize
    finalizer(q.get_nowait())
  File "/usr/local/lib/python3.7/dist-packages/manticore/ethereum/manticore.py", line 1757, in finalizer
    if only_alive_states and last_tx.result in {"REVERT", "THROW", "TXERROR"}:
AttributeError: 'NoneType' object has no attribute 'result'
2023-07-03 16:05:37,183: [290] m.c.manticore:INFO: Results in /mcore_34u5ogcq
2023-07-03 16:05:37,184: [290] m.c.manticore:WARNING: Manticore failed to run
2023-07-03 16:05:37,803: [315] m.main:INFO: Registered plugins: IntrospectionAPIPlugin, <class 'manticore.ethereum.plugins.SkipRevertBasicBlocks'>, <class 'manticore.ethereum.plugins.FilterFunctions'>
2023-07-03 16:05:37,804: [315] m.main:INFO: Beginning analysis
2023-07-03 16:05:37,805: [315] m.e.manticore:INFO: Starting symbolic create contract
2023-07-03 16:05:37,824: [315] m.e.manticore:INFO: Failed to build contract import Errors : Invalid solc compilation Error: Source "dependencies/openzeppelin/contracts/IERC20.sol" not found: File not found.
 --> sb/ReserveLogic_6.sol:4:1:
  |
4 | import {IERC20} from '../../../dependencies/openzeppelin/contracts/IERC20.sol';
  | ^^^^^^^^^^^^^^^^^^^^^^^^^^^^^^^^^^^^^^^^^^^^^^^^^^^^^^^^^^^^^^^^^^^^^^^^^^^^^^^

Error: Source "dependencies/openzeppelin/contracts/SafeERC20.sol" not found: File not found.
 --> sb/ReserveLogic_6.sol:5:1:
  |
5 | import {SafeERC20} from '../../../dependencies/openzeppelin/contracts/SafeERC20.sol';
  | ^^^^^^^^^^^^^^^^^^^^^^^^^^^^^^^^^^^^^^^^^^^^^^^^^^^^^^^^^^^^^^^^^^^^^^^^^^^^^^^^^^^^^

Error: Source "interfaces/IAToken.sol" not found: File not found.
 --> sb/ReserveLogic_6.sol:6:1:
  |
6 | import {IAToken} from '../../../interfaces/IAToken.sol';
  | ^^^^^^^^^^^^^^^^^^^^^^^^^^^^^^^^^^^^^^^^^^^^^^^^^^^^^^^^

Error: Source "interfaces/IStableDebtToken.sol" not found: File not found.
 --> sb/ReserveLogic_6.sol:7:1:
  |
7 | import {IStableDebtToken} from '../../../interfaces/IStableDebtToken.sol';
  | ^^^^^^^^^^^^^^^^^^^^^^^^^^^^^^^^^^^^^^^^^^^^^^^^^^^^^^^^^^^^^^^^^^^^^^^^^^

Error: Source "interfaces/IVariableDebtToken.sol" not found: File not found.
 --> sb/ReserveLogic_6.sol:8:1:
  |
8 | import {IVariableDebtToken} from '../../../interfaces/IVariableDebtToken.sol';
  | ^^^^^^^^^^^^^^^^^^^^^^^^^^^^^^^^^^^^^^^^^^^^^^^^^^^^^^^^^^^^^^^^^^^^^^^^^^^^^^

Error: Source "interfaces/IReserveInterestRateStrategy.sol" not found: File not found.
 --> sb/ReserveLogic_6.sol:9:1:
  |
9 | import {IReserveInterestRateStrategy} from '../../../interfaces/IReserveInterestRateStrategy.sol';
  | ^^^^^^^^^^^^^^^^^^^^^^^^^^^^^^^^^^^^^^^^^^^^^^^^^^^^^^^^^^^^^^^^^^^^^^^^^^^^^^^^^^^^^^^^^^^^^^^^^^

Error: Source "configuration/ReserveConfiguration.sol" not found: File not found.
  --> sb/ReserveLogic_6.sol:10:1:
   |
10 | import {ReserveConfiguration} from '../configuration/ReserveConfiguration.sol';
   | ^^^^^^^^^^^^^^^^^^^^^^^^^^^^^^^^^^^^^^^^^^^^^^^^^^^^^^^^^^^^^^^^^^^^^^^^^^^^^^^

Error: Source "math/MathUtils.sol" not found: File not found.
  --> sb/ReserveLogic_6.sol:11:1:
   |
11 | import {MathUtils} from '../math/MathUtils.sol';
   | ^^^^^^^^^^^^^^^^^^^^^^^^^^^^^^^^^^^^^^^^^^^^^^^^

Error: Source "math/WadRayMath.sol" not found: File not found.
  --> sb/ReserveLogic_6.sol:12:1:
   |
12 | import {WadRayMath} from '../math/WadRayMath.sol';
   | ^^^^^^^^^^^^^^^^^^^^^^^^^^^^^^^^^^^^^^^^^^^^^^^^^^

Error: Source "math/PercentageMath.sol" not found: File not found.
  --> sb/ReserveLogic_6.sol:13:1:
   |
13 | import {PercentageMath} from '../math/PercentageMath.sol';
   | ^^^^^^^^^^^^^^^^^^^^^^^^^^^^^^^^^^^^^^^^^^^^^^^^^^^^^^^^^^

Error: Source "helpers/Errors.sol" not found: File not found.
  --> sb/ReserveLogic_6.sol:14:1:
   |
14 | import {Errors} from '../helpers/Errors.sol';
   | ^^^^^^^^^^^^^^^^^^^^^^^^^^^^^^^^^^^^^^^^^^^^^

Error: Source "helpers/Helpers.sol" not found: File not found.
  --> sb/ReserveLogic_6.sol:15:1:
   |
15 | import {Helpers} from '../helpers/Helpers.sol';
   | ^^^^^^^^^^^^^^^^^^^^^^^^^^^^^^^^^^^^^^^^^^^^^^^

Error: Source "types/DataTypes.sol" not found: File not found.
  --> sb/ReserveLogic_6.sol:16:1:
   |
16 | import {DataTypes} from '../types/DataTypes.sol';
   | ^^^^^^^^^^^^^^^^^^^^^^^^^^^^^^^^^^^^^^^^^^^^^^^^^


. Solidity failed to generate bytecode for your contract. Check if all the abstract functions are implemented. 
Process Process-1:
Traceback (most recent call last):
  File "/usr/lib/python3.7/multiprocessing/process.py", line 297, in _bootstrap
    self.run()
  File "/usr/lib/python3.7/multiprocessing/process.py", line 99, in run
    self._target(*self._args, **self._kwargs)
  File "/usr/local/lib/python3.7/dist-packages/manticore/ethereum/manticore.py", line 1766, in worker_finalize
    finalizer(q.get_nowait())
  File "/usr/local/lib/python3.7/dist-packages/manticore/ethereum/manticore.py", line 1757, in finalizer
    if only_alive_states and last_tx.result in {"REVERT", "THROW", "TXERROR"}:
AttributeError: 'NoneType' object has no attribute 'result'
2023-07-03 16:05:37,896: [315] m.c.manticore:INFO: Results in /mcore_6zyh0a_8
2023-07-03 16:05:37,896: [315] m.c.manticore:WARNING: Manticore failed to run
2023-07-03 16:05:38,605: [340] m.main:INFO: Registered plugins: IntrospectionAPIPlugin, <class 'manticore.ethereum.plugins.SkipRevertBasicBlocks'>, <class 'manticore.ethereum.plugins.FilterFunctions'>
2023-07-03 16:05:38,606: [340] m.main:INFO: Beginning analysis
2023-07-03 16:05:38,609: [340] m.e.manticore:INFO: Starting symbolic create contract
2023-07-03 16:05:38,632: [340] m.e.manticore:INFO: Failed to build contract {IERC20} Errors : Invalid solc compilation Error: Source "dependencies/openzeppelin/contracts/IERC20.sol" not found: File not found.
 --> sb/ReserveLogic_6.sol:4:1:
  |
4 | import {IERC20} from '../../../dependencies/openzeppelin/contracts/IERC20.sol';
  | ^^^^^^^^^^^^^^^^^^^^^^^^^^^^^^^^^^^^^^^^^^^^^^^^^^^^^^^^^^^^^^^^^^^^^^^^^^^^^^^

Error: Source "dependencies/openzeppelin/contracts/SafeERC20.sol" not found: File not found.
 --> sb/ReserveLogic_6.sol:5:1:
  |
5 | import {SafeERC20} from '../../../dependencies/openzeppelin/contracts/SafeERC20.sol';
  | ^^^^^^^^^^^^^^^^^^^^^^^^^^^^^^^^^^^^^^^^^^^^^^^^^^^^^^^^^^^^^^^^^^^^^^^^^^^^^^^^^^^^^

Error: Source "interfaces/IAToken.sol" not found: File not found.
 --> sb/ReserveLogic_6.sol:6:1:
  |
6 | import {IAToken} from '../../../interfaces/IAToken.sol';
  | ^^^^^^^^^^^^^^^^^^^^^^^^^^^^^^^^^^^^^^^^^^^^^^^^^^^^^^^^

Error: Source "interfaces/IStableDebtToken.sol" not found: File not found.
 --> sb/ReserveLogic_6.sol:7:1:
  |
7 | import {IStableDebtToken} from '../../../interfaces/IStableDebtToken.sol';
  | ^^^^^^^^^^^^^^^^^^^^^^^^^^^^^^^^^^^^^^^^^^^^^^^^^^^^^^^^^^^^^^^^^^^^^^^^^^

Error: Source "interfaces/IVariableDebtToken.sol" not found: File not found.
 --> sb/ReserveLogic_6.sol:8:1:
  |
8 | import {IVariableDebtToken} from '../../../interfaces/IVariableDebtToken.sol';
  | ^^^^^^^^^^^^^^^^^^^^^^^^^^^^^^^^^^^^^^^^^^^^^^^^^^^^^^^^^^^^^^^^^^^^^^^^^^^^^^

Error: Source "interfaces/IReserveInterestRateStrategy.sol" not found: File not found.
 --> sb/ReserveLogic_6.sol:9:1:
  |
9 | import {IReserveInterestRateStrategy} from '../../../interfaces/IReserveInterestRateStrategy.sol';
  | ^^^^^^^^^^^^^^^^^^^^^^^^^^^^^^^^^^^^^^^^^^^^^^^^^^^^^^^^^^^^^^^^^^^^^^^^^^^^^^^^^^^^^^^^^^^^^^^^^^

Error: Source "configuration/ReserveConfiguration.sol" not found: File not found.
  --> sb/ReserveLogic_6.sol:10:1:
   |
10 | import {ReserveConfiguration} from '../configuration/ReserveConfiguration.sol';
   | ^^^^^^^^^^^^^^^^^^^^^^^^^^^^^^^^^^^^^^^^^^^^^^^^^^^^^^^^^^^^^^^^^^^^^^^^^^^^^^^

Error: Source "math/MathUtils.sol" not found: File not found.
  --> sb/ReserveLogic_6.sol:11:1:
   |
11 | import {MathUtils} from '../math/MathUtils.sol';
   | ^^^^^^^^^^^^^^^^^^^^^^^^^^^^^^^^^^^^^^^^^^^^^^^^

Error: Source "math/WadRayMath.sol" not found: File not found.
  --> sb/ReserveLogic_6.sol:12:1:
   |
12 | import {WadRayMath} from '../math/WadRayMath.sol';
   | ^^^^^^^^^^^^^^^^^^^^^^^^^^^^^^^^^^^^^^^^^^^^^^^^^^

Error: Source "math/PercentageMath.sol" not found: File not found.
  --> sb/ReserveLogic_6.sol:13:1:
   |
13 | import {PercentageMath} from '../math/PercentageMath.sol';
   | ^^^^^^^^^^^^^^^^^^^^^^^^^^^^^^^^^^^^^^^^^^^^^^^^^^^^^^^^^^

Error: Source "helpers/Errors.sol" not found: File not found.
  --> sb/ReserveLogic_6.sol:14:1:
   |
14 | import {Errors} from '../helpers/Errors.sol';
   | ^^^^^^^^^^^^^^^^^^^^^^^^^^^^^^^^^^^^^^^^^^^^^

Error: Source "helpers/Helpers.sol" not found: File not found.
  --> sb/ReserveLogic_6.sol:15:1:
   |
15 | import {Helpers} from '../helpers/Helpers.sol';
   | ^^^^^^^^^^^^^^^^^^^^^^^^^^^^^^^^^^^^^^^^^^^^^^^

Error: Source "types/DataTypes.sol" not found: File not found.
  --> sb/ReserveLogic_6.sol:16:1:
   |
16 | import {DataTypes} from '../types/DataTypes.sol';
   | ^^^^^^^^^^^^^^^^^^^^^^^^^^^^^^^^^^^^^^^^^^^^^^^^^


. Solidity failed to generate bytecode for your contract. Check if all the abstract functions are implemented. 
Process Process-1:
Traceback (most recent call last):
  File "/usr/lib/python3.7/multiprocessing/process.py", line 297, in _bootstrap
    self.run()
  File "/usr/lib/python3.7/multiprocessing/process.py", line 99, in run
    self._target(*self._args, **self._kwargs)
  File "/usr/local/lib/python3.7/dist-packages/manticore/ethereum/manticore.py", line 1766, in worker_finalize
    finalizer(q.get_nowait())
  File "/usr/local/lib/python3.7/dist-packages/manticore/ethereum/manticore.py", line 1757, in finalizer
    if only_alive_states and last_tx.result in {"REVERT", "THROW", "TXERROR"}:
AttributeError: 'NoneType' object has no attribute 'result'
2023-07-03 16:05:38,701: [340] m.c.manticore:INFO: Results in /mcore_4e95rqcx
2023-07-03 16:05:38,701: [340] m.c.manticore:WARNING: Manticore failed to run
2023-07-03 16:05:39,371: [365] m.main:INFO: Registered plugins: IntrospectionAPIPlugin, <class 'manticore.ethereum.plugins.SkipRevertBasicBlocks'>, <class 'manticore.ethereum.plugins.FilterFunctions'>
2023-07-03 16:05:39,371: [365] m.main:INFO: Beginning analysis
2023-07-03 16:05:39,374: [365] m.e.manticore:INFO: Starting symbolic create contract
2023-07-03 16:05:39,396: [365] m.e.manticore:INFO: Failed to build contract from Errors : Invalid solc compilation Error: Source "dependencies/openzeppelin/contracts/IERC20.sol" not found: File not found.
 --> sb/ReserveLogic_6.sol:4:1:
  |
4 | import {IERC20} from '../../../dependencies/openzeppelin/contracts/IERC20.sol';
  | ^^^^^^^^^^^^^^^^^^^^^^^^^^^^^^^^^^^^^^^^^^^^^^^^^^^^^^^^^^^^^^^^^^^^^^^^^^^^^^^

Error: Source "dependencies/openzeppelin/contracts/SafeERC20.sol" not found: File not found.
 --> sb/ReserveLogic_6.sol:5:1:
  |
5 | import {SafeERC20} from '../../../dependencies/openzeppelin/contracts/SafeERC20.sol';
  | ^^^^^^^^^^^^^^^^^^^^^^^^^^^^^^^^^^^^^^^^^^^^^^^^^^^^^^^^^^^^^^^^^^^^^^^^^^^^^^^^^^^^^

Error: Source "interfaces/IAToken.sol" not found: File not found.
 --> sb/ReserveLogic_6.sol:6:1:
  |
6 | import {IAToken} from '../../../interfaces/IAToken.sol';
  | ^^^^^^^^^^^^^^^^^^^^^^^^^^^^^^^^^^^^^^^^^^^^^^^^^^^^^^^^

Error: Source "interfaces/IStableDebtToken.sol" not found: File not found.
 --> sb/ReserveLogic_6.sol:7:1:
  |
7 | import {IStableDebtToken} from '../../../interfaces/IStableDebtToken.sol';
  | ^^^^^^^^^^^^^^^^^^^^^^^^^^^^^^^^^^^^^^^^^^^^^^^^^^^^^^^^^^^^^^^^^^^^^^^^^^

Error: Source "interfaces/IVariableDebtToken.sol" not found: File not found.
 --> sb/ReserveLogic_6.sol:8:1:
  |
8 | import {IVariableDebtToken} from '../../../interfaces/IVariableDebtToken.sol';
  | ^^^^^^^^^^^^^^^^^^^^^^^^^^^^^^^^^^^^^^^^^^^^^^^^^^^^^^^^^^^^^^^^^^^^^^^^^^^^^^

Error: Source "interfaces/IReserveInterestRateStrategy.sol" not found: File not found.
 --> sb/ReserveLogic_6.sol:9:1:
  |
9 | import {IReserveInterestRateStrategy} from '../../../interfaces/IReserveInterestRateStrategy.sol';
  | ^^^^^^^^^^^^^^^^^^^^^^^^^^^^^^^^^^^^^^^^^^^^^^^^^^^^^^^^^^^^^^^^^^^^^^^^^^^^^^^^^^^^^^^^^^^^^^^^^^

Error: Source "configuration/ReserveConfiguration.sol" not found: File not found.
  --> sb/ReserveLogic_6.sol:10:1:
   |
10 | import {ReserveConfiguration} from '../configuration/ReserveConfiguration.sol';
   | ^^^^^^^^^^^^^^^^^^^^^^^^^^^^^^^^^^^^^^^^^^^^^^^^^^^^^^^^^^^^^^^^^^^^^^^^^^^^^^^

Error: Source "math/MathUtils.sol" not found: File not found.
  --> sb/ReserveLogic_6.sol:11:1:
   |
11 | import {MathUtils} from '../math/MathUtils.sol';
   | ^^^^^^^^^^^^^^^^^^^^^^^^^^^^^^^^^^^^^^^^^^^^^^^^

Error: Source "math/WadRayMath.sol" not found: File not found.
  --> sb/ReserveLogic_6.sol:12:1:
   |
12 | import {WadRayMath} from '../math/WadRayMath.sol';
   | ^^^^^^^^^^^^^^^^^^^^^^^^^^^^^^^^^^^^^^^^^^^^^^^^^^

Error: Source "math/PercentageMath.sol" not found: File not found.
  --> sb/ReserveLogic_6.sol:13:1:
   |
13 | import {PercentageMath} from '../math/PercentageMath.sol';
   | ^^^^^^^^^^^^^^^^^^^^^^^^^^^^^^^^^^^^^^^^^^^^^^^^^^^^^^^^^^

Error: Source "helpers/Errors.sol" not found: File not found.
  --> sb/ReserveLogic_6.sol:14:1:
   |
14 | import {Errors} from '../helpers/Errors.sol';
   | ^^^^^^^^^^^^^^^^^^^^^^^^^^^^^^^^^^^^^^^^^^^^^

Error: Source "helpers/Helpers.sol" not found: File not found.
  --> sb/ReserveLogic_6.sol:15:1:
   |
15 | import {Helpers} from '../helpers/Helpers.sol';
   | ^^^^^^^^^^^^^^^^^^^^^^^^^^^^^^^^^^^^^^^^^^^^^^^

Error: Source "types/DataTypes.sol" not found: File not found.
  --> sb/ReserveLogic_6.sol:16:1:
   |
16 | import {DataTypes} from '../types/DataTypes.sol';
   | ^^^^^^^^^^^^^^^^^^^^^^^^^^^^^^^^^^^^^^^^^^^^^^^^^


. Solidity failed to generate bytecode for your contract. Check if all the abstract functions are implemented. 
Process Process-1:
Traceback (most recent call last):
  File "/usr/lib/python3.7/multiprocessing/process.py", line 297, in _bootstrap
    self.run()
  File "/usr/lib/python3.7/multiprocessing/process.py", line 99, in run
    self._target(*self._args, **self._kwargs)
  File "/usr/local/lib/python3.7/dist-packages/manticore/ethereum/manticore.py", line 1766, in worker_finalize
    finalizer(q.get_nowait())
  File "/usr/local/lib/python3.7/dist-packages/manticore/ethereum/manticore.py", line 1757, in finalizer
    if only_alive_states and last_tx.result in {"REVERT", "THROW", "TXERROR"}:
AttributeError: 'NoneType' object has no attribute 'result'
2023-07-03 16:05:39,474: [365] m.c.manticore:INFO: Results in /mcore_jlgny6ua
2023-07-03 16:05:39,474: [365] m.c.manticore:WARNING: Manticore failed to run
2023-07-03 16:05:40,144: [390] m.main:INFO: Registered plugins: IntrospectionAPIPlugin, <class 'manticore.ethereum.plugins.SkipRevertBasicBlocks'>, <class 'manticore.ethereum.plugins.FilterFunctions'>
2023-07-03 16:05:40,144: [390] m.main:INFO: Beginning analysis
2023-07-03 16:05:40,146: [390] m.e.manticore:INFO: Starting symbolic create contract
2023-07-03 16:05:40,172: [390] m.e.manticore:INFO: Failed to build contract '../../../dependencies/openzeppelin/contracts/IERC20.sol'; Errors : Invalid solc compilation Error: Source "dependencies/openzeppelin/contracts/IERC20.sol" not found: File not found.
 --> sb/ReserveLogic_6.sol:4:1:
  |
4 | import {IERC20} from '../../../dependencies/openzeppelin/contracts/IERC20.sol';
  | ^^^^^^^^^^^^^^^^^^^^^^^^^^^^^^^^^^^^^^^^^^^^^^^^^^^^^^^^^^^^^^^^^^^^^^^^^^^^^^^

Error: Source "dependencies/openzeppelin/contracts/SafeERC20.sol" not found: File not found.
 --> sb/ReserveLogic_6.sol:5:1:
  |
5 | import {SafeERC20} from '../../../dependencies/openzeppelin/contracts/SafeERC20.sol';
  | ^^^^^^^^^^^^^^^^^^^^^^^^^^^^^^^^^^^^^^^^^^^^^^^^^^^^^^^^^^^^^^^^^^^^^^^^^^^^^^^^^^^^^

Error: Source "interfaces/IAToken.sol" not found: File not found.
 --> sb/ReserveLogic_6.sol:6:1:
  |
6 | import {IAToken} from '../../../interfaces/IAToken.sol';
  | ^^^^^^^^^^^^^^^^^^^^^^^^^^^^^^^^^^^^^^^^^^^^^^^^^^^^^^^^

Error: Source "interfaces/IStableDebtToken.sol" not found: File not found.
 --> sb/ReserveLogic_6.sol:7:1:
  |
7 | import {IStableDebtToken} from '../../../interfaces/IStableDebtToken.sol';
  | ^^^^^^^^^^^^^^^^^^^^^^^^^^^^^^^^^^^^^^^^^^^^^^^^^^^^^^^^^^^^^^^^^^^^^^^^^^

Error: Source "interfaces/IVariableDebtToken.sol" not found: File not found.
 --> sb/ReserveLogic_6.sol:8:1:
  |
8 | import {IVariableDebtToken} from '../../../interfaces/IVariableDebtToken.sol';
  | ^^^^^^^^^^^^^^^^^^^^^^^^^^^^^^^^^^^^^^^^^^^^^^^^^^^^^^^^^^^^^^^^^^^^^^^^^^^^^^

Error: Source "interfaces/IReserveInterestRateStrategy.sol" not found: File not found.
 --> sb/ReserveLogic_6.sol:9:1:
  |
9 | import {IReserveInterestRateStrategy} from '../../../interfaces/IReserveInterestRateStrategy.sol';
  | ^^^^^^^^^^^^^^^^^^^^^^^^^^^^^^^^^^^^^^^^^^^^^^^^^^^^^^^^^^^^^^^^^^^^^^^^^^^^^^^^^^^^^^^^^^^^^^^^^^

Error: Source "configuration/ReserveConfiguration.sol" not found: File not found.
  --> sb/ReserveLogic_6.sol:10:1:
   |
10 | import {ReserveConfiguration} from '../configuration/ReserveConfiguration.sol';
   | ^^^^^^^^^^^^^^^^^^^^^^^^^^^^^^^^^^^^^^^^^^^^^^^^^^^^^^^^^^^^^^^^^^^^^^^^^^^^^^^

Error: Source "math/MathUtils.sol" not found: File not found.
  --> sb/ReserveLogic_6.sol:11:1:
   |
11 | import {MathUtils} from '../math/MathUtils.sol';
   | ^^^^^^^^^^^^^^^^^^^^^^^^^^^^^^^^^^^^^^^^^^^^^^^^

Error: Source "math/WadRayMath.sol" not found: File not found.
  --> sb/ReserveLogic_6.sol:12:1:
   |
12 | import {WadRayMath} from '../math/WadRayMath.sol';
   | ^^^^^^^^^^^^^^^^^^^^^^^^^^^^^^^^^^^^^^^^^^^^^^^^^^

Error: Source "math/PercentageMath.sol" not found: File not found.
  --> sb/ReserveLogic_6.sol:13:1:
   |
13 | import {PercentageMath} from '../math/PercentageMath.sol';
   | ^^^^^^^^^^^^^^^^^^^^^^^^^^^^^^^^^^^^^^^^^^^^^^^^^^^^^^^^^^

Error: Source "helpers/Errors.sol" not found: File not found.
  --> sb/ReserveLogic_6.sol:14:1:
   |
14 | import {Errors} from '../helpers/Errors.sol';
   | ^^^^^^^^^^^^^^^^^^^^^^^^^^^^^^^^^^^^^^^^^^^^^

Error: Source "helpers/Helpers.sol" not found: File not found.
  --> sb/ReserveLogic_6.sol:15:1:
   |
15 | import {Helpers} from '../helpers/Helpers.sol';
   | ^^^^^^^^^^^^^^^^^^^^^^^^^^^^^^^^^^^^^^^^^^^^^^^

Error: Source "types/DataTypes.sol" not found: File not found.
  --> sb/ReserveLogic_6.sol:16:1:
   |
16 | import {DataTypes} from '../types/DataTypes.sol';
   | ^^^^^^^^^^^^^^^^^^^^^^^^^^^^^^^^^^^^^^^^^^^^^^^^^


. Solidity failed to generate bytecode for your contract. Check if all the abstract functions are implemented. 
Process Process-1:
Traceback (most recent call last):
  File "/usr/lib/python3.7/multiprocessing/process.py", line 297, in _bootstrap
    self.run()
  File "/usr/lib/python3.7/multiprocessing/process.py", line 99, in run
    self._target(*self._args, **self._kwargs)
  File "/usr/local/lib/python3.7/dist-packages/manticore/ethereum/manticore.py", line 1766, in worker_finalize
    finalizer(q.get_nowait())
  File "/usr/local/lib/python3.7/dist-packages/manticore/ethereum/manticore.py", line 1757, in finalizer
    if only_alive_states and last_tx.result in {"REVERT", "THROW", "TXERROR"}:
AttributeError: 'NoneType' object has no attribute 'result'
2023-07-03 16:05:40,248: [390] m.c.manticore:INFO: Results in /mcore_ru00ebbo
2023-07-03 16:05:40,248: [390] m.c.manticore:WARNING: Manticore failed to run
2023-07-03 16:05:40,883: [415] m.main:INFO: Registered plugins: IntrospectionAPIPlugin, <class 'manticore.ethereum.plugins.SkipRevertBasicBlocks'>, <class 'manticore.ethereum.plugins.FilterFunctions'>
2023-07-03 16:05:40,884: [415] m.main:INFO: Beginning analysis
2023-07-03 16:05:40,887: [415] m.e.manticore:INFO: Starting symbolic create contract
2023-07-03 16:05:40,915: [415] m.e.manticore:INFO: Failed to build contract | Errors : Invalid solc compilation Error: Source "dependencies/openzeppelin/contracts/IERC20.sol" not found: File not found.
 --> sb/ReserveLogic_6.sol:4:1:
  |
4 | import {IERC20} from '../../../dependencies/openzeppelin/contracts/IERC20.sol';
  | ^^^^^^^^^^^^^^^^^^^^^^^^^^^^^^^^^^^^^^^^^^^^^^^^^^^^^^^^^^^^^^^^^^^^^^^^^^^^^^^

Error: Source "dependencies/openzeppelin/contracts/SafeERC20.sol" not found: File not found.
 --> sb/ReserveLogic_6.sol:5:1:
  |
5 | import {SafeERC20} from '../../../dependencies/openzeppelin/contracts/SafeERC20.sol';
  | ^^^^^^^^^^^^^^^^^^^^^^^^^^^^^^^^^^^^^^^^^^^^^^^^^^^^^^^^^^^^^^^^^^^^^^^^^^^^^^^^^^^^^

Error: Source "interfaces/IAToken.sol" not found: File not found.
 --> sb/ReserveLogic_6.sol:6:1:
  |
6 | import {IAToken} from '../../../interfaces/IAToken.sol';
  | ^^^^^^^^^^^^^^^^^^^^^^^^^^^^^^^^^^^^^^^^^^^^^^^^^^^^^^^^

Error: Source "interfaces/IStableDebtToken.sol" not found: File not found.
 --> sb/ReserveLogic_6.sol:7:1:
  |
7 | import {IStableDebtToken} from '../../../interfaces/IStableDebtToken.sol';
  | ^^^^^^^^^^^^^^^^^^^^^^^^^^^^^^^^^^^^^^^^^^^^^^^^^^^^^^^^^^^^^^^^^^^^^^^^^^

Error: Source "interfaces/IVariableDebtToken.sol" not found: File not found.
 --> sb/ReserveLogic_6.sol:8:1:
  |
8 | import {IVariableDebtToken} from '../../../interfaces/IVariableDebtToken.sol';
  | ^^^^^^^^^^^^^^^^^^^^^^^^^^^^^^^^^^^^^^^^^^^^^^^^^^^^^^^^^^^^^^^^^^^^^^^^^^^^^^

Error: Source "interfaces/IReserveInterestRateStrategy.sol" not found: File not found.
 --> sb/ReserveLogic_6.sol:9:1:
  |
9 | import {IReserveInterestRateStrategy} from '../../../interfaces/IReserveInterestRateStrategy.sol';
  | ^^^^^^^^^^^^^^^^^^^^^^^^^^^^^^^^^^^^^^^^^^^^^^^^^^^^^^^^^^^^^^^^^^^^^^^^^^^^^^^^^^^^^^^^^^^^^^^^^^

Error: Source "configuration/ReserveConfiguration.sol" not found: File not found.
  --> sb/ReserveLogic_6.sol:10:1:
   |
10 | import {ReserveConfiguration} from '../configuration/ReserveConfiguration.sol';
   | ^^^^^^^^^^^^^^^^^^^^^^^^^^^^^^^^^^^^^^^^^^^^^^^^^^^^^^^^^^^^^^^^^^^^^^^^^^^^^^^

Error: Source "math/MathUtils.sol" not found: File not found.
  --> sb/ReserveLogic_6.sol:11:1:
   |
11 | import {MathUtils} from '../math/MathUtils.sol';
   | ^^^^^^^^^^^^^^^^^^^^^^^^^^^^^^^^^^^^^^^^^^^^^^^^

Error: Source "math/WadRayMath.sol" not found: File not found.
  --> sb/ReserveLogic_6.sol:12:1:
   |
12 | import {WadRayMath} from '../math/WadRayMath.sol';
   | ^^^^^^^^^^^^^^^^^^^^^^^^^^^^^^^^^^^^^^^^^^^^^^^^^^

Error: Source "math/PercentageMath.sol" not found: File not found.
  --> sb/ReserveLogic_6.sol:13:1:
   |
13 | import {PercentageMath} from '../math/PercentageMath.sol';
   | ^^^^^^^^^^^^^^^^^^^^^^^^^^^^^^^^^^^^^^^^^^^^^^^^^^^^^^^^^^

Error: Source "helpers/Errors.sol" not found: File not found.
  --> sb/ReserveLogic_6.sol:14:1:
   |
14 | import {Errors} from '../helpers/Errors.sol';
   | ^^^^^^^^^^^^^^^^^^^^^^^^^^^^^^^^^^^^^^^^^^^^^

Error: Source "helpers/Helpers.sol" not found: File not found.
  --> sb/ReserveLogic_6.sol:15:1:
   |
15 | import {Helpers} from '../helpers/Helpers.sol';
   | ^^^^^^^^^^^^^^^^^^^^^^^^^^^^^^^^^^^^^^^^^^^^^^^

Error: Source "types/DataTypes.sol" not found: File not found.
  --> sb/ReserveLogic_6.sol:16:1:
   |
16 | import {DataTypes} from '../types/DataTypes.sol';
   | ^^^^^^^^^^^^^^^^^^^^^^^^^^^^^^^^^^^^^^^^^^^^^^^^^


. Solidity failed to generate bytecode for your contract. Check if all the abstract functions are implemented. 
Process Process-1:
Traceback (most recent call last):
  File "/usr/lib/python3.7/multiprocessing/process.py", line 297, in _bootstrap
    self.run()
  File "/usr/lib/python3.7/multiprocessing/process.py", line 99, in run
    self._target(*self._args, **self._kwargs)
  File "/usr/local/lib/python3.7/dist-packages/manticore/ethereum/manticore.py", line 1766, in worker_finalize
    finalizer(q.get_nowait())
  File "/usr/local/lib/python3.7/dist-packages/manticore/ethereum/manticore.py", line 1757, in finalizer
    if only_alive_states and last_tx.result in {"REVERT", "THROW", "TXERROR"}:
AttributeError: 'NoneType' object has no attribute 'result'
2023-07-03 16:05:40,986: [415] m.c.manticore:INFO: Results in /mcore_ov2hl200
2023-07-03 16:05:40,986: [415] m.c.manticore:WARNING: Manticore failed to run
2023-07-03 16:05:41,765: [440] m.main:INFO: Registered plugins: IntrospectionAPIPlugin, <class 'manticore.ethereum.plugins.SkipRevertBasicBlocks'>, <class 'manticore.ethereum.plugins.FilterFunctions'>
2023-07-03 16:05:41,765: [440] m.main:INFO: Beginning analysis
2023-07-03 16:05:41,767: [440] m.e.manticore:INFO: Starting symbolic create contract
2023-07-03 16:05:41,786: [440] m.e.manticore:INFO: Failed to build contract ^^^^^^^^^^^^^^^^^^^^^^^^^^^^^^^^^^^^^^^^^^^^^^^^^^^^^^^^^^^^^^^^^^^^^^^^^^^^^^^ Errors : Invalid solc compilation Error: Source "dependencies/openzeppelin/contracts/IERC20.sol" not found: File not found.
 --> sb/ReserveLogic_6.sol:4:1:
  |
4 | import {IERC20} from '../../../dependencies/openzeppelin/contracts/IERC20.sol';
  | ^^^^^^^^^^^^^^^^^^^^^^^^^^^^^^^^^^^^^^^^^^^^^^^^^^^^^^^^^^^^^^^^^^^^^^^^^^^^^^^

Error: Source "dependencies/openzeppelin/contracts/SafeERC20.sol" not found: File not found.
 --> sb/ReserveLogic_6.sol:5:1:
  |
5 | import {SafeERC20} from '../../../dependencies/openzeppelin/contracts/SafeERC20.sol';
  | ^^^^^^^^^^^^^^^^^^^^^^^^^^^^^^^^^^^^^^^^^^^^^^^^^^^^^^^^^^^^^^^^^^^^^^^^^^^^^^^^^^^^^

Error: Source "interfaces/IAToken.sol" not found: File not found.
 --> sb/ReserveLogic_6.sol:6:1:
  |
6 | import {IAToken} from '../../../interfaces/IAToken.sol';
  | ^^^^^^^^^^^^^^^^^^^^^^^^^^^^^^^^^^^^^^^^^^^^^^^^^^^^^^^^

Error: Source "interfaces/IStableDebtToken.sol" not found: File not found.
 --> sb/ReserveLogic_6.sol:7:1:
  |
7 | import {IStableDebtToken} from '../../../interfaces/IStableDebtToken.sol';
  | ^^^^^^^^^^^^^^^^^^^^^^^^^^^^^^^^^^^^^^^^^^^^^^^^^^^^^^^^^^^^^^^^^^^^^^^^^^

Error: Source "interfaces/IVariableDebtToken.sol" not found: File not found.
 --> sb/ReserveLogic_6.sol:8:1:
  |
8 | import {IVariableDebtToken} from '../../../interfaces/IVariableDebtToken.sol';
  | ^^^^^^^^^^^^^^^^^^^^^^^^^^^^^^^^^^^^^^^^^^^^^^^^^^^^^^^^^^^^^^^^^^^^^^^^^^^^^^

Error: Source "interfaces/IReserveInterestRateStrategy.sol" not found: File not found.
 --> sb/ReserveLogic_6.sol:9:1:
  |
9 | import {IReserveInterestRateStrategy} from '../../../interfaces/IReserveInterestRateStrategy.sol';
  | ^^^^^^^^^^^^^^^^^^^^^^^^^^^^^^^^^^^^^^^^^^^^^^^^^^^^^^^^^^^^^^^^^^^^^^^^^^^^^^^^^^^^^^^^^^^^^^^^^^

Error: Source "configuration/ReserveConfiguration.sol" not found: File not found.
  --> sb/ReserveLogic_6.sol:10:1:
   |
10 | import {ReserveConfiguration} from '../configuration/ReserveConfiguration.sol';
   | ^^^^^^^^^^^^^^^^^^^^^^^^^^^^^^^^^^^^^^^^^^^^^^^^^^^^^^^^^^^^^^^^^^^^^^^^^^^^^^^

Error: Source "math/MathUtils.sol" not found: File not found.
  --> sb/ReserveLogic_6.sol:11:1:
   |
11 | import {MathUtils} from '../math/MathUtils.sol';
   | ^^^^^^^^^^^^^^^^^^^^^^^^^^^^^^^^^^^^^^^^^^^^^^^^

Error: Source "math/WadRayMath.sol" not found: File not found.
  --> sb/ReserveLogic_6.sol:12:1:
   |
12 | import {WadRayMath} from '../math/WadRayMath.sol';
   | ^^^^^^^^^^^^^^^^^^^^^^^^^^^^^^^^^^^^^^^^^^^^^^^^^^

Error: Source "math/PercentageMath.sol" not found: File not found.
  --> sb/ReserveLogic_6.sol:13:1:
   |
13 | import {PercentageMath} from '../math/PercentageMath.sol';
   | ^^^^^^^^^^^^^^^^^^^^^^^^^^^^^^^^^^^^^^^^^^^^^^^^^^^^^^^^^^

Error: Source "helpers/Errors.sol" not found: File not found.
  --> sb/ReserveLogic_6.sol:14:1:
   |
14 | import {Errors} from '../helpers/Errors.sol';
   | ^^^^^^^^^^^^^^^^^^^^^^^^^^^^^^^^^^^^^^^^^^^^^

Error: Source "helpers/Helpers.sol" not found: File not found.
  --> sb/ReserveLogic_6.sol:15:1:
   |
15 | import {Helpers} from '../helpers/Helpers.sol';
   | ^^^^^^^^^^^^^^^^^^^^^^^^^^^^^^^^^^^^^^^^^^^^^^^

Error: Source "types/DataTypes.sol" not found: File not found.
  --> sb/ReserveLogic_6.sol:16:1:
   |
16 | import {DataTypes} from '../types/DataTypes.sol';
   | ^^^^^^^^^^^^^^^^^^^^^^^^^^^^^^^^^^^^^^^^^^^^^^^^^


. Solidity failed to generate bytecode for your contract. Check if all the abstract functions are implemented. 
Process Process-1:
Traceback (most recent call last):
  File "/usr/lib/python3.7/multiprocessing/process.py", line 297, in _bootstrap
    self.run()
  File "/usr/lib/python3.7/multiprocessing/process.py", line 99, in run
    self._target(*self._args, **self._kwargs)
  File "/usr/local/lib/python3.7/dist-packages/manticore/ethereum/manticore.py", line 1766, in worker_finalize
    finalizer(q.get_nowait())
  File "/usr/local/lib/python3.7/dist-packages/manticore/ethereum/manticore.py", line 1757, in finalizer
    if only_alive_states and last_tx.result in {"REVERT", "THROW", "TXERROR"}:
AttributeError: 'NoneType' object has no attribute 'result'
2023-07-03 16:05:41,851: [440] m.c.manticore:INFO: Results in /mcore_v_n2drdc
2023-07-03 16:05:41,851: [440] m.c.manticore:WARNING: Manticore failed to run
