2023-07-03 16:32:26,562: [11] m.main:INFO: Registered plugins: IntrospectionAPIPlugin, <class 'manticore.ethereum.plugins.SkipRevertBasicBlocks'>, <class 'manticore.ethereum.plugins.FilterFunctions'>
2023-07-03 16:32:26,563: [11] m.main:INFO: Beginning analysis
2023-07-03 16:32:26,565: [11] m.e.manticore:INFO: Starting symbolic create contract
2023-07-03 16:32:27,899: [11] m.e.manticore:INFO: Starting symbolic transaction: 0
2023-07-03 16:32:28,030: [11] m.e.manticore:INFO: 0 alive states, 1 terminated states
2023-07-03 16:32:28,078: [11] m.e.manticore:INFO: Starting symbolic transaction: 1
2023-07-03 16:32:28,324: [11] m.c.manticore:INFO: Results in /mcore_rngr_n4u
2023-07-03 16:32:28,325: [11] m.c.manticore:INFO: Total time: 0.42098402976989746
2023-07-03 16:32:28,971: [70] m.main:INFO: Registered plugins: IntrospectionAPIPlugin, <class 'manticore.ethereum.plugins.SkipRevertBasicBlocks'>, <class 'manticore.ethereum.plugins.FilterFunctions'>
2023-07-03 16:32:28,972: [70] m.main:INFO: Beginning analysis
2023-07-03 16:32:28,974: [70] m.e.manticore:INFO: Starting symbolic create contract
2023-07-03 16:32:30,449: [70] m.e.manticore:INFO: Starting symbolic transaction: 0
2023-07-03 16:32:30,574: [70] m.e.manticore:INFO: 0 alive states, 1 terminated states
2023-07-03 16:32:30,614: [70] m.e.manticore:INFO: Starting symbolic transaction: 1
2023-07-03 16:32:30,859: [70] m.c.manticore:INFO: Results in /mcore_9y9fk9dk
2023-07-03 16:32:30,859: [70] m.c.manticore:INFO: Total time: 0.40255022048950195
2023-07-03 16:32:31,632: [129] m.main:INFO: Registered plugins: IntrospectionAPIPlugin, <class 'manticore.ethereum.plugins.SkipRevertBasicBlocks'>, <class 'manticore.ethereum.plugins.FilterFunctions'>
2023-07-03 16:32:31,632: [129] m.main:INFO: Beginning analysis
2023-07-03 16:32:31,635: [129] m.e.manticore:INFO: Starting symbolic create contract
2023-07-03 16:32:33,718: [129] m.e.manticore:INFO: Starting symbolic transaction: 0
2023-07-03 16:32:39,400: [129] m.e.manticore:INFO: 0 alive states, 3 terminated states
2023-07-03 16:32:39,690: [129] m.c.manticore:INFO: Results in /mcore_twyqhtj7
2023-07-03 16:32:39,691: [129] m.c.manticore:INFO: Total time: 5.957071781158447
2023-07-03 16:32:40,426: [200] m.main:INFO: Registered plugins: IntrospectionAPIPlugin, <class 'manticore.ethereum.plugins.SkipRevertBasicBlocks'>, <class 'manticore.ethereum.plugins.FilterFunctions'>
2023-07-03 16:32:40,427: [200] m.main:INFO: Beginning analysis
2023-07-03 16:32:40,429: [200] m.e.manticore:INFO: Starting symbolic create contract
