2023-07-03 16:22:02,540: [11] m.main:INFO: Registered plugins: IntrospectionAPIPlugin, <class 'manticore.ethereum.plugins.SkipRevertBasicBlocks'>, <class 'manticore.ethereum.plugins.FilterFunctions'>
2023-07-03 16:22:02,541: [11] m.main:INFO: Beginning analysis
2023-07-03 16:22:02,545: [11] m.e.manticore:INFO: Starting symbolic create contract
2023-07-03 16:22:04,080: [11] m.e.manticore:INFO: Starting symbolic transaction: 0
2023-07-03 16:22:04,235: [11] m.e.manticore:INFO: 0 alive states, 1 terminated states
2023-07-03 16:22:04,297: [11] m.e.manticore:INFO: Starting symbolic transaction: 1
2023-07-03 16:22:04,535: [11] m.c.manticore:INFO: Results in /mcore_o5dyts5o
2023-07-03 16:22:04,535: [11] m.c.manticore:INFO: Total time: 0.4531733989715576
2023-07-03 16:22:05,208: [70] m.main:INFO: Registered plugins: IntrospectionAPIPlugin, <class 'manticore.ethereum.plugins.SkipRevertBasicBlocks'>, <class 'manticore.ethereum.plugins.FilterFunctions'>
2023-07-03 16:22:05,209: [70] m.main:INFO: Beginning analysis
2023-07-03 16:22:05,213: [70] m.e.manticore:INFO: Starting symbolic create contract
2023-07-03 16:22:06,851: [70] m.e.manticore:INFO: Starting symbolic transaction: 0
2023-07-03 16:22:07,013: [70] m.e.manticore:INFO: 0 alive states, 1 terminated states
2023-07-03 16:22:07,077: [70] m.e.manticore:INFO: Starting symbolic transaction: 1
2023-07-03 16:22:07,353: [70] m.c.manticore:INFO: Results in /mcore_zjc6n46a
2023-07-03 16:22:07,354: [70] m.c.manticore:INFO: Total time: 0.5002384185791016
2023-07-03 16:22:08,226: [129] m.main:INFO: Registered plugins: IntrospectionAPIPlugin, <class 'manticore.ethereum.plugins.SkipRevertBasicBlocks'>, <class 'manticore.ethereum.plugins.FilterFunctions'>
2023-07-03 16:22:08,227: [129] m.main:INFO: Beginning analysis
2023-07-03 16:22:08,231: [129] m.e.manticore:INFO: Starting symbolic create contract
2023-07-03 16:22:10,328: [129] m.e.manticore:INFO: Starting symbolic transaction: 0
2023-07-03 16:22:16,081: [129] m.e.manticore:INFO: 0 alive states, 3 terminated states
2023-07-03 16:22:16,400: [129] m.c.manticore:INFO: Results in /mcore_p_k5id21
2023-07-03 16:22:16,400: [129] m.c.manticore:INFO: Total time: 6.053820610046387
2023-07-03 16:22:17,140: [197] m.main:INFO: Registered plugins: IntrospectionAPIPlugin, <class 'manticore.ethereum.plugins.SkipRevertBasicBlocks'>, <class 'manticore.ethereum.plugins.FilterFunctions'>
2023-07-03 16:22:17,141: [197] m.main:INFO: Beginning analysis
2023-07-03 16:22:17,143: [197] m.e.manticore:INFO: Starting symbolic create contract
