2023-07-03 16:17:53,361: [11] m.main:INFO: Registered plugins: IntrospectionAPIPlugin, <class 'manticore.ethereum.plugins.SkipRevertBasicBlocks'>, <class 'manticore.ethereum.plugins.FilterFunctions'>
2023-07-03 16:17:53,362: [11] m.main:INFO: Beginning analysis
2023-07-03 16:17:53,364: [11] m.e.manticore:INFO: Starting symbolic create contract
2023-07-03 16:17:54,838: [11] m.e.manticore:INFO: Starting symbolic transaction: 0
2023-07-03 16:17:55,000: [11] m.e.manticore:INFO: 0 alive states, 1 terminated states
2023-07-03 16:17:55,066: [11] m.e.manticore:INFO: Starting symbolic transaction: 1
2023-07-03 16:17:55,302: [11] m.c.manticore:INFO: Results in /mcore_7koj1kwk
2023-07-03 16:17:55,302: [11] m.c.manticore:INFO: Total time: 0.46082115173339844
2023-07-03 16:17:55,990: [70] m.main:INFO: Registered plugins: IntrospectionAPIPlugin, <class 'manticore.ethereum.plugins.SkipRevertBasicBlocks'>, <class 'manticore.ethereum.plugins.FilterFunctions'>
2023-07-03 16:17:55,991: [70] m.main:INFO: Beginning analysis
2023-07-03 16:17:55,995: [70] m.e.manticore:INFO: Starting symbolic create contract
2023-07-03 16:17:57,490: [70] m.e.manticore:INFO: Starting symbolic transaction: 0
2023-07-03 16:17:57,652: [70] m.e.manticore:INFO: 0 alive states, 1 terminated states
2023-07-03 16:17:57,719: [70] m.e.manticore:INFO: Starting symbolic transaction: 1
2023-07-03 16:17:57,979: [70] m.c.manticore:INFO: Results in /mcore_hb5dcj_3
2023-07-03 16:17:57,979: [70] m.c.manticore:INFO: Total time: 0.4856221675872803
2023-07-03 16:17:58,652: [129] m.main:INFO: Registered plugins: IntrospectionAPIPlugin, <class 'manticore.ethereum.plugins.SkipRevertBasicBlocks'>, <class 'manticore.ethereum.plugins.FilterFunctions'>
2023-07-03 16:17:58,653: [129] m.main:INFO: Beginning analysis
2023-07-03 16:17:58,655: [129] m.e.manticore:INFO: Starting symbolic create contract
2023-07-03 16:18:00,572: [129] m.e.manticore:INFO: Starting symbolic transaction: 0
2023-07-03 16:18:06,009: [129] m.e.manticore:INFO: 0 alive states, 3 terminated states
2023-07-03 16:18:06,269: [129] m.c.manticore:INFO: Results in /mcore_jvlp5gg3
2023-07-03 16:18:06,270: [129] m.c.manticore:INFO: Total time: 5.676793098449707
2023-07-03 16:18:07,017: [200] m.main:INFO: Registered plugins: IntrospectionAPIPlugin, <class 'manticore.ethereum.plugins.SkipRevertBasicBlocks'>, <class 'manticore.ethereum.plugins.FilterFunctions'>
2023-07-03 16:18:07,017: [200] m.main:INFO: Beginning analysis
2023-07-03 16:18:07,020: [200] m.e.manticore:INFO: Starting symbolic create contract
