2023-07-03 15:55:40,883: [11] m.main:INFO: Registered plugins: IntrospectionAPIPlugin, <class 'manticore.ethereum.plugins.SkipRevertBasicBlocks'>, <class 'manticore.ethereum.plugins.FilterFunctions'>
2023-07-03 15:55:40,883: [11] m.main:INFO: Beginning analysis
2023-07-03 15:55:40,885: [11] m.e.manticore:INFO: Starting symbolic create contract
2023-07-03 15:55:42,394: [11] m.e.manticore:INFO: Starting symbolic transaction: 0
2023-07-03 15:55:42,519: [11] m.e.manticore:INFO: 0 alive states, 1 terminated states
2023-07-03 15:55:42,564: [11] m.e.manticore:INFO: Starting symbolic transaction: 1
2023-07-03 15:55:42,854: [11] m.c.manticore:INFO: Results in /mcore_h0xfylu5
2023-07-03 15:55:42,854: [11] m.c.manticore:INFO: Total time: 0.4579167366027832
2023-07-03 15:55:43,613: [70] m.main:INFO: Registered plugins: IntrospectionAPIPlugin, <class 'manticore.ethereum.plugins.SkipRevertBasicBlocks'>, <class 'manticore.ethereum.plugins.FilterFunctions'>
2023-07-03 15:55:43,613: [70] m.main:INFO: Beginning analysis
2023-07-03 15:55:43,615: [70] m.e.manticore:INFO: Starting symbolic create contract
2023-07-03 15:55:44,902: [70] m.e.manticore:INFO: Starting symbolic transaction: 0
2023-07-03 15:55:45,035: [70] m.e.manticore:INFO: 0 alive states, 1 terminated states
2023-07-03 15:55:45,086: [70] m.e.manticore:INFO: Starting symbolic transaction: 1
2023-07-03 15:55:45,341: [70] m.c.manticore:INFO: Results in /mcore_e0179ost
2023-07-03 15:55:45,341: [70] m.c.manticore:INFO: Total time: 0.43619203567504883
2023-07-03 15:55:45,979: [129] m.main:INFO: Registered plugins: IntrospectionAPIPlugin, <class 'manticore.ethereum.plugins.SkipRevertBasicBlocks'>, <class 'manticore.ethereum.plugins.FilterFunctions'>
2023-07-03 15:55:45,980: [129] m.main:INFO: Beginning analysis
2023-07-03 15:55:45,984: [129] m.e.manticore:INFO: Starting symbolic create contract
2023-07-03 15:55:47,966: [129] m.e.manticore:INFO: Starting symbolic transaction: 0
2023-07-03 15:55:53,648: [129] m.e.manticore:INFO: 0 alive states, 3 terminated states
2023-07-03 15:55:53,938: [129] m.c.manticore:INFO: Results in /mcore_gez0r47k
2023-07-03 15:55:53,938: [129] m.c.manticore:INFO: Total time: 5.960869073867798
2023-07-03 15:55:54,636: [200] m.main:INFO: Registered plugins: IntrospectionAPIPlugin, <class 'manticore.ethereum.plugins.SkipRevertBasicBlocks'>, <class 'manticore.ethereum.plugins.FilterFunctions'>
2023-07-03 15:55:54,636: [200] m.main:INFO: Beginning analysis
2023-07-03 15:55:54,639: [200] m.e.manticore:INFO: Starting symbolic create contract
