2023-07-03 16:48:02,634: [11] m.main:INFO: Registered plugins: IntrospectionAPIPlugin, <class 'manticore.ethereum.plugins.SkipRevertBasicBlocks'>, <class 'manticore.ethereum.plugins.FilterFunctions'>
2023-07-03 16:48:02,634: [11] m.main:INFO: Beginning analysis
2023-07-03 16:48:02,637: [11] m.e.manticore:INFO: Starting symbolic create contract
2023-07-03 16:48:05,937: [11] m.e.manticore:INFO: Starting symbolic transaction: 0
2023-07-03 16:48:46,908: [11] m.e.manticore:INFO: 2 alive states, 3 terminated states
2023-07-03 16:48:48,581: [11] m.e.manticore:INFO: Starting symbolic transaction: 1
2023-07-03 16:50:17,249: [11] m.e.manticore:INFO: 4 alive states, 7 terminated states
2023-07-03 16:50:19,801: [88] m.c.manticore:INFO: Generated testcase No. 0 - RETURN(3 txs)
2023-07-03 16:50:19,802: [89] m.c.manticore:INFO: Generated testcase No. 3 - RETURN(3 txs)
2023-07-03 16:50:19,802: [88] m.c.plugin:WARNING: Caught will_solve in state None, but failed to capture its initialization
2023-07-03 16:50:19,803: [89] m.c.plugin:WARNING: Caught will_solve in state None, but failed to capture its initialization
2023-07-03 16:50:19,805: [86] m.c.manticore:INFO: Generated testcase No. 1 - RETURN(3 txs)
2023-07-03 16:50:19,806: [86] m.c.plugin:WARNING: Caught will_solve in state None, but failed to capture its initialization
2023-07-03 16:50:19,810: [87] m.c.manticore:INFO: Generated testcase No. 2 - RETURN(3 txs)
2023-07-03 16:50:19,811: [87] m.c.plugin:WARNING: Caught will_solve in state None, but failed to capture its initialization
2023-07-03 16:50:28,206: [11] m.c.manticore:INFO: Results in /mcore_4kucbjmc
2023-07-03 16:50:28,206: [11] m.c.manticore:INFO: Total time: 99.41757106781006
2023-07-03 16:50:28,928: [132] m.main:INFO: Registered plugins: IntrospectionAPIPlugin, <class 'manticore.ethereum.plugins.SkipRevertBasicBlocks'>, <class 'manticore.ethereum.plugins.FilterFunctions'>
2023-07-03 16:50:28,928: [132] m.main:INFO: Beginning analysis
2023-07-03 16:50:28,931: [132] m.e.manticore:INFO: Starting symbolic create contract
2023-07-03 16:50:47,722: [132] m.e.manticore:INFO: Starting symbolic transaction: 0
