2023-07-03 16:10:39,244: [11] m.main:INFO: Registered plugins: IntrospectionAPIPlugin, <class 'manticore.ethereum.plugins.SkipRevertBasicBlocks'>, <class 'manticore.ethereum.plugins.FilterFunctions'>
2023-07-03 16:10:39,244: [11] m.main:INFO: Beginning analysis
2023-07-03 16:10:39,246: [11] m.e.manticore:INFO: Starting symbolic create contract
2023-07-03 16:10:39,280: [11] m.e.manticore:INFO: Failed to build contract /sb/DynamicLiquidTokenConverter_2.sol:62:27: Errors : Invalid solc compilation Error: Definition of base has to precede definition of derived contract
  --> sb/DynamicLiquidTokenConverter_2.sol:62:27:
   |
62 | interface ITokenHolder is IOwned {
   |                           ^^^^^^


. Solidity failed to generate bytecode for your contract. Check if all the abstract functions are implemented. 
Process Process-1:
Traceback (most recent call last):
  File "/usr/lib/python3.7/multiprocessing/process.py", line 297, in _bootstrap
    self.run()
  File "/usr/lib/python3.7/multiprocessing/process.py", line 99, in run
    self._target(*self._args, **self._kwargs)
  File "/usr/local/lib/python3.7/dist-packages/manticore/ethereum/manticore.py", line 1766, in worker_finalize
    finalizer(q.get_nowait())
  File "/usr/local/lib/python3.7/dist-packages/manticore/ethereum/manticore.py", line 1757, in finalizer
    if only_alive_states and last_tx.result in {"REVERT", "THROW", "TXERROR"}:
AttributeError: 'NoneType' object has no attribute 'result'
2023-07-03 16:10:39,367: [11] m.c.manticore:INFO: Results in /mcore_1iu7ddd0
2023-07-03 16:10:39,367: [11] m.c.manticore:WARNING: Manticore failed to run
2023-07-03 16:10:39,981: [36] m.main:INFO: Registered plugins: IntrospectionAPIPlugin, <class 'manticore.ethereum.plugins.SkipRevertBasicBlocks'>, <class 'manticore.ethereum.plugins.FilterFunctions'>
2023-07-03 16:10:39,981: [36] m.main:INFO: Beginning analysis
2023-07-03 16:10:39,984: [36] m.e.manticore:INFO: Starting symbolic create contract
2023-07-03 16:10:40,035: [36] m.e.manticore:INFO: Failed to build contract TypeError: Errors : Invalid solc compilation Error: Definition of base has to precede definition of derived contract
  --> sb/DynamicLiquidTokenConverter_2.sol:62:27:
   |
62 | interface ITokenHolder is IOwned {
   |                           ^^^^^^


. Solidity failed to generate bytecode for your contract. Check if all the abstract functions are implemented. 
Process Process-1:
Traceback (most recent call last):
  File "/usr/lib/python3.7/multiprocessing/process.py", line 297, in _bootstrap
    self.run()
  File "/usr/lib/python3.7/multiprocessing/process.py", line 99, in run
    self._target(*self._args, **self._kwargs)
  File "/usr/local/lib/python3.7/dist-packages/manticore/ethereum/manticore.py", line 1766, in worker_finalize
    finalizer(q.get_nowait())
  File "/usr/local/lib/python3.7/dist-packages/manticore/ethereum/manticore.py", line 1757, in finalizer
    if only_alive_states and last_tx.result in {"REVERT", "THROW", "TXERROR"}:
AttributeError: 'NoneType' object has no attribute 'result'
2023-07-03 16:10:40,127: [36] m.c.manticore:INFO: Results in /mcore_qip7ros9
2023-07-03 16:10:40,128: [36] m.c.manticore:WARNING: Manticore failed to run
2023-07-03 16:10:40,825: [61] m.main:INFO: Registered plugins: IntrospectionAPIPlugin, <class 'manticore.ethereum.plugins.SkipRevertBasicBlocks'>, <class 'manticore.ethereum.plugins.FilterFunctions'>
2023-07-03 16:10:40,825: [61] m.main:INFO: Beginning analysis
2023-07-03 16:10:40,827: [61] m.e.manticore:INFO: Starting symbolic create contract
2023-07-03 16:10:40,860: [61] m.e.manticore:INFO: Failed to build contract Definition Errors : Invalid solc compilation Error: Definition of base has to precede definition of derived contract
  --> sb/DynamicLiquidTokenConverter_2.sol:62:27:
   |
62 | interface ITokenHolder is IOwned {
   |                           ^^^^^^


. Solidity failed to generate bytecode for your contract. Check if all the abstract functions are implemented. 
Process Process-1:
Traceback (most recent call last):
  File "/usr/lib/python3.7/multiprocessing/process.py", line 297, in _bootstrap
    self.run()
  File "/usr/lib/python3.7/multiprocessing/process.py", line 99, in run
    self._target(*self._args, **self._kwargs)
  File "/usr/local/lib/python3.7/dist-packages/manticore/ethereum/manticore.py", line 1766, in worker_finalize
    finalizer(q.get_nowait())
  File "/usr/local/lib/python3.7/dist-packages/manticore/ethereum/manticore.py", line 1757, in finalizer
    if only_alive_states and last_tx.result in {"REVERT", "THROW", "TXERROR"}:
AttributeError: 'NoneType' object has no attribute 'result'
2023-07-03 16:10:40,940: [61] m.c.manticore:INFO: Results in /mcore_j6ohd5on
2023-07-03 16:10:40,941: [61] m.c.manticore:WARNING: Manticore failed to run
2023-07-03 16:10:41,566: [86] m.main:INFO: Registered plugins: IntrospectionAPIPlugin, <class 'manticore.ethereum.plugins.SkipRevertBasicBlocks'>, <class 'manticore.ethereum.plugins.FilterFunctions'>
2023-07-03 16:10:41,566: [86] m.main:INFO: Beginning analysis
2023-07-03 16:10:41,569: [86] m.e.manticore:INFO: Starting symbolic create contract
2023-07-03 16:10:41,599: [86] m.e.manticore:INFO: Failed to build contract of Errors : Invalid solc compilation Error: Definition of base has to precede definition of derived contract
  --> sb/DynamicLiquidTokenConverter_2.sol:62:27:
   |
62 | interface ITokenHolder is IOwned {
   |                           ^^^^^^


. Solidity failed to generate bytecode for your contract. Check if all the abstract functions are implemented. 
Process Process-1:
Traceback (most recent call last):
  File "/usr/lib/python3.7/multiprocessing/process.py", line 297, in _bootstrap
    self.run()
  File "/usr/lib/python3.7/multiprocessing/process.py", line 99, in run
    self._target(*self._args, **self._kwargs)
  File "/usr/local/lib/python3.7/dist-packages/manticore/ethereum/manticore.py", line 1766, in worker_finalize
    finalizer(q.get_nowait())
  File "/usr/local/lib/python3.7/dist-packages/manticore/ethereum/manticore.py", line 1757, in finalizer
    if only_alive_states and last_tx.result in {"REVERT", "THROW", "TXERROR"}:
AttributeError: 'NoneType' object has no attribute 'result'
2023-07-03 16:10:41,678: [86] m.c.manticore:INFO: Results in /mcore_cq_xptka
2023-07-03 16:10:41,679: [86] m.c.manticore:WARNING: Manticore failed to run
2023-07-03 16:10:42,321: [111] m.main:INFO: Registered plugins: IntrospectionAPIPlugin, <class 'manticore.ethereum.plugins.SkipRevertBasicBlocks'>, <class 'manticore.ethereum.plugins.FilterFunctions'>
2023-07-03 16:10:42,321: [111] m.main:INFO: Beginning analysis
2023-07-03 16:10:42,324: [111] m.e.manticore:INFO: Starting symbolic create contract
2023-07-03 16:10:42,358: [111] m.e.manticore:INFO: Failed to build contract base Errors : Invalid solc compilation Error: Definition of base has to precede definition of derived contract
  --> sb/DynamicLiquidTokenConverter_2.sol:62:27:
   |
62 | interface ITokenHolder is IOwned {
   |                           ^^^^^^


. Solidity failed to generate bytecode for your contract. Check if all the abstract functions are implemented. 
Process Process-1:
Traceback (most recent call last):
  File "/usr/lib/python3.7/multiprocessing/process.py", line 297, in _bootstrap
    self.run()
  File "/usr/lib/python3.7/multiprocessing/process.py", line 99, in run
    self._target(*self._args, **self._kwargs)
  File "/usr/local/lib/python3.7/dist-packages/manticore/ethereum/manticore.py", line 1766, in worker_finalize
    finalizer(q.get_nowait())
  File "/usr/local/lib/python3.7/dist-packages/manticore/ethereum/manticore.py", line 1757, in finalizer
    if only_alive_states and last_tx.result in {"REVERT", "THROW", "TXERROR"}:
AttributeError: 'NoneType' object has no attribute 'result'
2023-07-03 16:10:42,419: [111] m.c.manticore:INFO: Results in /mcore_j84nha38
2023-07-03 16:10:42,420: [111] m.c.manticore:WARNING: Manticore failed to run
2023-07-03 16:10:43,028: [136] m.main:INFO: Registered plugins: IntrospectionAPIPlugin, <class 'manticore.ethereum.plugins.SkipRevertBasicBlocks'>, <class 'manticore.ethereum.plugins.FilterFunctions'>
2023-07-03 16:10:43,029: [136] m.main:INFO: Beginning analysis
2023-07-03 16:10:43,031: [136] m.e.manticore:INFO: Starting symbolic create contract
2023-07-03 16:10:43,072: [136] m.e.manticore:INFO: Failed to build contract has Errors : Invalid solc compilation Error: Definition of base has to precede definition of derived contract
  --> sb/DynamicLiquidTokenConverter_2.sol:62:27:
   |
62 | interface ITokenHolder is IOwned {
   |                           ^^^^^^


. Solidity failed to generate bytecode for your contract. Check if all the abstract functions are implemented. 
Process Process-1:
Traceback (most recent call last):
  File "/usr/lib/python3.7/multiprocessing/process.py", line 297, in _bootstrap
    self.run()
  File "/usr/lib/python3.7/multiprocessing/process.py", line 99, in run
    self._target(*self._args, **self._kwargs)
  File "/usr/local/lib/python3.7/dist-packages/manticore/ethereum/manticore.py", line 1766, in worker_finalize
    finalizer(q.get_nowait())
  File "/usr/local/lib/python3.7/dist-packages/manticore/ethereum/manticore.py", line 1757, in finalizer
    if only_alive_states and last_tx.result in {"REVERT", "THROW", "TXERROR"}:
AttributeError: 'NoneType' object has no attribute 'result'
2023-07-03 16:10:43,165: [136] m.c.manticore:INFO: Results in /mcore_l9954wis
2023-07-03 16:10:43,166: [136] m.c.manticore:WARNING: Manticore failed to run
2023-07-03 16:10:43,779: [161] m.main:INFO: Registered plugins: IntrospectionAPIPlugin, <class 'manticore.ethereum.plugins.SkipRevertBasicBlocks'>, <class 'manticore.ethereum.plugins.FilterFunctions'>
2023-07-03 16:10:43,780: [161] m.main:INFO: Beginning analysis
2023-07-03 16:10:43,783: [161] m.e.manticore:INFO: Starting symbolic create contract
2023-07-03 16:10:43,836: [161] m.e.manticore:INFO: Failed to build contract to Errors : Invalid solc compilation Error: Definition of base has to precede definition of derived contract
  --> sb/DynamicLiquidTokenConverter_2.sol:62:27:
   |
62 | interface ITokenHolder is IOwned {
   |                           ^^^^^^


. Solidity failed to generate bytecode for your contract. Check if all the abstract functions are implemented. 
Process Process-1:
Traceback (most recent call last):
  File "/usr/lib/python3.7/multiprocessing/process.py", line 297, in _bootstrap
    self.run()
  File "/usr/lib/python3.7/multiprocessing/process.py", line 99, in run
    self._target(*self._args, **self._kwargs)
  File "/usr/local/lib/python3.7/dist-packages/manticore/ethereum/manticore.py", line 1766, in worker_finalize
    finalizer(q.get_nowait())
  File "/usr/local/lib/python3.7/dist-packages/manticore/ethereum/manticore.py", line 1757, in finalizer
    if only_alive_states and last_tx.result in {"REVERT", "THROW", "TXERROR"}:
AttributeError: 'NoneType' object has no attribute 'result'
2023-07-03 16:10:43,925: [161] m.c.manticore:INFO: Results in /mcore_srjv1fmn
2023-07-03 16:10:43,926: [161] m.c.manticore:WARNING: Manticore failed to run
2023-07-03 16:10:44,755: [186] m.main:INFO: Registered plugins: IntrospectionAPIPlugin, <class 'manticore.ethereum.plugins.SkipRevertBasicBlocks'>, <class 'manticore.ethereum.plugins.FilterFunctions'>
2023-07-03 16:10:44,755: [186] m.main:INFO: Beginning analysis
2023-07-03 16:10:44,757: [186] m.e.manticore:INFO: Starting symbolic create contract
2023-07-03 16:10:44,806: [186] m.e.manticore:INFO: Failed to build contract precede Errors : Invalid solc compilation Error: Definition of base has to precede definition of derived contract
  --> sb/DynamicLiquidTokenConverter_2.sol:62:27:
   |
62 | interface ITokenHolder is IOwned {
   |                           ^^^^^^


. Solidity failed to generate bytecode for your contract. Check if all the abstract functions are implemented. 
Process Process-1:
Traceback (most recent call last):
  File "/usr/lib/python3.7/multiprocessing/process.py", line 297, in _bootstrap
    self.run()
  File "/usr/lib/python3.7/multiprocessing/process.py", line 99, in run
    self._target(*self._args, **self._kwargs)
  File "/usr/local/lib/python3.7/dist-packages/manticore/ethereum/manticore.py", line 1766, in worker_finalize
    finalizer(q.get_nowait())
  File "/usr/local/lib/python3.7/dist-packages/manticore/ethereum/manticore.py", line 1757, in finalizer
    if only_alive_states and last_tx.result in {"REVERT", "THROW", "TXERROR"}:
AttributeError: 'NoneType' object has no attribute 'result'
2023-07-03 16:10:44,879: [186] m.c.manticore:INFO: Results in /mcore_cpqpfi0c
2023-07-03 16:10:44,880: [186] m.c.manticore:WARNING: Manticore failed to run
2023-07-03 16:10:45,557: [211] m.main:INFO: Registered plugins: IntrospectionAPIPlugin, <class 'manticore.ethereum.plugins.SkipRevertBasicBlocks'>, <class 'manticore.ethereum.plugins.FilterFunctions'>
2023-07-03 16:10:45,557: [211] m.main:INFO: Beginning analysis
2023-07-03 16:10:45,560: [211] m.e.manticore:INFO: Starting symbolic create contract
2023-07-03 16:10:45,608: [211] m.e.manticore:INFO: Failed to build contract definition Errors : Invalid solc compilation Error: Definition of base has to precede definition of derived contract
  --> sb/DynamicLiquidTokenConverter_2.sol:62:27:
   |
62 | interface ITokenHolder is IOwned {
   |                           ^^^^^^


. Solidity failed to generate bytecode for your contract. Check if all the abstract functions are implemented. 
Process Process-1:
Traceback (most recent call last):
  File "/usr/lib/python3.7/multiprocessing/process.py", line 297, in _bootstrap
    self.run()
  File "/usr/lib/python3.7/multiprocessing/process.py", line 99, in run
    self._target(*self._args, **self._kwargs)
  File "/usr/local/lib/python3.7/dist-packages/manticore/ethereum/manticore.py", line 1766, in worker_finalize
    finalizer(q.get_nowait())
  File "/usr/local/lib/python3.7/dist-packages/manticore/ethereum/manticore.py", line 1757, in finalizer
    if only_alive_states and last_tx.result in {"REVERT", "THROW", "TXERROR"}:
AttributeError: 'NoneType' object has no attribute 'result'
2023-07-03 16:10:45,676: [211] m.c.manticore:INFO: Results in /mcore__ha78i4j
2023-07-03 16:10:45,677: [211] m.c.manticore:WARNING: Manticore failed to run
2023-07-03 16:10:46,360: [236] m.main:INFO: Registered plugins: IntrospectionAPIPlugin, <class 'manticore.ethereum.plugins.SkipRevertBasicBlocks'>, <class 'manticore.ethereum.plugins.FilterFunctions'>
2023-07-03 16:10:46,360: [236] m.main:INFO: Beginning analysis
2023-07-03 16:10:46,362: [236] m.e.manticore:INFO: Starting symbolic create contract
2023-07-03 16:10:46,409: [236] m.e.manticore:INFO: Failed to build contract of Errors : Invalid solc compilation Error: Definition of base has to precede definition of derived contract
  --> sb/DynamicLiquidTokenConverter_2.sol:62:27:
   |
62 | interface ITokenHolder is IOwned {
   |                           ^^^^^^


. Solidity failed to generate bytecode for your contract. Check if all the abstract functions are implemented. 
Process Process-1:
Traceback (most recent call last):
  File "/usr/lib/python3.7/multiprocessing/process.py", line 297, in _bootstrap
    self.run()
  File "/usr/lib/python3.7/multiprocessing/process.py", line 99, in run
    self._target(*self._args, **self._kwargs)
  File "/usr/local/lib/python3.7/dist-packages/manticore/ethereum/manticore.py", line 1766, in worker_finalize
    finalizer(q.get_nowait())
  File "/usr/local/lib/python3.7/dist-packages/manticore/ethereum/manticore.py", line 1757, in finalizer
    if only_alive_states and last_tx.result in {"REVERT", "THROW", "TXERROR"}:
AttributeError: 'NoneType' object has no attribute 'result'
2023-07-03 16:10:46,481: [236] m.c.manticore:INFO: Results in /mcore_mvoepj9p
2023-07-03 16:10:46,481: [236] m.c.manticore:WARNING: Manticore failed to run
2023-07-03 16:10:47,076: [261] m.main:INFO: Registered plugins: IntrospectionAPIPlugin, <class 'manticore.ethereum.plugins.SkipRevertBasicBlocks'>, <class 'manticore.ethereum.plugins.FilterFunctions'>
2023-07-03 16:10:47,076: [261] m.main:INFO: Beginning analysis
2023-07-03 16:10:47,079: [261] m.e.manticore:INFO: Starting symbolic create contract
2023-07-03 16:10:47,109: [261] m.e.manticore:INFO: Failed to build contract derived Errors : Invalid solc compilation Error: Definition of base has to precede definition of derived contract
  --> sb/DynamicLiquidTokenConverter_2.sol:62:27:
   |
62 | interface ITokenHolder is IOwned {
   |                           ^^^^^^


. Solidity failed to generate bytecode for your contract. Check if all the abstract functions are implemented. 
Process Process-1:
Traceback (most recent call last):
  File "/usr/lib/python3.7/multiprocessing/process.py", line 297, in _bootstrap
    self.run()
  File "/usr/lib/python3.7/multiprocessing/process.py", line 99, in run
    self._target(*self._args, **self._kwargs)
  File "/usr/local/lib/python3.7/dist-packages/manticore/ethereum/manticore.py", line 1766, in worker_finalize
    finalizer(q.get_nowait())
  File "/usr/local/lib/python3.7/dist-packages/manticore/ethereum/manticore.py", line 1757, in finalizer
    if only_alive_states and last_tx.result in {"REVERT", "THROW", "TXERROR"}:
AttributeError: 'NoneType' object has no attribute 'result'
2023-07-03 16:10:47,187: [261] m.c.manticore:INFO: Results in /mcore_tpoyjxp6
2023-07-03 16:10:47,187: [261] m.c.manticore:WARNING: Manticore failed to run
2023-07-03 16:10:47,853: [286] m.main:INFO: Registered plugins: IntrospectionAPIPlugin, <class 'manticore.ethereum.plugins.SkipRevertBasicBlocks'>, <class 'manticore.ethereum.plugins.FilterFunctions'>
2023-07-03 16:10:47,853: [286] m.main:INFO: Beginning analysis
2023-07-03 16:10:47,856: [286] m.e.manticore:INFO: Starting symbolic create contract
2023-07-03 16:10:47,886: [286] m.e.manticore:INFO: Failed to build contract contract Errors : Invalid solc compilation Error: Definition of base has to precede definition of derived contract
  --> sb/DynamicLiquidTokenConverter_2.sol:62:27:
   |
62 | interface ITokenHolder is IOwned {
   |                           ^^^^^^


. Solidity failed to generate bytecode for your contract. Check if all the abstract functions are implemented. 
Process Process-1:
Traceback (most recent call last):
  File "/usr/lib/python3.7/multiprocessing/process.py", line 297, in _bootstrap
    self.run()
  File "/usr/lib/python3.7/multiprocessing/process.py", line 99, in run
    self._target(*self._args, **self._kwargs)
  File "/usr/local/lib/python3.7/dist-packages/manticore/ethereum/manticore.py", line 1766, in worker_finalize
    finalizer(q.get_nowait())
  File "/usr/local/lib/python3.7/dist-packages/manticore/ethereum/manticore.py", line 1757, in finalizer
    if only_alive_states and last_tx.result in {"REVERT", "THROW", "TXERROR"}:
AttributeError: 'NoneType' object has no attribute 'result'
2023-07-03 16:10:47,957: [286] m.c.manticore:INFO: Results in /mcore_xu2lse08
2023-07-03 16:10:47,957: [286] m.c.manticore:WARNING: Manticore failed to run
2023-07-03 16:10:48,606: [311] m.main:INFO: Registered plugins: IntrospectionAPIPlugin, <class 'manticore.ethereum.plugins.SkipRevertBasicBlocks'>, <class 'manticore.ethereum.plugins.FilterFunctions'>
2023-07-03 16:10:48,606: [311] m.main:INFO: Beginning analysis
2023-07-03 16:10:48,608: [311] m.e.manticore:INFO: Starting symbolic create contract
2023-07-03 16:10:48,642: [311] m.e.manticore:INFO: Failed to build contract interface Errors : Invalid solc compilation Error: Definition of base has to precede definition of derived contract
  --> sb/DynamicLiquidTokenConverter_2.sol:62:27:
   |
62 | interface ITokenHolder is IOwned {
   |                           ^^^^^^


. Solidity failed to generate bytecode for your contract. Check if all the abstract functions are implemented. 
Process Process-1:
Traceback (most recent call last):
  File "/usr/lib/python3.7/multiprocessing/process.py", line 297, in _bootstrap
    self.run()
  File "/usr/lib/python3.7/multiprocessing/process.py", line 99, in run
    self._target(*self._args, **self._kwargs)
  File "/usr/local/lib/python3.7/dist-packages/manticore/ethereum/manticore.py", line 1766, in worker_finalize
    finalizer(q.get_nowait())
  File "/usr/local/lib/python3.7/dist-packages/manticore/ethereum/manticore.py", line 1757, in finalizer
    if only_alive_states and last_tx.result in {"REVERT", "THROW", "TXERROR"}:
AttributeError: 'NoneType' object has no attribute 'result'
2023-07-03 16:10:48,711: [311] m.c.manticore:INFO: Results in /mcore_64xmbwe3
2023-07-03 16:10:48,711: [311] m.c.manticore:WARNING: Manticore failed to run
2023-07-03 16:10:49,369: [336] m.main:INFO: Registered plugins: IntrospectionAPIPlugin, <class 'manticore.ethereum.plugins.SkipRevertBasicBlocks'>, <class 'manticore.ethereum.plugins.FilterFunctions'>
2023-07-03 16:10:49,369: [336] m.main:INFO: Beginning analysis
2023-07-03 16:10:49,372: [336] m.e.manticore:INFO: Starting symbolic create contract
2023-07-03 16:10:49,403: [336] m.e.manticore:INFO: Failed to build contract ITokenHolder Errors : Invalid solc compilation Error: Definition of base has to precede definition of derived contract
  --> sb/DynamicLiquidTokenConverter_2.sol:62:27:
   |
62 | interface ITokenHolder is IOwned {
   |                           ^^^^^^


. Solidity failed to generate bytecode for your contract. Check if all the abstract functions are implemented. 
Process Process-1:
Traceback (most recent call last):
  File "/usr/lib/python3.7/multiprocessing/process.py", line 297, in _bootstrap
    self.run()
  File "/usr/lib/python3.7/multiprocessing/process.py", line 99, in run
    self._target(*self._args, **self._kwargs)
  File "/usr/local/lib/python3.7/dist-packages/manticore/ethereum/manticore.py", line 1766, in worker_finalize
    finalizer(q.get_nowait())
  File "/usr/local/lib/python3.7/dist-packages/manticore/ethereum/manticore.py", line 1757, in finalizer
    if only_alive_states and last_tx.result in {"REVERT", "THROW", "TXERROR"}:
AttributeError: 'NoneType' object has no attribute 'result'
2023-07-03 16:10:49,517: [336] m.c.manticore:INFO: Results in /mcore_l2mkcppa
2023-07-03 16:10:49,517: [336] m.c.manticore:WARNING: Manticore failed to run
2023-07-03 16:10:50,145: [361] m.main:INFO: Registered plugins: IntrospectionAPIPlugin, <class 'manticore.ethereum.plugins.SkipRevertBasicBlocks'>, <class 'manticore.ethereum.plugins.FilterFunctions'>
2023-07-03 16:10:50,145: [361] m.main:INFO: Beginning analysis
2023-07-03 16:10:50,148: [361] m.e.manticore:INFO: Starting symbolic create contract
2023-07-03 16:10:50,179: [361] m.e.manticore:INFO: Failed to build contract is Errors : Invalid solc compilation Error: Definition of base has to precede definition of derived contract
  --> sb/DynamicLiquidTokenConverter_2.sol:62:27:
   |
62 | interface ITokenHolder is IOwned {
   |                           ^^^^^^


. Solidity failed to generate bytecode for your contract. Check if all the abstract functions are implemented. 
Process Process-1:
Traceback (most recent call last):
  File "/usr/lib/python3.7/multiprocessing/process.py", line 297, in _bootstrap
    self.run()
  File "/usr/lib/python3.7/multiprocessing/process.py", line 99, in run
    self._target(*self._args, **self._kwargs)
  File "/usr/local/lib/python3.7/dist-packages/manticore/ethereum/manticore.py", line 1766, in worker_finalize
    finalizer(q.get_nowait())
  File "/usr/local/lib/python3.7/dist-packages/manticore/ethereum/manticore.py", line 1757, in finalizer
    if only_alive_states and last_tx.result in {"REVERT", "THROW", "TXERROR"}:
AttributeError: 'NoneType' object has no attribute 'result'
2023-07-03 16:10:50,255: [361] m.c.manticore:INFO: Results in /mcore_dxhop_ch
2023-07-03 16:10:50,256: [361] m.c.manticore:WARNING: Manticore failed to run
2023-07-03 16:10:51,042: [386] m.main:INFO: Registered plugins: IntrospectionAPIPlugin, <class 'manticore.ethereum.plugins.SkipRevertBasicBlocks'>, <class 'manticore.ethereum.plugins.FilterFunctions'>
2023-07-03 16:10:51,042: [386] m.main:INFO: Beginning analysis
2023-07-03 16:10:51,045: [386] m.e.manticore:INFO: Starting symbolic create contract
2023-07-03 16:10:51,072: [386] m.e.manticore:INFO: Failed to build contract IOwned Errors : Invalid solc compilation Error: Definition of base has to precede definition of derived contract
  --> sb/DynamicLiquidTokenConverter_2.sol:62:27:
   |
62 | interface ITokenHolder is IOwned {
   |                           ^^^^^^


. Solidity failed to generate bytecode for your contract. Check if all the abstract functions are implemented. 
Process Process-1:
Traceback (most recent call last):
  File "/usr/lib/python3.7/multiprocessing/process.py", line 297, in _bootstrap
    self.run()
  File "/usr/lib/python3.7/multiprocessing/process.py", line 99, in run
    self._target(*self._args, **self._kwargs)
  File "/usr/local/lib/python3.7/dist-packages/manticore/ethereum/manticore.py", line 1766, in worker_finalize
    finalizer(q.get_nowait())
  File "/usr/local/lib/python3.7/dist-packages/manticore/ethereum/manticore.py", line 1757, in finalizer
    if only_alive_states and last_tx.result in {"REVERT", "THROW", "TXERROR"}:
AttributeError: 'NoneType' object has no attribute 'result'
2023-07-03 16:10:51,145: [386] m.c.manticore:INFO: Results in /mcore_z5z4t2ol
2023-07-03 16:10:51,145: [386] m.c.manticore:WARNING: Manticore failed to run
2023-07-03 16:10:51,901: [411] m.main:INFO: Registered plugins: IntrospectionAPIPlugin, <class 'manticore.ethereum.plugins.SkipRevertBasicBlocks'>, <class 'manticore.ethereum.plugins.FilterFunctions'>
2023-07-03 16:10:51,901: [411] m.main:INFO: Beginning analysis
2023-07-03 16:10:51,904: [411] m.e.manticore:INFO: Starting symbolic create contract
2023-07-03 16:10:51,944: [411] m.e.manticore:INFO: Failed to build contract { Errors : Invalid solc compilation Error: Definition of base has to precede definition of derived contract
  --> sb/DynamicLiquidTokenConverter_2.sol:62:27:
   |
62 | interface ITokenHolder is IOwned {
   |                           ^^^^^^


. Solidity failed to generate bytecode for your contract. Check if all the abstract functions are implemented. 
Process Process-1:
Traceback (most recent call last):
  File "/usr/lib/python3.7/multiprocessing/process.py", line 297, in _bootstrap
    self.run()
  File "/usr/lib/python3.7/multiprocessing/process.py", line 99, in run
    self._target(*self._args, **self._kwargs)
  File "/usr/local/lib/python3.7/dist-packages/manticore/ethereum/manticore.py", line 1766, in worker_finalize
    finalizer(q.get_nowait())
  File "/usr/local/lib/python3.7/dist-packages/manticore/ethereum/manticore.py", line 1757, in finalizer
    if only_alive_states and last_tx.result in {"REVERT", "THROW", "TXERROR"}:
AttributeError: 'NoneType' object has no attribute 'result'
2023-07-03 16:10:52,028: [411] m.c.manticore:INFO: Results in /mcore_l9s6g1e2
2023-07-03 16:10:52,028: [411] m.c.manticore:WARNING: Manticore failed to run
2023-07-03 16:10:52,732: [436] m.main:INFO: Registered plugins: IntrospectionAPIPlugin, <class 'manticore.ethereum.plugins.SkipRevertBasicBlocks'>, <class 'manticore.ethereum.plugins.FilterFunctions'>
2023-07-03 16:10:52,732: [436] m.main:INFO: Beginning analysis
2023-07-03 16:10:52,736: [436] m.e.manticore:INFO: Starting symbolic create contract
2023-07-03 16:10:52,767: [436] m.e.manticore:INFO: Failed to build contract ^----^ Errors : Invalid solc compilation Error: Definition of base has to precede definition of derived contract
  --> sb/DynamicLiquidTokenConverter_2.sol:62:27:
   |
62 | interface ITokenHolder is IOwned {
   |                           ^^^^^^


. Solidity failed to generate bytecode for your contract. Check if all the abstract functions are implemented. 
Process Process-1:
Traceback (most recent call last):
  File "/usr/lib/python3.7/multiprocessing/process.py", line 297, in _bootstrap
    self.run()
  File "/usr/lib/python3.7/multiprocessing/process.py", line 99, in run
    self._target(*self._args, **self._kwargs)
  File "/usr/local/lib/python3.7/dist-packages/manticore/ethereum/manticore.py", line 1766, in worker_finalize
    finalizer(q.get_nowait())
  File "/usr/local/lib/python3.7/dist-packages/manticore/ethereum/manticore.py", line 1757, in finalizer
    if only_alive_states and last_tx.result in {"REVERT", "THROW", "TXERROR"}:
AttributeError: 'NoneType' object has no attribute 'result'
2023-07-03 16:10:52,835: [436] m.c.manticore:INFO: Results in /mcore_y5sc1emv
2023-07-03 16:10:52,835: [436] m.c.manticore:WARNING: Manticore failed to run
