2023-07-03 16:00:50,750: [11] m.main:INFO: Registered plugins: IntrospectionAPIPlugin, <class 'manticore.ethereum.plugins.SkipRevertBasicBlocks'>, <class 'manticore.ethereum.plugins.FilterFunctions'>
2023-07-03 16:00:50,751: [11] m.main:INFO: Beginning analysis
2023-07-03 16:00:50,754: [11] m.e.manticore:INFO: Starting symbolic create contract
2023-07-03 16:00:52,410: [11] m.e.manticore:INFO: Starting symbolic transaction: 0
2023-07-03 16:00:52,557: [11] m.e.manticore:INFO: 0 alive states, 1 terminated states
2023-07-03 16:00:52,623: [11] m.e.manticore:INFO: Starting symbolic transaction: 1
2023-07-03 16:00:52,923: [11] m.c.manticore:INFO: Results in /mcore_0pfvk7xa
2023-07-03 16:00:52,924: [11] m.c.manticore:INFO: Total time: 0.5098986625671387
2023-07-03 16:00:53,649: [70] m.main:INFO: Registered plugins: IntrospectionAPIPlugin, <class 'manticore.ethereum.plugins.SkipRevertBasicBlocks'>, <class 'manticore.ethereum.plugins.FilterFunctions'>
2023-07-03 16:00:53,649: [70] m.main:INFO: Beginning analysis
2023-07-03 16:00:53,652: [70] m.e.manticore:INFO: Starting symbolic create contract
2023-07-03 16:00:55,073: [70] m.e.manticore:INFO: Starting symbolic transaction: 0
2023-07-03 16:00:55,206: [70] m.e.manticore:INFO: 0 alive states, 1 terminated states
2023-07-03 16:00:55,272: [70] m.e.manticore:INFO: Starting symbolic transaction: 1
2023-07-03 16:00:55,476: [70] m.c.manticore:INFO: Results in /mcore_xack6vg5
2023-07-03 16:00:55,477: [70] m.c.manticore:INFO: Total time: 0.4008052349090576
2023-07-03 16:00:56,108: [129] m.main:INFO: Registered plugins: IntrospectionAPIPlugin, <class 'manticore.ethereum.plugins.SkipRevertBasicBlocks'>, <class 'manticore.ethereum.plugins.FilterFunctions'>
2023-07-03 16:00:56,109: [129] m.main:INFO: Beginning analysis
2023-07-03 16:00:56,114: [129] m.e.manticore:INFO: Starting symbolic create contract
2023-07-03 16:00:58,374: [129] m.e.manticore:INFO: Starting symbolic transaction: 0
2023-07-03 16:01:03,653: [129] m.e.manticore:INFO: 0 alive states, 3 terminated states
2023-07-03 16:01:03,973: [129] m.c.manticore:INFO: Results in /mcore_2tk5qy3q
2023-07-03 16:01:03,973: [129] m.c.manticore:INFO: Total time: 5.572333812713623
2023-07-03 16:01:04,699: [200] m.main:INFO: Registered plugins: IntrospectionAPIPlugin, <class 'manticore.ethereum.plugins.SkipRevertBasicBlocks'>, <class 'manticore.ethereum.plugins.FilterFunctions'>
2023-07-03 16:01:04,699: [200] m.main:INFO: Beginning analysis
2023-07-03 16:01:04,703: [200] m.e.manticore:INFO: Starting symbolic create contract
