2023-07-03 15:54:42,626: [11] m.main:INFO: Registered plugins: IntrospectionAPIPlugin, <class 'manticore.ethereum.plugins.SkipRevertBasicBlocks'>, <class 'manticore.ethereum.plugins.FilterFunctions'>
2023-07-03 15:54:42,627: [11] m.main:INFO: Beginning analysis
2023-07-03 15:54:42,629: [11] m.e.manticore:INFO: Starting symbolic create contract
2023-07-03 15:54:42,668: [11] m.e.manticore:INFO: Failed to build contract /sb/MarginCalculator_6.sol:980:11: Errors : Invalid solc compilation Error: Identifier not found or not unique.
   --> sb/MarginCalculator_6.sol:980:11:
    |
980 |     using FPI for FPI.FixedPointInt;
    |           ^^^


. Solidity failed to generate bytecode for your contract. Check if all the abstract functions are implemented. 
Process Process-1:
Traceback (most recent call last):
  File "/usr/lib/python3.7/multiprocessing/process.py", line 297, in _bootstrap
    self.run()
  File "/usr/lib/python3.7/multiprocessing/process.py", line 99, in run
    self._target(*self._args, **self._kwargs)
  File "/usr/local/lib/python3.7/dist-packages/manticore/ethereum/manticore.py", line 1766, in worker_finalize
    finalizer(q.get_nowait())
  File "/usr/local/lib/python3.7/dist-packages/manticore/ethereum/manticore.py", line 1757, in finalizer
    if only_alive_states and last_tx.result in {"REVERT", "THROW", "TXERROR"}:
AttributeError: 'NoneType' object has no attribute 'result'
2023-07-03 15:54:42,747: [11] m.c.manticore:INFO: Results in /mcore__gemdp6t
2023-07-03 15:54:42,747: [11] m.c.manticore:WARNING: Manticore failed to run
2023-07-03 15:54:43,451: [36] m.main:INFO: Registered plugins: IntrospectionAPIPlugin, <class 'manticore.ethereum.plugins.SkipRevertBasicBlocks'>, <class 'manticore.ethereum.plugins.FilterFunctions'>
2023-07-03 15:54:43,452: [36] m.main:INFO: Beginning analysis
2023-07-03 15:54:43,454: [36] m.e.manticore:INFO: Starting symbolic create contract
2023-07-03 15:54:43,486: [36] m.e.manticore:INFO: Failed to build contract DeclarationError: Errors : Invalid solc compilation Error: Identifier not found or not unique.
   --> sb/MarginCalculator_6.sol:980:11:
    |
980 |     using FPI for FPI.FixedPointInt;
    |           ^^^


. Solidity failed to generate bytecode for your contract. Check if all the abstract functions are implemented. 
Process Process-1:
Traceback (most recent call last):
  File "/usr/lib/python3.7/multiprocessing/process.py", line 297, in _bootstrap
    self.run()
  File "/usr/lib/python3.7/multiprocessing/process.py", line 99, in run
    self._target(*self._args, **self._kwargs)
  File "/usr/local/lib/python3.7/dist-packages/manticore/ethereum/manticore.py", line 1766, in worker_finalize
    finalizer(q.get_nowait())
  File "/usr/local/lib/python3.7/dist-packages/manticore/ethereum/manticore.py", line 1757, in finalizer
    if only_alive_states and last_tx.result in {"REVERT", "THROW", "TXERROR"}:
AttributeError: 'NoneType' object has no attribute 'result'
2023-07-03 15:54:43,551: [36] m.c.manticore:INFO: Results in /mcore_lhr0smrc
2023-07-03 15:54:43,552: [36] m.c.manticore:WARNING: Manticore failed to run
2023-07-03 15:54:44,334: [61] m.main:INFO: Registered plugins: IntrospectionAPIPlugin, <class 'manticore.ethereum.plugins.SkipRevertBasicBlocks'>, <class 'manticore.ethereum.plugins.FilterFunctions'>
2023-07-03 15:54:44,334: [61] m.main:INFO: Beginning analysis
2023-07-03 15:54:44,336: [61] m.e.manticore:INFO: Starting symbolic create contract
2023-07-03 15:54:44,374: [61] m.e.manticore:INFO: Failed to build contract Identifier Errors : Invalid solc compilation Error: Identifier not found or not unique.
   --> sb/MarginCalculator_6.sol:980:11:
    |
980 |     using FPI for FPI.FixedPointInt;
    |           ^^^


. Solidity failed to generate bytecode for your contract. Check if all the abstract functions are implemented. 
Process Process-1:
Traceback (most recent call last):
  File "/usr/lib/python3.7/multiprocessing/process.py", line 297, in _bootstrap
    self.run()
  File "/usr/lib/python3.7/multiprocessing/process.py", line 99, in run
    self._target(*self._args, **self._kwargs)
  File "/usr/local/lib/python3.7/dist-packages/manticore/ethereum/manticore.py", line 1766, in worker_finalize
    finalizer(q.get_nowait())
  File "/usr/local/lib/python3.7/dist-packages/manticore/ethereum/manticore.py", line 1757, in finalizer
    if only_alive_states and last_tx.result in {"REVERT", "THROW", "TXERROR"}:
AttributeError: 'NoneType' object has no attribute 'result'
2023-07-03 15:54:44,463: [61] m.c.manticore:INFO: Results in /mcore_j08pu8zb
2023-07-03 15:54:44,463: [61] m.c.manticore:WARNING: Manticore failed to run
2023-07-03 15:54:45,170: [86] m.main:INFO: Registered plugins: IntrospectionAPIPlugin, <class 'manticore.ethereum.plugins.SkipRevertBasicBlocks'>, <class 'manticore.ethereum.plugins.FilterFunctions'>
2023-07-03 15:54:45,171: [86] m.main:INFO: Beginning analysis
2023-07-03 15:54:45,173: [86] m.e.manticore:INFO: Starting symbolic create contract
2023-07-03 15:54:45,226: [86] m.e.manticore:INFO: Failed to build contract not Errors : Invalid solc compilation Error: Identifier not found or not unique.
   --> sb/MarginCalculator_6.sol:980:11:
    |
980 |     using FPI for FPI.FixedPointInt;
    |           ^^^


. Solidity failed to generate bytecode for your contract. Check if all the abstract functions are implemented. 
Process Process-1:
Traceback (most recent call last):
  File "/usr/lib/python3.7/multiprocessing/process.py", line 297, in _bootstrap
    self.run()
  File "/usr/lib/python3.7/multiprocessing/process.py", line 99, in run
    self._target(*self._args, **self._kwargs)
  File "/usr/local/lib/python3.7/dist-packages/manticore/ethereum/manticore.py", line 1766, in worker_finalize
    finalizer(q.get_nowait())
  File "/usr/local/lib/python3.7/dist-packages/manticore/ethereum/manticore.py", line 1757, in finalizer
    if only_alive_states and last_tx.result in {"REVERT", "THROW", "TXERROR"}:
AttributeError: 'NoneType' object has no attribute 'result'
2023-07-03 15:54:45,306: [86] m.c.manticore:INFO: Results in /mcore_o6xdpx8f
2023-07-03 15:54:45,306: [86] m.c.manticore:WARNING: Manticore failed to run
2023-07-03 15:54:46,065: [111] m.main:INFO: Registered plugins: IntrospectionAPIPlugin, <class 'manticore.ethereum.plugins.SkipRevertBasicBlocks'>, <class 'manticore.ethereum.plugins.FilterFunctions'>
2023-07-03 15:54:46,065: [111] m.main:INFO: Beginning analysis
2023-07-03 15:54:46,069: [111] m.e.manticore:INFO: Starting symbolic create contract
2023-07-03 15:54:46,121: [111] m.e.manticore:INFO: Failed to build contract found Errors : Invalid solc compilation Error: Identifier not found or not unique.
   --> sb/MarginCalculator_6.sol:980:11:
    |
980 |     using FPI for FPI.FixedPointInt;
    |           ^^^


. Solidity failed to generate bytecode for your contract. Check if all the abstract functions are implemented. 
Process Process-1:
Traceback (most recent call last):
  File "/usr/lib/python3.7/multiprocessing/process.py", line 297, in _bootstrap
    self.run()
  File "/usr/lib/python3.7/multiprocessing/process.py", line 99, in run
    self._target(*self._args, **self._kwargs)
  File "/usr/local/lib/python3.7/dist-packages/manticore/ethereum/manticore.py", line 1766, in worker_finalize
    finalizer(q.get_nowait())
  File "/usr/local/lib/python3.7/dist-packages/manticore/ethereum/manticore.py", line 1757, in finalizer
    if only_alive_states and last_tx.result in {"REVERT", "THROW", "TXERROR"}:
AttributeError: 'NoneType' object has no attribute 'result'
2023-07-03 15:54:46,188: [111] m.c.manticore:INFO: Results in /mcore__jsvsesl
2023-07-03 15:54:46,188: [111] m.c.manticore:WARNING: Manticore failed to run
2023-07-03 15:54:46,934: [136] m.main:INFO: Registered plugins: IntrospectionAPIPlugin, <class 'manticore.ethereum.plugins.SkipRevertBasicBlocks'>, <class 'manticore.ethereum.plugins.FilterFunctions'>
2023-07-03 15:54:46,935: [136] m.main:INFO: Beginning analysis
2023-07-03 15:54:46,938: [136] m.e.manticore:INFO: Starting symbolic create contract
2023-07-03 15:54:46,968: [136] m.e.manticore:INFO: Failed to build contract or Errors : Invalid solc compilation Error: Identifier not found or not unique.
   --> sb/MarginCalculator_6.sol:980:11:
    |
980 |     using FPI for FPI.FixedPointInt;
    |           ^^^


. Solidity failed to generate bytecode for your contract. Check if all the abstract functions are implemented. 
Process Process-1:
Traceback (most recent call last):
  File "/usr/lib/python3.7/multiprocessing/process.py", line 297, in _bootstrap
    self.run()
  File "/usr/lib/python3.7/multiprocessing/process.py", line 99, in run
    self._target(*self._args, **self._kwargs)
  File "/usr/local/lib/python3.7/dist-packages/manticore/ethereum/manticore.py", line 1766, in worker_finalize
    finalizer(q.get_nowait())
  File "/usr/local/lib/python3.7/dist-packages/manticore/ethereum/manticore.py", line 1757, in finalizer
    if only_alive_states and last_tx.result in {"REVERT", "THROW", "TXERROR"}:
AttributeError: 'NoneType' object has no attribute 'result'
2023-07-03 15:54:47,034: [136] m.c.manticore:INFO: Results in /mcore_kna2tk6o
2023-07-03 15:54:47,035: [136] m.c.manticore:WARNING: Manticore failed to run
2023-07-03 15:54:47,674: [161] m.main:INFO: Registered plugins: IntrospectionAPIPlugin, <class 'manticore.ethereum.plugins.SkipRevertBasicBlocks'>, <class 'manticore.ethereum.plugins.FilterFunctions'>
2023-07-03 15:54:47,674: [161] m.main:INFO: Beginning analysis
2023-07-03 15:54:47,677: [161] m.e.manticore:INFO: Starting symbolic create contract
2023-07-03 15:54:47,714: [161] m.e.manticore:INFO: Failed to build contract not Errors : Invalid solc compilation Error: Identifier not found or not unique.
   --> sb/MarginCalculator_6.sol:980:11:
    |
980 |     using FPI for FPI.FixedPointInt;
    |           ^^^


. Solidity failed to generate bytecode for your contract. Check if all the abstract functions are implemented. 
Process Process-1:
Traceback (most recent call last):
  File "/usr/lib/python3.7/multiprocessing/process.py", line 297, in _bootstrap
    self.run()
  File "/usr/lib/python3.7/multiprocessing/process.py", line 99, in run
    self._target(*self._args, **self._kwargs)
  File "/usr/local/lib/python3.7/dist-packages/manticore/ethereum/manticore.py", line 1766, in worker_finalize
    finalizer(q.get_nowait())
  File "/usr/local/lib/python3.7/dist-packages/manticore/ethereum/manticore.py", line 1757, in finalizer
    if only_alive_states and last_tx.result in {"REVERT", "THROW", "TXERROR"}:
AttributeError: 'NoneType' object has no attribute 'result'
2023-07-03 15:54:47,793: [161] m.c.manticore:INFO: Results in /mcore_jyxvuyq8
2023-07-03 15:54:47,793: [161] m.c.manticore:WARNING: Manticore failed to run
2023-07-03 15:54:48,454: [186] m.main:INFO: Registered plugins: IntrospectionAPIPlugin, <class 'manticore.ethereum.plugins.SkipRevertBasicBlocks'>, <class 'manticore.ethereum.plugins.FilterFunctions'>
2023-07-03 15:54:48,455: [186] m.main:INFO: Beginning analysis
2023-07-03 15:54:48,458: [186] m.e.manticore:INFO: Starting symbolic create contract
2023-07-03 15:54:48,506: [186] m.e.manticore:INFO: Failed to build contract unique. Errors : Invalid solc compilation Error: Identifier not found or not unique.
   --> sb/MarginCalculator_6.sol:980:11:
    |
980 |     using FPI for FPI.FixedPointInt;
    |           ^^^


. Solidity failed to generate bytecode for your contract. Check if all the abstract functions are implemented. 
Process Process-1:
Traceback (most recent call last):
  File "/usr/lib/python3.7/multiprocessing/process.py", line 297, in _bootstrap
    self.run()
  File "/usr/lib/python3.7/multiprocessing/process.py", line 99, in run
    self._target(*self._args, **self._kwargs)
  File "/usr/local/lib/python3.7/dist-packages/manticore/ethereum/manticore.py", line 1766, in worker_finalize
    finalizer(q.get_nowait())
  File "/usr/local/lib/python3.7/dist-packages/manticore/ethereum/manticore.py", line 1757, in finalizer
    if only_alive_states and last_tx.result in {"REVERT", "THROW", "TXERROR"}:
AttributeError: 'NoneType' object has no attribute 'result'
2023-07-03 15:54:48,589: [186] m.c.manticore:INFO: Results in /mcore_s7sfxvtq
2023-07-03 15:54:48,589: [186] m.c.manticore:WARNING: Manticore failed to run
2023-07-03 15:54:49,386: [211] m.main:INFO: Registered plugins: IntrospectionAPIPlugin, <class 'manticore.ethereum.plugins.SkipRevertBasicBlocks'>, <class 'manticore.ethereum.plugins.FilterFunctions'>
2023-07-03 15:54:49,386: [211] m.main:INFO: Beginning analysis
2023-07-03 15:54:49,388: [211] m.e.manticore:INFO: Starting symbolic create contract
2023-07-03 15:54:49,429: [211] m.e.manticore:INFO: Failed to build contract using Errors : Invalid solc compilation Error: Identifier not found or not unique.
   --> sb/MarginCalculator_6.sol:980:11:
    |
980 |     using FPI for FPI.FixedPointInt;
    |           ^^^


. Solidity failed to generate bytecode for your contract. Check if all the abstract functions are implemented. 
Process Process-1:
Traceback (most recent call last):
  File "/usr/lib/python3.7/multiprocessing/process.py", line 297, in _bootstrap
    self.run()
  File "/usr/lib/python3.7/multiprocessing/process.py", line 99, in run
    self._target(*self._args, **self._kwargs)
  File "/usr/local/lib/python3.7/dist-packages/manticore/ethereum/manticore.py", line 1766, in worker_finalize
    finalizer(q.get_nowait())
  File "/usr/local/lib/python3.7/dist-packages/manticore/ethereum/manticore.py", line 1757, in finalizer
    if only_alive_states and last_tx.result in {"REVERT", "THROW", "TXERROR"}:
AttributeError: 'NoneType' object has no attribute 'result'
2023-07-03 15:54:49,518: [211] m.c.manticore:INFO: Results in /mcore_ri6w2_kc
2023-07-03 15:54:49,519: [211] m.c.manticore:WARNING: Manticore failed to run
2023-07-03 15:54:50,323: [236] m.main:INFO: Registered plugins: IntrospectionAPIPlugin, <class 'manticore.ethereum.plugins.SkipRevertBasicBlocks'>, <class 'manticore.ethereum.plugins.FilterFunctions'>
2023-07-03 15:54:50,323: [236] m.main:INFO: Beginning analysis
2023-07-03 15:54:50,326: [236] m.e.manticore:INFO: Starting symbolic create contract
2023-07-03 15:54:50,360: [236] m.e.manticore:INFO: Failed to build contract FPI Errors : Invalid solc compilation Error: Identifier not found or not unique.
   --> sb/MarginCalculator_6.sol:980:11:
    |
980 |     using FPI for FPI.FixedPointInt;
    |           ^^^


. Solidity failed to generate bytecode for your contract. Check if all the abstract functions are implemented. 
Process Process-1:
Traceback (most recent call last):
  File "/usr/lib/python3.7/multiprocessing/process.py", line 297, in _bootstrap
    self.run()
  File "/usr/lib/python3.7/multiprocessing/process.py", line 99, in run
    self._target(*self._args, **self._kwargs)
  File "/usr/local/lib/python3.7/dist-packages/manticore/ethereum/manticore.py", line 1766, in worker_finalize
    finalizer(q.get_nowait())
  File "/usr/local/lib/python3.7/dist-packages/manticore/ethereum/manticore.py", line 1757, in finalizer
    if only_alive_states and last_tx.result in {"REVERT", "THROW", "TXERROR"}:
AttributeError: 'NoneType' object has no attribute 'result'
2023-07-03 15:54:50,431: [236] m.c.manticore:INFO: Results in /mcore_wzksyfne
2023-07-03 15:54:50,432: [236] m.c.manticore:WARNING: Manticore failed to run
2023-07-03 15:54:51,040: [261] m.main:INFO: Registered plugins: IntrospectionAPIPlugin, <class 'manticore.ethereum.plugins.SkipRevertBasicBlocks'>, <class 'manticore.ethereum.plugins.FilterFunctions'>
2023-07-03 15:54:51,040: [261] m.main:INFO: Beginning analysis
2023-07-03 15:54:51,042: [261] m.e.manticore:INFO: Starting symbolic create contract
2023-07-03 15:54:51,079: [261] m.e.manticore:INFO: Failed to build contract for Errors : Invalid solc compilation Error: Identifier not found or not unique.
   --> sb/MarginCalculator_6.sol:980:11:
    |
980 |     using FPI for FPI.FixedPointInt;
    |           ^^^


. Solidity failed to generate bytecode for your contract. Check if all the abstract functions are implemented. 
Process Process-1:
Traceback (most recent call last):
  File "/usr/lib/python3.7/multiprocessing/process.py", line 297, in _bootstrap
    self.run()
  File "/usr/lib/python3.7/multiprocessing/process.py", line 99, in run
    self._target(*self._args, **self._kwargs)
  File "/usr/local/lib/python3.7/dist-packages/manticore/ethereum/manticore.py", line 1766, in worker_finalize
    finalizer(q.get_nowait())
  File "/usr/local/lib/python3.7/dist-packages/manticore/ethereum/manticore.py", line 1757, in finalizer
    if only_alive_states and last_tx.result in {"REVERT", "THROW", "TXERROR"}:
AttributeError: 'NoneType' object has no attribute 'result'
2023-07-03 15:54:51,147: [261] m.c.manticore:INFO: Results in /mcore_3w9oivtt
2023-07-03 15:54:51,148: [261] m.c.manticore:WARNING: Manticore failed to run
2023-07-03 15:54:51,865: [286] m.main:INFO: Registered plugins: IntrospectionAPIPlugin, <class 'manticore.ethereum.plugins.SkipRevertBasicBlocks'>, <class 'manticore.ethereum.plugins.FilterFunctions'>
2023-07-03 15:54:51,866: [286] m.main:INFO: Beginning analysis
2023-07-03 15:54:51,869: [286] m.e.manticore:INFO: Starting symbolic create contract
2023-07-03 15:54:51,903: [286] m.e.manticore:INFO: Failed to build contract FPI.FixedPointInt; Errors : Invalid solc compilation Error: Identifier not found or not unique.
   --> sb/MarginCalculator_6.sol:980:11:
    |
980 |     using FPI for FPI.FixedPointInt;
    |           ^^^


. Solidity failed to generate bytecode for your contract. Check if all the abstract functions are implemented. 
Process Process-1:
Traceback (most recent call last):
  File "/usr/lib/python3.7/multiprocessing/process.py", line 297, in _bootstrap
    self.run()
  File "/usr/lib/python3.7/multiprocessing/process.py", line 99, in run
    self._target(*self._args, **self._kwargs)
  File "/usr/local/lib/python3.7/dist-packages/manticore/ethereum/manticore.py", line 1766, in worker_finalize
    finalizer(q.get_nowait())
  File "/usr/local/lib/python3.7/dist-packages/manticore/ethereum/manticore.py", line 1757, in finalizer
    if only_alive_states and last_tx.result in {"REVERT", "THROW", "TXERROR"}:
AttributeError: 'NoneType' object has no attribute 'result'
2023-07-03 15:54:51,983: [286] m.c.manticore:INFO: Results in /mcore_xs0tmia6
2023-07-03 15:54:51,983: [286] m.c.manticore:WARNING: Manticore failed to run
2023-07-03 15:54:52,711: [311] m.main:INFO: Registered plugins: IntrospectionAPIPlugin, <class 'manticore.ethereum.plugins.SkipRevertBasicBlocks'>, <class 'manticore.ethereum.plugins.FilterFunctions'>
2023-07-03 15:54:52,712: [311] m.main:INFO: Beginning analysis
2023-07-03 15:54:52,713: [311] m.e.manticore:INFO: Starting symbolic create contract
2023-07-03 15:54:52,759: [311] m.e.manticore:INFO: Failed to build contract ^-^ Errors : Invalid solc compilation Error: Identifier not found or not unique.
   --> sb/MarginCalculator_6.sol:980:11:
    |
980 |     using FPI for FPI.FixedPointInt;
    |           ^^^


. Solidity failed to generate bytecode for your contract. Check if all the abstract functions are implemented. 
Process Process-1:
Traceback (most recent call last):
  File "/usr/lib/python3.7/multiprocessing/process.py", line 297, in _bootstrap
    self.run()
  File "/usr/lib/python3.7/multiprocessing/process.py", line 99, in run
    self._target(*self._args, **self._kwargs)
  File "/usr/local/lib/python3.7/dist-packages/manticore/ethereum/manticore.py", line 1766, in worker_finalize
    finalizer(q.get_nowait())
  File "/usr/local/lib/python3.7/dist-packages/manticore/ethereum/manticore.py", line 1757, in finalizer
    if only_alive_states and last_tx.result in {"REVERT", "THROW", "TXERROR"}:
AttributeError: 'NoneType' object has no attribute 'result'
2023-07-03 15:54:52,842: [311] m.c.manticore:INFO: Results in /mcore_w8fcbb03
2023-07-03 15:54:52,843: [311] m.c.manticore:WARNING: Manticore failed to run
