2023-07-03 16:00:21,848: [11] m.main:INFO: Registered plugins: IntrospectionAPIPlugin, <class 'manticore.ethereum.plugins.SkipRevertBasicBlocks'>, <class 'manticore.ethereum.plugins.FilterFunctions'>
2023-07-03 16:00:21,848: [11] m.main:INFO: Beginning analysis
2023-07-03 16:00:21,851: [11] m.e.manticore:INFO: Starting symbolic create contract
2023-07-03 16:00:21,892: [11] m.e.manticore:INFO: Failed to build contract /sb/PaymentStartStandardExit_1.sol:1112:34: Errors : Invalid solc compilation sb/PaymentStartStandardExit_1.sol:2:1: Warning: Experimental features are turned on. Do not use experimental features on live deployments.
pragma experimental ABIEncoderV2;
^-------------------------------^
sb/PaymentStartStandardExit_1.sol:1112:34: Error: Identifier not found or not unique.
    function isStandardFinalized(Model.Data calldata self) external view returns (bool);
                                 ^--------^
sb/PaymentStartStandardExit_1.sol:1119:34: Error: Identifier not found or not unique.
    function isProtocolFinalized(Model.Data calldata self) external view returns (bool);
                                 ^--------^

. Solidity failed to generate bytecode for your contract. Check if all the abstract functions are implemented. 
Process Process-1:
Traceback (most recent call last):
  File "/usr/lib/python3.7/multiprocessing/process.py", line 297, in _bootstrap
    self.run()
  File "/usr/lib/python3.7/multiprocessing/process.py", line 99, in run
    self._target(*self._args, **self._kwargs)
  File "/usr/local/lib/python3.7/dist-packages/manticore/ethereum/manticore.py", line 1766, in worker_finalize
    finalizer(q.get_nowait())
  File "/usr/local/lib/python3.7/dist-packages/manticore/ethereum/manticore.py", line 1757, in finalizer
    if only_alive_states and last_tx.result in {"REVERT", "THROW", "TXERROR"}:
AttributeError: 'NoneType' object has no attribute 'result'
2023-07-03 16:00:21,959: [11] m.c.manticore:INFO: Results in /mcore_rwb35ncb
2023-07-03 16:00:21,960: [11] m.c.manticore:WARNING: Manticore failed to run
2023-07-03 16:00:22,612: [36] m.main:INFO: Registered plugins: IntrospectionAPIPlugin, <class 'manticore.ethereum.plugins.SkipRevertBasicBlocks'>, <class 'manticore.ethereum.plugins.FilterFunctions'>
2023-07-03 16:00:22,612: [36] m.main:INFO: Beginning analysis
2023-07-03 16:00:22,615: [36] m.e.manticore:INFO: Starting symbolic create contract
2023-07-03 16:00:22,659: [36] m.e.manticore:INFO: Failed to build contract DeclarationError: Errors : Invalid solc compilation sb/PaymentStartStandardExit_1.sol:2:1: Warning: Experimental features are turned on. Do not use experimental features on live deployments.
pragma experimental ABIEncoderV2;
^-------------------------------^
sb/PaymentStartStandardExit_1.sol:1112:34: Error: Identifier not found or not unique.
    function isStandardFinalized(Model.Data calldata self) external view returns (bool);
                                 ^--------^
sb/PaymentStartStandardExit_1.sol:1119:34: Error: Identifier not found or not unique.
    function isProtocolFinalized(Model.Data calldata self) external view returns (bool);
                                 ^--------^

. Solidity failed to generate bytecode for your contract. Check if all the abstract functions are implemented. 
Process Process-1:
Traceback (most recent call last):
  File "/usr/lib/python3.7/multiprocessing/process.py", line 297, in _bootstrap
    self.run()
  File "/usr/lib/python3.7/multiprocessing/process.py", line 99, in run
    self._target(*self._args, **self._kwargs)
  File "/usr/local/lib/python3.7/dist-packages/manticore/ethereum/manticore.py", line 1766, in worker_finalize
    finalizer(q.get_nowait())
  File "/usr/local/lib/python3.7/dist-packages/manticore/ethereum/manticore.py", line 1757, in finalizer
    if only_alive_states and last_tx.result in {"REVERT", "THROW", "TXERROR"}:
AttributeError: 'NoneType' object has no attribute 'result'
2023-07-03 16:00:22,740: [36] m.c.manticore:INFO: Results in /mcore_w35kej96
2023-07-03 16:00:22,740: [36] m.c.manticore:WARNING: Manticore failed to run
2023-07-03 16:00:23,390: [61] m.main:INFO: Registered plugins: IntrospectionAPIPlugin, <class 'manticore.ethereum.plugins.SkipRevertBasicBlocks'>, <class 'manticore.ethereum.plugins.FilterFunctions'>
2023-07-03 16:00:23,391: [61] m.main:INFO: Beginning analysis
2023-07-03 16:00:23,395: [61] m.e.manticore:INFO: Starting symbolic create contract
2023-07-03 16:00:23,436: [61] m.e.manticore:INFO: Failed to build contract Identifier Errors : Invalid solc compilation sb/PaymentStartStandardExit_1.sol:2:1: Warning: Experimental features are turned on. Do not use experimental features on live deployments.
pragma experimental ABIEncoderV2;
^-------------------------------^
sb/PaymentStartStandardExit_1.sol:1112:34: Error: Identifier not found or not unique.
    function isStandardFinalized(Model.Data calldata self) external view returns (bool);
                                 ^--------^
sb/PaymentStartStandardExit_1.sol:1119:34: Error: Identifier not found or not unique.
    function isProtocolFinalized(Model.Data calldata self) external view returns (bool);
                                 ^--------^

. Solidity failed to generate bytecode for your contract. Check if all the abstract functions are implemented. 
Process Process-1:
Traceback (most recent call last):
  File "/usr/lib/python3.7/multiprocessing/process.py", line 297, in _bootstrap
    self.run()
  File "/usr/lib/python3.7/multiprocessing/process.py", line 99, in run
    self._target(*self._args, **self._kwargs)
  File "/usr/local/lib/python3.7/dist-packages/manticore/ethereum/manticore.py", line 1766, in worker_finalize
    finalizer(q.get_nowait())
  File "/usr/local/lib/python3.7/dist-packages/manticore/ethereum/manticore.py", line 1757, in finalizer
    if only_alive_states and last_tx.result in {"REVERT", "THROW", "TXERROR"}:
AttributeError: 'NoneType' object has no attribute 'result'
2023-07-03 16:00:23,523: [61] m.c.manticore:INFO: Results in /mcore_8tvm45q1
2023-07-03 16:00:23,524: [61] m.c.manticore:WARNING: Manticore failed to run
2023-07-03 16:00:24,290: [86] m.main:INFO: Registered plugins: IntrospectionAPIPlugin, <class 'manticore.ethereum.plugins.SkipRevertBasicBlocks'>, <class 'manticore.ethereum.plugins.FilterFunctions'>
2023-07-03 16:00:24,291: [86] m.main:INFO: Beginning analysis
2023-07-03 16:00:24,293: [86] m.e.manticore:INFO: Starting symbolic create contract
2023-07-03 16:00:24,331: [86] m.e.manticore:INFO: Failed to build contract not Errors : Invalid solc compilation sb/PaymentStartStandardExit_1.sol:2:1: Warning: Experimental features are turned on. Do not use experimental features on live deployments.
pragma experimental ABIEncoderV2;
^-------------------------------^
sb/PaymentStartStandardExit_1.sol:1112:34: Error: Identifier not found or not unique.
    function isStandardFinalized(Model.Data calldata self) external view returns (bool);
                                 ^--------^
sb/PaymentStartStandardExit_1.sol:1119:34: Error: Identifier not found or not unique.
    function isProtocolFinalized(Model.Data calldata self) external view returns (bool);
                                 ^--------^

. Solidity failed to generate bytecode for your contract. Check if all the abstract functions are implemented. 
Process Process-1:
Traceback (most recent call last):
  File "/usr/lib/python3.7/multiprocessing/process.py", line 297, in _bootstrap
    self.run()
  File "/usr/lib/python3.7/multiprocessing/process.py", line 99, in run
    self._target(*self._args, **self._kwargs)
  File "/usr/local/lib/python3.7/dist-packages/manticore/ethereum/manticore.py", line 1766, in worker_finalize
    finalizer(q.get_nowait())
  File "/usr/local/lib/python3.7/dist-packages/manticore/ethereum/manticore.py", line 1757, in finalizer
    if only_alive_states and last_tx.result in {"REVERT", "THROW", "TXERROR"}:
AttributeError: 'NoneType' object has no attribute 'result'
2023-07-03 16:00:24,400: [86] m.c.manticore:INFO: Results in /mcore_luj0re9o
2023-07-03 16:00:24,401: [86] m.c.manticore:WARNING: Manticore failed to run
2023-07-03 16:00:25,103: [111] m.main:INFO: Registered plugins: IntrospectionAPIPlugin, <class 'manticore.ethereum.plugins.SkipRevertBasicBlocks'>, <class 'manticore.ethereum.plugins.FilterFunctions'>
2023-07-03 16:00:25,103: [111] m.main:INFO: Beginning analysis
2023-07-03 16:00:25,106: [111] m.e.manticore:INFO: Starting symbolic create contract
2023-07-03 16:00:25,150: [111] m.e.manticore:INFO: Failed to build contract found Errors : Invalid solc compilation sb/PaymentStartStandardExit_1.sol:2:1: Warning: Experimental features are turned on. Do not use experimental features on live deployments.
pragma experimental ABIEncoderV2;
^-------------------------------^
sb/PaymentStartStandardExit_1.sol:1112:34: Error: Identifier not found or not unique.
    function isStandardFinalized(Model.Data calldata self) external view returns (bool);
                                 ^--------^
sb/PaymentStartStandardExit_1.sol:1119:34: Error: Identifier not found or not unique.
    function isProtocolFinalized(Model.Data calldata self) external view returns (bool);
                                 ^--------^

. Solidity failed to generate bytecode for your contract. Check if all the abstract functions are implemented. 
Process Process-1:
Traceback (most recent call last):
  File "/usr/lib/python3.7/multiprocessing/process.py", line 297, in _bootstrap
    self.run()
  File "/usr/lib/python3.7/multiprocessing/process.py", line 99, in run
    self._target(*self._args, **self._kwargs)
  File "/usr/local/lib/python3.7/dist-packages/manticore/ethereum/manticore.py", line 1766, in worker_finalize
    finalizer(q.get_nowait())
  File "/usr/local/lib/python3.7/dist-packages/manticore/ethereum/manticore.py", line 1757, in finalizer
    if only_alive_states and last_tx.result in {"REVERT", "THROW", "TXERROR"}:
AttributeError: 'NoneType' object has no attribute 'result'
2023-07-03 16:00:25,229: [111] m.c.manticore:INFO: Results in /mcore_3zt403p7
2023-07-03 16:00:25,229: [111] m.c.manticore:WARNING: Manticore failed to run
2023-07-03 16:00:25,931: [136] m.main:INFO: Registered plugins: IntrospectionAPIPlugin, <class 'manticore.ethereum.plugins.SkipRevertBasicBlocks'>, <class 'manticore.ethereum.plugins.FilterFunctions'>
2023-07-03 16:00:25,931: [136] m.main:INFO: Beginning analysis
2023-07-03 16:00:25,934: [136] m.e.manticore:INFO: Starting symbolic create contract
2023-07-03 16:00:25,980: [136] m.e.manticore:INFO: Failed to build contract or Errors : Invalid solc compilation sb/PaymentStartStandardExit_1.sol:2:1: Warning: Experimental features are turned on. Do not use experimental features on live deployments.
pragma experimental ABIEncoderV2;
^-------------------------------^
sb/PaymentStartStandardExit_1.sol:1112:34: Error: Identifier not found or not unique.
    function isStandardFinalized(Model.Data calldata self) external view returns (bool);
                                 ^--------^
sb/PaymentStartStandardExit_1.sol:1119:34: Error: Identifier not found or not unique.
    function isProtocolFinalized(Model.Data calldata self) external view returns (bool);
                                 ^--------^

. Solidity failed to generate bytecode for your contract. Check if all the abstract functions are implemented. 
Process Process-1:
Traceback (most recent call last):
  File "/usr/lib/python3.7/multiprocessing/process.py", line 297, in _bootstrap
    self.run()
  File "/usr/lib/python3.7/multiprocessing/process.py", line 99, in run
    self._target(*self._args, **self._kwargs)
  File "/usr/local/lib/python3.7/dist-packages/manticore/ethereum/manticore.py", line 1766, in worker_finalize
    finalizer(q.get_nowait())
  File "/usr/local/lib/python3.7/dist-packages/manticore/ethereum/manticore.py", line 1757, in finalizer
    if only_alive_states and last_tx.result in {"REVERT", "THROW", "TXERROR"}:
AttributeError: 'NoneType' object has no attribute 'result'
2023-07-03 16:00:26,052: [136] m.c.manticore:INFO: Results in /mcore_vyzw6ihu
2023-07-03 16:00:26,052: [136] m.c.manticore:WARNING: Manticore failed to run
2023-07-03 16:00:26,820: [161] m.main:INFO: Registered plugins: IntrospectionAPIPlugin, <class 'manticore.ethereum.plugins.SkipRevertBasicBlocks'>, <class 'manticore.ethereum.plugins.FilterFunctions'>
2023-07-03 16:00:26,820: [161] m.main:INFO: Beginning analysis
2023-07-03 16:00:26,824: [161] m.e.manticore:INFO: Starting symbolic create contract
2023-07-03 16:00:26,862: [161] m.e.manticore:INFO: Failed to build contract not Errors : Invalid solc compilation sb/PaymentStartStandardExit_1.sol:2:1: Warning: Experimental features are turned on. Do not use experimental features on live deployments.
pragma experimental ABIEncoderV2;
^-------------------------------^
sb/PaymentStartStandardExit_1.sol:1112:34: Error: Identifier not found or not unique.
    function isStandardFinalized(Model.Data calldata self) external view returns (bool);
                                 ^--------^
sb/PaymentStartStandardExit_1.sol:1119:34: Error: Identifier not found or not unique.
    function isProtocolFinalized(Model.Data calldata self) external view returns (bool);
                                 ^--------^

. Solidity failed to generate bytecode for your contract. Check if all the abstract functions are implemented. 
Process Process-1:
Traceback (most recent call last):
  File "/usr/lib/python3.7/multiprocessing/process.py", line 297, in _bootstrap
    self.run()
  File "/usr/lib/python3.7/multiprocessing/process.py", line 99, in run
    self._target(*self._args, **self._kwargs)
  File "/usr/local/lib/python3.7/dist-packages/manticore/ethereum/manticore.py", line 1766, in worker_finalize
    finalizer(q.get_nowait())
  File "/usr/local/lib/python3.7/dist-packages/manticore/ethereum/manticore.py", line 1757, in finalizer
    if only_alive_states and last_tx.result in {"REVERT", "THROW", "TXERROR"}:
AttributeError: 'NoneType' object has no attribute 'result'
2023-07-03 16:00:26,955: [161] m.c.manticore:INFO: Results in /mcore_uf31c838
2023-07-03 16:00:26,955: [161] m.c.manticore:WARNING: Manticore failed to run
2023-07-03 16:00:27,640: [186] m.main:INFO: Registered plugins: IntrospectionAPIPlugin, <class 'manticore.ethereum.plugins.SkipRevertBasicBlocks'>, <class 'manticore.ethereum.plugins.FilterFunctions'>
2023-07-03 16:00:27,640: [186] m.main:INFO: Beginning analysis
2023-07-03 16:00:27,644: [186] m.e.manticore:INFO: Starting symbolic create contract
2023-07-03 16:00:27,687: [186] m.e.manticore:INFO: Failed to build contract unique. Errors : Invalid solc compilation sb/PaymentStartStandardExit_1.sol:2:1: Warning: Experimental features are turned on. Do not use experimental features on live deployments.
pragma experimental ABIEncoderV2;
^-------------------------------^
sb/PaymentStartStandardExit_1.sol:1112:34: Error: Identifier not found or not unique.
    function isStandardFinalized(Model.Data calldata self) external view returns (bool);
                                 ^--------^
sb/PaymentStartStandardExit_1.sol:1119:34: Error: Identifier not found or not unique.
    function isProtocolFinalized(Model.Data calldata self) external view returns (bool);
                                 ^--------^

. Solidity failed to generate bytecode for your contract. Check if all the abstract functions are implemented. 
Process Process-1:
Traceback (most recent call last):
  File "/usr/lib/python3.7/multiprocessing/process.py", line 297, in _bootstrap
    self.run()
  File "/usr/lib/python3.7/multiprocessing/process.py", line 99, in run
    self._target(*self._args, **self._kwargs)
  File "/usr/local/lib/python3.7/dist-packages/manticore/ethereum/manticore.py", line 1766, in worker_finalize
    finalizer(q.get_nowait())
  File "/usr/local/lib/python3.7/dist-packages/manticore/ethereum/manticore.py", line 1757, in finalizer
    if only_alive_states and last_tx.result in {"REVERT", "THROW", "TXERROR"}:
AttributeError: 'NoneType' object has no attribute 'result'
2023-07-03 16:00:27,766: [186] m.c.manticore:INFO: Results in /mcore_4dgnpdf4
2023-07-03 16:00:27,766: [186] m.c.manticore:WARNING: Manticore failed to run
2023-07-03 16:00:28,422: [211] m.main:INFO: Registered plugins: IntrospectionAPIPlugin, <class 'manticore.ethereum.plugins.SkipRevertBasicBlocks'>, <class 'manticore.ethereum.plugins.FilterFunctions'>
2023-07-03 16:00:28,422: [211] m.main:INFO: Beginning analysis
2023-07-03 16:00:28,426: [211] m.e.manticore:INFO: Starting symbolic create contract
2023-07-03 16:00:28,474: [211] m.e.manticore:INFO: Failed to build contract function Errors : Invalid solc compilation sb/PaymentStartStandardExit_1.sol:2:1: Warning: Experimental features are turned on. Do not use experimental features on live deployments.
pragma experimental ABIEncoderV2;
^-------------------------------^
sb/PaymentStartStandardExit_1.sol:1112:34: Error: Identifier not found or not unique.
    function isStandardFinalized(Model.Data calldata self) external view returns (bool);
                                 ^--------^
sb/PaymentStartStandardExit_1.sol:1119:34: Error: Identifier not found or not unique.
    function isProtocolFinalized(Model.Data calldata self) external view returns (bool);
                                 ^--------^

. Solidity failed to generate bytecode for your contract. Check if all the abstract functions are implemented. 
Process Process-1:
Traceback (most recent call last):
  File "/usr/lib/python3.7/multiprocessing/process.py", line 297, in _bootstrap
    self.run()
  File "/usr/lib/python3.7/multiprocessing/process.py", line 99, in run
    self._target(*self._args, **self._kwargs)
  File "/usr/local/lib/python3.7/dist-packages/manticore/ethereum/manticore.py", line 1766, in worker_finalize
    finalizer(q.get_nowait())
  File "/usr/local/lib/python3.7/dist-packages/manticore/ethereum/manticore.py", line 1757, in finalizer
    if only_alive_states and last_tx.result in {"REVERT", "THROW", "TXERROR"}:
AttributeError: 'NoneType' object has no attribute 'result'
2023-07-03 16:00:28,563: [211] m.c.manticore:INFO: Results in /mcore_u1orfb0r
2023-07-03 16:00:28,564: [211] m.c.manticore:WARNING: Manticore failed to run
2023-07-03 16:00:29,309: [236] m.main:INFO: Registered plugins: IntrospectionAPIPlugin, <class 'manticore.ethereum.plugins.SkipRevertBasicBlocks'>, <class 'manticore.ethereum.plugins.FilterFunctions'>
2023-07-03 16:00:29,309: [236] m.main:INFO: Beginning analysis
2023-07-03 16:00:29,312: [236] m.e.manticore:INFO: Starting symbolic create contract
2023-07-03 16:00:29,341: [236] m.e.manticore:INFO: Failed to build contract isStandardFinalized(Model.Data Errors : Invalid solc compilation sb/PaymentStartStandardExit_1.sol:2:1: Warning: Experimental features are turned on. Do not use experimental features on live deployments.
pragma experimental ABIEncoderV2;
^-------------------------------^
sb/PaymentStartStandardExit_1.sol:1112:34: Error: Identifier not found or not unique.
    function isStandardFinalized(Model.Data calldata self) external view returns (bool);
                                 ^--------^
sb/PaymentStartStandardExit_1.sol:1119:34: Error: Identifier not found or not unique.
    function isProtocolFinalized(Model.Data calldata self) external view returns (bool);
                                 ^--------^

. Solidity failed to generate bytecode for your contract. Check if all the abstract functions are implemented. 
Process Process-2:
Traceback (most recent call last):
  File "/usr/lib/python3.7/multiprocessing/process.py", line 297, in _bootstrap
    self.run()
  File "/usr/lib/python3.7/multiprocessing/process.py", line 99, in run
    self._target(*self._args, **self._kwargs)
  File "/usr/local/lib/python3.7/dist-packages/manticore/ethereum/manticore.py", line 1766, in worker_finalize
    finalizer(q.get_nowait())
  File "/usr/local/lib/python3.7/dist-packages/manticore/ethereum/manticore.py", line 1757, in finalizer
    if only_alive_states and last_tx.result in {"REVERT", "THROW", "TXERROR"}:
AttributeError: 'NoneType' object has no attribute 'result'
2023-07-03 16:00:29,415: [236] m.c.manticore:INFO: Results in /mcore_p4y1ofrx
2023-07-03 16:00:29,416: [236] m.c.manticore:WARNING: Manticore failed to run
2023-07-03 16:00:30,080: [261] m.main:INFO: Registered plugins: IntrospectionAPIPlugin, <class 'manticore.ethereum.plugins.SkipRevertBasicBlocks'>, <class 'manticore.ethereum.plugins.FilterFunctions'>
2023-07-03 16:00:30,081: [261] m.main:INFO: Beginning analysis
2023-07-03 16:00:30,082: [261] m.e.manticore:INFO: Starting symbolic create contract
2023-07-03 16:00:30,117: [261] m.e.manticore:INFO: Failed to build contract calldata Errors : Invalid solc compilation sb/PaymentStartStandardExit_1.sol:2:1: Warning: Experimental features are turned on. Do not use experimental features on live deployments.
pragma experimental ABIEncoderV2;
^-------------------------------^
sb/PaymentStartStandardExit_1.sol:1112:34: Error: Identifier not found or not unique.
    function isStandardFinalized(Model.Data calldata self) external view returns (bool);
                                 ^--------^
sb/PaymentStartStandardExit_1.sol:1119:34: Error: Identifier not found or not unique.
    function isProtocolFinalized(Model.Data calldata self) external view returns (bool);
                                 ^--------^

. Solidity failed to generate bytecode for your contract. Check if all the abstract functions are implemented. 
Process Process-1:
Traceback (most recent call last):
  File "/usr/lib/python3.7/multiprocessing/process.py", line 297, in _bootstrap
    self.run()
  File "/usr/lib/python3.7/multiprocessing/process.py", line 99, in run
    self._target(*self._args, **self._kwargs)
  File "/usr/local/lib/python3.7/dist-packages/manticore/ethereum/manticore.py", line 1766, in worker_finalize
    finalizer(q.get_nowait())
  File "/usr/local/lib/python3.7/dist-packages/manticore/ethereum/manticore.py", line 1757, in finalizer
    if only_alive_states and last_tx.result in {"REVERT", "THROW", "TXERROR"}:
AttributeError: 'NoneType' object has no attribute 'result'
2023-07-03 16:00:30,185: [261] m.c.manticore:INFO: Results in /mcore_miwghnxb
2023-07-03 16:00:30,186: [261] m.c.manticore:WARNING: Manticore failed to run
2023-07-03 16:00:30,859: [286] m.main:INFO: Registered plugins: IntrospectionAPIPlugin, <class 'manticore.ethereum.plugins.SkipRevertBasicBlocks'>, <class 'manticore.ethereum.plugins.FilterFunctions'>
2023-07-03 16:00:30,859: [286] m.main:INFO: Beginning analysis
2023-07-03 16:00:30,862: [286] m.e.manticore:INFO: Starting symbolic create contract
2023-07-03 16:00:30,904: [286] m.e.manticore:INFO: Failed to build contract self) Errors : Invalid solc compilation sb/PaymentStartStandardExit_1.sol:2:1: Warning: Experimental features are turned on. Do not use experimental features on live deployments.
pragma experimental ABIEncoderV2;
^-------------------------------^
sb/PaymentStartStandardExit_1.sol:1112:34: Error: Identifier not found or not unique.
    function isStandardFinalized(Model.Data calldata self) external view returns (bool);
                                 ^--------^
sb/PaymentStartStandardExit_1.sol:1119:34: Error: Identifier not found or not unique.
    function isProtocolFinalized(Model.Data calldata self) external view returns (bool);
                                 ^--------^

. Solidity failed to generate bytecode for your contract. Check if all the abstract functions are implemented. 
Process Process-1:
Traceback (most recent call last):
  File "/usr/lib/python3.7/multiprocessing/process.py", line 297, in _bootstrap
    self.run()
  File "/usr/lib/python3.7/multiprocessing/process.py", line 99, in run
    self._target(*self._args, **self._kwargs)
  File "/usr/local/lib/python3.7/dist-packages/manticore/ethereum/manticore.py", line 1766, in worker_finalize
    finalizer(q.get_nowait())
  File "/usr/local/lib/python3.7/dist-packages/manticore/ethereum/manticore.py", line 1757, in finalizer
    if only_alive_states and last_tx.result in {"REVERT", "THROW", "TXERROR"}:
AttributeError: 'NoneType' object has no attribute 'result'
2023-07-03 16:00:30,983: [286] m.c.manticore:INFO: Results in /mcore_q2ygbh9b
2023-07-03 16:00:30,983: [286] m.c.manticore:WARNING: Manticore failed to run
2023-07-03 16:00:31,722: [311] m.main:INFO: Registered plugins: IntrospectionAPIPlugin, <class 'manticore.ethereum.plugins.SkipRevertBasicBlocks'>, <class 'manticore.ethereum.plugins.FilterFunctions'>
2023-07-03 16:00:31,722: [311] m.main:INFO: Beginning analysis
2023-07-03 16:00:31,725: [311] m.e.manticore:INFO: Starting symbolic create contract
2023-07-03 16:00:31,779: [311] m.e.manticore:INFO: Failed to build contract external Errors : Invalid solc compilation sb/PaymentStartStandardExit_1.sol:2:1: Warning: Experimental features are turned on. Do not use experimental features on live deployments.
pragma experimental ABIEncoderV2;
^-------------------------------^
sb/PaymentStartStandardExit_1.sol:1112:34: Error: Identifier not found or not unique.
    function isStandardFinalized(Model.Data calldata self) external view returns (bool);
                                 ^--------^
sb/PaymentStartStandardExit_1.sol:1119:34: Error: Identifier not found or not unique.
    function isProtocolFinalized(Model.Data calldata self) external view returns (bool);
                                 ^--------^

. Solidity failed to generate bytecode for your contract. Check if all the abstract functions are implemented. 
Process Process-1:
Traceback (most recent call last):
  File "/usr/lib/python3.7/multiprocessing/process.py", line 297, in _bootstrap
    self.run()
  File "/usr/lib/python3.7/multiprocessing/process.py", line 99, in run
    self._target(*self._args, **self._kwargs)
  File "/usr/local/lib/python3.7/dist-packages/manticore/ethereum/manticore.py", line 1766, in worker_finalize
    finalizer(q.get_nowait())
  File "/usr/local/lib/python3.7/dist-packages/manticore/ethereum/manticore.py", line 1757, in finalizer
    if only_alive_states and last_tx.result in {"REVERT", "THROW", "TXERROR"}:
AttributeError: 'NoneType' object has no attribute 'result'
2023-07-03 16:00:31,894: [311] m.c.manticore:INFO: Results in /mcore_hpwldjyr
2023-07-03 16:00:31,894: [311] m.c.manticore:WARNING: Manticore failed to run
2023-07-03 16:00:32,555: [336] m.main:INFO: Registered plugins: IntrospectionAPIPlugin, <class 'manticore.ethereum.plugins.SkipRevertBasicBlocks'>, <class 'manticore.ethereum.plugins.FilterFunctions'>
2023-07-03 16:00:32,555: [336] m.main:INFO: Beginning analysis
2023-07-03 16:00:32,557: [336] m.e.manticore:INFO: Starting symbolic create contract
2023-07-03 16:00:32,606: [336] m.e.manticore:INFO: Failed to build contract view Errors : Invalid solc compilation sb/PaymentStartStandardExit_1.sol:2:1: Warning: Experimental features are turned on. Do not use experimental features on live deployments.
pragma experimental ABIEncoderV2;
^-------------------------------^
sb/PaymentStartStandardExit_1.sol:1112:34: Error: Identifier not found or not unique.
    function isStandardFinalized(Model.Data calldata self) external view returns (bool);
                                 ^--------^
sb/PaymentStartStandardExit_1.sol:1119:34: Error: Identifier not found or not unique.
    function isProtocolFinalized(Model.Data calldata self) external view returns (bool);
                                 ^--------^

. Solidity failed to generate bytecode for your contract. Check if all the abstract functions are implemented. 
Process Process-2:
Traceback (most recent call last):
  File "/usr/lib/python3.7/multiprocessing/process.py", line 297, in _bootstrap
    self.run()
  File "/usr/lib/python3.7/multiprocessing/process.py", line 99, in run
    self._target(*self._args, **self._kwargs)
  File "/usr/local/lib/python3.7/dist-packages/manticore/ethereum/manticore.py", line 1766, in worker_finalize
    finalizer(q.get_nowait())
  File "/usr/local/lib/python3.7/dist-packages/manticore/ethereum/manticore.py", line 1757, in finalizer
    if only_alive_states and last_tx.result in {"REVERT", "THROW", "TXERROR"}:
AttributeError: 'NoneType' object has no attribute 'result'
2023-07-03 16:00:32,684: [336] m.c.manticore:INFO: Results in /mcore_h3eqxzpb
2023-07-03 16:00:32,684: [336] m.c.manticore:WARNING: Manticore failed to run
2023-07-03 16:00:33,343: [361] m.main:INFO: Registered plugins: IntrospectionAPIPlugin, <class 'manticore.ethereum.plugins.SkipRevertBasicBlocks'>, <class 'manticore.ethereum.plugins.FilterFunctions'>
2023-07-03 16:00:33,343: [361] m.main:INFO: Beginning analysis
2023-07-03 16:00:33,347: [361] m.e.manticore:INFO: Starting symbolic create contract
2023-07-03 16:00:33,398: [361] m.e.manticore:INFO: Failed to build contract returns Errors : Invalid solc compilation sb/PaymentStartStandardExit_1.sol:2:1: Warning: Experimental features are turned on. Do not use experimental features on live deployments.
pragma experimental ABIEncoderV2;
^-------------------------------^
sb/PaymentStartStandardExit_1.sol:1112:34: Error: Identifier not found or not unique.
    function isStandardFinalized(Model.Data calldata self) external view returns (bool);
                                 ^--------^
sb/PaymentStartStandardExit_1.sol:1119:34: Error: Identifier not found or not unique.
    function isProtocolFinalized(Model.Data calldata self) external view returns (bool);
                                 ^--------^

. Solidity failed to generate bytecode for your contract. Check if all the abstract functions are implemented. 
Process Process-1:
Traceback (most recent call last):
  File "/usr/lib/python3.7/multiprocessing/process.py", line 297, in _bootstrap
    self.run()
  File "/usr/lib/python3.7/multiprocessing/process.py", line 99, in run
    self._target(*self._args, **self._kwargs)
  File "/usr/local/lib/python3.7/dist-packages/manticore/ethereum/manticore.py", line 1766, in worker_finalize
    finalizer(q.get_nowait())
  File "/usr/local/lib/python3.7/dist-packages/manticore/ethereum/manticore.py", line 1757, in finalizer
    if only_alive_states and last_tx.result in {"REVERT", "THROW", "TXERROR"}:
AttributeError: 'NoneType' object has no attribute 'result'
2023-07-03 16:00:33,470: [361] m.c.manticore:INFO: Results in /mcore_aicvc8uh
2023-07-03 16:00:33,470: [361] m.c.manticore:WARNING: Manticore failed to run
2023-07-03 16:00:34,137: [386] m.main:INFO: Registered plugins: IntrospectionAPIPlugin, <class 'manticore.ethereum.plugins.SkipRevertBasicBlocks'>, <class 'manticore.ethereum.plugins.FilterFunctions'>
2023-07-03 16:00:34,137: [386] m.main:INFO: Beginning analysis
2023-07-03 16:00:34,139: [386] m.e.manticore:INFO: Starting symbolic create contract
2023-07-03 16:00:34,192: [386] m.e.manticore:INFO: Failed to build contract (bool); Errors : Invalid solc compilation sb/PaymentStartStandardExit_1.sol:2:1: Warning: Experimental features are turned on. Do not use experimental features on live deployments.
pragma experimental ABIEncoderV2;
^-------------------------------^
sb/PaymentStartStandardExit_1.sol:1112:34: Error: Identifier not found or not unique.
    function isStandardFinalized(Model.Data calldata self) external view returns (bool);
                                 ^--------^
sb/PaymentStartStandardExit_1.sol:1119:34: Error: Identifier not found or not unique.
    function isProtocolFinalized(Model.Data calldata self) external view returns (bool);
                                 ^--------^

. Solidity failed to generate bytecode for your contract. Check if all the abstract functions are implemented. 
Process Process-1:
Traceback (most recent call last):
  File "/usr/lib/python3.7/multiprocessing/process.py", line 297, in _bootstrap
    self.run()
  File "/usr/lib/python3.7/multiprocessing/process.py", line 99, in run
    self._target(*self._args, **self._kwargs)
  File "/usr/local/lib/python3.7/dist-packages/manticore/ethereum/manticore.py", line 1766, in worker_finalize
    finalizer(q.get_nowait())
  File "/usr/local/lib/python3.7/dist-packages/manticore/ethereum/manticore.py", line 1757, in finalizer
    if only_alive_states and last_tx.result in {"REVERT", "THROW", "TXERROR"}:
AttributeError: 'NoneType' object has no attribute 'result'
2023-07-03 16:00:34,266: [386] m.c.manticore:INFO: Results in /mcore_wwi18css
2023-07-03 16:00:34,267: [386] m.c.manticore:WARNING: Manticore failed to run
2023-07-03 16:00:34,887: [411] m.main:INFO: Registered plugins: IntrospectionAPIPlugin, <class 'manticore.ethereum.plugins.SkipRevertBasicBlocks'>, <class 'manticore.ethereum.plugins.FilterFunctions'>
2023-07-03 16:00:34,888: [411] m.main:INFO: Beginning analysis
2023-07-03 16:00:34,890: [411] m.e.manticore:INFO: Starting symbolic create contract
2023-07-03 16:00:34,918: [411] m.e.manticore:INFO: Failed to build contract ^--------^ Errors : Invalid solc compilation sb/PaymentStartStandardExit_1.sol:2:1: Warning: Experimental features are turned on. Do not use experimental features on live deployments.
pragma experimental ABIEncoderV2;
^-------------------------------^
sb/PaymentStartStandardExit_1.sol:1112:34: Error: Identifier not found or not unique.
    function isStandardFinalized(Model.Data calldata self) external view returns (bool);
                                 ^--------^
sb/PaymentStartStandardExit_1.sol:1119:34: Error: Identifier not found or not unique.
    function isProtocolFinalized(Model.Data calldata self) external view returns (bool);
                                 ^--------^

. Solidity failed to generate bytecode for your contract. Check if all the abstract functions are implemented. 
Process Process-1:
Traceback (most recent call last):
  File "/usr/lib/python3.7/multiprocessing/process.py", line 297, in _bootstrap
    self.run()
  File "/usr/lib/python3.7/multiprocessing/process.py", line 99, in run
    self._target(*self._args, **self._kwargs)
  File "/usr/local/lib/python3.7/dist-packages/manticore/ethereum/manticore.py", line 1766, in worker_finalize
    finalizer(q.get_nowait())
  File "/usr/local/lib/python3.7/dist-packages/manticore/ethereum/manticore.py", line 1757, in finalizer
    if only_alive_states and last_tx.result in {"REVERT", "THROW", "TXERROR"}:
AttributeError: 'NoneType' object has no attribute 'result'
2023-07-03 16:00:34,979: [411] m.c.manticore:INFO: Results in /mcore_3hg7hr6u
2023-07-03 16:00:34,979: [411] m.c.manticore:WARNING: Manticore failed to run
