2023-07-03 16:16:03,300: [11] m.main:INFO: Registered plugins: IntrospectionAPIPlugin, <class 'manticore.ethereum.plugins.SkipRevertBasicBlocks'>, <class 'manticore.ethereum.plugins.FilterFunctions'>
2023-07-03 16:16:03,300: [11] m.main:INFO: Beginning analysis
2023-07-03 16:16:03,302: [11] m.e.manticore:INFO: Starting symbolic create contract
2023-07-03 16:16:04,896: [11] m.e.manticore:INFO: Starting symbolic transaction: 0
2023-07-03 16:16:05,047: [11] m.e.manticore:INFO: 0 alive states, 1 terminated states
2023-07-03 16:16:05,116: [11] m.e.manticore:INFO: Starting symbolic transaction: 1
2023-07-03 16:16:05,394: [11] m.c.manticore:INFO: Results in /mcore_fstadjvx
2023-07-03 16:16:05,394: [11] m.c.manticore:INFO: Total time: 0.4943976402282715
2023-07-03 16:16:06,194: [70] m.main:INFO: Registered plugins: IntrospectionAPIPlugin, <class 'manticore.ethereum.plugins.SkipRevertBasicBlocks'>, <class 'manticore.ethereum.plugins.FilterFunctions'>
2023-07-03 16:16:06,194: [70] m.main:INFO: Beginning analysis
2023-07-03 16:16:06,197: [70] m.e.manticore:INFO: Starting symbolic create contract
2023-07-03 16:16:07,664: [70] m.e.manticore:INFO: Starting symbolic transaction: 0
2023-07-03 16:16:07,831: [70] m.e.manticore:INFO: 0 alive states, 1 terminated states
2023-07-03 16:16:07,896: [70] m.e.manticore:INFO: Starting symbolic transaction: 1
2023-07-03 16:16:08,167: [70] m.c.manticore:INFO: Results in /mcore_hyq93x78
2023-07-03 16:16:08,168: [70] m.c.manticore:INFO: Total time: 0.5001001358032227
2023-07-03 16:16:08,861: [129] m.main:INFO: Registered plugins: IntrospectionAPIPlugin, <class 'manticore.ethereum.plugins.SkipRevertBasicBlocks'>, <class 'manticore.ethereum.plugins.FilterFunctions'>
2023-07-03 16:16:08,861: [129] m.main:INFO: Beginning analysis
2023-07-03 16:16:08,864: [129] m.e.manticore:INFO: Starting symbolic create contract
2023-07-03 16:16:10,969: [129] m.e.manticore:INFO: Starting symbolic transaction: 0
2023-07-03 16:16:16,412: [129] m.e.manticore:INFO: 0 alive states, 3 terminated states
2023-07-03 16:16:16,722: [129] m.c.manticore:INFO: Results in /mcore_u332gnjy
2023-07-03 16:16:16,722: [129] m.c.manticore:INFO: Total time: 5.735910177230835
2023-07-03 16:16:17,379: [200] m.main:INFO: Registered plugins: IntrospectionAPIPlugin, <class 'manticore.ethereum.plugins.SkipRevertBasicBlocks'>, <class 'manticore.ethereum.plugins.FilterFunctions'>
2023-07-03 16:16:17,379: [200] m.main:INFO: Beginning analysis
2023-07-03 16:16:17,382: [200] m.e.manticore:INFO: Starting symbolic create contract
