2023-07-03 15:49:16,706: [11] m.main:INFO: Registered plugins: IntrospectionAPIPlugin, <class 'manticore.ethereum.plugins.SkipRevertBasicBlocks'>, <class 'manticore.ethereum.plugins.FilterFunctions'>
2023-07-03 15:49:16,706: [11] m.main:INFO: Beginning analysis
2023-07-03 15:49:16,708: [11] m.e.manticore:INFO: Starting symbolic create contract
2023-07-03 15:49:17,922: [11] m.e.manticore:INFO: Starting symbolic transaction: 0
2023-07-03 15:49:18,053: [11] m.e.manticore:INFO: 0 alive states, 1 terminated states
2023-07-03 15:49:18,108: [11] m.e.manticore:INFO: Starting symbolic transaction: 1
2023-07-03 15:49:18,341: [11] m.c.manticore:INFO: Results in /mcore_d1o_fvxn
2023-07-03 15:49:18,341: [11] m.c.manticore:INFO: Total time: 0.4133775234222412
2023-07-03 15:49:19,070: [70] m.main:INFO: Registered plugins: IntrospectionAPIPlugin, <class 'manticore.ethereum.plugins.SkipRevertBasicBlocks'>, <class 'manticore.ethereum.plugins.FilterFunctions'>
2023-07-03 15:49:19,071: [70] m.main:INFO: Beginning analysis
2023-07-03 15:49:19,073: [70] m.e.manticore:INFO: Starting symbolic create contract
2023-07-03 15:49:20,450: [70] m.e.manticore:INFO: Starting symbolic transaction: 0
2023-07-03 15:49:20,572: [70] m.e.manticore:INFO: 0 alive states, 1 terminated states
2023-07-03 15:49:20,626: [70] m.e.manticore:INFO: Starting symbolic transaction: 1
2023-07-03 15:49:20,878: [70] m.c.manticore:INFO: Results in /mcore_i77qhdjq
2023-07-03 15:49:20,878: [70] m.c.manticore:INFO: Total time: 0.42539310455322266
2023-07-03 15:49:21,626: [129] m.main:INFO: Registered plugins: IntrospectionAPIPlugin, <class 'manticore.ethereum.plugins.SkipRevertBasicBlocks'>, <class 'manticore.ethereum.plugins.FilterFunctions'>
2023-07-03 15:49:21,626: [129] m.main:INFO: Beginning analysis
2023-07-03 15:49:21,629: [129] m.e.manticore:INFO: Starting symbolic create contract
2023-07-03 15:49:23,731: [129] m.e.manticore:INFO: Starting symbolic transaction: 0
2023-07-03 15:49:29,368: [129] m.e.manticore:INFO: 0 alive states, 3 terminated states
2023-07-03 15:49:29,661: [129] m.c.manticore:INFO: Results in /mcore_tod2xwn_
2023-07-03 15:49:29,661: [129] m.c.manticore:INFO: Total time: 5.908324241638184
2023-07-03 15:49:30,342: [197] m.main:INFO: Registered plugins: IntrospectionAPIPlugin, <class 'manticore.ethereum.plugins.SkipRevertBasicBlocks'>, <class 'manticore.ethereum.plugins.FilterFunctions'>
2023-07-03 15:49:30,342: [197] m.main:INFO: Beginning analysis
2023-07-03 15:49:30,345: [197] m.e.manticore:INFO: Starting symbolic create contract
