2023-07-03 16:16:03,252: [11] m.main:INFO: Registered plugins: IntrospectionAPIPlugin, <class 'manticore.ethereum.plugins.SkipRevertBasicBlocks'>, <class 'manticore.ethereum.plugins.FilterFunctions'>
2023-07-03 16:16:03,253: [11] m.main:INFO: Beginning analysis
2023-07-03 16:16:03,255: [11] m.e.manticore:INFO: Starting symbolic create contract
2023-07-03 16:16:04,157: [11] m.e.manticore:INFO: Starting symbolic transaction: 0
2023-07-03 16:16:04,263: [11] m.e.manticore:INFO: 0 alive states, 2 terminated states
2023-07-03 16:16:04,421: [11] m.c.manticore:INFO: Results in /mcore_kx924ypk
2023-07-03 16:16:04,421: [11] m.c.manticore:INFO: Total time: 0.2604515552520752
2023-07-03 16:16:05,066: [76] m.main:INFO: Registered plugins: IntrospectionAPIPlugin, <class 'manticore.ethereum.plugins.SkipRevertBasicBlocks'>, <class 'manticore.ethereum.plugins.FilterFunctions'>
2023-07-03 16:16:05,066: [76] m.main:INFO: Beginning analysis
2023-07-03 16:16:05,068: [76] m.e.manticore:INFO: Starting symbolic create contract
2023-07-03 16:16:05,956: [76] m.e.manticore:INFO: Starting symbolic transaction: 0
2023-07-03 16:16:06,068: [76] m.e.manticore:INFO: 0 alive states, 2 terminated states
2023-07-03 16:16:06,216: [76] m.c.manticore:INFO: Results in /mcore_6l6pfmal
2023-07-03 16:16:06,217: [76] m.c.manticore:INFO: Total time: 0.25699377059936523
2023-07-03 16:16:06,873: [141] m.main:INFO: Registered plugins: IntrospectionAPIPlugin, <class 'manticore.ethereum.plugins.SkipRevertBasicBlocks'>, <class 'manticore.ethereum.plugins.FilterFunctions'>
2023-07-03 16:16:06,874: [141] m.main:INFO: Beginning analysis
2023-07-03 16:16:06,876: [141] m.e.manticore:INFO: Starting symbolic create contract
2023-07-03 16:16:07,709: [141] m.e.manticore:INFO: Starting symbolic transaction: 0
2023-07-03 16:16:07,841: [141] m.e.manticore:INFO: 0 alive states, 2 terminated states
2023-07-03 16:16:07,979: [141] m.c.manticore:INFO: Results in /mcore_tb8mi19q
2023-07-03 16:16:07,979: [141] m.c.manticore:INFO: Total time: 0.26662373542785645
2023-07-03 16:16:08,618: [206] m.main:INFO: Registered plugins: IntrospectionAPIPlugin, <class 'manticore.ethereum.plugins.SkipRevertBasicBlocks'>, <class 'manticore.ethereum.plugins.FilterFunctions'>
2023-07-03 16:16:08,618: [206] m.main:INFO: Beginning analysis
2023-07-03 16:16:08,621: [206] m.e.manticore:INFO: Starting symbolic create contract
2023-07-03 16:16:09,497: [206] m.e.manticore:INFO: Starting symbolic transaction: 0
2023-07-03 16:16:09,633: [206] m.e.manticore:INFO: 0 alive states, 2 terminated states
2023-07-03 16:16:09,787: [206] m.c.manticore:INFO: Results in /mcore_9fbp5x8f
2023-07-03 16:16:09,788: [206] m.c.manticore:INFO: Total time: 0.2877624034881592
2023-07-03 16:16:10,472: [271] m.main:INFO: Registered plugins: IntrospectionAPIPlugin, <class 'manticore.ethereum.plugins.SkipRevertBasicBlocks'>, <class 'manticore.ethereum.plugins.FilterFunctions'>
2023-07-03 16:16:10,472: [271] m.main:INFO: Beginning analysis
2023-07-03 16:16:10,475: [271] m.e.manticore:INFO: Starting symbolic create contract
2023-07-03 16:16:11,379: [271] m.e.manticore:INFO: Starting symbolic transaction: 0
2023-07-03 16:16:11,914: [271] m.c.worker:ERROR: Exception in state 0: ManticoreError('Forking on unfeasible constraint set')
Traceback (most recent call last):
  File "/usr/local/lib/python3.7/dist-packages/manticore/core/worker.py", line 137, in run
    current_state.execute()
  File "/usr/local/lib/python3.7/dist-packages/manticore/ethereum/state.py", line 8, in execute
    return self._platform.execute()
  File "/usr/local/lib/python3.7/dist-packages/manticore/platforms/evm.py", line 3106, in execute
    self.current_vm.execute()
  File "/usr/local/lib/python3.7/dist-packages/manticore/platforms/evm.py", line 1322, in execute
    raise Concretize("Symbolic PC", expression=expression, setstate=setstate, policy="ALL")
manticore.core.state.Concretize

During handling of the above exception, another exception occurred:

Traceback (most recent call last):
  File "/usr/local/lib/python3.7/dist-packages/manticore/core/worker.py", line 158, in run
    m._fork(current_state, exc.expression, exc.policy, exc.setstate, exc.values)
  File "/usr/local/lib/python3.7/dist-packages/manticore/core/manticore.py", line 518, in _fork
    raise ManticoreError("Forking on unfeasible constraint set")
manticore.exceptions.ManticoreError: Forking on unfeasible constraint set
 
2023-07-03 16:16:11,921: [271] m.e.manticore:INFO: 0 alive states, 1 terminated states
2023-07-03 16:16:12,041: [271] m.c.manticore:INFO: Results in /mcore_u4jmzxmu
2023-07-03 16:16:12,041: [271] m.c.manticore:INFO: Total time: 0.6567606925964355
2023-07-03 16:16:12,688: [333] m.main:INFO: Registered plugins: IntrospectionAPIPlugin, <class 'manticore.ethereum.plugins.SkipRevertBasicBlocks'>, <class 'manticore.ethereum.plugins.FilterFunctions'>
2023-07-03 16:16:12,688: [333] m.main:INFO: Beginning analysis
2023-07-03 16:16:12,691: [333] m.e.manticore:INFO: Starting symbolic create contract
