WARNING:root:You are using solc version 0.5.0. The supported version is 0.4.21.
INFO:root:Contract /sb/StandardBounties_2.sol:AddressUtils:
incomplete push instruction at 69
INFO:symExec:Running, please wait...
INFO:symExec:	============ Results ===========
INFO:symExec:	  EVM code coverage: 	 52.6%
INFO:symExec:	  Arithmetic bugs: 	 False
INFO:symExec:	  └> Overflow bugs: 	 False
INFO:symExec:	  └> Underflow bugs: 	 False
INFO:symExec:	  └> Division bugs: 	 False
INFO:symExec:	  └> Modulo bugs:   	 False
INFO:symExec:	  └> Truncation bugs: 	 False
INFO:symExec:	  └> Signedness bugs: 	 False
INFO:symExec:	  Callstack bug: 	 False
INFO:symExec:	  Concurrency bug: 	 False
INFO:symExec:	  Time dependency bug: 	 False
INFO:symExec:	  Reentrancy bug: 	 False
INFO:symExec:	 --- 0.0212540626526 seconds ---
INFO:symExec:	====== Analysis Completed ======
INFO:root:Contract /sb/StandardBounties_2.sol:ERC20Token:
incomplete push instruction at 2502
INFO:symExec:Running, please wait...
INFO:symExec:	============ Results ===========
INFO:symExec:	  EVM code coverage: 	 98.5%
INFO:symExec:	  Arithmetic bugs: 	 True
INFO:symExec:	  └> Overflow bugs: 	 True
/sb/StandardBounties_2.sol:ERC20Token:70:13
balances[_to] += _value
^
/sb/StandardBounties_2.sol:ERC20Token:80:13
balances[_to] += _value
^
INFO:symExec:	  └> Underflow bugs: 	 False
INFO:symExec:	  └> Division bugs: 	 False
INFO:symExec:	  └> Modulo bugs:   	 False
INFO:symExec:	  └> Truncation bugs: 	 False
INFO:symExec:	  └> Signedness bugs: 	 True
/sb/StandardBounties_2.sol:ERC20Token:14:23
mpiler.
^
/sb/StandardBounties_2.sol:ERC20Token:33:42
successful or not
^
/sb/StandardBounties_2.sol:ERC20Token:25:19
lue The amount of token to be tr
^
/sb/StandardBounties_2.sol:ERC20Token:10:8
t256 public totalSupply;
^
INFO:symExec:	  Callstack bug: 	 False
INFO:symExec:	  Concurrency bug: 	 False
INFO:symExec:	  Time dependency bug: 	 False
INFO:symExec:	  Reentrancy bug: 	 False
INFO:symExec:	 --- 12.6272530556 seconds ---
INFO:symExec:	====== Analysis Completed ======
INFO:root:Contract /sb/StandardBounties_2.sol:ERC721BasicToken:
incomplete push instruction at 5627
INFO:symExec:Running, please wait...
INFO:symExec:	============ Results ===========
INFO:symExec:	  EVM code coverage: 	 75.5%
INFO:symExec:	  Arithmetic bugs: 	 True
INFO:symExec:	  └> Overflow bugs: 	 False
INFO:symExec:	  └> Underflow bugs: 	 False
INFO:symExec:	  └> Division bugs: 	 False
INFO:symExec:	  └> Modulo bugs:   	 False
INFO:symExec:	  └> Truncation bugs: 	 False
INFO:symExec:	  └> Signedness bugs: 	 True
/sb/StandardBounties_2.sol:ERC721BasicToken:92:21
(address _spender, uint256 _valu
^
/sb/StandardBounties_2.sol:ERC721BasicToken:78:83
 balances[_to] + _value > balanc
^
/sb/StandardBounties_2.sol:ERC721BasicToken:65:93
u need to check if it doesn't wr
^
/sb/StandardBounties_2.sol:ERC721BasicToken:38:65
ansfer
^
/sb/StandardBounties_2.sol:ERC721BasicToken:27:63
rns (bool success);
^
/sb/StandardBounties_2.sol:ERC721BasicToken:72:4
         return true;
^
/sb/StandardBounties_2.sol:ERC721BasicToken:32:49
transferred
^
/sb/StandardBounties_2.sol:ERC721BasicToken:21:69
balance);
^
/sb/StandardBounties_2.sol:ERC721BasicToken:48:7
ent Approval(address _owner, addr
^
INFO:symExec:	  Callstack bug: 	 False
INFO:symExec:	  Concurrency bug: 	 False
INFO:symExec:	  Time dependency bug: 	 False
INFO:symExec:	  Reentrancy bug: 	 False
INFO:symExec:	 --- 14.126899004 seconds ---
INFO:symExec:	====== Analysis Completed ======
INFO:root:Contract /sb/StandardBounties_2.sol:ERC721BasicTokenMock:
INFO:symExec:Running, please wait...
INFO:symExec:	============ Results ===========
INFO:symExec:	  EVM code coverage: 	 77.6%
INFO:symExec:	  Arithmetic bugs: 	 True
INFO:symExec:	  └> Overflow bugs: 	 False
INFO:symExec:	  └> Underflow bugs: 	 False
INFO:symExec:	  └> Division bugs: 	 False
INFO:symExec:	  └> Modulo bugs:   	 False
INFO:symExec:	  └> Truncation bugs: 	 False
INFO:symExec:	  └> Signedness bugs: 	 True
/sb/StandardBounties_2.sol:ERC721BasicTokenMock:92:21
(address _spender, uint256 _valu
^
/sb/StandardBounties_2.sol:ERC721BasicTokenMock:78:83
 balances[_to] + _value > balanc
^
/sb/StandardBounties_2.sol:ERC721BasicTokenMock:65:93
u need to check if it doesn't wr
^
/sb/StandardBounties_2.sol:ERC721BasicTokenMock:38:65
ansfer
^
/sb/StandardBounties_2.sol:ERC721BasicTokenMock:27:63
rns (bool success);
^
/sb/StandardBounties_2.sol:ERC721BasicTokenMock:72:4
         return true;
^
/sb/StandardBounties_2.sol:ERC721BasicTokenMock:32:49
transferred
^
/sb/StandardBounties_2.sol:ERC721BasicTokenMock:21:69
balance);
^
/sb/StandardBounties_2.sol:ERC721BasicTokenMock:48:7
ent Approval(address _owner, addr
^
INFO:symExec:	  Callstack bug: 	 False
INFO:symExec:	  Concurrency bug: 	 False
INFO:symExec:	  Time dependency bug: 	 False
INFO:symExec:	  Reentrancy bug: 	 False
INFO:symExec:	 --- 15.5835130215 seconds ---
INFO:symExec:	====== Analysis Completed ======
INFO:root:Contract /sb/StandardBounties_2.sol:SafeMath:
INFO:symExec:Running, please wait...
Traceback (most recent call last):

  .oooooo.             o8o            o8o          
  File "osiris/osiris.py", line 325, in <module>
    main()
  File "osiris/osiris.py", line 308, in main
    analyze(processed_evm_file, disasm_file, SourceMap(cname, args.source))
  File "osiris/osiris.py", line 137, in analyze
    symExec.main(disasm_file, args.source, source_map)
  File "/root/osiris/symExec.py", line 2916, in main
 d8P'  `Y8b            `"'            `"'          
888      888  .oooo.o oooo  oooo d8b oooo   .oooo.o
888      888 d88(  "8 `888  `888""8P `888  d88(  "8
888      888 `"Y88b.   888   888      888  `"Y88b. 
`88b    d88' o.  )88b  888   888      888  o.  )88b
 `Y8bood8P'  8""888P' o888o d888b    o888o 8""888P'






    raise e
IndexError: pop from empty list
