2023-07-03 16:00:01,453: [11] m.main:INFO: Registered plugins: IntrospectionAPIPlugin, <class 'manticore.ethereum.plugins.SkipRevertBasicBlocks'>, <class 'manticore.ethereum.plugins.FilterFunctions'>
2023-07-03 16:00:01,454: [11] m.main:INFO: Beginning analysis
2023-07-03 16:00:01,456: [11] m.e.manticore:INFO: Starting symbolic create contract
2023-07-03 16:00:02,308: [11] m.e.manticore:INFO: Starting symbolic transaction: 0
2023-07-03 16:00:02,428: [11] m.e.manticore:INFO: 0 alive states, 2 terminated states
2023-07-03 16:00:02,575: [11] m.c.manticore:INFO: Results in /mcore_j6o8g6f3
2023-07-03 16:00:02,575: [11] m.c.manticore:INFO: Total time: 0.26353883743286133
2023-07-03 16:00:03,284: [76] m.main:INFO: Registered plugins: IntrospectionAPIPlugin, <class 'manticore.ethereum.plugins.SkipRevertBasicBlocks'>, <class 'manticore.ethereum.plugins.FilterFunctions'>
2023-07-03 16:00:03,284: [76] m.main:INFO: Beginning analysis
2023-07-03 16:00:03,286: [76] m.e.manticore:INFO: Starting symbolic create contract
2023-07-03 16:00:04,143: [76] m.e.manticore:INFO: Starting symbolic transaction: 0
2023-07-03 16:00:04,237: [76] m.e.manticore:INFO: 0 alive states, 2 terminated states
2023-07-03 16:00:04,364: [76] m.c.manticore:INFO: Results in /mcore_42_x2fft
2023-07-03 16:00:04,364: [76] m.c.manticore:INFO: Total time: 0.21808075904846191
2023-07-03 16:00:05,086: [141] m.main:INFO: Registered plugins: IntrospectionAPIPlugin, <class 'manticore.ethereum.plugins.SkipRevertBasicBlocks'>, <class 'manticore.ethereum.plugins.FilterFunctions'>
2023-07-03 16:00:05,086: [141] m.main:INFO: Beginning analysis
2023-07-03 16:00:05,088: [141] m.e.manticore:INFO: Starting symbolic create contract
2023-07-03 16:00:05,944: [141] m.e.manticore:INFO: Starting symbolic transaction: 0
2023-07-03 16:00:06,064: [141] m.e.manticore:INFO: 0 alive states, 2 terminated states
2023-07-03 16:00:06,228: [141] m.c.manticore:INFO: Results in /mcore_7jyjzdac
2023-07-03 16:00:06,228: [141] m.c.manticore:INFO: Total time: 0.28150486946105957
2023-07-03 16:00:06,862: [206] m.main:INFO: Registered plugins: IntrospectionAPIPlugin, <class 'manticore.ethereum.plugins.SkipRevertBasicBlocks'>, <class 'manticore.ethereum.plugins.FilterFunctions'>
2023-07-03 16:00:06,862: [206] m.main:INFO: Beginning analysis
2023-07-03 16:00:06,865: [206] m.e.manticore:INFO: Starting symbolic create contract
2023-07-03 16:00:07,721: [206] m.e.manticore:INFO: Starting symbolic transaction: 0
2023-07-03 16:00:07,864: [206] m.e.manticore:INFO: 0 alive states, 2 terminated states
2023-07-03 16:00:08,025: [206] m.c.manticore:INFO: Results in /mcore_91z63wcr
2023-07-03 16:00:08,025: [206] m.c.manticore:INFO: Total time: 0.3004288673400879
2023-07-03 16:00:08,735: [271] m.main:INFO: Registered plugins: IntrospectionAPIPlugin, <class 'manticore.ethereum.plugins.SkipRevertBasicBlocks'>, <class 'manticore.ethereum.plugins.FilterFunctions'>
2023-07-03 16:00:08,735: [271] m.main:INFO: Beginning analysis
2023-07-03 16:00:08,737: [271] m.e.manticore:INFO: Starting symbolic create contract
2023-07-03 16:00:09,707: [271] m.e.manticore:INFO: Starting symbolic transaction: 0
2023-07-03 16:00:10,433: [271] m.c.worker:ERROR: Exception in state 0: ManticoreError('Forking on unfeasible constraint set')
Traceback (most recent call last):
  File "/usr/local/lib/python3.7/dist-packages/manticore/core/worker.py", line 137, in run
    current_state.execute()
  File "/usr/local/lib/python3.7/dist-packages/manticore/ethereum/state.py", line 8, in execute
    return self._platform.execute()
  File "/usr/local/lib/python3.7/dist-packages/manticore/platforms/evm.py", line 3106, in execute
    self.current_vm.execute()
  File "/usr/local/lib/python3.7/dist-packages/manticore/platforms/evm.py", line 1322, in execute
    raise Concretize("Symbolic PC", expression=expression, setstate=setstate, policy="ALL")
manticore.core.state.Concretize

During handling of the above exception, another exception occurred:

Traceback (most recent call last):
  File "/usr/local/lib/python3.7/dist-packages/manticore/core/worker.py", line 158, in run
    m._fork(current_state, exc.expression, exc.policy, exc.setstate, exc.values)
  File "/usr/local/lib/python3.7/dist-packages/manticore/core/manticore.py", line 518, in _fork
    raise ManticoreError("Forking on unfeasible constraint set")
manticore.exceptions.ManticoreError: Forking on unfeasible constraint set
 
2023-07-03 16:00:10,444: [271] m.e.manticore:INFO: 0 alive states, 1 terminated states
2023-07-03 16:00:10,560: [271] m.c.manticore:INFO: Results in /mcore_1oim3g7_
2023-07-03 16:00:10,561: [271] m.c.manticore:INFO: Total time: 0.8484013080596924
2023-07-03 16:00:11,333: [333] m.main:INFO: Registered plugins: IntrospectionAPIPlugin, <class 'manticore.ethereum.plugins.SkipRevertBasicBlocks'>, <class 'manticore.ethereum.plugins.FilterFunctions'>
2023-07-03 16:00:11,334: [333] m.main:INFO: Beginning analysis
2023-07-03 16:00:11,336: [333] m.e.manticore:INFO: Starting symbolic create contract
