2023-07-03 16:49:15,444: [11] m.main:INFO: Registered plugins: IntrospectionAPIPlugin, <class 'manticore.ethereum.plugins.SkipRevertBasicBlocks'>, <class 'manticore.ethereum.plugins.FilterFunctions'>
2023-07-03 16:49:15,444: [11] m.main:INFO: Beginning analysis
2023-07-03 16:49:15,446: [11] m.e.manticore:INFO: Starting symbolic create contract
2023-07-03 16:49:16,865: [11] m.e.manticore:INFO: Starting symbolic transaction: 0
2023-07-03 16:49:17,012: [11] m.e.manticore:INFO: 0 alive states, 1 terminated states
2023-07-03 16:49:17,069: [11] m.e.manticore:INFO: Starting symbolic transaction: 1
2023-07-03 16:49:17,298: [11] m.c.manticore:INFO: Results in /mcore_a_dl3h3e
2023-07-03 16:49:17,299: [11] m.c.manticore:INFO: Total time: 0.4296088218688965
2023-07-03 16:49:18,017: [70] m.main:INFO: Registered plugins: IntrospectionAPIPlugin, <class 'manticore.ethereum.plugins.SkipRevertBasicBlocks'>, <class 'manticore.ethereum.plugins.FilterFunctions'>
2023-07-03 16:49:18,017: [70] m.main:INFO: Beginning analysis
2023-07-03 16:49:18,020: [70] m.e.manticore:INFO: Starting symbolic create contract
2023-07-03 16:49:19,602: [70] m.e.manticore:INFO: Starting symbolic transaction: 0
2023-07-03 16:49:19,743: [70] m.e.manticore:INFO: 0 alive states, 1 terminated states
2023-07-03 16:49:19,802: [70] m.e.manticore:INFO: Starting symbolic transaction: 1
2023-07-03 16:49:20,118: [70] m.c.manticore:INFO: Results in /mcore_2c2twfii
2023-07-03 16:49:20,119: [70] m.c.manticore:INFO: Total time: 0.5140089988708496
2023-07-03 16:49:20,891: [129] m.main:INFO: Registered plugins: IntrospectionAPIPlugin, <class 'manticore.ethereum.plugins.SkipRevertBasicBlocks'>, <class 'manticore.ethereum.plugins.FilterFunctions'>
2023-07-03 16:49:20,892: [129] m.main:INFO: Beginning analysis
2023-07-03 16:49:20,895: [129] m.e.manticore:INFO: Starting symbolic create contract
2023-07-03 16:49:22,870: [129] m.e.manticore:INFO: Starting symbolic transaction: 0
2023-07-03 16:49:28,085: [129] m.e.manticore:INFO: 0 alive states, 3 terminated states
2023-07-03 16:49:28,489: [129] m.c.manticore:INFO: Results in /mcore_cs8p6nc3
2023-07-03 16:49:28,489: [129] m.c.manticore:INFO: Total time: 5.589634656906128
2023-07-03 16:49:29,288: [197] m.main:INFO: Registered plugins: IntrospectionAPIPlugin, <class 'manticore.ethereum.plugins.SkipRevertBasicBlocks'>, <class 'manticore.ethereum.plugins.FilterFunctions'>
2023-07-03 16:49:29,288: [197] m.main:INFO: Beginning analysis
2023-07-03 16:49:29,291: [197] m.e.manticore:INFO: Starting symbolic create contract
