2023-07-03 16:48:15,557: [11] m.main:INFO: Registered plugins: IntrospectionAPIPlugin, <class 'manticore.ethereum.plugins.SkipRevertBasicBlocks'>, <class 'manticore.ethereum.plugins.FilterFunctions'>
2023-07-03 16:48:15,557: [11] m.main:INFO: Beginning analysis
2023-07-03 16:48:15,560: [11] m.e.manticore:INFO: Starting symbolic create contract
2023-07-03 16:48:16,981: [11] m.e.manticore:INFO: Starting symbolic transaction: 0
2023-07-03 16:48:17,147: [11] m.e.manticore:INFO: 0 alive states, 1 terminated states
2023-07-03 16:48:17,214: [11] m.e.manticore:INFO: Starting symbolic transaction: 1
2023-07-03 16:48:17,496: [11] m.c.manticore:INFO: Results in /mcore_d0r8h41k
2023-07-03 16:48:17,497: [11] m.c.manticore:INFO: Total time: 0.5087976455688477
2023-07-03 16:48:18,184: [70] m.main:INFO: Registered plugins: IntrospectionAPIPlugin, <class 'manticore.ethereum.plugins.SkipRevertBasicBlocks'>, <class 'manticore.ethereum.plugins.FilterFunctions'>
2023-07-03 16:48:18,184: [70] m.main:INFO: Beginning analysis
2023-07-03 16:48:18,187: [70] m.e.manticore:INFO: Starting symbolic create contract
2023-07-03 16:48:19,523: [70] m.e.manticore:INFO: Starting symbolic transaction: 0
2023-07-03 16:48:19,657: [70] m.e.manticore:INFO: 0 alive states, 1 terminated states
2023-07-03 16:48:19,710: [70] m.e.manticore:INFO: Starting symbolic transaction: 1
2023-07-03 16:48:19,957: [70] m.c.manticore:INFO: Results in /mcore_te0u_qxe
2023-07-03 16:48:19,957: [70] m.c.manticore:INFO: Total time: 0.4310624599456787
2023-07-03 16:48:20,662: [129] m.main:INFO: Registered plugins: IntrospectionAPIPlugin, <class 'manticore.ethereum.plugins.SkipRevertBasicBlocks'>, <class 'manticore.ethereum.plugins.FilterFunctions'>
2023-07-03 16:48:20,662: [129] m.main:INFO: Beginning analysis
2023-07-03 16:48:20,664: [129] m.e.manticore:INFO: Starting symbolic create contract
2023-07-03 16:48:23,156: [129] m.e.manticore:INFO: Starting symbolic transaction: 0
2023-07-03 16:48:28,238: [129] m.e.manticore:INFO: 0 alive states, 3 terminated states
2023-07-03 16:48:28,559: [129] m.c.manticore:INFO: Results in /mcore_ft6hmbic
2023-07-03 16:48:28,559: [129] m.c.manticore:INFO: Total time: 5.382494926452637
2023-07-03 16:48:29,351: [197] m.main:INFO: Registered plugins: IntrospectionAPIPlugin, <class 'manticore.ethereum.plugins.SkipRevertBasicBlocks'>, <class 'manticore.ethereum.plugins.FilterFunctions'>
2023-07-03 16:48:29,351: [197] m.main:INFO: Beginning analysis
2023-07-03 16:48:29,354: [197] m.e.manticore:INFO: Starting symbolic create contract
