WARNING:root:You are using solc version 0.5.0. The supported version is 0.4.21.
INFO:root:Contract /sb/StandardBounties_3.sol:AddressUtils:
incomplete push instruction at 83
INFO:symExec:Running, please wait...
INFO:symExec:	============ Results ===========
INFO:symExec:	  EVM code coverage: 	 43.5%
INFO:symExec:	  Arithmetic bugs: 	 False
INFO:symExec:	  └> Overflow bugs: 	 False
INFO:symExec:	  └> Underflow bugs: 	 False
INFO:symExec:	  └> Division bugs: 	 False
INFO:symExec:	  └> Modulo bugs:   	 False
INFO:symExec:	  └> Truncation bugs: 	 False
INFO:symExec:	  └> Signedness bugs: 	 False
INFO:symExec:	  Callstack bug: 	 False
INFO:symExec:	  Concurrency bug: 	 False
INFO:symExec:	  Time dependency bug: 	 False
INFO:symExec:	  Reentrancy bug: 	 False
INFO:symExec:	 --- 0.0117499828339 seconds ---
INFO:symExec:	====== Analysis Completed ======
INFO:root:Contract /sb/StandardBounties_3.sol:ERC20Token:
incomplete push instruction at 2502
INFO:symExec:Running, please wait...
INFO:symExec:	============ Results ===========
INFO:symExec:	  EVM code coverage: 	 99.5%
INFO:symExec:	  Arithmetic bugs: 	 True
INFO:symExec:	  └> Overflow bugs: 	 True
/sb/StandardBounties_3.sol:ERC20Token:70:13
balances[_to] += _value
^
/sb/StandardBounties_3.sol:ERC20Token:80:13
balances[_to] += _value
^
INFO:symExec:	  └> Underflow bugs: 	 False
INFO:symExec:	  └> Division bugs: 	 False
INFO:symExec:	  └> Modulo bugs:   	 False
INFO:symExec:	  └> Truncation bugs: 	 False
INFO:symExec:	  └> Signedness bugs: 	 True
/sb/StandardBounties_3.sol:ERC20Token:14:23
mpiler.
^
/sb/StandardBounties_3.sol:ERC20Token:33:42
successful or not
^
/sb/StandardBounties_3.sol:ERC20Token:25:19
lue The amount of token to be tr
^
/sb/StandardBounties_3.sol:ERC20Token:10:8
t256 public totalSupply;
^
INFO:symExec:	  Callstack bug: 	 False
INFO:symExec:	  Concurrency bug: 	 False
INFO:symExec:	  Time dependency bug: 	 False
INFO:symExec:	  Reentrancy bug: 	 False
INFO:symExec:	 --- 12.9436311722 seconds ---
INFO:symExec:	====== Analysis Completed ======
INFO:root:Contract /sb/StandardBounties_3.sol:ERC721BasicToken:
incomplete push instruction at 5632
INFO:symExec:Running, please wait...
INFO:symExec:	============ Results ===========
INFO:symExec:	  EVM code coverage: 	 75.5%
INFO:symExec:	  Arithmetic bugs: 	 True
INFO:symExec:	  └> Overflow bugs: 	 False
INFO:symExec:	  └> Underflow bugs: 	 False
INFO:symExec:	  └> Division bugs: 	 False
INFO:symExec:	  └> Modulo bugs:   	 False
INFO:symExec:	  └> Truncation bugs: 	 False
INFO:symExec:	  └> Signedness bugs: 	 True
/sb/StandardBounties_3.sol:ERC721BasicToken:92:21
(address _spender, uint256 _valu
^
/sb/StandardBounties_3.sol:ERC721BasicToken:78:83
 balances[_to] + _value > balanc
^
/sb/StandardBounties_3.sol:ERC721BasicToken:65:93
u need to check if it doesn't wr
^
/sb/StandardBounties_3.sol:ERC721BasicToken:38:65
ansfer
^
/sb/StandardBounties_3.sol:ERC721BasicToken:27:63
rns (bool success);
^
/sb/StandardBounties_3.sol:ERC721BasicToken:72:4
         return true;
^
/sb/StandardBounties_3.sol:ERC721BasicToken:32:49
transferred
^
/sb/StandardBounties_3.sol:ERC721BasicToken:21:69
balance);
^
/sb/StandardBounties_3.sol:ERC721BasicToken:48:7
ent Approval(address _owner, addr
^
INFO:symExec:	  Callstack bug: 	 False
INFO:symExec:	  Concurrency bug: 	 False
INFO:symExec:	  Time dependency bug: 	 False
INFO:symExec:	  Reentrancy bug: 	 False
INFO:symExec:	 --- 13.9248001575 seconds ---
INFO:symExec:	====== Analysis Completed ======
INFO:root:Contract /sb/StandardBounties_3.sol:ERC721BasicTokenMock:
INFO:symExec:Running, please wait...
INFO:symExec:	============ Results ===========
INFO:symExec:	  EVM code coverage: 	 78.0%
INFO:symExec:	  Arithmetic bugs: 	 True
INFO:symExec:	  └> Overflow bugs: 	 False
INFO:symExec:	  └> Underflow bugs: 	 False
INFO:symExec:	  └> Division bugs: 	 False
INFO:symExec:	  └> Modulo bugs:   	 False
INFO:symExec:	  └> Truncation bugs: 	 False
INFO:symExec:	  └> Signedness bugs: 	 True
/sb/StandardBounties_3.sol:ERC721BasicTokenMock:92:21
(address _spender, uint256 _valu
^
/sb/StandardBounties_3.sol:ERC721BasicTokenMock:78:83
 balances[_to] + _value > balanc
^
/sb/StandardBounties_3.sol:ERC721BasicTokenMock:65:93
u need to check if it doesn't wr
^
/sb/StandardBounties_3.sol:ERC721BasicTokenMock:38:65
ansfer
^
/sb/StandardBounties_3.sol:ERC721BasicTokenMock:27:63
rns (bool success);
^
/sb/StandardBounties_3.sol:ERC721BasicTokenMock:72:4
         return true;
^
/sb/StandardBounties_3.sol:ERC721BasicTokenMock:32:49
transferred
^
/sb/StandardBounties_3.sol:ERC721BasicTokenMock:21:69
balance);
^
/sb/StandardBounties_3.sol:ERC721BasicTokenMock:48:7
ent Approval(address _owner, addr
^
INFO:symExec:	  Callstack bug: 	 False
INFO:symExec:	  Concurrency bug: 	 False
INFO:symExec:	  Time dependency bug: 	 False
INFO:symExec:	  Reentrancy bug: 	 False
INFO:symExec:	 --- 15.6367909908 seconds ---
INFO:symExec:	====== Analysis Completed ======
INFO:root:Contract /sb/StandardBounties_3.sol:SafeMath:
INFO:symExec:Running, please wait...
INFO:symExec:	============ Results ===========
INFO:symExec:	  EVM code coverage: 	 26.3%
INFO:symExec:	  Arithmetic bugs: 	 False
INFO:symExec:	  └> Overflow bugs: 	 False
INFO:symExec:	  └> Underflow bugs: 	 False
INFO:symExec:	  └> Division bugs: 	 False
INFO:symExec:	  └> Modulo bugs:   	 False
INFO:symExec:	  └> Truncation bugs: 	 False
INFO:symExec:	  └> Signedness bugs: 	 False
INFO:symExec:	  Callstack bug: 	 False
INFO:symExec:	  Concurrency bug: 	 False
INFO:symExec:	  Time dependency bug: 	 False
INFO:symExec:	  Reentrancy bug: 	 False
INFO:symExec:	 --- 0.011834859848 seconds ---
INFO:symExec:	====== Analysis Completed ======
INFO:root:Contract /sb/StandardBounties_3.sol:StandardBounties:
INFO:symExec:Running, please wait...
INFO:symExec:	============ Results ===========
INFO:symExec:	  EVM code coverage: 	 24.9%
INFO:symExec:	  Arithmetic bugs: 	 True
INFO:symExec:	  └> Overflow bugs: 	 False
INFO:symExec:	  └> Underflow bugs: 	 False
INFO:symExec:	  └> Division bugs: 	 False
INFO:symExec:	  └> Modulo bugs:   	 False
INFO:symExec:	  └> Truncation bugs: 	 False
INFO:symExec:	  └> Signedness bugs: 	 True
/sb/StandardBounties_3.sol:StandardBounties:78:68
r] >= _value && balances[_to] + _
^
/sb/StandardBounties_3.sol:StandardBounties:27:47
lue) public returns (bool s
^
/sb/StandardBounties_3.sol:StandardBounties:308:13
alanceOf(address _owner) public v
^
/sb/StandardBounties_3.sol:StandardBounties:274:26
NFT identifier which is being tra
^
/sb/StandardBounties_3.sol:StandardBounties:460:24
ls[_tokenId];
^
/sb/StandardBounties_3.sol:StandardBounties:369:16
om token ID to approved address
^
/sb/StandardBounties_3.sol:StandardBounties:493:71
ss
^
/sb/StandardBounties_3.sol:StandardBounties:45:66
iew returns (uint256 remaining);
^
/sb/StandardBounties_3.sol:StandardBounties:69:34
-= _value;
^
/sb/StandardBounties_3.sol:StandardBounties:441:14
 be called by the token owner or 
^
/sb/StandardBounties_3.sol:StandardBounties:243:44
 interface
^
/sb/StandardBounties_3.sol:StandardBounties:141:35
rows on overflow (i.e. if subtrah
^
/sb/StandardBounties_3.sol:StandardBounties:172:80
an address
^
/sb/StandardBounties_3.sol:StandardBounties:262:78
tor`
^
/sb/StandardBounties_3.sol:StandardBounties:401:51
m to ERC721 via ERC165
^
/sb/StandardBounties_3.sol:StandardBounties:120:3
  // See: https://github.com/Ope
^
/sb/StandardBounties_3.sol:StandardBounties:11:29
es a getter function for th
^
/sb/StandardBounties_3.sol:StandardBounties:213:38
rface(bytes4)'))
^
/sb/StandardBounties_3.sol:StandardBounties:334:33
ken Standard basic implementation
^
/sb/StandardBounties_3.sol:StandardBounties:33:58
t
^
/sb/StandardBounties_3.sol:StandardBounties:421:56
s (address) {
^
/sb/StandardBounties_3.sol:StandardBounties:40:13
 approve(address _spender, 
^
/sb/StandardBounties_3.sol:StandardBounties:19:52
lance will be retrieved
^
INFO:symExec:	  Callstack bug: 	 False
INFO:symExec:	  Concurrency bug: 	 False
INFO:symExec:	  Time dependency bug: 	 False
INFO:symExec:	  Reentrancy bug: 	 False
INFO:symExec:	 --- 40.8165919781 seconds ---
INFO:symExec:	====== Analysis Completed ======
INFO:root:Contract /sb/StandardBounties_3.sol:SupportsInterfaceWithLookup:
incomplete push instruction at 613
INFO:symExec:Running, please wait...
INFO:symExec:	============ Results ===========
INFO:symExec:	  EVM code coverage: 	 96.3%
INFO:symExec:	  Arithmetic bugs: 	 True
INFO:symExec:	  └> Overflow bugs: 	 False
INFO:symExec:	  └> Underflow bugs: 	 False
INFO:symExec:	  └> Division bugs: 	 False
INFO:symExec:	  └> Modulo bugs:   	 False
INFO:symExec:	  └> Truncation bugs: 	 False
INFO:symExec:	  └> Signedness bugs: 	 True
/sb/StandardBounties_3.sol:SupportsInterfaceWithLookup:7:19
light change to the ERC20 base s
^
INFO:symExec:	  Callstack bug: 	 False
INFO:symExec:	  Concurrency bug: 	 False
INFO:symExec:	  Time dependency bug: 	 False
INFO:symExec:	  Reentrancy bug: 	 False
INFO:symExec:	 --- 0.432446956635 seconds ---
INFO:symExec:	====== Analysis Completed ======

  .oooooo.             o8o            o8o          
 d8P'  `Y8b            `"'            `"'          
888      888  .oooo.o oooo  oooo d8b oooo   .oooo.o
888      888 d88(  "8 `888  `888""8P `888  d88(  "8
888      888 `"Y88b.   888   888      888  `"Y88b. 
`88b    d88' o.  )88b  888   888      888  o.  )88b
 `Y8bood8P'  8""888P' o888o d888b    o888o 8""888P'








