2023-07-03 15:55:03,359: [11] m.main:INFO: Registered plugins: IntrospectionAPIPlugin, <class 'manticore.ethereum.plugins.SkipRevertBasicBlocks'>, <class 'manticore.ethereum.plugins.FilterFunctions'>
2023-07-03 15:55:03,360: [11] m.main:INFO: Beginning analysis
2023-07-03 15:55:03,362: [11] m.e.manticore:INFO: Starting symbolic create contract
2023-07-03 15:55:04,228: [11] m.e.manticore:INFO: Starting symbolic transaction: 0
2023-07-03 15:55:04,349: [11] m.e.manticore:INFO: 0 alive states, 2 terminated states
2023-07-03 15:55:04,497: [11] m.c.manticore:INFO: Results in /mcore_c63xd76d
2023-07-03 15:55:04,497: [11] m.c.manticore:INFO: Total time: 0.26619911193847656
2023-07-03 15:55:05,210: [76] m.main:INFO: Registered plugins: IntrospectionAPIPlugin, <class 'manticore.ethereum.plugins.SkipRevertBasicBlocks'>, <class 'manticore.ethereum.plugins.FilterFunctions'>
2023-07-03 15:55:05,210: [76] m.main:INFO: Beginning analysis
2023-07-03 15:55:05,214: [76] m.e.manticore:INFO: Starting symbolic create contract
2023-07-03 15:55:06,031: [76] m.e.manticore:INFO: Starting symbolic transaction: 0
2023-07-03 15:55:06,139: [76] m.e.manticore:INFO: 0 alive states, 2 terminated states
2023-07-03 15:55:06,283: [76] m.c.manticore:INFO: Results in /mcore_dtuqdv1a
2023-07-03 15:55:06,283: [76] m.c.manticore:INFO: Total time: 0.24898791313171387
2023-07-03 15:55:06,985: [141] m.main:INFO: Registered plugins: IntrospectionAPIPlugin, <class 'manticore.ethereum.plugins.SkipRevertBasicBlocks'>, <class 'manticore.ethereum.plugins.FilterFunctions'>
2023-07-03 15:55:06,985: [141] m.main:INFO: Beginning analysis
2023-07-03 15:55:06,988: [141] m.e.manticore:INFO: Starting symbolic create contract
2023-07-03 15:55:08,047: [141] m.e.manticore:INFO: Starting symbolic transaction: 0
2023-07-03 15:55:08,186: [141] m.e.manticore:INFO: 0 alive states, 2 terminated states
2023-07-03 15:55:08,348: [141] m.c.manticore:INFO: Results in /mcore_d9fhsqyg
2023-07-03 15:55:08,348: [141] m.c.manticore:INFO: Total time: 0.29814791679382324
2023-07-03 15:55:09,064: [206] m.main:INFO: Registered plugins: IntrospectionAPIPlugin, <class 'manticore.ethereum.plugins.SkipRevertBasicBlocks'>, <class 'manticore.ethereum.plugins.FilterFunctions'>
2023-07-03 15:55:09,065: [206] m.main:INFO: Beginning analysis
2023-07-03 15:55:09,067: [206] m.e.manticore:INFO: Starting symbolic create contract
2023-07-03 15:55:10,059: [206] m.e.manticore:INFO: Starting symbolic transaction: 0
2023-07-03 15:55:10,157: [206] m.e.manticore:INFO: 0 alive states, 2 terminated states
2023-07-03 15:55:10,314: [206] m.c.manticore:INFO: Results in /mcore_9gqxea4g
2023-07-03 15:55:10,314: [206] m.c.manticore:INFO: Total time: 0.251570463180542
2023-07-03 15:55:11,001: [268] m.main:INFO: Registered plugins: IntrospectionAPIPlugin, <class 'manticore.ethereum.plugins.SkipRevertBasicBlocks'>, <class 'manticore.ethereum.plugins.FilterFunctions'>
2023-07-03 15:55:11,001: [268] m.main:INFO: Beginning analysis
2023-07-03 15:55:11,003: [268] m.e.manticore:INFO: Starting symbolic create contract
2023-07-03 15:55:12,045: [268] m.e.manticore:INFO: Starting symbolic transaction: 0
2023-07-03 15:55:12,574: [268] m.c.worker:ERROR: Exception in state 0: ManticoreError('Forking on unfeasible constraint set')
Traceback (most recent call last):
  File "/usr/local/lib/python3.7/dist-packages/manticore/core/worker.py", line 137, in run
    current_state.execute()
  File "/usr/local/lib/python3.7/dist-packages/manticore/ethereum/state.py", line 8, in execute
    return self._platform.execute()
  File "/usr/local/lib/python3.7/dist-packages/manticore/platforms/evm.py", line 3106, in execute
    self.current_vm.execute()
  File "/usr/local/lib/python3.7/dist-packages/manticore/platforms/evm.py", line 1322, in execute
    raise Concretize("Symbolic PC", expression=expression, setstate=setstate, policy="ALL")
manticore.core.state.Concretize

During handling of the above exception, another exception occurred:

Traceback (most recent call last):
  File "/usr/local/lib/python3.7/dist-packages/manticore/core/worker.py", line 158, in run
    m._fork(current_state, exc.expression, exc.policy, exc.setstate, exc.values)
  File "/usr/local/lib/python3.7/dist-packages/manticore/core/manticore.py", line 518, in _fork
    raise ManticoreError("Forking on unfeasible constraint set")
manticore.exceptions.ManticoreError: Forking on unfeasible constraint set
 
2023-07-03 15:55:12,582: [268] m.e.manticore:INFO: 0 alive states, 1 terminated states
2023-07-03 15:55:12,705: [268] m.c.manticore:INFO: Results in /mcore_gql8s1_u
2023-07-03 15:55:12,706: [268] m.c.manticore:INFO: Total time: 0.6541581153869629
2023-07-03 15:55:13,396: [327] m.main:INFO: Registered plugins: IntrospectionAPIPlugin, <class 'manticore.ethereum.plugins.SkipRevertBasicBlocks'>, <class 'manticore.ethereum.plugins.FilterFunctions'>
2023-07-03 15:55:13,397: [327] m.main:INFO: Beginning analysis
2023-07-03 15:55:13,399: [327] m.e.manticore:INFO: Starting symbolic create contract
