2023-07-03 16:06:45,360: [11] m.main:INFO: Registered plugins: IntrospectionAPIPlugin, <class 'manticore.ethereum.plugins.SkipRevertBasicBlocks'>, <class 'manticore.ethereum.plugins.FilterFunctions'>
2023-07-03 16:06:45,360: [11] m.main:INFO: Beginning analysis
2023-07-03 16:06:45,363: [11] m.e.manticore:INFO: Starting symbolic create contract
2023-07-03 16:06:46,220: [11] m.e.manticore:INFO: Starting symbolic transaction: 0
2023-07-03 16:06:46,326: [11] m.e.manticore:INFO: 0 alive states, 2 terminated states
2023-07-03 16:06:46,472: [11] m.c.manticore:INFO: Results in /mcore_4xkziak7
2023-07-03 16:06:46,472: [11] m.c.manticore:INFO: Total time: 0.24997568130493164
2023-07-03 16:06:47,081: [76] m.main:INFO: Registered plugins: IntrospectionAPIPlugin, <class 'manticore.ethereum.plugins.SkipRevertBasicBlocks'>, <class 'manticore.ethereum.plugins.FilterFunctions'>
2023-07-03 16:06:47,081: [76] m.main:INFO: Beginning analysis
2023-07-03 16:06:47,083: [76] m.e.manticore:INFO: Starting symbolic create contract
2023-07-03 16:06:47,910: [76] m.e.manticore:INFO: Starting symbolic transaction: 0
2023-07-03 16:06:48,003: [76] m.e.manticore:INFO: 0 alive states, 2 terminated states
2023-07-03 16:06:48,173: [76] m.c.manticore:INFO: Results in /mcore_yn0zscoh
2023-07-03 16:06:48,174: [76] m.c.manticore:INFO: Total time: 0.26150989532470703
2023-07-03 16:06:48,834: [141] m.main:INFO: Registered plugins: IntrospectionAPIPlugin, <class 'manticore.ethereum.plugins.SkipRevertBasicBlocks'>, <class 'manticore.ethereum.plugins.FilterFunctions'>
2023-07-03 16:06:48,834: [141] m.main:INFO: Beginning analysis
2023-07-03 16:06:48,837: [141] m.e.manticore:INFO: Starting symbolic create contract
2023-07-03 16:06:49,808: [141] m.e.manticore:INFO: Starting symbolic transaction: 0
2023-07-03 16:06:49,932: [141] m.e.manticore:INFO: 0 alive states, 2 terminated states
2023-07-03 16:06:50,081: [141] m.c.manticore:INFO: Results in /mcore_69lxvfys
2023-07-03 16:06:50,081: [141] m.c.manticore:INFO: Total time: 0.27057981491088867
2023-07-03 16:06:50,886: [206] m.main:INFO: Registered plugins: IntrospectionAPIPlugin, <class 'manticore.ethereum.plugins.SkipRevertBasicBlocks'>, <class 'manticore.ethereum.plugins.FilterFunctions'>
2023-07-03 16:06:50,886: [206] m.main:INFO: Beginning analysis
2023-07-03 16:06:50,889: [206] m.e.manticore:INFO: Starting symbolic create contract
2023-07-03 16:06:51,715: [206] m.e.manticore:INFO: Starting symbolic transaction: 0
2023-07-03 16:06:51,859: [206] m.e.manticore:INFO: 0 alive states, 2 terminated states
2023-07-03 16:06:52,013: [206] m.c.manticore:INFO: Results in /mcore_43dirf25
2023-07-03 16:06:52,013: [206] m.c.manticore:INFO: Total time: 0.29065704345703125
2023-07-03 16:06:52,718: [271] m.main:INFO: Registered plugins: IntrospectionAPIPlugin, <class 'manticore.ethereum.plugins.SkipRevertBasicBlocks'>, <class 'manticore.ethereum.plugins.FilterFunctions'>
2023-07-03 16:06:52,718: [271] m.main:INFO: Beginning analysis
2023-07-03 16:06:52,720: [271] m.e.manticore:INFO: Starting symbolic create contract
2023-07-03 16:06:53,761: [271] m.e.manticore:INFO: Starting symbolic transaction: 0
2023-07-03 16:06:54,321: [271] m.c.worker:ERROR: Exception in state 0: ManticoreError('Forking on unfeasible constraint set')
Traceback (most recent call last):
  File "/usr/local/lib/python3.7/dist-packages/manticore/core/worker.py", line 137, in run
    current_state.execute()
  File "/usr/local/lib/python3.7/dist-packages/manticore/ethereum/state.py", line 8, in execute
    return self._platform.execute()
  File "/usr/local/lib/python3.7/dist-packages/manticore/platforms/evm.py", line 3106, in execute
    self.current_vm.execute()
  File "/usr/local/lib/python3.7/dist-packages/manticore/platforms/evm.py", line 1322, in execute
    raise Concretize("Symbolic PC", expression=expression, setstate=setstate, policy="ALL")
manticore.core.state.Concretize

During handling of the above exception, another exception occurred:

Traceback (most recent call last):
  File "/usr/local/lib/python3.7/dist-packages/manticore/core/worker.py", line 158, in run
    m._fork(current_state, exc.expression, exc.policy, exc.setstate, exc.values)
  File "/usr/local/lib/python3.7/dist-packages/manticore/core/manticore.py", line 518, in _fork
    raise ManticoreError("Forking on unfeasible constraint set")
manticore.exceptions.ManticoreError: Forking on unfeasible constraint set
 
2023-07-03 16:06:54,332: [271] m.e.manticore:INFO: 0 alive states, 1 terminated states
2023-07-03 16:06:54,451: [271] m.c.manticore:INFO: Results in /mcore_hw0npthi
2023-07-03 16:06:54,452: [271] m.c.manticore:INFO: Total time: 0.681438684463501
2023-07-03 16:06:55,099: [333] m.main:INFO: Registered plugins: IntrospectionAPIPlugin, <class 'manticore.ethereum.plugins.SkipRevertBasicBlocks'>, <class 'manticore.ethereum.plugins.FilterFunctions'>
2023-07-03 16:06:55,100: [333] m.main:INFO: Beginning analysis
2023-07-03 16:06:55,104: [333] m.e.manticore:INFO: Starting symbolic create contract
