2023-07-03 16:00:17,738: [11] m.main:INFO: Registered plugins: IntrospectionAPIPlugin, <class 'manticore.ethereum.plugins.SkipRevertBasicBlocks'>, <class 'manticore.ethereum.plugins.FilterFunctions'>
2023-07-03 16:00:17,739: [11] m.main:INFO: Beginning analysis
2023-07-03 16:00:17,741: [11] m.e.manticore:INFO: Starting symbolic create contract
2023-07-03 16:00:20,628: [11] m.e.manticore:INFO: Starting symbolic transaction: 0
2023-07-03 16:00:31,262: [11] m.e.manticore:INFO: 7 alive states, 2 terminated states
2023-07-03 16:00:31,516: [11] m.e.manticore:INFO: Starting symbolic transaction: 1
2023-07-03 16:01:55,765: [11] m.e.manticore:INFO: 49 alive states, 9 terminated states
2023-07-03 16:01:56,191: [98] m.c.manticore:INFO: Generated testcase No. 0 - RETURN(3 txs)
2023-07-03 16:01:56,192: [98] m.c.plugin:WARNING: Caught will_solve in state None, but failed to capture its initialization
2023-07-03 16:01:56,207: [99] m.c.manticore:INFO: Generated testcase No. 1 - RETURN(3 txs)
2023-07-03 16:01:56,207: [100] m.c.manticore:INFO: Generated testcase No. 2 - RETURN(3 txs)
2023-07-03 16:01:56,208: [99] m.c.plugin:WARNING: Caught will_solve in state None, but failed to capture its initialization
2023-07-03 16:01:56,208: [100] m.c.plugin:WARNING: Caught will_solve in state None, but failed to capture its initialization
2023-07-03 16:01:56,217: [105] m.c.manticore:INFO: Generated testcase No. 3 - RETURN(3 txs)
2023-07-03 16:01:56,218: [105] m.c.plugin:WARNING: Caught will_solve in state None, but failed to capture its initialization
2023-07-03 16:01:56,220: [101] m.c.manticore:INFO: Generated testcase No. 4 - RETURN(3 txs)
2023-07-03 16:01:56,222: [109] m.c.manticore:INFO: Generated testcase No. 6 - RETURN(3 txs)
2023-07-03 16:01:56,222: [101] m.c.plugin:WARNING: Caught will_solve in state None, but failed to capture its initialization
2023-07-03 16:01:56,223: [109] m.c.plugin:WARNING: Caught will_solve in state None, but failed to capture its initialization
2023-07-03 16:01:56,223: [104] m.c.manticore:INFO: Generated testcase No. 5 - RETURN(3 txs)
2023-07-03 16:01:56,224: [104] m.c.plugin:WARNING: Caught will_solve in state None, but failed to capture its initialization
2023-07-03 16:01:56,230: [106] m.c.manticore:INFO: Generated testcase No. 7 - RETURN(3 txs)
2023-07-03 16:01:56,231: [106] m.c.plugin:WARNING: Caught will_solve in state None, but failed to capture its initialization
2023-07-03 16:01:56,235: [111] m.c.manticore:INFO: Generated testcase No. 9 - RETURN(3 txs)
2023-07-03 16:01:56,236: [111] m.c.plugin:WARNING: Caught will_solve in state None, but failed to capture its initialization
2023-07-03 16:01:56,236: [103] m.c.manticore:INFO: Generated testcase No. 8 - RETURN(3 txs)
2023-07-03 16:01:56,238: [103] m.c.plugin:WARNING: Caught will_solve in state None, but failed to capture its initialization
2023-07-03 16:01:56,245: [113] m.c.manticore:INFO: Generated testcase No. 10 - RETURN(3 txs)
2023-07-03 16:01:56,246: [113] m.c.plugin:WARNING: Caught will_solve in state None, but failed to capture its initialization
2023-07-03 16:01:56,253: [116] m.c.manticore:INFO: Generated testcase No. 11 - RETURN(3 txs)
2023-07-03 16:01:56,254: [116] m.c.plugin:WARNING: Caught will_solve in state None, but failed to capture its initialization
2023-07-03 16:01:57,276: [105] m.c.manticore:INFO: Generated testcase No. 12 - RETURN(3 txs)
2023-07-03 16:01:57,386: [100] m.c.manticore:INFO: Generated testcase No. 13 - RETURN(3 txs)
2023-07-03 16:01:57,515: [109] m.c.manticore:INFO: Generated testcase No. 14 - RETURN(3 txs)
2023-07-03 16:01:57,583: [111] m.c.manticore:INFO: Generated testcase No. 15 - RETURN(3 txs)
2023-07-03 16:01:57,643: [106] m.c.manticore:INFO: Generated testcase No. 16 - RETURN(3 txs)
2023-07-03 16:01:57,762: [101] m.c.manticore:INFO: Generated testcase No. 17 - RETURN(3 txs)
2023-07-03 16:01:57,780: [104] m.c.manticore:INFO: Generated testcase No. 18 - RETURN(3 txs)
2023-07-03 16:01:57,790: [99] m.c.manticore:INFO: Generated testcase No. 19 - RETURN(3 txs)
2023-07-03 16:01:57,835: [116] m.c.manticore:INFO: Generated testcase No. 20 - RETURN(3 txs)
2023-07-03 16:01:57,837: [113] m.c.manticore:INFO: Generated testcase No. 21 - RETURN(3 txs)
2023-07-03 16:01:57,891: [98] m.c.manticore:INFO: Generated testcase No. 22 - RETURN(3 txs)
2023-07-03 16:01:57,897: [103] m.c.manticore:INFO: Generated testcase No. 23 - RETURN(3 txs)
2023-07-03 16:01:58,428: [100] m.c.manticore:INFO: Generated testcase No. 24 - RETURN(3 txs)
2023-07-03 16:01:58,647: [109] m.c.manticore:INFO: Generated testcase No. 25 - RETURN(3 txs)
2023-07-03 16:01:58,709: [106] m.c.manticore:INFO: Generated testcase No. 26 - RETURN(3 txs)
2023-07-03 16:01:58,800: [105] m.c.manticore:INFO: Generated testcase No. 27 - RETURN(3 txs)
2023-07-03 16:01:59,119: [111] m.c.manticore:INFO: Generated testcase No. 28 - RETURN(3 txs)
2023-07-03 16:01:59,129: [101] m.c.manticore:INFO: Generated testcase No. 29 - RETURN(3 txs)
2023-07-03 16:01:59,170: [99] m.c.manticore:INFO: Generated testcase No. 30 - RETURN(3 txs)
2023-07-03 16:01:59,181: [104] m.c.manticore:INFO: Generated testcase No. 31 - RETURN(3 txs)
2023-07-03 16:01:59,249: [113] m.c.manticore:INFO: Generated testcase No. 32 - RETURN(3 txs)
2023-07-03 16:01:59,315: [116] m.c.manticore:INFO: Generated testcase No. 33 - RETURN(3 txs)
2023-07-03 16:01:59,316: [98] m.c.manticore:INFO: Generated testcase No. 34 - RETURN(3 txs)
2023-07-03 16:01:59,385: [103] m.c.manticore:INFO: Generated testcase No. 35 - RETURN(3 txs)
2023-07-03 16:01:59,613: [100] m.c.manticore:INFO: Generated testcase No. 36 - RETURN(3 txs)
2023-07-03 16:01:59,747: [106] m.c.manticore:INFO: Generated testcase No. 37 - RETURN(3 txs)
2023-07-03 16:01:59,978: [109] m.c.manticore:INFO: Generated testcase No. 38 - RETURN(3 txs)
2023-07-03 16:02:00,178: [105] m.c.manticore:INFO: Generated testcase No. 39 - RETURN(3 txs)
2023-07-03 16:02:00,479: [111] m.c.manticore:INFO: Generated testcase No. 40 - RETURN(3 txs)
2023-07-03 16:02:00,495: [99] m.c.manticore:INFO: Generated testcase No. 41 - RETURN(3 txs)
2023-07-03 16:02:00,505: [101] m.c.manticore:INFO: Generated testcase No. 42 - RETURN(3 txs)
2023-07-03 16:02:00,526: [104] m.c.manticore:INFO: Generated testcase No. 43 - RETURN(3 txs)
2023-07-03 16:02:00,571: [103] m.c.manticore:INFO: Generated testcase No. 44 - RETURN(3 txs)
2023-07-03 16:02:00,680: [113] m.c.manticore:INFO: Generated testcase No. 45 - RETURN(3 txs)
2023-07-03 16:02:00,781: [116] m.c.manticore:INFO: Generated testcase No. 47 - RETURN(3 txs)
2023-07-03 16:02:00,782: [98] m.c.manticore:INFO: Generated testcase No. 46 - RETURN(3 txs)
2023-07-03 16:02:00,806: [100] m.c.manticore:INFO: Generated testcase No. 48 - RETURN(3 txs)
2023-07-03 16:02:04,932: [11] m.c.manticore:INFO: Results in /mcore_0x8df4ov
2023-07-03 16:02:04,932: [11] m.c.manticore:INFO: Total time: 93.28031277656555
2023-07-03 16:02:05,625: [147] m.main:INFO: Registered plugins: IntrospectionAPIPlugin, <class 'manticore.ethereum.plugins.SkipRevertBasicBlocks'>, <class 'manticore.ethereum.plugins.FilterFunctions'>
2023-07-03 16:02:05,625: [147] m.main:INFO: Beginning analysis
2023-07-03 16:02:05,627: [147] m.e.manticore:INFO: Starting symbolic create contract
2023-07-03 16:02:07,879: [147] m.e.manticore:INFO: Starting symbolic transaction: 0
2023-07-03 16:02:08,051: [147] m.e.manticore:INFO: 0 alive states, 1 terminated states
2023-07-03 16:02:08,118: [147] m.e.manticore:INFO: Starting symbolic transaction: 1
2023-07-03 16:02:08,316: [147] m.c.manticore:INFO: Results in /mcore_e7p5x8r7
2023-07-03 16:02:08,316: [147] m.c.manticore:INFO: Total time: 0.42806124687194824
2023-07-03 16:02:09,022: [206] m.main:INFO: Registered plugins: IntrospectionAPIPlugin, <class 'manticore.ethereum.plugins.SkipRevertBasicBlocks'>, <class 'manticore.ethereum.plugins.FilterFunctions'>
2023-07-03 16:02:09,023: [206] m.main:INFO: Beginning analysis
2023-07-03 16:02:09,025: [206] m.e.manticore:INFO: Starting symbolic create contract
2023-07-03 16:02:11,330: [206] m.e.manticore:INFO: Starting symbolic transaction: 0
2023-07-03 16:02:11,484: [206] m.e.manticore:INFO: 0 alive states, 1 terminated states
2023-07-03 16:02:11,553: [206] m.e.manticore:INFO: Starting symbolic transaction: 1
2023-07-03 16:02:11,730: [206] m.c.manticore:INFO: Results in /mcore_nlre3fli
2023-07-03 16:02:11,730: [206] m.c.manticore:INFO: Total time: 0.39460015296936035
2023-07-03 16:02:12,537: [265] m.main:INFO: Registered plugins: IntrospectionAPIPlugin, <class 'manticore.ethereum.plugins.SkipRevertBasicBlocks'>, <class 'manticore.ethereum.plugins.FilterFunctions'>
2023-07-03 16:02:12,537: [265] m.main:INFO: Beginning analysis
2023-07-03 16:02:12,540: [265] m.e.manticore:INFO: Starting symbolic create contract
2023-07-03 16:02:45,291: [265] m.e.manticore:INFO: Starting symbolic transaction: 0
