WARNING:root:You are using solc version 0.4.26. The supported version is 0.4.21.
INFO:root:Contract /sb/Faucet_1.sol:Faucet:
INFO:symExec:Running, please wait...
INFO:symExec:	============ Results ===========
INFO:symExec:	  EVM code coverage: 	 72.1%
INFO:symExec:	  Arithmetic bugs: 	 False
INFO:symExec:	  └> Overflow bugs: 	 False
INFO:symExec:	  └> Underflow bugs: 	 False
INFO:symExec:	  └> Division bugs: 	 False
INFO:symExec:	  └> Modulo bugs:   	 False
INFO:symExec:	  └> Truncation bugs: 	 False
INFO:symExec:	  └> Signedness bugs: 	 False
INFO:symExec:	  Callstack bug: 	 False
INFO:symExec:	  Concurrency bug: 	 False
INFO:symExec:	  Time dependency bug: 	 False
INFO:symExec:	  Reentrancy bug: 	 False
INFO:symExec:	 --- 0.320410966873 seconds ---
INFO:symExec:	====== Analysis Completed ======
INFO:root:Contract /sb/Faucet_1.sol:GNTAllocation:
INFO:symExec:Running, please wait...
INFO:symExec:	============ Results ===========
INFO:symExec:	  EVM code coverage: 	 100.0%
INFO:symExec:	  Arithmetic bugs: 	 False
INFO:symExec:	  └> Overflow bugs: 	 False
INFO:symExec:	  └> Underflow bugs: 	 False
INFO:symExec:	  └> Division bugs: 	 False
INFO:symExec:	  └> Modulo bugs:   	 False
INFO:symExec:	  └> Truncation bugs: 	 False
INFO:symExec:	  └> Signedness bugs: 	 False
INFO:symExec:	  Callstack bug: 	 False
INFO:symExec:	  Concurrency bug: 	 False
INFO:symExec:	  Time dependency bug: 	 False
INFO:symExec:	  Reentrancy bug: 	 False
INFO:symExec:	 --- 0.00881385803223 seconds ---
INFO:symExec:	====== Analysis Completed ======
INFO:root:Contract /sb/Faucet_1.sol:GolemNetworkToken:
INFO:symExec:Running, please wait...
INFO:symExec:	============ Results ===========
INFO:symExec:	  EVM code coverage: 	 96.3%
INFO:symExec:	  Arithmetic bugs: 	 True
INFO:symExec:	  └> Overflow bugs: 	 True
/sb/Faucet_1.sol:GolemNetworkToken:84:13
balances[_to] += _value
^
/sb/Faucet_1.sol:GolemNetworkToken:115:9
totalMigrated += _value
^
/sb/Faucet_1.sol:GolemNetworkToken:189:13
totalTokens * percentOfTotal
^
/sb/Faucet_1.sol:GolemNetworkToken:191:9
balances[lockedAllocation] += additionalTokens
^
INFO:symExec:	  └> Underflow bugs: 	 True
/sb/Faucet_1.sol:GolemNetworkToken:210:9
totalTokens -= gntValue
^
/sb/Faucet_1.sol:GolemNetworkToken:114:9
totalTokens -= _value
^
/sb/Faucet_1.sol:GolemNetworkToken:154:26
tokenCreationCap - totalTokens
^
INFO:symExec:	  └> Division bugs: 	 False
INFO:symExec:	  └> Modulo bugs:   	 False
INFO:symExec:	  └> Truncation bugs: 	 False
INFO:symExec:	  └> Signedness bugs: 	 False
INFO:symExec:	  Callstack bug: 	 False
INFO:symExec:	  Concurrency bug: 	 True
Flow 1:
/sb/Faucet_1.sol:GolemNetworkToken:195:14
golemFactory.send(this.balance)
^
Flow 2:
/sb/Faucet_1.sol:GolemNetworkToken:195:14
golemFactory.send(this.balance)
^
INFO:symExec:	  Time dependency bug: 	 False
INFO:symExec:	  Reentrancy bug: 	 False
INFO:symExec:	 --- 91.6682779789 seconds ---
INFO:symExec:	====== Analysis Completed ======

  .oooooo.             o8o            o8o          
 d8P'  `Y8b            `"'            `"'          
888      888  .oooo.o oooo  oooo d8b oooo   .oooo.o
888      888 d88(  "8 `888  `888""8P `888  d88(  "8
888      888 `"Y88b.   888   888      888  `"Y88b. 
`88b    d88' o.  )88b  888   888      888  o.  )88b
 `Y8bood8P'  8""888P' o888o d888b    o888o 8""888P'




