2023-07-03 15:43:56,867: [11] m.main:INFO: Registered plugins: IntrospectionAPIPlugin, <class 'manticore.ethereum.plugins.SkipRevertBasicBlocks'>, <class 'manticore.ethereum.plugins.FilterFunctions'>
2023-07-03 15:43:56,868: [11] m.main:INFO: Beginning analysis
2023-07-03 15:43:56,871: [11] m.e.manticore:INFO: Starting symbolic create contract
2023-07-03 15:43:58,388: [11] m.e.manticore:INFO: Starting symbolic transaction: 0
2023-07-03 15:43:58,517: [11] m.e.manticore:INFO: 0 alive states, 1 terminated states
2023-07-03 15:43:58,572: [11] m.e.manticore:INFO: Starting symbolic transaction: 1
2023-07-03 15:43:58,801: [11] m.c.manticore:INFO: Results in /mcore_7vhggptz
2023-07-03 15:43:58,801: [11] m.c.manticore:INFO: Total time: 0.4097316265106201
2023-07-03 15:43:59,607: [70] m.main:INFO: Registered plugins: IntrospectionAPIPlugin, <class 'manticore.ethereum.plugins.SkipRevertBasicBlocks'>, <class 'manticore.ethereum.plugins.FilterFunctions'>
2023-07-03 15:43:59,607: [70] m.main:INFO: Beginning analysis
2023-07-03 15:43:59,611: [70] m.e.manticore:INFO: Starting symbolic create contract
2023-07-03 15:44:00,997: [70] m.e.manticore:INFO: Starting symbolic transaction: 0
2023-07-03 15:44:01,165: [70] m.e.manticore:INFO: 0 alive states, 1 terminated states
2023-07-03 15:44:01,228: [70] m.e.manticore:INFO: Starting symbolic transaction: 1
2023-07-03 15:44:01,458: [70] m.c.manticore:INFO: Results in /mcore_25d6iiuk
2023-07-03 15:44:01,459: [70] m.c.manticore:INFO: Total time: 0.45751309394836426
2023-07-03 15:44:02,274: [129] m.main:INFO: Registered plugins: IntrospectionAPIPlugin, <class 'manticore.ethereum.plugins.SkipRevertBasicBlocks'>, <class 'manticore.ethereum.plugins.FilterFunctions'>
2023-07-03 15:44:02,275: [129] m.main:INFO: Beginning analysis
2023-07-03 15:44:02,277: [129] m.e.manticore:INFO: Starting symbolic create contract
2023-07-03 15:44:04,289: [129] m.e.manticore:INFO: Starting symbolic transaction: 0
2023-07-03 15:44:09,756: [129] m.e.manticore:INFO: 0 alive states, 3 terminated states
2023-07-03 15:44:10,046: [129] m.c.manticore:INFO: Results in /mcore_l5__y0sr
2023-07-03 15:44:10,046: [129] m.c.manticore:INFO: Total time: 5.730543851852417
2023-07-03 15:44:10,715: [200] m.main:INFO: Registered plugins: IntrospectionAPIPlugin, <class 'manticore.ethereum.plugins.SkipRevertBasicBlocks'>, <class 'manticore.ethereum.plugins.FilterFunctions'>
2023-07-03 15:44:10,716: [200] m.main:INFO: Beginning analysis
2023-07-03 15:44:10,718: [200] m.e.manticore:INFO: Starting symbolic create contract
