2023-07-03 15:43:53,443: [11] m.main:INFO: Registered plugins: IntrospectionAPIPlugin, <class 'manticore.ethereum.plugins.SkipRevertBasicBlocks'>, <class 'manticore.ethereum.plugins.FilterFunctions'>
2023-07-03 15:43:53,443: [11] m.main:INFO: Beginning analysis
2023-07-03 15:43:53,446: [11] m.e.manticore:INFO: Starting symbolic create contract
2023-07-03 15:43:54,809: [11] m.e.manticore:INFO: Starting symbolic transaction: 0
2023-07-03 15:43:54,958: [11] m.e.manticore:INFO: 0 alive states, 1 terminated states
2023-07-03 15:43:55,017: [11] m.e.manticore:INFO: Starting symbolic transaction: 1
2023-07-03 15:43:55,230: [11] m.c.manticore:INFO: Results in /mcore_w_kgfaah
2023-07-03 15:43:55,231: [11] m.c.manticore:INFO: Total time: 0.41791462898254395
2023-07-03 15:43:55,884: [70] m.main:INFO: Registered plugins: IntrospectionAPIPlugin, <class 'manticore.ethereum.plugins.SkipRevertBasicBlocks'>, <class 'manticore.ethereum.plugins.FilterFunctions'>
2023-07-03 15:43:55,885: [70] m.main:INFO: Beginning analysis
2023-07-03 15:43:55,889: [70] m.e.manticore:INFO: Starting symbolic create contract
2023-07-03 15:43:57,428: [70] m.e.manticore:INFO: Starting symbolic transaction: 0
2023-07-03 15:43:57,548: [70] m.e.manticore:INFO: 0 alive states, 1 terminated states
2023-07-03 15:43:57,592: [70] m.e.manticore:INFO: Starting symbolic transaction: 1
2023-07-03 15:43:57,808: [70] m.c.manticore:INFO: Results in /mcore_q_ukznkg
2023-07-03 15:43:57,809: [70] m.c.manticore:INFO: Total time: 0.3774428367614746
2023-07-03 15:43:58,621: [129] m.main:INFO: Registered plugins: IntrospectionAPIPlugin, <class 'manticore.ethereum.plugins.SkipRevertBasicBlocks'>, <class 'manticore.ethereum.plugins.FilterFunctions'>
2023-07-03 15:43:58,621: [129] m.main:INFO: Beginning analysis
2023-07-03 15:43:58,624: [129] m.e.manticore:INFO: Starting symbolic create contract
2023-07-03 15:44:00,528: [129] m.e.manticore:INFO: Starting symbolic transaction: 0
2023-07-03 15:44:06,076: [129] m.e.manticore:INFO: 0 alive states, 3 terminated states
2023-07-03 15:44:06,457: [129] m.c.manticore:INFO: Results in /mcore_rtrbrlo7
2023-07-03 15:44:06,458: [129] m.c.manticore:INFO: Total time: 5.912798643112183
2023-07-03 15:44:07,177: [197] m.main:INFO: Registered plugins: IntrospectionAPIPlugin, <class 'manticore.ethereum.plugins.SkipRevertBasicBlocks'>, <class 'manticore.ethereum.plugins.FilterFunctions'>
2023-07-03 15:44:07,177: [197] m.main:INFO: Beginning analysis
2023-07-03 15:44:07,179: [197] m.e.manticore:INFO: Starting symbolic create contract
