2023-07-13 02:39:27,378: [11] m.main:INFO: Registered plugins: IntrospectionAPIPlugin, <class 'manticore.ethereum.plugins.SkipRevertBasicBlocks'>, <class 'manticore.ethereum.plugins.FilterFunctions'>
2023-07-13 02:39:27,379: [11] m.main:INFO: Beginning analysis
2023-07-13 02:39:27,383: [11] m.e.manticore:INFO: Starting symbolic create contract
2023-07-13 02:39:27,958: [11] m.e.manticore:INFO: Starting symbolic transaction: 0
2023-07-13 02:39:28,984: [11] m.c.worker:ERROR: Exception in state 0: ManticoreError('Forking on unfeasible constraint set')
Traceback (most recent call last):
  File "/usr/local/lib/python3.7/dist-packages/manticore/core/worker.py", line 137, in run
    current_state.execute()
  File "/usr/local/lib/python3.7/dist-packages/manticore/ethereum/state.py", line 8, in execute
    return self._platform.execute()
  File "/usr/local/lib/python3.7/dist-packages/manticore/platforms/evm.py", line 3106, in execute
    self.current_vm.execute()
  File "/usr/local/lib/python3.7/dist-packages/manticore/platforms/evm.py", line 1322, in execute
    raise Concretize("Symbolic PC", expression=expression, setstate=setstate, policy="ALL")
manticore.core.state.Concretize

During handling of the above exception, another exception occurred:

Traceback (most recent call last):
  File "/usr/local/lib/python3.7/dist-packages/manticore/core/worker.py", line 158, in run
    m._fork(current_state, exc.expression, exc.policy, exc.setstate, exc.values)
  File "/usr/local/lib/python3.7/dist-packages/manticore/core/manticore.py", line 518, in _fork
    raise ManticoreError("Forking on unfeasible constraint set")
manticore.exceptions.ManticoreError: Forking on unfeasible constraint set
 
2023-07-13 02:39:28,991: [11] m.e.manticore:INFO: 0 alive states, 1 terminated states
2023-07-13 02:39:29,104: [11] m.c.manticore:INFO: Results in /mcore_v32_gvsv
2023-07-13 02:39:29,105: [11] m.c.manticore:INFO: Total time: 1.1412899494171143
2023-07-13 02:39:29,933: [73] m.main:INFO: Registered plugins: IntrospectionAPIPlugin, <class 'manticore.ethereum.plugins.SkipRevertBasicBlocks'>, <class 'manticore.ethereum.plugins.FilterFunctions'>
2023-07-13 02:39:29,933: [73] m.main:INFO: Beginning analysis
2023-07-13 02:39:29,936: [73] m.e.manticore:INFO: Starting symbolic create contract
2023-07-13 02:39:30,981: [73] m.e.manticore:INFO: Starting symbolic transaction: 0
2023-07-13 02:39:34,122: [73] m.e.manticore:INFO: Found a concrete globalsha3 b'\x00\x00\x00\x00\x00\x00\x00\x00\x00\x00\x00\x00\x00\x00\x00\x00\x00\x00\x00\x00\x00\x00\x00\x00\x00\x00\x00\x00\x00\x02\x00\x00\x00\x00\x00\x00\x00\x00\x00\x00\x00\x00\x00\x00\x00\x00\x00\x00\x00\x00\x00\x00\x00\x00\x00\x00\x00\x00\x00\x00\x00\x00\x00\x00' -> 73138091548938366139099779971772605061518111956507126412222883840269740007539
2023-07-13 02:39:34,160: [73] m.c.worker:ERROR: Exception in state 4: ManticoreError('Forking on unfeasible constraint set')
Traceback (most recent call last):
  File "/usr/local/lib/python3.7/dist-packages/manticore/core/worker.py", line 137, in run
    current_state.execute()
  File "/usr/local/lib/python3.7/dist-packages/manticore/ethereum/state.py", line 8, in execute
    return self._platform.execute()
  File "/usr/local/lib/python3.7/dist-packages/manticore/platforms/evm.py", line 3106, in execute
    self.current_vm.execute()
  File "/usr/local/lib/python3.7/dist-packages/manticore/platforms/evm.py", line 1322, in execute
    raise Concretize("Symbolic PC", expression=expression, setstate=setstate, policy="ALL")
manticore.core.state.Concretize

During handling of the above exception, another exception occurred:

Traceback (most recent call last):
  File "/usr/local/lib/python3.7/dist-packages/manticore/core/worker.py", line 158, in run
    m._fork(current_state, exc.expression, exc.policy, exc.setstate, exc.values)
  File "/usr/local/lib/python3.7/dist-packages/manticore/core/manticore.py", line 518, in _fork
    raise ManticoreError("Forking on unfeasible constraint set")
manticore.exceptions.ManticoreError: Forking on unfeasible constraint set
 
2023-07-13 02:39:37,738: [73] m.e.manticore:INFO: 0 alive states, 2 terminated states
2023-07-13 02:39:37,902: [73] m.c.manticore:INFO: Results in /mcore_4sgb90dy
2023-07-13 02:39:37,903: [73] m.c.manticore:INFO: Total time: 6.907630681991577
2023-07-13 02:39:38,677: [141] m.main:INFO: Registered plugins: IntrospectionAPIPlugin, <class 'manticore.ethereum.plugins.SkipRevertBasicBlocks'>, <class 'manticore.ethereum.plugins.FilterFunctions'>
2023-07-13 02:39:38,677: [141] m.main:INFO: Beginning analysis
2023-07-13 02:39:38,680: [141] m.e.manticore:INFO: Starting symbolic create contract
2023-07-13 02:39:39,711: [141] m.e.manticore:INFO: Starting symbolic transaction: 0
2023-07-13 02:39:58,826: [141] m.e.manticore:INFO: 0 alive states, 6 terminated states
2023-07-13 02:39:59,136: [141] m.c.manticore:INFO: Results in /mcore_9kej1k78
2023-07-13 02:39:59,137: [141] m.c.manticore:INFO: Total time: 19.41278839111328
