2023-07-03 16:37:41,866: [11] m.main:INFO: Registered plugins: IntrospectionAPIPlugin, <class 'manticore.ethereum.plugins.SkipRevertBasicBlocks'>, <class 'manticore.ethereum.plugins.FilterFunctions'>
2023-07-03 16:37:41,866: [11] m.main:INFO: Beginning analysis
2023-07-03 16:37:41,868: [11] m.e.manticore:INFO: Starting symbolic create contract
2023-07-03 16:37:42,315: [11] m.e.manticore:INFO: Starting symbolic transaction: 0
2023-07-03 16:37:42,417: [11] m.e.manticore:INFO: 0 alive states, 2 terminated states
2023-07-03 16:37:42,570: [11] m.c.manticore:INFO: Results in /mcore_c5q5ycwm
2023-07-03 16:37:42,571: [11] m.c.manticore:INFO: Total time: 0.2527902126312256
2023-07-03 16:37:43,231: [76] m.main:INFO: Registered plugins: IntrospectionAPIPlugin, <class 'manticore.ethereum.plugins.SkipRevertBasicBlocks'>, <class 'manticore.ethereum.plugins.FilterFunctions'>
2023-07-03 16:37:43,231: [76] m.main:INFO: Beginning analysis
2023-07-03 16:37:43,234: [76] m.e.manticore:INFO: Starting symbolic create contract
2023-07-03 16:37:43,621: [76] m.e.manticore:INFO: Starting symbolic transaction: 0
2023-07-03 16:37:43,731: [76] m.e.manticore:INFO: 0 alive states, 2 terminated states
2023-07-03 16:37:43,878: [76] m.c.manticore:INFO: Results in /mcore_ug4mq7sz
2023-07-03 16:37:43,879: [76] m.c.manticore:INFO: Total time: 0.2533705234527588
2023-07-03 16:37:44,593: [141] m.main:INFO: Registered plugins: IntrospectionAPIPlugin, <class 'manticore.ethereum.plugins.SkipRevertBasicBlocks'>, <class 'manticore.ethereum.plugins.FilterFunctions'>
2023-07-03 16:37:44,594: [141] m.main:INFO: Beginning analysis
2023-07-03 16:37:44,596: [141] m.e.manticore:INFO: Starting symbolic create contract
2023-07-03 16:37:45,395: [141] m.e.manticore:INFO: Starting symbolic transaction: 0
2023-07-03 16:37:47,729: [141] m.c.worker:ERROR: Exception in state 0: ManticoreError('Forking on unfeasible constraint set')
Traceback (most recent call last):
  File "/usr/local/lib/python3.7/dist-packages/manticore/core/worker.py", line 137, in run
    current_state.execute()
  File "/usr/local/lib/python3.7/dist-packages/manticore/ethereum/state.py", line 8, in execute
    return self._platform.execute()
  File "/usr/local/lib/python3.7/dist-packages/manticore/platforms/evm.py", line 3106, in execute
    self.current_vm.execute()
  File "/usr/local/lib/python3.7/dist-packages/manticore/platforms/evm.py", line 1322, in execute
    raise Concretize("Symbolic PC", expression=expression, setstate=setstate, policy="ALL")
manticore.core.state.Concretize

During handling of the above exception, another exception occurred:

Traceback (most recent call last):
  File "/usr/local/lib/python3.7/dist-packages/manticore/core/worker.py", line 158, in run
    m._fork(current_state, exc.expression, exc.policy, exc.setstate, exc.values)
  File "/usr/local/lib/python3.7/dist-packages/manticore/core/manticore.py", line 518, in _fork
    raise ManticoreError("Forking on unfeasible constraint set")
manticore.exceptions.ManticoreError: Forking on unfeasible constraint set
 
2023-07-03 16:37:47,742: [141] m.e.manticore:INFO: 0 alive states, 1 terminated states
2023-07-03 16:37:47,880: [141] m.c.manticore:INFO: Results in /mcore_buvm21jk
2023-07-03 16:37:47,880: [141] m.c.manticore:INFO: Total time: 2.456312894821167
2023-07-03 16:37:48,655: [203] m.main:INFO: Registered plugins: IntrospectionAPIPlugin, <class 'manticore.ethereum.plugins.SkipRevertBasicBlocks'>, <class 'manticore.ethereum.plugins.FilterFunctions'>
2023-07-03 16:37:48,655: [203] m.main:INFO: Beginning analysis
2023-07-03 16:37:48,658: [203] m.e.manticore:INFO: Starting symbolic create contract
2023-07-03 16:37:49,263: [203] m.e.manticore:INFO: Starting symbolic transaction: 0
2023-07-03 16:37:49,384: [203] m.e.manticore:INFO: 0 alive states, 1 terminated states
2023-07-03 16:37:49,446: [203] m.e.manticore:INFO: Starting symbolic transaction: 1
2023-07-03 16:37:49,634: [203] m.c.manticore:INFO: Results in /mcore_hyyjy2i2
2023-07-03 16:37:49,634: [203] m.c.manticore:INFO: Total time: 0.36848950386047363
