2023-07-13 02:43:31,843: [11] m.main:INFO: Registered plugins: IntrospectionAPIPlugin, <class 'manticore.ethereum.plugins.SkipRevertBasicBlocks'>, <class 'manticore.ethereum.plugins.FilterFunctions'>
2023-07-13 02:43:31,843: [11] m.main:INFO: Beginning analysis
2023-07-13 02:43:31,848: [11] m.e.manticore:INFO: Starting symbolic create contract
2023-07-13 02:43:32,394: [11] m.e.manticore:INFO: Found a concrete globalsha3 b'\x00\x00\x00\x00\x00\x00\x00\x00\x00\x00\x00\x00\x00\x00\x00\x00\x00\x00\x00\x00\x00\x00\x00\x00\x00\x00\x00\x00\x00\x00\x00\x00\x00\x00\x00\x00\x00\x00\x00\x00\x00\x00\x00\x00\x00\x00\x00\x00\x00\x00\x00\x00\x00\x00\x00\x00\x00\x00\x00\x00\x00\x00\x00\x00' -> 78338746147236970124700731725183845421594913511827187288591969170390706184117
2023-07-13 02:43:32,452: [11] m.e.manticore:INFO: Found a concrete globalsha3 b'\x00\x00\x00\x00\x00\x00\x00\x00\x00\x00\x00\x00\x00\x00\x00\x00\x00\x00\x00\x00\x00\x00\x00\x00\x00\x00\x00\x00\x00\x00\x00\x00\x00\x00\x00\x00\x00\x00\x00\x00\x00\x00\x00\x00\x00\x00\x00\x00\x00\x00\x00\x00\x00\x00\x00\x00\x00\x00\x00\x00\x00\x00\x00\x01' -> 75506153327051474587906755573858019282972751592871715030499431892688993766217
2023-07-13 02:43:32,777: [11] m.e.manticore:INFO: Starting symbolic transaction: 0
2023-07-13 02:43:57,138: [11] m.e.manticore:INFO: 1 alive states, 1 terminated states
2023-07-13 02:43:57,760: [11] m.e.manticore:INFO: Starting symbolic transaction: 1
2023-07-13 02:45:35,780: [11] m.e.manticore:INFO: 1 alive states, 2 terminated states
2023-07-13 02:45:43,148: [80] m.c.manticore:INFO: Generated testcase No. 0 - STOP(3 txs)
2023-07-13 02:45:43,149: [80] m.c.plugin:WARNING: Caught will_solve in state None, but failed to capture its initialization
2023-07-13 02:47:09,758: [11] m.c.manticore:INFO: Results in /mcore_och2b2h_
2023-07-13 02:47:09,758: [11] m.c.manticore:INFO: Total time: 191.98010778427124
2023-07-13 02:47:10,454: [102] m.main:INFO: Registered plugins: IntrospectionAPIPlugin, <class 'manticore.ethereum.plugins.SkipRevertBasicBlocks'>, <class 'manticore.ethereum.plugins.FilterFunctions'>
2023-07-13 02:47:10,455: [102] m.main:INFO: Beginning analysis
2023-07-13 02:47:10,458: [102] m.e.manticore:INFO: Starting symbolic create contract
2023-07-13 02:47:11,040: [102] m.e.manticore:INFO: Starting symbolic transaction: 0
2023-07-13 02:47:11,155: [102] m.e.manticore:INFO: 0 alive states, 1 terminated states
2023-07-13 02:47:11,212: [102] m.e.manticore:INFO: Starting symbolic transaction: 1
2023-07-13 02:47:11,410: [102] m.c.manticore:INFO: Results in /mcore_kkpb8a1e
2023-07-13 02:47:11,410: [102] m.c.manticore:INFO: Total time: 0.36477160453796387
2023-07-13 02:47:12,031: [161] m.main:INFO: Registered plugins: IntrospectionAPIPlugin, <class 'manticore.ethereum.plugins.SkipRevertBasicBlocks'>, <class 'manticore.ethereum.plugins.FilterFunctions'>
2023-07-13 02:47:12,031: [161] m.main:INFO: Beginning analysis
2023-07-13 02:47:12,033: [161] m.e.manticore:INFO: Starting symbolic create contract
2023-07-13 02:47:36,145: [161] m.e.manticore:INFO: Found a concrete globalsha3 b'\x00\x00\x00\x00\x00\x00\x00\x00\x00\x00\x00\x00\x00\x00\x00\x00\x00\x00\x00\x00\x00\x00\x00\x00\x00\x00\x00\x00\x00\x00\x00\x00\x00\x00\x00\x00\x00\x00\x00\x00\x00\x00\x00\x00\x00\x00\x00\x00\x00\x00\x00\x00\x00\x00\x00\x00\x00\x00\x00\x00\x00\x00\x00\x00' -> 78338746147236970124700731725183845421594913511827187288591969170390706184117
2023-07-13 02:47:36,208: [161] m.e.manticore:INFO: Found a concrete globalsha3 b'\x00\x00\x00\x00\x00\x00\x00\x00\x00\x00\x00\x00\x00\x00\x00\x00\x00\x00\x00\x00\x00\x00\x00\x00\x00\x00\x00\x00\x00\x00\x00\x00\x00\x00\x00\x00\x00\x00\x00\x00\x00\x00\x00\x00\x00\x00\x00\x00\x00\x00\x00\x00\x00\x00\x00\x00\x00\x00\x00\x00\x00\x00\x00\x01' -> 75506153327051474587906755573858019282972751592871715030499431892688993766217
2023-07-13 02:47:36,682: [161] m.e.manticore:INFO: Found a concrete globalsha3 b'\x00\x00\x00\x00\x00\x00\x00\x00\x00\x00\x00\x00\x00\x00\x00\x00\x00\x00\x00\x00\x00\x00\x00\x00\x00\x00\x00\x00\x00\x00\x00\x01' -> 80084422859880547211683076133703299733277748156566366325829078699459944778998
