2023-07-03 16:36:36,561: [11] m.main:INFO: Registered plugins: IntrospectionAPIPlugin, <class 'manticore.ethereum.plugins.SkipRevertBasicBlocks'>, <class 'manticore.ethereum.plugins.FilterFunctions'>
2023-07-03 16:36:36,561: [11] m.main:INFO: Beginning analysis
2023-07-03 16:36:36,563: [11] m.e.manticore:INFO: Starting symbolic create contract
2023-07-03 16:36:36,637: [11] m.e.manticore:INFO: Failed to build contract /sb/Hypervisor_1.sol:2279:1: Errors : Invalid solc compilation Error: Unknown pragma "abicoder"
    --> sb/Hypervisor_1.sol:2279:1:
     |
2279 | pragma abicoder v2;
     | ^^^^^^^^^^^^^^^^^^^

Error: No visibility specified. Did you intend to add "public"?
    --> sb/Hypervisor_1.sol:2398:5:
     |
2398 |     constructor(
     |     ^ (Relevant source part starts here and spans across multiple lines).

Warning: This declaration shadows an existing declaration.
    --> sb/Hypervisor_1.sol:2496:10:
     |
2496 |         (uint256 base0, uint256 base1) = _burnLiquidity(
     |          ^^^^^^^^^^^^^
Note: The shadowed declaration is here:
    --> sb/Hypervisor_1.sol:2490:9:
     |
2490 |         uint256 base0,
     |         ^^^^^^^^^^^^^

Warning: This declaration shadows an existing declaration.
    --> sb/Hypervisor_1.sol:2496:25:
     |
2496 |         (uint256 base0, uint256 base1) = _burnLiquidity(
     |                         ^^^^^^^^^^^^^
Note: The shadowed declaration is here:
    --> sb/Hypervisor_1.sol:2491:9:
     |
2491 |         uint256 base1,
     |         ^^^^^^^^^^^^^

Warning: This declaration shadows an existing declaration.
    --> sb/Hypervisor_1.sol:2503:10:
     |
2503 |         (uint256 limit0, uint256 limit1) = _burnLiquidity(
     |          ^^^^^^^^^^^^^^
Note: The shadowed declaration is here:
    --> sb/Hypervisor_1.sol:2492:9:
     |
2492 |         uint256 limit0,
     |         ^^^^^^^^^^^^^^

Warning: This declaration shadows an existing declaration.
    --> sb/Hypervisor_1.sol:2503:26:
     |
2503 |         (uint256 limit0, uint256 limit1) = _burnLiquidity(
     |                          ^^^^^^^^^^^^^^
Note: The shadowed declaration is here:
    --> sb/Hypervisor_1.sol:2493:9:
     |
2493 |         uint256 limit1
     |         ^^^^^^^^^^^^^^

Error: This type is only supported in ABIEncoderV2. Use "pragma experimental ABIEncoderV2;" to enable the feature.
    --> sb/Hypervisor_1.sol:2349:62:
     |
2349 |     function getLockAt(uint256 index) external view returns (LockData memory lockData);
     |                                                              ^^^^^^^^^^^^^^^^^^^^^^^^


. Solidity failed to generate bytecode for your contract. Check if all the abstract functions are implemented. 
Process Process-1:
Traceback (most recent call last):
  File "/usr/lib/python3.7/multiprocessing/process.py", line 297, in _bootstrap
    self.run()
  File "/usr/lib/python3.7/multiprocessing/process.py", line 99, in run
    self._target(*self._args, **self._kwargs)
  File "/usr/local/lib/python3.7/dist-packages/manticore/ethereum/manticore.py", line 1766, in worker_finalize
    finalizer(q.get_nowait())
  File "/usr/local/lib/python3.7/dist-packages/manticore/ethereum/manticore.py", line 1757, in finalizer
    if only_alive_states and last_tx.result in {"REVERT", "THROW", "TXERROR"}:
AttributeError: 'NoneType' object has no attribute 'result'
2023-07-03 16:36:36,720: [11] m.c.manticore:INFO: Results in /mcore__hojldeu
2023-07-03 16:36:36,720: [11] m.c.manticore:WARNING: Manticore failed to run
2023-07-03 16:36:37,351: [36] m.main:INFO: Registered plugins: IntrospectionAPIPlugin, <class 'manticore.ethereum.plugins.SkipRevertBasicBlocks'>, <class 'manticore.ethereum.plugins.FilterFunctions'>
2023-07-03 16:36:37,352: [36] m.main:INFO: Beginning analysis
2023-07-03 16:36:37,353: [36] m.e.manticore:INFO: Starting symbolic create contract
2023-07-03 16:36:37,415: [36] m.e.manticore:INFO: Failed to build contract SyntaxError: Errors : Invalid solc compilation Error: Unknown pragma "abicoder"
    --> sb/Hypervisor_1.sol:2279:1:
     |
2279 | pragma abicoder v2;
     | ^^^^^^^^^^^^^^^^^^^

Error: No visibility specified. Did you intend to add "public"?
    --> sb/Hypervisor_1.sol:2398:5:
     |
2398 |     constructor(
     |     ^ (Relevant source part starts here and spans across multiple lines).

Warning: This declaration shadows an existing declaration.
    --> sb/Hypervisor_1.sol:2496:10:
     |
2496 |         (uint256 base0, uint256 base1) = _burnLiquidity(
     |          ^^^^^^^^^^^^^
Note: The shadowed declaration is here:
    --> sb/Hypervisor_1.sol:2490:9:
     |
2490 |         uint256 base0,
     |         ^^^^^^^^^^^^^

Warning: This declaration shadows an existing declaration.
    --> sb/Hypervisor_1.sol:2496:25:
     |
2496 |         (uint256 base0, uint256 base1) = _burnLiquidity(
     |                         ^^^^^^^^^^^^^
Note: The shadowed declaration is here:
    --> sb/Hypervisor_1.sol:2491:9:
     |
2491 |         uint256 base1,
     |         ^^^^^^^^^^^^^

Warning: This declaration shadows an existing declaration.
    --> sb/Hypervisor_1.sol:2503:10:
     |
2503 |         (uint256 limit0, uint256 limit1) = _burnLiquidity(
     |          ^^^^^^^^^^^^^^
Note: The shadowed declaration is here:
    --> sb/Hypervisor_1.sol:2492:9:
     |
2492 |         uint256 limit0,
     |         ^^^^^^^^^^^^^^

Warning: This declaration shadows an existing declaration.
    --> sb/Hypervisor_1.sol:2503:26:
     |
2503 |         (uint256 limit0, uint256 limit1) = _burnLiquidity(
     |                          ^^^^^^^^^^^^^^
Note: The shadowed declaration is here:
    --> sb/Hypervisor_1.sol:2493:9:
     |
2493 |         uint256 limit1
     |         ^^^^^^^^^^^^^^

Error: This type is only supported in ABIEncoderV2. Use "pragma experimental ABIEncoderV2;" to enable the feature.
    --> sb/Hypervisor_1.sol:2349:62:
     |
2349 |     function getLockAt(uint256 index) external view returns (LockData memory lockData);
     |                                                              ^^^^^^^^^^^^^^^^^^^^^^^^


. Solidity failed to generate bytecode for your contract. Check if all the abstract functions are implemented. 
Process Process-1:
Traceback (most recent call last):
  File "/usr/lib/python3.7/multiprocessing/process.py", line 297, in _bootstrap
    self.run()
  File "/usr/lib/python3.7/multiprocessing/process.py", line 99, in run
    self._target(*self._args, **self._kwargs)
  File "/usr/local/lib/python3.7/dist-packages/manticore/ethereum/manticore.py", line 1766, in worker_finalize
    finalizer(q.get_nowait())
  File "/usr/local/lib/python3.7/dist-packages/manticore/ethereum/manticore.py", line 1757, in finalizer
    if only_alive_states and last_tx.result in {"REVERT", "THROW", "TXERROR"}:
AttributeError: 'NoneType' object has no attribute 'result'
2023-07-03 16:36:37,487: [36] m.c.manticore:INFO: Results in /mcore_aqxl8jxm
2023-07-03 16:36:37,488: [36] m.c.manticore:WARNING: Manticore failed to run
2023-07-03 16:36:38,156: [61] m.main:INFO: Registered plugins: IntrospectionAPIPlugin, <class 'manticore.ethereum.plugins.SkipRevertBasicBlocks'>, <class 'manticore.ethereum.plugins.FilterFunctions'>
2023-07-03 16:36:38,156: [61] m.main:INFO: Beginning analysis
2023-07-03 16:36:38,159: [61] m.e.manticore:INFO: Starting symbolic create contract
2023-07-03 16:36:38,233: [61] m.e.manticore:INFO: Failed to build contract Unknown Errors : Invalid solc compilation Error: Unknown pragma "abicoder"
    --> sb/Hypervisor_1.sol:2279:1:
     |
2279 | pragma abicoder v2;
     | ^^^^^^^^^^^^^^^^^^^

Error: No visibility specified. Did you intend to add "public"?
    --> sb/Hypervisor_1.sol:2398:5:
     |
2398 |     constructor(
     |     ^ (Relevant source part starts here and spans across multiple lines).

Warning: This declaration shadows an existing declaration.
    --> sb/Hypervisor_1.sol:2496:10:
     |
2496 |         (uint256 base0, uint256 base1) = _burnLiquidity(
     |          ^^^^^^^^^^^^^
Note: The shadowed declaration is here:
    --> sb/Hypervisor_1.sol:2490:9:
     |
2490 |         uint256 base0,
     |         ^^^^^^^^^^^^^

Warning: This declaration shadows an existing declaration.
    --> sb/Hypervisor_1.sol:2496:25:
     |
2496 |         (uint256 base0, uint256 base1) = _burnLiquidity(
     |                         ^^^^^^^^^^^^^
Note: The shadowed declaration is here:
    --> sb/Hypervisor_1.sol:2491:9:
     |
2491 |         uint256 base1,
     |         ^^^^^^^^^^^^^

Warning: This declaration shadows an existing declaration.
    --> sb/Hypervisor_1.sol:2503:10:
     |
2503 |         (uint256 limit0, uint256 limit1) = _burnLiquidity(
     |          ^^^^^^^^^^^^^^
Note: The shadowed declaration is here:
    --> sb/Hypervisor_1.sol:2492:9:
     |
2492 |         uint256 limit0,
     |         ^^^^^^^^^^^^^^

Warning: This declaration shadows an existing declaration.
    --> sb/Hypervisor_1.sol:2503:26:
     |
2503 |         (uint256 limit0, uint256 limit1) = _burnLiquidity(
     |                          ^^^^^^^^^^^^^^
Note: The shadowed declaration is here:
    --> sb/Hypervisor_1.sol:2493:9:
     |
2493 |         uint256 limit1
     |         ^^^^^^^^^^^^^^

Error: This type is only supported in ABIEncoderV2. Use "pragma experimental ABIEncoderV2;" to enable the feature.
    --> sb/Hypervisor_1.sol:2349:62:
     |
2349 |     function getLockAt(uint256 index) external view returns (LockData memory lockData);
     |                                                              ^^^^^^^^^^^^^^^^^^^^^^^^


. Solidity failed to generate bytecode for your contract. Check if all the abstract functions are implemented. 
Process Process-1:
Traceback (most recent call last):
  File "/usr/lib/python3.7/multiprocessing/process.py", line 297, in _bootstrap
    self.run()
  File "/usr/lib/python3.7/multiprocessing/process.py", line 99, in run
    self._target(*self._args, **self._kwargs)
  File "/usr/local/lib/python3.7/dist-packages/manticore/ethereum/manticore.py", line 1766, in worker_finalize
    finalizer(q.get_nowait())
  File "/usr/local/lib/python3.7/dist-packages/manticore/ethereum/manticore.py", line 1757, in finalizer
    if only_alive_states and last_tx.result in {"REVERT", "THROW", "TXERROR"}:
AttributeError: 'NoneType' object has no attribute 'result'
2023-07-03 16:36:38,303: [61] m.c.manticore:INFO: Results in /mcore_mh7ot59q
2023-07-03 16:36:38,303: [61] m.c.manticore:WARNING: Manticore failed to run
2023-07-03 16:36:39,012: [86] m.main:INFO: Registered plugins: IntrospectionAPIPlugin, <class 'manticore.ethereum.plugins.SkipRevertBasicBlocks'>, <class 'manticore.ethereum.plugins.FilterFunctions'>
2023-07-03 16:36:39,012: [86] m.main:INFO: Beginning analysis
2023-07-03 16:36:39,015: [86] m.e.manticore:INFO: Starting symbolic create contract
2023-07-03 16:36:39,089: [86] m.e.manticore:INFO: Failed to build contract pragma Errors : Invalid solc compilation Error: Unknown pragma "abicoder"
    --> sb/Hypervisor_1.sol:2279:1:
     |
2279 | pragma abicoder v2;
     | ^^^^^^^^^^^^^^^^^^^

Error: No visibility specified. Did you intend to add "public"?
    --> sb/Hypervisor_1.sol:2398:5:
     |
2398 |     constructor(
     |     ^ (Relevant source part starts here and spans across multiple lines).

Warning: This declaration shadows an existing declaration.
    --> sb/Hypervisor_1.sol:2496:10:
     |
2496 |         (uint256 base0, uint256 base1) = _burnLiquidity(
     |          ^^^^^^^^^^^^^
Note: The shadowed declaration is here:
    --> sb/Hypervisor_1.sol:2490:9:
     |
2490 |         uint256 base0,
     |         ^^^^^^^^^^^^^

Warning: This declaration shadows an existing declaration.
    --> sb/Hypervisor_1.sol:2496:25:
     |
2496 |         (uint256 base0, uint256 base1) = _burnLiquidity(
     |                         ^^^^^^^^^^^^^
Note: The shadowed declaration is here:
    --> sb/Hypervisor_1.sol:2491:9:
     |
2491 |         uint256 base1,
     |         ^^^^^^^^^^^^^

Warning: This declaration shadows an existing declaration.
    --> sb/Hypervisor_1.sol:2503:10:
     |
2503 |         (uint256 limit0, uint256 limit1) = _burnLiquidity(
     |          ^^^^^^^^^^^^^^
Note: The shadowed declaration is here:
    --> sb/Hypervisor_1.sol:2492:9:
     |
2492 |         uint256 limit0,
     |         ^^^^^^^^^^^^^^

Warning: This declaration shadows an existing declaration.
    --> sb/Hypervisor_1.sol:2503:26:
     |
2503 |         (uint256 limit0, uint256 limit1) = _burnLiquidity(
     |                          ^^^^^^^^^^^^^^
Note: The shadowed declaration is here:
    --> sb/Hypervisor_1.sol:2493:9:
     |
2493 |         uint256 limit1
     |         ^^^^^^^^^^^^^^

Error: This type is only supported in ABIEncoderV2. Use "pragma experimental ABIEncoderV2;" to enable the feature.
    --> sb/Hypervisor_1.sol:2349:62:
     |
2349 |     function getLockAt(uint256 index) external view returns (LockData memory lockData);
     |                                                              ^^^^^^^^^^^^^^^^^^^^^^^^


. Solidity failed to generate bytecode for your contract. Check if all the abstract functions are implemented. 
Process Process-1:
Traceback (most recent call last):
  File "/usr/lib/python3.7/multiprocessing/process.py", line 297, in _bootstrap
    self.run()
  File "/usr/lib/python3.7/multiprocessing/process.py", line 99, in run
    self._target(*self._args, **self._kwargs)
  File "/usr/local/lib/python3.7/dist-packages/manticore/ethereum/manticore.py", line 1766, in worker_finalize
    finalizer(q.get_nowait())
  File "/usr/local/lib/python3.7/dist-packages/manticore/ethereum/manticore.py", line 1757, in finalizer
    if only_alive_states and last_tx.result in {"REVERT", "THROW", "TXERROR"}:
AttributeError: 'NoneType' object has no attribute 'result'
2023-07-03 16:36:39,175: [86] m.c.manticore:INFO: Results in /mcore_nfsv3ytl
2023-07-03 16:36:39,175: [86] m.c.manticore:WARNING: Manticore failed to run
2023-07-03 16:36:39,827: [111] m.main:INFO: Registered plugins: IntrospectionAPIPlugin, <class 'manticore.ethereum.plugins.SkipRevertBasicBlocks'>, <class 'manticore.ethereum.plugins.FilterFunctions'>
2023-07-03 16:36:39,827: [111] m.main:INFO: Beginning analysis
2023-07-03 16:36:39,830: [111] m.e.manticore:INFO: Starting symbolic create contract
2023-07-03 16:36:39,895: [111] m.e.manticore:INFO: Failed to build contract "abicoder" Errors : Invalid solc compilation Error: Unknown pragma "abicoder"
    --> sb/Hypervisor_1.sol:2279:1:
     |
2279 | pragma abicoder v2;
     | ^^^^^^^^^^^^^^^^^^^

Error: No visibility specified. Did you intend to add "public"?
    --> sb/Hypervisor_1.sol:2398:5:
     |
2398 |     constructor(
     |     ^ (Relevant source part starts here and spans across multiple lines).

Warning: This declaration shadows an existing declaration.
    --> sb/Hypervisor_1.sol:2496:10:
     |
2496 |         (uint256 base0, uint256 base1) = _burnLiquidity(
     |          ^^^^^^^^^^^^^
Note: The shadowed declaration is here:
    --> sb/Hypervisor_1.sol:2490:9:
     |
2490 |         uint256 base0,
     |         ^^^^^^^^^^^^^

Warning: This declaration shadows an existing declaration.
    --> sb/Hypervisor_1.sol:2496:25:
     |
2496 |         (uint256 base0, uint256 base1) = _burnLiquidity(
     |                         ^^^^^^^^^^^^^
Note: The shadowed declaration is here:
    --> sb/Hypervisor_1.sol:2491:9:
     |
2491 |         uint256 base1,
     |         ^^^^^^^^^^^^^

Warning: This declaration shadows an existing declaration.
    --> sb/Hypervisor_1.sol:2503:10:
     |
2503 |         (uint256 limit0, uint256 limit1) = _burnLiquidity(
     |          ^^^^^^^^^^^^^^
Note: The shadowed declaration is here:
    --> sb/Hypervisor_1.sol:2492:9:
     |
2492 |         uint256 limit0,
     |         ^^^^^^^^^^^^^^

Warning: This declaration shadows an existing declaration.
    --> sb/Hypervisor_1.sol:2503:26:
     |
2503 |         (uint256 limit0, uint256 limit1) = _burnLiquidity(
     |                          ^^^^^^^^^^^^^^
Note: The shadowed declaration is here:
    --> sb/Hypervisor_1.sol:2493:9:
     |
2493 |         uint256 limit1
     |         ^^^^^^^^^^^^^^

Error: This type is only supported in ABIEncoderV2. Use "pragma experimental ABIEncoderV2;" to enable the feature.
    --> sb/Hypervisor_1.sol:2349:62:
     |
2349 |     function getLockAt(uint256 index) external view returns (LockData memory lockData);
     |                                                              ^^^^^^^^^^^^^^^^^^^^^^^^


. Solidity failed to generate bytecode for your contract. Check if all the abstract functions are implemented. 
Process Process-1:
Traceback (most recent call last):
  File "/usr/lib/python3.7/multiprocessing/process.py", line 297, in _bootstrap
    self.run()
  File "/usr/lib/python3.7/multiprocessing/process.py", line 99, in run
    self._target(*self._args, **self._kwargs)
  File "/usr/local/lib/python3.7/dist-packages/manticore/ethereum/manticore.py", line 1766, in worker_finalize
    finalizer(q.get_nowait())
  File "/usr/local/lib/python3.7/dist-packages/manticore/ethereum/manticore.py", line 1757, in finalizer
    if only_alive_states and last_tx.result in {"REVERT", "THROW", "TXERROR"}:
AttributeError: 'NoneType' object has no attribute 'result'
2023-07-03 16:36:39,978: [111] m.c.manticore:INFO: Results in /mcore__t1fuqy6
2023-07-03 16:36:39,978: [111] m.c.manticore:WARNING: Manticore failed to run
2023-07-03 16:36:40,620: [136] m.main:INFO: Registered plugins: IntrospectionAPIPlugin, <class 'manticore.ethereum.plugins.SkipRevertBasicBlocks'>, <class 'manticore.ethereum.plugins.FilterFunctions'>
2023-07-03 16:36:40,621: [136] m.main:INFO: Beginning analysis
2023-07-03 16:36:40,623: [136] m.e.manticore:INFO: Starting symbolic create contract
2023-07-03 16:36:40,691: [136] m.e.manticore:INFO: Failed to build contract pragma Errors : Invalid solc compilation Error: Unknown pragma "abicoder"
    --> sb/Hypervisor_1.sol:2279:1:
     |
2279 | pragma abicoder v2;
     | ^^^^^^^^^^^^^^^^^^^

Error: No visibility specified. Did you intend to add "public"?
    --> sb/Hypervisor_1.sol:2398:5:
     |
2398 |     constructor(
     |     ^ (Relevant source part starts here and spans across multiple lines).

Warning: This declaration shadows an existing declaration.
    --> sb/Hypervisor_1.sol:2496:10:
     |
2496 |         (uint256 base0, uint256 base1) = _burnLiquidity(
     |          ^^^^^^^^^^^^^
Note: The shadowed declaration is here:
    --> sb/Hypervisor_1.sol:2490:9:
     |
2490 |         uint256 base0,
     |         ^^^^^^^^^^^^^

Warning: This declaration shadows an existing declaration.
    --> sb/Hypervisor_1.sol:2496:25:
     |
2496 |         (uint256 base0, uint256 base1) = _burnLiquidity(
     |                         ^^^^^^^^^^^^^
Note: The shadowed declaration is here:
    --> sb/Hypervisor_1.sol:2491:9:
     |
2491 |         uint256 base1,
     |         ^^^^^^^^^^^^^

Warning: This declaration shadows an existing declaration.
    --> sb/Hypervisor_1.sol:2503:10:
     |
2503 |         (uint256 limit0, uint256 limit1) = _burnLiquidity(
     |          ^^^^^^^^^^^^^^
Note: The shadowed declaration is here:
    --> sb/Hypervisor_1.sol:2492:9:
     |
2492 |         uint256 limit0,
     |         ^^^^^^^^^^^^^^

Warning: This declaration shadows an existing declaration.
    --> sb/Hypervisor_1.sol:2503:26:
     |
2503 |         (uint256 limit0, uint256 limit1) = _burnLiquidity(
     |                          ^^^^^^^^^^^^^^
Note: The shadowed declaration is here:
    --> sb/Hypervisor_1.sol:2493:9:
     |
2493 |         uint256 limit1
     |         ^^^^^^^^^^^^^^

Error: This type is only supported in ABIEncoderV2. Use "pragma experimental ABIEncoderV2;" to enable the feature.
    --> sb/Hypervisor_1.sol:2349:62:
     |
2349 |     function getLockAt(uint256 index) external view returns (LockData memory lockData);
     |                                                              ^^^^^^^^^^^^^^^^^^^^^^^^


. Solidity failed to generate bytecode for your contract. Check if all the abstract functions are implemented. 
Process Process-1:
Traceback (most recent call last):
  File "/usr/lib/python3.7/multiprocessing/process.py", line 297, in _bootstrap
    self.run()
  File "/usr/lib/python3.7/multiprocessing/process.py", line 99, in run
    self._target(*self._args, **self._kwargs)
  File "/usr/local/lib/python3.7/dist-packages/manticore/ethereum/manticore.py", line 1766, in worker_finalize
    finalizer(q.get_nowait())
  File "/usr/local/lib/python3.7/dist-packages/manticore/ethereum/manticore.py", line 1757, in finalizer
    if only_alive_states and last_tx.result in {"REVERT", "THROW", "TXERROR"}:
AttributeError: 'NoneType' object has no attribute 'result'
2023-07-03 16:36:40,778: [136] m.c.manticore:INFO: Results in /mcore_2_mrr5xz
2023-07-03 16:36:40,779: [136] m.c.manticore:WARNING: Manticore failed to run
2023-07-03 16:36:41,522: [161] m.main:INFO: Registered plugins: IntrospectionAPIPlugin, <class 'manticore.ethereum.plugins.SkipRevertBasicBlocks'>, <class 'manticore.ethereum.plugins.FilterFunctions'>
2023-07-03 16:36:41,522: [161] m.main:INFO: Beginning analysis
2023-07-03 16:36:41,524: [161] m.e.manticore:INFO: Starting symbolic create contract
2023-07-03 16:36:41,582: [161] m.e.manticore:INFO: Failed to build contract abicoder Errors : Invalid solc compilation Error: Unknown pragma "abicoder"
    --> sb/Hypervisor_1.sol:2279:1:
     |
2279 | pragma abicoder v2;
     | ^^^^^^^^^^^^^^^^^^^

Error: No visibility specified. Did you intend to add "public"?
    --> sb/Hypervisor_1.sol:2398:5:
     |
2398 |     constructor(
     |     ^ (Relevant source part starts here and spans across multiple lines).

Warning: This declaration shadows an existing declaration.
    --> sb/Hypervisor_1.sol:2496:10:
     |
2496 |         (uint256 base0, uint256 base1) = _burnLiquidity(
     |          ^^^^^^^^^^^^^
Note: The shadowed declaration is here:
    --> sb/Hypervisor_1.sol:2490:9:
     |
2490 |         uint256 base0,
     |         ^^^^^^^^^^^^^

Warning: This declaration shadows an existing declaration.
    --> sb/Hypervisor_1.sol:2496:25:
     |
2496 |         (uint256 base0, uint256 base1) = _burnLiquidity(
     |                         ^^^^^^^^^^^^^
Note: The shadowed declaration is here:
    --> sb/Hypervisor_1.sol:2491:9:
     |
2491 |         uint256 base1,
     |         ^^^^^^^^^^^^^

Warning: This declaration shadows an existing declaration.
    --> sb/Hypervisor_1.sol:2503:10:
     |
2503 |         (uint256 limit0, uint256 limit1) = _burnLiquidity(
     |          ^^^^^^^^^^^^^^
Note: The shadowed declaration is here:
    --> sb/Hypervisor_1.sol:2492:9:
     |
2492 |         uint256 limit0,
     |         ^^^^^^^^^^^^^^

Warning: This declaration shadows an existing declaration.
    --> sb/Hypervisor_1.sol:2503:26:
     |
2503 |         (uint256 limit0, uint256 limit1) = _burnLiquidity(
     |                          ^^^^^^^^^^^^^^
Note: The shadowed declaration is here:
    --> sb/Hypervisor_1.sol:2493:9:
     |
2493 |         uint256 limit1
     |         ^^^^^^^^^^^^^^

Error: This type is only supported in ABIEncoderV2. Use "pragma experimental ABIEncoderV2;" to enable the feature.
    --> sb/Hypervisor_1.sol:2349:62:
     |
2349 |     function getLockAt(uint256 index) external view returns (LockData memory lockData);
     |                                                              ^^^^^^^^^^^^^^^^^^^^^^^^


. Solidity failed to generate bytecode for your contract. Check if all the abstract functions are implemented. 
Process Process-1:
Traceback (most recent call last):
  File "/usr/lib/python3.7/multiprocessing/process.py", line 297, in _bootstrap
    self.run()
  File "/usr/lib/python3.7/multiprocessing/process.py", line 99, in run
    self._target(*self._args, **self._kwargs)
  File "/usr/local/lib/python3.7/dist-packages/manticore/ethereum/manticore.py", line 1766, in worker_finalize
    finalizer(q.get_nowait())
  File "/usr/local/lib/python3.7/dist-packages/manticore/ethereum/manticore.py", line 1757, in finalizer
    if only_alive_states and last_tx.result in {"REVERT", "THROW", "TXERROR"}:
AttributeError: 'NoneType' object has no attribute 'result'
2023-07-03 16:36:41,661: [161] m.c.manticore:INFO: Results in /mcore_adb5daj3
2023-07-03 16:36:41,661: [161] m.c.manticore:WARNING: Manticore failed to run
2023-07-03 16:36:42,397: [186] m.main:INFO: Registered plugins: IntrospectionAPIPlugin, <class 'manticore.ethereum.plugins.SkipRevertBasicBlocks'>, <class 'manticore.ethereum.plugins.FilterFunctions'>
2023-07-03 16:36:42,397: [186] m.main:INFO: Beginning analysis
2023-07-03 16:36:42,399: [186] m.e.manticore:INFO: Starting symbolic create contract
2023-07-03 16:36:42,470: [186] m.e.manticore:INFO: Failed to build contract v2; Errors : Invalid solc compilation Error: Unknown pragma "abicoder"
    --> sb/Hypervisor_1.sol:2279:1:
     |
2279 | pragma abicoder v2;
     | ^^^^^^^^^^^^^^^^^^^

Error: No visibility specified. Did you intend to add "public"?
    --> sb/Hypervisor_1.sol:2398:5:
     |
2398 |     constructor(
     |     ^ (Relevant source part starts here and spans across multiple lines).

Warning: This declaration shadows an existing declaration.
    --> sb/Hypervisor_1.sol:2496:10:
     |
2496 |         (uint256 base0, uint256 base1) = _burnLiquidity(
     |          ^^^^^^^^^^^^^
Note: The shadowed declaration is here:
    --> sb/Hypervisor_1.sol:2490:9:
     |
2490 |         uint256 base0,
     |         ^^^^^^^^^^^^^

Warning: This declaration shadows an existing declaration.
    --> sb/Hypervisor_1.sol:2496:25:
     |
2496 |         (uint256 base0, uint256 base1) = _burnLiquidity(
     |                         ^^^^^^^^^^^^^
Note: The shadowed declaration is here:
    --> sb/Hypervisor_1.sol:2491:9:
     |
2491 |         uint256 base1,
     |         ^^^^^^^^^^^^^

Warning: This declaration shadows an existing declaration.
    --> sb/Hypervisor_1.sol:2503:10:
     |
2503 |         (uint256 limit0, uint256 limit1) = _burnLiquidity(
     |          ^^^^^^^^^^^^^^
Note: The shadowed declaration is here:
    --> sb/Hypervisor_1.sol:2492:9:
     |
2492 |         uint256 limit0,
     |         ^^^^^^^^^^^^^^

Warning: This declaration shadows an existing declaration.
    --> sb/Hypervisor_1.sol:2503:26:
     |
2503 |         (uint256 limit0, uint256 limit1) = _burnLiquidity(
     |                          ^^^^^^^^^^^^^^
Note: The shadowed declaration is here:
    --> sb/Hypervisor_1.sol:2493:9:
     |
2493 |         uint256 limit1
     |         ^^^^^^^^^^^^^^

Error: This type is only supported in ABIEncoderV2. Use "pragma experimental ABIEncoderV2;" to enable the feature.
    --> sb/Hypervisor_1.sol:2349:62:
     |
2349 |     function getLockAt(uint256 index) external view returns (LockData memory lockData);
     |                                                              ^^^^^^^^^^^^^^^^^^^^^^^^


. Solidity failed to generate bytecode for your contract. Check if all the abstract functions are implemented. 
Process Process-1:
Traceback (most recent call last):
  File "/usr/lib/python3.7/multiprocessing/process.py", line 297, in _bootstrap
    self.run()
  File "/usr/lib/python3.7/multiprocessing/process.py", line 99, in run
    self._target(*self._args, **self._kwargs)
  File "/usr/local/lib/python3.7/dist-packages/manticore/ethereum/manticore.py", line 1766, in worker_finalize
    finalizer(q.get_nowait())
  File "/usr/local/lib/python3.7/dist-packages/manticore/ethereum/manticore.py", line 1757, in finalizer
    if only_alive_states and last_tx.result in {"REVERT", "THROW", "TXERROR"}:
AttributeError: 'NoneType' object has no attribute 'result'
2023-07-03 16:36:42,555: [186] m.c.manticore:INFO: Results in /mcore_eafa156x
2023-07-03 16:36:42,555: [186] m.c.manticore:WARNING: Manticore failed to run
2023-07-03 16:36:43,286: [211] m.main:INFO: Registered plugins: IntrospectionAPIPlugin, <class 'manticore.ethereum.plugins.SkipRevertBasicBlocks'>, <class 'manticore.ethereum.plugins.FilterFunctions'>
2023-07-03 16:36:43,286: [211] m.main:INFO: Beginning analysis
2023-07-03 16:36:43,288: [211] m.e.manticore:INFO: Starting symbolic create contract
2023-07-03 16:36:43,350: [211] m.e.manticore:INFO: Failed to build contract ^-----------------^ Errors : Invalid solc compilation Error: Unknown pragma "abicoder"
    --> sb/Hypervisor_1.sol:2279:1:
     |
2279 | pragma abicoder v2;
     | ^^^^^^^^^^^^^^^^^^^

Error: No visibility specified. Did you intend to add "public"?
    --> sb/Hypervisor_1.sol:2398:5:
     |
2398 |     constructor(
     |     ^ (Relevant source part starts here and spans across multiple lines).

Warning: This declaration shadows an existing declaration.
    --> sb/Hypervisor_1.sol:2496:10:
     |
2496 |         (uint256 base0, uint256 base1) = _burnLiquidity(
     |          ^^^^^^^^^^^^^
Note: The shadowed declaration is here:
    --> sb/Hypervisor_1.sol:2490:9:
     |
2490 |         uint256 base0,
     |         ^^^^^^^^^^^^^

Warning: This declaration shadows an existing declaration.
    --> sb/Hypervisor_1.sol:2496:25:
     |
2496 |         (uint256 base0, uint256 base1) = _burnLiquidity(
     |                         ^^^^^^^^^^^^^
Note: The shadowed declaration is here:
    --> sb/Hypervisor_1.sol:2491:9:
     |
2491 |         uint256 base1,
     |         ^^^^^^^^^^^^^

Warning: This declaration shadows an existing declaration.
    --> sb/Hypervisor_1.sol:2503:10:
     |
2503 |         (uint256 limit0, uint256 limit1) = _burnLiquidity(
     |          ^^^^^^^^^^^^^^
Note: The shadowed declaration is here:
    --> sb/Hypervisor_1.sol:2492:9:
     |
2492 |         uint256 limit0,
     |         ^^^^^^^^^^^^^^

Warning: This declaration shadows an existing declaration.
    --> sb/Hypervisor_1.sol:2503:26:
     |
2503 |         (uint256 limit0, uint256 limit1) = _burnLiquidity(
     |                          ^^^^^^^^^^^^^^
Note: The shadowed declaration is here:
    --> sb/Hypervisor_1.sol:2493:9:
     |
2493 |         uint256 limit1
     |         ^^^^^^^^^^^^^^

Error: This type is only supported in ABIEncoderV2. Use "pragma experimental ABIEncoderV2;" to enable the feature.
    --> sb/Hypervisor_1.sol:2349:62:
     |
2349 |     function getLockAt(uint256 index) external view returns (LockData memory lockData);
     |                                                              ^^^^^^^^^^^^^^^^^^^^^^^^


. Solidity failed to generate bytecode for your contract. Check if all the abstract functions are implemented. 
Process Process-1:
Traceback (most recent call last):
  File "/usr/lib/python3.7/multiprocessing/process.py", line 297, in _bootstrap
    self.run()
  File "/usr/lib/python3.7/multiprocessing/process.py", line 99, in run
    self._target(*self._args, **self._kwargs)
  File "/usr/local/lib/python3.7/dist-packages/manticore/ethereum/manticore.py", line 1766, in worker_finalize
    finalizer(q.get_nowait())
  File "/usr/local/lib/python3.7/dist-packages/manticore/ethereum/manticore.py", line 1757, in finalizer
    if only_alive_states and last_tx.result in {"REVERT", "THROW", "TXERROR"}:
AttributeError: 'NoneType' object has no attribute 'result'
2023-07-03 16:36:43,411: [211] m.c.manticore:INFO: Results in /mcore_j3en913h
2023-07-03 16:36:43,411: [211] m.c.manticore:WARNING: Manticore failed to run
