2023-07-03 15:49:26,125: [11] m.main:INFO: Registered plugins: IntrospectionAPIPlugin, <class 'manticore.ethereum.plugins.SkipRevertBasicBlocks'>, <class 'manticore.ethereum.plugins.FilterFunctions'>
2023-07-03 15:49:26,125: [11] m.main:INFO: Beginning analysis
2023-07-03 15:49:26,128: [11] m.e.manticore:INFO: Starting symbolic create contract
2023-07-03 15:49:27,993: [11] m.e.manticore:INFO: Starting symbolic transaction: 0
2023-07-03 15:49:29,068: [11] m.e.manticore:INFO: 1 alive states, 1 terminated states
2023-07-03 15:49:29,142: [11] m.e.manticore:INFO: Starting symbolic transaction: 1
2023-07-03 15:49:30,454: [11] m.e.manticore:INFO: 1 alive states, 1 terminated states
2023-07-03 15:49:30,613: [74] m.c.manticore:INFO: Generated testcase No. 0 - RETURN(3 txs)
2023-07-03 15:49:30,614: [74] m.c.plugin:WARNING: Caught will_solve in state None, but failed to capture its initialization
2023-07-03 15:49:31,401: [11] m.c.manticore:INFO: Results in /mcore_zbx3dfrs
2023-07-03 15:49:31,401: [11] m.c.manticore:INFO: Total time: 2.2555510997772217
2023-07-03 15:49:32,216: [93] m.main:INFO: Registered plugins: IntrospectionAPIPlugin, <class 'manticore.ethereum.plugins.SkipRevertBasicBlocks'>, <class 'manticore.ethereum.plugins.FilterFunctions'>
2023-07-03 15:49:32,216: [93] m.main:INFO: Beginning analysis
2023-07-03 15:49:32,218: [93] m.e.manticore:INFO: Starting symbolic create contract
2023-07-03 15:49:34,076: [93] m.e.manticore:INFO: Starting symbolic transaction: 0
2023-07-03 15:49:34,224: [93] m.e.manticore:INFO: 0 alive states, 2 terminated states
2023-07-03 15:49:34,358: [93] m.c.manticore:INFO: Results in /mcore_3sbpq1yt
2023-07-03 15:49:34,358: [93] m.c.manticore:INFO: Total time: 0.2791750431060791
2023-07-03 15:49:35,056: [158] m.main:INFO: Registered plugins: IntrospectionAPIPlugin, <class 'manticore.ethereum.plugins.SkipRevertBasicBlocks'>, <class 'manticore.ethereum.plugins.FilterFunctions'>
2023-07-03 15:49:35,056: [158] m.main:INFO: Beginning analysis
2023-07-03 15:49:35,059: [158] m.e.manticore:INFO: Starting symbolic create contract
2023-07-03 15:49:37,943: [158] m.e.manticore:INFO: Starting symbolic transaction: 0
2023-07-03 15:50:15,126: [158] m.e.manticore:INFO: 9 alive states, 4 terminated states
2023-07-03 15:50:16,641: [158] m.e.manticore:INFO: Starting symbolic transaction: 1
