2023-07-03 16:10:20,481: [11] m.main:INFO: Registered plugins: IntrospectionAPIPlugin, <class 'manticore.ethereum.plugins.SkipRevertBasicBlocks'>, <class 'manticore.ethereum.plugins.FilterFunctions'>
2023-07-03 16:10:20,481: [11] m.main:INFO: Beginning analysis
2023-07-03 16:10:20,484: [11] m.e.manticore:INFO: Starting symbolic create contract
2023-07-03 16:10:21,371: [11] m.e.manticore:INFO: Starting symbolic transaction: 0
2023-07-03 16:10:21,476: [11] m.e.manticore:INFO: 0 alive states, 2 terminated states
2023-07-03 16:10:21,633: [11] m.c.manticore:INFO: Results in /mcore_v52qflvv
2023-07-03 16:10:21,633: [11] m.c.manticore:INFO: Total time: 0.2588529586791992
2023-07-03 16:10:22,376: [76] m.main:INFO: Registered plugins: IntrospectionAPIPlugin, <class 'manticore.ethereum.plugins.SkipRevertBasicBlocks'>, <class 'manticore.ethereum.plugins.FilterFunctions'>
2023-07-03 16:10:22,377: [76] m.main:INFO: Beginning analysis
2023-07-03 16:10:22,380: [76] m.e.manticore:INFO: Starting symbolic create contract
2023-07-03 16:10:23,358: [76] m.e.manticore:INFO: Starting symbolic transaction: 0
2023-07-03 16:10:23,492: [76] m.e.manticore:INFO: 0 alive states, 2 terminated states
2023-07-03 16:10:23,647: [76] m.c.manticore:INFO: Results in /mcore_qmhp20w_
2023-07-03 16:10:23,648: [76] m.c.manticore:INFO: Total time: 0.28595781326293945
2023-07-03 16:10:24,410: [141] m.main:INFO: Registered plugins: IntrospectionAPIPlugin, <class 'manticore.ethereum.plugins.SkipRevertBasicBlocks'>, <class 'manticore.ethereum.plugins.FilterFunctions'>
2023-07-03 16:10:24,411: [141] m.main:INFO: Beginning analysis
2023-07-03 16:10:24,413: [141] m.e.manticore:INFO: Starting symbolic create contract
2023-07-03 16:10:25,264: [141] m.e.manticore:INFO: Starting symbolic transaction: 0
2023-07-03 16:10:25,393: [141] m.e.manticore:INFO: 0 alive states, 2 terminated states
2023-07-03 16:10:25,574: [141] m.c.manticore:INFO: Results in /mcore_uzfu4sp1
2023-07-03 16:10:25,574: [141] m.c.manticore:INFO: Total time: 0.3063077926635742
2023-07-03 16:10:26,271: [206] m.main:INFO: Registered plugins: IntrospectionAPIPlugin, <class 'manticore.ethereum.plugins.SkipRevertBasicBlocks'>, <class 'manticore.ethereum.plugins.FilterFunctions'>
2023-07-03 16:10:26,271: [206] m.main:INFO: Beginning analysis
2023-07-03 16:10:26,275: [206] m.e.manticore:INFO: Starting symbolic create contract
2023-07-03 16:10:27,295: [206] m.e.manticore:INFO: Starting symbolic transaction: 0
2023-07-03 16:10:27,394: [206] m.e.manticore:INFO: 0 alive states, 2 terminated states
2023-07-03 16:10:27,538: [206] m.c.manticore:INFO: Results in /mcore_v4obh81d
2023-07-03 16:10:27,539: [206] m.c.manticore:INFO: Total time: 0.24031329154968262
2023-07-03 16:10:28,354: [271] m.main:INFO: Registered plugins: IntrospectionAPIPlugin, <class 'manticore.ethereum.plugins.SkipRevertBasicBlocks'>, <class 'manticore.ethereum.plugins.FilterFunctions'>
2023-07-03 16:10:28,355: [271] m.main:INFO: Beginning analysis
2023-07-03 16:10:28,359: [271] m.e.manticore:INFO: Starting symbolic create contract
2023-07-03 16:10:29,335: [271] m.e.manticore:INFO: Starting symbolic transaction: 0
2023-07-03 16:10:29,924: [271] m.c.worker:ERROR: Exception in state 0: ManticoreError('Forking on unfeasible constraint set')
Traceback (most recent call last):
  File "/usr/local/lib/python3.7/dist-packages/manticore/core/worker.py", line 137, in run
    current_state.execute()
  File "/usr/local/lib/python3.7/dist-packages/manticore/ethereum/state.py", line 8, in execute
    return self._platform.execute()
  File "/usr/local/lib/python3.7/dist-packages/manticore/platforms/evm.py", line 3106, in execute
    self.current_vm.execute()
  File "/usr/local/lib/python3.7/dist-packages/manticore/platforms/evm.py", line 1322, in execute
    raise Concretize("Symbolic PC", expression=expression, setstate=setstate, policy="ALL")
manticore.core.state.Concretize

During handling of the above exception, another exception occurred:

Traceback (most recent call last):
  File "/usr/local/lib/python3.7/dist-packages/manticore/core/worker.py", line 158, in run
    m._fork(current_state, exc.expression, exc.policy, exc.setstate, exc.values)
  File "/usr/local/lib/python3.7/dist-packages/manticore/core/manticore.py", line 518, in _fork
    raise ManticoreError("Forking on unfeasible constraint set")
manticore.exceptions.ManticoreError: Forking on unfeasible constraint set
 
2023-07-03 16:10:29,930: [271] m.e.manticore:INFO: 0 alive states, 1 terminated states
2023-07-03 16:10:30,032: [271] m.c.manticore:INFO: Results in /mcore_265qv9nc
2023-07-03 16:10:30,033: [271] m.c.manticore:INFO: Total time: 0.6907520294189453
2023-07-03 16:10:30,867: [333] m.main:INFO: Registered plugins: IntrospectionAPIPlugin, <class 'manticore.ethereum.plugins.SkipRevertBasicBlocks'>, <class 'manticore.ethereum.plugins.FilterFunctions'>
2023-07-03 16:10:30,867: [333] m.main:INFO: Beginning analysis
2023-07-03 16:10:30,870: [333] m.e.manticore:INFO: Starting symbolic create contract
