2023-07-13 02:43:29,871: [11] m.main:INFO: Registered plugins: IntrospectionAPIPlugin, <class 'manticore.ethereum.plugins.SkipRevertBasicBlocks'>, <class 'manticore.ethereum.plugins.FilterFunctions'>
2023-07-13 02:43:29,871: [11] m.main:INFO: Beginning analysis
2023-07-13 02:43:29,873: [11] m.e.manticore:INFO: Starting symbolic create contract
2023-07-13 02:43:30,698: [11] m.e.manticore:INFO: Starting symbolic transaction: 0
2023-07-13 02:43:39,338: [11] m.e.manticore:INFO: 2 alive states, 1 terminated states
2023-07-13 02:43:39,628: [11] m.e.manticore:INFO: Starting symbolic transaction: 1
2023-07-13 02:43:58,305: [11] m.e.manticore:INFO: 4 alive states, 1 terminated states
2023-07-13 02:43:58,785: [86] m.c.manticore:INFO: Generated testcase No. 0 - STOP(3 txs)
2023-07-13 02:43:58,786: [86] m.c.plugin:WARNING: Caught will_solve in state None, but failed to capture its initialization
2023-07-13 02:43:58,801: [89] m.c.manticore:INFO: Generated testcase No. 1 - STOP(3 txs)
2023-07-13 02:43:58,802: [89] m.c.plugin:WARNING: Caught will_solve in state None, but failed to capture its initialization
2023-07-13 02:43:58,810: [87] m.c.manticore:INFO: Generated testcase No. 2 - STOP(3 txs)
2023-07-13 02:43:58,810: [87] m.c.plugin:WARNING: Caught will_solve in state None, but failed to capture its initialization
2023-07-13 02:43:58,814: [88] m.c.manticore:INFO: Generated testcase No. 3 - STOP(3 txs)
2023-07-13 02:43:58,815: [88] m.c.plugin:WARNING: Caught will_solve in state None, but failed to capture its initialization
2023-07-13 02:44:00,818: [11] m.c.manticore:INFO: Results in /mcore_fxh2zoi7
2023-07-13 02:44:00,819: [11] m.c.manticore:INFO: Total time: 21.167561769485474
2023-07-13 02:44:01,467: [114] m.main:INFO: Registered plugins: IntrospectionAPIPlugin, <class 'manticore.ethereum.plugins.SkipRevertBasicBlocks'>, <class 'manticore.ethereum.plugins.FilterFunctions'>
2023-07-13 02:44:01,467: [114] m.main:INFO: Beginning analysis
2023-07-13 02:44:01,471: [114] m.e.manticore:INFO: Starting symbolic create contract
2023-07-13 02:44:02,808: [114] m.e.manticore:INFO: Starting symbolic transaction: 0
2023-07-13 02:44:28,615: [114] m.e.manticore:INFO: 3 alive states, 1 terminated states
2023-07-13 02:44:29,363: [114] m.e.manticore:INFO: Starting symbolic transaction: 1
2023-07-13 02:46:15,323: [114] m.e.manticore:INFO: 9 alive states, 1 terminated states
2023-07-13 02:46:16,186: [204] m.c.manticore:INFO: Generated testcase No. 0 - STOP(3 txs)
2023-07-13 02:46:16,187: [204] m.c.plugin:WARNING: Caught will_solve in state None, but failed to capture its initialization
2023-07-13 02:46:16,196: [205] m.c.manticore:INFO: Generated testcase No. 1 - STOP(3 txs)
2023-07-13 02:46:16,196: [205] m.c.plugin:WARNING: Caught will_solve in state None, but failed to capture its initialization
2023-07-13 02:46:16,201: [206] m.c.manticore:INFO: Generated testcase No. 2 - STOP(3 txs)
2023-07-13 02:46:16,202: [206] m.c.plugin:WARNING: Caught will_solve in state None, but failed to capture its initialization
2023-07-13 02:46:16,207: [207] m.c.manticore:INFO: Generated testcase No. 3 - STOP(3 txs)
2023-07-13 02:46:16,208: [207] m.c.plugin:WARNING: Caught will_solve in state None, but failed to capture its initialization
2023-07-13 02:46:16,211: [208] m.c.manticore:INFO: Generated testcase No. 5 - STOP(3 txs)
2023-07-13 02:46:16,212: [208] m.c.plugin:WARNING: Caught will_solve in state None, but failed to capture its initialization
2023-07-13 02:46:16,213: [210] m.c.manticore:INFO: Generated testcase No. 4 - STOP(3 txs)
2023-07-13 02:46:16,214: [210] m.c.plugin:WARNING: Caught will_solve in state None, but failed to capture its initialization
2023-07-13 02:46:16,219: [214] m.c.manticore:INFO: Generated testcase No. 7 - STOP(3 txs)
2023-07-13 02:46:16,220: [214] m.c.plugin:WARNING: Caught will_solve in state None, but failed to capture its initialization
2023-07-13 02:46:16,221: [211] m.c.manticore:INFO: Generated testcase No. 6 - STOP(3 txs)
2023-07-13 02:46:16,222: [211] m.c.plugin:WARNING: Caught will_solve in state None, but failed to capture its initialization
2023-07-13 02:46:16,231: [212] m.c.manticore:INFO: Generated testcase No. 8 - STOP(3 txs)
2023-07-13 02:46:16,232: [212] m.c.plugin:WARNING: Caught will_solve in state None, but failed to capture its initialization
2023-07-13 02:46:19,797: [114] m.c.manticore:INFO: Results in /mcore_i_tjwa9v
2023-07-13 02:46:19,797: [114] m.c.manticore:INFO: Total time: 110.35599637031555
2023-07-13 02:46:20,629: [247] m.main:INFO: Registered plugins: IntrospectionAPIPlugin, <class 'manticore.ethereum.plugins.SkipRevertBasicBlocks'>, <class 'manticore.ethereum.plugins.FilterFunctions'>
2023-07-13 02:46:20,629: [247] m.main:INFO: Beginning analysis
2023-07-13 02:46:20,633: [247] m.e.manticore:INFO: Starting symbolic create contract
2023-07-13 02:46:23,034: [247] m.e.manticore:INFO: Starting symbolic transaction: 0
2023-07-13 02:48:10,630: [247] m.e.manticore:INFO: Found a concrete globalsha3 b'\x00\x00\x00\x00\x00\x00\x00\x00\x00\x00\x00\x00\x00\x00\x00\x00\x00\x00\x00\x00\x00\x00\x00\x00\x00\x00\x00\x00\x00\x02\x00\x00\x00\x00\x00\x00\x00\x00\x00\x00\x00\x00\x00\x00\x00\x00\x00\x00\x00\x00\x00\x00\x00\x00\x00\x00\x00\x00\x00\x00\x00\x00\x00\x04' -> 93405925606848684242376394016972829529189361045273175667784367156876440055338
