INFO:Slither:Compilation warnings/errors on /sb/SchainsInternal_2.sol:
Warning: Function state mutability can be restricted to pure
    --> /sb/SchainsInternal_2.sol:3738:5:
     |
3738 |     function timestampToDay(uint timestamp) external view returns (uint) {
     |     ^ (Relevant source part starts here and spans across multiple lines).

Warning: Function state mutability can be restricted to pure
    --> /sb/SchainsInternal_2.sol:3746:5:
     |
3746 |     function timestampToYear(uint timestamp) external view virtual returns (uint) {
     |     ^ (Relevant source part starts here and spans across multiple lines).

Warning: Function state mutability can be restricted to pure
    --> /sb/SchainsInternal_2.sol:3753:5:
     |
3753 |     function timestampToMonth(uint timestamp) public view virtual returns (uint) {
     |     ^ (Relevant source part starts here and spans across multiple lines).

Warning: Function state mutability can be restricted to pure
    --> /sb/SchainsInternal_2.sol:3763:5:
     |
3763 |     function monthToTimestamp(uint month) public view virtual returns (uint timestamp) {
     |     ^ (Relevant source part starts here and spans across multiple lines).

Warning: Contract code size exceeds 24576 bytes (a limit introduced in Spurious Dragon). This contract may not be deployable on mainnet. Consider enabling the optimizer (with a low "runs" value!), turning off revert strings, or using libraries.
    --> /sb/SchainsInternal_2.sol:4640:1:
     |
4640 | contract DelegationController is Permissions, ILocker {
     | ^ (Relevant source part starts here and spans across multiple lines).

Warning: Contract code size exceeds 24576 bytes (a limit introduced in Spurious Dragon). This contract may not be deployable on mainnet. Consider enabling the optimizer (with a low "runs" value!), turning off revert strings, or using libraries.
    --> /sb/SchainsInternal_2.sol:6755:1:
     |
6755 | contract Nodes is Permissions {
     | ^ (Relevant source part starts here and spans across multiple lines).

Warning: Contract code size exceeds 24576 bytes (a limit introduced in Spurious Dragon). This contract may not be deployable on mainnet. Consider enabling the optimizer (with a low "runs" value!), turning off revert strings, or using libraries.
    --> /sb/SchainsInternal_2.sol:7676:1:
     |
7676 | contract SchainsInternal is Permissions {
     | ^ (Relevant source part starts here and spans across multiple lines).


ERROR:ExpressionParsing:Expression not parsed FunctionCallOptions
