2023-07-03 16:47:17,979: [11] m.main:INFO: Registered plugins: IntrospectionAPIPlugin, <class 'manticore.ethereum.plugins.SkipRevertBasicBlocks'>, <class 'manticore.ethereum.plugins.FilterFunctions'>
2023-07-03 16:47:17,980: [11] m.main:INFO: Beginning analysis
2023-07-03 16:47:17,982: [11] m.e.manticore:INFO: Starting symbolic create contract
2023-07-03 16:47:18,011: [11] m.e.manticore:INFO: Failed to build contract ParserError: Errors : Invalid solc compilation Error: Source "dependencies/openzeppelin/contracts/IERC20.sol" not found: File not found.
 --> sb/ReserveLogic_3.sol:4:1:
  |
4 | import {IERC20} from '../../../dependencies/openzeppelin/contracts/IERC20.sol';
  | ^^^^^^^^^^^^^^^^^^^^^^^^^^^^^^^^^^^^^^^^^^^^^^^^^^^^^^^^^^^^^^^^^^^^^^^^^^^^^^^

Error: Source "dependencies/openzeppelin/contracts/SafeERC20.sol" not found: File not found.
 --> sb/ReserveLogic_3.sol:5:1:
  |
5 | import {SafeERC20} from '../../../dependencies/openzeppelin/contracts/SafeERC20.sol';
  | ^^^^^^^^^^^^^^^^^^^^^^^^^^^^^^^^^^^^^^^^^^^^^^^^^^^^^^^^^^^^^^^^^^^^^^^^^^^^^^^^^^^^^

Error: Source "interfaces/IAToken.sol" not found: File not found.
 --> sb/ReserveLogic_3.sol:6:1:
  |
6 | import {IAToken} from '../../../interfaces/IAToken.sol';
  | ^^^^^^^^^^^^^^^^^^^^^^^^^^^^^^^^^^^^^^^^^^^^^^^^^^^^^^^^

Error: Source "interfaces/IStableDebtToken.sol" not found: File not found.
 --> sb/ReserveLogic_3.sol:7:1:
  |
7 | import {IStableDebtToken} from '../../../interfaces/IStableDebtToken.sol';
  | ^^^^^^^^^^^^^^^^^^^^^^^^^^^^^^^^^^^^^^^^^^^^^^^^^^^^^^^^^^^^^^^^^^^^^^^^^^

Error: Source "interfaces/IVariableDebtToken.sol" not found: File not found.
 --> sb/ReserveLogic_3.sol:8:1:
  |
8 | import {IVariableDebtToken} from '../../../interfaces/IVariableDebtToken.sol';
  | ^^^^^^^^^^^^^^^^^^^^^^^^^^^^^^^^^^^^^^^^^^^^^^^^^^^^^^^^^^^^^^^^^^^^^^^^^^^^^^

Error: Source "interfaces/IReserveInterestRateStrategy.sol" not found: File not found.
 --> sb/ReserveLogic_3.sol:9:1:
  |
9 | import {IReserveInterestRateStrategy} from '../../../interfaces/IReserveInterestRateStrategy.sol';
  | ^^^^^^^^^^^^^^^^^^^^^^^^^^^^^^^^^^^^^^^^^^^^^^^^^^^^^^^^^^^^^^^^^^^^^^^^^^^^^^^^^^^^^^^^^^^^^^^^^^

Error: Source "configuration/ReserveConfiguration.sol" not found: File not found.
  --> sb/ReserveLogic_3.sol:10:1:
   |
10 | import {ReserveConfiguration} from '../configuration/ReserveConfiguration.sol';
   | ^^^^^^^^^^^^^^^^^^^^^^^^^^^^^^^^^^^^^^^^^^^^^^^^^^^^^^^^^^^^^^^^^^^^^^^^^^^^^^^

Error: Source "math/MathUtils.sol" not found: File not found.
  --> sb/ReserveLogic_3.sol:11:1:
   |
11 | import {MathUtils} from '../math/MathUtils.sol';
   | ^^^^^^^^^^^^^^^^^^^^^^^^^^^^^^^^^^^^^^^^^^^^^^^^

Error: Source "math/WadRayMath.sol" not found: File not found.
  --> sb/ReserveLogic_3.sol:12:1:
   |
12 | import {WadRayMath} from '../math/WadRayMath.sol';
   | ^^^^^^^^^^^^^^^^^^^^^^^^^^^^^^^^^^^^^^^^^^^^^^^^^^

Error: Source "math/PercentageMath.sol" not found: File not found.
  --> sb/ReserveLogic_3.sol:13:1:
   |
13 | import {PercentageMath} from '../math/PercentageMath.sol';
   | ^^^^^^^^^^^^^^^^^^^^^^^^^^^^^^^^^^^^^^^^^^^^^^^^^^^^^^^^^^

Error: Source "helpers/Errors.sol" not found: File not found.
  --> sb/ReserveLogic_3.sol:14:1:
   |
14 | import {Errors} from '../helpers/Errors.sol';
   | ^^^^^^^^^^^^^^^^^^^^^^^^^^^^^^^^^^^^^^^^^^^^^

Error: Source "helpers/Helpers.sol" not found: File not found.
  --> sb/ReserveLogic_3.sol:15:1:
   |
15 | import {Helpers} from '../helpers/Helpers.sol';
   | ^^^^^^^^^^^^^^^^^^^^^^^^^^^^^^^^^^^^^^^^^^^^^^^

Error: Source "types/DataTypes.sol" not found: File not found.
  --> sb/ReserveLogic_3.sol:16:1:
   |
16 | import {DataTypes} from '../types/DataTypes.sol';
   | ^^^^^^^^^^^^^^^^^^^^^^^^^^^^^^^^^^^^^^^^^^^^^^^^^


. Solidity failed to generate bytecode for your contract. Check if all the abstract functions are implemented. 
Process Process-1:
Traceback (most recent call last):
  File "/usr/lib/python3.7/multiprocessing/process.py", line 297, in _bootstrap
    self.run()
  File "/usr/lib/python3.7/multiprocessing/process.py", line 99, in run
    self._target(*self._args, **self._kwargs)
  File "/usr/local/lib/python3.7/dist-packages/manticore/ethereum/manticore.py", line 1766, in worker_finalize
    finalizer(q.get_nowait())
  File "/usr/local/lib/python3.7/dist-packages/manticore/ethereum/manticore.py", line 1757, in finalizer
    if only_alive_states and last_tx.result in {"REVERT", "THROW", "TXERROR"}:
AttributeError: 'NoneType' object has no attribute 'result'
2023-07-03 16:47:18,089: [11] m.c.manticore:INFO: Results in /mcore_8azowvep
2023-07-03 16:47:18,089: [11] m.c.manticore:WARNING: Manticore failed to run
2023-07-03 16:47:18,824: [36] m.main:INFO: Registered plugins: IntrospectionAPIPlugin, <class 'manticore.ethereum.plugins.SkipRevertBasicBlocks'>, <class 'manticore.ethereum.plugins.FilterFunctions'>
2023-07-03 16:47:18,824: [36] m.main:INFO: Beginning analysis
2023-07-03 16:47:18,827: [36] m.e.manticore:INFO: Starting symbolic create contract
2023-07-03 16:47:18,860: [36] m.e.manticore:INFO: Failed to build contract Source Errors : Invalid solc compilation Error: Source "dependencies/openzeppelin/contracts/IERC20.sol" not found: File not found.
 --> sb/ReserveLogic_3.sol:4:1:
  |
4 | import {IERC20} from '../../../dependencies/openzeppelin/contracts/IERC20.sol';
  | ^^^^^^^^^^^^^^^^^^^^^^^^^^^^^^^^^^^^^^^^^^^^^^^^^^^^^^^^^^^^^^^^^^^^^^^^^^^^^^^

Error: Source "dependencies/openzeppelin/contracts/SafeERC20.sol" not found: File not found.
 --> sb/ReserveLogic_3.sol:5:1:
  |
5 | import {SafeERC20} from '../../../dependencies/openzeppelin/contracts/SafeERC20.sol';
  | ^^^^^^^^^^^^^^^^^^^^^^^^^^^^^^^^^^^^^^^^^^^^^^^^^^^^^^^^^^^^^^^^^^^^^^^^^^^^^^^^^^^^^

Error: Source "interfaces/IAToken.sol" not found: File not found.
 --> sb/ReserveLogic_3.sol:6:1:
  |
6 | import {IAToken} from '../../../interfaces/IAToken.sol';
  | ^^^^^^^^^^^^^^^^^^^^^^^^^^^^^^^^^^^^^^^^^^^^^^^^^^^^^^^^

Error: Source "interfaces/IStableDebtToken.sol" not found: File not found.
 --> sb/ReserveLogic_3.sol:7:1:
  |
7 | import {IStableDebtToken} from '../../../interfaces/IStableDebtToken.sol';
  | ^^^^^^^^^^^^^^^^^^^^^^^^^^^^^^^^^^^^^^^^^^^^^^^^^^^^^^^^^^^^^^^^^^^^^^^^^^

Error: Source "interfaces/IVariableDebtToken.sol" not found: File not found.
 --> sb/ReserveLogic_3.sol:8:1:
  |
8 | import {IVariableDebtToken} from '../../../interfaces/IVariableDebtToken.sol';
  | ^^^^^^^^^^^^^^^^^^^^^^^^^^^^^^^^^^^^^^^^^^^^^^^^^^^^^^^^^^^^^^^^^^^^^^^^^^^^^^

Error: Source "interfaces/IReserveInterestRateStrategy.sol" not found: File not found.
 --> sb/ReserveLogic_3.sol:9:1:
  |
9 | import {IReserveInterestRateStrategy} from '../../../interfaces/IReserveInterestRateStrategy.sol';
  | ^^^^^^^^^^^^^^^^^^^^^^^^^^^^^^^^^^^^^^^^^^^^^^^^^^^^^^^^^^^^^^^^^^^^^^^^^^^^^^^^^^^^^^^^^^^^^^^^^^

Error: Source "configuration/ReserveConfiguration.sol" not found: File not found.
  --> sb/ReserveLogic_3.sol:10:1:
   |
10 | import {ReserveConfiguration} from '../configuration/ReserveConfiguration.sol';
   | ^^^^^^^^^^^^^^^^^^^^^^^^^^^^^^^^^^^^^^^^^^^^^^^^^^^^^^^^^^^^^^^^^^^^^^^^^^^^^^^

Error: Source "math/MathUtils.sol" not found: File not found.
  --> sb/ReserveLogic_3.sol:11:1:
   |
11 | import {MathUtils} from '../math/MathUtils.sol';
   | ^^^^^^^^^^^^^^^^^^^^^^^^^^^^^^^^^^^^^^^^^^^^^^^^

Error: Source "math/WadRayMath.sol" not found: File not found.
  --> sb/ReserveLogic_3.sol:12:1:
   |
12 | import {WadRayMath} from '../math/WadRayMath.sol';
   | ^^^^^^^^^^^^^^^^^^^^^^^^^^^^^^^^^^^^^^^^^^^^^^^^^^

Error: Source "math/PercentageMath.sol" not found: File not found.
  --> sb/ReserveLogic_3.sol:13:1:
   |
13 | import {PercentageMath} from '../math/PercentageMath.sol';
   | ^^^^^^^^^^^^^^^^^^^^^^^^^^^^^^^^^^^^^^^^^^^^^^^^^^^^^^^^^^

Error: Source "helpers/Errors.sol" not found: File not found.
  --> sb/ReserveLogic_3.sol:14:1:
   |
14 | import {Errors} from '../helpers/Errors.sol';
   | ^^^^^^^^^^^^^^^^^^^^^^^^^^^^^^^^^^^^^^^^^^^^^

Error: Source "helpers/Helpers.sol" not found: File not found.
  --> sb/ReserveLogic_3.sol:15:1:
   |
15 | import {Helpers} from '../helpers/Helpers.sol';
   | ^^^^^^^^^^^^^^^^^^^^^^^^^^^^^^^^^^^^^^^^^^^^^^^

Error: Source "types/DataTypes.sol" not found: File not found.
  --> sb/ReserveLogic_3.sol:16:1:
   |
16 | import {DataTypes} from '../types/DataTypes.sol';
   | ^^^^^^^^^^^^^^^^^^^^^^^^^^^^^^^^^^^^^^^^^^^^^^^^^


. Solidity failed to generate bytecode for your contract. Check if all the abstract functions are implemented. 
Process Process-1:
Traceback (most recent call last):
  File "/usr/lib/python3.7/multiprocessing/process.py", line 297, in _bootstrap
    self.run()
  File "/usr/lib/python3.7/multiprocessing/process.py", line 99, in run
    self._target(*self._args, **self._kwargs)
  File "/usr/local/lib/python3.7/dist-packages/manticore/ethereum/manticore.py", line 1766, in worker_finalize
    finalizer(q.get_nowait())
  File "/usr/local/lib/python3.7/dist-packages/manticore/ethereum/manticore.py", line 1757, in finalizer
    if only_alive_states and last_tx.result in {"REVERT", "THROW", "TXERROR"}:
AttributeError: 'NoneType' object has no attribute 'result'
2023-07-03 16:47:18,947: [36] m.c.manticore:INFO: Results in /mcore_74t3_ced
2023-07-03 16:47:18,948: [36] m.c.manticore:WARNING: Manticore failed to run
2023-07-03 16:47:19,700: [61] m.main:INFO: Registered plugins: IntrospectionAPIPlugin, <class 'manticore.ethereum.plugins.SkipRevertBasicBlocks'>, <class 'manticore.ethereum.plugins.FilterFunctions'>
2023-07-03 16:47:19,701: [61] m.main:INFO: Beginning analysis
2023-07-03 16:47:19,704: [61] m.e.manticore:INFO: Starting symbolic create contract
2023-07-03 16:47:19,727: [61] m.e.manticore:INFO: Failed to build contract "dependencies/openzeppelin/contracts/IERC20.sol" Errors : Invalid solc compilation Error: Source "dependencies/openzeppelin/contracts/IERC20.sol" not found: File not found.
 --> sb/ReserveLogic_3.sol:4:1:
  |
4 | import {IERC20} from '../../../dependencies/openzeppelin/contracts/IERC20.sol';
  | ^^^^^^^^^^^^^^^^^^^^^^^^^^^^^^^^^^^^^^^^^^^^^^^^^^^^^^^^^^^^^^^^^^^^^^^^^^^^^^^

Error: Source "dependencies/openzeppelin/contracts/SafeERC20.sol" not found: File not found.
 --> sb/ReserveLogic_3.sol:5:1:
  |
5 | import {SafeERC20} from '../../../dependencies/openzeppelin/contracts/SafeERC20.sol';
  | ^^^^^^^^^^^^^^^^^^^^^^^^^^^^^^^^^^^^^^^^^^^^^^^^^^^^^^^^^^^^^^^^^^^^^^^^^^^^^^^^^^^^^

Error: Source "interfaces/IAToken.sol" not found: File not found.
 --> sb/ReserveLogic_3.sol:6:1:
  |
6 | import {IAToken} from '../../../interfaces/IAToken.sol';
  | ^^^^^^^^^^^^^^^^^^^^^^^^^^^^^^^^^^^^^^^^^^^^^^^^^^^^^^^^

Error: Source "interfaces/IStableDebtToken.sol" not found: File not found.
 --> sb/ReserveLogic_3.sol:7:1:
  |
7 | import {IStableDebtToken} from '../../../interfaces/IStableDebtToken.sol';
  | ^^^^^^^^^^^^^^^^^^^^^^^^^^^^^^^^^^^^^^^^^^^^^^^^^^^^^^^^^^^^^^^^^^^^^^^^^^

Error: Source "interfaces/IVariableDebtToken.sol" not found: File not found.
 --> sb/ReserveLogic_3.sol:8:1:
  |
8 | import {IVariableDebtToken} from '../../../interfaces/IVariableDebtToken.sol';
  | ^^^^^^^^^^^^^^^^^^^^^^^^^^^^^^^^^^^^^^^^^^^^^^^^^^^^^^^^^^^^^^^^^^^^^^^^^^^^^^

Error: Source "interfaces/IReserveInterestRateStrategy.sol" not found: File not found.
 --> sb/ReserveLogic_3.sol:9:1:
  |
9 | import {IReserveInterestRateStrategy} from '../../../interfaces/IReserveInterestRateStrategy.sol';
  | ^^^^^^^^^^^^^^^^^^^^^^^^^^^^^^^^^^^^^^^^^^^^^^^^^^^^^^^^^^^^^^^^^^^^^^^^^^^^^^^^^^^^^^^^^^^^^^^^^^

Error: Source "configuration/ReserveConfiguration.sol" not found: File not found.
  --> sb/ReserveLogic_3.sol:10:1:
   |
10 | import {ReserveConfiguration} from '../configuration/ReserveConfiguration.sol';
   | ^^^^^^^^^^^^^^^^^^^^^^^^^^^^^^^^^^^^^^^^^^^^^^^^^^^^^^^^^^^^^^^^^^^^^^^^^^^^^^^

Error: Source "math/MathUtils.sol" not found: File not found.
  --> sb/ReserveLogic_3.sol:11:1:
   |
11 | import {MathUtils} from '../math/MathUtils.sol';
   | ^^^^^^^^^^^^^^^^^^^^^^^^^^^^^^^^^^^^^^^^^^^^^^^^

Error: Source "math/WadRayMath.sol" not found: File not found.
  --> sb/ReserveLogic_3.sol:12:1:
   |
12 | import {WadRayMath} from '../math/WadRayMath.sol';
   | ^^^^^^^^^^^^^^^^^^^^^^^^^^^^^^^^^^^^^^^^^^^^^^^^^^

Error: Source "math/PercentageMath.sol" not found: File not found.
  --> sb/ReserveLogic_3.sol:13:1:
   |
13 | import {PercentageMath} from '../math/PercentageMath.sol';
   | ^^^^^^^^^^^^^^^^^^^^^^^^^^^^^^^^^^^^^^^^^^^^^^^^^^^^^^^^^^

Error: Source "helpers/Errors.sol" not found: File not found.
  --> sb/ReserveLogic_3.sol:14:1:
   |
14 | import {Errors} from '../helpers/Errors.sol';
   | ^^^^^^^^^^^^^^^^^^^^^^^^^^^^^^^^^^^^^^^^^^^^^

Error: Source "helpers/Helpers.sol" not found: File not found.
  --> sb/ReserveLogic_3.sol:15:1:
   |
15 | import {Helpers} from '../helpers/Helpers.sol';
   | ^^^^^^^^^^^^^^^^^^^^^^^^^^^^^^^^^^^^^^^^^^^^^^^

Error: Source "types/DataTypes.sol" not found: File not found.
  --> sb/ReserveLogic_3.sol:16:1:
   |
16 | import {DataTypes} from '../types/DataTypes.sol';
   | ^^^^^^^^^^^^^^^^^^^^^^^^^^^^^^^^^^^^^^^^^^^^^^^^^


. Solidity failed to generate bytecode for your contract. Check if all the abstract functions are implemented. 
Process Process-1:
Traceback (most recent call last):
  File "/usr/lib/python3.7/multiprocessing/process.py", line 297, in _bootstrap
    self.run()
  File "/usr/lib/python3.7/multiprocessing/process.py", line 99, in run
    self._target(*self._args, **self._kwargs)
  File "/usr/local/lib/python3.7/dist-packages/manticore/ethereum/manticore.py", line 1766, in worker_finalize
    finalizer(q.get_nowait())
  File "/usr/local/lib/python3.7/dist-packages/manticore/ethereum/manticore.py", line 1757, in finalizer
    if only_alive_states and last_tx.result in {"REVERT", "THROW", "TXERROR"}:
AttributeError: 'NoneType' object has no attribute 'result'
2023-07-03 16:47:19,795: [61] m.c.manticore:INFO: Results in /mcore_mgdnfqxj
2023-07-03 16:47:19,795: [61] m.c.manticore:WARNING: Manticore failed to run
2023-07-03 16:47:20,489: [86] m.main:INFO: Registered plugins: IntrospectionAPIPlugin, <class 'manticore.ethereum.plugins.SkipRevertBasicBlocks'>, <class 'manticore.ethereum.plugins.FilterFunctions'>
2023-07-03 16:47:20,490: [86] m.main:INFO: Beginning analysis
2023-07-03 16:47:20,493: [86] m.e.manticore:INFO: Starting symbolic create contract
2023-07-03 16:47:20,516: [86] m.e.manticore:INFO: Failed to build contract not Errors : Invalid solc compilation Error: Source "dependencies/openzeppelin/contracts/IERC20.sol" not found: File not found.
 --> sb/ReserveLogic_3.sol:4:1:
  |
4 | import {IERC20} from '../../../dependencies/openzeppelin/contracts/IERC20.sol';
  | ^^^^^^^^^^^^^^^^^^^^^^^^^^^^^^^^^^^^^^^^^^^^^^^^^^^^^^^^^^^^^^^^^^^^^^^^^^^^^^^

Error: Source "dependencies/openzeppelin/contracts/SafeERC20.sol" not found: File not found.
 --> sb/ReserveLogic_3.sol:5:1:
  |
5 | import {SafeERC20} from '../../../dependencies/openzeppelin/contracts/SafeERC20.sol';
  | ^^^^^^^^^^^^^^^^^^^^^^^^^^^^^^^^^^^^^^^^^^^^^^^^^^^^^^^^^^^^^^^^^^^^^^^^^^^^^^^^^^^^^

Error: Source "interfaces/IAToken.sol" not found: File not found.
 --> sb/ReserveLogic_3.sol:6:1:
  |
6 | import {IAToken} from '../../../interfaces/IAToken.sol';
  | ^^^^^^^^^^^^^^^^^^^^^^^^^^^^^^^^^^^^^^^^^^^^^^^^^^^^^^^^

Error: Source "interfaces/IStableDebtToken.sol" not found: File not found.
 --> sb/ReserveLogic_3.sol:7:1:
  |
7 | import {IStableDebtToken} from '../../../interfaces/IStableDebtToken.sol';
  | ^^^^^^^^^^^^^^^^^^^^^^^^^^^^^^^^^^^^^^^^^^^^^^^^^^^^^^^^^^^^^^^^^^^^^^^^^^

Error: Source "interfaces/IVariableDebtToken.sol" not found: File not found.
 --> sb/ReserveLogic_3.sol:8:1:
  |
8 | import {IVariableDebtToken} from '../../../interfaces/IVariableDebtToken.sol';
  | ^^^^^^^^^^^^^^^^^^^^^^^^^^^^^^^^^^^^^^^^^^^^^^^^^^^^^^^^^^^^^^^^^^^^^^^^^^^^^^

Error: Source "interfaces/IReserveInterestRateStrategy.sol" not found: File not found.
 --> sb/ReserveLogic_3.sol:9:1:
  |
9 | import {IReserveInterestRateStrategy} from '../../../interfaces/IReserveInterestRateStrategy.sol';
  | ^^^^^^^^^^^^^^^^^^^^^^^^^^^^^^^^^^^^^^^^^^^^^^^^^^^^^^^^^^^^^^^^^^^^^^^^^^^^^^^^^^^^^^^^^^^^^^^^^^

Error: Source "configuration/ReserveConfiguration.sol" not found: File not found.
  --> sb/ReserveLogic_3.sol:10:1:
   |
10 | import {ReserveConfiguration} from '../configuration/ReserveConfiguration.sol';
   | ^^^^^^^^^^^^^^^^^^^^^^^^^^^^^^^^^^^^^^^^^^^^^^^^^^^^^^^^^^^^^^^^^^^^^^^^^^^^^^^

Error: Source "math/MathUtils.sol" not found: File not found.
  --> sb/ReserveLogic_3.sol:11:1:
   |
11 | import {MathUtils} from '../math/MathUtils.sol';
   | ^^^^^^^^^^^^^^^^^^^^^^^^^^^^^^^^^^^^^^^^^^^^^^^^

Error: Source "math/WadRayMath.sol" not found: File not found.
  --> sb/ReserveLogic_3.sol:12:1:
   |
12 | import {WadRayMath} from '../math/WadRayMath.sol';
   | ^^^^^^^^^^^^^^^^^^^^^^^^^^^^^^^^^^^^^^^^^^^^^^^^^^

Error: Source "math/PercentageMath.sol" not found: File not found.
  --> sb/ReserveLogic_3.sol:13:1:
   |
13 | import {PercentageMath} from '../math/PercentageMath.sol';
   | ^^^^^^^^^^^^^^^^^^^^^^^^^^^^^^^^^^^^^^^^^^^^^^^^^^^^^^^^^^

Error: Source "helpers/Errors.sol" not found: File not found.
  --> sb/ReserveLogic_3.sol:14:1:
   |
14 | import {Errors} from '../helpers/Errors.sol';
   | ^^^^^^^^^^^^^^^^^^^^^^^^^^^^^^^^^^^^^^^^^^^^^

Error: Source "helpers/Helpers.sol" not found: File not found.
  --> sb/ReserveLogic_3.sol:15:1:
   |
15 | import {Helpers} from '../helpers/Helpers.sol';
   | ^^^^^^^^^^^^^^^^^^^^^^^^^^^^^^^^^^^^^^^^^^^^^^^

Error: Source "types/DataTypes.sol" not found: File not found.
  --> sb/ReserveLogic_3.sol:16:1:
   |
16 | import {DataTypes} from '../types/DataTypes.sol';
   | ^^^^^^^^^^^^^^^^^^^^^^^^^^^^^^^^^^^^^^^^^^^^^^^^^


. Solidity failed to generate bytecode for your contract. Check if all the abstract functions are implemented. 
Process Process-1:
Traceback (most recent call last):
  File "/usr/lib/python3.7/multiprocessing/process.py", line 297, in _bootstrap
    self.run()
  File "/usr/lib/python3.7/multiprocessing/process.py", line 99, in run
    self._target(*self._args, **self._kwargs)
  File "/usr/local/lib/python3.7/dist-packages/manticore/ethereum/manticore.py", line 1766, in worker_finalize
    finalizer(q.get_nowait())
  File "/usr/local/lib/python3.7/dist-packages/manticore/ethereum/manticore.py", line 1757, in finalizer
    if only_alive_states and last_tx.result in {"REVERT", "THROW", "TXERROR"}:
AttributeError: 'NoneType' object has no attribute 'result'
2023-07-03 16:47:20,593: [86] m.c.manticore:INFO: Results in /mcore_6dlq23b8
2023-07-03 16:47:20,593: [86] m.c.manticore:WARNING: Manticore failed to run
2023-07-03 16:47:21,227: [111] m.main:INFO: Registered plugins: IntrospectionAPIPlugin, <class 'manticore.ethereum.plugins.SkipRevertBasicBlocks'>, <class 'manticore.ethereum.plugins.FilterFunctions'>
2023-07-03 16:47:21,228: [111] m.main:INFO: Beginning analysis
2023-07-03 16:47:21,230: [111] m.e.manticore:INFO: Starting symbolic create contract
2023-07-03 16:47:21,249: [111] m.e.manticore:INFO: Failed to build contract found: Errors : Invalid solc compilation Error: Source "dependencies/openzeppelin/contracts/IERC20.sol" not found: File not found.
 --> sb/ReserveLogic_3.sol:4:1:
  |
4 | import {IERC20} from '../../../dependencies/openzeppelin/contracts/IERC20.sol';
  | ^^^^^^^^^^^^^^^^^^^^^^^^^^^^^^^^^^^^^^^^^^^^^^^^^^^^^^^^^^^^^^^^^^^^^^^^^^^^^^^

Error: Source "dependencies/openzeppelin/contracts/SafeERC20.sol" not found: File not found.
 --> sb/ReserveLogic_3.sol:5:1:
  |
5 | import {SafeERC20} from '../../../dependencies/openzeppelin/contracts/SafeERC20.sol';
  | ^^^^^^^^^^^^^^^^^^^^^^^^^^^^^^^^^^^^^^^^^^^^^^^^^^^^^^^^^^^^^^^^^^^^^^^^^^^^^^^^^^^^^

Error: Source "interfaces/IAToken.sol" not found: File not found.
 --> sb/ReserveLogic_3.sol:6:1:
  |
6 | import {IAToken} from '../../../interfaces/IAToken.sol';
  | ^^^^^^^^^^^^^^^^^^^^^^^^^^^^^^^^^^^^^^^^^^^^^^^^^^^^^^^^

Error: Source "interfaces/IStableDebtToken.sol" not found: File not found.
 --> sb/ReserveLogic_3.sol:7:1:
  |
7 | import {IStableDebtToken} from '../../../interfaces/IStableDebtToken.sol';
  | ^^^^^^^^^^^^^^^^^^^^^^^^^^^^^^^^^^^^^^^^^^^^^^^^^^^^^^^^^^^^^^^^^^^^^^^^^^

Error: Source "interfaces/IVariableDebtToken.sol" not found: File not found.
 --> sb/ReserveLogic_3.sol:8:1:
  |
8 | import {IVariableDebtToken} from '../../../interfaces/IVariableDebtToken.sol';
  | ^^^^^^^^^^^^^^^^^^^^^^^^^^^^^^^^^^^^^^^^^^^^^^^^^^^^^^^^^^^^^^^^^^^^^^^^^^^^^^

Error: Source "interfaces/IReserveInterestRateStrategy.sol" not found: File not found.
 --> sb/ReserveLogic_3.sol:9:1:
  |
9 | import {IReserveInterestRateStrategy} from '../../../interfaces/IReserveInterestRateStrategy.sol';
  | ^^^^^^^^^^^^^^^^^^^^^^^^^^^^^^^^^^^^^^^^^^^^^^^^^^^^^^^^^^^^^^^^^^^^^^^^^^^^^^^^^^^^^^^^^^^^^^^^^^

Error: Source "configuration/ReserveConfiguration.sol" not found: File not found.
  --> sb/ReserveLogic_3.sol:10:1:
   |
10 | import {ReserveConfiguration} from '../configuration/ReserveConfiguration.sol';
   | ^^^^^^^^^^^^^^^^^^^^^^^^^^^^^^^^^^^^^^^^^^^^^^^^^^^^^^^^^^^^^^^^^^^^^^^^^^^^^^^

Error: Source "math/MathUtils.sol" not found: File not found.
  --> sb/ReserveLogic_3.sol:11:1:
   |
11 | import {MathUtils} from '../math/MathUtils.sol';
   | ^^^^^^^^^^^^^^^^^^^^^^^^^^^^^^^^^^^^^^^^^^^^^^^^

Error: Source "math/WadRayMath.sol" not found: File not found.
  --> sb/ReserveLogic_3.sol:12:1:
   |
12 | import {WadRayMath} from '../math/WadRayMath.sol';
   | ^^^^^^^^^^^^^^^^^^^^^^^^^^^^^^^^^^^^^^^^^^^^^^^^^^

Error: Source "math/PercentageMath.sol" not found: File not found.
  --> sb/ReserveLogic_3.sol:13:1:
   |
13 | import {PercentageMath} from '../math/PercentageMath.sol';
   | ^^^^^^^^^^^^^^^^^^^^^^^^^^^^^^^^^^^^^^^^^^^^^^^^^^^^^^^^^^

Error: Source "helpers/Errors.sol" not found: File not found.
  --> sb/ReserveLogic_3.sol:14:1:
   |
14 | import {Errors} from '../helpers/Errors.sol';
   | ^^^^^^^^^^^^^^^^^^^^^^^^^^^^^^^^^^^^^^^^^^^^^

Error: Source "helpers/Helpers.sol" not found: File not found.
  --> sb/ReserveLogic_3.sol:15:1:
   |
15 | import {Helpers} from '../helpers/Helpers.sol';
   | ^^^^^^^^^^^^^^^^^^^^^^^^^^^^^^^^^^^^^^^^^^^^^^^

Error: Source "types/DataTypes.sol" not found: File not found.
  --> sb/ReserveLogic_3.sol:16:1:
   |
16 | import {DataTypes} from '../types/DataTypes.sol';
   | ^^^^^^^^^^^^^^^^^^^^^^^^^^^^^^^^^^^^^^^^^^^^^^^^^


. Solidity failed to generate bytecode for your contract. Check if all the abstract functions are implemented. 
Process Process-1:
Traceback (most recent call last):
  File "/usr/lib/python3.7/multiprocessing/process.py", line 297, in _bootstrap
    self.run()
  File "/usr/lib/python3.7/multiprocessing/process.py", line 99, in run
    self._target(*self._args, **self._kwargs)
  File "/usr/local/lib/python3.7/dist-packages/manticore/ethereum/manticore.py", line 1766, in worker_finalize
    finalizer(q.get_nowait())
  File "/usr/local/lib/python3.7/dist-packages/manticore/ethereum/manticore.py", line 1757, in finalizer
    if only_alive_states and last_tx.result in {"REVERT", "THROW", "TXERROR"}:
AttributeError: 'NoneType' object has no attribute 'result'
2023-07-03 16:47:21,331: [111] m.c.manticore:INFO: Results in /mcore_xbzot40o
2023-07-03 16:47:21,331: [111] m.c.manticore:WARNING: Manticore failed to run
2023-07-03 16:47:22,028: [136] m.main:INFO: Registered plugins: IntrospectionAPIPlugin, <class 'manticore.ethereum.plugins.SkipRevertBasicBlocks'>, <class 'manticore.ethereum.plugins.FilterFunctions'>
2023-07-03 16:47:22,028: [136] m.main:INFO: Beginning analysis
2023-07-03 16:47:22,031: [136] m.e.manticore:INFO: Starting symbolic create contract
2023-07-03 16:47:22,051: [136] m.e.manticore:INFO: Failed to build contract File Errors : Invalid solc compilation Error: Source "dependencies/openzeppelin/contracts/IERC20.sol" not found: File not found.
 --> sb/ReserveLogic_3.sol:4:1:
  |
4 | import {IERC20} from '../../../dependencies/openzeppelin/contracts/IERC20.sol';
  | ^^^^^^^^^^^^^^^^^^^^^^^^^^^^^^^^^^^^^^^^^^^^^^^^^^^^^^^^^^^^^^^^^^^^^^^^^^^^^^^

Error: Source "dependencies/openzeppelin/contracts/SafeERC20.sol" not found: File not found.
 --> sb/ReserveLogic_3.sol:5:1:
  |
5 | import {SafeERC20} from '../../../dependencies/openzeppelin/contracts/SafeERC20.sol';
  | ^^^^^^^^^^^^^^^^^^^^^^^^^^^^^^^^^^^^^^^^^^^^^^^^^^^^^^^^^^^^^^^^^^^^^^^^^^^^^^^^^^^^^

Error: Source "interfaces/IAToken.sol" not found: File not found.
 --> sb/ReserveLogic_3.sol:6:1:
  |
6 | import {IAToken} from '../../../interfaces/IAToken.sol';
  | ^^^^^^^^^^^^^^^^^^^^^^^^^^^^^^^^^^^^^^^^^^^^^^^^^^^^^^^^

Error: Source "interfaces/IStableDebtToken.sol" not found: File not found.
 --> sb/ReserveLogic_3.sol:7:1:
  |
7 | import {IStableDebtToken} from '../../../interfaces/IStableDebtToken.sol';
  | ^^^^^^^^^^^^^^^^^^^^^^^^^^^^^^^^^^^^^^^^^^^^^^^^^^^^^^^^^^^^^^^^^^^^^^^^^^

Error: Source "interfaces/IVariableDebtToken.sol" not found: File not found.
 --> sb/ReserveLogic_3.sol:8:1:
  |
8 | import {IVariableDebtToken} from '../../../interfaces/IVariableDebtToken.sol';
  | ^^^^^^^^^^^^^^^^^^^^^^^^^^^^^^^^^^^^^^^^^^^^^^^^^^^^^^^^^^^^^^^^^^^^^^^^^^^^^^

Error: Source "interfaces/IReserveInterestRateStrategy.sol" not found: File not found.
 --> sb/ReserveLogic_3.sol:9:1:
  |
9 | import {IReserveInterestRateStrategy} from '../../../interfaces/IReserveInterestRateStrategy.sol';
  | ^^^^^^^^^^^^^^^^^^^^^^^^^^^^^^^^^^^^^^^^^^^^^^^^^^^^^^^^^^^^^^^^^^^^^^^^^^^^^^^^^^^^^^^^^^^^^^^^^^

Error: Source "configuration/ReserveConfiguration.sol" not found: File not found.
  --> sb/ReserveLogic_3.sol:10:1:
   |
10 | import {ReserveConfiguration} from '../configuration/ReserveConfiguration.sol';
   | ^^^^^^^^^^^^^^^^^^^^^^^^^^^^^^^^^^^^^^^^^^^^^^^^^^^^^^^^^^^^^^^^^^^^^^^^^^^^^^^

Error: Source "math/MathUtils.sol" not found: File not found.
  --> sb/ReserveLogic_3.sol:11:1:
   |
11 | import {MathUtils} from '../math/MathUtils.sol';
   | ^^^^^^^^^^^^^^^^^^^^^^^^^^^^^^^^^^^^^^^^^^^^^^^^

Error: Source "math/WadRayMath.sol" not found: File not found.
  --> sb/ReserveLogic_3.sol:12:1:
   |
12 | import {WadRayMath} from '../math/WadRayMath.sol';
   | ^^^^^^^^^^^^^^^^^^^^^^^^^^^^^^^^^^^^^^^^^^^^^^^^^^

Error: Source "math/PercentageMath.sol" not found: File not found.
  --> sb/ReserveLogic_3.sol:13:1:
   |
13 | import {PercentageMath} from '../math/PercentageMath.sol';
   | ^^^^^^^^^^^^^^^^^^^^^^^^^^^^^^^^^^^^^^^^^^^^^^^^^^^^^^^^^^

Error: Source "helpers/Errors.sol" not found: File not found.
  --> sb/ReserveLogic_3.sol:14:1:
   |
14 | import {Errors} from '../helpers/Errors.sol';
   | ^^^^^^^^^^^^^^^^^^^^^^^^^^^^^^^^^^^^^^^^^^^^^

Error: Source "helpers/Helpers.sol" not found: File not found.
  --> sb/ReserveLogic_3.sol:15:1:
   |
15 | import {Helpers} from '../helpers/Helpers.sol';
   | ^^^^^^^^^^^^^^^^^^^^^^^^^^^^^^^^^^^^^^^^^^^^^^^

Error: Source "types/DataTypes.sol" not found: File not found.
  --> sb/ReserveLogic_3.sol:16:1:
   |
16 | import {DataTypes} from '../types/DataTypes.sol';
   | ^^^^^^^^^^^^^^^^^^^^^^^^^^^^^^^^^^^^^^^^^^^^^^^^^


. Solidity failed to generate bytecode for your contract. Check if all the abstract functions are implemented. 
Process Process-1:
Traceback (most recent call last):
  File "/usr/lib/python3.7/multiprocessing/process.py", line 297, in _bootstrap
    self.run()
  File "/usr/lib/python3.7/multiprocessing/process.py", line 99, in run
    self._target(*self._args, **self._kwargs)
  File "/usr/local/lib/python3.7/dist-packages/manticore/ethereum/manticore.py", line 1766, in worker_finalize
    finalizer(q.get_nowait())
  File "/usr/local/lib/python3.7/dist-packages/manticore/ethereum/manticore.py", line 1757, in finalizer
    if only_alive_states and last_tx.result in {"REVERT", "THROW", "TXERROR"}:
AttributeError: 'NoneType' object has no attribute 'result'
2023-07-03 16:47:22,125: [136] m.c.manticore:INFO: Results in /mcore_scmpfv0a
2023-07-03 16:47:22,125: [136] m.c.manticore:WARNING: Manticore failed to run
2023-07-03 16:47:22,930: [161] m.main:INFO: Registered plugins: IntrospectionAPIPlugin, <class 'manticore.ethereum.plugins.SkipRevertBasicBlocks'>, <class 'manticore.ethereum.plugins.FilterFunctions'>
2023-07-03 16:47:22,931: [161] m.main:INFO: Beginning analysis
2023-07-03 16:47:22,933: [161] m.e.manticore:INFO: Starting symbolic create contract
2023-07-03 16:47:22,965: [161] m.e.manticore:INFO: Failed to build contract not Errors : Invalid solc compilation Error: Source "dependencies/openzeppelin/contracts/IERC20.sol" not found: File not found.
 --> sb/ReserveLogic_3.sol:4:1:
  |
4 | import {IERC20} from '../../../dependencies/openzeppelin/contracts/IERC20.sol';
  | ^^^^^^^^^^^^^^^^^^^^^^^^^^^^^^^^^^^^^^^^^^^^^^^^^^^^^^^^^^^^^^^^^^^^^^^^^^^^^^^

Error: Source "dependencies/openzeppelin/contracts/SafeERC20.sol" not found: File not found.
 --> sb/ReserveLogic_3.sol:5:1:
  |
5 | import {SafeERC20} from '../../../dependencies/openzeppelin/contracts/SafeERC20.sol';
  | ^^^^^^^^^^^^^^^^^^^^^^^^^^^^^^^^^^^^^^^^^^^^^^^^^^^^^^^^^^^^^^^^^^^^^^^^^^^^^^^^^^^^^

Error: Source "interfaces/IAToken.sol" not found: File not found.
 --> sb/ReserveLogic_3.sol:6:1:
  |
6 | import {IAToken} from '../../../interfaces/IAToken.sol';
  | ^^^^^^^^^^^^^^^^^^^^^^^^^^^^^^^^^^^^^^^^^^^^^^^^^^^^^^^^

Error: Source "interfaces/IStableDebtToken.sol" not found: File not found.
 --> sb/ReserveLogic_3.sol:7:1:
  |
7 | import {IStableDebtToken} from '../../../interfaces/IStableDebtToken.sol';
  | ^^^^^^^^^^^^^^^^^^^^^^^^^^^^^^^^^^^^^^^^^^^^^^^^^^^^^^^^^^^^^^^^^^^^^^^^^^

Error: Source "interfaces/IVariableDebtToken.sol" not found: File not found.
 --> sb/ReserveLogic_3.sol:8:1:
  |
8 | import {IVariableDebtToken} from '../../../interfaces/IVariableDebtToken.sol';
  | ^^^^^^^^^^^^^^^^^^^^^^^^^^^^^^^^^^^^^^^^^^^^^^^^^^^^^^^^^^^^^^^^^^^^^^^^^^^^^^

Error: Source "interfaces/IReserveInterestRateStrategy.sol" not found: File not found.
 --> sb/ReserveLogic_3.sol:9:1:
  |
9 | import {IReserveInterestRateStrategy} from '../../../interfaces/IReserveInterestRateStrategy.sol';
  | ^^^^^^^^^^^^^^^^^^^^^^^^^^^^^^^^^^^^^^^^^^^^^^^^^^^^^^^^^^^^^^^^^^^^^^^^^^^^^^^^^^^^^^^^^^^^^^^^^^

Error: Source "configuration/ReserveConfiguration.sol" not found: File not found.
  --> sb/ReserveLogic_3.sol:10:1:
   |
10 | import {ReserveConfiguration} from '../configuration/ReserveConfiguration.sol';
   | ^^^^^^^^^^^^^^^^^^^^^^^^^^^^^^^^^^^^^^^^^^^^^^^^^^^^^^^^^^^^^^^^^^^^^^^^^^^^^^^

Error: Source "math/MathUtils.sol" not found: File not found.
  --> sb/ReserveLogic_3.sol:11:1:
   |
11 | import {MathUtils} from '../math/MathUtils.sol';
   | ^^^^^^^^^^^^^^^^^^^^^^^^^^^^^^^^^^^^^^^^^^^^^^^^

Error: Source "math/WadRayMath.sol" not found: File not found.
  --> sb/ReserveLogic_3.sol:12:1:
   |
12 | import {WadRayMath} from '../math/WadRayMath.sol';
   | ^^^^^^^^^^^^^^^^^^^^^^^^^^^^^^^^^^^^^^^^^^^^^^^^^^

Error: Source "math/PercentageMath.sol" not found: File not found.
  --> sb/ReserveLogic_3.sol:13:1:
   |
13 | import {PercentageMath} from '../math/PercentageMath.sol';
   | ^^^^^^^^^^^^^^^^^^^^^^^^^^^^^^^^^^^^^^^^^^^^^^^^^^^^^^^^^^

Error: Source "helpers/Errors.sol" not found: File not found.
  --> sb/ReserveLogic_3.sol:14:1:
   |
14 | import {Errors} from '../helpers/Errors.sol';
   | ^^^^^^^^^^^^^^^^^^^^^^^^^^^^^^^^^^^^^^^^^^^^^

Error: Source "helpers/Helpers.sol" not found: File not found.
  --> sb/ReserveLogic_3.sol:15:1:
   |
15 | import {Helpers} from '../helpers/Helpers.sol';
   | ^^^^^^^^^^^^^^^^^^^^^^^^^^^^^^^^^^^^^^^^^^^^^^^

Error: Source "types/DataTypes.sol" not found: File not found.
  --> sb/ReserveLogic_3.sol:16:1:
   |
16 | import {DataTypes} from '../types/DataTypes.sol';
   | ^^^^^^^^^^^^^^^^^^^^^^^^^^^^^^^^^^^^^^^^^^^^^^^^^


. Solidity failed to generate bytecode for your contract. Check if all the abstract functions are implemented. 
Process Process-1:
Traceback (most recent call last):
  File "/usr/lib/python3.7/multiprocessing/process.py", line 297, in _bootstrap
    self.run()
  File "/usr/lib/python3.7/multiprocessing/process.py", line 99, in run
    self._target(*self._args, **self._kwargs)
  File "/usr/local/lib/python3.7/dist-packages/manticore/ethereum/manticore.py", line 1766, in worker_finalize
    finalizer(q.get_nowait())
  File "/usr/local/lib/python3.7/dist-packages/manticore/ethereum/manticore.py", line 1757, in finalizer
    if only_alive_states and last_tx.result in {"REVERT", "THROW", "TXERROR"}:
AttributeError: 'NoneType' object has no attribute 'result'
2023-07-03 16:47:23,041: [161] m.c.manticore:INFO: Results in /mcore_jxxjwdk_
2023-07-03 16:47:23,042: [161] m.c.manticore:WARNING: Manticore failed to run
2023-07-03 16:47:23,775: [186] m.main:INFO: Registered plugins: IntrospectionAPIPlugin, <class 'manticore.ethereum.plugins.SkipRevertBasicBlocks'>, <class 'manticore.ethereum.plugins.FilterFunctions'>
2023-07-03 16:47:23,776: [186] m.main:INFO: Beginning analysis
2023-07-03 16:47:23,778: [186] m.e.manticore:INFO: Starting symbolic create contract
2023-07-03 16:47:23,795: [186] m.e.manticore:INFO: Failed to build contract found. Errors : Invalid solc compilation Error: Source "dependencies/openzeppelin/contracts/IERC20.sol" not found: File not found.
 --> sb/ReserveLogic_3.sol:4:1:
  |
4 | import {IERC20} from '../../../dependencies/openzeppelin/contracts/IERC20.sol';
  | ^^^^^^^^^^^^^^^^^^^^^^^^^^^^^^^^^^^^^^^^^^^^^^^^^^^^^^^^^^^^^^^^^^^^^^^^^^^^^^^

Error: Source "dependencies/openzeppelin/contracts/SafeERC20.sol" not found: File not found.
 --> sb/ReserveLogic_3.sol:5:1:
  |
5 | import {SafeERC20} from '../../../dependencies/openzeppelin/contracts/SafeERC20.sol';
  | ^^^^^^^^^^^^^^^^^^^^^^^^^^^^^^^^^^^^^^^^^^^^^^^^^^^^^^^^^^^^^^^^^^^^^^^^^^^^^^^^^^^^^

Error: Source "interfaces/IAToken.sol" not found: File not found.
 --> sb/ReserveLogic_3.sol:6:1:
  |
6 | import {IAToken} from '../../../interfaces/IAToken.sol';
  | ^^^^^^^^^^^^^^^^^^^^^^^^^^^^^^^^^^^^^^^^^^^^^^^^^^^^^^^^

Error: Source "interfaces/IStableDebtToken.sol" not found: File not found.
 --> sb/ReserveLogic_3.sol:7:1:
  |
7 | import {IStableDebtToken} from '../../../interfaces/IStableDebtToken.sol';
  | ^^^^^^^^^^^^^^^^^^^^^^^^^^^^^^^^^^^^^^^^^^^^^^^^^^^^^^^^^^^^^^^^^^^^^^^^^^

Error: Source "interfaces/IVariableDebtToken.sol" not found: File not found.
 --> sb/ReserveLogic_3.sol:8:1:
  |
8 | import {IVariableDebtToken} from '../../../interfaces/IVariableDebtToken.sol';
  | ^^^^^^^^^^^^^^^^^^^^^^^^^^^^^^^^^^^^^^^^^^^^^^^^^^^^^^^^^^^^^^^^^^^^^^^^^^^^^^

Error: Source "interfaces/IReserveInterestRateStrategy.sol" not found: File not found.
 --> sb/ReserveLogic_3.sol:9:1:
  |
9 | import {IReserveInterestRateStrategy} from '../../../interfaces/IReserveInterestRateStrategy.sol';
  | ^^^^^^^^^^^^^^^^^^^^^^^^^^^^^^^^^^^^^^^^^^^^^^^^^^^^^^^^^^^^^^^^^^^^^^^^^^^^^^^^^^^^^^^^^^^^^^^^^^

Error: Source "configuration/ReserveConfiguration.sol" not found: File not found.
  --> sb/ReserveLogic_3.sol:10:1:
   |
10 | import {ReserveConfiguration} from '../configuration/ReserveConfiguration.sol';
   | ^^^^^^^^^^^^^^^^^^^^^^^^^^^^^^^^^^^^^^^^^^^^^^^^^^^^^^^^^^^^^^^^^^^^^^^^^^^^^^^

Error: Source "math/MathUtils.sol" not found: File not found.
  --> sb/ReserveLogic_3.sol:11:1:
   |
11 | import {MathUtils} from '../math/MathUtils.sol';
   | ^^^^^^^^^^^^^^^^^^^^^^^^^^^^^^^^^^^^^^^^^^^^^^^^

Error: Source "math/WadRayMath.sol" not found: File not found.
  --> sb/ReserveLogic_3.sol:12:1:
   |
12 | import {WadRayMath} from '../math/WadRayMath.sol';
   | ^^^^^^^^^^^^^^^^^^^^^^^^^^^^^^^^^^^^^^^^^^^^^^^^^^

Error: Source "math/PercentageMath.sol" not found: File not found.
  --> sb/ReserveLogic_3.sol:13:1:
   |
13 | import {PercentageMath} from '../math/PercentageMath.sol';
   | ^^^^^^^^^^^^^^^^^^^^^^^^^^^^^^^^^^^^^^^^^^^^^^^^^^^^^^^^^^

Error: Source "helpers/Errors.sol" not found: File not found.
  --> sb/ReserveLogic_3.sol:14:1:
   |
14 | import {Errors} from '../helpers/Errors.sol';
   | ^^^^^^^^^^^^^^^^^^^^^^^^^^^^^^^^^^^^^^^^^^^^^

Error: Source "helpers/Helpers.sol" not found: File not found.
  --> sb/ReserveLogic_3.sol:15:1:
   |
15 | import {Helpers} from '../helpers/Helpers.sol';
   | ^^^^^^^^^^^^^^^^^^^^^^^^^^^^^^^^^^^^^^^^^^^^^^^

Error: Source "types/DataTypes.sol" not found: File not found.
  --> sb/ReserveLogic_3.sol:16:1:
   |
16 | import {DataTypes} from '../types/DataTypes.sol';
   | ^^^^^^^^^^^^^^^^^^^^^^^^^^^^^^^^^^^^^^^^^^^^^^^^^


. Solidity failed to generate bytecode for your contract. Check if all the abstract functions are implemented. 
Process Process-1:
Traceback (most recent call last):
  File "/usr/lib/python3.7/multiprocessing/process.py", line 297, in _bootstrap
    self.run()
  File "/usr/lib/python3.7/multiprocessing/process.py", line 99, in run
    self._target(*self._args, **self._kwargs)
  File "/usr/local/lib/python3.7/dist-packages/manticore/ethereum/manticore.py", line 1766, in worker_finalize
    finalizer(q.get_nowait())
  File "/usr/local/lib/python3.7/dist-packages/manticore/ethereum/manticore.py", line 1757, in finalizer
    if only_alive_states and last_tx.result in {"REVERT", "THROW", "TXERROR"}:
AttributeError: 'NoneType' object has no attribute 'result'
2023-07-03 16:47:23,873: [186] m.c.manticore:INFO: Results in /mcore_meks01zr
2023-07-03 16:47:23,873: [186] m.c.manticore:WARNING: Manticore failed to run
usage: manticore [-h] [--compile-force-framework COMPILE_FORCE_FRAMEWORK]
                 [--compile-remove-metadata]
                 [--compile-custom-build COMPILE_CUSTOM_BUILD]
                 [--ignore-compile] [--solc SOLC] [--solc-remaps SOLC_REMAPS]
                 [--solc-args SOLC_ARGS] [--solc-disable-warnings]
                 [--solc-working-dir SOLC_WORKING_DIR]
                 [--solc-solcs-select SOLC_SOLCS_SELECT]
                 [--solc-solcs-bin SOLC_SOLCS_BIN] [--solc-standard-json]
                 [--solc-force-legacy-json] [--truffle-ignore-compile]
                 [--truffle-build-directory TRUFFLE_BUILD_DIRECTORY]
                 [--truffle-version TRUFFLE_VERSION]
                 [--truffle-overwrite-config]
                 [--truffle-overwrite-version TRUFFLE_OVERWRITE_VERSION]
                 [--embark-ignore-compile] [--embark-overwrite-config]
                 [--dapp-ignore-compile] [--etherlime-ignore-compile]
                 [--etherlime-compile-arguments]
                 [--etherscan-only-source-code] [--etherscan-only-bytecode]
                 [--etherscan-apikey ETHERSCAN_API_KEY]
                 [--arbiscan-apikey ARBISCAN_API_KEY]
                 [--polygonscan-apikey POLYGONSCAN_API_KEY]
                 [--avax-apikey AVAX_API_KEY]
                 [--ftmscan-apikey FTMSCAN_API_KEY]
                 [--bscan-apikey BSCAN_API_KEY]
                 [--etherscan-export-directory ETHERSCAN_EXPORT_DIR]
                 [--waffle-ignore-compile]
                 [--waffle-config-file WAFFLE_CONFIG_FILE] [--npx-disable]
                 [--buidler-ignore-compile]
                 [--buidler-cache-directory BUIDLER_CACHE_DIRECTORY]
                 [--buidler-skip-directory-name-fix]
                 [--hardhat-ignore-compile]
                 [--hardhat-cache-directory HARDHAT_CACHE_DIRECTORY]
                 [--hardhat-artifacts-directory HARDHAT_ARTIFACTS_DIRECTORY]
                 [--coverage COVERAGE] [--no-colors] [--policy POLICY] [-v]
                 [--workspace WORKSPACE] [--version] [--config CONFIG]
                 [--entrysymbol ENTRYSYMBOL] [--data DATA] [--file FILES]
                 [--env ENV] [--pure-symbolic] [--verbose-trace]
                 [--txlimit TXLIMIT] [--txnocoverage] [--txnoether]
                 [--txaccount TXACCOUNT] [--txpreconstrain]
                 [--contract CONTRACT] [--list-detectors]
                 [--exclude DETECTORS_TO_EXCLUDE] [--exclude-all]
                 [--avoid-constant] [--limit-loops] [--no-testcases]
                 [--only-alive-testcases] [--thorough-mode]
                 [--core.compress_states CORE.COMPRESS_STATES]
                 [--core.execs_per_intermittent_cb CORE.EXECS_PER_INTERMITTENT_CB]
                 [--core.HOST CORE.HOST] [--core.PORT CORE.PORT]
                 [--core.fast_fail CORE.FAST_FAIL]
                 [--core.timeout CORE.TIMEOUT] [--core.cluster CORE.CLUSTER]
                 [--core.procs CORE.PROCS]
                 [--core.mprocessing CORE.MPROCESSING] [--core.seed CORE.SEED]
                 [--smt.timeout SMT.TIMEOUT] [--smt.memory SMT.MEMORY]
                 [--smt.maxsolutions SMT.MAXSOLUTIONS]
                 [--smt.z3_bin SMT.Z3_BIN] [--smt.cvc4_bin SMT.CVC4_BIN]
                 [--smt.yices_bin SMT.YICES_BIN]
                 [--smt.boolector_bin SMT.BOOLECTOR_BIN]
                 [--smt.defaultunsat SMT.DEFAULTUNSAT]
                 [--smt.optimize SMT.OPTIMIZE] [--smt.solver SMT.SOLVER]
                 [--workspace.prefix WORKSPACE.PREFIX]
                 [--workspace.dir WORKSPACE.DIR] [--evm.oog EVM.OOG]
                 [--evm.txfail EVM.TXFAIL]
                 [--evm.calldata_max_offset EVM.CALLDATA_MAX_OFFSET]
                 [--evm.calldata_max_size EVM.CALLDATA_MAX_SIZE]
                 [--evm.ignore_balance EVM.IGNORE_BALANCE]
                 [--evm.defaultgas EVM.DEFAULTGAS] [--evm.sha3 EVM.SHA3]
                 [--evm.sha3timeout EVM.SHA3TIMEOUT] [--evm.events EVM.EVENTS]
                 [--cli.profile CLI.PROFILE]
                 [--cli.explore_balance CLI.EXPLORE_BALANCE]
                 [--cli.skip_reverts CLI.SKIP_REVERTS]
                 [--cli.target_func CLI.TARGET_FUNC]
                 [--wasm.decode_names WASM.DECODE_NAMES]
                 [--main.recursionlimit MAIN.RECURSIONLIMIT]
                 [--native.fast_crash NATIVE.FAST_CRASH]
                 [--native.stdin_size NATIVE.STDIN_SIZE]
                 [argv [argv ...]]
manticore: error: argument --contract: expected one argument
mv: cannot stat '/mcore_*': No such file or directory
2023-07-03 16:47:25,375: [215] m.main:INFO: Registered plugins: IntrospectionAPIPlugin, <class 'manticore.ethereum.plugins.SkipRevertBasicBlocks'>, <class 'manticore.ethereum.plugins.FilterFunctions'>
2023-07-03 16:47:25,375: [215] m.main:INFO: Beginning analysis
2023-07-03 16:47:25,378: [215] m.e.manticore:INFO: Starting symbolic create contract
2023-07-03 16:47:25,397: [215] m.e.manticore:INFO: Failed to build contract /sb/ReserveLogic_3.sol:4:1: Errors : Invalid solc compilation Error: Source "dependencies/openzeppelin/contracts/IERC20.sol" not found: File not found.
 --> sb/ReserveLogic_3.sol:4:1:
  |
4 | import {IERC20} from '../../../dependencies/openzeppelin/contracts/IERC20.sol';
  | ^^^^^^^^^^^^^^^^^^^^^^^^^^^^^^^^^^^^^^^^^^^^^^^^^^^^^^^^^^^^^^^^^^^^^^^^^^^^^^^

Error: Source "dependencies/openzeppelin/contracts/SafeERC20.sol" not found: File not found.
 --> sb/ReserveLogic_3.sol:5:1:
  |
5 | import {SafeERC20} from '../../../dependencies/openzeppelin/contracts/SafeERC20.sol';
  | ^^^^^^^^^^^^^^^^^^^^^^^^^^^^^^^^^^^^^^^^^^^^^^^^^^^^^^^^^^^^^^^^^^^^^^^^^^^^^^^^^^^^^

Error: Source "interfaces/IAToken.sol" not found: File not found.
 --> sb/ReserveLogic_3.sol:6:1:
  |
6 | import {IAToken} from '../../../interfaces/IAToken.sol';
  | ^^^^^^^^^^^^^^^^^^^^^^^^^^^^^^^^^^^^^^^^^^^^^^^^^^^^^^^^

Error: Source "interfaces/IStableDebtToken.sol" not found: File not found.
 --> sb/ReserveLogic_3.sol:7:1:
  |
7 | import {IStableDebtToken} from '../../../interfaces/IStableDebtToken.sol';
  | ^^^^^^^^^^^^^^^^^^^^^^^^^^^^^^^^^^^^^^^^^^^^^^^^^^^^^^^^^^^^^^^^^^^^^^^^^^

Error: Source "interfaces/IVariableDebtToken.sol" not found: File not found.
 --> sb/ReserveLogic_3.sol:8:1:
  |
8 | import {IVariableDebtToken} from '../../../interfaces/IVariableDebtToken.sol';
  | ^^^^^^^^^^^^^^^^^^^^^^^^^^^^^^^^^^^^^^^^^^^^^^^^^^^^^^^^^^^^^^^^^^^^^^^^^^^^^^

Error: Source "interfaces/IReserveInterestRateStrategy.sol" not found: File not found.
 --> sb/ReserveLogic_3.sol:9:1:
  |
9 | import {IReserveInterestRateStrategy} from '../../../interfaces/IReserveInterestRateStrategy.sol';
  | ^^^^^^^^^^^^^^^^^^^^^^^^^^^^^^^^^^^^^^^^^^^^^^^^^^^^^^^^^^^^^^^^^^^^^^^^^^^^^^^^^^^^^^^^^^^^^^^^^^

Error: Source "configuration/ReserveConfiguration.sol" not found: File not found.
  --> sb/ReserveLogic_3.sol:10:1:
   |
10 | import {ReserveConfiguration} from '../configuration/ReserveConfiguration.sol';
   | ^^^^^^^^^^^^^^^^^^^^^^^^^^^^^^^^^^^^^^^^^^^^^^^^^^^^^^^^^^^^^^^^^^^^^^^^^^^^^^^

Error: Source "math/MathUtils.sol" not found: File not found.
  --> sb/ReserveLogic_3.sol:11:1:
   |
11 | import {MathUtils} from '../math/MathUtils.sol';
   | ^^^^^^^^^^^^^^^^^^^^^^^^^^^^^^^^^^^^^^^^^^^^^^^^

Error: Source "math/WadRayMath.sol" not found: File not found.
  --> sb/ReserveLogic_3.sol:12:1:
   |
12 | import {WadRayMath} from '../math/WadRayMath.sol';
   | ^^^^^^^^^^^^^^^^^^^^^^^^^^^^^^^^^^^^^^^^^^^^^^^^^^

Error: Source "math/PercentageMath.sol" not found: File not found.
  --> sb/ReserveLogic_3.sol:13:1:
   |
13 | import {PercentageMath} from '../math/PercentageMath.sol';
   | ^^^^^^^^^^^^^^^^^^^^^^^^^^^^^^^^^^^^^^^^^^^^^^^^^^^^^^^^^^

Error: Source "helpers/Errors.sol" not found: File not found.
  --> sb/ReserveLogic_3.sol:14:1:
   |
14 | import {Errors} from '../helpers/Errors.sol';
   | ^^^^^^^^^^^^^^^^^^^^^^^^^^^^^^^^^^^^^^^^^^^^^

Error: Source "helpers/Helpers.sol" not found: File not found.
  --> sb/ReserveLogic_3.sol:15:1:
   |
15 | import {Helpers} from '../helpers/Helpers.sol';
   | ^^^^^^^^^^^^^^^^^^^^^^^^^^^^^^^^^^^^^^^^^^^^^^^

Error: Source "types/DataTypes.sol" not found: File not found.
  --> sb/ReserveLogic_3.sol:16:1:
   |
16 | import {DataTypes} from '../types/DataTypes.sol';
   | ^^^^^^^^^^^^^^^^^^^^^^^^^^^^^^^^^^^^^^^^^^^^^^^^^


. Solidity failed to generate bytecode for your contract. Check if all the abstract functions are implemented. 
Process Process-1:
Traceback (most recent call last):
  File "/usr/lib/python3.7/multiprocessing/process.py", line 297, in _bootstrap
    self.run()
  File "/usr/lib/python3.7/multiprocessing/process.py", line 99, in run
    self._target(*self._args, **self._kwargs)
  File "/usr/local/lib/python3.7/dist-packages/manticore/ethereum/manticore.py", line 1766, in worker_finalize
    finalizer(q.get_nowait())
  File "/usr/local/lib/python3.7/dist-packages/manticore/ethereum/manticore.py", line 1757, in finalizer
    if only_alive_states and last_tx.result in {"REVERT", "THROW", "TXERROR"}:
AttributeError: 'NoneType' object has no attribute 'result'
2023-07-03 16:47:25,474: [215] m.c.manticore:INFO: Results in /mcore_uh_e_qcl
2023-07-03 16:47:25,475: [215] m.c.manticore:WARNING: Manticore failed to run
2023-07-03 16:47:26,129: [240] m.main:INFO: Registered plugins: IntrospectionAPIPlugin, <class 'manticore.ethereum.plugins.SkipRevertBasicBlocks'>, <class 'manticore.ethereum.plugins.FilterFunctions'>
2023-07-03 16:47:26,129: [240] m.main:INFO: Beginning analysis
2023-07-03 16:47:26,131: [240] m.e.manticore:INFO: Starting symbolic create contract
2023-07-03 16:47:26,148: [240] m.e.manticore:INFO: Failed to build contract | Errors : Invalid solc compilation Error: Source "dependencies/openzeppelin/contracts/IERC20.sol" not found: File not found.
 --> sb/ReserveLogic_3.sol:4:1:
  |
4 | import {IERC20} from '../../../dependencies/openzeppelin/contracts/IERC20.sol';
  | ^^^^^^^^^^^^^^^^^^^^^^^^^^^^^^^^^^^^^^^^^^^^^^^^^^^^^^^^^^^^^^^^^^^^^^^^^^^^^^^

Error: Source "dependencies/openzeppelin/contracts/SafeERC20.sol" not found: File not found.
 --> sb/ReserveLogic_3.sol:5:1:
  |
5 | import {SafeERC20} from '../../../dependencies/openzeppelin/contracts/SafeERC20.sol';
  | ^^^^^^^^^^^^^^^^^^^^^^^^^^^^^^^^^^^^^^^^^^^^^^^^^^^^^^^^^^^^^^^^^^^^^^^^^^^^^^^^^^^^^

Error: Source "interfaces/IAToken.sol" not found: File not found.
 --> sb/ReserveLogic_3.sol:6:1:
  |
6 | import {IAToken} from '../../../interfaces/IAToken.sol';
  | ^^^^^^^^^^^^^^^^^^^^^^^^^^^^^^^^^^^^^^^^^^^^^^^^^^^^^^^^

Error: Source "interfaces/IStableDebtToken.sol" not found: File not found.
 --> sb/ReserveLogic_3.sol:7:1:
  |
7 | import {IStableDebtToken} from '../../../interfaces/IStableDebtToken.sol';
  | ^^^^^^^^^^^^^^^^^^^^^^^^^^^^^^^^^^^^^^^^^^^^^^^^^^^^^^^^^^^^^^^^^^^^^^^^^^

Error: Source "interfaces/IVariableDebtToken.sol" not found: File not found.
 --> sb/ReserveLogic_3.sol:8:1:
  |
8 | import {IVariableDebtToken} from '../../../interfaces/IVariableDebtToken.sol';
  | ^^^^^^^^^^^^^^^^^^^^^^^^^^^^^^^^^^^^^^^^^^^^^^^^^^^^^^^^^^^^^^^^^^^^^^^^^^^^^^

Error: Source "interfaces/IReserveInterestRateStrategy.sol" not found: File not found.
 --> sb/ReserveLogic_3.sol:9:1:
  |
9 | import {IReserveInterestRateStrategy} from '../../../interfaces/IReserveInterestRateStrategy.sol';
  | ^^^^^^^^^^^^^^^^^^^^^^^^^^^^^^^^^^^^^^^^^^^^^^^^^^^^^^^^^^^^^^^^^^^^^^^^^^^^^^^^^^^^^^^^^^^^^^^^^^

Error: Source "configuration/ReserveConfiguration.sol" not found: File not found.
  --> sb/ReserveLogic_3.sol:10:1:
   |
10 | import {ReserveConfiguration} from '../configuration/ReserveConfiguration.sol';
   | ^^^^^^^^^^^^^^^^^^^^^^^^^^^^^^^^^^^^^^^^^^^^^^^^^^^^^^^^^^^^^^^^^^^^^^^^^^^^^^^

Error: Source "math/MathUtils.sol" not found: File not found.
  --> sb/ReserveLogic_3.sol:11:1:
   |
11 | import {MathUtils} from '../math/MathUtils.sol';
   | ^^^^^^^^^^^^^^^^^^^^^^^^^^^^^^^^^^^^^^^^^^^^^^^^

Error: Source "math/WadRayMath.sol" not found: File not found.
  --> sb/ReserveLogic_3.sol:12:1:
   |
12 | import {WadRayMath} from '../math/WadRayMath.sol';
   | ^^^^^^^^^^^^^^^^^^^^^^^^^^^^^^^^^^^^^^^^^^^^^^^^^^

Error: Source "math/PercentageMath.sol" not found: File not found.
  --> sb/ReserveLogic_3.sol:13:1:
   |
13 | import {PercentageMath} from '../math/PercentageMath.sol';
   | ^^^^^^^^^^^^^^^^^^^^^^^^^^^^^^^^^^^^^^^^^^^^^^^^^^^^^^^^^^

Error: Source "helpers/Errors.sol" not found: File not found.
  --> sb/ReserveLogic_3.sol:14:1:
   |
14 | import {Errors} from '../helpers/Errors.sol';
   | ^^^^^^^^^^^^^^^^^^^^^^^^^^^^^^^^^^^^^^^^^^^^^

Error: Source "helpers/Helpers.sol" not found: File not found.
  --> sb/ReserveLogic_3.sol:15:1:
   |
15 | import {Helpers} from '../helpers/Helpers.sol';
   | ^^^^^^^^^^^^^^^^^^^^^^^^^^^^^^^^^^^^^^^^^^^^^^^

Error: Source "types/DataTypes.sol" not found: File not found.
  --> sb/ReserveLogic_3.sol:16:1:
   |
16 | import {DataTypes} from '../types/DataTypes.sol';
   | ^^^^^^^^^^^^^^^^^^^^^^^^^^^^^^^^^^^^^^^^^^^^^^^^^


. Solidity failed to generate bytecode for your contract. Check if all the abstract functions are implemented. 
Process Process-1:
Traceback (most recent call last):
  File "/usr/lib/python3.7/multiprocessing/process.py", line 297, in _bootstrap
    self.run()
  File "/usr/lib/python3.7/multiprocessing/process.py", line 99, in run
    self._target(*self._args, **self._kwargs)
  File "/usr/local/lib/python3.7/dist-packages/manticore/ethereum/manticore.py", line 1766, in worker_finalize
    finalizer(q.get_nowait())
  File "/usr/local/lib/python3.7/dist-packages/manticore/ethereum/manticore.py", line 1757, in finalizer
    if only_alive_states and last_tx.result in {"REVERT", "THROW", "TXERROR"}:
AttributeError: 'NoneType' object has no attribute 'result'
2023-07-03 16:47:26,219: [240] m.c.manticore:INFO: Results in /mcore_mcrzgg4s
2023-07-03 16:47:26,219: [240] m.c.manticore:WARNING: Manticore failed to run
2023-07-03 16:47:26,909: [265] m.main:INFO: Registered plugins: IntrospectionAPIPlugin, <class 'manticore.ethereum.plugins.SkipRevertBasicBlocks'>, <class 'manticore.ethereum.plugins.FilterFunctions'>
2023-07-03 16:47:26,909: [265] m.main:INFO: Beginning analysis
2023-07-03 16:47:26,912: [265] m.e.manticore:INFO: Starting symbolic create contract
2023-07-03 16:47:26,939: [265] m.e.manticore:INFO: Failed to build contract 4 Errors : Invalid solc compilation Error: Source "dependencies/openzeppelin/contracts/IERC20.sol" not found: File not found.
 --> sb/ReserveLogic_3.sol:4:1:
  |
4 | import {IERC20} from '../../../dependencies/openzeppelin/contracts/IERC20.sol';
  | ^^^^^^^^^^^^^^^^^^^^^^^^^^^^^^^^^^^^^^^^^^^^^^^^^^^^^^^^^^^^^^^^^^^^^^^^^^^^^^^

Error: Source "dependencies/openzeppelin/contracts/SafeERC20.sol" not found: File not found.
 --> sb/ReserveLogic_3.sol:5:1:
  |
5 | import {SafeERC20} from '../../../dependencies/openzeppelin/contracts/SafeERC20.sol';
  | ^^^^^^^^^^^^^^^^^^^^^^^^^^^^^^^^^^^^^^^^^^^^^^^^^^^^^^^^^^^^^^^^^^^^^^^^^^^^^^^^^^^^^

Error: Source "interfaces/IAToken.sol" not found: File not found.
 --> sb/ReserveLogic_3.sol:6:1:
  |
6 | import {IAToken} from '../../../interfaces/IAToken.sol';
  | ^^^^^^^^^^^^^^^^^^^^^^^^^^^^^^^^^^^^^^^^^^^^^^^^^^^^^^^^

Error: Source "interfaces/IStableDebtToken.sol" not found: File not found.
 --> sb/ReserveLogic_3.sol:7:1:
  |
7 | import {IStableDebtToken} from '../../../interfaces/IStableDebtToken.sol';
  | ^^^^^^^^^^^^^^^^^^^^^^^^^^^^^^^^^^^^^^^^^^^^^^^^^^^^^^^^^^^^^^^^^^^^^^^^^^

Error: Source "interfaces/IVariableDebtToken.sol" not found: File not found.
 --> sb/ReserveLogic_3.sol:8:1:
  |
8 | import {IVariableDebtToken} from '../../../interfaces/IVariableDebtToken.sol';
  | ^^^^^^^^^^^^^^^^^^^^^^^^^^^^^^^^^^^^^^^^^^^^^^^^^^^^^^^^^^^^^^^^^^^^^^^^^^^^^^

Error: Source "interfaces/IReserveInterestRateStrategy.sol" not found: File not found.
 --> sb/ReserveLogic_3.sol:9:1:
  |
9 | import {IReserveInterestRateStrategy} from '../../../interfaces/IReserveInterestRateStrategy.sol';
  | ^^^^^^^^^^^^^^^^^^^^^^^^^^^^^^^^^^^^^^^^^^^^^^^^^^^^^^^^^^^^^^^^^^^^^^^^^^^^^^^^^^^^^^^^^^^^^^^^^^

Error: Source "configuration/ReserveConfiguration.sol" not found: File not found.
  --> sb/ReserveLogic_3.sol:10:1:
   |
10 | import {ReserveConfiguration} from '../configuration/ReserveConfiguration.sol';
   | ^^^^^^^^^^^^^^^^^^^^^^^^^^^^^^^^^^^^^^^^^^^^^^^^^^^^^^^^^^^^^^^^^^^^^^^^^^^^^^^

Error: Source "math/MathUtils.sol" not found: File not found.
  --> sb/ReserveLogic_3.sol:11:1:
   |
11 | import {MathUtils} from '../math/MathUtils.sol';
   | ^^^^^^^^^^^^^^^^^^^^^^^^^^^^^^^^^^^^^^^^^^^^^^^^

Error: Source "math/WadRayMath.sol" not found: File not found.
  --> sb/ReserveLogic_3.sol:12:1:
   |
12 | import {WadRayMath} from '../math/WadRayMath.sol';
   | ^^^^^^^^^^^^^^^^^^^^^^^^^^^^^^^^^^^^^^^^^^^^^^^^^^

Error: Source "math/PercentageMath.sol" not found: File not found.
  --> sb/ReserveLogic_3.sol:13:1:
   |
13 | import {PercentageMath} from '../math/PercentageMath.sol';
   | ^^^^^^^^^^^^^^^^^^^^^^^^^^^^^^^^^^^^^^^^^^^^^^^^^^^^^^^^^^

Error: Source "helpers/Errors.sol" not found: File not found.
  --> sb/ReserveLogic_3.sol:14:1:
   |
14 | import {Errors} from '../helpers/Errors.sol';
   | ^^^^^^^^^^^^^^^^^^^^^^^^^^^^^^^^^^^^^^^^^^^^^

Error: Source "helpers/Helpers.sol" not found: File not found.
  --> sb/ReserveLogic_3.sol:15:1:
   |
15 | import {Helpers} from '../helpers/Helpers.sol';
   | ^^^^^^^^^^^^^^^^^^^^^^^^^^^^^^^^^^^^^^^^^^^^^^^

Error: Source "types/DataTypes.sol" not found: File not found.
  --> sb/ReserveLogic_3.sol:16:1:
   |
16 | import {DataTypes} from '../types/DataTypes.sol';
   | ^^^^^^^^^^^^^^^^^^^^^^^^^^^^^^^^^^^^^^^^^^^^^^^^^


. Solidity failed to generate bytecode for your contract. Check if all the abstract functions are implemented. 
Process Process-1:
Traceback (most recent call last):
  File "/usr/lib/python3.7/multiprocessing/process.py", line 297, in _bootstrap
    self.run()
  File "/usr/lib/python3.7/multiprocessing/process.py", line 99, in run
    self._target(*self._args, **self._kwargs)
  File "/usr/local/lib/python3.7/dist-packages/manticore/ethereum/manticore.py", line 1766, in worker_finalize
    finalizer(q.get_nowait())
  File "/usr/local/lib/python3.7/dist-packages/manticore/ethereum/manticore.py", line 1757, in finalizer
    if only_alive_states and last_tx.result in {"REVERT", "THROW", "TXERROR"}:
AttributeError: 'NoneType' object has no attribute 'result'
2023-07-03 16:47:27,019: [265] m.c.manticore:INFO: Results in /mcore_9dcg2pv5
2023-07-03 16:47:27,019: [265] m.c.manticore:WARNING: Manticore failed to run
2023-07-03 16:47:27,755: [290] m.main:INFO: Registered plugins: IntrospectionAPIPlugin, <class 'manticore.ethereum.plugins.SkipRevertBasicBlocks'>, <class 'manticore.ethereum.plugins.FilterFunctions'>
2023-07-03 16:47:27,756: [290] m.main:INFO: Beginning analysis
2023-07-03 16:47:27,760: [290] m.e.manticore:INFO: Starting symbolic create contract
2023-07-03 16:47:27,783: [290] m.e.manticore:INFO: Failed to build contract | Errors : Invalid solc compilation Error: Source "dependencies/openzeppelin/contracts/IERC20.sol" not found: File not found.
 --> sb/ReserveLogic_3.sol:4:1:
  |
4 | import {IERC20} from '../../../dependencies/openzeppelin/contracts/IERC20.sol';
  | ^^^^^^^^^^^^^^^^^^^^^^^^^^^^^^^^^^^^^^^^^^^^^^^^^^^^^^^^^^^^^^^^^^^^^^^^^^^^^^^

Error: Source "dependencies/openzeppelin/contracts/SafeERC20.sol" not found: File not found.
 --> sb/ReserveLogic_3.sol:5:1:
  |
5 | import {SafeERC20} from '../../../dependencies/openzeppelin/contracts/SafeERC20.sol';
  | ^^^^^^^^^^^^^^^^^^^^^^^^^^^^^^^^^^^^^^^^^^^^^^^^^^^^^^^^^^^^^^^^^^^^^^^^^^^^^^^^^^^^^

Error: Source "interfaces/IAToken.sol" not found: File not found.
 --> sb/ReserveLogic_3.sol:6:1:
  |
6 | import {IAToken} from '../../../interfaces/IAToken.sol';
  | ^^^^^^^^^^^^^^^^^^^^^^^^^^^^^^^^^^^^^^^^^^^^^^^^^^^^^^^^

Error: Source "interfaces/IStableDebtToken.sol" not found: File not found.
 --> sb/ReserveLogic_3.sol:7:1:
  |
7 | import {IStableDebtToken} from '../../../interfaces/IStableDebtToken.sol';
  | ^^^^^^^^^^^^^^^^^^^^^^^^^^^^^^^^^^^^^^^^^^^^^^^^^^^^^^^^^^^^^^^^^^^^^^^^^^

Error: Source "interfaces/IVariableDebtToken.sol" not found: File not found.
 --> sb/ReserveLogic_3.sol:8:1:
  |
8 | import {IVariableDebtToken} from '../../../interfaces/IVariableDebtToken.sol';
  | ^^^^^^^^^^^^^^^^^^^^^^^^^^^^^^^^^^^^^^^^^^^^^^^^^^^^^^^^^^^^^^^^^^^^^^^^^^^^^^

Error: Source "interfaces/IReserveInterestRateStrategy.sol" not found: File not found.
 --> sb/ReserveLogic_3.sol:9:1:
  |
9 | import {IReserveInterestRateStrategy} from '../../../interfaces/IReserveInterestRateStrategy.sol';
  | ^^^^^^^^^^^^^^^^^^^^^^^^^^^^^^^^^^^^^^^^^^^^^^^^^^^^^^^^^^^^^^^^^^^^^^^^^^^^^^^^^^^^^^^^^^^^^^^^^^

Error: Source "configuration/ReserveConfiguration.sol" not found: File not found.
  --> sb/ReserveLogic_3.sol:10:1:
   |
10 | import {ReserveConfiguration} from '../configuration/ReserveConfiguration.sol';
   | ^^^^^^^^^^^^^^^^^^^^^^^^^^^^^^^^^^^^^^^^^^^^^^^^^^^^^^^^^^^^^^^^^^^^^^^^^^^^^^^

Error: Source "math/MathUtils.sol" not found: File not found.
  --> sb/ReserveLogic_3.sol:11:1:
   |
11 | import {MathUtils} from '../math/MathUtils.sol';
   | ^^^^^^^^^^^^^^^^^^^^^^^^^^^^^^^^^^^^^^^^^^^^^^^^

Error: Source "math/WadRayMath.sol" not found: File not found.
  --> sb/ReserveLogic_3.sol:12:1:
   |
12 | import {WadRayMath} from '../math/WadRayMath.sol';
   | ^^^^^^^^^^^^^^^^^^^^^^^^^^^^^^^^^^^^^^^^^^^^^^^^^^

Error: Source "math/PercentageMath.sol" not found: File not found.
  --> sb/ReserveLogic_3.sol:13:1:
   |
13 | import {PercentageMath} from '../math/PercentageMath.sol';
   | ^^^^^^^^^^^^^^^^^^^^^^^^^^^^^^^^^^^^^^^^^^^^^^^^^^^^^^^^^^

Error: Source "helpers/Errors.sol" not found: File not found.
  --> sb/ReserveLogic_3.sol:14:1:
   |
14 | import {Errors} from '../helpers/Errors.sol';
   | ^^^^^^^^^^^^^^^^^^^^^^^^^^^^^^^^^^^^^^^^^^^^^

Error: Source "helpers/Helpers.sol" not found: File not found.
  --> sb/ReserveLogic_3.sol:15:1:
   |
15 | import {Helpers} from '../helpers/Helpers.sol';
   | ^^^^^^^^^^^^^^^^^^^^^^^^^^^^^^^^^^^^^^^^^^^^^^^

Error: Source "types/DataTypes.sol" not found: File not found.
  --> sb/ReserveLogic_3.sol:16:1:
   |
16 | import {DataTypes} from '../types/DataTypes.sol';
   | ^^^^^^^^^^^^^^^^^^^^^^^^^^^^^^^^^^^^^^^^^^^^^^^^^


. Solidity failed to generate bytecode for your contract. Check if all the abstract functions are implemented. 
Process Process-1:
Traceback (most recent call last):
  File "/usr/lib/python3.7/multiprocessing/process.py", line 297, in _bootstrap
    self.run()
  File "/usr/lib/python3.7/multiprocessing/process.py", line 99, in run
    self._target(*self._args, **self._kwargs)
  File "/usr/local/lib/python3.7/dist-packages/manticore/ethereum/manticore.py", line 1766, in worker_finalize
    finalizer(q.get_nowait())
  File "/usr/local/lib/python3.7/dist-packages/manticore/ethereum/manticore.py", line 1757, in finalizer
    if only_alive_states and last_tx.result in {"REVERT", "THROW", "TXERROR"}:
AttributeError: 'NoneType' object has no attribute 'result'
2023-07-03 16:47:27,860: [290] m.c.manticore:INFO: Results in /mcore_y5jn4h0g
2023-07-03 16:47:27,860: [290] m.c.manticore:WARNING: Manticore failed to run
2023-07-03 16:47:28,579: [315] m.main:INFO: Registered plugins: IntrospectionAPIPlugin, <class 'manticore.ethereum.plugins.SkipRevertBasicBlocks'>, <class 'manticore.ethereum.plugins.FilterFunctions'>
2023-07-03 16:47:28,580: [315] m.main:INFO: Beginning analysis
2023-07-03 16:47:28,582: [315] m.e.manticore:INFO: Starting symbolic create contract
2023-07-03 16:47:28,599: [315] m.e.manticore:INFO: Failed to build contract import Errors : Invalid solc compilation Error: Source "dependencies/openzeppelin/contracts/IERC20.sol" not found: File not found.
 --> sb/ReserveLogic_3.sol:4:1:
  |
4 | import {IERC20} from '../../../dependencies/openzeppelin/contracts/IERC20.sol';
  | ^^^^^^^^^^^^^^^^^^^^^^^^^^^^^^^^^^^^^^^^^^^^^^^^^^^^^^^^^^^^^^^^^^^^^^^^^^^^^^^

Error: Source "dependencies/openzeppelin/contracts/SafeERC20.sol" not found: File not found.
 --> sb/ReserveLogic_3.sol:5:1:
  |
5 | import {SafeERC20} from '../../../dependencies/openzeppelin/contracts/SafeERC20.sol';
  | ^^^^^^^^^^^^^^^^^^^^^^^^^^^^^^^^^^^^^^^^^^^^^^^^^^^^^^^^^^^^^^^^^^^^^^^^^^^^^^^^^^^^^

Error: Source "interfaces/IAToken.sol" not found: File not found.
 --> sb/ReserveLogic_3.sol:6:1:
  |
6 | import {IAToken} from '../../../interfaces/IAToken.sol';
  | ^^^^^^^^^^^^^^^^^^^^^^^^^^^^^^^^^^^^^^^^^^^^^^^^^^^^^^^^

Error: Source "interfaces/IStableDebtToken.sol" not found: File not found.
 --> sb/ReserveLogic_3.sol:7:1:
  |
7 | import {IStableDebtToken} from '../../../interfaces/IStableDebtToken.sol';
  | ^^^^^^^^^^^^^^^^^^^^^^^^^^^^^^^^^^^^^^^^^^^^^^^^^^^^^^^^^^^^^^^^^^^^^^^^^^

Error: Source "interfaces/IVariableDebtToken.sol" not found: File not found.
 --> sb/ReserveLogic_3.sol:8:1:
  |
8 | import {IVariableDebtToken} from '../../../interfaces/IVariableDebtToken.sol';
  | ^^^^^^^^^^^^^^^^^^^^^^^^^^^^^^^^^^^^^^^^^^^^^^^^^^^^^^^^^^^^^^^^^^^^^^^^^^^^^^

Error: Source "interfaces/IReserveInterestRateStrategy.sol" not found: File not found.
 --> sb/ReserveLogic_3.sol:9:1:
  |
9 | import {IReserveInterestRateStrategy} from '../../../interfaces/IReserveInterestRateStrategy.sol';
  | ^^^^^^^^^^^^^^^^^^^^^^^^^^^^^^^^^^^^^^^^^^^^^^^^^^^^^^^^^^^^^^^^^^^^^^^^^^^^^^^^^^^^^^^^^^^^^^^^^^

Error: Source "configuration/ReserveConfiguration.sol" not found: File not found.
  --> sb/ReserveLogic_3.sol:10:1:
   |
10 | import {ReserveConfiguration} from '../configuration/ReserveConfiguration.sol';
   | ^^^^^^^^^^^^^^^^^^^^^^^^^^^^^^^^^^^^^^^^^^^^^^^^^^^^^^^^^^^^^^^^^^^^^^^^^^^^^^^

Error: Source "math/MathUtils.sol" not found: File not found.
  --> sb/ReserveLogic_3.sol:11:1:
   |
11 | import {MathUtils} from '../math/MathUtils.sol';
   | ^^^^^^^^^^^^^^^^^^^^^^^^^^^^^^^^^^^^^^^^^^^^^^^^

Error: Source "math/WadRayMath.sol" not found: File not found.
  --> sb/ReserveLogic_3.sol:12:1:
   |
12 | import {WadRayMath} from '../math/WadRayMath.sol';
   | ^^^^^^^^^^^^^^^^^^^^^^^^^^^^^^^^^^^^^^^^^^^^^^^^^^

Error: Source "math/PercentageMath.sol" not found: File not found.
  --> sb/ReserveLogic_3.sol:13:1:
   |
13 | import {PercentageMath} from '../math/PercentageMath.sol';
   | ^^^^^^^^^^^^^^^^^^^^^^^^^^^^^^^^^^^^^^^^^^^^^^^^^^^^^^^^^^

Error: Source "helpers/Errors.sol" not found: File not found.
  --> sb/ReserveLogic_3.sol:14:1:
   |
14 | import {Errors} from '../helpers/Errors.sol';
   | ^^^^^^^^^^^^^^^^^^^^^^^^^^^^^^^^^^^^^^^^^^^^^

Error: Source "helpers/Helpers.sol" not found: File not found.
  --> sb/ReserveLogic_3.sol:15:1:
   |
15 | import {Helpers} from '../helpers/Helpers.sol';
   | ^^^^^^^^^^^^^^^^^^^^^^^^^^^^^^^^^^^^^^^^^^^^^^^

Error: Source "types/DataTypes.sol" not found: File not found.
  --> sb/ReserveLogic_3.sol:16:1:
   |
16 | import {DataTypes} from '../types/DataTypes.sol';
   | ^^^^^^^^^^^^^^^^^^^^^^^^^^^^^^^^^^^^^^^^^^^^^^^^^


. Solidity failed to generate bytecode for your contract. Check if all the abstract functions are implemented. 
Process Process-1:
Traceback (most recent call last):
  File "/usr/lib/python3.7/multiprocessing/process.py", line 297, in _bootstrap
    self.run()
  File "/usr/lib/python3.7/multiprocessing/process.py", line 99, in run
    self._target(*self._args, **self._kwargs)
  File "/usr/local/lib/python3.7/dist-packages/manticore/ethereum/manticore.py", line 1766, in worker_finalize
    finalizer(q.get_nowait())
  File "/usr/local/lib/python3.7/dist-packages/manticore/ethereum/manticore.py", line 1757, in finalizer
    if only_alive_states and last_tx.result in {"REVERT", "THROW", "TXERROR"}:
AttributeError: 'NoneType' object has no attribute 'result'
2023-07-03 16:47:28,675: [315] m.c.manticore:INFO: Results in /mcore_hes4lram
2023-07-03 16:47:28,675: [315] m.c.manticore:WARNING: Manticore failed to run
2023-07-03 16:47:29,410: [340] m.main:INFO: Registered plugins: IntrospectionAPIPlugin, <class 'manticore.ethereum.plugins.SkipRevertBasicBlocks'>, <class 'manticore.ethereum.plugins.FilterFunctions'>
2023-07-03 16:47:29,410: [340] m.main:INFO: Beginning analysis
2023-07-03 16:47:29,412: [340] m.e.manticore:INFO: Starting symbolic create contract
2023-07-03 16:47:29,447: [340] m.e.manticore:INFO: Failed to build contract {IERC20} Errors : Invalid solc compilation Error: Source "dependencies/openzeppelin/contracts/IERC20.sol" not found: File not found.
 --> sb/ReserveLogic_3.sol:4:1:
  |
4 | import {IERC20} from '../../../dependencies/openzeppelin/contracts/IERC20.sol';
  | ^^^^^^^^^^^^^^^^^^^^^^^^^^^^^^^^^^^^^^^^^^^^^^^^^^^^^^^^^^^^^^^^^^^^^^^^^^^^^^^

Error: Source "dependencies/openzeppelin/contracts/SafeERC20.sol" not found: File not found.
 --> sb/ReserveLogic_3.sol:5:1:
  |
5 | import {SafeERC20} from '../../../dependencies/openzeppelin/contracts/SafeERC20.sol';
  | ^^^^^^^^^^^^^^^^^^^^^^^^^^^^^^^^^^^^^^^^^^^^^^^^^^^^^^^^^^^^^^^^^^^^^^^^^^^^^^^^^^^^^

Error: Source "interfaces/IAToken.sol" not found: File not found.
 --> sb/ReserveLogic_3.sol:6:1:
  |
6 | import {IAToken} from '../../../interfaces/IAToken.sol';
  | ^^^^^^^^^^^^^^^^^^^^^^^^^^^^^^^^^^^^^^^^^^^^^^^^^^^^^^^^

Error: Source "interfaces/IStableDebtToken.sol" not found: File not found.
 --> sb/ReserveLogic_3.sol:7:1:
  |
7 | import {IStableDebtToken} from '../../../interfaces/IStableDebtToken.sol';
  | ^^^^^^^^^^^^^^^^^^^^^^^^^^^^^^^^^^^^^^^^^^^^^^^^^^^^^^^^^^^^^^^^^^^^^^^^^^

Error: Source "interfaces/IVariableDebtToken.sol" not found: File not found.
 --> sb/ReserveLogic_3.sol:8:1:
  |
8 | import {IVariableDebtToken} from '../../../interfaces/IVariableDebtToken.sol';
  | ^^^^^^^^^^^^^^^^^^^^^^^^^^^^^^^^^^^^^^^^^^^^^^^^^^^^^^^^^^^^^^^^^^^^^^^^^^^^^^

Error: Source "interfaces/IReserveInterestRateStrategy.sol" not found: File not found.
 --> sb/ReserveLogic_3.sol:9:1:
  |
9 | import {IReserveInterestRateStrategy} from '../../../interfaces/IReserveInterestRateStrategy.sol';
  | ^^^^^^^^^^^^^^^^^^^^^^^^^^^^^^^^^^^^^^^^^^^^^^^^^^^^^^^^^^^^^^^^^^^^^^^^^^^^^^^^^^^^^^^^^^^^^^^^^^

Error: Source "configuration/ReserveConfiguration.sol" not found: File not found.
  --> sb/ReserveLogic_3.sol:10:1:
   |
10 | import {ReserveConfiguration} from '../configuration/ReserveConfiguration.sol';
   | ^^^^^^^^^^^^^^^^^^^^^^^^^^^^^^^^^^^^^^^^^^^^^^^^^^^^^^^^^^^^^^^^^^^^^^^^^^^^^^^

Error: Source "math/MathUtils.sol" not found: File not found.
  --> sb/ReserveLogic_3.sol:11:1:
   |
11 | import {MathUtils} from '../math/MathUtils.sol';
   | ^^^^^^^^^^^^^^^^^^^^^^^^^^^^^^^^^^^^^^^^^^^^^^^^

Error: Source "math/WadRayMath.sol" not found: File not found.
  --> sb/ReserveLogic_3.sol:12:1:
   |
12 | import {WadRayMath} from '../math/WadRayMath.sol';
   | ^^^^^^^^^^^^^^^^^^^^^^^^^^^^^^^^^^^^^^^^^^^^^^^^^^

Error: Source "math/PercentageMath.sol" not found: File not found.
  --> sb/ReserveLogic_3.sol:13:1:
   |
13 | import {PercentageMath} from '../math/PercentageMath.sol';
   | ^^^^^^^^^^^^^^^^^^^^^^^^^^^^^^^^^^^^^^^^^^^^^^^^^^^^^^^^^^

Error: Source "helpers/Errors.sol" not found: File not found.
  --> sb/ReserveLogic_3.sol:14:1:
   |
14 | import {Errors} from '../helpers/Errors.sol';
   | ^^^^^^^^^^^^^^^^^^^^^^^^^^^^^^^^^^^^^^^^^^^^^

Error: Source "helpers/Helpers.sol" not found: File not found.
  --> sb/ReserveLogic_3.sol:15:1:
   |
15 | import {Helpers} from '../helpers/Helpers.sol';
   | ^^^^^^^^^^^^^^^^^^^^^^^^^^^^^^^^^^^^^^^^^^^^^^^

Error: Source "types/DataTypes.sol" not found: File not found.
  --> sb/ReserveLogic_3.sol:16:1:
   |
16 | import {DataTypes} from '../types/DataTypes.sol';
   | ^^^^^^^^^^^^^^^^^^^^^^^^^^^^^^^^^^^^^^^^^^^^^^^^^


. Solidity failed to generate bytecode for your contract. Check if all the abstract functions are implemented. 
Process Process-1:
Traceback (most recent call last):
  File "/usr/lib/python3.7/multiprocessing/process.py", line 297, in _bootstrap
    self.run()
  File "/usr/lib/python3.7/multiprocessing/process.py", line 99, in run
    self._target(*self._args, **self._kwargs)
  File "/usr/local/lib/python3.7/dist-packages/manticore/ethereum/manticore.py", line 1766, in worker_finalize
    finalizer(q.get_nowait())
  File "/usr/local/lib/python3.7/dist-packages/manticore/ethereum/manticore.py", line 1757, in finalizer
    if only_alive_states and last_tx.result in {"REVERT", "THROW", "TXERROR"}:
AttributeError: 'NoneType' object has no attribute 'result'
2023-07-03 16:47:29,529: [340] m.c.manticore:INFO: Results in /mcore_b9h1yx4e
2023-07-03 16:47:29,530: [340] m.c.manticore:WARNING: Manticore failed to run
2023-07-03 16:47:30,208: [365] m.main:INFO: Registered plugins: IntrospectionAPIPlugin, <class 'manticore.ethereum.plugins.SkipRevertBasicBlocks'>, <class 'manticore.ethereum.plugins.FilterFunctions'>
2023-07-03 16:47:30,208: [365] m.main:INFO: Beginning analysis
2023-07-03 16:47:30,210: [365] m.e.manticore:INFO: Starting symbolic create contract
2023-07-03 16:47:30,237: [365] m.e.manticore:INFO: Failed to build contract from Errors : Invalid solc compilation Error: Source "dependencies/openzeppelin/contracts/IERC20.sol" not found: File not found.
 --> sb/ReserveLogic_3.sol:4:1:
  |
4 | import {IERC20} from '../../../dependencies/openzeppelin/contracts/IERC20.sol';
  | ^^^^^^^^^^^^^^^^^^^^^^^^^^^^^^^^^^^^^^^^^^^^^^^^^^^^^^^^^^^^^^^^^^^^^^^^^^^^^^^

Error: Source "dependencies/openzeppelin/contracts/SafeERC20.sol" not found: File not found.
 --> sb/ReserveLogic_3.sol:5:1:
  |
5 | import {SafeERC20} from '../../../dependencies/openzeppelin/contracts/SafeERC20.sol';
  | ^^^^^^^^^^^^^^^^^^^^^^^^^^^^^^^^^^^^^^^^^^^^^^^^^^^^^^^^^^^^^^^^^^^^^^^^^^^^^^^^^^^^^

Error: Source "interfaces/IAToken.sol" not found: File not found.
 --> sb/ReserveLogic_3.sol:6:1:
  |
6 | import {IAToken} from '../../../interfaces/IAToken.sol';
  | ^^^^^^^^^^^^^^^^^^^^^^^^^^^^^^^^^^^^^^^^^^^^^^^^^^^^^^^^

Error: Source "interfaces/IStableDebtToken.sol" not found: File not found.
 --> sb/ReserveLogic_3.sol:7:1:
  |
7 | import {IStableDebtToken} from '../../../interfaces/IStableDebtToken.sol';
  | ^^^^^^^^^^^^^^^^^^^^^^^^^^^^^^^^^^^^^^^^^^^^^^^^^^^^^^^^^^^^^^^^^^^^^^^^^^

Error: Source "interfaces/IVariableDebtToken.sol" not found: File not found.
 --> sb/ReserveLogic_3.sol:8:1:
  |
8 | import {IVariableDebtToken} from '../../../interfaces/IVariableDebtToken.sol';
  | ^^^^^^^^^^^^^^^^^^^^^^^^^^^^^^^^^^^^^^^^^^^^^^^^^^^^^^^^^^^^^^^^^^^^^^^^^^^^^^

Error: Source "interfaces/IReserveInterestRateStrategy.sol" not found: File not found.
 --> sb/ReserveLogic_3.sol:9:1:
  |
9 | import {IReserveInterestRateStrategy} from '../../../interfaces/IReserveInterestRateStrategy.sol';
  | ^^^^^^^^^^^^^^^^^^^^^^^^^^^^^^^^^^^^^^^^^^^^^^^^^^^^^^^^^^^^^^^^^^^^^^^^^^^^^^^^^^^^^^^^^^^^^^^^^^

Error: Source "configuration/ReserveConfiguration.sol" not found: File not found.
  --> sb/ReserveLogic_3.sol:10:1:
   |
10 | import {ReserveConfiguration} from '../configuration/ReserveConfiguration.sol';
   | ^^^^^^^^^^^^^^^^^^^^^^^^^^^^^^^^^^^^^^^^^^^^^^^^^^^^^^^^^^^^^^^^^^^^^^^^^^^^^^^

Error: Source "math/MathUtils.sol" not found: File not found.
  --> sb/ReserveLogic_3.sol:11:1:
   |
11 | import {MathUtils} from '../math/MathUtils.sol';
   | ^^^^^^^^^^^^^^^^^^^^^^^^^^^^^^^^^^^^^^^^^^^^^^^^

Error: Source "math/WadRayMath.sol" not found: File not found.
  --> sb/ReserveLogic_3.sol:12:1:
   |
12 | import {WadRayMath} from '../math/WadRayMath.sol';
   | ^^^^^^^^^^^^^^^^^^^^^^^^^^^^^^^^^^^^^^^^^^^^^^^^^^

Error: Source "math/PercentageMath.sol" not found: File not found.
  --> sb/ReserveLogic_3.sol:13:1:
   |
13 | import {PercentageMath} from '../math/PercentageMath.sol';
   | ^^^^^^^^^^^^^^^^^^^^^^^^^^^^^^^^^^^^^^^^^^^^^^^^^^^^^^^^^^

Error: Source "helpers/Errors.sol" not found: File not found.
  --> sb/ReserveLogic_3.sol:14:1:
   |
14 | import {Errors} from '../helpers/Errors.sol';
   | ^^^^^^^^^^^^^^^^^^^^^^^^^^^^^^^^^^^^^^^^^^^^^

Error: Source "helpers/Helpers.sol" not found: File not found.
  --> sb/ReserveLogic_3.sol:15:1:
   |
15 | import {Helpers} from '../helpers/Helpers.sol';
   | ^^^^^^^^^^^^^^^^^^^^^^^^^^^^^^^^^^^^^^^^^^^^^^^

Error: Source "types/DataTypes.sol" not found: File not found.
  --> sb/ReserveLogic_3.sol:16:1:
   |
16 | import {DataTypes} from '../types/DataTypes.sol';
   | ^^^^^^^^^^^^^^^^^^^^^^^^^^^^^^^^^^^^^^^^^^^^^^^^^


. Solidity failed to generate bytecode for your contract. Check if all the abstract functions are implemented. 
Process Process-1:
Traceback (most recent call last):
  File "/usr/lib/python3.7/multiprocessing/process.py", line 297, in _bootstrap
    self.run()
  File "/usr/lib/python3.7/multiprocessing/process.py", line 99, in run
    self._target(*self._args, **self._kwargs)
  File "/usr/local/lib/python3.7/dist-packages/manticore/ethereum/manticore.py", line 1766, in worker_finalize
    finalizer(q.get_nowait())
  File "/usr/local/lib/python3.7/dist-packages/manticore/ethereum/manticore.py", line 1757, in finalizer
    if only_alive_states and last_tx.result in {"REVERT", "THROW", "TXERROR"}:
AttributeError: 'NoneType' object has no attribute 'result'
2023-07-03 16:47:30,329: [365] m.c.manticore:INFO: Results in /mcore_tf4ftw90
2023-07-03 16:47:30,329: [365] m.c.manticore:WARNING: Manticore failed to run
2023-07-03 16:47:30,962: [390] m.main:INFO: Registered plugins: IntrospectionAPIPlugin, <class 'manticore.ethereum.plugins.SkipRevertBasicBlocks'>, <class 'manticore.ethereum.plugins.FilterFunctions'>
2023-07-03 16:47:30,963: [390] m.main:INFO: Beginning analysis
2023-07-03 16:47:30,967: [390] m.e.manticore:INFO: Starting symbolic create contract
2023-07-03 16:47:30,986: [390] m.e.manticore:INFO: Failed to build contract '../../../dependencies/openzeppelin/contracts/IERC20.sol'; Errors : Invalid solc compilation Error: Source "dependencies/openzeppelin/contracts/IERC20.sol" not found: File not found.
 --> sb/ReserveLogic_3.sol:4:1:
  |
4 | import {IERC20} from '../../../dependencies/openzeppelin/contracts/IERC20.sol';
  | ^^^^^^^^^^^^^^^^^^^^^^^^^^^^^^^^^^^^^^^^^^^^^^^^^^^^^^^^^^^^^^^^^^^^^^^^^^^^^^^

Error: Source "dependencies/openzeppelin/contracts/SafeERC20.sol" not found: File not found.
 --> sb/ReserveLogic_3.sol:5:1:
  |
5 | import {SafeERC20} from '../../../dependencies/openzeppelin/contracts/SafeERC20.sol';
  | ^^^^^^^^^^^^^^^^^^^^^^^^^^^^^^^^^^^^^^^^^^^^^^^^^^^^^^^^^^^^^^^^^^^^^^^^^^^^^^^^^^^^^

Error: Source "interfaces/IAToken.sol" not found: File not found.
 --> sb/ReserveLogic_3.sol:6:1:
  |
6 | import {IAToken} from '../../../interfaces/IAToken.sol';
  | ^^^^^^^^^^^^^^^^^^^^^^^^^^^^^^^^^^^^^^^^^^^^^^^^^^^^^^^^

Error: Source "interfaces/IStableDebtToken.sol" not found: File not found.
 --> sb/ReserveLogic_3.sol:7:1:
  |
7 | import {IStableDebtToken} from '../../../interfaces/IStableDebtToken.sol';
  | ^^^^^^^^^^^^^^^^^^^^^^^^^^^^^^^^^^^^^^^^^^^^^^^^^^^^^^^^^^^^^^^^^^^^^^^^^^

Error: Source "interfaces/IVariableDebtToken.sol" not found: File not found.
 --> sb/ReserveLogic_3.sol:8:1:
  |
8 | import {IVariableDebtToken} from '../../../interfaces/IVariableDebtToken.sol';
  | ^^^^^^^^^^^^^^^^^^^^^^^^^^^^^^^^^^^^^^^^^^^^^^^^^^^^^^^^^^^^^^^^^^^^^^^^^^^^^^

Error: Source "interfaces/IReserveInterestRateStrategy.sol" not found: File not found.
 --> sb/ReserveLogic_3.sol:9:1:
  |
9 | import {IReserveInterestRateStrategy} from '../../../interfaces/IReserveInterestRateStrategy.sol';
  | ^^^^^^^^^^^^^^^^^^^^^^^^^^^^^^^^^^^^^^^^^^^^^^^^^^^^^^^^^^^^^^^^^^^^^^^^^^^^^^^^^^^^^^^^^^^^^^^^^^

Error: Source "configuration/ReserveConfiguration.sol" not found: File not found.
  --> sb/ReserveLogic_3.sol:10:1:
   |
10 | import {ReserveConfiguration} from '../configuration/ReserveConfiguration.sol';
   | ^^^^^^^^^^^^^^^^^^^^^^^^^^^^^^^^^^^^^^^^^^^^^^^^^^^^^^^^^^^^^^^^^^^^^^^^^^^^^^^

Error: Source "math/MathUtils.sol" not found: File not found.
  --> sb/ReserveLogic_3.sol:11:1:
   |
11 | import {MathUtils} from '../math/MathUtils.sol';
   | ^^^^^^^^^^^^^^^^^^^^^^^^^^^^^^^^^^^^^^^^^^^^^^^^

Error: Source "math/WadRayMath.sol" not found: File not found.
  --> sb/ReserveLogic_3.sol:12:1:
   |
12 | import {WadRayMath} from '../math/WadRayMath.sol';
   | ^^^^^^^^^^^^^^^^^^^^^^^^^^^^^^^^^^^^^^^^^^^^^^^^^^

Error: Source "math/PercentageMath.sol" not found: File not found.
  --> sb/ReserveLogic_3.sol:13:1:
   |
13 | import {PercentageMath} from '../math/PercentageMath.sol';
   | ^^^^^^^^^^^^^^^^^^^^^^^^^^^^^^^^^^^^^^^^^^^^^^^^^^^^^^^^^^

Error: Source "helpers/Errors.sol" not found: File not found.
  --> sb/ReserveLogic_3.sol:14:1:
   |
14 | import {Errors} from '../helpers/Errors.sol';
   | ^^^^^^^^^^^^^^^^^^^^^^^^^^^^^^^^^^^^^^^^^^^^^

Error: Source "helpers/Helpers.sol" not found: File not found.
  --> sb/ReserveLogic_3.sol:15:1:
   |
15 | import {Helpers} from '../helpers/Helpers.sol';
   | ^^^^^^^^^^^^^^^^^^^^^^^^^^^^^^^^^^^^^^^^^^^^^^^

Error: Source "types/DataTypes.sol" not found: File not found.
  --> sb/ReserveLogic_3.sol:16:1:
   |
16 | import {DataTypes} from '../types/DataTypes.sol';
   | ^^^^^^^^^^^^^^^^^^^^^^^^^^^^^^^^^^^^^^^^^^^^^^^^^


. Solidity failed to generate bytecode for your contract. Check if all the abstract functions are implemented. 
Process Process-1:
Traceback (most recent call last):
  File "/usr/lib/python3.7/multiprocessing/process.py", line 297, in _bootstrap
    self.run()
  File "/usr/lib/python3.7/multiprocessing/process.py", line 99, in run
    self._target(*self._args, **self._kwargs)
  File "/usr/local/lib/python3.7/dist-packages/manticore/ethereum/manticore.py", line 1766, in worker_finalize
    finalizer(q.get_nowait())
  File "/usr/local/lib/python3.7/dist-packages/manticore/ethereum/manticore.py", line 1757, in finalizer
    if only_alive_states and last_tx.result in {"REVERT", "THROW", "TXERROR"}:
AttributeError: 'NoneType' object has no attribute 'result'
2023-07-03 16:47:31,058: [390] m.c.manticore:INFO: Results in /mcore_6chnsk30
2023-07-03 16:47:31,059: [390] m.c.manticore:WARNING: Manticore failed to run
2023-07-03 16:47:31,787: [415] m.main:INFO: Registered plugins: IntrospectionAPIPlugin, <class 'manticore.ethereum.plugins.SkipRevertBasicBlocks'>, <class 'manticore.ethereum.plugins.FilterFunctions'>
2023-07-03 16:47:31,788: [415] m.main:INFO: Beginning analysis
2023-07-03 16:47:31,790: [415] m.e.manticore:INFO: Starting symbolic create contract
2023-07-03 16:47:31,809: [415] m.e.manticore:INFO: Failed to build contract | Errors : Invalid solc compilation Error: Source "dependencies/openzeppelin/contracts/IERC20.sol" not found: File not found.
 --> sb/ReserveLogic_3.sol:4:1:
  |
4 | import {IERC20} from '../../../dependencies/openzeppelin/contracts/IERC20.sol';
  | ^^^^^^^^^^^^^^^^^^^^^^^^^^^^^^^^^^^^^^^^^^^^^^^^^^^^^^^^^^^^^^^^^^^^^^^^^^^^^^^

Error: Source "dependencies/openzeppelin/contracts/SafeERC20.sol" not found: File not found.
 --> sb/ReserveLogic_3.sol:5:1:
  |
5 | import {SafeERC20} from '../../../dependencies/openzeppelin/contracts/SafeERC20.sol';
  | ^^^^^^^^^^^^^^^^^^^^^^^^^^^^^^^^^^^^^^^^^^^^^^^^^^^^^^^^^^^^^^^^^^^^^^^^^^^^^^^^^^^^^

Error: Source "interfaces/IAToken.sol" not found: File not found.
 --> sb/ReserveLogic_3.sol:6:1:
  |
6 | import {IAToken} from '../../../interfaces/IAToken.sol';
  | ^^^^^^^^^^^^^^^^^^^^^^^^^^^^^^^^^^^^^^^^^^^^^^^^^^^^^^^^

Error: Source "interfaces/IStableDebtToken.sol" not found: File not found.
 --> sb/ReserveLogic_3.sol:7:1:
  |
7 | import {IStableDebtToken} from '../../../interfaces/IStableDebtToken.sol';
  | ^^^^^^^^^^^^^^^^^^^^^^^^^^^^^^^^^^^^^^^^^^^^^^^^^^^^^^^^^^^^^^^^^^^^^^^^^^

Error: Source "interfaces/IVariableDebtToken.sol" not found: File not found.
 --> sb/ReserveLogic_3.sol:8:1:
  |
8 | import {IVariableDebtToken} from '../../../interfaces/IVariableDebtToken.sol';
  | ^^^^^^^^^^^^^^^^^^^^^^^^^^^^^^^^^^^^^^^^^^^^^^^^^^^^^^^^^^^^^^^^^^^^^^^^^^^^^^

Error: Source "interfaces/IReserveInterestRateStrategy.sol" not found: File not found.
 --> sb/ReserveLogic_3.sol:9:1:
  |
9 | import {IReserveInterestRateStrategy} from '../../../interfaces/IReserveInterestRateStrategy.sol';
  | ^^^^^^^^^^^^^^^^^^^^^^^^^^^^^^^^^^^^^^^^^^^^^^^^^^^^^^^^^^^^^^^^^^^^^^^^^^^^^^^^^^^^^^^^^^^^^^^^^^

Error: Source "configuration/ReserveConfiguration.sol" not found: File not found.
  --> sb/ReserveLogic_3.sol:10:1:
   |
10 | import {ReserveConfiguration} from '../configuration/ReserveConfiguration.sol';
   | ^^^^^^^^^^^^^^^^^^^^^^^^^^^^^^^^^^^^^^^^^^^^^^^^^^^^^^^^^^^^^^^^^^^^^^^^^^^^^^^

Error: Source "math/MathUtils.sol" not found: File not found.
  --> sb/ReserveLogic_3.sol:11:1:
   |
11 | import {MathUtils} from '../math/MathUtils.sol';
   | ^^^^^^^^^^^^^^^^^^^^^^^^^^^^^^^^^^^^^^^^^^^^^^^^

Error: Source "math/WadRayMath.sol" not found: File not found.
  --> sb/ReserveLogic_3.sol:12:1:
   |
12 | import {WadRayMath} from '../math/WadRayMath.sol';
   | ^^^^^^^^^^^^^^^^^^^^^^^^^^^^^^^^^^^^^^^^^^^^^^^^^^

Error: Source "math/PercentageMath.sol" not found: File not found.
  --> sb/ReserveLogic_3.sol:13:1:
   |
13 | import {PercentageMath} from '../math/PercentageMath.sol';
   | ^^^^^^^^^^^^^^^^^^^^^^^^^^^^^^^^^^^^^^^^^^^^^^^^^^^^^^^^^^

Error: Source "helpers/Errors.sol" not found: File not found.
  --> sb/ReserveLogic_3.sol:14:1:
   |
14 | import {Errors} from '../helpers/Errors.sol';
   | ^^^^^^^^^^^^^^^^^^^^^^^^^^^^^^^^^^^^^^^^^^^^^

Error: Source "helpers/Helpers.sol" not found: File not found.
  --> sb/ReserveLogic_3.sol:15:1:
   |
15 | import {Helpers} from '../helpers/Helpers.sol';
   | ^^^^^^^^^^^^^^^^^^^^^^^^^^^^^^^^^^^^^^^^^^^^^^^

Error: Source "types/DataTypes.sol" not found: File not found.
  --> sb/ReserveLogic_3.sol:16:1:
   |
16 | import {DataTypes} from '../types/DataTypes.sol';
   | ^^^^^^^^^^^^^^^^^^^^^^^^^^^^^^^^^^^^^^^^^^^^^^^^^


. Solidity failed to generate bytecode for your contract. Check if all the abstract functions are implemented. 
Process Process-1:
Traceback (most recent call last):
  File "/usr/lib/python3.7/multiprocessing/process.py", line 297, in _bootstrap
    self.run()
  File "/usr/lib/python3.7/multiprocessing/process.py", line 99, in run
    self._target(*self._args, **self._kwargs)
  File "/usr/local/lib/python3.7/dist-packages/manticore/ethereum/manticore.py", line 1766, in worker_finalize
    finalizer(q.get_nowait())
  File "/usr/local/lib/python3.7/dist-packages/manticore/ethereum/manticore.py", line 1757, in finalizer
    if only_alive_states and last_tx.result in {"REVERT", "THROW", "TXERROR"}:
AttributeError: 'NoneType' object has no attribute 'result'
2023-07-03 16:47:31,885: [415] m.c.manticore:INFO: Results in /mcore_ogrv2aah
2023-07-03 16:47:31,886: [415] m.c.manticore:WARNING: Manticore failed to run
2023-07-03 16:47:32,613: [440] m.main:INFO: Registered plugins: IntrospectionAPIPlugin, <class 'manticore.ethereum.plugins.SkipRevertBasicBlocks'>, <class 'manticore.ethereum.plugins.FilterFunctions'>
2023-07-03 16:47:32,614: [440] m.main:INFO: Beginning analysis
2023-07-03 16:47:32,616: [440] m.e.manticore:INFO: Starting symbolic create contract
2023-07-03 16:47:32,642: [440] m.e.manticore:INFO: Failed to build contract ^^^^^^^^^^^^^^^^^^^^^^^^^^^^^^^^^^^^^^^^^^^^^^^^^^^^^^^^^^^^^^^^^^^^^^^^^^^^^^^ Errors : Invalid solc compilation Error: Source "dependencies/openzeppelin/contracts/IERC20.sol" not found: File not found.
 --> sb/ReserveLogic_3.sol:4:1:
  |
4 | import {IERC20} from '../../../dependencies/openzeppelin/contracts/IERC20.sol';
  | ^^^^^^^^^^^^^^^^^^^^^^^^^^^^^^^^^^^^^^^^^^^^^^^^^^^^^^^^^^^^^^^^^^^^^^^^^^^^^^^

Error: Source "dependencies/openzeppelin/contracts/SafeERC20.sol" not found: File not found.
 --> sb/ReserveLogic_3.sol:5:1:
  |
5 | import {SafeERC20} from '../../../dependencies/openzeppelin/contracts/SafeERC20.sol';
  | ^^^^^^^^^^^^^^^^^^^^^^^^^^^^^^^^^^^^^^^^^^^^^^^^^^^^^^^^^^^^^^^^^^^^^^^^^^^^^^^^^^^^^

Error: Source "interfaces/IAToken.sol" not found: File not found.
 --> sb/ReserveLogic_3.sol:6:1:
  |
6 | import {IAToken} from '../../../interfaces/IAToken.sol';
  | ^^^^^^^^^^^^^^^^^^^^^^^^^^^^^^^^^^^^^^^^^^^^^^^^^^^^^^^^

Error: Source "interfaces/IStableDebtToken.sol" not found: File not found.
 --> sb/ReserveLogic_3.sol:7:1:
  |
7 | import {IStableDebtToken} from '../../../interfaces/IStableDebtToken.sol';
  | ^^^^^^^^^^^^^^^^^^^^^^^^^^^^^^^^^^^^^^^^^^^^^^^^^^^^^^^^^^^^^^^^^^^^^^^^^^

Error: Source "interfaces/IVariableDebtToken.sol" not found: File not found.
 --> sb/ReserveLogic_3.sol:8:1:
  |
8 | import {IVariableDebtToken} from '../../../interfaces/IVariableDebtToken.sol';
  | ^^^^^^^^^^^^^^^^^^^^^^^^^^^^^^^^^^^^^^^^^^^^^^^^^^^^^^^^^^^^^^^^^^^^^^^^^^^^^^

Error: Source "interfaces/IReserveInterestRateStrategy.sol" not found: File not found.
 --> sb/ReserveLogic_3.sol:9:1:
  |
9 | import {IReserveInterestRateStrategy} from '../../../interfaces/IReserveInterestRateStrategy.sol';
  | ^^^^^^^^^^^^^^^^^^^^^^^^^^^^^^^^^^^^^^^^^^^^^^^^^^^^^^^^^^^^^^^^^^^^^^^^^^^^^^^^^^^^^^^^^^^^^^^^^^

Error: Source "configuration/ReserveConfiguration.sol" not found: File not found.
  --> sb/ReserveLogic_3.sol:10:1:
   |
10 | import {ReserveConfiguration} from '../configuration/ReserveConfiguration.sol';
   | ^^^^^^^^^^^^^^^^^^^^^^^^^^^^^^^^^^^^^^^^^^^^^^^^^^^^^^^^^^^^^^^^^^^^^^^^^^^^^^^

Error: Source "math/MathUtils.sol" not found: File not found.
  --> sb/ReserveLogic_3.sol:11:1:
   |
11 | import {MathUtils} from '../math/MathUtils.sol';
   | ^^^^^^^^^^^^^^^^^^^^^^^^^^^^^^^^^^^^^^^^^^^^^^^^

Error: Source "math/WadRayMath.sol" not found: File not found.
  --> sb/ReserveLogic_3.sol:12:1:
   |
12 | import {WadRayMath} from '../math/WadRayMath.sol';
   | ^^^^^^^^^^^^^^^^^^^^^^^^^^^^^^^^^^^^^^^^^^^^^^^^^^

Error: Source "math/PercentageMath.sol" not found: File not found.
  --> sb/ReserveLogic_3.sol:13:1:
   |
13 | import {PercentageMath} from '../math/PercentageMath.sol';
   | ^^^^^^^^^^^^^^^^^^^^^^^^^^^^^^^^^^^^^^^^^^^^^^^^^^^^^^^^^^

Error: Source "helpers/Errors.sol" not found: File not found.
  --> sb/ReserveLogic_3.sol:14:1:
   |
14 | import {Errors} from '../helpers/Errors.sol';
   | ^^^^^^^^^^^^^^^^^^^^^^^^^^^^^^^^^^^^^^^^^^^^^

Error: Source "helpers/Helpers.sol" not found: File not found.
  --> sb/ReserveLogic_3.sol:15:1:
   |
15 | import {Helpers} from '../helpers/Helpers.sol';
   | ^^^^^^^^^^^^^^^^^^^^^^^^^^^^^^^^^^^^^^^^^^^^^^^

Error: Source "types/DataTypes.sol" not found: File not found.
  --> sb/ReserveLogic_3.sol:16:1:
   |
16 | import {DataTypes} from '../types/DataTypes.sol';
   | ^^^^^^^^^^^^^^^^^^^^^^^^^^^^^^^^^^^^^^^^^^^^^^^^^


. Solidity failed to generate bytecode for your contract. Check if all the abstract functions are implemented. 
Process Process-1:
Traceback (most recent call last):
  File "/usr/lib/python3.7/multiprocessing/process.py", line 297, in _bootstrap
    self.run()
  File "/usr/lib/python3.7/multiprocessing/process.py", line 99, in run
    self._target(*self._args, **self._kwargs)
  File "/usr/local/lib/python3.7/dist-packages/manticore/ethereum/manticore.py", line 1766, in worker_finalize
    finalizer(q.get_nowait())
  File "/usr/local/lib/python3.7/dist-packages/manticore/ethereum/manticore.py", line 1757, in finalizer
    if only_alive_states and last_tx.result in {"REVERT", "THROW", "TXERROR"}:
AttributeError: 'NoneType' object has no attribute 'result'
2023-07-03 16:47:32,718: [440] m.c.manticore:INFO: Results in /mcore_d2_12x09
2023-07-03 16:47:32,719: [440] m.c.manticore:WARNING: Manticore failed to run
