2023-07-03 16:47:35,637: [11] m.main:INFO: Registered plugins: IntrospectionAPIPlugin, <class 'manticore.ethereum.plugins.SkipRevertBasicBlocks'>, <class 'manticore.ethereum.plugins.FilterFunctions'>
2023-07-03 16:47:35,637: [11] m.main:INFO: Beginning analysis
2023-07-03 16:47:35,640: [11] m.e.manticore:INFO: Starting symbolic create contract
2023-07-03 16:47:37,006: [11] m.e.manticore:INFO: Starting symbolic transaction: 0
2023-07-03 16:47:37,150: [11] m.e.manticore:INFO: 0 alive states, 1 terminated states
2023-07-03 16:47:37,211: [11] m.e.manticore:INFO: Starting symbolic transaction: 1
2023-07-03 16:47:37,471: [11] m.c.manticore:INFO: Results in /mcore_9wk4ci8c
2023-07-03 16:47:37,471: [11] m.c.manticore:INFO: Total time: 0.46182680130004883
2023-07-03 16:47:38,343: [70] m.main:INFO: Registered plugins: IntrospectionAPIPlugin, <class 'manticore.ethereum.plugins.SkipRevertBasicBlocks'>, <class 'manticore.ethereum.plugins.FilterFunctions'>
2023-07-03 16:47:38,344: [70] m.main:INFO: Beginning analysis
2023-07-03 16:47:38,347: [70] m.e.manticore:INFO: Starting symbolic create contract
2023-07-03 16:47:39,997: [70] m.e.manticore:INFO: Starting symbolic transaction: 0
2023-07-03 16:47:40,150: [70] m.e.manticore:INFO: 0 alive states, 1 terminated states
2023-07-03 16:47:40,208: [70] m.e.manticore:INFO: Starting symbolic transaction: 1
2023-07-03 16:47:40,559: [70] m.c.manticore:INFO: Results in /mcore_4e7835lc
2023-07-03 16:47:40,559: [70] m.c.manticore:INFO: Total time: 0.5592503547668457
2023-07-03 16:47:41,212: [129] m.main:INFO: Registered plugins: IntrospectionAPIPlugin, <class 'manticore.ethereum.plugins.SkipRevertBasicBlocks'>, <class 'manticore.ethereum.plugins.FilterFunctions'>
2023-07-03 16:47:41,212: [129] m.main:INFO: Beginning analysis
2023-07-03 16:47:41,215: [129] m.e.manticore:INFO: Starting symbolic create contract
2023-07-03 16:47:43,298: [129] m.e.manticore:INFO: Starting symbolic transaction: 0
2023-07-03 16:47:48,716: [129] m.e.manticore:INFO: 0 alive states, 3 terminated states
2023-07-03 16:47:49,112: [129] m.c.manticore:INFO: Results in /mcore_eltfec84
2023-07-03 16:47:49,113: [129] m.c.manticore:INFO: Total time: 5.79325795173645
2023-07-03 16:47:49,879: [197] m.main:INFO: Registered plugins: IntrospectionAPIPlugin, <class 'manticore.ethereum.plugins.SkipRevertBasicBlocks'>, <class 'manticore.ethereum.plugins.FilterFunctions'>
2023-07-03 16:47:49,880: [197] m.main:INFO: Beginning analysis
2023-07-03 16:47:49,882: [197] m.e.manticore:INFO: Starting symbolic create contract
