2023-07-03 16:32:23,779: [11] m.main:INFO: Registered plugins: IntrospectionAPIPlugin, <class 'manticore.ethereum.plugins.SkipRevertBasicBlocks'>, <class 'manticore.ethereum.plugins.FilterFunctions'>
2023-07-03 16:32:23,779: [11] m.main:INFO: Beginning analysis
2023-07-03 16:32:23,782: [11] m.e.manticore:INFO: Starting symbolic create contract
2023-07-03 16:32:24,652: [11] m.e.manticore:INFO: Starting symbolic transaction: 0
2023-07-03 16:32:24,770: [11] m.e.manticore:INFO: 0 alive states, 2 terminated states
2023-07-03 16:32:24,929: [11] m.c.manticore:INFO: Results in /mcore_hs22zemu
2023-07-03 16:32:24,929: [11] m.c.manticore:INFO: Total time: 0.2703728675842285
2023-07-03 16:32:25,675: [76] m.main:INFO: Registered plugins: IntrospectionAPIPlugin, <class 'manticore.ethereum.plugins.SkipRevertBasicBlocks'>, <class 'manticore.ethereum.plugins.FilterFunctions'>
2023-07-03 16:32:25,675: [76] m.main:INFO: Beginning analysis
2023-07-03 16:32:25,680: [76] m.e.manticore:INFO: Starting symbolic create contract
2023-07-03 16:32:26,579: [76] m.e.manticore:INFO: Starting symbolic transaction: 0
2023-07-03 16:32:26,686: [76] m.e.manticore:INFO: 0 alive states, 2 terminated states
2023-07-03 16:32:26,832: [76] m.c.manticore:INFO: Results in /mcore_0d3g_72j
2023-07-03 16:32:26,832: [76] m.c.manticore:INFO: Total time: 0.24975895881652832
2023-07-03 16:32:27,560: [141] m.main:INFO: Registered plugins: IntrospectionAPIPlugin, <class 'manticore.ethereum.plugins.SkipRevertBasicBlocks'>, <class 'manticore.ethereum.plugins.FilterFunctions'>
2023-07-03 16:32:27,560: [141] m.main:INFO: Beginning analysis
2023-07-03 16:32:27,562: [141] m.e.manticore:INFO: Starting symbolic create contract
2023-07-03 16:32:28,425: [141] m.e.manticore:INFO: Starting symbolic transaction: 0
2023-07-03 16:32:28,534: [141] m.e.manticore:INFO: 0 alive states, 2 terminated states
2023-07-03 16:32:28,697: [141] m.c.manticore:INFO: Results in /mcore_wl45i8vk
2023-07-03 16:32:28,697: [141] m.c.manticore:INFO: Total time: 0.26892566680908203
2023-07-03 16:32:29,450: [206] m.main:INFO: Registered plugins: IntrospectionAPIPlugin, <class 'manticore.ethereum.plugins.SkipRevertBasicBlocks'>, <class 'manticore.ethereum.plugins.FilterFunctions'>
2023-07-03 16:32:29,450: [206] m.main:INFO: Beginning analysis
2023-07-03 16:32:29,452: [206] m.e.manticore:INFO: Starting symbolic create contract
2023-07-03 16:32:30,307: [206] m.e.manticore:INFO: Starting symbolic transaction: 0
2023-07-03 16:32:30,435: [206] m.e.manticore:INFO: 0 alive states, 2 terminated states
2023-07-03 16:32:30,575: [206] m.c.manticore:INFO: Results in /mcore_adfidyfr
2023-07-03 16:32:30,575: [206] m.c.manticore:INFO: Total time: 0.2650597095489502
2023-07-03 16:32:31,350: [271] m.main:INFO: Registered plugins: IntrospectionAPIPlugin, <class 'manticore.ethereum.plugins.SkipRevertBasicBlocks'>, <class 'manticore.ethereum.plugins.FilterFunctions'>
2023-07-03 16:32:31,350: [271] m.main:INFO: Beginning analysis
2023-07-03 16:32:31,354: [271] m.e.manticore:INFO: Starting symbolic create contract
2023-07-03 16:32:32,295: [271] m.e.manticore:INFO: Starting symbolic transaction: 0
2023-07-03 16:32:32,843: [271] m.c.worker:ERROR: Exception in state 0: ManticoreError('Forking on unfeasible constraint set')
Traceback (most recent call last):
  File "/usr/local/lib/python3.7/dist-packages/manticore/core/worker.py", line 137, in run
    current_state.execute()
  File "/usr/local/lib/python3.7/dist-packages/manticore/ethereum/state.py", line 8, in execute
    return self._platform.execute()
  File "/usr/local/lib/python3.7/dist-packages/manticore/platforms/evm.py", line 3106, in execute
    self.current_vm.execute()
  File "/usr/local/lib/python3.7/dist-packages/manticore/platforms/evm.py", line 1322, in execute
    raise Concretize("Symbolic PC", expression=expression, setstate=setstate, policy="ALL")
manticore.core.state.Concretize

During handling of the above exception, another exception occurred:

Traceback (most recent call last):
  File "/usr/local/lib/python3.7/dist-packages/manticore/core/worker.py", line 158, in run
    m._fork(current_state, exc.expression, exc.policy, exc.setstate, exc.values)
  File "/usr/local/lib/python3.7/dist-packages/manticore/core/manticore.py", line 518, in _fork
    raise ManticoreError("Forking on unfeasible constraint set")
manticore.exceptions.ManticoreError: Forking on unfeasible constraint set
 
2023-07-03 16:32:32,850: [271] m.e.manticore:INFO: 0 alive states, 1 terminated states
2023-07-03 16:32:32,963: [271] m.c.manticore:INFO: Results in /mcore_9xietxqs
2023-07-03 16:32:32,964: [271] m.c.manticore:INFO: Total time: 0.6642627716064453
2023-07-03 16:32:33,649: [333] m.main:INFO: Registered plugins: IntrospectionAPIPlugin, <class 'manticore.ethereum.plugins.SkipRevertBasicBlocks'>, <class 'manticore.ethereum.plugins.FilterFunctions'>
2023-07-03 16:32:33,649: [333] m.main:INFO: Beginning analysis
2023-07-03 16:32:33,652: [333] m.e.manticore:INFO: Starting symbolic create contract
