2023-07-03 16:11:22,721: [11] m.main:INFO: Registered plugins: IntrospectionAPIPlugin, <class 'manticore.ethereum.plugins.SkipRevertBasicBlocks'>, <class 'manticore.ethereum.plugins.FilterFunctions'>
2023-07-03 16:11:22,722: [11] m.main:INFO: Beginning analysis
2023-07-03 16:11:22,724: [11] m.e.manticore:INFO: Starting symbolic create contract
2023-07-03 16:11:24,118: [11] m.e.manticore:INFO: Starting symbolic transaction: 0
2023-07-03 16:11:24,254: [11] m.e.manticore:INFO: 0 alive states, 1 terminated states
2023-07-03 16:11:24,302: [11] m.e.manticore:INFO: Starting symbolic transaction: 1
2023-07-03 16:11:24,506: [11] m.c.manticore:INFO: Results in /mcore_mzj39fup
2023-07-03 16:11:24,506: [11] m.c.manticore:INFO: Total time: 0.3849470615386963
2023-07-03 16:11:25,122: [70] m.main:INFO: Registered plugins: IntrospectionAPIPlugin, <class 'manticore.ethereum.plugins.SkipRevertBasicBlocks'>, <class 'manticore.ethereum.plugins.FilterFunctions'>
2023-07-03 16:11:25,123: [70] m.main:INFO: Beginning analysis
2023-07-03 16:11:25,126: [70] m.e.manticore:INFO: Starting symbolic create contract
2023-07-03 16:11:26,532: [70] m.e.manticore:INFO: Starting symbolic transaction: 0
2023-07-03 16:11:26,693: [70] m.e.manticore:INFO: 0 alive states, 1 terminated states
2023-07-03 16:11:26,757: [70] m.e.manticore:INFO: Starting symbolic transaction: 1
2023-07-03 16:11:26,963: [70] m.c.manticore:INFO: Results in /mcore_ye0hob6d
2023-07-03 16:11:26,963: [70] m.c.manticore:INFO: Total time: 0.4281787872314453
2023-07-03 16:11:27,579: [129] m.main:INFO: Registered plugins: IntrospectionAPIPlugin, <class 'manticore.ethereum.plugins.SkipRevertBasicBlocks'>, <class 'manticore.ethereum.plugins.FilterFunctions'>
2023-07-03 16:11:27,580: [129] m.main:INFO: Beginning analysis
2023-07-03 16:11:27,583: [129] m.e.manticore:INFO: Starting symbolic create contract
2023-07-03 16:11:29,802: [129] m.e.manticore:INFO: Starting symbolic transaction: 0
2023-07-03 16:11:35,262: [129] m.e.manticore:INFO: 0 alive states, 3 terminated states
2023-07-03 16:11:35,529: [129] m.c.manticore:INFO: Results in /mcore_t6ec_m09
2023-07-03 16:11:35,530: [129] m.c.manticore:INFO: Total time: 5.711310625076294
2023-07-03 16:11:36,237: [200] m.main:INFO: Registered plugins: IntrospectionAPIPlugin, <class 'manticore.ethereum.plugins.SkipRevertBasicBlocks'>, <class 'manticore.ethereum.plugins.FilterFunctions'>
2023-07-03 16:11:36,238: [200] m.main:INFO: Beginning analysis
2023-07-03 16:11:36,242: [200] m.e.manticore:INFO: Starting symbolic create contract
