INFO:Slither:Compilation warnings/errors on /sb/DapiServer_1.sol:
Warning: SPDX license identifier not provided in source file. Before publishing, consider adding a comment containing "SPDX-License-Identifier: <SPDX-License>" to each source file. Use "SPDX-License-Identifier: UNLICENSED" for non-open-source code. Please see https://spdx.org for more information.
--> /sb/DapiServer_1.sol

Warning: Unused function parameter. Remove or comment out the variable name to silence this warning.
    --> /sb/DapiServer_1.sol:2372:9:
     |
2372 |         bytes32 subscriptionId, // solhint-disable-line no-unused-vars
     |         ^^^^^^^^^^^^^^^^^^^^^^

Warning: Unused function parameter. Remove or comment out the variable name to silence this warning.
    --> /sb/DapiServer_1.sol:2412:9:
     |
2412 |         bytes32 subscriptionId, // solhint-disable-line no-unused-vars
     |         ^^^^^^^^^^^^^^^^^^^^^^

Warning: Unused function parameter. Remove or comment out the variable name to silence this warning.
    --> /sb/DapiServer_1.sol:2413:9:
     |
2413 |         address airnode, // solhint-disable-line no-unused-vars
     |         ^^^^^^^^^^^^^^^

Warning: Unused function parameter. Remove or comment out the variable name to silence this warning.
    --> /sb/DapiServer_1.sol:2414:9:
     |
2414 |         address relayer, // solhint-disable-line no-unused-vars
     |         ^^^^^^^^^^^^^^^

Warning: Unused function parameter. Remove or comment out the variable name to silence this warning.
    --> /sb/DapiServer_1.sol:2415:9:
     |
2415 |         address sponsor, // solhint-disable-line no-unused-vars
     |         ^^^^^^^^^^^^^^^

Warning: Unused function parameter. Remove or comment out the variable name to silence this warning.
    --> /sb/DapiServer_1.sol:2416:9:
     |
2416 |         uint256 timestamp, // solhint-disable-line no-unused-vars
     |         ^^^^^^^^^^^^^^^^^

Warning: Unused function parameter. Remove or comment out the variable name to silence this warning.
    --> /sb/DapiServer_1.sol:2418:9:
     |
2418 |         bytes calldata signature // solhint-disable-line no-unused-vars
     |         ^^^^^^^^^^^^^^^^^^^^^^^^


ERROR:root:Error in /sb/DapiServer_1.sol
ERROR:root:Traceback (most recent call last):
  File "/usr/local/lib/python3.6/dist-packages/slither_analyzer-0.6.1-py3.6.egg/slither/__main__.py", line 564, in main_impl
    (results, number_contracts) = process(filename, args, detector_classes, printer_classes)
  File "/usr/local/lib/python3.6/dist-packages/slither_analyzer-0.6.1-py3.6.egg/slither/__main__.py", line 53, in process
    triage_mode=args.triage_mode)
  File "/usr/local/lib/python3.6/dist-packages/slither_analyzer-0.6.1-py3.6.egg/slither/slither.py", line 58, in __init__
    self._analyze_contracts()
  File "/usr/local/lib/python3.6/dist-packages/slither_analyzer-0.6.1-py3.6.egg/slither/solc_parsing/slitherSolc.py", line 243, in _analyze_contracts
    self._analyze_first_part(contracts_to_be_analyzed, libraries)
  File "/usr/local/lib/python3.6/dist-packages/slither_analyzer-0.6.1-py3.6.egg/slither/solc_parsing/slitherSolc.py", line 290, in _analyze_first_part
    self._parse_struct_var_modifiers_functions(contract)
  File "/usr/local/lib/python3.6/dist-packages/slither_analyzer-0.6.1-py3.6.egg/slither/solc_parsing/slitherSolc.py", line 345, in _parse_struct_var_modifiers_functions
    contract.parse_state_variables()
  File "/usr/local/lib/python3.6/dist-packages/slither_analyzer-0.6.1-py3.6.egg/slither/solc_parsing/declarations/contract.py", line 227, in parse_state_variables
    var = StateVariableSolc(varNotParsed)
  File "/usr/local/lib/python3.6/dist-packages/slither_analyzer-0.6.1-py3.6.egg/slither/solc_parsing/variables/variable_declaration.py", line 52, in __init__
    self._init_from_declaration(var, var['value'])
KeyError: 'value'

