2023-07-03 15:49:35,019: [11] m.main:INFO: Registered plugins: IntrospectionAPIPlugin, <class 'manticore.ethereum.plugins.SkipRevertBasicBlocks'>, <class 'manticore.ethereum.plugins.FilterFunctions'>
2023-07-03 15:49:35,019: [11] m.main:INFO: Beginning analysis
2023-07-03 15:49:35,022: [11] m.e.manticore:INFO: Starting symbolic create contract
2023-07-03 15:49:36,334: [11] m.e.manticore:INFO: Failed to create contract: exception in constructor
2023-07-03 15:49:36,427: [11] m.c.manticore:INFO: Results in /mcore_8lnm_1_t
2023-07-03 15:49:36,428: [11] m.c.manticore:INFO: Total time: 0.8879425525665283
2023-07-03 15:49:37,152: [53] m.main:INFO: Registered plugins: IntrospectionAPIPlugin, <class 'manticore.ethereum.plugins.SkipRevertBasicBlocks'>, <class 'manticore.ethereum.plugins.FilterFunctions'>
2023-07-03 15:49:37,152: [53] m.main:INFO: Beginning analysis
2023-07-03 15:49:37,155: [53] m.e.manticore:INFO: Starting symbolic create contract
2023-07-03 15:53:43,782: [53] m.e.manticore:INFO: Failed to create contract: exception in constructor
2023-07-03 15:53:43,946: [53] m.c.manticore:INFO: Results in /mcore_iptmex91
2023-07-03 15:53:43,946: [53] m.c.manticore:INFO: Total time: 246.2314214706421
2023-07-03 15:53:46,140: [95] m.main:INFO: Registered plugins: IntrospectionAPIPlugin, <class 'manticore.ethereum.plugins.SkipRevertBasicBlocks'>, <class 'manticore.ethereum.plugins.FilterFunctions'>
2023-07-03 15:53:46,140: [95] m.main:INFO: Beginning analysis
2023-07-03 15:53:46,142: [95] m.e.manticore:INFO: Starting symbolic create contract
2023-07-03 15:54:01,517: [95] m.e.manticore:INFO: Failed to create contract: exception in constructor
2023-07-03 15:54:01,674: [95] m.c.manticore:INFO: Results in /mcore_nyat_6v7
2023-07-03 15:54:01,674: [95] m.c.manticore:INFO: Total time: 14.752014875411987
2023-07-03 15:54:02,664: [143] m.main:INFO: Registered plugins: IntrospectionAPIPlugin, <class 'manticore.ethereum.plugins.SkipRevertBasicBlocks'>, <class 'manticore.ethereum.plugins.FilterFunctions'>
2023-07-03 15:54:02,665: [143] m.main:INFO: Beginning analysis
2023-07-03 15:54:02,667: [143] m.e.manticore:INFO: Starting symbolic create contract
2023-07-03 15:54:03,684: [143] m.e.manticore:INFO: Failed to create contract: exception in constructor
2023-07-03 15:54:03,787: [143] m.c.manticore:INFO: Results in /mcore_8gb751bl
2023-07-03 15:54:03,787: [143] m.c.manticore:INFO: Total time: 0.6025645732879639
2023-07-03 15:54:04,581: [185] m.main:INFO: Registered plugins: IntrospectionAPIPlugin, <class 'manticore.ethereum.plugins.SkipRevertBasicBlocks'>, <class 'manticore.ethereum.plugins.FilterFunctions'>
2023-07-03 15:54:04,581: [185] m.main:INFO: Beginning analysis
2023-07-03 15:54:04,583: [185] m.e.manticore:INFO: Starting symbolic create contract
2023-07-03 15:54:05,911: [185] m.e.manticore:INFO: Failed to create contract: exception in constructor
2023-07-03 15:54:06,014: [185] m.c.manticore:INFO: Results in /mcore_12n8clob
2023-07-03 15:54:06,014: [185] m.c.manticore:INFO: Total time: 0.8392176628112793
2023-07-03 15:54:06,760: [227] m.main:INFO: Registered plugins: IntrospectionAPIPlugin, <class 'manticore.ethereum.plugins.SkipRevertBasicBlocks'>, <class 'manticore.ethereum.plugins.FilterFunctions'>
2023-07-03 15:54:06,760: [227] m.main:INFO: Beginning analysis
2023-07-03 15:54:06,764: [227] m.e.manticore:INFO: Starting symbolic create contract
2023-07-03 15:54:08,311: [227] m.e.manticore:INFO: Failed to create contract: exception in constructor
2023-07-03 15:54:08,424: [227] m.c.manticore:INFO: Results in /mcore_gr5uml6q
2023-07-03 15:54:08,424: [227] m.c.manticore:INFO: Total time: 1.1601405143737793
