[INFO] | 2023-07-06 05:56:34 AM | analyzer.Escrow_v1_0_1 | Analysis started at: 2023-07-06 05:56:34 AM
[INFO] | 2023-07-06 05:56:36 AM | analyzer.Escrow_v1_0_1 | Version constraints: ['0.4.24']
[INFO] | 2023-07-06 05:56:36 AM | analyzer.Escrow_v1_0_1 | solc version: v0.4.24
[INFO] | 2023-07-06 05:56:36 AM | analyzer.Escrow_v1_0_1 | Callgraph generation started!
[INFO] | 2023-07-06 05:56:36 AM | analyzer.Escrow_v1_0_1 | Callgraph generation finished!
[INFO] | 2023-07-06 05:56:36 AM | analyzer.Escrow_v1_0_1 | Interprocedural CFG generation started!
[INFO] | 2023-07-06 05:56:36 AM | analyzer.Escrow_v1_0_1 | Interprocedural CFG generation finished!
[INFO] | 2023-07-06 05:56:36 AM | analyzer.Escrow_v1_0_1 | Storage dependency graph generation started!
[INFO] | 2023-07-06 05:56:37 AM | analyzer.Escrow_v1_0_1 | Storage dependency graph generation finished!
[INFO] | 2023-07-06 05:56:37 AM | analyzer.Escrow_v1_0_1 | Value Range Analysis started
[INFO] | 2023-07-06 05:56:37 AM | analyzer.Escrow_v1_0_1 | Generating return summary for mul
[INFO] | 2023-07-06 05:56:37 AM | analyzer.Escrow_v1_0_1 | Return summary generated for mul
[INFO] | 2023-07-06 05:56:37 AM | analyzer.Escrow_v1_0_1 | State variable assignement do not exist
[INFO] | 2023-07-06 05:56:37 AM | analyzer.Escrow_v1_0_1 | Processed function mul
[INFO] | 2023-07-06 05:56:37 AM | analyzer.Escrow_v1_0_1 | Generating return summary for div
[INFO] | 2023-07-06 05:56:37 AM | analyzer.Escrow_v1_0_1 | Return summary generated for div
[INFO] | 2023-07-06 05:56:37 AM | analyzer.Escrow_v1_0_1 | State variable assignement do not exist
[INFO] | 2023-07-06 05:56:37 AM | analyzer.Escrow_v1_0_1 | Processed function div
[INFO] | 2023-07-06 05:56:37 AM | analyzer.Escrow_v1_0_1 | Generating return summary for sub
[INFO] | 2023-07-06 05:56:37 AM | analyzer.Escrow_v1_0_1 | Return summary generated for sub
[INFO] | 2023-07-06 05:56:37 AM | analyzer.Escrow_v1_0_1 | State variable assignement do not exist
[INFO] | 2023-07-06 05:56:37 AM | analyzer.Escrow_v1_0_1 | Processed function sub
[INFO] | 2023-07-06 05:56:37 AM | analyzer.Escrow_v1_0_1 | Generating return summary for add
[INFO] | 2023-07-06 05:56:37 AM | analyzer.Escrow_v1_0_1 | Return summary generated for add
[INFO] | 2023-07-06 05:56:37 AM | analyzer.Escrow_v1_0_1 | State variable assignement do not exist
[INFO] | 2023-07-06 05:56:37 AM | analyzer.Escrow_v1_0_1 | Processed function add
[INFO] | 2023-07-06 05:56:37 AM | analyzer.Escrow_v1_0_1 | Generating return summary for balanceOf
[INFO] | 2023-07-06 05:56:37 AM | analyzer.Escrow_v1_0_1 | Return summary generated for balanceOf
[INFO] | 2023-07-06 05:56:37 AM | analyzer.Escrow_v1_0_1 | State variable assignement do not exist
[INFO] | 2023-07-06 05:56:37 AM | analyzer.Escrow_v1_0_1 | Processed function balanceOf
[INFO] | 2023-07-06 05:56:37 AM | analyzer.Escrow_v1_0_1 | Generating return summary for transfer
[INFO] | 2023-07-06 05:56:37 AM | analyzer.Escrow_v1_0_1 | Return summary generated for transfer
[INFO] | 2023-07-06 05:56:37 AM | analyzer.Escrow_v1_0_1 | State variable assignement do not exist
[INFO] | 2023-07-06 05:56:37 AM | analyzer.Escrow_v1_0_1 | Processed function transfer
[INFO] | 2023-07-06 05:56:37 AM | analyzer.Escrow_v1_0_1 | Generating return summary for transferFrom
[INFO] | 2023-07-06 05:56:37 AM | analyzer.Escrow_v1_0_1 | Return summary generated for transferFrom
[INFO] | 2023-07-06 05:56:37 AM | analyzer.Escrow_v1_0_1 | State variable assignement do not exist
[INFO] | 2023-07-06 05:56:37 AM | analyzer.Escrow_v1_0_1 | Processed function transferFrom
[INFO] | 2023-07-06 05:56:37 AM | analyzer.Escrow_v1_0_1 | Generating return summary for checkBeneficiary
[WARNING] | 2023-07-06 05:56:37 AM | analyzer.Escrow_v1_0_1 | No lvalue eligible assignment, is this some bug!
[INFO] | 2023-07-06 05:56:37 AM | analyzer.Escrow_v1_0_1 | Return summary generated for checkBeneficiary
[INFO] | 2023-07-06 05:56:37 AM | analyzer.Escrow_v1_0_1 | State variable assignement do not exist
[INFO] | 2023-07-06 05:56:37 AM | analyzer.Escrow_v1_0_1 | Processed function checkBeneficiary
[INFO] | 2023-07-06 05:56:37 AM | analyzer.Escrow_v1_0_1 | Generating return summary for checkVote
[WARNING] | 2023-07-06 05:56:37 AM | analyzer.Escrow_v1_0_1 | No lvalue eligible assignment, is this some bug!
[INFO] | 2023-07-06 05:56:37 AM | analyzer.Escrow_v1_0_1 | Return summary generated for checkVote
[INFO] | 2023-07-06 05:56:37 AM | analyzer.Escrow_v1_0_1 | State variable assignement do not exist
[INFO] | 2023-07-06 05:56:37 AM | analyzer.Escrow_v1_0_1 | Processed function checkVote
[INFO] | 2023-07-06 05:56:37 AM | analyzer.Escrow_v1_0_1 | Generating return summary for getAllTransactionsForParty
[INFO] | 2023-07-06 05:56:37 AM | analyzer.Escrow_v1_0_1 | Return summary generated for getAllTransactionsForParty
[INFO] | 2023-07-06 05:56:37 AM | analyzer.Escrow_v1_0_1 | State variable assignement do not exist
[INFO] | 2023-07-06 05:56:37 AM | analyzer.Escrow_v1_0_1 | Processed function getAllTransactionsForParty
[INFO] | 2023-07-06 05:56:37 AM | analyzer.Escrow_v1_0_1 | Generating return summary for calculateRedeemScriptHash
[INFO] | 2023-07-06 05:56:37 AM | analyzer.Escrow_v1_0_1 | Return summary generated for calculateRedeemScriptHash
[INFO] | 2023-07-06 05:56:37 AM | analyzer.Escrow_v1_0_1 | State variable assignement do not exist
[INFO] | 2023-07-06 05:56:37 AM | analyzer.Escrow_v1_0_1 | Processed function calculateRedeemScriptHash
[INFO] | 2023-07-06 05:56:37 AM | analyzer.Escrow_v1_0_1 | Generating return summary for verifySignatures
[INFO] | 2023-07-06 05:56:37 AM | analyzer.Escrow_v1_0_1 | Return summary generated for verifySignatures
[INFO] | 2023-07-06 05:56:37 AM | analyzer.Escrow_v1_0_1 | Range graph generated
[INFO] | 2023-07-06 05:56:37 AM | analyzer.Escrow_v1_0_1 | Processed function verifySignatures
[INFO] | 2023-07-06 05:56:37 AM | analyzer.Escrow_v1_0_1 | Generating return summary for slitherConstructorVariables
[INFO] | 2023-07-06 05:56:37 AM | analyzer.Escrow_v1_0_1 | Return summary generated for slitherConstructorVariables
[INFO] | 2023-07-06 05:56:37 AM | analyzer.Escrow_v1_0_1 | Range graph generated
[INFO] | 2023-07-06 05:56:37 AM | analyzer.Escrow_v1_0_1 | Processed function slitherConstructorVariables
[INFO] | 2023-07-06 05:56:37 AM | analyzer.Escrow_v1_0_1 | Generating return summary for transactionDoesNotExists
[INFO] | 2023-07-06 05:56:37 AM | analyzer.Escrow_v1_0_1 | Return summary generated for transactionDoesNotExists
[INFO] | 2023-07-06 05:56:37 AM | analyzer.Escrow_v1_0_1 | State variable assignement do not exist
[INFO] | 2023-07-06 05:56:37 AM | analyzer.Escrow_v1_0_1 | Processed function transactionDoesNotExists
[INFO] | 2023-07-06 05:56:37 AM | analyzer.Escrow_v1_0_1 | Generating return summary for nonZeroAddress
[INFO] | 2023-07-06 05:56:37 AM | analyzer.Escrow_v1_0_1 | Return summary generated for nonZeroAddress
[INFO] | 2023-07-06 05:56:37 AM | analyzer.Escrow_v1_0_1 | State variable assignement do not exist
[INFO] | 2023-07-06 05:56:37 AM | analyzer.Escrow_v1_0_1 | Processed function nonZeroAddress
[INFO] | 2023-07-06 05:56:37 AM | analyzer.Escrow_v1_0_1 | Generating return summary for transactionExists
[INFO] | 2023-07-06 05:56:37 AM | analyzer.Escrow_v1_0_1 | Return summary generated for transactionExists
[INFO] | 2023-07-06 05:56:37 AM | analyzer.Escrow_v1_0_1 | State variable assignement do not exist
[INFO] | 2023-07-06 05:56:37 AM | analyzer.Escrow_v1_0_1 | Processed function transactionExists
[INFO] | 2023-07-06 05:56:37 AM | analyzer.Escrow_v1_0_1 | Generating return summary for inFundedState
[INFO] | 2023-07-06 05:56:37 AM | analyzer.Escrow_v1_0_1 | Return summary generated for inFundedState
[INFO] | 2023-07-06 05:56:37 AM | analyzer.Escrow_v1_0_1 | State variable assignement do not exist
[INFO] | 2023-07-06 05:56:37 AM | analyzer.Escrow_v1_0_1 | Processed function inFundedState
[INFO] | 2023-07-06 05:56:37 AM | analyzer.Escrow_v1_0_1 | Generating return summary for checkTransactionType
[INFO] | 2023-07-06 05:56:37 AM | analyzer.Escrow_v1_0_1 | Return summary generated for checkTransactionType
[INFO] | 2023-07-06 05:56:37 AM | analyzer.Escrow_v1_0_1 | State variable assignement do not exist
[INFO] | 2023-07-06 05:56:37 AM | analyzer.Escrow_v1_0_1 | Processed function checkTransactionType
[INFO] | 2023-07-06 05:56:37 AM | analyzer.Escrow_v1_0_1 | Generating return summary for onlyBuyer
[INFO] | 2023-07-06 05:56:37 AM | analyzer.Escrow_v1_0_1 | Return summary generated for onlyBuyer
[INFO] | 2023-07-06 05:56:37 AM | analyzer.Escrow_v1_0_1 | State variable assignement do not exist
[INFO] | 2023-07-06 05:56:37 AM | analyzer.Escrow_v1_0_1 | Processed function onlyBuyer
[INFO] | 2023-07-06 05:56:37 AM | analyzer.Escrow_v1_0_1 | Generating return summary for isTimeLockExpired
[INFO] | 2023-07-06 05:56:37 AM | analyzer.Escrow_v1_0_1 | Return summary generated for isTimeLockExpired
[INFO] | 2023-07-06 05:56:37 AM | analyzer.Escrow_v1_0_1 | State variable assignement do not exist
[INFO] | 2023-07-06 05:56:37 AM | analyzer.Escrow_v1_0_1 | Processed function isTimeLockExpired
[INFO] | 2023-07-06 05:56:37 AM | analyzer.Escrow_v1_0_1 | Generating return summary for addFundsToTransaction
[INFO] | 2023-07-06 05:56:37 AM | analyzer.Escrow_v1_0_1 | Return summary generated for addFundsToTransaction
[INFO] | 2023-07-06 05:56:37 AM | analyzer.Escrow_v1_0_1 | Range graph generated
[INFO] | 2023-07-06 05:56:37 AM | analyzer.Escrow_v1_0_1 | Processed function addFundsToTransaction
[INFO] | 2023-07-06 05:56:37 AM | analyzer.Escrow_v1_0_1 | Generating return summary for addTokensToTransaction
[INFO] | 2023-07-06 05:56:37 AM | analyzer.Escrow_v1_0_1 | Return summary generated for addTokensToTransaction
[INFO] | 2023-07-06 05:56:37 AM | analyzer.Escrow_v1_0_1 | Range graph generated
[INFO] | 2023-07-06 05:56:37 AM | analyzer.Escrow_v1_0_1 | Processed function addTokensToTransaction
[INFO] | 2023-07-06 05:56:37 AM | analyzer.Escrow_v1_0_1 | Generating return summary for transferFunds
[INFO] | 2023-07-06 05:56:37 AM | analyzer.Escrow_v1_0_1 | Return summary generated for transferFunds
[INFO] | 2023-07-06 05:56:37 AM | analyzer.Escrow_v1_0_1 | State variable assignement do not exist
[INFO] | 2023-07-06 05:56:37 AM | analyzer.Escrow_v1_0_1 | Processed function transferFunds
[INFO] | 2023-07-06 05:56:37 AM | analyzer.Escrow_v1_0_1 | Generating return summary for _addTransaction
[INFO] | 2023-07-06 05:56:37 AM | analyzer.Escrow_v1_0_1 | Return summary generated for _addTransaction
[INFO] | 2023-07-06 05:56:37 AM | analyzer.Escrow_v1_0_1 | Range graph generated
[INFO] | 2023-07-06 05:56:37 AM | analyzer.Escrow_v1_0_1 | Processed function _addTransaction
[INFO] | 2023-07-06 05:56:37 AM | analyzer.Escrow_v1_0_1 | Generating return summary for verifyTransaction
[INFO] | 2023-07-06 05:56:37 AM | analyzer.Escrow_v1_0_1 | Return summary generated for verifyTransaction
[INFO] | 2023-07-06 05:56:37 AM | analyzer.Escrow_v1_0_1 | Range graph generated
[INFO] | 2023-07-06 05:56:37 AM | analyzer.Escrow_v1_0_1 | Processed function verifyTransaction
[INFO] | 2023-07-06 05:56:37 AM | analyzer.Escrow_v1_0_1 | Generating return summary for addTransaction
[INFO] | 2023-07-06 05:56:37 AM | analyzer.Escrow_v1_0_1 | Return summary generated for addTransaction
[INFO] | 2023-07-06 05:56:37 AM | analyzer.Escrow_v1_0_1 | Range graph generated
[INFO] | 2023-07-06 05:56:37 AM | analyzer.Escrow_v1_0_1 | Processed function addTransaction
[INFO] | 2023-07-06 05:56:37 AM | analyzer.Escrow_v1_0_1 | Generating return summary for addTokenTransaction
[INFO] | 2023-07-06 05:56:37 AM | analyzer.Escrow_v1_0_1 | Return summary generated for addTokenTransaction
[INFO] | 2023-07-06 05:56:37 AM | analyzer.Escrow_v1_0_1 | Range graph generated
[INFO] | 2023-07-06 05:56:37 AM | analyzer.Escrow_v1_0_1 | Processed function addTokenTransaction
[INFO] | 2023-07-06 05:56:37 AM | analyzer.Escrow_v1_0_1 | Generating return summary for execute
[INFO] | 2023-07-06 05:56:37 AM | analyzer.Escrow_v1_0_1 | Return summary generated for execute
[INFO] | 2023-07-06 05:56:37 AM | analyzer.Escrow_v1_0_1 | Range graph generated
[INFO] | 2023-07-06 05:56:37 AM | analyzer.Escrow_v1_0_1 | Processed function execute
[INFO] | 2023-07-06 05:56:37 AM | analyzer.Escrow_v1_0_1 | Value Range Analysis took 0.014219 seconds
[INFO] | 2023-07-06 05:56:37 AM | analyzer.Escrow_v1_0_1 | Value Range Analysis finished
[INFO] | 2023-07-06 05:56:37 AM | analyzer.Escrow_v1_0_1 | Storage dependency graph compostion started!
[INFO] | 2023-07-06 05:56:37 AM | analyzer.Escrow_v1_0_1 | Storage dependency graph compostion finished!
[INFO] | 2023-07-06 05:56:37 AM | analyzer.Escrow_v1_0_1 | Dependency detection started!
[INFO] | 2023-07-06 05:56:37 AM | analyzer.Escrow_v1_0_1 | Dependency detection finished!
[INFO] | 2023-07-06 05:56:37 AM | analyzer.Escrow_v1_0_1 | Static Analysis took 2.379849 seconds
[INFO] | 2023-07-06 05:56:37 AM | analyzer.Escrow_v1_0_1 | Dependency does not exist
[INFO] | 2023-07-06 05:56:37 AM | analyzer.Escrow_v1_0_1 | Symbolic execution is not needed!
[INFO] | 2023-07-06 05:56:37 AM | analyzer.Escrow_v1_0_1 | Analysis finished!
[INFO] | 2023-07-06 05:56:37 AM | analyzer.Escrow_v1_0_1 | Analysis took 2.379994 seconds
[INFO] | 2023-07-06 05:56:37 AM | analyzer.Escrow_v1_0_1 | Analysis finished at: 2023-07-06 05:56:37 AM
