INFO:Detectors:[93m
ECDSA.recover (/sb/DharmaKeyRegistryV1_1.sol#87-108) is declared view but contains assembly code
Reference: https://github.com/trailofbits/slither/wiki/Detectors-Documentation#constant-functions-changing-the-state[0m
INFO:Detectors:[92m
ECDSA.recover uses assembly (/sb/DharmaKeyRegistryV1_1.sol#87-108)
	- /sb/DharmaKeyRegistryV1_1.sol#101-105
Reference: https://github.com/trailofbits/slither/wiki/Detectors-Documentation#assembly-usage[0m
INFO:Detectors:[92m
Ownable.renounceOwnership (/sb/DharmaKeyRegistryV1_1.sol#40-43) should be declared external
Ownable.transferOwnership (/sb/DharmaKeyRegistryV1_1.sol#49-51) should be declared external
Reference: https://github.com/trailofbits/slither/wiki/Detectors-Documentation#public-function-that-could-be-declared-as-external[0m
INFO:Detectors:[92m
Detected issues with version pragma in /sb/DharmaKeyRegistryV1_1.sol:
	- pragma solidity0.5.11 (/sb/DharmaKeyRegistryV1_1.sol#1): it allows old versions
Reference: https://github.com/trailofbits/slither/wiki/Detectors-Documentation#incorrect-version-of-solidity[0m
INFO:Detectors:[92m
Parameter '_newOwner' of Ownable.transferOwnership (/sb/DharmaKeyRegistryV1_1.sol#49) is not in mixedCase
Function 'Ownable._transferOwnership' (/sb/DharmaKeyRegistryV1_1.sol#57-61) is not in mixedCase
Parameter '_newOwner' of Ownable._transferOwnership (/sb/DharmaKeyRegistryV1_1.sol#57) is not in mixedCase
Reference: https://github.com/trailofbits/slither/wiki/Detectors-Documentation#conformance-to-solidity-naming-conventions[0m
INFO:Slither:/sb/DharmaKeyRegistryV1_1.sol analyzed (3 contracts), 8 result(s) found
