2023-07-03 16:22:25,028: [11] m.main:INFO: Registered plugins: IntrospectionAPIPlugin, <class 'manticore.ethereum.plugins.SkipRevertBasicBlocks'>, <class 'manticore.ethereum.plugins.FilterFunctions'>
2023-07-03 16:22:25,028: [11] m.main:INFO: Beginning analysis
2023-07-03 16:22:25,031: [11] m.e.manticore:INFO: Starting symbolic create contract
2023-07-03 16:22:26,587: [11] m.e.manticore:INFO: Starting symbolic transaction: 0
2023-07-03 16:22:26,728: [11] m.e.manticore:INFO: 0 alive states, 1 terminated states
2023-07-03 16:22:26,787: [11] m.e.manticore:INFO: Starting symbolic transaction: 1
2023-07-03 16:22:27,006: [11] m.c.manticore:INFO: Results in /mcore_1512gel7
2023-07-03 16:22:27,006: [11] m.c.manticore:INFO: Total time: 0.4157063961029053
2023-07-03 16:22:27,654: [70] m.main:INFO: Registered plugins: IntrospectionAPIPlugin, <class 'manticore.ethereum.plugins.SkipRevertBasicBlocks'>, <class 'manticore.ethereum.plugins.FilterFunctions'>
2023-07-03 16:22:27,655: [70] m.main:INFO: Beginning analysis
2023-07-03 16:22:27,657: [70] m.e.manticore:INFO: Starting symbolic create contract
2023-07-03 16:22:29,088: [70] m.e.manticore:INFO: Starting symbolic transaction: 0
2023-07-03 16:22:29,234: [70] m.e.manticore:INFO: 0 alive states, 1 terminated states
2023-07-03 16:22:29,299: [70] m.e.manticore:INFO: Starting symbolic transaction: 1
2023-07-03 16:22:29,558: [70] m.c.manticore:INFO: Results in /mcore_0d5tctdp
2023-07-03 16:22:29,558: [70] m.c.manticore:INFO: Total time: 0.4662642478942871
2023-07-03 16:22:30,293: [129] m.main:INFO: Registered plugins: IntrospectionAPIPlugin, <class 'manticore.ethereum.plugins.SkipRevertBasicBlocks'>, <class 'manticore.ethereum.plugins.FilterFunctions'>
2023-07-03 16:22:30,293: [129] m.main:INFO: Beginning analysis
2023-07-03 16:22:30,295: [129] m.e.manticore:INFO: Starting symbolic create contract
2023-07-03 16:22:32,474: [129] m.e.manticore:INFO: Starting symbolic transaction: 0
2023-07-03 16:22:37,985: [129] m.e.manticore:INFO: 0 alive states, 3 terminated states
2023-07-03 16:22:38,279: [129] m.c.manticore:INFO: Results in /mcore_0bw55zw6
2023-07-03 16:22:38,280: [129] m.c.manticore:INFO: Total time: 5.785804986953735
2023-07-03 16:22:39,001: [200] m.main:INFO: Registered plugins: IntrospectionAPIPlugin, <class 'manticore.ethereum.plugins.SkipRevertBasicBlocks'>, <class 'manticore.ethereum.plugins.FilterFunctions'>
2023-07-03 16:22:39,002: [200] m.main:INFO: Beginning analysis
2023-07-03 16:22:39,004: [200] m.e.manticore:INFO: Starting symbolic create contract
