2023-07-03 16:00:17,355: [11] m.main:INFO: Registered plugins: IntrospectionAPIPlugin, <class 'manticore.ethereum.plugins.SkipRevertBasicBlocks'>, <class 'manticore.ethereum.plugins.FilterFunctions'>
2023-07-03 16:00:17,356: [11] m.main:INFO: Beginning analysis
2023-07-03 16:00:17,359: [11] m.e.manticore:INFO: Starting symbolic create contract
2023-07-03 16:00:18,808: [11] m.e.manticore:INFO: Starting symbolic transaction: 0
2023-07-03 16:00:18,945: [11] m.e.manticore:INFO: 0 alive states, 1 terminated states
2023-07-03 16:00:19,010: [11] m.e.manticore:INFO: Starting symbolic transaction: 1
2023-07-03 16:00:19,262: [11] m.c.manticore:INFO: Results in /mcore_v198k8v6
2023-07-03 16:00:19,262: [11] m.c.manticore:INFO: Total time: 0.4480738639831543
2023-07-03 16:00:19,944: [70] m.main:INFO: Registered plugins: IntrospectionAPIPlugin, <class 'manticore.ethereum.plugins.SkipRevertBasicBlocks'>, <class 'manticore.ethereum.plugins.FilterFunctions'>
2023-07-03 16:00:19,945: [70] m.main:INFO: Beginning analysis
2023-07-03 16:00:19,947: [70] m.e.manticore:INFO: Starting symbolic create contract
2023-07-03 16:00:21,372: [70] m.e.manticore:INFO: Starting symbolic transaction: 0
2023-07-03 16:00:21,522: [70] m.e.manticore:INFO: 0 alive states, 1 terminated states
2023-07-03 16:00:21,581: [70] m.e.manticore:INFO: Starting symbolic transaction: 1
2023-07-03 16:00:21,809: [70] m.c.manticore:INFO: Results in /mcore_4rprbhf9
2023-07-03 16:00:21,809: [70] m.c.manticore:INFO: Total time: 0.4348177909851074
2023-07-03 16:00:22,433: [129] m.main:INFO: Registered plugins: IntrospectionAPIPlugin, <class 'manticore.ethereum.plugins.SkipRevertBasicBlocks'>, <class 'manticore.ethereum.plugins.FilterFunctions'>
2023-07-03 16:00:22,433: [129] m.main:INFO: Beginning analysis
2023-07-03 16:00:22,436: [129] m.e.manticore:INFO: Starting symbolic create contract
2023-07-03 16:00:24,460: [129] m.e.manticore:INFO: Starting symbolic transaction: 0
2023-07-03 16:00:30,041: [129] m.e.manticore:INFO: 0 alive states, 3 terminated states
2023-07-03 16:00:30,378: [129] m.c.manticore:INFO: Results in /mcore_q92m_8_9
2023-07-03 16:00:30,378: [129] m.c.manticore:INFO: Total time: 5.900244474411011
2023-07-03 16:00:31,106: [197] m.main:INFO: Registered plugins: IntrospectionAPIPlugin, <class 'manticore.ethereum.plugins.SkipRevertBasicBlocks'>, <class 'manticore.ethereum.plugins.FilterFunctions'>
2023-07-03 16:00:31,107: [197] m.main:INFO: Beginning analysis
2023-07-03 16:00:31,115: [197] m.e.manticore:INFO: Starting symbolic create contract
