2023-07-03 15:49:26,171: [11] m.main:INFO: Registered plugins: IntrospectionAPIPlugin, <class 'manticore.ethereum.plugins.SkipRevertBasicBlocks'>, <class 'manticore.ethereum.plugins.FilterFunctions'>
2023-07-03 15:49:26,171: [11] m.main:INFO: Beginning analysis
2023-07-03 15:49:26,175: [11] m.e.manticore:INFO: Starting symbolic create contract
2023-07-03 15:49:29,724: [11] m.e.manticore:INFO: Starting symbolic transaction: 0
2023-07-03 15:49:29,893: [11] m.e.manticore:INFO: 0 alive states, 1 terminated states
2023-07-03 15:49:29,960: [11] m.e.manticore:INFO: Starting symbolic transaction: 1
2023-07-03 15:49:30,139: [11] m.c.manticore:INFO: Results in /mcore_wottrwml
2023-07-03 15:49:30,140: [11] m.c.manticore:INFO: Total time: 0.40789151191711426
2023-07-03 15:49:30,889: [70] m.main:INFO: Registered plugins: IntrospectionAPIPlugin, <class 'manticore.ethereum.plugins.SkipRevertBasicBlocks'>, <class 'manticore.ethereum.plugins.FilterFunctions'>
2023-07-03 15:49:30,890: [70] m.main:INFO: Beginning analysis
2023-07-03 15:49:30,892: [70] m.e.manticore:INFO: Starting symbolic create contract
2023-07-03 15:49:34,240: [70] m.e.manticore:INFO: Starting symbolic transaction: 0
2023-07-03 15:49:34,390: [70] m.e.manticore:INFO: 0 alive states, 1 terminated states
2023-07-03 15:49:34,451: [70] m.e.manticore:INFO: Starting symbolic transaction: 1
2023-07-03 15:49:34,655: [70] m.c.manticore:INFO: Results in /mcore_3ea9ne4z
2023-07-03 15:49:34,656: [70] m.c.manticore:INFO: Total time: 0.4120290279388428
2023-07-03 15:49:35,408: [129] m.main:INFO: Registered plugins: IntrospectionAPIPlugin, <class 'manticore.ethereum.plugins.SkipRevertBasicBlocks'>, <class 'manticore.ethereum.plugins.FilterFunctions'>
2023-07-03 15:49:35,408: [129] m.main:INFO: Beginning analysis
2023-07-03 15:49:35,410: [129] m.e.manticore:INFO: Starting symbolic create contract
2023-07-03 15:49:56,010: [129] m.e.manticore:INFO: Starting symbolic transaction: 0
