INFO:Slither:Compilation warnings/errors on /sb/MasterChef_1.sol:
Warning: SPDX license identifier not provided in source file. Before publishing, consider adding a comment containing "SPDX-License-Identifier: <SPDX-License>" to each source file. Use "SPDX-License-Identifier: UNLICENSED" for non-open-source code. Please see https://spdx.org for more information.
--> /sb/MasterChef_1.sol

[91mError: No visibility specified. Did you intend to add "public"?[0m
   --> /sb/MasterChef_1.sol:702:5:
    |
702 |     constructor() {
    |     ^ (Relevant source part starts here and spans across multiple lines).

[91mError: No visibility specified. Did you intend to add "public"?[0m
   --> /sb/MasterChef_1.sol:783:5:
    |
783 |     constructor () {
    |     ^ (Relevant source part starts here and spans across multiple lines).

Warning: Documentation tag on non-public state variables will be disallowed in 0.7.0. You will need to use the @dev tag explicitly.
    --> /sb/MasterChef_1.sol:1150:5:
     |
1150 |     /// @notice A record of each accounts delegate
     |     ^^^^^^^^^^^^^^^^^^^^^^^^^^^^^^^^^^^^^^^^^^^^^^


INFO:SlitherSolcParsing:No contract were found in /sb/MasterChef_1.sol, check the correct compilation
WARNING:Slither:[91mNo contract was analyzed[0m
INFO:Slither:/sb/MasterChef_1.sol analyzed (0 contracts), 0 result(s) found
