2023-07-03 16:37:45,445: [11] m.main:INFO: Registered plugins: IntrospectionAPIPlugin, <class 'manticore.ethereum.plugins.SkipRevertBasicBlocks'>, <class 'manticore.ethereum.plugins.FilterFunctions'>
2023-07-03 16:37:45,445: [11] m.main:INFO: Beginning analysis
2023-07-03 16:37:45,449: [11] m.e.manticore:INFO: Starting symbolic create contract
2023-07-03 16:37:46,783: [11] m.e.manticore:INFO: Starting symbolic transaction: 0
2023-07-03 16:37:46,930: [11] m.e.manticore:INFO: 0 alive states, 1 terminated states
2023-07-03 16:37:46,998: [11] m.e.manticore:INFO: Starting symbolic transaction: 1
2023-07-03 16:37:47,286: [11] m.c.manticore:INFO: Results in /mcore_fi0l5nxc
2023-07-03 16:37:47,286: [11] m.c.manticore:INFO: Total time: 0.4995706081390381
2023-07-03 16:37:48,096: [70] m.main:INFO: Registered plugins: IntrospectionAPIPlugin, <class 'manticore.ethereum.plugins.SkipRevertBasicBlocks'>, <class 'manticore.ethereum.plugins.FilterFunctions'>
2023-07-03 16:37:48,097: [70] m.main:INFO: Beginning analysis
2023-07-03 16:37:48,100: [70] m.e.manticore:INFO: Starting symbolic create contract
2023-07-03 16:37:49,746: [70] m.e.manticore:INFO: Starting symbolic transaction: 0
2023-07-03 16:37:49,925: [70] m.e.manticore:INFO: 0 alive states, 1 terminated states
2023-07-03 16:37:49,968: [70] m.e.manticore:INFO: Starting symbolic transaction: 1
2023-07-03 16:37:50,185: [70] m.c.manticore:INFO: Results in /mcore_u_2j7wu4
2023-07-03 16:37:50,185: [70] m.c.manticore:INFO: Total time: 0.43613362312316895
2023-07-03 16:37:50,831: [129] m.main:INFO: Registered plugins: IntrospectionAPIPlugin, <class 'manticore.ethereum.plugins.SkipRevertBasicBlocks'>, <class 'manticore.ethereum.plugins.FilterFunctions'>
2023-07-03 16:37:50,831: [129] m.main:INFO: Beginning analysis
2023-07-03 16:37:50,833: [129] m.e.manticore:INFO: Starting symbolic create contract
2023-07-03 16:37:53,012: [129] m.e.manticore:INFO: Starting symbolic transaction: 0
2023-07-03 16:37:58,374: [129] m.e.manticore:INFO: 0 alive states, 3 terminated states
2023-07-03 16:37:58,729: [129] m.c.manticore:INFO: Results in /mcore_gx_27trg
2023-07-03 16:37:58,729: [129] m.c.manticore:INFO: Total time: 5.700225353240967
2023-07-03 16:37:59,381: [197] m.main:INFO: Registered plugins: IntrospectionAPIPlugin, <class 'manticore.ethereum.plugins.SkipRevertBasicBlocks'>, <class 'manticore.ethereum.plugins.FilterFunctions'>
2023-07-03 16:37:59,381: [197] m.main:INFO: Beginning analysis
2023-07-03 16:37:59,384: [197] m.e.manticore:INFO: Starting symbolic create contract
