2023-07-03 15:49:19,061: [11] m.main:INFO: Registered plugins: IntrospectionAPIPlugin, <class 'manticore.ethereum.plugins.SkipRevertBasicBlocks'>, <class 'manticore.ethereum.plugins.FilterFunctions'>
2023-07-03 15:49:19,061: [11] m.main:INFO: Beginning analysis
2023-07-03 15:49:19,063: [11] m.e.manticore:INFO: Starting symbolic create contract
2023-07-03 15:49:20,402: [11] m.e.manticore:INFO: Starting symbolic transaction: 0
2023-07-03 15:49:20,535: [11] m.e.manticore:INFO: 0 alive states, 1 terminated states
2023-07-03 15:49:20,584: [11] m.e.manticore:INFO: Starting symbolic transaction: 1
2023-07-03 15:49:20,841: [11] m.c.manticore:INFO: Results in /mcore_7own4m3y
2023-07-03 15:49:20,841: [11] m.c.manticore:INFO: Total time: 0.4356546401977539
2023-07-03 15:49:21,602: [70] m.main:INFO: Registered plugins: IntrospectionAPIPlugin, <class 'manticore.ethereum.plugins.SkipRevertBasicBlocks'>, <class 'manticore.ethereum.plugins.FilterFunctions'>
2023-07-03 15:49:21,603: [70] m.main:INFO: Beginning analysis
2023-07-03 15:49:21,606: [70] m.e.manticore:INFO: Starting symbolic create contract
2023-07-03 15:49:23,124: [70] m.e.manticore:INFO: Starting symbolic transaction: 0
2023-07-03 15:49:23,309: [70] m.e.manticore:INFO: 0 alive states, 1 terminated states
2023-07-03 15:49:23,370: [70] m.e.manticore:INFO: Starting symbolic transaction: 1
2023-07-03 15:49:23,635: [70] m.c.manticore:INFO: Results in /mcore_dfgo52sf
2023-07-03 15:49:23,636: [70] m.c.manticore:INFO: Total time: 0.5014736652374268
2023-07-03 15:49:24,338: [129] m.main:INFO: Registered plugins: IntrospectionAPIPlugin, <class 'manticore.ethereum.plugins.SkipRevertBasicBlocks'>, <class 'manticore.ethereum.plugins.FilterFunctions'>
2023-07-03 15:49:24,339: [129] m.main:INFO: Beginning analysis
2023-07-03 15:49:24,341: [129] m.e.manticore:INFO: Starting symbolic create contract
2023-07-03 15:49:26,381: [129] m.e.manticore:INFO: Starting symbolic transaction: 0
2023-07-03 15:49:31,413: [129] m.e.manticore:INFO: 0 alive states, 3 terminated states
2023-07-03 15:49:31,777: [129] m.c.manticore:INFO: Results in /mcore_g44agbmc
2023-07-03 15:49:31,777: [129] m.c.manticore:INFO: Total time: 5.376729726791382
2023-07-03 15:49:32,565: [197] m.main:INFO: Registered plugins: IntrospectionAPIPlugin, <class 'manticore.ethereum.plugins.SkipRevertBasicBlocks'>, <class 'manticore.ethereum.plugins.FilterFunctions'>
2023-07-03 15:49:32,566: [197] m.main:INFO: Beginning analysis
2023-07-03 15:49:32,571: [197] m.e.manticore:INFO: Starting symbolic create contract
