2023-07-03 15:54:36,851: [11] m.main:INFO: Registered plugins: IntrospectionAPIPlugin, <class 'manticore.ethereum.plugins.SkipRevertBasicBlocks'>, <class 'manticore.ethereum.plugins.FilterFunctions'>
2023-07-03 15:54:36,851: [11] m.main:INFO: Beginning analysis
2023-07-03 15:54:36,854: [11] m.e.manticore:INFO: Starting symbolic create contract
2023-07-03 15:54:36,900: [11] m.e.manticore:INFO: Failed to build contract /sb/ERC20_3.sol:721:11: Errors : Invalid solc compilation Warning: SPDX license identifier not provided in source file. Before publishing, consider adding a comment containing "SPDX-License-Identifier: <SPDX-License>" to each source file. Use "SPDX-License-Identifier: UNLICENSED" for non-open-source code. Please see https://spdx.org for more information.
--> sb/ERC20_3.sol

Error: Identifier not found or not unique.
   --> sb/ERC20_3.sol:721:11:
    |
721 |     using Address for address;
    |           ^^^^^^^


. Solidity failed to generate bytecode for your contract. Check if all the abstract functions are implemented. 
Process Process-1:
Traceback (most recent call last):
  File "/usr/lib/python3.7/multiprocessing/process.py", line 297, in _bootstrap
    self.run()
  File "/usr/lib/python3.7/multiprocessing/process.py", line 99, in run
    self._target(*self._args, **self._kwargs)
  File "/usr/local/lib/python3.7/dist-packages/manticore/ethereum/manticore.py", line 1766, in worker_finalize
    finalizer(q.get_nowait())
  File "/usr/local/lib/python3.7/dist-packages/manticore/ethereum/manticore.py", line 1757, in finalizer
    if only_alive_states and last_tx.result in {"REVERT", "THROW", "TXERROR"}:
AttributeError: 'NoneType' object has no attribute 'result'
2023-07-03 15:54:36,989: [11] m.c.manticore:INFO: Results in /mcore_hygavo54
2023-07-03 15:54:36,989: [11] m.c.manticore:WARNING: Manticore failed to run
2023-07-03 15:54:37,600: [36] m.main:INFO: Registered plugins: IntrospectionAPIPlugin, <class 'manticore.ethereum.plugins.SkipRevertBasicBlocks'>, <class 'manticore.ethereum.plugins.FilterFunctions'>
2023-07-03 15:54:37,600: [36] m.main:INFO: Beginning analysis
2023-07-03 15:54:37,604: [36] m.e.manticore:INFO: Starting symbolic create contract
2023-07-03 15:54:37,631: [36] m.e.manticore:INFO: Failed to build contract DeclarationError: Errors : Invalid solc compilation Warning: SPDX license identifier not provided in source file. Before publishing, consider adding a comment containing "SPDX-License-Identifier: <SPDX-License>" to each source file. Use "SPDX-License-Identifier: UNLICENSED" for non-open-source code. Please see https://spdx.org for more information.
--> sb/ERC20_3.sol

Error: Identifier not found or not unique.
   --> sb/ERC20_3.sol:721:11:
    |
721 |     using Address for address;
    |           ^^^^^^^


. Solidity failed to generate bytecode for your contract. Check if all the abstract functions are implemented. 
Process Process-1:
Traceback (most recent call last):
  File "/usr/lib/python3.7/multiprocessing/process.py", line 297, in _bootstrap
    self.run()
  File "/usr/lib/python3.7/multiprocessing/process.py", line 99, in run
    self._target(*self._args, **self._kwargs)
  File "/usr/local/lib/python3.7/dist-packages/manticore/ethereum/manticore.py", line 1766, in worker_finalize
    finalizer(q.get_nowait())
  File "/usr/local/lib/python3.7/dist-packages/manticore/ethereum/manticore.py", line 1757, in finalizer
    if only_alive_states and last_tx.result in {"REVERT", "THROW", "TXERROR"}:
AttributeError: 'NoneType' object has no attribute 'result'
2023-07-03 15:54:37,699: [36] m.c.manticore:INFO: Results in /mcore_4trfczke
2023-07-03 15:54:37,699: [36] m.c.manticore:WARNING: Manticore failed to run
2023-07-03 15:54:38,319: [61] m.main:INFO: Registered plugins: IntrospectionAPIPlugin, <class 'manticore.ethereum.plugins.SkipRevertBasicBlocks'>, <class 'manticore.ethereum.plugins.FilterFunctions'>
2023-07-03 15:54:38,319: [61] m.main:INFO: Beginning analysis
2023-07-03 15:54:38,324: [61] m.e.manticore:INFO: Starting symbolic create contract
2023-07-03 15:54:38,362: [61] m.e.manticore:INFO: Failed to build contract Identifier Errors : Invalid solc compilation Warning: SPDX license identifier not provided in source file. Before publishing, consider adding a comment containing "SPDX-License-Identifier: <SPDX-License>" to each source file. Use "SPDX-License-Identifier: UNLICENSED" for non-open-source code. Please see https://spdx.org for more information.
--> sb/ERC20_3.sol

Error: Identifier not found or not unique.
   --> sb/ERC20_3.sol:721:11:
    |
721 |     using Address for address;
    |           ^^^^^^^


. Solidity failed to generate bytecode for your contract. Check if all the abstract functions are implemented. 
Process Process-1:
Traceback (most recent call last):
  File "/usr/lib/python3.7/multiprocessing/process.py", line 297, in _bootstrap
    self.run()
  File "/usr/lib/python3.7/multiprocessing/process.py", line 99, in run
    self._target(*self._args, **self._kwargs)
  File "/usr/local/lib/python3.7/dist-packages/manticore/ethereum/manticore.py", line 1766, in worker_finalize
    finalizer(q.get_nowait())
  File "/usr/local/lib/python3.7/dist-packages/manticore/ethereum/manticore.py", line 1757, in finalizer
    if only_alive_states and last_tx.result in {"REVERT", "THROW", "TXERROR"}:
AttributeError: 'NoneType' object has no attribute 'result'
2023-07-03 15:54:38,439: [61] m.c.manticore:INFO: Results in /mcore_2tce7qxm
2023-07-03 15:54:38,439: [61] m.c.manticore:WARNING: Manticore failed to run
2023-07-03 15:54:39,284: [86] m.main:INFO: Registered plugins: IntrospectionAPIPlugin, <class 'manticore.ethereum.plugins.SkipRevertBasicBlocks'>, <class 'manticore.ethereum.plugins.FilterFunctions'>
2023-07-03 15:54:39,284: [86] m.main:INFO: Beginning analysis
2023-07-03 15:54:39,292: [86] m.e.manticore:INFO: Starting symbolic create contract
2023-07-03 15:54:39,322: [86] m.e.manticore:INFO: Failed to build contract not Errors : Invalid solc compilation Warning: SPDX license identifier not provided in source file. Before publishing, consider adding a comment containing "SPDX-License-Identifier: <SPDX-License>" to each source file. Use "SPDX-License-Identifier: UNLICENSED" for non-open-source code. Please see https://spdx.org for more information.
--> sb/ERC20_3.sol

Error: Identifier not found or not unique.
   --> sb/ERC20_3.sol:721:11:
    |
721 |     using Address for address;
    |           ^^^^^^^


. Solidity failed to generate bytecode for your contract. Check if all the abstract functions are implemented. 
Process Process-1:
Traceback (most recent call last):
  File "/usr/lib/python3.7/multiprocessing/process.py", line 297, in _bootstrap
    self.run()
  File "/usr/lib/python3.7/multiprocessing/process.py", line 99, in run
    self._target(*self._args, **self._kwargs)
  File "/usr/local/lib/python3.7/dist-packages/manticore/ethereum/manticore.py", line 1766, in worker_finalize
    finalizer(q.get_nowait())
  File "/usr/local/lib/python3.7/dist-packages/manticore/ethereum/manticore.py", line 1757, in finalizer
    if only_alive_states and last_tx.result in {"REVERT", "THROW", "TXERROR"}:
AttributeError: 'NoneType' object has no attribute 'result'
2023-07-03 15:54:39,384: [86] m.c.manticore:INFO: Results in /mcore_oneen9ls
2023-07-03 15:54:39,385: [86] m.c.manticore:WARNING: Manticore failed to run
2023-07-03 15:54:40,108: [111] m.main:INFO: Registered plugins: IntrospectionAPIPlugin, <class 'manticore.ethereum.plugins.SkipRevertBasicBlocks'>, <class 'manticore.ethereum.plugins.FilterFunctions'>
2023-07-03 15:54:40,108: [111] m.main:INFO: Beginning analysis
2023-07-03 15:54:40,110: [111] m.e.manticore:INFO: Starting symbolic create contract
2023-07-03 15:54:40,134: [111] m.e.manticore:INFO: Failed to build contract found Errors : Invalid solc compilation Warning: SPDX license identifier not provided in source file. Before publishing, consider adding a comment containing "SPDX-License-Identifier: <SPDX-License>" to each source file. Use "SPDX-License-Identifier: UNLICENSED" for non-open-source code. Please see https://spdx.org for more information.
--> sb/ERC20_3.sol

Error: Identifier not found or not unique.
   --> sb/ERC20_3.sol:721:11:
    |
721 |     using Address for address;
    |           ^^^^^^^


. Solidity failed to generate bytecode for your contract. Check if all the abstract functions are implemented. 
Process Process-1:
Traceback (most recent call last):
  File "/usr/lib/python3.7/multiprocessing/process.py", line 297, in _bootstrap
    self.run()
  File "/usr/lib/python3.7/multiprocessing/process.py", line 99, in run
    self._target(*self._args, **self._kwargs)
  File "/usr/local/lib/python3.7/dist-packages/manticore/ethereum/manticore.py", line 1766, in worker_finalize
    finalizer(q.get_nowait())
  File "/usr/local/lib/python3.7/dist-packages/manticore/ethereum/manticore.py", line 1757, in finalizer
    if only_alive_states and last_tx.result in {"REVERT", "THROW", "TXERROR"}:
AttributeError: 'NoneType' object has no attribute 'result'
2023-07-03 15:54:40,202: [111] m.c.manticore:INFO: Results in /mcore_g_ttaxbp
2023-07-03 15:54:40,202: [111] m.c.manticore:WARNING: Manticore failed to run
2023-07-03 15:54:40,901: [136] m.main:INFO: Registered plugins: IntrospectionAPIPlugin, <class 'manticore.ethereum.plugins.SkipRevertBasicBlocks'>, <class 'manticore.ethereum.plugins.FilterFunctions'>
2023-07-03 15:54:40,901: [136] m.main:INFO: Beginning analysis
2023-07-03 15:54:40,903: [136] m.e.manticore:INFO: Starting symbolic create contract
2023-07-03 15:54:40,945: [136] m.e.manticore:INFO: Failed to build contract or Errors : Invalid solc compilation Warning: SPDX license identifier not provided in source file. Before publishing, consider adding a comment containing "SPDX-License-Identifier: <SPDX-License>" to each source file. Use "SPDX-License-Identifier: UNLICENSED" for non-open-source code. Please see https://spdx.org for more information.
--> sb/ERC20_3.sol

Error: Identifier not found or not unique.
   --> sb/ERC20_3.sol:721:11:
    |
721 |     using Address for address;
    |           ^^^^^^^


. Solidity failed to generate bytecode for your contract. Check if all the abstract functions are implemented. 
Process Process-1:
Traceback (most recent call last):
  File "/usr/lib/python3.7/multiprocessing/process.py", line 297, in _bootstrap
    self.run()
  File "/usr/lib/python3.7/multiprocessing/process.py", line 99, in run
    self._target(*self._args, **self._kwargs)
  File "/usr/local/lib/python3.7/dist-packages/manticore/ethereum/manticore.py", line 1766, in worker_finalize
    finalizer(q.get_nowait())
  File "/usr/local/lib/python3.7/dist-packages/manticore/ethereum/manticore.py", line 1757, in finalizer
    if only_alive_states and last_tx.result in {"REVERT", "THROW", "TXERROR"}:
AttributeError: 'NoneType' object has no attribute 'result'
2023-07-03 15:54:41,008: [136] m.c.manticore:INFO: Results in /mcore_mwpxm72y
2023-07-03 15:54:41,008: [136] m.c.manticore:WARNING: Manticore failed to run
2023-07-03 15:54:41,741: [161] m.main:INFO: Registered plugins: IntrospectionAPIPlugin, <class 'manticore.ethereum.plugins.SkipRevertBasicBlocks'>, <class 'manticore.ethereum.plugins.FilterFunctions'>
2023-07-03 15:54:41,742: [161] m.main:INFO: Beginning analysis
2023-07-03 15:54:41,744: [161] m.e.manticore:INFO: Starting symbolic create contract
2023-07-03 15:54:41,770: [161] m.e.manticore:INFO: Failed to build contract not Errors : Invalid solc compilation Warning: SPDX license identifier not provided in source file. Before publishing, consider adding a comment containing "SPDX-License-Identifier: <SPDX-License>" to each source file. Use "SPDX-License-Identifier: UNLICENSED" for non-open-source code. Please see https://spdx.org for more information.
--> sb/ERC20_3.sol

Error: Identifier not found or not unique.
   --> sb/ERC20_3.sol:721:11:
    |
721 |     using Address for address;
    |           ^^^^^^^


. Solidity failed to generate bytecode for your contract. Check if all the abstract functions are implemented. 
Process Process-1:
Traceback (most recent call last):
  File "/usr/lib/python3.7/multiprocessing/process.py", line 297, in _bootstrap
    self.run()
  File "/usr/lib/python3.7/multiprocessing/process.py", line 99, in run
    self._target(*self._args, **self._kwargs)
  File "/usr/local/lib/python3.7/dist-packages/manticore/ethereum/manticore.py", line 1766, in worker_finalize
    finalizer(q.get_nowait())
  File "/usr/local/lib/python3.7/dist-packages/manticore/ethereum/manticore.py", line 1757, in finalizer
    if only_alive_states and last_tx.result in {"REVERT", "THROW", "TXERROR"}:
AttributeError: 'NoneType' object has no attribute 'result'
2023-07-03 15:54:41,836: [161] m.c.manticore:INFO: Results in /mcore_7i8dd2x_
2023-07-03 15:54:41,837: [161] m.c.manticore:WARNING: Manticore failed to run
2023-07-03 15:54:42,667: [186] m.main:INFO: Registered plugins: IntrospectionAPIPlugin, <class 'manticore.ethereum.plugins.SkipRevertBasicBlocks'>, <class 'manticore.ethereum.plugins.FilterFunctions'>
2023-07-03 15:54:42,667: [186] m.main:INFO: Beginning analysis
2023-07-03 15:54:42,672: [186] m.e.manticore:INFO: Starting symbolic create contract
2023-07-03 15:54:42,712: [186] m.e.manticore:INFO: Failed to build contract unique. Errors : Invalid solc compilation Warning: SPDX license identifier not provided in source file. Before publishing, consider adding a comment containing "SPDX-License-Identifier: <SPDX-License>" to each source file. Use "SPDX-License-Identifier: UNLICENSED" for non-open-source code. Please see https://spdx.org for more information.
--> sb/ERC20_3.sol

Error: Identifier not found or not unique.
   --> sb/ERC20_3.sol:721:11:
    |
721 |     using Address for address;
    |           ^^^^^^^


. Solidity failed to generate bytecode for your contract. Check if all the abstract functions are implemented. 
Process Process-1:
Traceback (most recent call last):
  File "/usr/lib/python3.7/multiprocessing/process.py", line 297, in _bootstrap
    self.run()
  File "/usr/lib/python3.7/multiprocessing/process.py", line 99, in run
    self._target(*self._args, **self._kwargs)
  File "/usr/local/lib/python3.7/dist-packages/manticore/ethereum/manticore.py", line 1766, in worker_finalize
    finalizer(q.get_nowait())
  File "/usr/local/lib/python3.7/dist-packages/manticore/ethereum/manticore.py", line 1757, in finalizer
    if only_alive_states and last_tx.result in {"REVERT", "THROW", "TXERROR"}:
AttributeError: 'NoneType' object has no attribute 'result'
2023-07-03 15:54:42,806: [186] m.c.manticore:INFO: Results in /mcore_trb34hfb
2023-07-03 15:54:42,806: [186] m.c.manticore:WARNING: Manticore failed to run
2023-07-03 15:54:43,472: [211] m.main:INFO: Registered plugins: IntrospectionAPIPlugin, <class 'manticore.ethereum.plugins.SkipRevertBasicBlocks'>, <class 'manticore.ethereum.plugins.FilterFunctions'>
2023-07-03 15:54:43,472: [211] m.main:INFO: Beginning analysis
2023-07-03 15:54:43,475: [211] m.e.manticore:INFO: Starting symbolic create contract
2023-07-03 15:54:43,502: [211] m.e.manticore:INFO: Failed to build contract using Errors : Invalid solc compilation Warning: SPDX license identifier not provided in source file. Before publishing, consider adding a comment containing "SPDX-License-Identifier: <SPDX-License>" to each source file. Use "SPDX-License-Identifier: UNLICENSED" for non-open-source code. Please see https://spdx.org for more information.
--> sb/ERC20_3.sol

Error: Identifier not found or not unique.
   --> sb/ERC20_3.sol:721:11:
    |
721 |     using Address for address;
    |           ^^^^^^^


. Solidity failed to generate bytecode for your contract. Check if all the abstract functions are implemented. 
Process Process-1:
Traceback (most recent call last):
  File "/usr/lib/python3.7/multiprocessing/process.py", line 297, in _bootstrap
    self.run()
  File "/usr/lib/python3.7/multiprocessing/process.py", line 99, in run
    self._target(*self._args, **self._kwargs)
  File "/usr/local/lib/python3.7/dist-packages/manticore/ethereum/manticore.py", line 1766, in worker_finalize
    finalizer(q.get_nowait())
  File "/usr/local/lib/python3.7/dist-packages/manticore/ethereum/manticore.py", line 1757, in finalizer
    if only_alive_states and last_tx.result in {"REVERT", "THROW", "TXERROR"}:
AttributeError: 'NoneType' object has no attribute 'result'
2023-07-03 15:54:43,569: [211] m.c.manticore:INFO: Results in /mcore_ogz7ry27
2023-07-03 15:54:43,570: [211] m.c.manticore:WARNING: Manticore failed to run
2023-07-03 15:54:44,420: [236] m.main:INFO: Registered plugins: IntrospectionAPIPlugin, <class 'manticore.ethereum.plugins.SkipRevertBasicBlocks'>, <class 'manticore.ethereum.plugins.FilterFunctions'>
2023-07-03 15:54:44,420: [236] m.main:INFO: Beginning analysis
2023-07-03 15:54:44,422: [236] m.e.manticore:INFO: Starting symbolic create contract
2023-07-03 15:54:44,448: [236] m.e.manticore:INFO: Failed to build contract Address Errors : Invalid solc compilation Warning: SPDX license identifier not provided in source file. Before publishing, consider adding a comment containing "SPDX-License-Identifier: <SPDX-License>" to each source file. Use "SPDX-License-Identifier: UNLICENSED" for non-open-source code. Please see https://spdx.org for more information.
--> sb/ERC20_3.sol

Error: Identifier not found or not unique.
   --> sb/ERC20_3.sol:721:11:
    |
721 |     using Address for address;
    |           ^^^^^^^


. Solidity failed to generate bytecode for your contract. Check if all the abstract functions are implemented. 
Process Process-1:
Traceback (most recent call last):
  File "/usr/lib/python3.7/multiprocessing/process.py", line 297, in _bootstrap
    self.run()
  File "/usr/lib/python3.7/multiprocessing/process.py", line 99, in run
    self._target(*self._args, **self._kwargs)
  File "/usr/local/lib/python3.7/dist-packages/manticore/ethereum/manticore.py", line 1766, in worker_finalize
    finalizer(q.get_nowait())
  File "/usr/local/lib/python3.7/dist-packages/manticore/ethereum/manticore.py", line 1757, in finalizer
    if only_alive_states and last_tx.result in {"REVERT", "THROW", "TXERROR"}:
AttributeError: 'NoneType' object has no attribute 'result'
2023-07-03 15:54:44,521: [236] m.c.manticore:INFO: Results in /mcore_3wk3xcxz
2023-07-03 15:54:44,521: [236] m.c.manticore:WARNING: Manticore failed to run
2023-07-03 15:54:45,177: [261] m.main:INFO: Registered plugins: IntrospectionAPIPlugin, <class 'manticore.ethereum.plugins.SkipRevertBasicBlocks'>, <class 'manticore.ethereum.plugins.FilterFunctions'>
2023-07-03 15:54:45,177: [261] m.main:INFO: Beginning analysis
2023-07-03 15:54:45,179: [261] m.e.manticore:INFO: Starting symbolic create contract
2023-07-03 15:54:45,221: [261] m.e.manticore:INFO: Failed to build contract for Errors : Invalid solc compilation Warning: SPDX license identifier not provided in source file. Before publishing, consider adding a comment containing "SPDX-License-Identifier: <SPDX-License>" to each source file. Use "SPDX-License-Identifier: UNLICENSED" for non-open-source code. Please see https://spdx.org for more information.
--> sb/ERC20_3.sol

Error: Identifier not found or not unique.
   --> sb/ERC20_3.sol:721:11:
    |
721 |     using Address for address;
    |           ^^^^^^^


. Solidity failed to generate bytecode for your contract. Check if all the abstract functions are implemented. 
Process Process-1:
Traceback (most recent call last):
  File "/usr/lib/python3.7/multiprocessing/process.py", line 297, in _bootstrap
    self.run()
  File "/usr/lib/python3.7/multiprocessing/process.py", line 99, in run
    self._target(*self._args, **self._kwargs)
  File "/usr/local/lib/python3.7/dist-packages/manticore/ethereum/manticore.py", line 1766, in worker_finalize
    finalizer(q.get_nowait())
  File "/usr/local/lib/python3.7/dist-packages/manticore/ethereum/manticore.py", line 1757, in finalizer
    if only_alive_states and last_tx.result in {"REVERT", "THROW", "TXERROR"}:
AttributeError: 'NoneType' object has no attribute 'result'
2023-07-03 15:54:45,297: [261] m.c.manticore:INFO: Results in /mcore_1kbt49s6
2023-07-03 15:54:45,298: [261] m.c.manticore:WARNING: Manticore failed to run
2023-07-03 15:54:46,057: [286] m.main:INFO: Registered plugins: IntrospectionAPIPlugin, <class 'manticore.ethereum.plugins.SkipRevertBasicBlocks'>, <class 'manticore.ethereum.plugins.FilterFunctions'>
2023-07-03 15:54:46,057: [286] m.main:INFO: Beginning analysis
2023-07-03 15:54:46,061: [286] m.e.manticore:INFO: Starting symbolic create contract
2023-07-03 15:54:46,105: [286] m.e.manticore:INFO: Failed to build contract address; Errors : Invalid solc compilation Warning: SPDX license identifier not provided in source file. Before publishing, consider adding a comment containing "SPDX-License-Identifier: <SPDX-License>" to each source file. Use "SPDX-License-Identifier: UNLICENSED" for non-open-source code. Please see https://spdx.org for more information.
--> sb/ERC20_3.sol

Error: Identifier not found or not unique.
   --> sb/ERC20_3.sol:721:11:
    |
721 |     using Address for address;
    |           ^^^^^^^


. Solidity failed to generate bytecode for your contract. Check if all the abstract functions are implemented. 
Process Process-2:
Traceback (most recent call last):
  File "/usr/lib/python3.7/multiprocessing/process.py", line 297, in _bootstrap
    self.run()
  File "/usr/lib/python3.7/multiprocessing/process.py", line 99, in run
    self._target(*self._args, **self._kwargs)
  File "/usr/local/lib/python3.7/dist-packages/manticore/ethereum/manticore.py", line 1766, in worker_finalize
    finalizer(q.get_nowait())
  File "/usr/local/lib/python3.7/dist-packages/manticore/ethereum/manticore.py", line 1757, in finalizer
    if only_alive_states and last_tx.result in {"REVERT", "THROW", "TXERROR"}:
AttributeError: 'NoneType' object has no attribute 'result'
2023-07-03 15:54:46,176: [286] m.c.manticore:INFO: Results in /mcore_f24l2e_f
2023-07-03 15:54:46,177: [286] m.c.manticore:WARNING: Manticore failed to run
2023-07-03 15:54:46,858: [311] m.main:INFO: Registered plugins: IntrospectionAPIPlugin, <class 'manticore.ethereum.plugins.SkipRevertBasicBlocks'>, <class 'manticore.ethereum.plugins.FilterFunctions'>
2023-07-03 15:54:46,859: [311] m.main:INFO: Beginning analysis
2023-07-03 15:54:46,863: [311] m.e.manticore:INFO: Starting symbolic create contract
2023-07-03 15:54:46,913: [311] m.e.manticore:INFO: Failed to build contract ^-----^ Errors : Invalid solc compilation Warning: SPDX license identifier not provided in source file. Before publishing, consider adding a comment containing "SPDX-License-Identifier: <SPDX-License>" to each source file. Use "SPDX-License-Identifier: UNLICENSED" for non-open-source code. Please see https://spdx.org for more information.
--> sb/ERC20_3.sol

Error: Identifier not found or not unique.
   --> sb/ERC20_3.sol:721:11:
    |
721 |     using Address for address;
    |           ^^^^^^^


. Solidity failed to generate bytecode for your contract. Check if all the abstract functions are implemented. 
Process Process-1:
Traceback (most recent call last):
  File "/usr/lib/python3.7/multiprocessing/process.py", line 297, in _bootstrap
    self.run()
  File "/usr/lib/python3.7/multiprocessing/process.py", line 99, in run
    self._target(*self._args, **self._kwargs)
  File "/usr/local/lib/python3.7/dist-packages/manticore/ethereum/manticore.py", line 1766, in worker_finalize
    finalizer(q.get_nowait())
  File "/usr/local/lib/python3.7/dist-packages/manticore/ethereum/manticore.py", line 1757, in finalizer
    if only_alive_states and last_tx.result in {"REVERT", "THROW", "TXERROR"}:
AttributeError: 'NoneType' object has no attribute 'result'
2023-07-03 15:54:46,992: [311] m.c.manticore:INFO: Results in /mcore_opptp5sp
2023-07-03 15:54:46,992: [311] m.c.manticore:WARNING: Manticore failed to run
